<?xml version="1.0" encoding="UTF-8"?>
<robot generator="Robot 7.1 (Python 3.12.5 on win32)" generated="2024-12-18T15:58:36.369070" rpa="false" schemaversion="5">
<suite id="s1" name="test detailProject Aktif" source="C:\Users\admin\Documents\Automation\robotFramework\testSuite\Tim OP\test_detailProject_Aktif.robot">
<test id="s1-t1" name="Tim OP can Changes Data Estimasi Tanggal Berakhir Project" line="10">
<kw name="Begin Web Test" owner="web_eProc" type="SETUP">
<kw name="Open Browser" owner="SeleniumLibrary">
<msg time="2024-12-18T15:58:38.157168" level="INFO">Opening browser 'chrome' to base url 'about:blank'.</msg>
<arg>about:blank</arg>
<arg>${BROWSER}</arg>
<doc>Opens a new browser instance to the optional ``url``.</doc>
<status status="PASS" start="2024-12-18T15:58:38.157168" elapsed="3.037009"/>
</kw>
<kw name="Maximize Browser Window" owner="SeleniumLibrary">
<doc>Maximizes current browser window.</doc>
<status status="PASS" start="2024-12-18T15:58:41.194177" elapsed="0.033372"/>
</kw>
<kw name="Go To" owner="SeleniumLibrary">
<msg time="2024-12-18T15:58:41.227549" level="INFO">Opening url 'https://dev-proyek.1000saudara.com/Login'</msg>
<arg>${URL}</arg>
<doc>Navigates the current browser window to the provided ``url``.</doc>
<status status="PASS" start="2024-12-18T15:58:41.227549" elapsed="13.842784"/>
</kw>
<status status="PASS" start="2024-12-18T15:58:38.157168" elapsed="16.913165"/>
</kw>
<kw name="User change data End Date before the start date" owner="detailProject_Aktif">
<kw name="Given User go to detail Project Page" owner="detailProject_Aktif">
<kw name="Given User can access Home Login 1000s" owner="login">
<kw name="Then user go to home page E-Proc1000s" owner="pom_login_eProc">
<kw name="user visit E-Proc1000s Login Page" owner="pom_login_eProc">
<kw name="Get Location" owner="SeleniumLibrary">
<msg time="2024-12-18T15:58:55.083461" level="INFO">${current_url} = https://dev-proyek.1000saudara.com/Login</msg>
<var>${current_url}</var>
<doc>Returns the current browser window URL.</doc>
<status status="PASS" start="2024-12-18T15:58:55.075611" elapsed="0.007850"/>
</kw>
<kw name="Log" owner="BuiltIn">
<msg time="2024-12-18T15:58:55.084491" level="INFO">Current Path: https://dev-proyek.1000saudara.com/Login</msg>
<arg>Current Path: ${current_url}</arg>
<doc>Logs the given message with the given level.</doc>
<status status="PASS" start="2024-12-18T15:58:55.084491" elapsed="0.000000"/>
</kw>
<kw name="general return status" owner="generalFunct">
<kw name="Run Keyword And Return Status" owner="BuiltIn">
<kw name="Wait Until Element Is Visible" owner="SeleniumLibrary">
<arg>${locator}</arg>
<arg>timeout=2s</arg>
<doc>Waits until the element ``locator`` is visible.</doc>
<status status="PASS" start="2024-12-18T15:58:55.085487" elapsed="2.116557"/>
</kw>
<msg time="2024-12-18T15:58:57.202987" level="INFO">${res} = True</msg>
<var>${res}</var>
<arg>Wait Until Element Is Visible</arg>
<arg>${locator}</arg>
<arg>timeout=2s</arg>
<doc>Runs the given keyword with given arguments and returns the status as a Boolean value.</doc>
<status status="PASS" start="2024-12-18T15:58:55.085487" elapsed="2.117500"/>
</kw>
<return>
<value>${res}</value>
<status status="PASS" start="2024-12-18T15:58:57.203389" elapsed="0.000000"/>
</return>
<msg time="2024-12-18T15:58:57.203389" level="INFO">${res} = True</msg>
<var>${res}</var>
<arg>${headerLogin}</arg>
<status status="PASS" start="2024-12-18T15:58:55.084491" elapsed="2.118898"/>
</kw>
<while condition="${res} == $False">
<iter>
<kw name="Reload Page" owner="SeleniumLibrary">
<doc>Simulates user reloading page.</doc>
<status status="NOT RUN" start="2024-12-18T15:58:57.203389" elapsed="0.000000"/>
</kw>
<kw name="Sleep" owner="BuiltIn">
<arg>1.5s</arg>
<doc>Pauses the test executed for the given time.</doc>
<status status="NOT RUN" start="2024-12-18T15:58:57.203389" elapsed="0.000000"/>
</kw>
<kw name="general return status" owner="generalFunct">
<var>${res}</var>
<arg>${headerLogin}</arg>
<status status="NOT RUN" start="2024-12-18T15:58:57.203389" elapsed="0.000000"/>
</kw>
<status status="NOT RUN" start="2024-12-18T15:58:57.203389" elapsed="0.000000"/>
</iter>
<status status="NOT RUN" start="2024-12-18T15:58:57.203389" elapsed="0.000000"/>
</while>
<status status="PASS" start="2024-12-18T15:58:55.074574" elapsed="2.128815"/>
</kw>
<kw name="user login E-Proc1000s Page" owner="pom_login_eProc">
<kw name="Wait Until Element Is Visible" owner="SeleniumLibrary">
<arg>${inputPassword}</arg>
<doc>Waits until the element ``locator`` is visible.</doc>
<status status="PASS" start="2024-12-18T15:58:57.203389" elapsed="0.051499"/>
</kw>
<kw name="Input Text" owner="SeleniumLibrary">
<msg time="2024-12-18T15:58:57.254888" level="INFO">Typing text '085210758864' into text field 'xpath=//input[@id='TxtPhone']'.</msg>
<arg>${inputUsername}</arg>
<arg>${ROLE_ADMIN}</arg>
<doc>Types the given ``text`` into the text field identified by ``locator``.</doc>
<status status="PASS" start="2024-12-18T15:58:57.254888" elapsed="0.576691"/>
</kw>
<kw name="Input Password" owner="SeleniumLibrary">
<msg time="2024-12-18T15:58:57.831579" level="INFO">Typing password into text field 'xpath=//input[@id='pwd']'.</msg>
<msg time="2024-12-18T15:58:57.870495" level="INFO">Temporally setting log level to: NONE</msg>
<arg>${inputPassword}</arg>
<arg>${PASSWORD}</arg>
<doc>Types the given password into the text field identified by ``locator``.</doc>
<status status="PASS" start="2024-12-18T15:58:57.831579" elapsed="0.287963"/>
</kw>
<kw name="Press Key" owner="SeleniumLibrary">
<arg>${inputPassword}</arg>
<arg>\\13</arg>
<doc>Simulates user pressing key on element identified by ``locator``.</doc>
<status status="PASS" start="2024-12-18T15:58:58.120542" elapsed="0.221614"/>
</kw>
<kw name="Wait Until Element Is Visible" owner="SeleniumLibrary">
<arg>${listFilter}</arg>
<doc>Waits until the element ``locator`` is visible.</doc>
<status status="PASS" start="2024-12-18T15:58:58.343158" elapsed="3.469179"/>
</kw>
<kw name="Sleep" owner="BuiltIn">
<msg time="2024-12-18T15:59:04.814005" level="INFO">Slept 3 seconds.</msg>
<arg>3</arg>
<doc>Pauses the test executed for the given time.</doc>
<status status="PASS" start="2024-12-18T15:59:01.813331" elapsed="3.000674"/>
</kw>
<status status="PASS" start="2024-12-18T15:58:57.203389" elapsed="7.610616"/>
</kw>
<kw name="Wait Until Element Is Visible" owner="SeleniumLibrary">
<arg>${listFilter}</arg>
<doc>Waits until the element ``locator`` is visible.</doc>
<status status="PASS" start="2024-12-18T15:59:04.814005" elapsed="0.028240"/>
</kw>
<kw name="Wait Until Element Is Visible" owner="SeleniumLibrary">
<arg>${titleProject}</arg>
<doc>Waits until the element ``locator`` is visible.</doc>
<status status="PASS" start="2024-12-18T15:59:04.842245" elapsed="0.032765"/>
</kw>
<kw name="Get Text" owner="SeleniumLibrary">
<msg time="2024-12-18T15:59:04.902700" level="INFO">${title} = Manajemen Project</msg>
<var>${title}</var>
<arg>${titleProject}</arg>
<doc>Returns the text value of the element identified by ``locator``.</doc>
<status status="PASS" start="2024-12-18T15:59:04.875010" elapsed="0.027690"/>
</kw>
<kw name="Log To Console" owner="BuiltIn">
<arg>${\n}${title}</arg>
<doc>Logs the given message to the console.</doc>
<status status="PASS" start="2024-12-18T15:59:04.902700" elapsed="0.000000"/>
</kw>
<status status="PASS" start="2024-12-18T15:58:55.073326" elapsed="9.829374"/>
</kw>
<status status="PASS" start="2024-12-18T15:58:55.072327" elapsed="9.830373"/>
</kw>
<kw name="When user click Detail on Project" owner="pom_detailProject_MenungguPersetujuan">
<kw name="Get Length" owner="BuiltIn">
<msg time="2024-12-18T15:59:04.902700" level="INFO">Length is 22.</msg>
<msg time="2024-12-18T15:59:04.902700" level="INFO">${len} = 22</msg>
<var>${len}</var>
<arg>xpath=//tbody/tr/td[5]</arg>
<doc>Returns and logs the length of the given item as an integer.</doc>
<status status="PASS" start="2024-12-18T15:59:04.902700" elapsed="0.000000"/>
</kw>
<kw name="Sleep" owner="BuiltIn">
<msg time="2024-12-18T15:59:07.903590" level="INFO">Slept 3 seconds.</msg>
<arg>3</arg>
<doc>Pauses the test executed for the given time.</doc>
<status status="PASS" start="2024-12-18T15:59:04.902700" elapsed="3.001297"/>
</kw>
<for flavor="IN RANGE">
<iter>
<kw name="general return status" owner="generalFunct">
<kw name="Run Keyword And Return Status" owner="BuiltIn">
<kw name="Wait Until Element Is Visible" owner="SeleniumLibrary">
<arg>${locator}</arg>
<arg>timeout=2s</arg>
<doc>Waits until the element ``locator`` is visible.</doc>
<status status="PASS" start="2024-12-18T15:59:07.905038" elapsed="0.030646"/>
</kw>
<msg time="2024-12-18T15:59:07.935684" level="INFO">${res} = True</msg>
<var>${res}</var>
<arg>Wait Until Element Is Visible</arg>
<arg>${locator}</arg>
<arg>timeout=2s</arg>
<doc>Runs the given keyword with given arguments and returns the status as a Boolean value.</doc>
<status status="PASS" start="2024-12-18T15:59:07.905038" elapsed="0.030646"/>
</kw>
<return>
<value>${res}</value>
<status status="PASS" start="2024-12-18T15:59:07.935684" elapsed="0.000000"/>
</return>
<msg time="2024-12-18T15:59:07.935684" level="INFO">${res} = True</msg>
<var>${res}</var>
<arg>xpath=//tbody/tr/td[5]//div[contains(.,'${textStatus}')]</arg>
<status status="PASS" start="2024-12-18T15:59:07.905038" elapsed="0.030646"/>
</kw>
<if>
<branch type="IF" condition="${res}">
<kw name="check in project list" owner="pom_detailProject_MenungguPersetujuan">
<for flavor="IN RANGE">
<iter>
<kw name="general return status" owner="generalFunct">
<kw name="Run Keyword And Return Status" owner="BuiltIn">
<kw name="Wait Until Element Is Visible" owner="SeleniumLibrary">
<msg time="2024-12-18T15:59:10.200596" level="INFO" html="true">&lt;/td&gt;&lt;/tr&gt;&lt;tr&gt;&lt;td colspan="3"&gt;&lt;a href="selenium-screenshot-439.png"&gt;&lt;img src="selenium-screenshot-439.png" width="800px"&gt;&lt;/a&gt;</msg>
<msg time="2024-12-18T15:59:10.201357" level="FAIL">Element 'xpath=//tbody/tr[1]/td[5]//div[contains(.,'Aktif')]' not visible after 2 seconds.</msg>
<arg>${locator}</arg>
<arg>timeout=2s</arg>
<doc>Waits until the element ``locator`` is visible.</doc>
<status status="FAIL" start="2024-12-18T15:59:07.935684" elapsed="2.267670">Element 'xpath=//tbody/tr[1]/td[5]//div[contains(.,'Aktif')]' not visible after 2 seconds.</status>
</kw>
<msg time="2024-12-18T15:59:10.204352" level="INFO">${res} = False</msg>
<var>${res}</var>
<arg>Wait Until Element Is Visible</arg>
<arg>${locator}</arg>
<arg>timeout=2s</arg>
<doc>Runs the given keyword with given arguments and returns the status as a Boolean value.</doc>
<status status="PASS" start="2024-12-18T15:59:07.935684" elapsed="2.268668"/>
</kw>
<return>
<value>${res}</value>
<status status="PASS" start="2024-12-18T15:59:10.204352" elapsed="0.000000"/>
</return>
<msg time="2024-12-18T15:59:10.204352" level="INFO">${res} = False</msg>
<var>${res}</var>
<arg>xpath=//tbody/tr[${counter}]/td[5]//div[contains(.,'${textStatusProject}')]</arg>
<status status="PASS" start="2024-12-18T15:59:07.935684" elapsed="2.268668"/>
</kw>
<if>
<branch type="IF" condition="${res}">
<kw name="Get Text" owner="SeleniumLibrary">
<var>${text}</var>
<arg>xpath=//tbody/tr[${counter}]/td[1]</arg>
<doc>Returns the text value of the element identified by ``locator``.</doc>
<status status="NOT RUN" start="2024-12-18T15:59:10.205350" elapsed="0.000000"/>
</kw>
<kw name="Get Text" owner="SeleniumLibrary">
<var>${status}</var>
<arg>xpath=//tbody/tr[${counter}]/td[5]</arg>
<doc>Returns the text value of the element identified by ``locator``.</doc>
<status status="NOT RUN" start="2024-12-18T15:59:10.205350" elapsed="0.000000"/>
</kw>
<kw name="user click element" owner="generalFunct">
<arg>xpath=//tbody/tr[${counter}]/td[6]</arg>
<status status="NOT RUN" start="2024-12-18T15:59:10.205350" elapsed="0.000000"/>
</kw>
<kw name="general Wait Until" owner="generalFunct">
<arg>xpath=//span[normalize-space()='Detail Project']</arg>
<status status="NOT RUN" start="2024-12-18T15:59:10.205350" elapsed="0.000000"/>
</kw>
<kw name="general Wait Until" owner="generalFunct">
<arg>${namaProject_onDetailPage}</arg>
<status status="NOT RUN" start="2024-12-18T15:59:10.206379" elapsed="0.000000"/>
</kw>
<kw name="Get Text" owner="SeleniumLibrary">
<var>${nameProject}</var>
<arg>${namaProject_onDetailPage}</arg>
<doc>Returns the text value of the element identified by ``locator``.</doc>
<status status="NOT RUN" start="2024-12-18T15:59:10.206379" elapsed="0.000000"/>
</kw>
<kw name="Get Text" owner="SeleniumLibrary">
<var>${status_onDetailPage}</var>
<arg>${statusProject}</arg>
<doc>Returns the text value of the element identified by ``locator``.</doc>
<status status="NOT RUN" start="2024-12-18T15:59:10.206379" elapsed="0.000000"/>
</kw>
<kw name="Log To Console" owner="BuiltIn">
<arg>Nama Project: ${nameProject}</arg>
<doc>Logs the given message to the console.</doc>
<status status="NOT RUN" start="2024-12-18T15:59:10.206379" elapsed="0.000000"/>
</kw>
<kw name="Log To Console" owner="BuiltIn">
<arg>Status Project: ${status_onDetailPage}</arg>
<doc>Logs the given message to the console.</doc>
<status status="NOT RUN" start="2024-12-18T15:59:10.207376" elapsed="0.000000"/>
</kw>
<kw name="Set Global Variable" owner="BuiltIn">
<arg>${nameProject_MenungguPersetujuan}</arg>
<arg>${nameProject}</arg>
<doc>Makes a variable available globally in all tests and suites.</doc>
<status status="NOT RUN" start="2024-12-18T15:59:10.207376" elapsed="0.000000"/>
</kw>
<kw name="Should Be Equal" owner="BuiltIn">
<arg>${nameProject}</arg>
<arg>${text}</arg>
<doc>Fails if the given objects are unequal.</doc>
<status status="NOT RUN" start="2024-12-18T15:59:10.207376" elapsed="0.000000"/>
</kw>
<kw name="Should Be Equal" owner="BuiltIn">
<arg>${status_onDetailPage}</arg>
<arg>${status}</arg>
<doc>Fails if the given objects are unequal.</doc>
<status status="NOT RUN" start="2024-12-18T15:59:10.207376" elapsed="0.000000"/>
</kw>
<kw name="Exit For Loop" owner="BuiltIn">
<doc>Stops executing the enclosing FOR loop.</doc>
<status status="NOT RUN" start="2024-12-18T15:59:10.207376" elapsed="0.000000"/>
</kw>
<status status="NOT RUN" start="2024-12-18T15:59:10.204352" elapsed="0.004023"/>
</branch>
<status status="PASS" start="2024-12-18T15:59:10.204352" elapsed="0.004023"/>
</if>
<var name="${counter}">1</var>
<status status="PASS" start="2024-12-18T15:59:07.935684" elapsed="2.272691"/>
</iter>
<iter>
<kw name="general return status" owner="generalFunct">
<kw name="Run Keyword And Return Status" owner="BuiltIn">
<kw name="Wait Until Element Is Visible" owner="SeleniumLibrary">
<arg>${locator}</arg>
<arg>timeout=2s</arg>
<doc>Waits until the element ``locator`` is visible.</doc>
<status status="PASS" start="2024-12-18T15:59:10.209370" elapsed="0.033478"/>
</kw>
<msg time="2024-12-18T15:59:10.242848" level="INFO">${res} = True</msg>
<var>${res}</var>
<arg>Wait Until Element Is Visible</arg>
<arg>${locator}</arg>
<arg>timeout=2s</arg>
<doc>Runs the given keyword with given arguments and returns the status as a Boolean value.</doc>
<status status="PASS" start="2024-12-18T15:59:10.209370" elapsed="0.033478"/>
</kw>
<return>
<value>${res}</value>
<status status="PASS" start="2024-12-18T15:59:10.242848" elapsed="0.000000"/>
</return>
<msg time="2024-12-18T15:59:10.243850" level="INFO">${res} = True</msg>
<var>${res}</var>
<arg>xpath=//tbody/tr[${counter}]/td[5]//div[contains(.,'${textStatusProject}')]</arg>
<status status="PASS" start="2024-12-18T15:59:10.208375" elapsed="0.035475"/>
</kw>
<if>
<branch type="IF" condition="${res}">
<kw name="Get Text" owner="SeleniumLibrary">
<msg time="2024-12-18T15:59:10.269331" level="INFO">${text} = Sweitz Ghe</msg>
<var>${text}</var>
<arg>xpath=//tbody/tr[${counter}]/td[1]</arg>
<doc>Returns the text value of the element identified by ``locator``.</doc>
<status status="PASS" start="2024-12-18T15:59:10.243850" elapsed="0.025481"/>
</kw>
<kw name="Get Text" owner="SeleniumLibrary">
<msg time="2024-12-18T15:59:10.301385" level="INFO">${status} = Aktif</msg>
<var>${status}</var>
<arg>xpath=//tbody/tr[${counter}]/td[5]</arg>
<doc>Returns the text value of the element identified by ``locator``.</doc>
<status status="PASS" start="2024-12-18T15:59:10.269331" elapsed="0.032054"/>
</kw>
<kw name="user click element" owner="generalFunct">
<kw name="Wait Until Element Is Visible" owner="SeleniumLibrary">
<arg>${element}</arg>
<doc>Waits until the element ``locator`` is visible.</doc>
<status status="PASS" start="2024-12-18T15:59:10.301385" elapsed="0.053490"/>
</kw>
<kw name="Click Element" owner="SeleniumLibrary">
<msg time="2024-12-18T15:59:10.355914" level="INFO">Clicking element 'xpath=//tbody/tr[2]/td[6]'.</msg>
<msg time="2024-12-18T15:59:10.521275" level="INFO">${clickElement} = None</msg>
<var>${clickElement}</var>
<arg>${element}</arg>
<doc>Click the element identified by ``locator``.</doc>
<status status="PASS" start="2024-12-18T15:59:10.354875" elapsed="0.166400"/>
</kw>
<return>
<value>${clickElement}</value>
<status status="PASS" start="2024-12-18T15:59:10.521275" elapsed="0.000000"/>
</return>
<arg>xpath=//tbody/tr[${counter}]/td[6]</arg>
<status status="PASS" start="2024-12-18T15:59:10.301385" elapsed="0.219890"/>
</kw>
<kw name="general Wait Until" owner="generalFunct">
<kw name="Wait Until Element Is Visible" owner="SeleniumLibrary">
<arg>${locator}</arg>
<arg>timeout=2s</arg>
<doc>Waits until the element ``locator`` is visible.</doc>
<status status="PASS" start="2024-12-18T15:59:10.521275" elapsed="0.683286"/>
</kw>
<arg>xpath=//span[normalize-space()='Detail Project']</arg>
<status status="PASS" start="2024-12-18T15:59:10.521275" elapsed="0.683286"/>
</kw>
<kw name="general Wait Until" owner="generalFunct">
<kw name="Wait Until Element Is Visible" owner="SeleniumLibrary">
<arg>${locator}</arg>
<arg>timeout=2s</arg>
<doc>Waits until the element ``locator`` is visible.</doc>
<status status="PASS" start="2024-12-18T15:59:11.205563" elapsed="0.034197"/>
</kw>
<arg>${namaProject_onDetailPage}</arg>
<status status="PASS" start="2024-12-18T15:59:11.205563" elapsed="0.034197"/>
</kw>
<kw name="Get Text" owner="SeleniumLibrary">
<msg time="2024-12-18T15:59:11.251228" level="INFO">${nameProject} = Sweitz Ghe</msg>
<var>${nameProject}</var>
<arg>${namaProject_onDetailPage}</arg>
<doc>Returns the text value of the element identified by ``locator``.</doc>
<status status="PASS" start="2024-12-18T15:59:11.240792" elapsed="0.010436"/>
</kw>
<kw name="Get Text" owner="SeleniumLibrary">
<msg time="2024-12-18T15:59:11.296036" level="INFO">${status_onDetailPage} = Aktif</msg>
<var>${status_onDetailPage}</var>
<arg>${statusProject}</arg>
<doc>Returns the text value of the element identified by ``locator``.</doc>
<status status="PASS" start="2024-12-18T15:59:11.251228" elapsed="0.044808"/>
</kw>
<kw name="Log To Console" owner="BuiltIn">
<arg>Nama Project: ${nameProject}</arg>
<doc>Logs the given message to the console.</doc>
<status status="PASS" start="2024-12-18T15:59:11.296036" elapsed="0.001002"/>
</kw>
<kw name="Log To Console" owner="BuiltIn">
<arg>Status Project: ${status_onDetailPage}</arg>
<doc>Logs the given message to the console.</doc>
<status status="PASS" start="2024-12-18T15:59:11.297038" elapsed="0.001033"/>
</kw>
<kw name="Set Global Variable" owner="BuiltIn">
<msg time="2024-12-18T15:59:11.301065" level="INFO">${nameProject_MenungguPersetujuan} = Sweitz Ghe</msg>
<arg>${nameProject_MenungguPersetujuan}</arg>
<arg>${nameProject}</arg>
<doc>Makes a variable available globally in all tests and suites.</doc>
<status status="PASS" start="2024-12-18T15:59:11.299032" elapsed="0.002033"/>
</kw>
<kw name="Should Be Equal" owner="BuiltIn">
<arg>${nameProject}</arg>
<arg>${text}</arg>
<doc>Fails if the given objects are unequal.</doc>
<status status="PASS" start="2024-12-18T15:59:11.302062" elapsed="0.000116"/>
</kw>
<kw name="Should Be Equal" owner="BuiltIn">
<arg>${status_onDetailPage}</arg>
<arg>${status}</arg>
<doc>Fails if the given objects are unequal.</doc>
<status status="PASS" start="2024-12-18T15:59:11.302178" elapsed="0.000000"/>
</kw>
<kw name="Exit For Loop" owner="BuiltIn">
<msg time="2024-12-18T15:59:11.302178" level="INFO">Exiting for loop altogether.</msg>
<doc>Stops executing the enclosing FOR loop.</doc>
<status status="PASS" start="2024-12-18T15:59:11.302178" elapsed="0.000000"/>
</kw>
<status status="PASS" start="2024-12-18T15:59:10.243850" elapsed="1.058328"/>
</branch>
<status status="PASS" start="2024-12-18T15:59:10.243850" elapsed="1.058328"/>
</if>
<var name="${counter}">2</var>
<status status="PASS" start="2024-12-18T15:59:10.208375" elapsed="1.093803"/>
</iter>
<var>${counter}</var>
<value>1</value>
<value>10</value>
<status status="PASS" start="2024-12-18T15:59:07.935684" elapsed="3.366494"/>
</for>
<arg>${textStatus}</arg>
<status status="PASS" start="2024-12-18T15:59:07.935684" elapsed="3.366494"/>
</kw>
<kw name="Exit For Loop" owner="BuiltIn">
<msg time="2024-12-18T15:59:11.302178" level="INFO">Exiting for loop altogether.</msg>
<doc>Stops executing the enclosing FOR loop.</doc>
<status status="PASS" start="2024-12-18T15:59:11.302178" elapsed="0.000000"/>
</kw>
<status status="PASS" start="2024-12-18T15:59:07.935684" elapsed="3.366494"/>
</branch>
<branch type="ELSE">
<kw name="general return status" owner="generalFunct">
<var>${next}</var>
<arg>${nextPage}</arg>
<status status="NOT RUN" start="2024-12-18T15:59:11.302178" elapsed="0.000000"/>
</kw>
<kw name="Run Keyword If" owner="BuiltIn">
<arg>${next}</arg>
<arg>user click element</arg>
<arg>${nextPage}</arg>
<doc>Runs the given keyword with the given arguments, if ``condition`` is true.</doc>
<status status="NOT RUN" start="2024-12-18T15:59:11.302178" elapsed="0.000000"/>
</kw>
<status status="NOT RUN" start="2024-12-18T15:59:11.302178" elapsed="0.000000"/>
</branch>
<status status="PASS" start="2024-12-18T15:59:07.935684" elapsed="3.366494"/>
</if>
<var name="${counter}">1</var>
<status status="PASS" start="2024-12-18T15:59:07.903997" elapsed="3.398181"/>
</iter>
<var>${counter}</var>
<value>1</value>
<value>${len}</value>
<status status="PASS" start="2024-12-18T15:59:07.903997" elapsed="3.398181"/>
</for>
<arg>Aktif</arg>
<status status="PASS" start="2024-12-18T15:59:04.902700" elapsed="6.399478"/>
</kw>
<kw name="And detail information on detail page" owner="pom_detailProject_MenungguPersetujuan">
<kw name="Get Length" owner="BuiltIn">
<msg time="2024-12-18T15:59:11.302178" level="INFO">Length is 31.</msg>
<msg time="2024-12-18T15:59:11.302178" level="INFO">${len} = 31</msg>
<var>${len}</var>
<arg>xpath=//div[@class='w-100']/div</arg>
<doc>Returns and logs the length of the given item as an integer.</doc>
<status status="PASS" start="2024-12-18T15:59:11.302178" elapsed="0.000000"/>
</kw>
<for flavor="IN RANGE">
<iter>
<kw name="general return status" owner="generalFunct">
<kw name="Run Keyword And Return Status" owner="BuiltIn">
<kw name="Wait Until Element Is Visible" owner="SeleniumLibrary">
<arg>${locator}</arg>
<arg>timeout=2s</arg>
<doc>Waits until the element ``locator`` is visible.</doc>
<status status="PASS" start="2024-12-18T15:59:11.302178" elapsed="0.039624"/>
</kw>
<msg time="2024-12-18T15:59:11.341802" level="INFO">${res} = True</msg>
<var>${res}</var>
<arg>Wait Until Element Is Visible</arg>
<arg>${locator}</arg>
<arg>timeout=2s</arg>
<doc>Runs the given keyword with given arguments and returns the status as a Boolean value.</doc>
<status status="PASS" start="2024-12-18T15:59:11.302178" elapsed="0.039624"/>
</kw>
<return>
<value>${res}</value>
<status status="PASS" start="2024-12-18T15:59:11.341802" elapsed="0.000000"/>
</return>
<msg time="2024-12-18T15:59:11.342803" level="INFO">${res} = True</msg>
<var>${res}</var>
<arg>xpath=//div[@class='w-100']/div[${counter}]</arg>
<status status="PASS" start="2024-12-18T15:59:11.302178" elapsed="0.040625"/>
</kw>
<if>
<branch type="IF" condition="${res}">
<kw name="Get Text" owner="SeleniumLibrary">
<msg time="2024-12-18T15:59:11.367085" level="INFO">${text} = Admin</msg>
<var>${text}</var>
<arg>xpath=//div[@class='w-100']/div[${counter}]/div[1]/span</arg>
<doc>Returns the text value of the element identified by ``locator``.</doc>
<status status="PASS" start="2024-12-18T15:59:11.342803" elapsed="0.024282"/>
</kw>
<kw name="Get Text" owner="SeleniumLibrary">
<msg time="2024-12-18T15:59:11.402471" level="INFO">${textName} = gonsadm</msg>
<var>${textName}</var>
<arg>xpath=//div[@class='w-100']/div[${counter}]/div[2]/span[2]</arg>
<doc>Returns the text value of the element identified by ``locator``.</doc>
<status status="PASS" start="2024-12-18T15:59:11.367085" elapsed="0.035386"/>
</kw>
<kw name="Log To Console" owner="BuiltIn">
<arg>${text}: ${textName}</arg>
<doc>Logs the given message to the console.</doc>
<status status="PASS" start="2024-12-18T15:59:11.402471" elapsed="0.000000"/>
</kw>
<kw name="Get Text" owner="SeleniumLibrary">
<msg time="2024-12-18T15:59:11.442048" level="INFO">${textBorder} = Tanggal project</msg>
<var>${textBorder}</var>
<arg>xpath=//div[@class="w-100 borderRight "]/div[${counter}]/div[1]/span</arg>
<doc>Returns the text value of the element identified by ``locator``.</doc>
<status status="PASS" start="2024-12-18T15:59:11.402471" elapsed="0.039577"/>
</kw>
<kw name="Get Text" owner="SeleniumLibrary">
<msg time="2024-12-18T15:59:11.485450" level="INFO">${textBorderRight} = 16 Dec 2024 - 16 Jan 2025</msg>
<var>${textBorderRight}</var>
<arg>xpath=//div[@class="w-100 borderRight "]/div[${counter}]/div[2]/span[2]</arg>
<doc>Returns the text value of the element identified by ``locator``.</doc>
<status status="PASS" start="2024-12-18T15:59:11.442048" elapsed="0.043402"/>
</kw>
<kw name="Log To Console" owner="BuiltIn">
<arg>${textBorder}: ${textBorderRight}</arg>
<doc>Logs the given message to the console.</doc>
<status status="PASS" start="2024-12-18T15:59:11.485450" elapsed="0.000000"/>
</kw>
<status status="PASS" start="2024-12-18T15:59:11.342803" elapsed="0.142647"/>
</branch>
<branch type="ELSE">
<kw name="Exit For Loop" owner="BuiltIn">
<doc>Stops executing the enclosing FOR loop.</doc>
<status status="NOT RUN" start="2024-12-18T15:59:11.485450" elapsed="0.000000"/>
</kw>
<status status="NOT RUN" start="2024-12-18T15:59:11.485450" elapsed="0.000000"/>
</branch>
<status status="PASS" start="2024-12-18T15:59:11.342803" elapsed="0.142647"/>
</if>
<var name="${counter}">1</var>
<status status="PASS" start="2024-12-18T15:59:11.302178" elapsed="0.183272"/>
</iter>
<iter>
<kw name="general return status" owner="generalFunct">
<kw name="Run Keyword And Return Status" owner="BuiltIn">
<kw name="Wait Until Element Is Visible" owner="SeleniumLibrary">
<arg>${locator}</arg>
<arg>timeout=2s</arg>
<doc>Waits until the element ``locator`` is visible.</doc>
<status status="PASS" start="2024-12-18T15:59:11.485450" elapsed="0.035094"/>
</kw>
<msg time="2024-12-18T15:59:11.520544" level="INFO">${res} = True</msg>
<var>${res}</var>
<arg>Wait Until Element Is Visible</arg>
<arg>${locator}</arg>
<arg>timeout=2s</arg>
<doc>Runs the given keyword with given arguments and returns the status as a Boolean value.</doc>
<status status="PASS" start="2024-12-18T15:59:11.485450" elapsed="0.035094"/>
</kw>
<return>
<value>${res}</value>
<status status="PASS" start="2024-12-18T15:59:11.520544" elapsed="0.000000"/>
</return>
<msg time="2024-12-18T15:59:11.520544" level="INFO">${res} = True</msg>
<var>${res}</var>
<arg>xpath=//div[@class='w-100']/div[${counter}]</arg>
<status status="PASS" start="2024-12-18T15:59:11.485450" elapsed="0.035094"/>
</kw>
<if>
<branch type="IF" condition="${res}">
<kw name="Get Text" owner="SeleniumLibrary">
<msg time="2024-12-18T15:59:11.554032" level="INFO">${text} = Manager Project</msg>
<var>${text}</var>
<arg>xpath=//div[@class='w-100']/div[${counter}]/div[1]/span</arg>
<doc>Returns the text value of the element identified by ``locator``.</doc>
<status status="PASS" start="2024-12-18T15:59:11.520544" elapsed="0.033488"/>
</kw>
<kw name="Get Text" owner="SeleniumLibrary">
<msg time="2024-12-18T15:59:11.584601" level="INFO">${textName} = gonsapproval</msg>
<var>${textName}</var>
<arg>xpath=//div[@class='w-100']/div[${counter}]/div[2]/span[2]</arg>
<doc>Returns the text value of the element identified by ``locator``.</doc>
<status status="PASS" start="2024-12-18T15:59:11.554032" elapsed="0.030569"/>
</kw>
<kw name="Log To Console" owner="BuiltIn">
<arg>${text}: ${textName}</arg>
<doc>Logs the given message to the console.</doc>
<status status="PASS" start="2024-12-18T15:59:11.584601" elapsed="0.000996"/>
</kw>
<kw name="Get Text" owner="SeleniumLibrary">
<msg time="2024-12-18T15:59:11.608702" level="INFO">${textBorder} = Anggaran maksimal</msg>
<var>${textBorder}</var>
<arg>xpath=//div[@class="w-100 borderRight "]/div[${counter}]/div[1]/span</arg>
<doc>Returns the text value of the element identified by ``locator``.</doc>
<status status="PASS" start="2024-12-18T15:59:11.585597" elapsed="0.023105"/>
</kw>
<kw name="Get Text" owner="SeleniumLibrary">
<msg time="2024-12-18T15:59:11.645849" level="INFO">${textBorderRight} = Rp 500,000,000</msg>
<var>${textBorderRight}</var>
<arg>xpath=//div[@class="w-100 borderRight "]/div[${counter}]/div[2]/span[2]</arg>
<doc>Returns the text value of the element identified by ``locator``.</doc>
<status status="PASS" start="2024-12-18T15:59:11.608702" elapsed="0.037147"/>
</kw>
<kw name="Log To Console" owner="BuiltIn">
<arg>${textBorder}: ${textBorderRight}</arg>
<doc>Logs the given message to the console.</doc>
<status status="PASS" start="2024-12-18T15:59:11.645849" elapsed="0.001275"/>
</kw>
<status status="PASS" start="2024-12-18T15:59:11.520544" elapsed="0.126580"/>
</branch>
<branch type="ELSE">
<kw name="Exit For Loop" owner="BuiltIn">
<doc>Stops executing the enclosing FOR loop.</doc>
<status status="NOT RUN" start="2024-12-18T15:59:11.647124" elapsed="0.000000"/>
</kw>
<status status="NOT RUN" start="2024-12-18T15:59:11.647124" elapsed="0.000000"/>
</branch>
<status status="PASS" start="2024-12-18T15:59:11.520544" elapsed="0.126580"/>
</if>
<var name="${counter}">2</var>
<status status="PASS" start="2024-12-18T15:59:11.485450" elapsed="0.161674"/>
</iter>
<iter>
<kw name="general return status" owner="generalFunct">
<kw name="Run Keyword And Return Status" owner="BuiltIn">
<kw name="Wait Until Element Is Visible" owner="SeleniumLibrary">
<arg>${locator}</arg>
<arg>timeout=2s</arg>
<doc>Waits until the element ``locator`` is visible.</doc>
<status status="PASS" start="2024-12-18T15:59:11.649126" elapsed="0.032013"/>
</kw>
<msg time="2024-12-18T15:59:11.681139" level="INFO">${res} = True</msg>
<var>${res}</var>
<arg>Wait Until Element Is Visible</arg>
<arg>${locator}</arg>
<arg>timeout=2s</arg>
<doc>Runs the given keyword with given arguments and returns the status as a Boolean value.</doc>
<status status="PASS" start="2024-12-18T15:59:11.648129" elapsed="0.033010"/>
</kw>
<return>
<value>${res}</value>
<status status="PASS" start="2024-12-18T15:59:11.681139" elapsed="0.000000"/>
</return>
<msg time="2024-12-18T15:59:11.682142" level="INFO">${res} = True</msg>
<var>${res}</var>
<arg>xpath=//div[@class='w-100']/div[${counter}]</arg>
<status status="PASS" start="2024-12-18T15:59:11.648129" elapsed="0.034013"/>
</kw>
<if>
<branch type="IF" condition="${res}">
<kw name="Get Text" owner="SeleniumLibrary">
<msg time="2024-12-18T15:59:11.708534" level="INFO">${text} = Finance</msg>
<var>${text}</var>
<arg>xpath=//div[@class='w-100']/div[${counter}]/div[1]/span</arg>
<doc>Returns the text value of the element identified by ``locator``.</doc>
<status status="PASS" start="2024-12-18T15:59:11.682142" elapsed="0.026392"/>
</kw>
<kw name="Get Text" owner="SeleniumLibrary">
<msg time="2024-12-18T15:59:11.745122" level="INFO">${textName} = gonsfin</msg>
<var>${textName}</var>
<arg>xpath=//div[@class='w-100']/div[${counter}]/div[2]/span[2]</arg>
<doc>Returns the text value of the element identified by ``locator``.</doc>
<status status="PASS" start="2024-12-18T15:59:11.708534" elapsed="0.036588"/>
</kw>
<kw name="Log To Console" owner="BuiltIn">
<arg>${text}: ${textName}</arg>
<doc>Logs the given message to the console.</doc>
<status status="PASS" start="2024-12-18T15:59:11.746123" elapsed="0.000542"/>
</kw>
<kw name="Get Text" owner="SeleniumLibrary">
<msg time="2024-12-18T15:59:11.777071" level="INFO">${textBorder} = Total pembelian</msg>
<var>${textBorder}</var>
<arg>xpath=//div[@class="w-100 borderRight "]/div[${counter}]/div[1]/span</arg>
<doc>Returns the text value of the element identified by ``locator``.</doc>
<status status="PASS" start="2024-12-18T15:59:11.746665" elapsed="0.030406"/>
</kw>
<kw name="Get Text" owner="SeleniumLibrary">
<msg time="2024-12-18T15:59:11.806693" level="INFO">${textBorderRight} = Rp 0</msg>
<var>${textBorderRight}</var>
<arg>xpath=//div[@class="w-100 borderRight "]/div[${counter}]/div[2]/span[2]</arg>
<doc>Returns the text value of the element identified by ``locator``.</doc>
<status status="PASS" start="2024-12-18T15:59:11.777071" elapsed="0.029622"/>
</kw>
<kw name="Log To Console" owner="BuiltIn">
<arg>${textBorder}: ${textBorderRight}</arg>
<doc>Logs the given message to the console.</doc>
<status status="PASS" start="2024-12-18T15:59:11.806693" elapsed="0.001409"/>
</kw>
<status status="PASS" start="2024-12-18T15:59:11.682142" elapsed="0.125960"/>
</branch>
<branch type="ELSE">
<kw name="Exit For Loop" owner="BuiltIn">
<doc>Stops executing the enclosing FOR loop.</doc>
<status status="NOT RUN" start="2024-12-18T15:59:11.808102" elapsed="0.000000"/>
</kw>
<status status="NOT RUN" start="2024-12-18T15:59:11.808102" elapsed="0.000000"/>
</branch>
<status status="PASS" start="2024-12-18T15:59:11.682142" elapsed="0.125960"/>
</if>
<var name="${counter}">3</var>
<status status="PASS" start="2024-12-18T15:59:11.648129" elapsed="0.159973"/>
</iter>
<iter>
<kw name="general return status" owner="generalFunct">
<kw name="Run Keyword And Return Status" owner="BuiltIn">
<kw name="Wait Until Element Is Visible" owner="SeleniumLibrary">
<msg time="2024-12-18T15:59:14.118302" level="INFO" html="true">&lt;/td&gt;&lt;/tr&gt;&lt;tr&gt;&lt;td colspan="3"&gt;&lt;a href="selenium-screenshot-440.png"&gt;&lt;img src="selenium-screenshot-440.png" width="800px"&gt;&lt;/a&gt;</msg>
<msg time="2024-12-18T15:59:14.118302" level="FAIL">Element 'xpath=//div[@class='w-100']/div[4]' not visible after 2 seconds.</msg>
<arg>${locator}</arg>
<arg>timeout=2s</arg>
<doc>Waits until the element ``locator`` is visible.</doc>
<status status="FAIL" start="2024-12-18T15:59:11.810103" elapsed="2.309198">Element 'xpath=//div[@class='w-100']/div[4]' not visible after 2 seconds.</status>
</kw>
<msg time="2024-12-18T15:59:14.120297" level="INFO">${res} = False</msg>
<var>${res}</var>
<arg>Wait Until Element Is Visible</arg>
<arg>${locator}</arg>
<arg>timeout=2s</arg>
<doc>Runs the given keyword with given arguments and returns the status as a Boolean value.</doc>
<status status="PASS" start="2024-12-18T15:59:11.809107" elapsed="2.311190"/>
</kw>
<return>
<value>${res}</value>
<status status="PASS" start="2024-12-18T15:59:14.120297" elapsed="0.000000"/>
</return>
<msg time="2024-12-18T15:59:14.120297" level="INFO">${res} = False</msg>
<var>${res}</var>
<arg>xpath=//div[@class='w-100']/div[${counter}]</arg>
<status status="PASS" start="2024-12-18T15:59:11.809107" elapsed="2.311190"/>
</kw>
<if>
<branch type="IF" condition="${res}">
<kw name="Get Text" owner="SeleniumLibrary">
<var>${text}</var>
<arg>xpath=//div[@class='w-100']/div[${counter}]/div[1]/span</arg>
<doc>Returns the text value of the element identified by ``locator``.</doc>
<status status="NOT RUN" start="2024-12-18T15:59:14.121294" elapsed="0.000000"/>
</kw>
<kw name="Get Text" owner="SeleniumLibrary">
<var>${textName}</var>
<arg>xpath=//div[@class='w-100']/div[${counter}]/div[2]/span[2]</arg>
<doc>Returns the text value of the element identified by ``locator``.</doc>
<status status="NOT RUN" start="2024-12-18T15:59:14.121294" elapsed="0.000000"/>
</kw>
<kw name="Log To Console" owner="BuiltIn">
<arg>${text}: ${textName}</arg>
<doc>Logs the given message to the console.</doc>
<status status="NOT RUN" start="2024-12-18T15:59:14.121294" elapsed="0.000000"/>
</kw>
<kw name="Get Text" owner="SeleniumLibrary">
<var>${textBorder}</var>
<arg>xpath=//div[@class="w-100 borderRight "]/div[${counter}]/div[1]/span</arg>
<doc>Returns the text value of the element identified by ``locator``.</doc>
<status status="NOT RUN" start="2024-12-18T15:59:14.121294" elapsed="0.000000"/>
</kw>
<kw name="Get Text" owner="SeleniumLibrary">
<var>${textBorderRight}</var>
<arg>xpath=//div[@class="w-100 borderRight "]/div[${counter}]/div[2]/span[2]</arg>
<doc>Returns the text value of the element identified by ``locator``.</doc>
<status status="NOT RUN" start="2024-12-18T15:59:14.121294" elapsed="0.000996"/>
</kw>
<kw name="Log To Console" owner="BuiltIn">
<arg>${textBorder}: ${textBorderRight}</arg>
<doc>Logs the given message to the console.</doc>
<status status="NOT RUN" start="2024-12-18T15:59:14.122290" elapsed="0.000000"/>
</kw>
<status status="NOT RUN" start="2024-12-18T15:59:14.120297" elapsed="0.001993"/>
</branch>
<branch type="ELSE">
<kw name="Exit For Loop" owner="BuiltIn">
<msg time="2024-12-18T15:59:14.122290" level="INFO">Exiting for loop altogether.</msg>
<doc>Stops executing the enclosing FOR loop.</doc>
<status status="PASS" start="2024-12-18T15:59:14.122290" elapsed="0.000000"/>
</kw>
<status status="PASS" start="2024-12-18T15:59:14.122290" elapsed="0.000000"/>
</branch>
<status status="PASS" start="2024-12-18T15:59:14.120297" elapsed="0.001993"/>
</if>
<var name="${counter}">4</var>
<status status="PASS" start="2024-12-18T15:59:11.809107" elapsed="2.313183"/>
</iter>
<var>${counter}</var>
<value>1</value>
<value>${len}</value>
<status status="PASS" start="2024-12-18T15:59:11.302178" elapsed="2.821110"/>
</for>
<status status="PASS" start="2024-12-18T15:59:11.302178" elapsed="2.821110"/>
</kw>
<kw name="And user on detail Aktif page" owner="pom_detailProject_Aktif">
<kw name="Element Should Be Visible" owner="SeleniumLibrary">
<msg time="2024-12-18T15:59:14.153371" level="INFO">Element 'xpath=//div[@class='d-flex align-items-center justify-content-end w-100']/button[1]' is displayed.</msg>
<arg>${buttonRiwayat}</arg>
<doc>Verifies that the element identified by ``locator`` is visible.</doc>
<status status="PASS" start="2024-12-18T15:59:14.124286" elapsed="0.029085"/>
</kw>
<kw name="Get Text" owner="SeleniumLibrary">
<msg time="2024-12-18T15:59:14.172292" level="INFO">${textStatus} = Aktif</msg>
<var>${textStatus}</var>
<arg>${statusProject}</arg>
<doc>Returns the text value of the element identified by ``locator``.</doc>
<status status="PASS" start="2024-12-18T15:59:14.153371" elapsed="0.018921"/>
</kw>
<kw name="Set Global Variable" owner="BuiltIn">
<msg time="2024-12-18T15:59:14.173288" level="INFO">${textStatus} = Aktif</msg>
<arg>${textStatus}</arg>
<arg>${textStatus}</arg>
<doc>Makes a variable available globally in all tests and suites.</doc>
<status status="PASS" start="2024-12-18T15:59:14.172292" elapsed="0.000996"/>
</kw>
<kw name="Should Be Equal" owner="BuiltIn">
<arg>${textStatus}</arg>
<arg>Aktif</arg>
<doc>Fails if the given objects are unequal.</doc>
<status status="PASS" start="2024-12-18T15:59:14.173288" elapsed="0.000000"/>
</kw>
<status status="PASS" start="2024-12-18T15:59:14.123288" elapsed="0.050000"/>
</kw>
<status status="PASS" start="2024-12-18T15:58:55.072327" elapsed="19.100961"/>
</kw>
<kw name="When click button ubah" owner="generalFunct">
<kw name="general Wait Until" owner="generalFunct">
<kw name="Wait Until Element Is Visible" owner="SeleniumLibrary">
<arg>${locator}</arg>
<arg>timeout=2s</arg>
<doc>Waits until the element ``locator`` is visible.</doc>
<status status="PASS" start="2024-12-18T15:59:14.175283" elapsed="0.026017"/>
</kw>
<arg>${buttonUbah}</arg>
<status status="PASS" start="2024-12-18T15:59:14.174285" elapsed="0.027015"/>
</kw>
<kw name="user click element" owner="generalFunct">
<kw name="Wait Until Element Is Visible" owner="SeleniumLibrary">
<arg>${element}</arg>
<doc>Waits until the element ``locator`` is visible.</doc>
<status status="PASS" start="2024-12-18T15:59:14.202296" elapsed="0.015946"/>
</kw>
<kw name="Click Element" owner="SeleniumLibrary">
<msg time="2024-12-18T15:59:14.218242" level="INFO">Clicking element 'xpath=//div[@class='d-flex align-items-center justify-content-end w-100']/button[2]'.</msg>
<msg time="2024-12-18T15:59:15.020863" level="INFO">${clickElement} = None</msg>
<var>${clickElement}</var>
<arg>${element}</arg>
<doc>Click the element identified by ``locator``.</doc>
<status status="PASS" start="2024-12-18T15:59:14.218242" elapsed="0.802621"/>
</kw>
<return>
<value>${clickElement}</value>
<status status="PASS" start="2024-12-18T15:59:15.020863" elapsed="0.000000"/>
</return>
<arg>${buttonUbah}</arg>
<status status="PASS" start="2024-12-18T15:59:14.201300" elapsed="0.819563"/>
</kw>
<status status="PASS" start="2024-12-18T15:59:14.174285" elapsed="0.846578"/>
</kw>
<kw name="And user scroll element" owner="generalFunct">
<kw name="Scroll Element Into View" owner="SeleniumLibrary">
<arg>${locator}</arg>
<doc>Scrolls the element identified by ``locator`` into view.</doc>
<status status="PASS" start="2024-12-18T15:59:15.020863" elapsed="0.464955"/>
</kw>
<arg>${PICfinance}</arg>
<status status="PASS" start="2024-12-18T15:59:15.020863" elapsed="0.464955"/>
</kw>
<kw name="And user ubah tanggal akhir" owner="pom_detailProject_Aktif">
<kw name="Sleep" owner="BuiltIn">
<msg time="2024-12-18T15:59:18.488707" level="INFO">Slept 3 seconds.</msg>
<arg>3</arg>
<doc>Pauses the test executed for the given time.</doc>
<status status="PASS" start="2024-12-18T15:59:15.488334" elapsed="3.000373"/>
</kw>
<kw name="general Wait Until" owner="generalFunct">
<kw name="Wait Until Element Is Visible" owner="SeleniumLibrary">
<arg>${locator}</arg>
<arg>timeout=2s</arg>
<doc>Waits until the element ``locator`` is visible.</doc>
<status status="PASS" start="2024-12-18T15:59:18.488707" elapsed="0.033195"/>
</kw>
<arg>${fieldPICfinance}</arg>
<status status="PASS" start="2024-12-18T15:59:18.488707" elapsed="0.033195"/>
</kw>
<kw name="Wait Until Element Is Visible" owner="SeleniumLibrary">
<arg>${fieldPICfinance}</arg>
<doc>Waits until the element ``locator`` is visible.</doc>
<status status="PASS" start="2024-12-18T15:59:18.521902" elapsed="0.028660"/>
</kw>
<kw name="user scroll element" owner="generalFunct">
<kw name="Scroll Element Into View" owner="SeleniumLibrary">
<arg>${locator}</arg>
<doc>Scrolls the element identified by ``locator`` into view.</doc>
<status status="PASS" start="2024-12-18T15:59:18.550562" elapsed="0.300951"/>
</kw>
<arg>${PICfinance}</arg>
<status status="PASS" start="2024-12-18T15:59:18.550562" elapsed="0.300951"/>
</kw>
<kw name="tanggal berakhir" owner="pom_createProject">
<kw name="user click element" owner="generalFunct">
<kw name="Wait Until Element Is Visible" owner="SeleniumLibrary">
<arg>${element}</arg>
<doc>Waits until the element ``locator`` is visible.</doc>
<status status="PASS" start="2024-12-18T15:59:18.853506" elapsed="0.034170"/>
</kw>
<kw name="Click Element" owner="SeleniumLibrary">
<msg time="2024-12-18T15:59:18.888672" level="INFO">Clicking element 'xpath=//p[contains(text(), 'Estimasi tanggal berakhir')]/parent::div//input[@placeholder="-Select-"]'.</msg>
<msg time="2024-12-18T15:59:19.267443" level="INFO">${clickElement} = None</msg>
<var>${clickElement}</var>
<arg>${element}</arg>
<doc>Click the element identified by ``locator``.</doc>
<status status="PASS" start="2024-12-18T15:59:18.888672" elapsed="0.378771"/>
</kw>
<return>
<value>${clickElement}</value>
<status status="PASS" start="2024-12-18T15:59:19.267443" elapsed="0.000000"/>
</return>
<arg>${tanggalBerakhir_datePicker}</arg>
<status status="PASS" start="2024-12-18T15:59:18.852509" elapsed="0.414934"/>
</kw>
<kw name="user click element" owner="generalFunct">
<kw name="Wait Until Element Is Visible" owner="SeleniumLibrary">
<arg>${element}</arg>
<doc>Waits until the element ``locator`` is visible.</doc>
<status status="PASS" start="2024-12-18T15:59:19.283794" elapsed="0.042603"/>
</kw>
<kw name="Click Element" owner="SeleniumLibrary">
<msg time="2024-12-18T15:59:19.327394" level="INFO">Clicking element 'xpath=//div[@class='mud-picker-calendar-header-switch']/button[1]'.</msg>
<msg time="2024-12-18T15:59:19.537432" level="INFO">${clickElement} = None</msg>
<var>${clickElement}</var>
<arg>${element}</arg>
<doc>Click the element identified by ``locator``.</doc>
<status status="PASS" start="2024-12-18T15:59:19.326397" elapsed="0.211035"/>
</kw>
<return>
<value>${clickElement}</value>
<status status="PASS" start="2024-12-18T15:59:19.537432" elapsed="0.000000"/>
</return>
<arg>${loc}</arg>
<status status="PASS" start="2024-12-18T15:59:19.267443" elapsed="0.269989"/>
</kw>
<kw name="Get Text" owner="SeleniumLibrary">
<msg time="2024-12-18T15:59:19.577133" level="INFO">${textHeaderCalendar} = November 2024</msg>
<var>${textHeaderCalendar}</var>
<arg>${headerCalendar}</arg>
<doc>Returns the text value of the element identified by ``locator``.</doc>
<status status="PASS" start="2024-12-18T15:59:19.537432" elapsed="0.040698"/>
</kw>
<kw name="Get Random Angka" owner="generalFunct">
<kw name="Evaluate" owner="BuiltIn">
<msg time="2024-12-18T15:59:19.579130" level="INFO">${randomAngka} = 18</msg>
<var>${randomAngka}</var>
<arg>random.randint(1, ${angka} - 1)</arg>
<arg>random</arg>
<doc>Evaluates the given expression in Python and returns the result.</doc>
<status status="PASS" start="2024-12-18T15:59:19.579130" elapsed="0.000997"/>
</kw>
<if>
<branch type="IF" condition="${randomAngka} &lt; 10">
<kw name="Evaluate" owner="BuiltIn">
<var>${randomAngka}</var>
<arg>str(${randomAngka}).zfill(2)</arg>
<doc>Evaluates the given expression in Python and returns the result.</doc>
<status status="NOT RUN" start="2024-12-18T15:59:19.580127" elapsed="0.000000"/>
</kw>
<kw name="Set Global Variable" owner="BuiltIn">
<arg>${randomAngka}</arg>
<arg>${randomAngka}</arg>
<doc>Makes a variable available globally in all tests and suites.</doc>
<status status="NOT RUN" start="2024-12-18T15:59:19.581128" elapsed="0.000000"/>
</kw>
<kw name="Log" owner="BuiltIn">
<arg>${randomAngka}</arg>
<doc>Logs the given message with the given level.</doc>
<status status="NOT RUN" start="2024-12-18T15:59:19.581128" elapsed="0.000000"/>
</kw>
<status status="NOT RUN" start="2024-12-18T15:59:19.580127" elapsed="0.001001"/>
</branch>
<branch type="ELSE">
<kw name="Set Global Variable" owner="BuiltIn">
<msg time="2024-12-18T15:59:19.582120" level="INFO">${randomAngka} = 18</msg>
<arg>${randomAngka}</arg>
<arg>${randomAngka}</arg>
<doc>Makes a variable available globally in all tests and suites.</doc>
<status status="PASS" start="2024-12-18T15:59:19.581128" elapsed="0.000992"/>
</kw>
<status status="PASS" start="2024-12-18T15:59:19.581128" elapsed="0.001990"/>
</branch>
<status status="PASS" start="2024-12-18T15:59:19.580127" elapsed="0.002991"/>
</if>
<return>
<value>${randomAngka}</value>
<status status="PASS" start="2024-12-18T15:59:19.583118" elapsed="0.000000"/>
</return>
<arg>30</arg>
<status status="PASS" start="2024-12-18T15:59:19.578130" elapsed="0.005984"/>
</kw>
<kw name="general Wait Until" owner="generalFunct">
<kw name="Wait Until Element Is Visible" owner="SeleniumLibrary">
<arg>${locator}</arg>
<arg>timeout=2s</arg>
<doc>Waits until the element ``locator`` is visible.</doc>
<status status="PASS" start="2024-12-18T15:59:19.586111" elapsed="0.039728"/>
</kw>
<arg>xpath=//button[contains(@aria-label, '${randomAngka} ${textHeaderCalendar}')]</arg>
<status status="PASS" start="2024-12-18T15:59:19.585112" elapsed="0.040727"/>
</kw>
<kw name="user click element" owner="generalFunct">
<kw name="Wait Until Element Is Visible" owner="SeleniumLibrary">
<arg>${element}</arg>
<doc>Waits until the element ``locator`` is visible.</doc>
<status status="PASS" start="2024-12-18T15:59:19.626836" elapsed="0.024394"/>
</kw>
<kw name="Click Element" owner="SeleniumLibrary">
<msg time="2024-12-18T15:59:19.651230" level="INFO">Clicking element 'xpath=//button[contains(@aria-label, '18 November 2024')]'.</msg>
<msg time="2024-12-18T15:59:19.833907" level="INFO">${clickElement} = None</msg>
<var>${clickElement}</var>
<arg>${element}</arg>
<doc>Click the element identified by ``locator``.</doc>
<status status="PASS" start="2024-12-18T15:59:19.651230" elapsed="0.182677"/>
</kw>
<return>
<value>${clickElement}</value>
<status status="PASS" start="2024-12-18T15:59:19.833907" elapsed="0.000000"/>
</return>
<arg>xpath=//button[contains(@aria-label, '${randomAngka} ${textHeaderCalendar}')]</arg>
<status status="PASS" start="2024-12-18T15:59:19.626836" elapsed="0.208067"/>
</kw>
<arg>${prevMonth}</arg>
<status status="PASS" start="2024-12-18T15:59:18.852509" elapsed="0.982394"/>
</kw>
<status status="PASS" start="2024-12-18T15:59:15.485818" elapsed="4.349085"/>
</kw>
<kw name="And user click element" owner="generalFunct">
<kw name="Wait Until Element Is Visible" owner="SeleniumLibrary">
<arg>${element}</arg>
<doc>Waits until the element ``locator`` is visible.</doc>
<status status="PASS" start="2024-12-18T15:59:19.836900" elapsed="0.038290"/>
</kw>
<kw name="Click Element" owner="SeleniumLibrary">
<msg time="2024-12-18T15:59:19.875190" level="INFO">Clicking element 'xpath=//span[contains(text(),'Simpan')]/parent::span/parent::button'.</msg>
<msg time="2024-12-18T15:59:20.046475" level="INFO">${clickElement} = None</msg>
<var>${clickElement}</var>
<arg>${element}</arg>
<doc>Click the element identified by ``locator``.</doc>
<status status="PASS" start="2024-12-18T15:59:19.875190" elapsed="0.171285"/>
</kw>
<return>
<value>${clickElement}</value>
<status status="PASS" start="2024-12-18T15:59:20.046475" elapsed="0.000000"/>
</return>
<arg>${buttonSimpan}</arg>
<status status="PASS" start="2024-12-18T15:59:19.835902" elapsed="0.210573"/>
</kw>
<kw name="Then error for startDate and endDate" owner="generalFunct">
<kw name="general return status" owner="generalFunct">
<kw name="Run Keyword And Return Status" owner="BuiltIn">
<kw name="Wait Until Element Is Visible" owner="SeleniumLibrary">
<arg>${locator}</arg>
<arg>timeout=2s</arg>
<doc>Waits until the element ``locator`` is visible.</doc>
<status status="PASS" start="2024-12-18T15:59:20.048472" elapsed="0.035528"/>
</kw>
<msg time="2024-12-18T15:59:20.084000" level="INFO">${res} = True</msg>
<var>${res}</var>
<arg>Wait Until Element Is Visible</arg>
<arg>${locator}</arg>
<arg>timeout=2s</arg>
<doc>Runs the given keyword with given arguments and returns the status as a Boolean value.</doc>
<status status="PASS" start="2024-12-18T15:59:20.047472" elapsed="0.036528"/>
</kw>
<return>
<value>${res}</value>
<status status="PASS" start="2024-12-18T15:59:20.084000" elapsed="0.000000"/>
</return>
<msg time="2024-12-18T15:59:20.084000" level="INFO">${label} = True</msg>
<var>${label}</var>
<arg>xpath=//div[@class='col-md-6']/div/label</arg>
<status status="PASS" start="2024-12-18T15:59:20.047472" elapsed="0.036528"/>
</kw>
<for flavor="IN RANGE">
<iter>
<kw name="Run Keyword If" owner="BuiltIn">
<kw name="Get Text" owner="SeleniumLibrary">
<arg>xpath=//div[@class='col-md-6'][${counter}]/div/label</arg>
<doc>Returns the text value of the element identified by ``locator``.</doc>
<status status="PASS" start="2024-12-18T15:59:20.084000" elapsed="0.036268"/>
</kw>
<msg time="2024-12-18T15:59:20.120268" level="INFO">${text} = Harus sebelum tanggal berakhir</msg>
<var>${text}</var>
<arg>${label}</arg>
<arg>Get Text</arg>
<arg>xpath=//div[@class='col-md-6'][${counter}]/div/label</arg>
<arg>ELSE</arg>
<arg>Exit For Loop</arg>
<doc>Runs the given keyword with the given arguments, if ``condition`` is true.</doc>
<status status="PASS" start="2024-12-18T15:59:20.084000" elapsed="0.036268"/>
</kw>
<kw name="Log To Console" owner="BuiltIn">
<arg>${\n}Error State: ${text}</arg>
<doc>Logs the given message to the console.</doc>
<status status="PASS" start="2024-12-18T15:59:20.120268" elapsed="0.000000"/>
</kw>
<var name="${counter}">1</var>
<status status="PASS" start="2024-12-18T15:59:20.084000" elapsed="0.036268"/>
</iter>
<iter>
<kw name="Run Keyword If" owner="BuiltIn">
<kw name="Get Text" owner="SeleniumLibrary">
<arg>xpath=//div[@class='col-md-6'][${counter}]/div/label</arg>
<doc>Returns the text value of the element identified by ``locator``.</doc>
<status status="PASS" start="2024-12-18T15:59:20.133762" elapsed="0.031043"/>
</kw>
<msg time="2024-12-18T15:59:20.164805" level="INFO">${text} = Harus setelah tanggal mulai</msg>
<var>${text}</var>
<arg>${label}</arg>
<arg>Get Text</arg>
<arg>xpath=//div[@class='col-md-6'][${counter}]/div/label</arg>
<arg>ELSE</arg>
<arg>Exit For Loop</arg>
<doc>Runs the given keyword with the given arguments, if ``condition`` is true.</doc>
<status status="PASS" start="2024-12-18T15:59:20.120268" elapsed="0.044537"/>
</kw>
<kw name="Log To Console" owner="BuiltIn">
<arg>${\n}Error State: ${text}</arg>
<doc>Logs the given message to the console.</doc>
<status status="PASS" start="2024-12-18T15:59:20.164805" elapsed="0.002990"/>
</kw>
<var name="${counter}">2</var>
<status status="PASS" start="2024-12-18T15:59:20.120268" elapsed="0.047527"/>
</iter>
<var>${counter}</var>
<value>1</value>
<value>3</value>
<status status="PASS" start="2024-12-18T15:59:20.084000" elapsed="0.083795"/>
</for>
<status status="PASS" start="2024-12-18T15:59:20.047472" elapsed="0.121321"/>
</kw>
<status status="PASS" start="2024-12-18T15:58:55.071330" elapsed="25.097463"/>
</kw>
<kw name="End Web Test" owner="web_eProc" type="TEARDOWN">
<kw name="Log" owner="BuiltIn">
<msg time="2024-12-18T15:59:20.169799" level="INFO">Suite teardown initiated</msg>
<arg>Suite teardown initiated</arg>
<doc>Logs the given message with the given level.</doc>
<status status="PASS" start="2024-12-18T15:59:20.169799" elapsed="0.000000"/>
</kw>
<kw name="Close Browser" owner="SeleniumLibrary">
<doc>Closes the current browser.</doc>
<status status="PASS" start="2024-12-18T15:59:20.169799" elapsed="3.678649"/>
</kw>
<doc>Closes the browser after all tests in the suite have run</doc>
<status status="PASS" start="2024-12-18T15:59:20.169799" elapsed="3.678649"/>
</kw>
<doc>This scenario test User can change data tanggal berakhir project before tanggal mulai project</doc>
<tag>1000s</tag>
<tag>detail_project</tag>
<tag>test</tag>
<status status="PASS" start="2024-12-18T15:58:38.157168" elapsed="45.692274"/>
</test>
<test id="s1-t2" name="Tim OP can Changes Data PIC same to each other" line="15">
<kw name="Begin Web Test" owner="web_eProc" type="SETUP">
<kw name="Open Browser" owner="SeleniumLibrary">
<msg time="2024-12-18T15:59:23.851267" level="INFO">Opening browser 'chrome' to base url 'about:blank'.</msg>
<arg>about:blank</arg>
<arg>${BROWSER}</arg>
<doc>Opens a new browser instance to the optional ``url``.</doc>
<status status="PASS" start="2024-12-18T15:59:23.851267" elapsed="3.867518"/>
</kw>
<kw name="Maximize Browser Window" owner="SeleniumLibrary">
<doc>Maximizes current browser window.</doc>
<status status="PASS" start="2024-12-18T15:59:27.719782" elapsed="0.033904"/>
</kw>
<kw name="Go To" owner="SeleniumLibrary">
<msg time="2024-12-18T15:59:27.753686" level="INFO">Opening url 'https://dev-proyek.1000saudara.com/Login'</msg>
<arg>${URL}</arg>
<doc>Navigates the current browser window to the provided ``url``.</doc>
<status status="PASS" start="2024-12-18T15:59:27.753686" elapsed="12.085288"/>
</kw>
<status status="PASS" start="2024-12-18T15:59:23.851267" elapsed="15.987707"/>
</kw>
<kw name="User change PIC to same each other" owner="detailProject_Aktif">
<kw name="Given User go to detail Project Page" owner="detailProject_Aktif">
<kw name="Given User can access Home Login 1000s" owner="login">
<kw name="Then user go to home page E-Proc1000s" owner="pom_login_eProc">
<kw name="user visit E-Proc1000s Login Page" owner="pom_login_eProc">
<kw name="Get Location" owner="SeleniumLibrary">
<msg time="2024-12-18T15:59:39.854336" level="INFO">${current_url} = https://dev-proyek.1000saudara.com/Login</msg>
<var>${current_url}</var>
<doc>Returns the current browser window URL.</doc>
<status status="PASS" start="2024-12-18T15:59:39.842834" elapsed="0.011502"/>
</kw>
<kw name="Log" owner="BuiltIn">
<msg time="2024-12-18T15:59:39.855373" level="INFO">Current Path: https://dev-proyek.1000saudara.com/Login</msg>
<arg>Current Path: ${current_url}</arg>
<doc>Logs the given message with the given level.</doc>
<status status="PASS" start="2024-12-18T15:59:39.854336" elapsed="0.001037"/>
</kw>
<kw name="general return status" owner="generalFunct">
<kw name="Run Keyword And Return Status" owner="BuiltIn">
<kw name="Wait Until Element Is Visible" owner="SeleniumLibrary">
<msg time="2024-12-18T15:59:42.122277" level="INFO" html="true">&lt;/td&gt;&lt;/tr&gt;&lt;tr&gt;&lt;td colspan="3"&gt;&lt;a href="selenium-screenshot-441.png"&gt;&lt;img src="selenium-screenshot-441.png" width="800px"&gt;&lt;/a&gt;</msg>
<msg time="2024-12-18T15:59:42.123274" level="FAIL">Element 'xpath=//p[contains(text(), 'Log')]' not visible after 2 seconds.</msg>
<arg>${locator}</arg>
<arg>timeout=2s</arg>
<doc>Waits until the element ``locator`` is visible.</doc>
<status status="FAIL" start="2024-12-18T15:59:39.856339" elapsed="2.267932">Element 'xpath=//p[contains(text(), 'Log')]' not visible after 2 seconds.</status>
</kw>
<msg time="2024-12-18T15:59:42.125269" level="INFO">${res} = False</msg>
<var>${res}</var>
<arg>Wait Until Element Is Visible</arg>
<arg>${locator}</arg>
<arg>timeout=2s</arg>
<doc>Runs the given keyword with given arguments and returns the status as a Boolean value.</doc>
<status status="PASS" start="2024-12-18T15:59:39.856339" elapsed="2.268930"/>
</kw>
<return>
<value>${res}</value>
<status status="PASS" start="2024-12-18T15:59:42.125269" elapsed="0.000000"/>
</return>
<msg time="2024-12-18T15:59:42.125269" level="INFO">${res} = False</msg>
<var>${res}</var>
<arg>${headerLogin}</arg>
<status status="PASS" start="2024-12-18T15:59:39.855373" elapsed="2.270893"/>
</kw>
<while condition="${res} == $False">
<iter>
<kw name="Reload Page" owner="SeleniumLibrary">
<doc>Simulates user reloading page.</doc>
<status status="PASS" start="2024-12-18T15:59:42.127264" elapsed="0.598823"/>
</kw>
<kw name="Sleep" owner="BuiltIn">
<msg time="2024-12-18T15:59:44.227719" level="INFO">Slept 1 second 500 milliseconds.</msg>
<arg>1.5s</arg>
<doc>Pauses the test executed for the given time.</doc>
<status status="PASS" start="2024-12-18T15:59:42.726087" elapsed="1.501632"/>
</kw>
<kw name="general return status" owner="generalFunct">
<kw name="Run Keyword And Return Status" owner="BuiltIn">
<kw name="Wait Until Element Is Visible" owner="SeleniumLibrary">
<msg time="2024-12-18T15:59:46.485560" level="INFO" html="true">&lt;/td&gt;&lt;/tr&gt;&lt;tr&gt;&lt;td colspan="3"&gt;&lt;a href="selenium-screenshot-442.png"&gt;&lt;img src="selenium-screenshot-442.png" width="800px"&gt;&lt;/a&gt;</msg>
<msg time="2024-12-18T15:59:46.486558" level="FAIL">Element 'xpath=//p[contains(text(), 'Log')]' not visible after 2 seconds.</msg>
<arg>${locator}</arg>
<arg>timeout=2s</arg>
<doc>Waits until the element ``locator`` is visible.</doc>
<status status="FAIL" start="2024-12-18T15:59:44.229781" elapsed="2.257775">Element 'xpath=//p[contains(text(), 'Log')]' not visible after 2 seconds.</status>
</kw>
<msg time="2024-12-18T15:59:46.488553" level="INFO">${res} = False</msg>
<var>${res}</var>
<arg>Wait Until Element Is Visible</arg>
<arg>${locator}</arg>
<arg>timeout=2s</arg>
<doc>Runs the given keyword with given arguments and returns the status as a Boolean value.</doc>
<status status="PASS" start="2024-12-18T15:59:44.228782" elapsed="2.259771"/>
</kw>
<return>
<value>${res}</value>
<status status="PASS" start="2024-12-18T15:59:46.488553" elapsed="0.000000"/>
</return>
<msg time="2024-12-18T15:59:46.488553" level="INFO">${res} = False</msg>
<var>${res}</var>
<arg>${headerLogin}</arg>
<status status="PASS" start="2024-12-18T15:59:44.227719" elapsed="2.260834"/>
</kw>
<status status="PASS" start="2024-12-18T15:59:42.126266" elapsed="4.362287"/>
</iter>
<iter>
<kw name="Reload Page" owner="SeleniumLibrary">
<doc>Simulates user reloading page.</doc>
<status status="PASS" start="2024-12-18T15:59:46.489554" elapsed="0.380357"/>
</kw>
<kw name="Sleep" owner="BuiltIn">
<msg time="2024-12-18T15:59:48.370196" level="INFO">Slept 1 second 500 milliseconds.</msg>
<arg>1.5s</arg>
<doc>Pauses the test executed for the given time.</doc>
<status status="PASS" start="2024-12-18T15:59:46.869911" elapsed="1.500285"/>
</kw>
<kw name="general return status" owner="generalFunct">
<kw name="Run Keyword And Return Status" owner="BuiltIn">
<kw name="Wait Until Element Is Visible" owner="SeleniumLibrary">
<arg>${locator}</arg>
<arg>timeout=2s</arg>
<doc>Waits until the element ``locator`` is visible.</doc>
<status status="PASS" start="2024-12-18T15:59:48.370196" elapsed="2.944633"/>
</kw>
<msg time="2024-12-18T15:59:51.315825" level="INFO">${res} = True</msg>
<var>${res}</var>
<arg>Wait Until Element Is Visible</arg>
<arg>${locator}</arg>
<arg>timeout=2s</arg>
<doc>Runs the given keyword with given arguments and returns the status as a Boolean value.</doc>
<status status="PASS" start="2024-12-18T15:59:48.370196" elapsed="2.945629"/>
</kw>
<return>
<value>${res}</value>
<status status="PASS" start="2024-12-18T15:59:51.315825" elapsed="0.000000"/>
</return>
<msg time="2024-12-18T15:59:51.316822" level="INFO">${res} = True</msg>
<var>${res}</var>
<arg>${headerLogin}</arg>
<status status="PASS" start="2024-12-18T15:59:48.370196" elapsed="2.946626"/>
</kw>
<status status="PASS" start="2024-12-18T15:59:46.488553" elapsed="4.828269"/>
</iter>
<status status="PASS" start="2024-12-18T15:59:42.126266" elapsed="9.190556"/>
</while>
<status status="PASS" start="2024-12-18T15:59:39.841836" elapsed="11.475984"/>
</kw>
<kw name="user login E-Proc1000s Page" owner="pom_login_eProc">
<kw name="Wait Until Element Is Visible" owner="SeleniumLibrary">
<arg>${inputPassword}</arg>
<doc>Waits until the element ``locator`` is visible.</doc>
<status status="PASS" start="2024-12-18T15:59:51.318817" elapsed="0.027112"/>
</kw>
<kw name="Input Text" owner="SeleniumLibrary">
<msg time="2024-12-18T15:59:51.345929" level="INFO">Typing text '085210758864' into text field 'xpath=//input[@id='TxtPhone']'.</msg>
<arg>${inputUsername}</arg>
<arg>${ROLE_ADMIN}</arg>
<doc>Types the given ``text`` into the text field identified by ``locator``.</doc>
<status status="PASS" start="2024-12-18T15:59:51.345929" elapsed="0.581169"/>
</kw>
<kw name="Input Password" owner="SeleniumLibrary">
<msg time="2024-12-18T15:59:51.928484" level="INFO">Typing password into text field 'xpath=//input[@id='pwd']'.</msg>
<msg time="2024-12-18T15:59:52.007025" level="INFO">Temporally setting log level to: NONE</msg>
<arg>${inputPassword}</arg>
<arg>${PASSWORD}</arg>
<doc>Types the given password into the text field identified by ``locator``.</doc>
<status status="PASS" start="2024-12-18T15:59:51.927486" elapsed="0.339240"/>
</kw>
<kw name="Press Key" owner="SeleniumLibrary">
<arg>${inputPassword}</arg>
<arg>\\13</arg>
<doc>Simulates user pressing key on element identified by ``locator``.</doc>
<status status="PASS" start="2024-12-18T15:59:52.266726" elapsed="0.204935"/>
</kw>
<kw name="Wait Until Element Is Visible" owner="SeleniumLibrary">
<arg>${listFilter}</arg>
<doc>Waits until the element ``locator`` is visible.</doc>
<status status="PASS" start="2024-12-18T15:59:52.472658" elapsed="3.533072"/>
</kw>
<kw name="Sleep" owner="BuiltIn">
<msg time="2024-12-18T15:59:59.006988" level="INFO">Slept 3 seconds.</msg>
<arg>3</arg>
<doc>Pauses the test executed for the given time.</doc>
<status status="PASS" start="2024-12-18T15:59:56.006727" elapsed="3.000261"/>
</kw>
<status status="PASS" start="2024-12-18T15:59:51.317820" elapsed="7.689168"/>
</kw>
<kw name="Wait Until Element Is Visible" owner="SeleniumLibrary">
<arg>${listFilter}</arg>
<doc>Waits until the element ``locator`` is visible.</doc>
<status status="PASS" start="2024-12-18T15:59:59.007987" elapsed="0.068982"/>
</kw>
<kw name="Wait Until Element Is Visible" owner="SeleniumLibrary">
<arg>${titleProject}</arg>
<doc>Waits until the element ``locator`` is visible.</doc>
<status status="PASS" start="2024-12-18T15:59:59.076969" elapsed="0.097863"/>
</kw>
<kw name="Get Text" owner="SeleniumLibrary">
<msg time="2024-12-18T15:59:59.211086" level="INFO">${title} = Manajemen Project</msg>
<var>${title}</var>
<arg>${titleProject}</arg>
<doc>Returns the text value of the element identified by ``locator``.</doc>
<status status="PASS" start="2024-12-18T15:59:59.174832" elapsed="0.036254"/>
</kw>
<kw name="Log To Console" owner="BuiltIn">
<arg>${\n}${title}</arg>
<doc>Logs the given message to the console.</doc>
<status status="PASS" start="2024-12-18T15:59:59.211086" elapsed="0.000000"/>
</kw>
<status status="PASS" start="2024-12-18T15:59:39.841836" elapsed="19.369250"/>
</kw>
<status status="PASS" start="2024-12-18T15:59:39.840876" elapsed="19.370210"/>
</kw>
<kw name="When user click Detail on Project" owner="pom_detailProject_MenungguPersetujuan">
<kw name="Get Length" owner="BuiltIn">
<msg time="2024-12-18T15:59:59.211086" level="INFO">Length is 22.</msg>
<msg time="2024-12-18T15:59:59.211086" level="INFO">${len} = 22</msg>
<var>${len}</var>
<arg>xpath=//tbody/tr/td[5]</arg>
<doc>Returns and logs the length of the given item as an integer.</doc>
<status status="PASS" start="2024-12-18T15:59:59.211086" elapsed="0.000000"/>
</kw>
<kw name="Sleep" owner="BuiltIn">
<msg time="2024-12-18T16:00:02.211213" level="INFO">Slept 3 seconds.</msg>
<arg>3</arg>
<doc>Pauses the test executed for the given time.</doc>
<status status="PASS" start="2024-12-18T15:59:59.211086" elapsed="3.000127"/>
</kw>
<for flavor="IN RANGE">
<iter>
<kw name="general return status" owner="generalFunct">
<kw name="Run Keyword And Return Status" owner="BuiltIn">
<kw name="Wait Until Element Is Visible" owner="SeleniumLibrary">
<arg>${locator}</arg>
<arg>timeout=2s</arg>
<doc>Waits until the element ``locator`` is visible.</doc>
<status status="PASS" start="2024-12-18T16:00:02.213242" elapsed="0.029783"/>
</kw>
<msg time="2024-12-18T16:00:02.243025" level="INFO">${res} = True</msg>
<var>${res}</var>
<arg>Wait Until Element Is Visible</arg>
<arg>${locator}</arg>
<arg>timeout=2s</arg>
<doc>Runs the given keyword with given arguments and returns the status as a Boolean value.</doc>
<status status="PASS" start="2024-12-18T16:00:02.212249" elapsed="0.030776"/>
</kw>
<return>
<value>${res}</value>
<status status="PASS" start="2024-12-18T16:00:02.243025" elapsed="0.000000"/>
</return>
<msg time="2024-12-18T16:00:02.243025" level="INFO">${res} = True</msg>
<var>${res}</var>
<arg>xpath=//tbody/tr/td[5]//div[contains(.,'${textStatus}')]</arg>
<status status="PASS" start="2024-12-18T16:00:02.212249" elapsed="0.030776"/>
</kw>
<if>
<branch type="IF" condition="${res}">
<kw name="check in project list" owner="pom_detailProject_MenungguPersetujuan">
<for flavor="IN RANGE">
<iter>
<kw name="general return status" owner="generalFunct">
<kw name="Run Keyword And Return Status" owner="BuiltIn">
<kw name="Wait Until Element Is Visible" owner="SeleniumLibrary">
<msg time="2024-12-18T16:00:04.510707" level="INFO" html="true">&lt;/td&gt;&lt;/tr&gt;&lt;tr&gt;&lt;td colspan="3"&gt;&lt;a href="selenium-screenshot-443.png"&gt;&lt;img src="selenium-screenshot-443.png" width="800px"&gt;&lt;/a&gt;</msg>
<msg time="2024-12-18T16:00:04.510707" level="FAIL">Element 'xpath=//tbody/tr[1]/td[5]//div[contains(.,'Aktif')]' not visible after 2 seconds.</msg>
<arg>${locator}</arg>
<arg>timeout=2s</arg>
<doc>Waits until the element ``locator`` is visible.</doc>
<status status="FAIL" start="2024-12-18T16:00:02.243025" elapsed="2.267682">Element 'xpath=//tbody/tr[1]/td[5]//div[contains(.,'Aktif')]' not visible after 2 seconds.</status>
</kw>
<msg time="2024-12-18T16:00:04.510707" level="INFO">${res} = False</msg>
<var>${res}</var>
<arg>Wait Until Element Is Visible</arg>
<arg>${locator}</arg>
<arg>timeout=2s</arg>
<doc>Runs the given keyword with given arguments and returns the status as a Boolean value.</doc>
<status status="PASS" start="2024-12-18T16:00:02.243025" elapsed="2.267682"/>
</kw>
<return>
<value>${res}</value>
<status status="PASS" start="2024-12-18T16:00:04.510707" elapsed="0.000000"/>
</return>
<msg time="2024-12-18T16:00:04.510707" level="INFO">${res} = False</msg>
<var>${res}</var>
<arg>xpath=//tbody/tr[${counter}]/td[5]//div[contains(.,'${textStatusProject}')]</arg>
<status status="PASS" start="2024-12-18T16:00:02.243025" elapsed="2.267682"/>
</kw>
<if>
<branch type="IF" condition="${res}">
<kw name="Get Text" owner="SeleniumLibrary">
<var>${text}</var>
<arg>xpath=//tbody/tr[${counter}]/td[1]</arg>
<doc>Returns the text value of the element identified by ``locator``.</doc>
<status status="NOT RUN" start="2024-12-18T16:00:04.510707" elapsed="0.000000"/>
</kw>
<kw name="Get Text" owner="SeleniumLibrary">
<var>${status}</var>
<arg>xpath=//tbody/tr[${counter}]/td[5]</arg>
<doc>Returns the text value of the element identified by ``locator``.</doc>
<status status="NOT RUN" start="2024-12-18T16:00:04.510707" elapsed="0.000000"/>
</kw>
<kw name="user click element" owner="generalFunct">
<arg>xpath=//tbody/tr[${counter}]/td[6]</arg>
<status status="NOT RUN" start="2024-12-18T16:00:04.510707" elapsed="0.000000"/>
</kw>
<kw name="general Wait Until" owner="generalFunct">
<arg>xpath=//span[normalize-space()='Detail Project']</arg>
<status status="NOT RUN" start="2024-12-18T16:00:04.510707" elapsed="0.000000"/>
</kw>
<kw name="general Wait Until" owner="generalFunct">
<arg>${namaProject_onDetailPage}</arg>
<status status="NOT RUN" start="2024-12-18T16:00:04.510707" elapsed="0.000000"/>
</kw>
<kw name="Get Text" owner="SeleniumLibrary">
<var>${nameProject}</var>
<arg>${namaProject_onDetailPage}</arg>
<doc>Returns the text value of the element identified by ``locator``.</doc>
<status status="NOT RUN" start="2024-12-18T16:00:04.510707" elapsed="0.000000"/>
</kw>
<kw name="Get Text" owner="SeleniumLibrary">
<var>${status_onDetailPage}</var>
<arg>${statusProject}</arg>
<doc>Returns the text value of the element identified by ``locator``.</doc>
<status status="NOT RUN" start="2024-12-18T16:00:04.510707" elapsed="0.000000"/>
</kw>
<kw name="Log To Console" owner="BuiltIn">
<arg>Nama Project: ${nameProject}</arg>
<doc>Logs the given message to the console.</doc>
<status status="NOT RUN" start="2024-12-18T16:00:04.510707" elapsed="0.000000"/>
</kw>
<kw name="Log To Console" owner="BuiltIn">
<arg>Status Project: ${status_onDetailPage}</arg>
<doc>Logs the given message to the console.</doc>
<status status="NOT RUN" start="2024-12-18T16:00:04.510707" elapsed="0.000000"/>
</kw>
<kw name="Set Global Variable" owner="BuiltIn">
<arg>${nameProject_MenungguPersetujuan}</arg>
<arg>${nameProject}</arg>
<doc>Makes a variable available globally in all tests and suites.</doc>
<status status="NOT RUN" start="2024-12-18T16:00:04.510707" elapsed="0.000000"/>
</kw>
<kw name="Should Be Equal" owner="BuiltIn">
<arg>${nameProject}</arg>
<arg>${text}</arg>
<doc>Fails if the given objects are unequal.</doc>
<status status="NOT RUN" start="2024-12-18T16:00:04.510707" elapsed="0.000000"/>
</kw>
<kw name="Should Be Equal" owner="BuiltIn">
<arg>${status_onDetailPage}</arg>
<arg>${status}</arg>
<doc>Fails if the given objects are unequal.</doc>
<status status="NOT RUN" start="2024-12-18T16:00:04.510707" elapsed="0.000000"/>
</kw>
<kw name="Exit For Loop" owner="BuiltIn">
<doc>Stops executing the enclosing FOR loop.</doc>
<status status="NOT RUN" start="2024-12-18T16:00:04.510707" elapsed="0.000000"/>
</kw>
<status status="NOT RUN" start="2024-12-18T16:00:04.510707" elapsed="0.000000"/>
</branch>
<status status="PASS" start="2024-12-18T16:00:04.510707" elapsed="0.000000"/>
</if>
<var name="${counter}">1</var>
<status status="PASS" start="2024-12-18T16:00:02.243025" elapsed="2.267682"/>
</iter>
<iter>
<kw name="general return status" owner="generalFunct">
<kw name="Run Keyword And Return Status" owner="BuiltIn">
<kw name="Wait Until Element Is Visible" owner="SeleniumLibrary">
<arg>${locator}</arg>
<arg>timeout=2s</arg>
<doc>Waits until the element ``locator`` is visible.</doc>
<status status="PASS" start="2024-12-18T16:00:04.510707" elapsed="0.032162"/>
</kw>
<msg time="2024-12-18T16:00:04.542869" level="INFO">${res} = True</msg>
<var>${res}</var>
<arg>Wait Until Element Is Visible</arg>
<arg>${locator}</arg>
<arg>timeout=2s</arg>
<doc>Runs the given keyword with given arguments and returns the status as a Boolean value.</doc>
<status status="PASS" start="2024-12-18T16:00:04.510707" elapsed="0.032162"/>
</kw>
<return>
<value>${res}</value>
<status status="PASS" start="2024-12-18T16:00:04.542869" elapsed="0.000000"/>
</return>
<msg time="2024-12-18T16:00:04.542869" level="INFO">${res} = True</msg>
<var>${res}</var>
<arg>xpath=//tbody/tr[${counter}]/td[5]//div[contains(.,'${textStatusProject}')]</arg>
<status status="PASS" start="2024-12-18T16:00:04.510707" elapsed="0.032162"/>
</kw>
<if>
<branch type="IF" condition="${res}">
<kw name="Get Text" owner="SeleniumLibrary">
<msg time="2024-12-18T16:00:04.582438" level="INFO">${text} = Sweitz Ghe</msg>
<var>${text}</var>
<arg>xpath=//tbody/tr[${counter}]/td[1]</arg>
<doc>Returns the text value of the element identified by ``locator``.</doc>
<status status="PASS" start="2024-12-18T16:00:04.542869" elapsed="0.039569"/>
</kw>
<kw name="Get Text" owner="SeleniumLibrary">
<msg time="2024-12-18T16:00:04.610292" level="INFO">${status} = Aktif</msg>
<var>${status}</var>
<arg>xpath=//tbody/tr[${counter}]/td[5]</arg>
<doc>Returns the text value of the element identified by ``locator``.</doc>
<status status="PASS" start="2024-12-18T16:00:04.582438" elapsed="0.027854"/>
</kw>
<kw name="user click element" owner="generalFunct">
<kw name="Wait Until Element Is Visible" owner="SeleniumLibrary">
<arg>${element}</arg>
<doc>Waits until the element ``locator`` is visible.</doc>
<status status="PASS" start="2024-12-18T16:00:04.610292" elapsed="0.036231"/>
</kw>
<kw name="Click Element" owner="SeleniumLibrary">
<msg time="2024-12-18T16:00:04.647527" level="INFO">Clicking element 'xpath=//tbody/tr[2]/td[6]'.</msg>
<msg time="2024-12-18T16:00:04.819607" level="INFO">${clickElement} = None</msg>
<var>${clickElement}</var>
<arg>${element}</arg>
<doc>Click the element identified by ``locator``.</doc>
<status status="PASS" start="2024-12-18T16:00:04.647527" elapsed="0.172080"/>
</kw>
<return>
<value>${clickElement}</value>
<status status="PASS" start="2024-12-18T16:00:04.819607" elapsed="0.000000"/>
</return>
<arg>xpath=//tbody/tr[${counter}]/td[6]</arg>
<status status="PASS" start="2024-12-18T16:00:04.610292" elapsed="0.210312"/>
</kw>
<kw name="general Wait Until" owner="generalFunct">
<kw name="Wait Until Element Is Visible" owner="SeleniumLibrary">
<arg>${locator}</arg>
<arg>timeout=2s</arg>
<doc>Waits until the element ``locator`` is visible.</doc>
<status status="PASS" start="2024-12-18T16:00:04.821601" elapsed="0.775725"/>
</kw>
<arg>xpath=//span[normalize-space()='Detail Project']</arg>
<status status="PASS" start="2024-12-18T16:00:04.820604" elapsed="0.777720"/>
</kw>
<kw name="general Wait Until" owner="generalFunct">
<kw name="Wait Until Element Is Visible" owner="SeleniumLibrary">
<arg>${locator}</arg>
<arg>timeout=2s</arg>
<doc>Waits until the element ``locator`` is visible.</doc>
<status status="PASS" start="2024-12-18T16:00:05.600320" elapsed="0.044936"/>
</kw>
<arg>${namaProject_onDetailPage}</arg>
<status status="PASS" start="2024-12-18T16:00:05.598324" elapsed="0.046932"/>
</kw>
<kw name="Get Text" owner="SeleniumLibrary">
<msg time="2024-12-18T16:00:05.666974" level="INFO">${nameProject} = Sweitz Ghe</msg>
<var>${nameProject}</var>
<arg>${namaProject_onDetailPage}</arg>
<doc>Returns the text value of the element identified by ``locator``.</doc>
<status status="PASS" start="2024-12-18T16:00:05.646254" elapsed="0.020720"/>
</kw>
<kw name="Get Text" owner="SeleniumLibrary">
<msg time="2024-12-18T16:00:05.676981" level="INFO">${status_onDetailPage} = Aktif</msg>
<var>${status_onDetailPage}</var>
<arg>${statusProject}</arg>
<doc>Returns the text value of the element identified by ``locator``.</doc>
<status status="PASS" start="2024-12-18T16:00:05.666974" elapsed="0.010007"/>
</kw>
<kw name="Log To Console" owner="BuiltIn">
<arg>Nama Project: ${nameProject}</arg>
<doc>Logs the given message to the console.</doc>
<status status="PASS" start="2024-12-18T16:00:05.676981" elapsed="0.000000"/>
</kw>
<kw name="Log To Console" owner="BuiltIn">
<arg>Status Project: ${status_onDetailPage}</arg>
<doc>Logs the given message to the console.</doc>
<status status="PASS" start="2024-12-18T16:00:05.692605" elapsed="0.000000"/>
</kw>
<kw name="Set Global Variable" owner="BuiltIn">
<msg time="2024-12-18T16:00:05.692605" level="INFO">${nameProject_MenungguPersetujuan} = Sweitz Ghe</msg>
<arg>${nameProject_MenungguPersetujuan}</arg>
<arg>${nameProject}</arg>
<doc>Makes a variable available globally in all tests and suites.</doc>
<status status="PASS" start="2024-12-18T16:00:05.692605" elapsed="0.000000"/>
</kw>
<kw name="Should Be Equal" owner="BuiltIn">
<arg>${nameProject}</arg>
<arg>${text}</arg>
<doc>Fails if the given objects are unequal.</doc>
<status status="PASS" start="2024-12-18T16:00:05.692605" elapsed="0.000000"/>
</kw>
<kw name="Should Be Equal" owner="BuiltIn">
<arg>${status_onDetailPage}</arg>
<arg>${status}</arg>
<doc>Fails if the given objects are unequal.</doc>
<status status="PASS" start="2024-12-18T16:00:05.692605" elapsed="0.000000"/>
</kw>
<kw name="Exit For Loop" owner="BuiltIn">
<msg time="2024-12-18T16:00:05.692605" level="INFO">Exiting for loop altogether.</msg>
<doc>Stops executing the enclosing FOR loop.</doc>
<status status="PASS" start="2024-12-18T16:00:05.692605" elapsed="0.000000"/>
</kw>
<status status="PASS" start="2024-12-18T16:00:04.542869" elapsed="1.149736"/>
</branch>
<status status="PASS" start="2024-12-18T16:00:04.542869" elapsed="1.149736"/>
</if>
<var name="${counter}">2</var>
<status status="PASS" start="2024-12-18T16:00:04.510707" elapsed="1.181898"/>
</iter>
<var>${counter}</var>
<value>1</value>
<value>10</value>
<status status="PASS" start="2024-12-18T16:00:02.243025" elapsed="3.449580"/>
</for>
<arg>${textStatus}</arg>
<status status="PASS" start="2024-12-18T16:00:02.243025" elapsed="3.449580"/>
</kw>
<kw name="Exit For Loop" owner="BuiltIn">
<msg time="2024-12-18T16:00:05.692605" level="INFO">Exiting for loop altogether.</msg>
<doc>Stops executing the enclosing FOR loop.</doc>
<status status="PASS" start="2024-12-18T16:00:05.692605" elapsed="0.000000"/>
</kw>
<status status="PASS" start="2024-12-18T16:00:02.243025" elapsed="3.449580"/>
</branch>
<branch type="ELSE">
<kw name="general return status" owner="generalFunct">
<var>${next}</var>
<arg>${nextPage}</arg>
<status status="NOT RUN" start="2024-12-18T16:00:05.692605" elapsed="0.000000"/>
</kw>
<kw name="Run Keyword If" owner="BuiltIn">
<arg>${next}</arg>
<arg>user click element</arg>
<arg>${nextPage}</arg>
<doc>Runs the given keyword with the given arguments, if ``condition`` is true.</doc>
<status status="NOT RUN" start="2024-12-18T16:00:05.692605" elapsed="0.000000"/>
</kw>
<status status="NOT RUN" start="2024-12-18T16:00:05.692605" elapsed="0.000000"/>
</branch>
<status status="PASS" start="2024-12-18T16:00:02.243025" elapsed="3.449580"/>
</if>
<var name="${counter}">1</var>
<status status="PASS" start="2024-12-18T16:00:02.211213" elapsed="3.481392"/>
</iter>
[...]
</return>
<msg time="2024-12-18T16:02:02.491439" level="INFO">${res} = True</msg>
<var>${res}</var>
<arg>xpath=//div[@class='w-100']/div[${counter}]</arg>
<status status="PASS" start="2024-12-18T16:02:02.457738" elapsed="0.033701"/>
</kw>
<if>
<branch type="IF" condition="${res}">
<kw name="Get Text" owner="SeleniumLibrary">
<msg time="2024-12-18T16:02:02.524736" level="INFO">${text} = Finance</msg>
<var>${text}</var>
<arg>xpath=//div[@class='w-100']/div[${counter}]/div[1]/span</arg>
<doc>Returns the text value of the element identified by ``locator``.</doc>
<status status="PASS" start="2024-12-18T16:02:02.491439" elapsed="0.033297"/>
</kw>
<kw name="Get Text" owner="SeleniumLibrary">
<msg time="2024-12-18T16:02:02.557130" level="INFO">${textName} = gonsfin</msg>
<var>${textName}</var>
<arg>xpath=//div[@class='w-100']/div[${counter}]/div[2]/span[2]</arg>
<doc>Returns the text value of the element identified by ``locator``.</doc>
<status status="PASS" start="2024-12-18T16:02:02.524736" elapsed="0.032394"/>
</kw>
<kw name="Log To Console" owner="BuiltIn">
<arg>${text}: ${textName}</arg>
<doc>Logs the given message to the console.</doc>
<status status="PASS" start="2024-12-18T16:02:02.557130" elapsed="0.000000"/>
</kw>
<kw name="Get Text" owner="SeleniumLibrary">
<msg time="2024-12-18T16:02:02.588778" level="INFO">${textBorder} = Total pembelian</msg>
<var>${textBorder}</var>
<arg>xpath=//div[@class="w-100 borderRight "]/div[${counter}]/div[1]/span</arg>
<doc>Returns the text value of the element identified by ``locator``.</doc>
<status status="PASS" start="2024-12-18T16:02:02.557130" elapsed="0.031648"/>
</kw>
<kw name="Get Text" owner="SeleniumLibrary">
<msg time="2024-12-18T16:02:02.618683" level="INFO">${textBorderRight} = Rp 0</msg>
<var>${textBorderRight}</var>
<arg>xpath=//div[@class="w-100 borderRight "]/div[${counter}]/div[2]/span[2]</arg>
<doc>Returns the text value of the element identified by ``locator``.</doc>
<status status="PASS" start="2024-12-18T16:02:02.588778" elapsed="0.029905"/>
</kw>
<kw name="Log To Console" owner="BuiltIn">
<arg>${textBorder}: ${textBorderRight}</arg>
<doc>Logs the given message to the console.</doc>
<status status="PASS" start="2024-12-18T16:02:02.618683" elapsed="0.001350"/>
</kw>
<status status="PASS" start="2024-12-18T16:02:02.491439" elapsed="0.128594"/>
</branch>
<branch type="ELSE">
<kw name="Exit For Loop" owner="BuiltIn">
<doc>Stops executing the enclosing FOR loop.</doc>
<status status="NOT RUN" start="2024-12-18T16:02:02.620033" elapsed="0.000000"/>
</kw>
<status status="NOT RUN" start="2024-12-18T16:02:02.620033" elapsed="0.000000"/>
</branch>
<status status="PASS" start="2024-12-18T16:02:02.491439" elapsed="0.128594"/>
</if>
<var name="${counter}">3</var>
<status status="PASS" start="2024-12-18T16:02:02.457738" elapsed="0.162295"/>
</iter>
<iter>
<kw name="general return status" owner="generalFunct">
<kw name="Run Keyword And Return Status" owner="BuiltIn">
<kw name="Wait Until Element Is Visible" owner="SeleniumLibrary">
<msg time="2024-12-18T16:02:04.856630" level="INFO" html="true">&lt;/td&gt;&lt;/tr&gt;&lt;tr&gt;&lt;td colspan="3"&gt;&lt;a href="selenium-screenshot-452.png"&gt;&lt;img src="selenium-screenshot-452.png" width="800px"&gt;&lt;/a&gt;</msg>
<msg time="2024-12-18T16:02:04.856630" level="FAIL">Element 'xpath=//div[@class='w-100']/div[4]' not visible after 2 seconds.</msg>
<arg>${locator}</arg>
<arg>timeout=2s</arg>
<doc>Waits until the element ``locator`` is visible.</doc>
<status status="FAIL" start="2024-12-18T16:02:02.622076" elapsed="2.234554">Element 'xpath=//div[@class='w-100']/div[4]' not visible after 2 seconds.</status>
</kw>
<msg time="2024-12-18T16:02:04.856630" level="INFO">${res} = False</msg>
<var>${res}</var>
<arg>Wait Until Element Is Visible</arg>
<arg>${locator}</arg>
<arg>timeout=2s</arg>
<doc>Runs the given keyword with given arguments and returns the status as a Boolean value.</doc>
<status status="PASS" start="2024-12-18T16:02:02.621075" elapsed="2.235555"/>
</kw>
<return>
<value>${res}</value>
<status status="PASS" start="2024-12-18T16:02:04.856630" elapsed="0.000000"/>
</return>
<msg time="2024-12-18T16:02:04.856630" level="INFO">${res} = False</msg>
<var>${res}</var>
<arg>xpath=//div[@class='w-100']/div[${counter}]</arg>
<status status="PASS" start="2024-12-18T16:02:02.621075" elapsed="2.251180"/>
</kw>
<if>
<branch type="IF" condition="${res}">
<kw name="Get Text" owner="SeleniumLibrary">
<var>${text}</var>
<arg>xpath=//div[@class='w-100']/div[${counter}]/div[1]/span</arg>
<doc>Returns the text value of the element identified by ``locator``.</doc>
<status status="NOT RUN" start="2024-12-18T16:02:04.872255" elapsed="0.000905"/>
</kw>
<kw name="Get Text" owner="SeleniumLibrary">
<var>${textName}</var>
<arg>xpath=//div[@class='w-100']/div[${counter}]/div[2]/span[2]</arg>
<doc>Returns the text value of the element identified by ``locator``.</doc>
<status status="NOT RUN" start="2024-12-18T16:02:04.873160" elapsed="0.000000"/>
</kw>
<kw name="Log To Console" owner="BuiltIn">
<arg>${text}: ${textName}</arg>
<doc>Logs the given message to the console.</doc>
<status status="NOT RUN" start="2024-12-18T16:02:04.873160" elapsed="0.000000"/>
</kw>
<kw name="Get Text" owner="SeleniumLibrary">
<var>${textBorder}</var>
<arg>xpath=//div[@class="w-100 borderRight "]/div[${counter}]/div[1]/span</arg>
<doc>Returns the text value of the element identified by ``locator``.</doc>
<status status="NOT RUN" start="2024-12-18T16:02:04.873160" elapsed="0.000000"/>
</kw>
<kw name="Get Text" owner="SeleniumLibrary">
<var>${textBorderRight}</var>
<arg>xpath=//div[@class="w-100 borderRight "]/div[${counter}]/div[2]/span[2]</arg>
<doc>Returns the text value of the element identified by ``locator``.</doc>
<status status="NOT RUN" start="2024-12-18T16:02:04.874196" elapsed="0.000000"/>
</kw>
<kw name="Log To Console" owner="BuiltIn">
<arg>${textBorder}: ${textBorderRight}</arg>
<doc>Logs the given message to the console.</doc>
<status status="NOT RUN" start="2024-12-18T16:02:04.874196" elapsed="0.000000"/>
</kw>
<status status="NOT RUN" start="2024-12-18T16:02:04.872255" elapsed="0.001941"/>
</branch>
<branch type="ELSE">
<kw name="Exit For Loop" owner="BuiltIn">
<msg time="2024-12-18T16:02:04.874196" level="INFO">Exiting for loop altogether.</msg>
<doc>Stops executing the enclosing FOR loop.</doc>
<status status="PASS" start="2024-12-18T16:02:04.874196" elapsed="0.000000"/>
</kw>
<status status="PASS" start="2024-12-18T16:02:04.874196" elapsed="0.000994"/>
</branch>
<status status="PASS" start="2024-12-18T16:02:04.872255" elapsed="0.002935"/>
</if>
<var name="${counter}">4</var>
<status status="PASS" start="2024-12-18T16:02:02.621075" elapsed="2.254115"/>
</iter>
<var>${counter}</var>
<value>1</value>
<value>${len}</value>
<status status="PASS" start="2024-12-18T16:02:02.124273" elapsed="2.750917"/>
</for>
<status status="PASS" start="2024-12-18T16:02:02.124273" elapsed="2.750917"/>
</kw>
<kw name="And user on detail Aktif page" owner="pom_detailProject_Aktif">
<kw name="Element Should Be Visible" owner="SeleniumLibrary">
<msg time="2024-12-18T16:02:04.906528" level="INFO">Element 'xpath=//div[@class='d-flex align-items-center justify-content-end w-100']/button[1]' is displayed.</msg>
<arg>${buttonRiwayat}</arg>
<doc>Verifies that the element identified by ``locator`` is visible.</doc>
<status status="PASS" start="2024-12-18T16:02:04.875190" elapsed="0.031338"/>
</kw>
<kw name="Get Text" owner="SeleniumLibrary">
<msg time="2024-12-18T16:02:04.925027" level="INFO">${textStatus} = Aktif</msg>
<var>${textStatus}</var>
<arg>${statusProject}</arg>
<doc>Returns the text value of the element identified by ``locator``.</doc>
<status status="PASS" start="2024-12-18T16:02:04.906528" elapsed="0.018499"/>
</kw>
<kw name="Set Global Variable" owner="BuiltIn">
<msg time="2024-12-18T16:02:04.925027" level="INFO">${textStatus} = Aktif</msg>
<arg>${textStatus}</arg>
<arg>${textStatus}</arg>
<doc>Makes a variable available globally in all tests and suites.</doc>
<status status="PASS" start="2024-12-18T16:02:04.925027" elapsed="0.000000"/>
</kw>
<kw name="Should Be Equal" owner="BuiltIn">
<arg>${textStatus}</arg>
<arg>Aktif</arg>
<doc>Fails if the given objects are unequal.</doc>
<status status="PASS" start="2024-12-18T16:02:04.925027" elapsed="0.000000"/>
</kw>
<status status="PASS" start="2024-12-18T16:02:04.875190" elapsed="0.049837"/>
</kw>
<status status="PASS" start="2024-12-18T16:01:26.632310" elapsed="38.292717"/>
</kw>
<kw name="When click button ubah" owner="generalFunct">
<kw name="general Wait Until" owner="generalFunct">
<kw name="Wait Until Element Is Visible" owner="SeleniumLibrary">
<arg>${locator}</arg>
<arg>timeout=2s</arg>
<doc>Waits until the element ``locator`` is visible.</doc>
<status status="PASS" start="2024-12-18T16:02:04.925027" elapsed="0.031889"/>
</kw>
<arg>${buttonUbah}</arg>
<status status="PASS" start="2024-12-18T16:02:04.925027" elapsed="0.031889"/>
</kw>
<kw name="user click element" owner="generalFunct">
<kw name="Wait Until Element Is Visible" owner="SeleniumLibrary">
<arg>${element}</arg>
<doc>Waits until the element ``locator`` is visible.</doc>
<status status="PASS" start="2024-12-18T16:02:04.956916" elapsed="0.033201"/>
</kw>
<kw name="Click Element" owner="SeleniumLibrary">
<msg time="2024-12-18T16:02:04.990117" level="INFO">Clicking element 'xpath=//div[@class='d-flex align-items-center justify-content-end w-100']/button[2]'.</msg>
<msg time="2024-12-18T16:02:05.555779" level="INFO">${clickElement} = None</msg>
<var>${clickElement}</var>
<arg>${element}</arg>
<doc>Click the element identified by ``locator``.</doc>
<status status="PASS" start="2024-12-18T16:02:04.990117" elapsed="0.566658"/>
</kw>
<return>
<value>${clickElement}</value>
<status status="PASS" start="2024-12-18T16:02:05.556775" elapsed="0.000000"/>
</return>
<arg>${buttonUbah}</arg>
<status status="PASS" start="2024-12-18T16:02:04.956916" elapsed="0.599859"/>
</kw>
<status status="PASS" start="2024-12-18T16:02:04.925027" elapsed="0.632756"/>
</kw>
<kw name="And user clear text Anggaran Maksimal" owner="pom_detailProject_Aktif">
<kw name="Sleep" owner="BuiltIn">
<msg time="2024-12-18T16:02:08.559492" level="INFO">Slept 3 seconds.</msg>
<arg>3</arg>
<doc>Pauses the test executed for the given time.</doc>
<status status="PASS" start="2024-12-18T16:02:05.558770" elapsed="3.000722"/>
</kw>
<kw name="general Wait Until" owner="generalFunct">
<kw name="Wait Until Element Is Visible" owner="SeleniumLibrary">
<arg>${locator}</arg>
<arg>timeout=2s</arg>
<doc>Waits until the element ``locator`` is visible.</doc>
<status status="PASS" start="2024-12-18T16:02:08.559492" elapsed="0.033673"/>
</kw>
<arg>${anggaranMax}</arg>
<status status="PASS" start="2024-12-18T16:02:08.559492" elapsed="0.033673"/>
</kw>
<kw name="Clear Element Text" owner="SeleniumLibrary">
<arg>${anggaranMax}</arg>
<doc>Clears the value of the text-input-element identified by ``locator``.</doc>
<status status="PASS" start="2024-12-18T16:02:08.593165" elapsed="0.072787"/>
</kw>
<status status="PASS" start="2024-12-18T16:02:05.557783" elapsed="3.108169"/>
</kw>
<kw name="Then user input anggaranMax" owner="pom_createProject">
<kw name="Random angka" owner="generalFunct">
<kw name="Evaluate" owner="BuiltIn">
<msg time="2024-12-18T16:02:08.665952" level="INFO">${angka_acak} = 3045027</msg>
<var>${angka_acak}</var>
<arg>random.randint(1000000, 5000000)</arg>
<arg>modules=random</arg>
<doc>Evaluates the given expression in Python and returns the result.</doc>
<status status="PASS" start="2024-12-18T16:02:08.665952" elapsed="0.000000"/>
</kw>
<kw name="Log To Console" owner="BuiltIn">
<arg>Random Angka: ${angka_acak}</arg>
<doc>Logs the given message to the console.</doc>
<status status="PASS" start="2024-12-18T16:02:08.665952" elapsed="0.000000"/>
</kw>
<kw name="Set Global Variable" owner="BuiltIn">
<msg time="2024-12-18T16:02:08.672023" level="INFO">${angka_acak} = 3045027</msg>
<arg>${angka_acak}</arg>
<arg>${angka_acak}</arg>
<doc>Makes a variable available globally in all tests and suites.</doc>
<status status="PASS" start="2024-12-18T16:02:08.665952" elapsed="0.006071"/>
</kw>
<status status="PASS" start="2024-12-18T16:02:08.665952" elapsed="0.006071"/>
</kw>
<kw name="user input text" owner="generalFunct">
<kw name="Wait Until Element Is Visible" owner="SeleniumLibrary">
<arg>${locator}</arg>
<doc>Waits until the element ``locator`` is visible.</doc>
<status status="PASS" start="2024-12-18T16:02:08.673026" elapsed="0.028332"/>
</kw>
<kw name="Input Text" owner="SeleniumLibrary">
<msg time="2024-12-18T16:02:08.702358" level="INFO">Typing text '3045027' into text field 'xpath=//input[@placeholder='Masukkan anggaran maksimal pembelian...']'.</msg>
<msg time="2024-12-18T16:02:09.005096" level="INFO">${input_text} = None</msg>
<var>${input_text}</var>
<arg>${locator}</arg>
<arg>${text}</arg>
<doc>Types the given ``text`` into the text field identified by ``locator``.</doc>
<status status="PASS" start="2024-12-18T16:02:08.701358" elapsed="0.303738"/>
</kw>
<return>
<value>${input_text}</value>
<status status="PASS" start="2024-12-18T16:02:09.005096" elapsed="0.001037"/>
</return>
<arg>${anggaranMax}</arg>
<arg>${angka_acak}</arg>
<status status="PASS" start="2024-12-18T16:02:08.673026" elapsed="0.333107"/>
</kw>
<kw name="Sleep" owner="BuiltIn">
<msg time="2024-12-18T16:02:12.007014" level="INFO">Slept 3 seconds.</msg>
<arg>3</arg>
<doc>Pauses the test executed for the given time.</doc>
<status status="PASS" start="2024-12-18T16:02:09.006133" elapsed="3.000881"/>
</kw>
<status status="PASS" start="2024-12-18T16:02:08.665952" elapsed="3.341062"/>
</kw>
<kw name="And user click element" owner="generalFunct">
<kw name="Wait Until Element Is Visible" owner="SeleniumLibrary">
<arg>${element}</arg>
<doc>Waits until the element ``locator`` is visible.</doc>
<status status="PASS" start="2024-12-18T16:02:12.008011" elapsed="0.034607"/>
</kw>
<kw name="Click Element" owner="SeleniumLibrary">
<msg time="2024-12-18T16:02:12.043619" level="INFO">Clicking element 'xpath=//span[contains(text(),'Simpan')]/parent::span/parent::button'.</msg>
<msg time="2024-12-18T16:02:12.187158" level="INFO">${clickElement} = None</msg>
<var>${clickElement}</var>
<arg>${element}</arg>
<doc>Click the element identified by ``locator``.</doc>
<status status="PASS" start="2024-12-18T16:02:12.042618" elapsed="0.144540"/>
</kw>
<return>
<value>${clickElement}</value>
<status status="PASS" start="2024-12-18T16:02:12.187158" elapsed="0.000000"/>
</return>
<arg>${buttonSimpan}</arg>
<status status="PASS" start="2024-12-18T16:02:12.007014" elapsed="0.181522"/>
</kw>
<kw name="And show pop up dialog" owner="generalFunct">
<kw name="Wait Until Element Is Visible" owner="SeleniumLibrary">
<arg>${locator}</arg>
<arg>timeout=2s</arg>
<doc>Waits until the element ``locator`` is visible.</doc>
<status status="PASS" start="2024-12-18T16:02:12.189632" elapsed="0.036043"/>
</kw>
<kw name="Get Text" owner="SeleniumLibrary">
<msg time="2024-12-18T16:02:12.257398" level="INFO">${textDesc} = Proses ini memerlukan persetujuan Supply Chain Management</msg>
<var>${textDesc}</var>
<arg>xpath=//div[@class='text-center']/p[2]</arg>
<doc>Returns the text value of the element identified by ``locator``.</doc>
<status status="PASS" start="2024-12-18T16:02:12.226672" elapsed="0.030726"/>
</kw>
<kw name="user input text" owner="generalFunct">
<kw name="Wait Until Element Is Visible" owner="SeleniumLibrary">
<arg>${locator}</arg>
<doc>Waits until the element ``locator`` is visible.</doc>
<status status="PASS" start="2024-12-18T16:02:12.257398" elapsed="0.036634"/>
</kw>
<kw name="Input Text" owner="SeleniumLibrary">
<msg time="2024-12-18T16:02:12.295066" level="INFO">Typing text 'Ubah Data' into text field 'xpath=//div[@class='text-center']/textarea'.</msg>
<msg time="2024-12-18T16:02:12.439587" level="INFO">${input_text} = None</msg>
<var>${input_text}</var>
<arg>${locator}</arg>
<arg>${text}</arg>
<doc>Types the given ``text`` into the text field identified by ``locator``.</doc>
<status status="PASS" start="2024-12-18T16:02:12.294032" elapsed="0.145555"/>
</kw>
<return>
<value>${input_text}</value>
<status status="PASS" start="2024-12-18T16:02:12.439587" elapsed="0.000000"/>
</return>
<arg>xpath=//div[@class='text-center']/textarea</arg>
<arg>Ubah Data</arg>
<status status="PASS" start="2024-12-18T16:02:12.257398" elapsed="0.182189"/>
</kw>
<kw name="Log To Console" owner="BuiltIn">
<arg>Desc: ${textDesc}</arg>
<doc>Logs the given message to the console.</doc>
<status status="PASS" start="2024-12-18T16:02:12.439587" elapsed="0.000000"/>
</kw>
<arg>${popUp_UbahAnggaran}</arg>
<status status="PASS" start="2024-12-18T16:02:12.188630" elapsed="0.250957"/>
</kw>
<kw name="And button accept on dialog form ubah" owner="generalFunct">
<kw name="general Wait Until" owner="generalFunct">
<kw name="Wait Until Element Is Visible" owner="SeleniumLibrary">
<arg>${locator}</arg>
<arg>timeout=2s</arg>
<doc>Waits until the element ``locator`` is visible.</doc>
<status status="PASS" start="2024-12-18T16:02:12.439587" elapsed="0.060776"/>
</kw>
<arg>xpath=//div[@class='d-flex']/button[contains(.,'${textPopUP}')]</arg>
<status status="PASS" start="2024-12-18T16:02:12.439587" elapsed="0.060776"/>
</kw>
<kw name="user click element" owner="generalFunct">
<kw name="Wait Until Element Is Visible" owner="SeleniumLibrary">
<arg>${element}</arg>
<doc>Waits until the element ``locator`` is visible.</doc>
<status status="PASS" start="2024-12-18T16:02:12.501360" elapsed="0.023367"/>
</kw>
<kw name="Click Element" owner="SeleniumLibrary">
<msg time="2024-12-18T16:02:12.524727" level="INFO">Clicking element 'xpath=//div[@class='d-flex']/button[contains(.,'Kembali')]'.</msg>
<msg time="2024-12-18T16:02:12.868460" level="INFO">${clickElement} = None</msg>
<var>${clickElement}</var>
<arg>${element}</arg>
<doc>Click the element identified by ``locator``.</doc>
<status status="PASS" start="2024-12-18T16:02:12.524727" elapsed="0.343733"/>
</kw>
<return>
<value>${clickElement}</value>
<status status="PASS" start="2024-12-18T16:02:12.868460" elapsed="0.000000"/>
</return>
<arg>xpath=//div[@class='d-flex']/button[contains(.,'${textPopUP}')]</arg>
<status status="PASS" start="2024-12-18T16:02:12.501360" elapsed="0.367100"/>
</kw>
<arg>Kembali</arg>
<status status="PASS" start="2024-12-18T16:02:12.439587" elapsed="0.429866"/>
</kw>
<status status="PASS" start="2024-12-18T16:01:26.631308" elapsed="46.238145"/>
</kw>
<kw name="End Web Test" owner="web_eProc" type="TEARDOWN">
<kw name="Log" owner="BuiltIn">
<msg time="2024-12-18T16:02:12.872296" level="INFO">Suite teardown initiated</msg>
<arg>Suite teardown initiated</arg>
<doc>Logs the given message with the given level.</doc>
<status status="PASS" start="2024-12-18T16:02:12.871448" elapsed="0.000848"/>
</kw>
<kw name="Close Browser" owner="SeleniumLibrary">
<doc>Closes the current browser.</doc>
<status status="PASS" start="2024-12-18T16:02:12.873295" elapsed="2.931108"/>
</kw>
<doc>Closes the browser after all tests in the suite have run</doc>
<status status="PASS" start="2024-12-18T16:02:12.870452" elapsed="2.933951"/>
</kw>
<doc>This scenario test User can click button batalkan on detail persetujuan anggaran</doc>
<tag>1000s</tag>
<tag>detail_project</tag>
<tag>test</tag>
<status status="PASS" start="2024-12-18T16:01:16.649016" elapsed="59.155387"/>
</test>
<status status="PASS" start="2024-12-18T15:58:36.369070" elapsed="219.435333"/>
</suite>
<statistics>
<total>
<stat pass="4" fail="0" skip="0">All Tests</stat>
</total>
<tag>
<stat pass="4" fail="0" skip="0">1000s</stat>
<stat pass="4" fail="0" skip="0">detail_project</stat>
<stat pass="4" fail="0" skip="0">test</stat>
</tag>
<suite>
<stat pass="4" fail="0" skip="0" id="s1" name="test detailProject Aktif">test detailProject Aktif</stat>
</suite>
</statistics>
<errors>
</errors>
</robot>
