<?xml version="1.0" encoding="UTF-8"?>
<robot generator="Robot 7.1 (Python 3.12.5 on win32)" generated="2024-11-18T09:17:56.186929" rpa="false" schemaversion="5">
<suite id="s1" name="test detailProject ProsesEvaluasi" source="C:\Users\admin\Documents\Automation\robotFramework\testSuite\Tim OP\test_detailProject_ProsesEvaluasi.robot">
<test id="s1-t1" name="Tim OP can Changes Data Alamat Project" line="14">
<kw name="Begin Web Test" owner="web_eProc" type="SETUP">
<kw name="Open Browser" owner="SeleniumLibrary">
<msg time="2024-11-18T09:18:03.008685" level="INFO">Opening browser 'chrome' to base url 'about:blank'.</msg>
<arg>about:blank</arg>
<arg>${BROWSER}</arg>
<doc>Opens a new browser instance to the optional ``url``.</doc>
<status status="PASS" start="2024-11-18T09:18:03.008685" elapsed="18.500131"/>
</kw>
<kw name="Maximize Browser Window" owner="SeleniumLibrary">
<doc>Maximizes current browser window.</doc>
<status status="PASS" start="2024-11-18T09:18:21.508816" elapsed="0.074881"/>
</kw>
<kw name="Go To" owner="SeleniumLibrary">
<msg time="2024-11-18T09:18:21.584698" level="INFO">Opening url 'https://dev-proyek.1000saudara.com/Login'</msg>
<arg>${URL}</arg>
<doc>Navigates the current browser window to the provided ``url``.</doc>
<status status="PASS" start="2024-11-18T09:18:21.583697" elapsed="7.765570"/>
</kw>
<status status="PASS" start="2024-11-18T09:18:03.005693" elapsed="26.343574"/>
</kw>
<kw name="User change data alamat project" owner="detailProject_ProsesEvaluasi">
<kw name="Given User go to detail Project Page" owner="detailProject_ProsesEvaluasi">
<kw name="Given User can access Home Login 1000s" owner="login">
<kw name="Then user go to home page E-Proc1000s" owner="pom_login_eProc">
<kw name="user visit E-Proc1000s Login Page" owner="pom_login_eProc">
<kw name="Get Location" owner="SeleniumLibrary">
<msg time="2024-11-18T09:18:29.528137" level="INFO">${current_url} = https://dev-proyek.1000saudara.com/Login</msg>
<var>${current_url}</var>
<doc>Returns the current browser window URL.</doc>
<status status="PASS" start="2024-11-18T09:18:29.353259" elapsed="0.174878"/>
</kw>
<kw name="Log" owner="BuiltIn">
<msg time="2024-11-18T09:18:29.529167" level="INFO">Current Path: https://dev-proyek.1000saudara.com/Login</msg>
<arg>Current Path: ${current_url}</arg>
<doc>Logs the given message with the given level.</doc>
<status status="PASS" start="2024-11-18T09:18:29.528137" elapsed="0.001030"/>
</kw>
<kw name="general return status" owner="generalFunct">
<kw name="Run Keyword And Return Status" owner="BuiltIn">
<kw name="Wait Until Element Is Visible" owner="SeleniumLibrary">
<msg time="2024-11-18T09:18:31.811184" level="INFO" html="true">&lt;/td&gt;&lt;/tr&gt;&lt;tr&gt;&lt;td colspan="3"&gt;&lt;a href="selenium-screenshot-54.png"&gt;&lt;img src="selenium-screenshot-54.png" width="800px"&gt;&lt;/a&gt;</msg>
<msg time="2024-11-18T09:18:31.811184" level="FAIL">Element 'xpath=//p[contains(text(), 'Log')]' not visible after 2 seconds.</msg>
<arg>${locator}</arg>
<arg>timeout=2s</arg>
<doc>Waits until the element ``locator`` is visible.</doc>
<status status="FAIL" start="2024-11-18T09:18:29.530131" elapsed="3.448937">Element 'xpath=//p[contains(text(), 'Log')]' not visible after 2 seconds.</status>
</kw>
<msg time="2024-11-18T09:18:32.979068" level="INFO">${res} = False</msg>
<var>${res}</var>
<arg>Wait Until Element Is Visible</arg>
<arg>${locator}</arg>
<arg>timeout=2s</arg>
<doc>Runs the given keyword with given arguments and returns the status as a Boolean value.</doc>
<status status="PASS" start="2024-11-18T09:18:29.530131" elapsed="3.448937"/>
</kw>
<return>
<value>${res}</value>
<status status="PASS" start="2024-11-18T09:18:32.979068" elapsed="0.000000"/>
</return>
<msg time="2024-11-18T09:18:32.979068" level="INFO">${res} = False</msg>
<var>${res}</var>
<arg>${headerLogin}</arg>
<status status="PASS" start="2024-11-18T09:18:29.529167" elapsed="3.449901"/>
</kw>
<while condition="${res} == $False">
<iter>
<kw name="Reload Page" owner="SeleniumLibrary">
<doc>Simulates user reloading page.</doc>
<status status="PASS" start="2024-11-18T09:18:32.979068" elapsed="9.141624"/>
</kw>
<kw name="Sleep" owner="BuiltIn">
<msg time="2024-11-18T09:18:43.622300" level="INFO">Slept 1 second 500 milliseconds.</msg>
<arg>1.5s</arg>
<doc>Pauses the test executed for the given time.</doc>
<status status="PASS" start="2024-11-18T09:18:42.120692" elapsed="1.501608"/>
</kw>
<kw name="general return status" owner="generalFunct">
<kw name="Run Keyword And Return Status" owner="BuiltIn">
<kw name="Wait Until Element Is Visible" owner="SeleniumLibrary">
<arg>${locator}</arg>
<arg>timeout=2s</arg>
<doc>Waits until the element ``locator`` is visible.</doc>
<status status="PASS" start="2024-11-18T09:18:43.623303" elapsed="5.634087"/>
</kw>
<msg time="2024-11-18T09:18:49.258425" level="INFO">${res} = True</msg>
<var>${res}</var>
<arg>Wait Until Element Is Visible</arg>
<arg>${locator}</arg>
<arg>timeout=2s</arg>
<doc>Runs the given keyword with given arguments and returns the status as a Boolean value.</doc>
<status status="PASS" start="2024-11-18T09:18:43.623303" elapsed="5.635122"/>
</kw>
<return>
<value>${res}</value>
<status status="PASS" start="2024-11-18T09:18:49.258425" elapsed="0.000000"/>
</return>
<msg time="2024-11-18T09:18:49.259384" level="INFO">${res} = True</msg>
<var>${res}</var>
<arg>${headerLogin}</arg>
<status status="PASS" start="2024-11-18T09:18:43.622300" elapsed="5.637084"/>
</kw>
<status status="PASS" start="2024-11-18T09:18:32.979068" elapsed="16.280316"/>
</iter>
<status status="PASS" start="2024-11-18T09:18:32.979068" elapsed="16.280316"/>
</while>
<status status="PASS" start="2024-11-18T09:18:29.353259" elapsed="19.906125"/>
</kw>
<kw name="user login E-Proc1000s Page" owner="pom_login_eProc">
<kw name="Wait Until Element Is Visible" owner="SeleniumLibrary">
<arg>${inputPassword}</arg>
<doc>Waits until the element ``locator`` is visible.</doc>
<status status="PASS" start="2024-11-18T09:18:49.260381" elapsed="0.031342"/>
</kw>
<kw name="Input Text" owner="SeleniumLibrary">
<msg time="2024-11-18T09:18:49.291723" level="INFO">Typing text '085210758864' into text field 'xpath=//input[@id='TxtPhone']'.</msg>
<arg>${inputUsername}</arg>
<arg>${ROLE_ADMIN}</arg>
<doc>Types the given ``text`` into the text field identified by ``locator``.</doc>
<status status="PASS" start="2024-11-18T09:18:49.291723" elapsed="0.811762"/>
</kw>
<kw name="Input Password" owner="SeleniumLibrary">
<msg time="2024-11-18T09:18:50.104533" level="INFO">Typing password into text field 'xpath=//input[@id='pwd']'.</msg>
<msg time="2024-11-18T09:18:50.141365" level="INFO">Temporally setting log level to: NONE</msg>
<arg>${inputPassword}</arg>
<arg>${PASSWORD}</arg>
<doc>Types the given password into the text field identified by ``locator``.</doc>
<status status="PASS" start="2024-11-18T09:18:50.104533" elapsed="0.270237"/>
</kw>
<kw name="Press Key" owner="SeleniumLibrary">
<arg>${inputPassword}</arg>
<arg>\\13</arg>
<doc>Simulates user pressing key on element identified by ``locator``.</doc>
<status status="PASS" start="2024-11-18T09:18:50.374770" elapsed="0.201466"/>
</kw>
<kw name="Wait Until Element Is Visible" owner="SeleniumLibrary">
<arg>${listFilter}</arg>
<doc>Waits until the element ``locator`` is visible.</doc>
<status status="PASS" start="2024-11-18T09:18:50.576236" elapsed="5.565304"/>
</kw>
<kw name="Sleep" owner="BuiltIn">
<msg time="2024-11-18T09:18:59.143007" level="INFO">Slept 3 seconds.</msg>
<arg>3</arg>
<doc>Pauses the test executed for the given time.</doc>
<status status="PASS" start="2024-11-18T09:18:56.141540" elapsed="3.001467"/>
</kw>
<status status="PASS" start="2024-11-18T09:18:49.259384" elapsed="9.883623"/>
</kw>
<kw name="Wait Until Element Is Visible" owner="SeleniumLibrary">
<arg>${listFilter}</arg>
<doc>Waits until the element ``locator`` is visible.</doc>
<status status="PASS" start="2024-11-18T09:18:59.143007" elapsed="0.024313"/>
</kw>
<kw name="Wait Until Element Is Visible" owner="SeleniumLibrary">
<arg>${titleProject}</arg>
<doc>Waits until the element ``locator`` is visible.</doc>
<status status="PASS" start="2024-11-18T09:18:59.168319" elapsed="0.021253"/>
</kw>
<kw name="Get Text" owner="SeleniumLibrary">
<msg time="2024-11-18T09:18:59.631657" level="INFO">${title} = Manajemen Project</msg>
<var>${title}</var>
<arg>${titleProject}</arg>
<doc>Returns the text value of the element identified by ``locator``.</doc>
<status status="PASS" start="2024-11-18T09:18:59.189572" elapsed="0.442085"/>
</kw>
<kw name="Log To Console" owner="BuiltIn">
<arg>${\n}${title}</arg>
<doc>Logs the given message to the console.</doc>
<status status="PASS" start="2024-11-18T09:18:59.631657" elapsed="0.001995"/>
</kw>
<status status="PASS" start="2024-11-18T09:18:29.353259" elapsed="30.280393"/>
</kw>
<status status="PASS" start="2024-11-18T09:18:29.352263" elapsed="30.281389"/>
</kw>
<kw name="When user click Detail on Project" owner="pom_detailProject_MenungguPersetujuan">
<kw name="Get Length" owner="BuiltIn">
<msg time="2024-11-18T09:18:59.634687" level="INFO">Length is 22.</msg>
<msg time="2024-11-18T09:18:59.634687" level="INFO">${len} = 22</msg>
<var>${len}</var>
<arg>xpath=//tbody/tr/td[5]</arg>
<doc>Returns and logs the length of the given item as an integer.</doc>
<status status="PASS" start="2024-11-18T09:18:59.634687" elapsed="0.000000"/>
</kw>
<kw name="Sleep" owner="BuiltIn">
<msg time="2024-11-18T09:19:02.636580" level="INFO">Slept 3 seconds.</msg>
<arg>3</arg>
<doc>Pauses the test executed for the given time.</doc>
<status status="PASS" start="2024-11-18T09:18:59.634687" elapsed="3.001893"/>
</kw>
<for flavor="IN RANGE">
<iter>
<kw name="general return status" owner="generalFunct">
<kw name="Run Keyword And Return Status" owner="BuiltIn">
<kw name="Wait Until Element Is Visible" owner="SeleniumLibrary">
<arg>${locator}</arg>
<arg>timeout=2s</arg>
<doc>Waits until the element ``locator`` is visible.</doc>
<status status="PASS" start="2024-11-18T09:19:02.636580" elapsed="0.372491"/>
</kw>
<msg time="2024-11-18T09:19:03.009071" level="INFO">${res} = True</msg>
<var>${res}</var>
<arg>Wait Until Element Is Visible</arg>
<arg>${locator}</arg>
<arg>timeout=2s</arg>
<doc>Runs the given keyword with given arguments and returns the status as a Boolean value.</doc>
<status status="PASS" start="2024-11-18T09:19:02.636580" elapsed="0.372491"/>
</kw>
<return>
<value>${res}</value>
<status status="PASS" start="2024-11-18T09:19:03.009071" elapsed="0.000000"/>
</return>
<msg time="2024-11-18T09:19:03.009071" level="INFO">${res} = True</msg>
<var>${res}</var>
<arg>xpath=//tbody/tr/td[5]//div[contains(.,'${textStatus}')]</arg>
<status status="PASS" start="2024-11-18T09:19:02.636580" elapsed="0.372491"/>
</kw>
<if>
<branch type="IF" condition="${res}">
<kw name="check in project list" owner="pom_detailProject_MenungguPersetujuan">
<for flavor="IN RANGE">
<iter>
<kw name="general return status" owner="generalFunct">
<kw name="Run Keyword And Return Status" owner="BuiltIn">
<kw name="Wait Until Element Is Visible" owner="SeleniumLibrary">
<msg time="2024-11-18T09:19:05.240006" level="INFO" html="true">&lt;/td&gt;&lt;/tr&gt;&lt;tr&gt;&lt;td colspan="3"&gt;&lt;a href="selenium-screenshot-55.png"&gt;&lt;img src="selenium-screenshot-55.png" width="800px"&gt;&lt;/a&gt;</msg>
<msg time="2024-11-18T09:19:05.240006" level="FAIL">Element 'xpath=//tbody/tr[1]/td[5]//div[contains(.,'Proses evaluasi')]' not visible after 2 seconds.</msg>
<arg>${locator}</arg>
<arg>timeout=2s</arg>
<doc>Waits until the element ``locator`` is visible.</doc>
<status status="FAIL" start="2024-11-18T09:19:03.012062" elapsed="2.242925">Element 'xpath=//tbody/tr[1]/td[5]//div[contains(.,'Proses evaluasi')]' not visible after 2 seconds.</status>
</kw>
<msg time="2024-11-18T09:19:05.255985" level="INFO">${res} = False</msg>
<var>${res}</var>
<arg>Wait Until Element Is Visible</arg>
<arg>${locator}</arg>
<arg>timeout=2s</arg>
<doc>Runs the given keyword with given arguments and returns the status as a Boolean value.</doc>
<status status="PASS" start="2024-11-18T09:19:03.011066" elapsed="2.244919"/>
</kw>
<return>
<value>${res}</value>
<status status="PASS" start="2024-11-18T09:19:05.255985" elapsed="0.000000"/>
</return>
<msg time="2024-11-18T09:19:05.255985" level="INFO">${res} = False</msg>
<var>${res}</var>
<arg>xpath=//tbody/tr[${counter}]/td[5]//div[contains(.,'${textStatusProject}')]</arg>
<status status="PASS" start="2024-11-18T09:19:03.011066" elapsed="2.244919"/>
</kw>
<if>
<branch type="IF" condition="${res}">
<kw name="Get Text" owner="SeleniumLibrary">
<var>${text}</var>
<arg>xpath=//tbody/tr[${counter}]/td[1]</arg>
<doc>Returns the text value of the element identified by ``locator``.</doc>
<status status="NOT RUN" start="2024-11-18T09:19:05.256986" elapsed="0.000000"/>
</kw>
<kw name="Get Text" owner="SeleniumLibrary">
<var>${status}</var>
<arg>xpath=//tbody/tr[${counter}]/td[5]</arg>
<doc>Returns the text value of the element identified by ``locator``.</doc>
<status status="NOT RUN" start="2024-11-18T09:19:05.256986" elapsed="0.000000"/>
</kw>
<kw name="user click element" owner="generalFunct">
<arg>xpath=//tbody/tr[${counter}]/td[6]</arg>
<status status="NOT RUN" start="2024-11-18T09:19:05.256986" elapsed="0.000000"/>
</kw>
<kw name="general Wait Until" owner="generalFunct">
<arg>xpath=//span[normalize-space()='Detail Project']</arg>
<status status="NOT RUN" start="2024-11-18T09:19:05.256986" elapsed="0.000996"/>
</kw>
<kw name="general Wait Until" owner="generalFunct">
<arg>${namaProject_onDetailPage}</arg>
<status status="NOT RUN" start="2024-11-18T09:19:05.279637" elapsed="0.000000"/>
</kw>
<kw name="Get Text" owner="SeleniumLibrary">
<var>${nameProject}</var>
<arg>${namaProject_onDetailPage}</arg>
<doc>Returns the text value of the element identified by ``locator``.</doc>
<status status="NOT RUN" start="2024-11-18T09:19:05.279637" elapsed="0.000000"/>
</kw>
<kw name="Get Text" owner="SeleniumLibrary">
<var>${status_onDetailPage}</var>
<arg>${statusProject}</arg>
<doc>Returns the text value of the element identified by ``locator``.</doc>
<status status="NOT RUN" start="2024-11-18T09:19:05.280639" elapsed="0.000000"/>
</kw>
<kw name="Log To Console" owner="BuiltIn">
<arg>Nama Project: ${nameProject}</arg>
<doc>Logs the given message to the console.</doc>
<status status="NOT RUN" start="2024-11-18T09:19:05.280639" elapsed="0.000000"/>
</kw>
<kw name="Log To Console" owner="BuiltIn">
<arg>Status Project: ${status_onDetailPage}</arg>
<doc>Logs the given message to the console.</doc>
<status status="NOT RUN" start="2024-11-18T09:19:05.280639" elapsed="0.000000"/>
</kw>
<kw name="Set Global Variable" owner="BuiltIn">
<arg>${nameProject_MenungguPersetujuan}</arg>
<arg>${nameProject}</arg>
<doc>Makes a variable available globally in all tests and suites.</doc>
<status status="NOT RUN" start="2024-11-18T09:19:05.280639" elapsed="0.000000"/>
</kw>
<kw name="Should Be Equal" owner="BuiltIn">
<arg>${nameProject}</arg>
<arg>${text}</arg>
<doc>Fails if the given objects are unequal.</doc>
<status status="NOT RUN" start="2024-11-18T09:19:05.280639" elapsed="0.000000"/>
</kw>
<kw name="Should Be Equal" owner="BuiltIn">
<arg>${status_onDetailPage}</arg>
<arg>${status}</arg>
<doc>Fails if the given objects are unequal.</doc>
<status status="NOT RUN" start="2024-11-18T09:19:05.281635" elapsed="0.000000"/>
</kw>
<kw name="Exit For Loop" owner="BuiltIn">
<doc>Stops executing the enclosing FOR loop.</doc>
<status status="NOT RUN" start="2024-11-18T09:19:05.281635" elapsed="0.000000"/>
</kw>
<status status="NOT RUN" start="2024-11-18T09:19:05.255985" elapsed="0.025650"/>
</branch>
<status status="PASS" start="2024-11-18T09:19:05.255985" elapsed="0.025650"/>
</if>
<var name="${counter}">1</var>
<status status="PASS" start="2024-11-18T09:19:03.011066" elapsed="2.270569"/>
</iter>
<iter>
<kw name="general return status" owner="generalFunct">
<kw name="Run Keyword And Return Status" owner="BuiltIn">
<kw name="Wait Until Element Is Visible" owner="SeleniumLibrary">
<msg time="2024-11-18T09:19:07.522271" level="INFO" html="true">&lt;/td&gt;&lt;/tr&gt;&lt;tr&gt;&lt;td colspan="3"&gt;&lt;a href="selenium-screenshot-56.png"&gt;&lt;img src="selenium-screenshot-56.png" width="800px"&gt;&lt;/a&gt;</msg>
<msg time="2024-11-18T09:19:07.522271" level="FAIL">Element 'xpath=//tbody/tr[2]/td[5]//div[contains(.,'Proses evaluasi')]' not visible after 2 seconds.</msg>
<arg>${locator}</arg>
<arg>timeout=2s</arg>
<doc>Waits until the element ``locator`` is visible.</doc>
<status status="FAIL" start="2024-11-18T09:19:05.282632" elapsed="2.239639">Element 'xpath=//tbody/tr[2]/td[5]//div[contains(.,'Proses evaluasi')]' not visible after 2 seconds.</status>
</kw>
<msg time="2024-11-18T09:19:07.522271" level="INFO">${res} = False</msg>
<var>${res}</var>
<arg>Wait Until Element Is Visible</arg>
<arg>${locator}</arg>
<arg>timeout=2s</arg>
<doc>Runs the given keyword with given arguments and returns the status as a Boolean value.</doc>
<status status="PASS" start="2024-11-18T09:19:05.282632" elapsed="2.239639"/>
</kw>
<return>
<value>${res}</value>
<status status="PASS" start="2024-11-18T09:19:07.522271" elapsed="0.000000"/>
</return>
<msg time="2024-11-18T09:19:07.522271" level="INFO">${res} = False</msg>
<var>${res}</var>
<arg>xpath=//tbody/tr[${counter}]/td[5]//div[contains(.,'${textStatusProject}')]</arg>
<status status="PASS" start="2024-11-18T09:19:05.282632" elapsed="2.239639"/>
</kw>
<if>
<branch type="IF" condition="${res}">
<kw name="Get Text" owner="SeleniumLibrary">
<var>${text}</var>
<arg>xpath=//tbody/tr[${counter}]/td[1]</arg>
<doc>Returns the text value of the element identified by ``locator``.</doc>
<status status="NOT RUN" start="2024-11-18T09:19:07.522271" elapsed="0.000000"/>
</kw>
<kw name="Get Text" owner="SeleniumLibrary">
<var>${status}</var>
<arg>xpath=//tbody/tr[${counter}]/td[5]</arg>
<doc>Returns the text value of the element identified by ``locator``.</doc>
<status status="NOT RUN" start="2024-11-18T09:19:07.522271" elapsed="0.000000"/>
</kw>
<kw name="user click element" owner="generalFunct">
<arg>xpath=//tbody/tr[${counter}]/td[6]</arg>
<status status="NOT RUN" start="2024-11-18T09:19:07.522271" elapsed="0.000000"/>
</kw>
<kw name="general Wait Until" owner="generalFunct">
<arg>xpath=//span[normalize-space()='Detail Project']</arg>
<status status="NOT RUN" start="2024-11-18T09:19:07.522271" elapsed="0.000000"/>
</kw>
<kw name="general Wait Until" owner="generalFunct">
<arg>${namaProject_onDetailPage}</arg>
<status status="NOT RUN" start="2024-11-18T09:19:07.522271" elapsed="0.000000"/>
</kw>
<kw name="Get Text" owner="SeleniumLibrary">
<var>${nameProject}</var>
<arg>${namaProject_onDetailPage}</arg>
<doc>Returns the text value of the element identified by ``locator``.</doc>
<status status="NOT RUN" start="2024-11-18T09:19:07.522271" elapsed="0.000000"/>
</kw>
<kw name="Get Text" owner="SeleniumLibrary">
<var>${status_onDetailPage}</var>
<arg>${statusProject}</arg>
<doc>Returns the text value of the element identified by ``locator``.</doc>
<status status="NOT RUN" start="2024-11-18T09:19:07.522271" elapsed="0.000000"/>
</kw>
<kw name="Log To Console" owner="BuiltIn">
<arg>Nama Project: ${nameProject}</arg>
<doc>Logs the given message to the console.</doc>
<status status="NOT RUN" start="2024-11-18T09:19:07.522271" elapsed="0.000000"/>
</kw>
<kw name="Log To Console" owner="BuiltIn">
<arg>Status Project: ${status_onDetailPage}</arg>
<doc>Logs the given message to the console.</doc>
<status status="NOT RUN" start="2024-11-18T09:19:07.522271" elapsed="0.000000"/>
</kw>
<kw name="Set Global Variable" owner="BuiltIn">
<arg>${nameProject_MenungguPersetujuan}</arg>
<arg>${nameProject}</arg>
<doc>Makes a variable available globally in all tests and suites.</doc>
<status status="NOT RUN" start="2024-11-18T09:19:07.522271" elapsed="0.000000"/>
</kw>
<kw name="Should Be Equal" owner="BuiltIn">
<arg>${nameProject}</arg>
<arg>${text}</arg>
<doc>Fails if the given objects are unequal.</doc>
<status status="NOT RUN" start="2024-11-18T09:19:07.522271" elapsed="0.000000"/>
</kw>
<kw name="Should Be Equal" owner="BuiltIn">
<arg>${status_onDetailPage}</arg>
<arg>${status}</arg>
<doc>Fails if the given objects are unequal.</doc>
<status status="NOT RUN" start="2024-11-18T09:19:07.522271" elapsed="0.000000"/>
</kw>
<kw name="Exit For Loop" owner="BuiltIn">
<doc>Stops executing the enclosing FOR loop.</doc>
<status status="NOT RUN" start="2024-11-18T09:19:07.522271" elapsed="0.000000"/>
</kw>
<status status="NOT RUN" start="2024-11-18T09:19:07.522271" elapsed="0.000000"/>
</branch>
<status status="PASS" start="2024-11-18T09:19:07.522271" elapsed="0.000000"/>
</if>
<var name="${counter}">2</var>
<status status="PASS" start="2024-11-18T09:19:05.281635" elapsed="2.240636"/>
</iter>
<iter>
<kw name="general return status" owner="generalFunct">
<kw name="Run Keyword And Return Status" owner="BuiltIn">
<kw name="Wait Until Element Is Visible" owner="SeleniumLibrary">
<arg>${locator}</arg>
<arg>timeout=2s</arg>
<doc>Waits until the element ``locator`` is visible.</doc>
<status status="PASS" start="2024-11-18T09:19:07.522271" elapsed="0.032635"/>
</kw>
<msg time="2024-11-18T09:19:07.554906" level="INFO">${res} = True</msg>
<var>${res}</var>
<arg>Wait Until Element Is Visible</arg>
<arg>${locator}</arg>
<arg>timeout=2s</arg>
<doc>Runs the given keyword with given arguments and returns the status as a Boolean value.</doc>
<status status="PASS" start="2024-11-18T09:19:07.522271" elapsed="0.032635"/>
</kw>
<return>
<value>${res}</value>
<status status="PASS" start="2024-11-18T09:19:07.554906" elapsed="0.000000"/>
</return>
<msg time="2024-11-18T09:19:07.554906" level="INFO">${res} = True</msg>
<var>${res}</var>
<arg>xpath=//tbody/tr[${counter}]/td[5]//div[contains(.,'${textStatusProject}')]</arg>
<status status="PASS" start="2024-11-18T09:19:07.522271" elapsed="0.032635"/>
</kw>
<if>
<branch type="IF" condition="${res}">
<kw name="Get Text" owner="SeleniumLibrary">
<msg time="2024-11-18T09:19:07.603414" level="INFO">${text} = Conroy, Leannon and Schumm</msg>
<var>${text}</var>
<arg>xpath=//tbody/tr[${counter}]/td[1]</arg>
<doc>Returns the text value of the element identified by ``locator``.</doc>
<status status="PASS" start="2024-11-18T09:19:07.570527" elapsed="0.032887"/>
</kw>
<kw name="Get Text" owner="SeleniumLibrary">
<msg time="2024-11-18T09:19:07.621095" level="INFO">${status} = Proses evaluasi</msg>
<var>${status}</var>
<arg>xpath=//tbody/tr[${counter}]/td[5]</arg>
<doc>Returns the text value of the element identified by ``locator``.</doc>
<status status="PASS" start="2024-11-18T09:19:07.603414" elapsed="0.017681"/>
</kw>
<kw name="user click element" owner="generalFunct">
<kw name="Wait Until Element Is Visible" owner="SeleniumLibrary">
<arg>${element}</arg>
<doc>Waits until the element ``locator`` is visible.</doc>
<status status="PASS" start="2024-11-18T09:19:07.621095" elapsed="0.034496"/>
</kw>
<kw name="Click Element" owner="SeleniumLibrary">
<msg time="2024-11-18T09:19:07.655591" level="INFO">Clicking element 'xpath=//tbody/tr[3]/td[6]'.</msg>
<msg time="2024-11-18T09:19:08.706833" level="INFO">${clickElement} = None</msg>
<var>${clickElement}</var>
<arg>${element}</arg>
<doc>Click the element identified by ``locator``.</doc>
<status status="PASS" start="2024-11-18T09:19:07.655591" elapsed="1.052240"/>
</kw>
<return>
<value>${clickElement}</value>
<status status="PASS" start="2024-11-18T09:19:08.707831" elapsed="0.000000"/>
</return>
<arg>xpath=//tbody/tr[${counter}]/td[6]</arg>
<status status="PASS" start="2024-11-18T09:19:07.621095" elapsed="1.086736"/>
</kw>
<kw name="general Wait Until" owner="generalFunct">
<kw name="Wait Until Element Is Visible" owner="SeleniumLibrary">
<arg>${locator}</arg>
<arg>timeout=2s</arg>
<doc>Waits until the element ``locator`` is visible.</doc>
<status status="PASS" start="2024-11-18T09:19:08.708826" elapsed="1.092641"/>
</kw>
<arg>xpath=//span[normalize-space()='Detail Project']</arg>
<status status="PASS" start="2024-11-18T09:19:08.708826" elapsed="1.092641"/>
</kw>
<kw name="general Wait Until" owner="generalFunct">
<kw name="Wait Until Element Is Visible" owner="SeleniumLibrary">
<arg>${locator}</arg>
<arg>timeout=2s</arg>
<doc>Waits until the element ``locator`` is visible.</doc>
<status status="PASS" start="2024-11-18T09:19:09.802507" elapsed="0.030010"/>
</kw>
<arg>${namaProject_onDetailPage}</arg>
<status status="PASS" start="2024-11-18T09:19:09.802507" elapsed="0.030010"/>
</kw>
<kw name="Get Text" owner="SeleniumLibrary">
<msg time="2024-11-18T09:19:09.855298" level="INFO">${nameProject} = Conroy, Leannon and Schumm</msg>
<var>${nameProject}</var>
<arg>${namaProject_onDetailPage}</arg>
<doc>Returns the text value of the element identified by ``locator``.</doc>
<status status="PASS" start="2024-11-18T09:19:09.832517" elapsed="0.022781"/>
</kw>
<kw name="Get Text" owner="SeleniumLibrary">
<msg time="2024-11-18T09:19:09.888240" level="INFO">${status_onDetailPage} = Proses evaluasi</msg>
<var>${status_onDetailPage}</var>
<arg>${statusProject}</arg>
<doc>Returns the text value of the element identified by ``locator``.</doc>
<status status="PASS" start="2024-11-18T09:19:09.855298" elapsed="0.032942"/>
</kw>
<kw name="Log To Console" owner="BuiltIn">
<arg>Nama Project: ${nameProject}</arg>
<doc>Logs the given message to the console.</doc>
<status status="PASS" start="2024-11-18T09:19:09.888240" elapsed="0.000000"/>
</kw>
<kw name="Log To Console" owner="BuiltIn">
<arg>Status Project: ${status_onDetailPage}</arg>
<doc>Logs the given message to the console.</doc>
<status status="PASS" start="2024-11-18T09:19:09.888240" elapsed="0.000000"/>
</kw>
<kw name="Set Global Variable" owner="BuiltIn">
<msg time="2024-11-18T09:19:09.888240" level="INFO">${nameProject_MenungguPersetujuan} = Conroy, Leannon and Schumm</msg>
<arg>${nameProject_MenungguPersetujuan}</arg>
<arg>${nameProject}</arg>
<doc>Makes a variable available globally in all tests and suites.</doc>
<status status="PASS" start="2024-11-18T09:19:09.888240" elapsed="0.000000"/>
</kw>
<kw name="Should Be Equal" owner="BuiltIn">
<arg>${nameProject}</arg>
<arg>${text}</arg>
<doc>Fails if the given objects are unequal.</doc>
<status status="PASS" start="2024-11-18T09:19:09.888240" elapsed="0.000000"/>
</kw>
<kw name="Should Be Equal" owner="BuiltIn">
<arg>${status_onDetailPage}</arg>
<arg>${status}</arg>
<doc>Fails if the given objects are unequal.</doc>
<status status="PASS" start="2024-11-18T09:19:09.888240" elapsed="0.000000"/>
</kw>
<kw name="Exit For Loop" owner="BuiltIn">
<msg time="2024-11-18T09:19:09.888240" level="INFO">Exiting for loop altogether.</msg>
<doc>Stops executing the enclosing FOR loop.</doc>
<status status="PASS" start="2024-11-18T09:19:09.888240" elapsed="0.000000"/>
</kw>
<status status="PASS" start="2024-11-18T09:19:07.554906" elapsed="2.333334"/>
</branch>
<status status="PASS" start="2024-11-18T09:19:07.554906" elapsed="2.333334"/>
</if>
<var name="${counter}">3</var>
<status status="PASS" start="2024-11-18T09:19:07.522271" elapsed="2.365969"/>
</iter>
<var>${counter}</var>
<value>1</value>
<value>10</value>
<status status="PASS" start="2024-11-18T09:19:03.010068" elapsed="6.878172"/>
</for>
<arg>${textStatus}</arg>
<status status="PASS" start="2024-11-18T09:19:03.010068" elapsed="6.878172"/>
</kw>
<kw name="Exit For Loop" owner="BuiltIn">
<msg time="2024-11-18T09:19:09.888240" level="INFO">Exiting for loop altogether.</msg>
<doc>Stops executing the enclosing FOR loop.</doc>
<status status="PASS" start="2024-11-18T09:19:09.888240" elapsed="0.000000"/>
</kw>
<status status="PASS" start="2024-11-18T09:19:03.010068" elapsed="6.878172"/>
</branch>
<branch type="ELSE">
<kw name="general return status" owner="generalFunct">
<var>${next}</var>
<arg>${nextPage}</arg>
<status status="NOT RUN" start="2024-11-18T09:19:09.888240" elapsed="0.000000"/>
</kw>
<kw name="Run Keyword If" owner="BuiltIn">
<arg>${next}</arg>
<arg>user click element</arg>
<arg>${nextPage}</arg>
<doc>Runs the given keyword with the given arguments, if ``condition`` is true.</doc>
<status status="NOT RUN" start="2024-11-18T09:19:09.888240" elapsed="0.000000"/>
</kw>
<status status="NOT RUN" start="2024-11-18T09:19:09.888240" elapsed="0.000000"/>
</branch>
<status status="PASS" start="2024-11-18T09:19:03.010068" elapsed="6.878172"/>
</if>
<var name="${counter}">1</var>
<status status="PASS" start="2024-11-18T09:19:02.636580" elapsed="7.251660"/>
</iter>
<var>${counter}</var>
<value>1</value>
<value>${len}</value>
<status status="PASS" start="2024-11-18T09:19:02.636580" elapsed="7.251660"/>
</for>
<arg>Proses evaluasi</arg>
<status status="PASS" start="2024-11-18T09:18:59.633652" elapsed="10.254588"/>
</kw>
<kw name="Then detail information on detail page" owner="pom_detailProject_MenungguPersetujuan">
<kw name="Get Length" owner="BuiltIn">
<msg time="2024-11-18T09:19:09.888240" level="INFO">Length is 31.</msg>
<msg time="2024-11-18T09:19:09.888240" level="INFO">${len} = 31</msg>
<var>${len}</var>
<arg>xpath=//div[@class='w-100']/div</arg>
<doc>Returns and logs the length of the given item as an integer.</doc>
<status status="PASS" start="2024-11-18T09:19:09.888240" elapsed="0.000000"/>
</kw>
<for flavor="IN RANGE">
<iter>
<kw name="general return status" owner="generalFunct">
<kw name="Run Keyword And Return Status" owner="BuiltIn">
<kw name="Wait Until Element Is Visible" owner="SeleniumLibrary">
<arg>${locator}</arg>
<arg>timeout=2s</arg>
<doc>Waits until the element ``locator`` is visible.</doc>
<status status="PASS" start="2024-11-18T09:19:09.888240" elapsed="0.046173"/>
</kw>
<msg time="2024-11-18T09:19:09.934413" level="INFO">${res} = True</msg>
<var>${res}</var>
<arg>Wait Until Element Is Visible</arg>
<arg>${locator}</arg>
<arg>timeout=2s</arg>
<doc>Runs the given keyword with given arguments and returns the status as a Boolean value.</doc>
<status status="PASS" start="2024-11-18T09:19:09.888240" elapsed="0.046173"/>
</kw>
<return>
<value>${res}</value>
<status status="PASS" start="2024-11-18T09:19:09.934413" elapsed="0.000000"/>
</return>
<msg time="2024-11-18T09:19:09.934413" level="INFO">${res} = True</msg>
<var>${res}</var>
<arg>xpath=//div[@class='w-100']/div[${counter}]</arg>
<status status="PASS" start="2024-11-18T09:19:09.888240" elapsed="0.046173"/>
</kw>
<if>
<branch type="IF" condition="${res}">
<kw name="Get Text" owner="SeleniumLibrary">
<msg time="2024-11-18T09:19:09.957663" level="INFO">${text} = Admin</msg>
<var>${text}</var>
<arg>xpath=//div[@class='w-100']/div[${counter}]/div[1]/span</arg>
<doc>Returns the text value of the element identified by ``locator``.</doc>
<status status="PASS" start="2024-11-18T09:19:09.935409" elapsed="0.022254"/>
</kw>
<kw name="Get Text" owner="SeleniumLibrary">
<msg time="2024-11-18T09:19:09.988798" level="INFO">${textName} = AssQull</msg>
<var>${textName}</var>
<arg>xpath=//div[@class='w-100']/div[${counter}]/div[2]/span[2]</arg>
<doc>Returns the text value of the element identified by ``locator``.</doc>
<status status="PASS" start="2024-11-18T09:19:09.957663" elapsed="0.031135"/>
</kw>
<kw name="Log To Console" owner="BuiltIn">
<arg>${text}: ${textName}</arg>
<doc>Logs the given message to the console.</doc>
<status status="PASS" start="2024-11-18T09:19:09.988798" elapsed="0.000000"/>
</kw>
<kw name="Get Text" owner="SeleniumLibrary">
<msg time="2024-11-18T09:19:10.032950" level="INFO">${textBorder} = Tanggal project</msg>
<var>${textBorder}</var>
<arg>xpath=//div[@class="w-100 borderRight "]/div[${counter}]/div[1]/span</arg>
<doc>Returns the text value of the element identified by ``locator``.</doc>
<status status="PASS" start="2024-11-18T09:19:09.988798" elapsed="0.044152"/>
</kw>
<kw name="Get Text" owner="SeleniumLibrary">
<msg time="2024-11-18T09:19:10.066007" level="INFO">${textBorderRight} = 15 Nov 2024 - 15 Nov 2024</msg>
<var>${textBorderRight}</var>
<arg>xpath=//div[@class="w-100 borderRight "]/div[${counter}]/div[2]/span[2]</arg>
<doc>Returns the text value of the element identified by ``locator``.</doc>
<status status="PASS" start="2024-11-18T09:19:10.032950" elapsed="0.033057"/>
</kw>
<kw name="Log To Console" owner="BuiltIn">
<arg>${textBorder}: ${textBorderRight}</arg>
<doc>Logs the given message to the console.</doc>
<status status="PASS" start="2024-11-18T09:19:10.067008" elapsed="0.000512"/>
</kw>
<status status="PASS" start="2024-11-18T09:19:09.935409" elapsed="0.132111"/>
</branch>
<branch type="ELSE">
<kw name="Exit For Loop" owner="BuiltIn">
<doc>Stops executing the enclosing FOR loop.</doc>
<status status="NOT RUN" start="2024-11-18T09:19:10.067520" elapsed="0.000000"/>
</kw>
<status status="NOT RUN" start="2024-11-18T09:19:10.067520" elapsed="0.000000"/>
</branch>
<status status="PASS" start="2024-11-18T09:19:09.935409" elapsed="0.133115"/>
</if>
<var name="${counter}">1</var>
<status status="PASS" start="2024-11-18T09:19:09.888240" elapsed="0.180284"/>
</iter>
<iter>
<kw name="general return status" owner="generalFunct">
<kw name="Run Keyword And Return Status" owner="BuiltIn">
<kw name="Wait Until Element Is Visible" owner="SeleniumLibrary">
<arg>${locator}</arg>
<arg>timeout=2s</arg>
<doc>Waits until the element ``locator`` is visible.</doc>
<status status="PASS" start="2024-11-18T09:19:10.069521" elapsed="0.040441"/>
</kw>
<msg time="2024-11-18T09:19:10.110960" level="INFO">${res} = True</msg>
<var>${res}</var>
<arg>Wait Until Element Is Visible</arg>
<arg>${locator}</arg>
<arg>timeout=2s</arg>
<doc>Runs the given keyword with given arguments and returns the status as a Boolean value.</doc>
<status status="PASS" start="2024-11-18T09:19:10.069521" elapsed="0.041439"/>
</kw>
<return>
<value>${res}</value>
<status status="PASS" start="2024-11-18T09:19:10.110960" elapsed="0.000000"/>
</return>
<msg time="2024-11-18T09:19:10.110960" level="INFO">${res} = True</msg>
<var>${res}</var>
<arg>xpath=//div[@class='w-100']/div[${counter}]</arg>
<status status="PASS" start="2024-11-18T09:19:10.068524" elapsed="0.042436"/>
</kw>
<if>
<branch type="IF" condition="${res}">
<kw name="Get Text" owner="SeleniumLibrary">
<msg time="2024-11-18T09:19:10.145010" level="INFO">${text} = Manager Project</msg>
<var>${text}</var>
<arg>xpath=//div[@class='w-100']/div[${counter}]/div[1]/span</arg>
<doc>Returns the text value of the element identified by ``locator``.</doc>
<status status="PASS" start="2024-11-18T09:19:10.111958" elapsed="0.033052"/>
</kw>
<kw name="Get Text" owner="SeleniumLibrary">
<msg time="2024-11-18T09:19:10.174816" level="INFO">${textName} = Portouy</msg>
<var>${textName}</var>
<arg>xpath=//div[@class='w-100']/div[${counter}]/div[2]/span[2]</arg>
<doc>Returns the text value of the element identified by ``locator``.</doc>
<status status="PASS" start="2024-11-18T09:19:10.145010" elapsed="0.029806"/>
</kw>
<kw name="Log To Console" owner="BuiltIn">
<arg>${text}: ${textName}</arg>
<doc>Logs the given message to the console.</doc>
<status status="PASS" start="2024-11-18T09:19:10.174816" elapsed="0.001345"/>
</kw>
<kw name="Get Text" owner="SeleniumLibrary">
<msg time="2024-11-18T09:19:10.205640" level="INFO">${textBorder} = Anggaran maksimal</msg>
<var>${textBorder}</var>
<arg>xpath=//div[@class="w-100 borderRight "]/div[${counter}]/div[1]/span</arg>
<doc>Returns the text value of the element identified by ``locator``.</doc>
<status status="PASS" start="2024-11-18T09:19:10.176161" elapsed="0.029479"/>
</kw>
<kw name="Get Text" owner="SeleniumLibrary">
<msg time="2024-11-18T09:19:10.235309" level="INFO">${textBorderRight} = Rp 91,431,619</msg>
<var>${textBorderRight}</var>
<arg>xpath=//div[@class="w-100 borderRight "]/div[${counter}]/div[2]/span[2]</arg>
<doc>Returns the text value of the element identified by ``locator``.</doc>
<status status="PASS" start="2024-11-18T09:19:10.205640" elapsed="0.029669"/>
</kw>
<kw name="Log To Console" owner="BuiltIn">
<arg>${textBorder}: ${textBorderRight}</arg>
<doc>Logs the given message to the console.</doc>
<status status="PASS" start="2024-11-18T09:19:10.236297" elapsed="0.001223"/>
</kw>
<status status="PASS" start="2024-11-18T09:19:10.111958" elapsed="0.125562"/>
</branch>
<branch type="ELSE">
<kw name="Exit For Loop" owner="BuiltIn">
<doc>Stops executing the enclosing FOR loop.</doc>
<status status="NOT RUN" start="2024-11-18T09:19:10.238521" elapsed="0.000000"/>
</kw>
<status status="NOT RUN" start="2024-11-18T09:19:10.237520" elapsed="0.001001"/>
</branch>
<status status="PASS" start="2024-11-18T09:19:10.111958" elapsed="0.126996"/>
</if>
<var name="${counter}">2</var>
<status status="PASS" start="2024-11-18T09:19:10.068524" elapsed="0.170430"/>
</iter>
<iter>
<kw name="general return status" owner="generalFunct">
<kw name="Run Keyword And Return Status" owner="BuiltIn">
<kw name="Wait Until Element Is Visible" owner="SeleniumLibrary">
<arg>${locator}</arg>
<arg>timeout=2s</arg>
<doc>Waits until the element ``locator`` is visible.</doc>
<status status="PASS" start="2024-11-18T09:19:10.238954" elapsed="0.034398"/>
</kw>
<msg time="2024-11-18T09:19:10.273352" level="INFO">${res} = True</msg>
<var>${res}</var>
<arg>Wait Until Element Is Visible</arg>
<arg>${locator}</arg>
<arg>timeout=2s</arg>
<doc>Runs the given keyword with given arguments and returns the status as a Boolean value.</doc>
<status status="PASS" start="2024-11-18T09:19:10.238954" elapsed="0.034398"/>
</kw>
<return>
<value>${res}</value>
<status status="PASS" start="2024-11-18T09:19:10.273352" elapsed="0.000000"/>
</return>
<msg time="2024-11-18T09:19:10.273352" level="INFO">${res} = True</msg>
<var>${res}</var>
<arg>xpath=//div[@class='w-100']/div[${counter}]</arg>
<status status="PASS" start="2024-11-18T09:19:10.238954" elapsed="0.034398"/>
</kw>
<if>
<branch type="IF" condition="${res}">
<kw name="Get Text" owner="SeleniumLibrary">
<msg time="2024-11-18T09:19:10.305811" level="INFO">${text} = Finance</msg>
<var>${text}</var>
<arg>xpath=//div[@class='w-100']/div[${counter}]/div[1]/span</arg>
<doc>Returns the text value of the element identified by ``locator``.</doc>
<status status="PASS" start="2024-11-18T09:19:10.273352" elapsed="0.032459"/>
</kw>
<kw name="Get Text" owner="SeleniumLibrary">
<msg time="2024-11-18T09:19:10.335397" level="INFO">${textName} = lunn Roy</msg>
<var>${textName}</var>
<arg>xpath=//div[@class='w-100']/div[${counter}]/div[2]/span[2]</arg>
<doc>Returns the text value of the element identified by ``locator``.</doc>
<status status="PASS" start="2024-11-18T09:19:10.306807" elapsed="0.028590"/>
</kw>
<kw name="Log To Console" owner="BuiltIn">
<arg>${text}: ${textName}</arg>
<doc>Logs the given message to the console.</doc>
<status status="PASS" start="2024-11-18T09:19:10.336744" elapsed="0.000555"/>
</kw>
<kw name="Get Text" owner="SeleniumLibrary">
<msg time="2024-11-18T09:19:10.402854" level="INFO">${textBorder} = Total pembelian</msg>
<var>${textBorder}</var>
<arg>xpath=//div[@class="w-100 borderRight "]/div[${counter}]/div[1]/span</arg>
<doc>Returns the text value of the element identified by ``locator``.</doc>
<status status="PASS" start="2024-11-18T09:19:10.338334" elapsed="0.064520"/>
</kw>
<kw name="Get Text" owner="SeleniumLibrary">
<msg time="2024-11-18T09:19:10.496119" level="INFO">${textBorderRight} = Rp 0</msg>
<var>${textBorderRight}</var>
<arg>xpath=//div[@class="w-100 borderRight "]/div[${counter}]/div[2]/span[2]</arg>
<doc>Returns the text value of the element identified by ``locator``.</doc>
<status status="PASS" start="2024-11-18T09:19:10.402854" elapsed="0.093265"/>
</kw>
<kw name="Log To Console" owner="BuiltIn">
<arg>${textBorder}: ${textBorderRight}</arg>
<doc>Logs the given message to the console.</doc>
<status status="PASS" start="2024-11-18T09:19:10.496119" elapsed="0.000000"/>
</kw>
<status status="PASS" start="2024-11-18T09:19:10.273352" elapsed="0.222767"/>
</branch>
<branch type="ELSE">
<kw name="Exit For Loop" owner="BuiltIn">
<doc>Stops executing the enclosing FOR loop.</doc>
<status status="NOT RUN" start="2024-11-18T09:19:10.496119" elapsed="0.000000"/>
</kw>
<status status="NOT RUN" start="2024-11-18T09:19:10.496119" elapsed="0.000000"/>
</branch>
<status status="PASS" start="2024-11-18T09:19:10.273352" elapsed="0.222767"/>
</if>
<var name="${counter}">3</var>
<status status="PASS" start="2024-11-18T09:19:10.238954" elapsed="0.257165"/>
</iter>
<iter>
<kw name="general return status" owner="generalFunct">
<kw name="Run Keyword And Return Status" owner="BuiltIn">
<kw name="Wait Until Element Is Visible" owner="SeleniumLibrary">
<msg time="2024-11-18T09:19:12.719961" level="INFO" html="true">&lt;/td&gt;&lt;/tr&gt;&lt;tr&gt;&lt;td colspan="3"&gt;&lt;a href="selenium-screenshot-57.png"&gt;&lt;img src="selenium-screenshot-57.png" width="800px"&gt;&lt;/a&gt;</msg>
<msg time="2024-11-18T09:19:12.719961" level="FAIL">Element 'xpath=//div[@class='w-100']/div[4]' not visible after 2 seconds.</msg>
<arg>${locator}</arg>
<arg>timeout=2s</arg>
<doc>Waits until the element ``locator`` is visible.</doc>
<status status="FAIL" start="2024-11-18T09:19:10.496119" elapsed="2.223842">Element 'xpath=//div[@class='w-100']/div[4]' not visible after 2 seconds.</status>
</kw>
<msg time="2024-11-18T09:19:12.719961" level="INFO">${res} = False</msg>
<var>${res}</var>
<arg>Wait Until Element Is Visible</arg>
<arg>${locator}</arg>
<arg>timeout=2s</arg>
<doc>Runs the given keyword with given arguments and returns the status as a Boolean value.</doc>
<status status="PASS" start="2024-11-18T09:19:10.496119" elapsed="2.223842"/>
</kw>
<return>
<value>${res}</value>
<status status="PASS" start="2024-11-18T09:19:12.719961" elapsed="0.000000"/>
</return>
<msg time="2024-11-18T09:19:12.719961" level="INFO">${res} = False</msg>
<var>${res}</var>
<arg>xpath=//div[@class='w-100']/div[${counter}]</arg>
<status status="PASS" start="2024-11-18T09:19:10.496119" elapsed="2.223842"/>
</kw>
<if>
<branch type="IF" condition="${res}">
<kw name="Get Text" owner="SeleniumLibrary">
<var>${text}</var>
<arg>xpath=//div[@class='w-100']/div[${counter}]/div[1]/span</arg>
<doc>Returns the text value of the element identified by ``locator``.</doc>
<status status="NOT RUN" start="2024-11-18T09:19:12.719961" elapsed="0.000000"/>
</kw>
<kw name="Get Text" owner="SeleniumLibrary">
<var>${textName}</var>
<arg>xpath=//div[@class='w-100']/div[${counter}]/div[2]/span[2]</arg>
<doc>Returns the text value of the element identified by ``locator``.</doc>
<status status="NOT RUN" start="2024-11-18T09:19:12.719961" elapsed="0.000000"/>
</kw>
<kw name="Log To Console" owner="BuiltIn">
<arg>${text}: ${textName}</arg>
<doc>Logs the given message to the console.</doc>
<status status="NOT RUN" start="2024-11-18T09:19:12.719961" elapsed="0.000000"/>
</kw>
<kw name="Get Text" owner="SeleniumLibrary">
<var>${textBorder}</var>
<arg>xpath=//div[@class="w-100 borderRight "]/div[${counter}]/div[1]/span</arg>
<doc>Returns the text value of the element identified by ``locator``.</doc>
<status status="NOT RUN" start="2024-11-18T09:19:12.719961" elapsed="0.000000"/>
</kw>
<kw name="Get Text" owner="SeleniumLibrary">
<var>${textBorderRight}</var>
<arg>xpath=//div[@class="w-100 borderRight "]/div[${counter}]/div[2]/span[2]</arg>
<doc>Returns the text value of the element identified by ``locator``.</doc>
<status status="NOT RUN" start="2024-11-18T09:19:12.719961" elapsed="0.000000"/>
</kw>
<kw name="Log To Console" owner="BuiltIn">
<arg>${textBorder}: ${textBorderRight}</arg>
<doc>Logs the given message to the console.</doc>
<status status="NOT RUN" start="2024-11-18T09:19:12.719961" elapsed="0.000000"/>
</kw>
<status status="NOT RUN" start="2024-11-18T09:19:12.719961" elapsed="0.000000"/>
</branch>
<branch type="ELSE">
<kw name="Exit For Loop" owner="BuiltIn">
<msg time="2024-11-18T09:19:12.719961" level="INFO">Exiting for loop altogether.</msg>
<doc>Stops executing the enclosing FOR loop.</doc>
<status status="PASS" start="2024-11-18T09:19:12.719961" elapsed="0.000000"/>
</kw>
<status status="PASS" start="2024-11-18T09:19:12.719961" elapsed="0.000000"/>
</branch>
<status status="PASS" start="2024-11-18T09:19:12.719961" elapsed="0.000000"/>
</if>
<var name="${counter}">4</var>
<status status="PASS" start="2024-11-18T09:19:10.496119" elapsed="2.223842"/>
</iter>
<var>${counter}</var>
<value>1</value>
<value>${len}</value>
<status status="PASS" start="2024-11-18T09:19:09.888240" elapsed="2.831721"/>
</for>
<status status="PASS" start="2024-11-18T09:19:09.888240" elapsed="2.831721"/>
</kw>
<kw name="And user on detail page Proses Evaluasi" owner="pom_detailProject_ProsesEvaluasi">
<kw name="Get Text" owner="SeleniumLibrary">
<msg time="2024-11-18T09:19:12.771355" level="INFO">${notesProsesEvaluasi} = Catatan evaluasi: “evv”</msg>
<var>${notesProsesEvaluasi}</var>
<arg>${notesOnDetail_ProsesEvaluasi}</arg>
<doc>Returns the text value of the element identified by ``locator``.</doc>
<status status="PASS" start="2024-11-18T09:19:12.719961" elapsed="0.068566"/>
</kw>
<kw name="Set Global Variable" owner="BuiltIn">
<msg time="2024-11-18T09:19:12.788527" level="INFO">${notesProsesEvaluasi} = Catatan evaluasi: “evv”</msg>
<arg>${notesProsesEvaluasi}</arg>
<arg>${notesProsesEvaluasi}</arg>
<doc>Makes a variable available globally in all tests and suites.</doc>
<status status="PASS" start="2024-11-18T09:19:12.788527" elapsed="0.000000"/>
</kw>
<kw name="Log To Console" owner="BuiltIn">
<arg>${notesProsesEvaluasi}</arg>
<doc>Logs the given message to the console.</doc>
<status status="PASS" start="2024-11-18T09:19:12.788527" elapsed="0.022016"/>
</kw>
<status status="PASS" start="2024-11-18T09:19:12.719961" elapsed="0.090582"/>
</kw>
<status status="PASS" start="2024-11-18T09:18:29.352263" elapsed="43.458280"/>
</kw>
<kw name="When click button ubah" owner="generalFunct">
<kw name="general Wait Until" owner="generalFunct">
<kw name="Wait Until Element Is Visible" owner="SeleniumLibrary">
<arg>${locator}</arg>
<arg>timeout=2s</arg>
<doc>Waits until the element ``locator`` is visible.</doc>
<status status="PASS" start="2024-11-18T09:19:12.812544" elapsed="0.030730"/>
</kw>
<arg>${buttonUbah}</arg>
<status status="PASS" start="2024-11-18T09:19:12.811549" elapsed="0.031725"/>
</kw>
<kw name="user click element" owner="generalFunct">
<kw name="Wait Until Element Is Visible" owner="SeleniumLibrary">
<arg>${element}</arg>
<doc>Waits until the element ``locator`` is visible.</doc>
<status status="PASS" start="2024-11-18T09:19:12.843274" elapsed="0.027899"/>
</kw>
<kw name="Click Element" owner="SeleniumLibrary">
<msg time="2024-11-18T09:19:12.871173" level="INFO">Clicking element 'xpath=//div[@class='d-flex align-items-center justify-content-end w-100']/button[2]'.</msg>
<msg time="2024-11-18T09:19:13.540480" level="INFO">${clickElement} = None</msg>
<var>${clickElement}</var>
<arg>${element}</arg>
<doc>Click the element identified by ``locator``.</doc>
<status status="PASS" start="2024-11-18T09:19:12.871173" elapsed="0.669307"/>
</kw>
<return>
<value>${clickElement}</value>
<status status="PASS" start="2024-11-18T09:19:13.540480" elapsed="0.000000"/>
</return>
<arg>${buttonUbah}</arg>
<status status="PASS" start="2024-11-18T09:19:12.843274" elapsed="0.697206"/>
</kw>
<status status="PASS" start="2024-11-18T09:19:12.811549" elapsed="0.728931"/>
</kw>
<kw name="And user on form ubah project" owner="pom_detailProject_ProsesEvaluasi">
<kw name="general Wait Until" owner="generalFunct">
<kw name="Wait Until Element Is Visible" owner="SeleniumLibrary">
<arg>${locator}</arg>
<arg>timeout=2s</arg>
<doc>Waits until the element ``locator`` is visible.</doc>
<status status="PASS" start="2024-11-18T09:19:13.540480" elapsed="0.163889"/>
</kw>
<arg>${titleUbahProject}</arg>
<status status="PASS" start="2024-11-18T09:19:13.540480" elapsed="0.163889"/>
</kw>
<kw name="Get Text" owner="SeleniumLibrary">
<msg time="2024-11-18T09:19:13.739059" level="INFO">${notesOnForm} = Catatan evaluasi: “evv”</msg>
<var>${notesOnForm}</var>
<arg>${notesOn_FormUbah}</arg>
<doc>Returns the text value of the element identified by ``locator``.</doc>
<status status="PASS" start="2024-11-18T09:19:13.704369" elapsed="0.034690"/>
</kw>
<kw name="Should Be Equal" owner="BuiltIn">
<arg>${notesProsesEvaluasi}</arg>
<arg>${notesOnForm}</arg>
<doc>Fails if the given objects are unequal.</doc>
<status status="PASS" start="2024-11-18T09:19:13.739059" elapsed="0.000000"/>
</kw>
<status status="PASS" start="2024-11-18T09:19:13.540480" elapsed="0.198579"/>
</kw>
<kw name="And user ubah alamat project" owner="pom_detailProject_MenungguPersetujuan">
<kw name="user click element" owner="generalFunct">
<kw name="Wait Until Element Is Visible" owner="SeleniumLibrary">
<arg>${element}</arg>
<doc>Waits until the element ``locator`` is visible.</doc>
<status status="PASS" start="2024-11-18T09:19:13.739059" elapsed="0.301976"/>
</kw>
<kw name="Click Element" owner="SeleniumLibrary">
<msg time="2024-11-18T09:19:14.042031" level="INFO">Clicking element 'xpath=//div[@id='svgdeletecity']'.</msg>
<msg time="2024-11-18T09:19:14.184917" level="INFO">${clickElement} = None</msg>
<var>${clickElement}</var>
<arg>${element}</arg>
<doc>Click the element identified by ``locator``.</doc>
<status status="PASS" start="2024-11-18T09:19:14.041035" elapsed="0.143882"/>
</kw>
<return>
<value>${clickElement}</value>
<status status="PASS" start="2024-11-18T09:19:14.184917" elapsed="0.000000"/>
</return>
<arg>${iconDeleteCity}</arg>
<status status="PASS" start="2024-11-18T09:19:13.739059" elapsed="0.445858"/>
</kw>
<kw name="user choose kecamatan list" owner="pom_createProject">
<kw name="Get list city" owner="API_listKecamatan">
<kw name="Get User Login" owner="API_listKecamatan">
<kw name="Get Token" owner="API_listKecamatan">
<kw name="Disable Ssl Warnings" owner="ssl_helper">
<status status="PASS" start="2024-11-18T09:19:14.189287" elapsed="0.000000"/>
</kw>
<kw name="Create Session" owner="RequestsLibrary">
<msg time="2024-11-18T09:19:14.189287" level="INFO">Creating Session using : alias=api, url=https://dev-apiv1.1000saudara.com/auth/access, headers={'X-MSSAPI-KEY': 'DPEqC6x0Rh8eU5QhtjS1'},                     cookies={}, auth=None, timeout=None, proxies=None, verify=False,                     debug=0 </msg>
<arg>api</arg>
<arg>${authURL}</arg>
<arg>headers={"X-MSSAPI-KEY": "${KEY}"}</arg>
<doc>Create Session: create a HTTP session to a server</doc>
<status status="PASS" start="2024-11-18T09:19:14.189287" elapsed="0.000000"/>
</kw>
<kw name="POST On Session" owner="RequestsLibrary">
<msg time="2024-11-18T09:19:14.958799" level="INFO">POST Request : url=https://dev-apiv1.1000saudara.com/auth/access 
 path_url=/auth/access 
 headers={'User-Agent': 'python-requests/2.32.3', 'Accept-Encoding': 'gzip, deflate', 'Accept': '*/*', 'Connection': 'keep-alive', 'X-MSSAPI-KEY': 'DPEqC6x0Rh8eU5QhtjS1', 'Content-Length': '0'} 
 body=None 
 </msg>
<msg time="2024-11-18T09:19:14.959803" level="INFO">POST Response : url=https://dev-apiv1.1000saudara.com/auth/access 
 status=200, reason=OK 
 headers={'Content-Length': '442', 'Content-Type': 'application/json; charset=utf-8', 'X-Powered-By': 'ASP.NET', 'Date': 'Mon, 18 Nov 2024 02:20:00 GMT'} 
 body={"token":"eyJhbGciOiJodHRwOi8vd3d3LnczLm9yZy8yMDAxLzA0L3htbGRzaWctbW9yZSNobWFjLXNoYTI1NiIsInR5cCI6IkpXVCJ9.eyJodHRwOi8vc2NoZW1hcy54bWxzb2FwLm9yZy93cy8yMDA1LzA1L2lkZW50aXR5L2NsYWltcy9uYW1lIjoiYWNjZXNzIiwianRpIjoiYmI2M2I3N2UtN2VjMC00NTgyLWEzODAtODFjZWNlYTM5ODA2IiwiZXhwIjoxNzMxOTAwMDAwLCJpc3MiOiJhY2Nlc3NJc3N1ZXIiLCJhdWQiOiJhY2Nlc3NBdWRpZW5jZSJ9.udcYQ_HOE0MqiEmcTWEyiHd6MLduR9VJh4ayEXIrHp8","expirationDate":"2024-11-18T10:20:00.2980037+07:00"} 
 </msg>
<msg time="2024-11-18T09:19:14.959803" level="INFO">${response} = &lt;Response [200]&gt;</msg>
<var>${response}</var>
<arg>api</arg>
<arg>url=${authURL}</arg>
<doc>Sends a POST request on a previously created HTTP Session.</doc>
<status status="PASS" start="2024-11-18T09:19:14.189287" elapsed="0.770516"/>
</kw>
<kw name="Should Be Equal As Strings" owner="BuiltIn">
<msg time="2024-11-18T09:19:14.960797" level="INFO">Argument types are:
&lt;class 'int'&gt;
&lt;class 'str'&gt;</msg>
<arg>${response.status_code}</arg>
<arg>200</arg>
<doc>Fails if objects are unequal after converting them to strings.</doc>
<status status="PASS" start="2024-11-18T09:19:14.959803" elapsed="0.000994"/>
</kw>
<kw name="Evaluate" owner="BuiltIn">
<msg time="2024-11-18T09:19:14.961794" level="INFO">${json} = {'token': 'eyJhbGciOiJodHRwOi8vd3d3LnczLm9yZy8yMDAxLzA0L3htbGRzaWctbW9yZSNobWFjLXNoYTI1NiIsInR5cCI6IkpXVCJ9.eyJodHRwOi8vc2NoZW1hcy54bWxzb2FwLm9yZy93cy8yMDA1LzA1L2lkZW50aXR5L2NsYWltcy9uYW1lIjoiYWNjZXNz...</msg>
<var>${json}</var>
<arg>json.loads('${response.content.decode("utf-8")}')</arg>
<doc>Evaluates the given expression in Python and returns the result.</doc>
<status status="PASS" start="2024-11-18T09:19:14.960797" elapsed="0.000997"/>
</kw>
<kw name="Set Variable" owner="BuiltIn">
<msg time="2024-11-18T09:19:14.963788" level="INFO">${token} = eyJhbGciOiJodHRwOi8vd3d3LnczLm9yZy8yMDAxLzA0L3htbGRzaWctbW9yZSNobWFjLXNoYTI1NiIsInR5cCI6IkpXVCJ9.eyJodHRwOi8vc2NoZW1hcy54bWxzb2FwLm9yZy93cy8yMDA1LzA1L2lkZW50aXR5L2NsYWltcy9uYW1lIjoiYWNjZXNzIiwianRpIjo...</msg>
<var>${token}</var>
<arg>${json['token']}</arg>
<doc>Returns the given values which can then be assigned to a variables.</doc>
<status status="PASS" start="2024-11-18T09:19:14.962791" elapsed="0.000997"/>
</kw>
<kw name="Set Global Variable" owner="BuiltIn">
<msg time="2024-11-18T09:19:14.963788" level="INFO">${token} = eyJhbGciOiJodHRwOi8vd3d3LnczLm9yZy8yMDAxLzA0L3htbGRzaWctbW9yZSNobWFjLXNoYTI1NiIsInR5cCI6IkpXVCJ9.eyJodHRwOi8vc2NoZW1hcy54bWxzb2FwLm9yZy93cy8yMDA1LzA1L2lkZW50aXR5L2NsYWltcy9uYW1lIjoiYWNjZXNzIiwianRpIjo...</msg>
<arg>${token}</arg>
<arg>${token}</arg>
<doc>Makes a variable available globally in all tests and suites.</doc>
<status status="PASS" start="2024-11-18T09:19:14.963788" elapsed="0.000000"/>
</kw>
<kw name="Log" owner="BuiltIn">
<msg time="2024-11-18T09:19:14.964785" level="INFO">token : eyJhbGciOiJodHRwOi8vd3d3LnczLm9yZy8yMDAxLzA0L3htbGRzaWctbW9yZSNobWFjLXNoYTI1NiIsInR5cCI6IkpXVCJ9.eyJodHRwOi8vc2NoZW1hcy54bWxzb2FwLm9yZy93cy8yMDA1LzA1L2lkZW50aXR5L2NsYWltcy9uYW1lIjoiYWNjZXNzIiwianRpIjoiYmI2M2I3N2UtN2VjMC00NTgyLWEzODAtODFjZWNlYTM5ODA2IiwiZXhwIjoxNzMxOTAwMDAwLCJpc3MiOiJhY2Nlc3NJc3N1ZXIiLCJhdWQiOiJhY2Nlc3NBdWRpZW5jZSJ9.udcYQ_HOE0MqiEmcTWEyiHd6MLduR9VJh4ayEXIrHp8</msg>
<arg>token : ${token}</arg>
<doc>Logs the given message with the given level.</doc>
<status status="PASS" start="2024-11-18T09:19:14.964785" elapsed="0.000000"/>
</kw>
<doc>Mengambil Token Bearer</doc>
<status status="PASS" start="2024-11-18T09:19:14.187597" elapsed="0.777188"/>
</kw>
<kw name="Disable Ssl Warnings" owner="ssl_helper">
<status status="PASS" start="2024-11-18T09:19:14.964785" elapsed="0.000000"/>
</kw>
<kw name="Create Session" owner="RequestsLibrary">
<msg time="2024-11-18T09:19:14.965783" level="INFO">Creating Session using : alias=api, url=https://dev-apiv1.1000saudara.com/apiproyek/wb, headers={'Authorization': 'Bearer eyJhbGciOiJodHRwOi8vd3d3LnczLm9yZy8yMDAxLzA0L3htbGRzaWctbW9yZSNobWFjLXNoYTI1NiIsInR5cCI6IkpXVCJ9.eyJodHRwOi8vc2NoZW1hcy54bWxzb2FwLm9yZy93cy8yMDA1LzA1L2lkZW50aXR5L2NsYWltcy9uYW1lIjoiYWNjZXNzIiwianRpIjoiYmI2M2I3N2UtN2VjMC00NTgyLWEzODAtODFjZWNlYTM5ODA2IiwiZXhwIjoxNzMxOTAwMDAwLCJpc3MiOiJhY2Nlc3NJc3N1ZXIiLCJhdWQiOiJhY2Nlc3NBdWRpZW5jZSJ9.udcYQ_HOE0MqiEmcTWEyiHd6MLduR9VJh4ayEXIrHp8'},                     cookies={}, auth=None, timeout=None, proxies=None, verify=False,                     debug=0 </msg>
<arg>api</arg>
<arg>${BASE_URL}</arg>
<arg>headers={"Authorization": "Bearer ${token}"}</arg>
<doc>Create Session: create a HTTP session to a server</doc>
<status status="PASS" start="2024-11-18T09:19:14.964785" elapsed="0.000998"/>
</kw>
<kw name="Create Dictionary" owner="BuiltIn">
<msg time="2024-11-18T09:19:14.966781" level="INFO">${origins} = {'Source': 'app_mitra', 'Version': ''}</msg>
<var>${origins}</var>
<arg>Source=app_mitra</arg>
<arg>Version=</arg>
<doc>Creates and returns a dictionary based on the given ``items``.</doc>
<status status="PASS" start="2024-11-18T09:19:14.965783" elapsed="0.000998"/>
</kw>
<kw name="Create Dictionary" owner="BuiltIn">
<msg time="2024-11-18T09:19:14.966781" level="INFO">${value} = {'Username': '085210758864', 'Password': '123456'}</msg>
<var>${value}</var>
<arg>Username=${ROLE_ADMIN}</arg>
<arg>Password=${PASSWORD}</arg>
<doc>Creates and returns a dictionary based on the given ``items``.</doc>
<status status="PASS" start="2024-11-18T09:19:14.966781" elapsed="0.000000"/>
</kw>
<kw name="Create Dictionary" owner="BuiltIn">
<msg time="2024-11-18T09:19:14.967778" level="INFO">${body} = {'Token': '', 'UserCode': '', 'Origins': {'Source': 'app_mitra', 'Version': ''}, 'Value': {'Username': '085210758864', 'Password': '123456'}}</msg>
<var>${body}</var>
<arg>Token=</arg>
<arg>UserCode=</arg>
<arg>Origins=${origins}</arg>
<arg>Value=${value}</arg>
<doc>Creates and returns a dictionary based on the given ``items``.</doc>
<status status="PASS" start="2024-11-18T09:19:14.966781" elapsed="0.000997"/>
</kw>
<kw name="POST On Session" owner="RequestsLibrary">
<msg time="2024-11-18T09:19:15.126996" level="INFO">POST Request : url=https://dev-apiv1.1000saudara.com/apiproyek/wb/User/login 
 path_url=/apiproyek/wb/User/login 
 headers={'User-Agent': 'python-requests/2.32.3', 'Accept-Encoding': 'gzip, deflate', 'Accept': '*/*', 'Connection': 'keep-alive', 'Authorization': 'Bearer eyJhbGciOiJodHRwOi8vd3d3LnczLm9yZy8yMDAxLzA0L3htbGRzaWctbW9yZSNobWFjLXNoYTI1NiIsInR5cCI6IkpXVCJ9.eyJodHRwOi8vc2NoZW1hcy54bWxzb2FwLm9yZy93cy8yMDA1LzA1L2lkZW50aXR5L2NsYWltcy9uYW1lIjoiYWNjZXNzIiwianRpIjoiYmI2M2I3N2UtN2VjMC00NTgyLWEzODAtODFjZWNlYTM5ODA2IiwiZXhwIjoxNzMxOTAwMDAwLCJpc3MiOiJhY2Nlc3NJc3N1ZXIiLCJhdWQiOiJhY2Nlc3NBdWRpZW5jZSJ9.udcYQ_HOE0MqiEmcTWEyiHd6MLduR9VJh4ayEXIrHp8', 'Content-Length': '141', 'Content-Type': 'application/json'} 
 body=b'{"Token": "", "UserCode": "", "Origins": {"Source": "app_mitra", "Version": ""}, "Value": {"Username": "085210758864", "Password": "123456"}}' 
 </msg>
<msg time="2024-11-18T09:19:15.126996" level="INFO">POST Response : url=https://dev-apiv1.1000saudara.com/apiproyek/wb/User/login 
 status=200, reason=OK 
 headers={'Content-Length': '350', 'Content-Type': 'application/json; charset=utf-8', 'X-Powered-By': 'ASP.NET, ASP.NET', 'Date': 'Mon, 18 Nov 2024 02:20:00 GMT'} 
 body={"errorCode":0,"errorStatus":false,"errorMessage":"","value":{"userCode":"5JIVrNNIwhM=","userName":"WIKA Operator","companyId":"2","isValidLogin":true,"ticket":"342c1cad8473febfce3a6467feb99c5ea3e78b3f2f67cc516d1ebb35c420fbf9","projectId":null,"photo":"","userRole":"Operation","userRoleCode":"administrator","userRoleSite":"","userRoleSiteCode":""}} 
 </msg>
<msg time="2024-11-18T09:19:15.128000" level="INFO">${response} = &lt;Response [200]&gt;</msg>
<var>${response}</var>
<arg>api</arg>
<arg>/User/login</arg>
<arg>json=${body}</arg>
<doc>Sends a POST request on a previously created HTTP Session.</doc>
<status status="PASS" start="2024-11-18T09:19:14.967778" elapsed="0.160222"/>
</kw>
<kw name="Should Be Equal As Strings" owner="BuiltIn">
<msg time="2024-11-18T09:19:15.128994" level="INFO">Argument types are:
&lt;class 'int'&gt;
&lt;class 'str'&gt;</msg>
<arg>${response.status_code}</arg>
<arg>200</arg>
<doc>Fails if objects are unequal after converting them to strings.</doc>
<status status="PASS" start="2024-11-18T09:19:15.128000" elapsed="0.000994"/>
</kw>
<kw name="Log" owner="BuiltIn">
<msg time="2024-11-18T09:19:15.129992" level="INFO">Response: {"errorCode":0,"errorStatus":false,"errorMessage":"","value":{"userCode":"5JIVrNNIwhM=","userName":"WIKA Operator","companyId":"2","isValidLogin":true,"ticket":"342c1cad8473febfce3a6467feb99c5ea3e78b3f2f67cc516d1ebb35c420fbf9","projectId":null,"photo":"","userRole":"Operation","userRoleCode":"administrator","userRoleSite":"","userRoleSiteCode":""}}</msg>
<arg>Response: ${response.content}</arg>
<doc>Logs the given message with the given level.</doc>
<status status="PASS" start="2024-11-18T09:19:15.128994" elapsed="0.000998"/>
</kw>
<kw name="Set Variable" owner="BuiltIn">
<msg time="2024-11-18T09:19:15.131985" level="INFO">${json} = {'errorCode': 0, 'errorStatus': False, 'errorMessage': '', 'value': {'userCode': '5JIVrNNIwhM=', 'userName': 'WIKA Operator', 'companyId': '2', 'isValidLogin': True, 'ticket': '342c1cad8473febfce3a646...</msg>
<var>${json}</var>
<arg>${response.json()}</arg>
<doc>Returns the given values which can then be assigned to a variables.</doc>
<status status="PASS" start="2024-11-18T09:19:15.130988" elapsed="0.000997"/>
</kw>
<kw name="Get From Dictionary" owner="Collections">
<msg time="2024-11-18T09:19:15.132983" level="INFO">${user_code} = 5JIVrNNIwhM=</msg>
<var>${user_code}</var>
<arg>${json['value']}</arg>
<arg>userCode</arg>
<doc>Returns a value from the given ``dictionary`` based on the given ``key``.</doc>
<status status="PASS" start="2024-11-18T09:19:15.131985" elapsed="0.000998"/>
</kw>
<kw name="Set Global Variable" owner="BuiltIn">
<msg time="2024-11-18T09:19:15.133980" level="INFO">${user_code} = 5JIVrNNIwhM=</msg>
<arg>${user_code}</arg>
<arg>${user_code}</arg>
<doc>Makes a variable available globally in all tests and suites.</doc>
<status status="PASS" start="2024-11-18T09:19:15.132983" elapsed="0.000997"/>
</kw>
<kw name="Log" owner="BuiltIn">
<msg time="2024-11-18T09:19:15.133980" level="INFO">token : 5JIVrNNIwhM=</msg>
<arg>token : ${user_code}</arg>
<doc>Logs the given message with the given level.</doc>
<status status="PASS" start="2024-11-18T09:19:15.133980" elapsed="0.000000"/>
</kw>
<doc>Menguji POST request pada API</doc>
<status status="PASS" start="2024-11-18T09:19:14.186912" elapsed="0.947068"/>
</kw>
<kw name="Disable Ssl Warnings" owner="ssl_helper">
<status status="PASS" start="2024-11-18T09:19:15.133980" elapsed="0.000998"/>
</kw>
<kw name="Create Session" owner="RequestsLibrary">
<msg time="2024-11-18T09:19:15.134978" level="INFO">Creating Session using : alias=api, url=https://dev-apiv1.1000saudara.com/apiproyek/wb, headers={'Authorization': 'Bearer eyJhbGciOiJodHRwOi8vd3d3LnczLm9yZy8yMDAxLzA0L3htbGRzaWctbW9yZSNobWFjLXNoYTI1NiIsInR5cCI6IkpXVCJ9.eyJodHRwOi8vc2NoZW1hcy54bWxzb2FwLm9yZy93cy8yMDA1LzA1L2lkZW50aXR5L2NsYWltcy9uYW1lIjoiYWNjZXNzIiwianRpIjoiYmI2M2I3N2UtN2VjMC00NTgyLWEzODAtODFjZWNlYTM5ODA2IiwiZXhwIjoxNzMxOTAwMDAwLCJpc3MiOiJhY2Nlc3NJc3N1ZXIiLCJhdWQiOiJhY2Nlc3NBdWRpZW5jZSJ9.udcYQ_HOE0MqiEmcTWEyiHd6MLduR9VJh4ayEXIrHp8'},                     cookies={}, auth=None, timeout=None, proxies=None, verify=False,                     debug=0 </msg>
<arg>api</arg>
<arg>${BASE_URL}</arg>
<arg>headers={"Authorization": "Bearer ${token}"}</arg>
<doc>Create Session: create a HTTP session to a server</doc>
<status status="PASS" start="2024-11-18T09:19:15.134978" elapsed="0.000000"/>
</kw>
<kw name="Evaluate" owner="BuiltIn">
<msg time="2024-11-18T09:19:15.136546" level="INFO">${random_letter} = h</msg>
<var>${random_letter}</var>
<arg>chr(random.randint(97, 122))</arg>
<arg>random</arg>
<doc>Evaluates the given expression in Python and returns the result.</doc>
<status status="PASS" start="2024-11-18T09:19:15.135975" elapsed="0.000571"/>
</kw>
<kw name="Log" owner="BuiltIn">
<msg time="2024-11-18T09:19:15.136546" level="INFO">Random Letter: h</msg>
<arg>Random Letter: ${random_letter}</arg>
<doc>Logs the given message with the given level.</doc>
<status status="PASS" start="2024-11-18T09:19:15.136546" elapsed="0.000000"/>
</kw>
<kw name="Create Dictionary" owner="BuiltIn">
<msg time="2024-11-18T09:19:15.137613" level="INFO">${origins} = {'Source': 'app_mitra', 'Version': ''}</msg>
<var>${origins}</var>
<arg>Source=app_mitra</arg>
<arg>Version=</arg>
<doc>Creates and returns a dictionary based on the given ``items``.</doc>
<status status="PASS" start="2024-11-18T09:19:15.137613" elapsed="0.000000"/>
</kw>
<kw name="Create Dictionary" owner="BuiltIn">
<msg time="2024-11-18T09:19:15.137613" level="INFO">${value} = {'Kecamatan': 'h'}</msg>
<var>${value}</var>
<arg>Kecamatan=${random_letter}</arg>
<doc>Creates and returns a dictionary based on the given ``items``.</doc>
<status status="PASS" start="2024-11-18T09:19:15.137613" elapsed="0.000000"/>
</kw>
<kw name="Create Dictionary" owner="BuiltIn">
<msg time="2024-11-18T09:19:15.137613" level="INFO">${body} = {'Token': '', 'UserCode': '5JIVrNNIwhM=', 'Origins': {'Source': 'app_mitra', 'Version': ''}, 'Value': {'Kecamatan': 'h'}}</msg>
<var>${body}</var>
<arg>Token=</arg>
<arg>UserCode=${user_code}</arg>
<arg>Origins=${origins}</arg>
<arg>Value=${value}</arg>
<doc>Creates and returns a dictionary based on the given ``items``.</doc>
<status status="PASS" start="2024-11-18T09:19:15.137613" elapsed="0.000000"/>
</kw>
<kw name="POST On Session" owner="RequestsLibrary">
<msg time="2024-11-18T09:19:15.718523" level="INFO">POST Request : url=https://dev-apiv1.1000saudara.com/apiproyek/wb/Administrator/GetListCityVendorForAdmin 
 path_url=/apiproyek/wb/Administrator/GetListCityVendorForAdmin 
 headers={'User-Agent': 'python-requests/2.32.3', 'Accept-Encoding': 'gzip, deflate', 'Accept': '*/*', 'Connection': 'keep-alive', 'Authorization': 'Bearer eyJhbGciOiJodHRwOi8vd3d3LnczLm9yZy8yMDAxLzA0L3htbGRzaWctbW9yZSNobWFjLXNoYTI1NiIsInR5cCI6IkpXVCJ9.eyJodHRwOi8vc2NoZW1hcy54bWxzb2FwLm9yZy93cy8yMDA1LzA1L2lkZW50aXR5L2NsYWltcy9uYW1lIjoiYWNjZXNzIiwianRpIjoiYmI2M2I3N2UtN2VjMC00NTgyLWEzODAtODFjZWNlYTM5ODA2IiwiZXhwIjoxNzMxOTAwMDAwLCJpc3MiOiJhY2Nlc3NJc3N1ZXIiLCJhdWQiOiJhY2Nlc3NBdWRpZW5jZSJ9.udcYQ_HOE0MqiEmcTWEyiHd6MLduR9VJh4ayEXIrHp8', 'Content-Length': '121', 'Content-Type': 'application/json'} 
 body=b'{"Token": "", "UserCode": "5JIVrNNIwhM=", "Origins": {"Source": "app_mitra", "Version": ""}, "Value": {"Kecamatan": "h"}}' 
 </msg>
<msg time="2024-11-18T09:19:15.718523" level="INFO">POST Response : url=https://dev-apiv1.1000saudara.com/apiproyek/wb/Administrator/GetListCityVendorForAdmin 
 status=200, reason=OK 
 headers={'Content-Length': '157466', 'Content-Type': 'application/json; charset=utf-8', 'X-Powered-By': 'ASP.NET, ASP.NET', 'Date': 'Mon, 18 Nov 2024 02:20:00 GMT'} 
 body={"errorCode":0,"errorStatus":false,"errorMessage":"","value":[{"kecamatanId":"NSkbSWjtg+s=","kecamatanName":"TEUPAH SELATAN","kabKotaId":"qmyNpqG456c=","kabKotaName":"KABUPATEN SIMEULUE","provinsiId":"9xs8yWofOao=","provinsiName":"ACEH"},{"kecamatanId":"x2hQkRQ0C3E=","kecamatanName":"TEUPAH BARAT","kabKotaId":"qmyNpqG456c=","kabKotaName":"KABUPATEN SIMEULUE","provinsiId":"9xs8yWofOao=","provinsiName":"ACEH"},{"kecamatanId":"PxWCd7g3Owo=","kecamatanName":"TEUPAH TENGAH","kabKotaId":"qmyNpqG456c=","kabKotaName":"KABUPATEN SIMEULUE","provinsiId":"9xs8yWofOao=","provinsiName":"ACEH"},{"kecamatanId":"+RsHsRcSfA8=","kecamatanName":"SIMEULUE TENGAH","kabKotaId":"qmyNpqG456c=","kabKotaName":"KABUPATEN SIMEULUE","provinsiId":"9xs8yWofOao=","provinsiName":"ACEH"},{"kecamatanId":"LR3R1tSqxao=","kecamatanName":"GUNUNG MERIAH","kabKotaId":"TNATXWm8quI=","kabKotaName":"KABUPATEN ACEH SINGKIL","provinsiId":"9xs8yWofOao=","provinsiName":"ACEH"},{"kecamatanId":"YpNBxI04SG8=","kecamatanName":"SINGKOHOR","kabKotaId":"TNATXWm8quI=","kabKotaName":"KABUPATEN ACEH SINGKIL","provinsiId":"9xs8yWofOao=","provinsiName":"ACEH"},{"kecamatanId":"SDiZJKCpRXA=","kecamatanName":"KOTA BAHARU","kabKotaId":"TNATXWm8quI=","kabKotaName":"KABUPATEN ACEH SINGKIL","provinsiId":"9xs8yWofOao=","provinsiName":"ACEH"},{"kecamatanId":"86vvkQK/7CA=","kecamatanName":"TRUMON TENGAH","kabKotaId":"W+YlagqGAFw=","kabKotaName":"KABUPATEN ACEH SELATAN","provinsiId":"9xs8yWofOao=","provinsiName":"ACEH"},{"kecamatanId":"sqXW8rjLntM=","kecamatanName":"KOTA BAHAGIA","kabKotaId":"W+YlagqGAFw=","kabKotaName":"KABUPATEN ACEH SELATAN","provinsiId":"9xs8yWofOao=","provinsiName":"ACEH"},{"kecamatanId":"MyAgBZiel8s=","kecamatanName":"KLUET TENGAH","kabKotaId":"W+YlagqGAFw=","kabKotaName":"KABUPATEN ACEH SELATAN","provinsiId":"9xs8yWofOao=","provinsiName":"ACEH"},{"kecamatanId":"VvvSvakX2pk=","kecamatanName":"LABUHAN HAJI","kabKotaId":"W+YlagqGAFw=","kabKotaName":"KABUPATEN ACEH SELATAN","provinsiId":"9xs8yWofOao=","provinsiName":"ACEH"},{"kecamatanId":"Qyeot9FZkIk=","kecamatanName":"LABUHAN HAJI TIMUR","kabKotaId":"W+YlagqGAFw=","kabKotaName":"KABUPATEN ACEH SELATAN","provinsiId":"9xs8yWofOao=","provinsiName":"ACEH"},{"kecamatanId":"lCdRUR11nes=","kecamatanName":"LABUHAN HAJI BARAT","kabKotaId":"W+YlagqGAFw=","kabKotaName":"KABUPATEN ACEH SELATAN","provinsiId":"9xs8yWofOao=","provinsiName":"ACEH"},{"kecamatanId":"1B+lnkQrdQU=","kecamatanName":"BABUL RAHMAH","kabKotaId":"bPfXZ1fPCfU=","kabKotaName":"KABUPATEN ACEH TENGGARA","provinsiId":"9xs8yWofOao=","provinsiName":"ACEH"},{"kecamatanId":"yA5yBqYwjd8=","kecamatanName":"TANOH ALAS","kabKotaId":"bPfXZ1fPCfU=","kabKotaName":"KABUPATEN ACEH TENGGARA","provinsiId":"9xs8yWofOao=","provinsiName":"ACEH"},{"kecamatanId":"sOIqkwBp1JY=","kecamatanName":"DARUL HASANAH","kabKotaId":"bPfXZ1fPCfU=","kabKotaName":"KABUPATEN ACEH TENGGARA","provinsiId":"9xs8yWofOao=","provinsiName":"ACEH"},{"kecamatanId":"gLHpS2YbcIU=","kecamatanName":"DELENG POKHKISEN","kabKotaId":"bPfXZ1fPCfU=","kabKotaName":"KABUPATEN ACEH TENGGARA","provinsiId":"9xs8yWofOao=","provinsiName":"ACEH"},{"kecamatanId":"SpfjfTxBhbY=","kecamatanName":"SIMPANG JERNIH","kabKotaId":"3DdCGU8emeo=","kabKotaName":"KABUPATEN ACEH TIMUR","provinsiId":"9xs8yWofOao=","provinsiName":"ACEH"},{"kecamatanId":"R6MrKZ+BqqA=","kecamatanName":"DARUL IHSAN","kabKotaId":"3DdCGU8emeo=","kabKotaName":"KABUPATEN ACEH TIMUR","provinsiId":"9xs8yWofOao=","provinsiName":"ACEH"},{"kecamatanId":"OaJAz1LlBAg=","kecamatanName":"DARUL FALAH","kabKotaId":"3DdCGU8emeo=","kabKotaName":"KABUPATEN ACEH TIMUR","provinsiId":"9xs8yWofOao=","provinsiName":"ACEH"},{"kecamatanId":"PtGRGdETWKs=","kecamatanName":"SILIH NARA","kabKotaId":"7HkCqIGsvWA=","kabKotaName":"KABUPATEN ACEH TENGAH","provinsiId":"9xs8yWofOao=","provinsiName":"ACEH"},{"kecamatanId":"VU9WuHfLNb0=","kecamatanName":"JOHAN PAHLAWAN","kabKotaId":"xWP+4GPIJKQ=","kabKotaName":"KABUPATEN ACEH BARAT","provinsiId":"9xs8yWofOao=","provinsiName":"ACEH"},{"kecamatanId":"gFEaPEmzXjk=","kecamatanName":"LHOONG","kabKotaId":"nokGONHMkTo=","kabKotaName":"KABUPATEN ACEH BESAR","provinsiId":"9xs8yWofOao=","provinsiName":"ACEH"},{"kecamatanId":"FmT6+JbBXvw=","kecamatanName":"LHOKNGA","kabKotaId":"nokGONHMkTo=","kabKotaName":"KABUPATEN ACEH BESAR","provinsiId":"9xs8yWofOao=","provinsiName":"ACEH"},{"kecamatanId":"qRWMvOGu7T0=","kecamatanName":"KOTA JANTHO","kabKotaId":"nokGONHMkTo=","kabKotaName":"KABUPATEN ACEH BESAR","provinsiId":"9xs8yWofOao=","provinsiName":"ACEH"},{"kecamatanId":"n8BW0U2FQAA=","kecamatanName":"LEMBAH SEULAWAH","kabKotaId":"nokGONHMkTo=","kabKotaName":"KABUPATEN ACEH BESAR","provinsiId":"9xs8yWofOao=","provinsiName":"ACEH"},{"kecamatanId":"eJ+fH9aVyAE=","kecamatanName":"DARUL IMARAH","kabKotaId":"nokGONHMkTo=","kabKotaName":"KABUPATEN ACEH BESAR","provinsiId":"9xs8yWofOao=","provinsiName":"ACEH"},{"kecamatanId":"4A9JBDJaCtw=","kecamatanName":"PULO ACEH","kabKotaId":"nokGONHMkTo=","kabKotaName":"KABUPATEN ACEH BESAR","provinsiId":"9xs8yWofOao=","provinsiName":"ACEH"},{"kecamatanId":"RbCFXqrh5jM=","kecamatanName":"PANDRAH","kabKotaId":"Ap2fKwJA2Z0=","kabKotaName":"KABUPATEN BIREUEN","provinsiId":"9xs8yWofOao=","provinsiName":"ACEH"},{"kecamatanId":"JjgoZvmjL/M=","kecamatanName":"PEUSANGAN SIBLAH KRUENG","kabKotaId":"Ap2fKwJA2Z0=","kabKotaName":"KABUPATEN BIREUEN","provinsiId":"9xs8yWofOao=","provinsiName":"ACEH"},{"kecamatanId":"epnr52Gw6Mc=","kecamatanName":"MEURAH MULIA","kabKotaId":"G43u+OT5DS8=","kabKotaName":"KABUPATEN ACEH UTARA","provinsiId":"9xs8yWofOao=","provinsiName":"ACEH"},{"kecamatanId":"2+IfWG+I6Eo=","kecamatanName":"TANAH JAMBO AYE","kabKotaId":"G43u+OT5DS8=","kabKotaName":"KABUPATEN ACEH UTARA","provinsiId":"9xs8yWofOao=","provinsiName":"ACEH"},{"kecamatanId":"JFV0hXfAyRQ=","kecamatanName":"LANGKAHAN","kabKotaId":"G43u+OT5DS8=","kabKotaName":"KABUPATEN ACEH UTARA","provinsiId":"9xs8yWofOao=","provinsiName":"ACEH"},{"kecamatanId":"mb8i+Ov3Kdg=","kecamatanName":"LHOKSUKON","kabKotaId":"G43u+OT5DS8=","kabKotaName":"KABUPATEN ACEH UTARA","provinsiId":"9xs8yWofOao=","provinsiName":"ACEH"},{"kecamatanId":"u0kUizYl1/8=","kecamatanName":"TANAH LUAS","kabKotaId":"G43u+OT5DS8=","kabKotaName":"KABUPATEN ACEH UTARA","provinsiId":"9xs8yWofOao=","provinsiName":"ACEH"},{"kecamatanId":"xvadM9Xax5U=","kecamatanName":"TANAH PASIR","kabKotaId":"G43u+OT5DS8=","kabKotaName":"KABUPATEN ACEH UTARA","provinsiId":"9xs8yWofOao=","provinsiName":"ACEH"},{"kecamatanId":"HoprZhaumwY=","kecamatanName":"LEMBAH SABIL","kabKotaId":"gvWohZHVqqg=","kabKotaName":"KABUPATEN ACEH BARAT DAYA","provinsiId":"9xs8yWofOao=","provinsiName":"ACEH"},{"kecamatanId":"dgNNGTPmoOg=","kecamatanName":"SUSOH","kabKotaId":"gvWohZHVqqg=","kabKotaName":"KABUPATEN ACEH BARAT DAYA","provinsiId":"9xs8yWofOao=","provinsiName":"ACEH"},{"kecamatanId":"Zoc5HemGk1o=","kecamatanName":"BABAH ROT","kabKotaId":"gvWohZHVqqg=","kabKotaName":"KABUPATEN ACEH BARAT DAYA","provinsiId":"9xs8yWofOao=","provinsiName":"ACEH"},{"kecamatanId":"djbUs6XO7zA=","kecamatanName":"TAMIANG HULU","kabKotaId":"MvF7s2W0sCw=","kabKotaName":"KABUPATEN ACEH TAMIANG","provinsiId":"9xs8yWofOao=","provinsiName":"ACEH"},{"kecamatanId":"FD6iVbrBsoo=","kecamatanName":"BENDAHARA","kabKotaId":"MvF7s2W0sCw=","kabKotaName":"KABUPATEN ACEH TAMIANG","provinsiId":"9xs8yWofOao=","provinsiName":"ACEH"},{"kecamatanId":"i84r6OJklD8=","kecamatanName":"BEUTONG ATEUH BANGGALANG","kabKotaId":"ooTNfXbOcww=","kabKotaName":"KABUPATEN NAGAN RAYA","provinsiId":"9xs8yWofOao=","provinsiName":"ACEH"},{"kecamatanId":"vP7nEsyaa8s=","kecamatanName":"DARUL HIKMAH","kabKotaId":"qqe97QR5W1k=","kabKotaName":"KABUPATEN ACEH JAYA","provinsiId":"9xs8yWofOao=","provinsiName":"ACEH"},{"kecamatanId":"CljTDrrdQz4=","kecamatanName":"TIMANG GAJAH","kabKotaId":"ARu56ZrN3kQ=","kabKotaName":"KABUPATEN BENER MERIAH","provinsiId":"9xs8yWofOao=","provinsiName":"ACEH"},{"kecamatanId":"UZo4sEHb8dc=","kecamatanName":"GAJAH PUTIH","kabKotaId":"ARu56ZrN3kQ=","kabKotaName":"KABUPATEN BENER MERIAH","provinsiId":"9xs8yWofOao=","provinsiName":"ACEH"},{"kecamatanId":"lNNwzr7MiNU=","kecamatanName":"WIH PESAM","kabKotaId":"ARu56ZrN3kQ=","kabKotaName":"KABUPATEN BENER MERIAH","provinsiId":"9xs8yWofOao=","provinsiName":"ACEH"},{"kecamatanId":"hLh+1uhrf18=","kecamatanName":"BENER KELIPAH","kabKotaId":"ARu56ZrN3kQ=","kabKotaName":"KABUPATEN BENER MERIAH","provinsiId":"9xs8yWofOao=","provinsiName":"ACEH"},{"kecamatanId":"P48CJ+vGOYM=","kecamatanName":"SYIAH UTAMA","kabKotaId":"ARu56ZrN3kQ=","kabKotaName":"KABUPATEN BENER MERIAH","provinsiId":"9xs8yWofOao=","provinsiName":"ACEH"},{"kecamatanId":"7dbbqMon5Jk=","kecamatanName":"MESIDAH","kabKotaId":"ARu56ZrN3kQ=","kabKotaName":"KABUPATEN BENER MERIAH","provinsiId":"9xs8yWofOao=","provinsiName":"ACEH"},{"kecamatanId":"PPa3dJkI6pY=","kecamatanName":"MEURAH DUA","kabKotaId":"sWv4D0wdpnc=","kabKotaName":"KABUPATEN PIDIE JAYA","provinsiId":"9xs8yWofOao=","provinsiName":"ACEH"},{"kecamatanId":"BFNdQvV2tms=","kecamatanName":"BAITURRAHMAN","kabKotaId":"+5OCgetFZDQ=","kabKotaName":"KOTA BANDA ACEH","provinsiId":"9xs8yWofOao=","provinsiName":"ACEH"},{"kecamatanId":"7TyvVyMH4io=","kecamatanName":"SYIAH KUALA","kabKotaId":"+5OCgetFZDQ=","kabKotaName":"KOTA BANDA ACEH","provinsiId":"9xs8yWofOao=","provinsiName":"ACEH"},{"kecamatanId":"beJ9oy0NBzg=","kecamatanName":"HILIDUHO","kabKotaId":"dlt+gKmn+mA=","kabKotaName":"KABUPATEN NIAS","provinsiId":"G6yZuPlzBN0=","provinsiName":"SUMATERA UTARA"},{"kecamatanId":"JPvWL5ICSVQ=","kecamatanName":"HILI SERANGKAI","kabKotaId":"dlt+gKmn+mA=","kabKotaName":"KABUPATEN NIAS","provinsiId":"G6yZuPlzBN0=","provinsiName":"SUMATERA UTARA"},{"kecamatanId":"74hALy6kkGc=","kecamatanName":"BATAHAN","kabKotaId":"GXSuf9MSxJM=","kabKotaName":"KABUPATEN MANDAILING NATAL","provinsiId":"G6yZuPlzBN0=","provinsiName":"SUMATERA UTARA"},{"kecamatanId":"beJKQzFwSvY=","kecamatanName":"LEMBAH SORIK MARAPI","kabKotaId":"GXSuf9MSxJM=","kabKotaName":"KABUPATEN MANDAILING NATAL","provinsiId":"G6yZuPlzBN0=","provinsiName":"SUMATERA UTARA"},{"kecamatan... (set the log level to DEBUG or TRACE to see the full content) 
 </msg>
<msg time="2024-11-18T09:19:15.718523" level="INFO">${response} = &lt;Response [200]&gt;</msg>
<var>${response}</var>
<arg>api</arg>
<arg>/Administrator/GetListCityVendorForAdmin</arg>
<arg>json=${body}</arg>
<doc>Sends a POST request on a previously created HTTP Session.</doc>
<status status="PASS" start="2024-11-18T09:19:15.137613" elapsed="0.580910"/>
</kw>
<kw name="Should Be Equal As Strings" owner="BuiltIn">
<msg time="2024-11-18T09:19:15.718523" level="INFO">Argument types are:
&lt;class 'int'&gt;
&lt;class 'str'&gt;</msg>
<arg>${response.status_code}</arg>
<arg>200</arg>
<doc>Fails if objects are unequal after converting them to strings.</doc>
<status status="PASS" start="2024-11-18T09:19:15.718523" elapsed="0.000000"/>
</kw>
<kw name="Set Variable" owner="BuiltIn">
<msg time="2024-11-18T09:19:15.718523" level="INFO">${json} = {'errorCode': 0, 'errorStatus': False, 'errorMessage': '', 'value': [{'kecamatanId': 'NSkbSWjtg+s=', 'kecamatanName': 'TEUPAH SELATAN', 'kabKotaId': 'qmyNpqG456c=', 'kabKotaName': 'KABUPATEN SIMEULUE'...</msg>
<var>${json}</var>
<arg>${response.json()}</arg>
<doc>Returns the given values which can then be assigned to a variables.</doc>
<status status="PASS" start="2024-11-18T09:19:15.718523" elapsed="0.000000"/>
</kw>
<kw name="Log" owner="BuiltIn">
<msg time="2024-11-18T09:19:15.736792" level="INFO">Response: {'errorCode': 0, 'errorStatus': False, 'errorMessage': '', 'value': [{'kecamatanId': 'NSkbSWjtg+s=', 'kecamatanName': 'TEUPAH SELATAN', 'kabKotaId': 'qmyNpqG456c=', 'kabKotaName': 'KABUPATEN SIMEULUE', 'provinsiId': '9xs8yWofOao=', 'provinsiName': 'ACEH'}, {'kecamatanId': 'x2hQkRQ0C3E=', 'kecamatanName': 'TEUPAH BARAT', 'kabKotaId': 'qmyNpqG456c=', 'kabKotaName': 'KABUPATEN SIMEULUE', 'provinsiId': '9xs8yWofOao=', 'provinsiName': 'ACEH'}, {'kecamatanId': 'PxWCd7g3Owo=', 'kecamatanName': 'TEUPAH TENGAH', 'kabKotaId': 'qmyNpqG456c=', 'kabKotaName': 'KABUPATEN SIMEULUE', 'provinsiId': '9xs8yWofOao=', 'provinsiName': 'ACEH'}, {'kecamatanId': '+RsHsRcSfA8=', 'kecamatanName': 'SIMEULUE TENGAH', 'kabKotaId': 'qmyNpqG456c=', 'kabKotaName': 'KABUPATEN SIMEULUE', 'provinsiId': '9xs8yWofOao=', 'provinsiName': 'ACEH'}, {'kecamatanId': 'LR3R1tSqxao=', 'kecamatanName': 'GUNUNG MERIAH', 'kabKotaId': 'TNATXWm8quI=', 'kabKotaName': 'KABUPATEN ACEH SINGKIL', 'provinsiId': '9xs8yWofOao=', 'provinsiName': 'ACEH'}, {'kecamatanId': 'YpNBxI04SG8=', 'kecamatanName': 'SINGKOHOR', 'kabKotaId': 'TNATXWm8quI=', 'kabKotaName': 'KABUPATEN ACEH SINGKIL', 'provinsiId': '9xs8yWofOao=', 'provinsiName': 'ACEH'}, {'kecamatanId': 'SDiZJKCpRXA=', 'kecamatanName': 'KOTA BAHARU', 'kabKotaId': 'TNATXWm8quI=', 'kabKotaName': 'KABUPATEN ACEH SINGKIL', 'provinsiId': '9xs8yWofOao=', 'provinsiName': 'ACEH'}, {'kecamatanId': '86vvkQK/7CA=', 'kecamatanName': 'TRUMON TENGAH', 'kabKotaId': 'W+YlagqGAFw=', 'kabKotaName': 'KABUPATEN ACEH SELATAN', 'provinsiId': '9xs8yWofOao=', 'provinsiName': 'ACEH'}, {'kecamatanId': 'sqXW8rjLntM=', 'kecamatanName': 'KOTA BAHAGIA', 'kabKotaId': 'W+YlagqGAFw=', 'kabKotaName': 'KABUPATEN ACEH SELATAN', 'provinsiId': '9xs8yWofOao=', 'provinsiName': 'ACEH'}, {'kecamatanId': 'MyAgBZiel8s=', 'kecamatanName': 'KLUET TENGAH', 'kabKotaId': 'W+YlagqGAFw=', 'kabKotaName': 'KABUPATEN ACEH SELATAN', 'provinsiId': '9xs8yWofOao=', 'provinsiName': 'ACEH'}, {'kecamatanId': 'VvvSvakX2pk=', 'kecamatanName': 'LABUHAN HAJI', 'kabKotaId': 'W+YlagqGAFw=', 'kabKotaName': 'KABUPATEN ACEH SELATAN', 'provinsiId': '9xs8yWofOao=', 'provinsiName': 'ACEH'}, {'kecamatanId': 'Qyeot9FZkIk=', 'kecamatanName': 'LABUHAN HAJI TIMUR', 'kabKotaId': 'W+YlagqGAFw=', 'kabKotaName': 'KABUPATEN ACEH SELATAN', 'provinsiId': '9xs8yWofOao=', 'provinsiName': '
[...]
KotaName': 'KABUPATEN MAYBRAT', 'provinsiId': '1ifTXvO+Lao=', 'provinsiName': 'PAPUA BARAT'}, {'kecamatanId': 'reQYO3G/5yQ=', 'kecamatanName': 'AITINYO TENGAH', 'kabKotaId': 'TPu0CgPCIhg=', 'kabKotaName': 'KABUPATEN MAYBRAT', 'provinsiId': '1ifTXvO+Lao=', 'provinsiName': 'PAPUA BARAT'}, {'kecamatanId': 'UGUEeyiny9o=', 'kecamatanName': 'AYAMARU TENGAH', 'kabKotaId': 'TPu0CgPCIhg=', 'kabKotaName': 'KABUPATEN MAYBRAT', 'provinsiId': '1ifTXvO+Lao=', 'provinsiName': 'PAPUA BARAT'}, {'kecamatanId': '8+4xRcRqxAQ=', 'kecamatanName': 'AIFAT TIMUR TENGAH', 'kabKotaId': 'TPu0CgPCIhg=', 'kabKotaName': 'KABUPATEN MAYBRAT', 'provinsiId': '1ifTXvO+Lao=', 'provinsiName': 'PAPUA BARAT'}, {'kecamatanId': 'cGHTpdDq8co=', 'kecamatanName': 'AIFAT TIMUR JAUH', 'kabKotaId': 'TPu0CgPCIhg=', 'kabKotaName': 'KABUPATEN MAYBRAT', 'provinsiId': '1ifTXvO+Lao=', 'provinsiName': 'PAPUA BARAT'}, {'kecamatanId': 'VCVjjnBD1tI=', 'kecamatanName': 'TAHOTA', 'kabKotaId': 'vYZqncMA+i8=', 'kabKotaName': 'KABUPATEN MANOKWARI SELATAN', 'provinsiId': '1ifTXvO+Lao=', 'provinsiName': 'PAPUA BARAT'}, {'kecamatanId': 'L/gZacpgcfY=', 'kecamatanName': 'DIDOHU', 'kabKotaId': '0FyuhD5KVF4=', 'kabKotaName': 'KABUPATEN PEGUNUNGAN ARFAK', 'provinsiId': '1ifTXvO+Lao=', 'provinsiName': 'PAPUA BARAT'}, {'kecamatanId': 'mEtQdwzw9Tg=', 'kecamatanName': 'HINGK', 'kabKotaId': '0FyuhD5KVF4=', 'kabKotaName': 'KABUPATEN PEGUNUNGAN ARFAK', 'provinsiId': '1ifTXvO+Lao=', 'provinsiName': 'PAPUA BARAT'}, {'kecamatanId': 'fV7lAl9gEkY=', 'kecamatanName': 'ANIMHA', 'kabKotaId': 'Wm+4HJ73b+s=', 'kabKotaName': 'KABUPATEN MERAUKE', 'provinsiId': 'H56Mc61GfSM=', 'provinsiName': 'PAPUA'}, {'kecamatanId': 'tvIqzqfJ0Fs=', 'kecamatanName': 'TANAH MIRING', 'kabKotaId': 'Wm+4HJ73b+s=', 'kabKotaName': 'KABUPATEN MERAUKE', 'provinsiId': 'H56Mc61GfSM=', 'provinsiName': 'PAPUA'}, {'kecamatanId': 'nSnKJ5T6buQ=', 'kecamatanName': 'HUBIKOSI', 'kabKotaId': 'F+/WXB5JwYU=', 'kabKotaName': 'KABUPATEN JAYAWIJAYA', 'provinsiId': 'H56Mc61GfSM=', 'provinsiName': 'PAPUA'}, {'kecamatanId': 'E8r5SiBJFzQ=', 'kecamatanName': 'HUBIKIAK', 'kabKotaId': 'F+/WXB5JwYU=', 'kabKotaName': 'KABUPATEN JAYAWIJAYA', 'provinsiId': 'H56Mc61GfSM=', 'provinsiName': 'PAPUA'}, {'kecamatanId': '+0CpeVxPvik=', 'kecamatanName': 'ITLAY HASIGE', 'kabKotaId': 'F+/WXB5JwYU=', 'kabKotaName': 'KABUPATEN JAYAWIJAYA', 'provinsiId': 'H56Mc61GfSM=', 'provinsiName': 'PAPUA'}, {'kecamatanId': 'SeoB7pg1+H0=', 'kecamatanName': 'KAUREH', 'kabKotaId': 'W9jeXH35h+4=', 'kabKotaName': 'KABUPATEN JAYAPURA', 'provinsiId': 'H56Mc61GfSM=', 'provinsiName': 'PAPUA'}, {'kecamatanId': '+IEmY1pvfkc=', 'kecamatanName': 'MIMIKA BARAT JAUH', 'kabKotaId': '3UNRsgf9GCg=', 'kabKotaName': 'KABUPATEN MIMIKA', 'provinsiId': 'H56Mc61GfSM=', 'provinsiName': 'PAPUA'}, {'kecamatanId': 'mJ90tTeDSs4=', 'kecamatanName': 'MIMIKA BARAT TENGAH', 'kabKotaId': '3UNRsgf9GCg=', 'kabKotaName': 'KABUPATEN MIMIKA', 'provinsiId': 'H56Mc61GfSM=', 'provinsiName': 'PAPUA'}, {'kecamatanId': '01mNfkWD4R4=', 'kecamatanName': 'MIMIKA TENGAH', 'kabKotaId': '3UNRsgf9GCg=', 'kabKotaName': 'KABUPATEN MIMIKA', 'provinsiId': 'H56Mc61GfSM=', 'provinsiName': 'PAPUA'}, {'kecamatanId': 'jgnddaDiMUM=', 'kecamatanName': 'MIMIKA TIMUR JAUH', 'kabKotaId': '3UNRsgf9GCg=', 'kabKotaName': 'KABUPATEN MIMIKA', 'provinsiId': 'H56Mc61GfSM=', 'provinsiName': 'PAPUA'}, {'kecamatanId': 'soL0PpzwEGA=', 'kecamatanName': 'HOYA', 'kabKotaId': '3UNRsgf9GCg=', 'kabKotaName': 'KABUPATEN MIMIKA', 'provinsiId': 'H56Mc61GfSM=', 'provinsiName': 'PAPUA'}, {'kecamatanId': 'us05rhUPssI=', 'kecamatanName': 'KOUH', 'kabKotaId': 'NFj36Ap0xK0=', 'kabKotaName': 'KABUPATEN BOVEN DIGOEL', 'provinsiId': 'H56Mc61GfSM=', 'provinsiName': 'PAPUA'}, {'kecamatanId': 'qAdk+YJ0x18=', 'kecamatanName': 'VENAHA', 'kabKotaId': 'pdjS78ej3gQ=', 'kabKotaName': 'KABUPATEN MAPPI', 'provinsiId': 'H56Mc61GfSM=', 'provinsiName': 'PAPUA'}, {'kecamatanId': 'ThZ+GyiJTcs=', 'kecamatanName': 'SYAHCAME', 'kabKotaId': 'pdjS78ej3gQ=', 'kabKotaName': 'KABUPATEN MAPPI', 'provinsiId': 'H56Mc61GfSM=', 'provinsiName': 'PAPUA'}, {'kecamatanId': 'VMMwLMgFs9c=', 'kecamatanName': 'HAJU', 'kabKotaId': 'pdjS78ej3gQ=', 'kabKotaName': 'KABUPATEN MAPPI', 'provinsiId': 'H56Mc61GfSM=', 'provinsiName': 'PAPUA'}, {'kecamatanId': 'v+63oM3rALk=', 'kecamatanName': 'PASSUE BAWAH', 'kabKotaId': 'pdjS78ej3gQ=', 'kabKotaName': 'KABUPATEN MAPPI', 'provinsiId': 'H56Mc61GfSM=', 'provinsiName': 'PAPUA'}, {'kecamatanId': '/YfVSjP8XBE=', 'kecamatanName': 'HOLUWON', 'kabKotaId': 'Jtoh9W2iyGw=', 'kabKotaName': 'KABUPATEN YAHUKIMO', 'provinsiId': 'H56Mc61GfSM=', 'provinsiName': 'PAPUA'}, {'kecamatanId': 'b/Z/VQI2QN4=', 'kecamatanName': 'SOBAHAM', 'kabKotaId': 'Jtoh9W2iyGw=', 'kabKotaName': 'KABUPATEN YAHUKIMO', 'provinsiId': 'H56Mc61GfSM=', 'provinsiName': 'PAPUA'}, {'kecamatanId': 'ihh9TuxDd+I=', 'kecamatanName': 'UBAHAK', 'kabKotaId': 'Jtoh9W2iyGw=', 'kabKotaName': 'KABUPATEN YAHUKIMO', 'provinsiId': 'H56Mc61GfSM=', 'provinsiName': 'PAPUA'}, {'kecamatanId': 'zS6BZMylJ6o=', 'kecamatanName': 'HOGIO', 'kabKotaId': 'Jtoh9W2iyGw=', 'kabKotaName': 'KABUPATEN YAHUKIMO', 'provinsiId': 'H56Mc61GfSM=', 'provinsiName': 'PAPUA'}, {'kecamatanId': 'ywgLyzlQM0g=', 'kecamatanName': 'UKHA', 'kabKotaId': 'Jtoh9W2iyGw=', 'kabKotaName': 'KABUPATEN YAHUKIMO', 'provinsiId': 'H56Mc61GfSM=', 'provinsiName': 'PAPUA'}, {'kecamatanId': 'AZ+amsceC3o=', 'kecamatanName': 'HILIPUK', 'kabKotaId': 'Jtoh9W2iyGw=', 'kabKotaName': 'KABUPATEN YAHUKIMO', 'provinsiId': 'H56Mc61GfSM=', 'provinsiName': 'PAPUA'}, {'kecamatanId': 'K/Jtna7DQxA=', 'kecamatanName': 'YAHULIAMBUT', 'kabKotaId': 'Jtoh9W2iyGw=', 'kabKotaName': 'KABUPATEN YAHUKIMO', 'provinsiId': 'H56Mc61GfSM=', 'provinsiName': 'PAPUA'}, {'kecamatanId': 'tvE2Q+6OpiA=', 'kecamatanName': 'HEREAPINI', 'kabKotaId': 'Jtoh9W2iyGw=', 'kabKotaName': 'KABUPATEN YAHUKIMO', 'provinsiId': 'H56Mc61GfSM=', 'provinsiName': 'PAPUA'}, {'kecamatanId': '0FJh1WWciC4=', 'kecamatanName': 'UBALIHI', 'kabKotaId': 'Jtoh9W2iyGw=', 'kabKotaName': 'KABUPATEN YAHUKIMO', 'provinsiId': 'H56Mc61GfSM=', 'provinsiName': 'PAPUA'}, {'kecamatanId': 'wV1krv7i15Q=', 'kecamatanName': 'OKHIKA', 'kabKotaId': '/wSFpRV3nG0=', 'kabKotaName': 'KABUPATEN PEGUNUNGAN BINTANG', 'provinsiId': 'H56Mc61GfSM=', 'provinsiName': 'PAPUA'}, {'kecamatanId': 'fH5lA0YVbzI=', 'kecamatanName': 'APAWER HULU', 'kabKotaId': 'hAJ+nqc02/8=', 'kabKotaName': 'KABUPATEN SARMI', 'provinsiId': 'H56Mc61GfSM=', 'provinsiName': 'PAPUA'}, {'kecamatanId': 'sPyKC3KoCTI=', 'kecamatanName': 'APAWER HILIR', 'kabKotaId': 'hAJ+nqc02/8=', 'kabKotaName': 'KABUPATEN SARMI', 'provinsiId': 'H56Mc61GfSM=', 'provinsiName': 'PAPUA'}, {'kecamatanId': 'h7E/Q/dtJUo=', 'kecamatanName': 'APAWER TENGAH', 'kabKotaId': 'hAJ+nqc02/8=', 'kabKotaName': 'KABUPATEN SARMI', 'provinsiId': 'H56Mc61GfSM=', 'provinsiName': 'PAPUA'}, {'kecamatanId': 'mzrUIvZ7UTY=', 'kecamatanName': 'WAROPEN BAWAH', 'kabKotaId': 'ih2tFcgkt0w=', 'kabKotaName': 'KABUPATEN WAROPEN', 'provinsiId': 'H56Mc61GfSM=', 'provinsiName': 'PAPUA'}, {'kecamatanId': 'gxpXg9Wxh/8=', 'kecamatanName': 'KIRIHI', 'kabKotaId': 'ih2tFcgkt0w=', 'kabKotaName': 'KABUPATEN WAROPEN', 'provinsiId': 'H56Mc61GfSM=', 'provinsiName': 'PAPUA'}, {'kecamatanId': 'C8P/3tpfRWM=', 'kecamatanName': 'MAMBERAMO TENGAH', 'kabKotaId': 'tTjAr80I5qo=', 'kabKotaName': 'KABUPATEN MAMBERAMO RAYA', 'provinsiId': 'H56Mc61GfSM=', 'provinsiName': 'PAPUA'}, {'kecamatanId': '7lxdY/3YkEc=', 'kecamatanName': 'MAMBERAMO TENGAH TIMUR', 'kabKotaId': 'tTjAr80I5qo=', 'kabKotaName': 'KABUPATEN MAMBERAMO RAYA', 'provinsiId': 'H56Mc61GfSM=', 'provinsiName': 'PAPUA'}, {'kecamatanId': 'jIQOtWKAJZo=', 'kecamatanName': 'ABENAHO', 'kabKotaId': 'nwInt7UX5Gs=', 'kabKotaName': 'KABUPATEN YALIMO', 'provinsiId': 'H56Mc61GfSM=', 'provinsiName': 'PAPUA'}, {'kecamatanId': 'ua44F2saVWE=', 'kecamatanName': 'MAPIA TENGAH', 'kabKotaId': '5JALYu/NtLw=', 'kabKotaName': 'KABUPATEN DOGIYAI', 'provinsiId': 'H56Mc61GfSM=', 'provinsiName': 'PAPUA'}, {'kecamatanId': 'JBRLMfoYWXQ=', 'kecamatanName': 'HOMEYO', 'kabKotaId': 'AGe61QLF5j0=', 'kabKotaName': 'KABUPATEN INTAN JAYA', 'provinsiId': 'H56Mc61GfSM=', 'provinsiName': 'PAPUA'}, {'kecamatanId': 'xeR73N8K6Zo=', 'kecamatanName': 'HITADIPA', 'kabKotaId': 'AGe61QLF5j0=', 'kabKotaName': 'KABUPATEN INTAN JAYA', 'provinsiId': 'H56Mc61GfSM=', 'provinsiName': 'PAPUA'}, {'kecamatanId': 'NE5tkRFv5ZE=', 'kecamatanName': 'HERAM', 'kabKotaId': 'wl/Ucw28LnA=', 'kabKotaName': 'KOTA JAYAPURA', 'provinsiId': 'H56Mc61GfSM=', 'provinsiName': 'PAPUA'}]}</msg>
<arg>Response: ${json}</arg>
<doc>Logs the given message with the given level.</doc>
<status status="PASS" start="2024-11-18T09:19:15.718523" elapsed="0.020660"/>
</kw>
<kw name="Get From Dictionary" owner="Collections">
<msg time="2024-11-18T09:19:15.742172" level="INFO">${kecamatan_list} = [{'kecamatanId': 'NSkbSWjtg+s=', 'kecamatanName': 'TEUPAH SELATAN', 'kabKotaId': 'qmyNpqG456c=', 'kabKotaName': 'KABUPATEN SIMEULUE', 'provinsiId': '9xs8yWofOao=', 'provinsiName': 'ACEH'}, {'kecamatan...</msg>
<var>${kecamatan_list}</var>
<arg>${json}</arg>
<arg>value</arg>
<doc>Returns a value from the given ``dictionary`` based on the given ``key``.</doc>
<status status="PASS" start="2024-11-18T09:19:15.740178" elapsed="0.001994"/>
</kw>
<kw name="Get Length" owner="BuiltIn">
<msg time="2024-11-18T09:19:15.742172" level="INFO">Length is 863.</msg>
<msg time="2024-11-18T09:19:15.743170" level="INFO">${count} = 863</msg>
<var>${count}</var>
<arg>${kecamatan_list}</arg>
<doc>Returns and logs the length of the given item as an integer.</doc>
<status status="PASS" start="2024-11-18T09:19:15.742172" elapsed="0.000998"/>
</kw>
<kw name="Evaluate" owner="BuiltIn">
<msg time="2024-11-18T09:19:15.743170" level="INFO">${random_index} = 547</msg>
<var>${random_index}</var>
<arg>random.randint(0, ${count} - 1)</arg>
<arg>random</arg>
<doc>Evaluates the given expression in Python and returns the result.</doc>
<status status="PASS" start="2024-11-18T09:19:15.743170" elapsed="0.000000"/>
</kw>
<kw name="Get From List" owner="Collections">
<msg time="2024-11-18T09:19:15.744167" level="INFO">${random_kecamatan} = {'kecamatanId': 'Geosu9tiPMM=', 'kecamatanName': 'BIBOKI TANPAH', 'kabKotaId': '1YwPRvx+fWM=', 'kabKotaName': 'KABUPATEN TIMOR TENGAH UTARA', 'provinsiId': 'YVMBhvshBDU=', 'provinsiName': 'NUSA TENGGA...</msg>
<var>${random_kecamatan}</var>
<arg>${kecamatan_list}</arg>
<arg>${random_index}</arg>
<doc>Returns the value specified with an ``index`` from ``list``.</doc>
<status status="PASS" start="2024-11-18T09:19:15.743170" elapsed="0.000997"/>
</kw>
<kw name="Get From Dictionary" owner="Collections">
<msg time="2024-11-18T09:19:15.744167" level="INFO">${kecamatan_name} = BIBOKI TANPAH</msg>
<var>${kecamatan_name}</var>
<arg>${random_kecamatan}</arg>
<arg>kecamatanName</arg>
<doc>Returns a value from the given ``dictionary`` based on the given ``key``.</doc>
<status status="PASS" start="2024-11-18T09:19:15.744167" elapsed="0.000000"/>
</kw>
<kw name="Log" owner="BuiltIn">
<msg time="2024-11-18T09:19:15.745164" level="INFO">Random Kecamatan Name: BIBOKI TANPAH</msg>
<arg>Random Kecamatan Name: ${kecamatan_name}</arg>
<doc>Logs the given message with the given level.</doc>
<status status="PASS" start="2024-11-18T09:19:15.744167" elapsed="0.000997"/>
</kw>
<kw name="Log To Console" owner="BuiltIn">
<arg>Random Kecamatan : ${kecamatan_name}</arg>
<doc>Logs the given message to the console.</doc>
<status status="PASS" start="2024-11-18T09:19:15.745164" elapsed="0.000713"/>
</kw>
<kw name="Set Global Variable" owner="BuiltIn">
<msg time="2024-11-18T09:19:15.745877" level="INFO">${kecamatan_name} = BIBOKI TANPAH</msg>
<arg>${kecamatan_name}</arg>
<arg>${kecamatan_name}</arg>
<doc>Makes a variable available globally in all tests and suites.</doc>
<status status="PASS" start="2024-11-18T09:19:15.745877" elapsed="0.000000"/>
</kw>
<doc>Menguji POST request pada API</doc>
<status status="PASS" start="2024-11-18T09:19:14.185913" elapsed="1.561004"/>
</kw>
<kw name="user input text" owner="generalFunct">
<kw name="Wait Until Element Is Visible" owner="SeleniumLibrary">
<arg>${locator}</arg>
<doc>Waits until the element ``locator`` is visible.</doc>
<status status="PASS" start="2024-11-18T09:19:15.746917" elapsed="0.035022"/>
</kw>
<kw name="Input Text" owner="SeleniumLibrary">
<msg time="2024-11-18T09:19:15.782941" level="INFO">Typing text 'BIBOKI TANPAH' into text field 'xpath=//input[@id='textCityName']'.</msg>
<msg time="2024-11-18T09:19:16.148491" level="INFO">${input_text} = None</msg>
<var>${input_text}</var>
<arg>${locator}</arg>
<arg>${text}</arg>
<doc>Types the given ``text`` into the text field identified by ``locator``.</doc>
<status status="PASS" start="2024-11-18T09:19:15.781939" elapsed="0.366552"/>
</kw>
<return>
<value>${input_text}</value>
<status status="PASS" start="2024-11-18T09:19:16.148491" elapsed="0.000000"/>
</return>
<arg>${inputKecamatan}</arg>
<arg>${kecamatan_name}</arg>
<status status="PASS" start="2024-11-18T09:19:15.746917" elapsed="0.401574"/>
</kw>
<kw name="Sleep" owner="BuiltIn">
<msg time="2024-11-18T09:19:18.149435" level="INFO">Slept 2 seconds.</msg>
<arg>2</arg>
<doc>Pauses the test executed for the given time.</doc>
<status status="PASS" start="2024-11-18T09:19:16.148491" elapsed="2.000944"/>
</kw>
<kw name="user click element" owner="generalFunct">
<kw name="Wait Until Element Is Visible" owner="SeleniumLibrary">
<arg>${element}</arg>
<doc>Waits until the element ``locator`` is visible.</doc>
<status status="PASS" start="2024-11-18T09:19:18.149435" elapsed="0.034144"/>
</kw>
<kw name="Click Element" owner="SeleniumLibrary">
<msg time="2024-11-18T09:19:18.184582" level="INFO">Clicking element 'xpath=//div[@id='listcity_0']'.</msg>
<msg time="2024-11-18T09:19:18.316667" level="INFO">${clickElement} = None</msg>
<var>${clickElement}</var>
<arg>${element}</arg>
<doc>Click the element identified by ``locator``.</doc>
<status status="PASS" start="2024-11-18T09:19:18.183579" elapsed="0.133088"/>
</kw>
<return>
<value>${clickElement}</value>
<status status="PASS" start="2024-11-18T09:19:18.316667" elapsed="0.000000"/>
</return>
<arg>${listKecamatan}</arg>
<status status="PASS" start="2024-11-18T09:19:18.149435" elapsed="0.167232"/>
</kw>
<status status="PASS" start="2024-11-18T09:19:14.184917" elapsed="4.131750"/>
</kw>
<status status="PASS" start="2024-11-18T09:19:13.739059" elapsed="4.577608"/>
</kw>
<kw name="Then user click element" owner="generalFunct">
<kw name="Wait Until Element Is Visible" owner="SeleniumLibrary">
<arg>${element}</arg>
<doc>Waits until the element ``locator`` is visible.</doc>
<status status="PASS" start="2024-11-18T09:19:18.319486" elapsed="0.032152"/>
</kw>
<kw name="Click Element" owner="SeleniumLibrary">
<msg time="2024-11-18T09:19:18.353637" level="INFO">Clicking element 'xpath=//span[contains(text(),'Simpan')]/parent::span/parent::button'.</msg>
<msg time="2024-11-18T09:19:18.491471" level="INFO">${clickElement} = None</msg>
<var>${clickElement}</var>
<arg>${element}</arg>
<doc>Click the element identified by ``locator``.</doc>
<status status="PASS" start="2024-11-18T09:19:18.352640" elapsed="0.138831"/>
</kw>
<return>
<value>${clickElement}</value>
<status status="PASS" start="2024-11-18T09:19:18.491471" elapsed="0.000000"/>
</return>
<arg>${buttonSimpan}</arg>
<status status="PASS" start="2024-11-18T09:19:18.316667" elapsed="0.174804"/>
</kw>
<kw name="And button accept on dialog form ubah" owner="generalFunct">
<kw name="general Wait Until" owner="generalFunct">
<kw name="Wait Until Element Is Visible" owner="SeleniumLibrary">
<arg>${locator}</arg>
<arg>timeout=2s</arg>
<doc>Waits until the element ``locator`` is visible.</doc>
<status status="PASS" start="2024-11-18T09:19:18.491471" elapsed="0.041181"/>
</kw>
<arg>xpath=//div[@class='d-flex']/button[contains(.,'${textPopUP}')]</arg>
<status status="PASS" start="2024-11-18T09:19:18.491471" elapsed="0.041181"/>
</kw>
<kw name="user click element" owner="generalFunct">
<kw name="Wait Until Element Is Visible" owner="SeleniumLibrary">
<arg>${element}</arg>
<doc>Waits until the element ``locator`` is visible.</doc>
<status status="PASS" start="2024-11-18T09:19:18.533682" elapsed="0.027231"/>
</kw>
<kw name="Click Element" owner="SeleniumLibrary">
<msg time="2024-11-18T09:19:18.561947" level="INFO">Clicking element 'xpath=//div[@class='d-flex']/button[contains(.,'Kirim')]'.</msg>
<msg time="2024-11-18T09:19:18.908132" level="INFO">${clickElement} = None</msg>
<var>${clickElement}</var>
<arg>${element}</arg>
<doc>Click the element identified by ``locator``.</doc>
<status status="PASS" start="2024-11-18T09:19:18.560913" elapsed="0.347219"/>
</kw>
<return>
<value>${clickElement}</value>
<status status="PASS" start="2024-11-18T09:19:18.909129" elapsed="0.000000"/>
</return>
<arg>xpath=//div[@class='d-flex']/button[contains(.,'${textPopUP}')]</arg>
<status status="PASS" start="2024-11-18T09:19:18.533682" elapsed="0.375447"/>
</kw>
<arg>Kirim</arg>
<status status="PASS" start="2024-11-18T09:19:18.491471" elapsed="0.417658"/>
</kw>
<kw name="And verify status after change data in Proses Evaluasi" owner="pom_detailProject_ProsesEvaluasi">
<kw name="Sleep" owner="BuiltIn">
<msg time="2024-11-18T09:19:21.911200" level="INFO">Slept 3 seconds.</msg>
<arg>3</arg>
<doc>Pauses the test executed for the given time.</doc>
<status status="PASS" start="2024-11-18T09:19:18.910124" elapsed="3.001076"/>
</kw>
<kw name="general Wait Until" owner="generalFunct">
<kw name="Wait Until Element Is Visible" owner="SeleniumLibrary">
<arg>${locator}</arg>
<arg>timeout=2s</arg>
<doc>Waits until the element ``locator`` is visible.</doc>
<status status="PASS" start="2024-11-18T09:19:21.911200" elapsed="0.024885"/>
</kw>
<arg>${statusProject}</arg>
<status status="PASS" start="2024-11-18T09:19:21.911200" elapsed="0.024885"/>
</kw>
<kw name="Get Text" owner="SeleniumLibrary">
<msg time="2024-11-18T09:19:21.952462" level="INFO">${textStatus} = Menunggu persetujuan</msg>
<var>${textStatus}</var>
<arg>${statusProject}</arg>
<doc>Returns the text value of the element identified by ``locator``.</doc>
<status status="PASS" start="2024-11-18T09:19:21.936085" elapsed="0.016377"/>
</kw>
<kw name="Should Be Equal" owner="BuiltIn">
<arg>${textStatus}</arg>
<arg>${StatusProj}</arg>
<doc>Fails if the given objects are unequal.</doc>
<status status="PASS" start="2024-11-18T09:19:21.952462" elapsed="0.000000"/>
</kw>
<arg>Menunggu persetujuan</arg>
<status status="PASS" start="2024-11-18T09:19:18.909129" elapsed="3.043333"/>
</kw>
<status status="PASS" start="2024-11-18T09:18:29.351263" elapsed="52.601199"/>
</kw>
<kw name="End Web Test" owner="web_eProc" type="TEARDOWN">
<kw name="Log" owner="BuiltIn">
<msg time="2024-11-18T09:19:21.952462" level="INFO">Suite teardown initiated</msg>
<arg>Suite teardown initiated</arg>
<doc>Logs the given message with the given level.</doc>
<status status="PASS" start="2024-11-18T09:19:21.952462" elapsed="0.000000"/>
</kw>
<kw name="Close Browser" owner="SeleniumLibrary">
<doc>Closes the current browser.</doc>
<status status="PASS" start="2024-11-18T09:19:21.952462" elapsed="3.205224"/>
</kw>
<doc>Closes the browser after all tests in the suite have run</doc>
<status status="PASS" start="2024-11-18T09:19:21.952462" elapsed="3.205224"/>
</kw>
<doc>This scenario test User can change data alamat project</doc>
<tag>1000s</tag>
<tag>detail_project</tag>
<tag>test</tag>
<status status="PASS" start="2024-11-18T09:18:03.003698" elapsed="82.154578"/>
</test>
<status status="PASS" start="2024-11-18T09:17:56.188925" elapsed="88.971381"/>
</suite>
<statistics>
<total>
<stat pass="1" fail="0" skip="0">All Tests</stat>
</total>
<tag>
<stat pass="1" fail="0" skip="0">1000s</stat>
<stat pass="1" fail="0" skip="0">detail_project</stat>
<stat pass="1" fail="0" skip="0">test</stat>
</tag>
<suite>
<stat pass="1" fail="0" skip="0" id="s1" name="test detailProject ProsesEvaluasi">test detailProject ProsesEvaluasi</stat>
</suite>
</statistics>
<errors>
</errors>
</robot>
