<?xml version="1.0" encoding="UTF-8"?>
<robot generator="Robot 7.2.2 (Python 3.13.2 on win32)" generated="2025-03-13T08:41:08.424835" rpa="false" schemaversion="5">
<suite id="s1" name="Test Login" source="C:\Users\1000Saudara45\Documents\Automation\eProc_Web\testSuite\Tim_OP\test_login.robot">
<test id="s1-t1" name="Test Login Success" line="12">
<kw name="Begin Web Test" owner="web_eProc" type="SETUP">
<kw name="Open Browser" owner="SeleniumLibrary">
<msg time="2025-03-13T08:41:09.177413" level="INFO">Opening browser 'chrome' to base url 'about:blank'.</msg>
<arg>about:blank</arg>
<arg>${BROWSER}</arg>
<doc>Opens a new browser instance to the optional ``url``.</doc>
<status status="PASS" start="2025-03-13T08:41:09.177025" elapsed="2.473655"/>
</kw>
<kw name="Execute Javascript" owner="SeleniumLibrary">
<msg time="2025-03-13T08:41:11.652157" level="INFO">Executing JavaScript:
document.body.style.transform = 'scale(0.67)'; document.body.style.transformOrigin = '0 0';
Without any arguments.</msg>
<arg>document.body.style.transform = 'scale(0.67)'; document.body.style.transformOrigin = '0 0';</arg>
<doc>Executes the given JavaScript code with possible arguments.</doc>
<status status="PASS" start="2025-03-13T08:41:11.651213" elapsed="0.021502"/>
</kw>
<kw name="Go To" owner="SeleniumLibrary">
<msg time="2025-03-13T08:41:11.673479" level="INFO">Opening url 'https://developer.1000saudara.com/project1000s'</msg>
<arg>${URL_DEV}</arg>
<doc>Navigates the current browser window to the provided ``url``.</doc>
<status status="PASS" start="2025-03-13T08:41:11.673120" elapsed="4.160971"/>
</kw>
<status status="PASS" start="2025-03-13T08:41:09.175622" elapsed="6.658851"/>
</kw>
<kw name="User can access Home Login 1000s" owner="login">
<kw name="Then user go to home page E-Proc1000s" owner="pom_login_eProc">
<kw name="user visit E-Proc1000s Login Page" owner="pom_login_eProc">
<kw name="Get Location" owner="SeleniumLibrary">
<msg time="2025-03-13T08:41:15.849529" level="INFO">${current_url} = https://developer.1000saudara.com/project1000s</msg>
<var>${current_url}</var>
<doc>Returns the current browser window URL.</doc>
<status status="PASS" start="2025-03-13T08:41:15.837921" elapsed="0.011681"/>
</kw>
<kw name="Log" owner="BuiltIn">
<msg time="2025-03-13T08:41:15.850498" level="INFO">Current Path: https://developer.1000saudara.com/project1000s</msg>
<arg>Current Path: ${current_url}</arg>
<doc>Logs the given message with the given level.</doc>
<status status="PASS" start="2025-03-13T08:41:15.850006" elapsed="0.000617"/>
</kw>
<kw name="general return status" owner="generalFunct">
<kw name="Run Keyword And Return Status" owner="BuiltIn">
<kw name="Wait Until Element Is Visible" owner="SeleniumLibrary">
<arg>${locator}</arg>
<arg>timeout=5s</arg>
<doc>Waits until the element ``locator`` is visible.</doc>
<status status="PASS" start="2025-03-13T08:41:15.853245" elapsed="0.459964"/>
</kw>
<msg time="2025-03-13T08:41:16.313431" level="INFO">${res} = True</msg>
<var>${res}</var>
<arg>Wait Until Element Is Visible</arg>
<arg>${locator}</arg>
<arg>timeout=5s</arg>
<doc>Runs the given keyword with given arguments and returns the status as a Boolean value.</doc>
<status status="PASS" start="2025-03-13T08:41:15.852102" elapsed="0.461380"/>
</kw>
<return>
<value>${res}</value>
<status status="PASS" start="2025-03-13T08:41:16.313604" elapsed="0.000097"/>
</return>
<msg time="2025-03-13T08:41:16.313951" level="INFO">${res} = True</msg>
<var>${res}</var>
<arg>${headerLogin}</arg>
<status status="PASS" start="2025-03-13T08:41:15.851043" elapsed="0.462954"/>
</kw>
<while condition="${res} == $False">
<iter>
<kw name="Reload Page" owner="SeleniumLibrary">
<doc>Simulates user reloading page.</doc>
<status status="NOT RUN" start="2025-03-13T08:41:16.314667" elapsed="0.000049"/>
</kw>
<kw name="Sleep" owner="BuiltIn">
<arg>2s</arg>
<doc>Pauses the test executed for the given time.</doc>
<status status="NOT RUN" start="2025-03-13T08:41:16.314879" elapsed="0.000045"/>
</kw>
<kw name="general return status" owner="generalFunct">
<var>${res}</var>
<arg>${headerLogin}</arg>
<status status="NOT RUN" start="2025-03-13T08:41:16.315140" elapsed="0.000049"/>
</kw>
<status status="NOT RUN" start="2025-03-13T08:41:16.314110" elapsed="0.001143"/>
</iter>
<status status="NOT RUN" start="2025-03-13T08:41:16.314104" elapsed="0.001210"/>
</while>
<status status="PASS" start="2025-03-13T08:41:15.837369" elapsed="0.478049"/>
</kw>
<kw name="user login E-Proc1000s Page" owner="pom_login_eProc">
<kw name="general Wait Until" owner="generalFunct">
<kw name="Wait Until Element Is Visible" owner="SeleniumLibrary">
<arg>${locator}</arg>
<arg>timeout=5s</arg>
<doc>Waits until the element ``locator`` is visible.</doc>
<status status="PASS" start="2025-03-13T08:41:16.316513" elapsed="0.037005"/>
</kw>
<kw name="Sleep" owner="BuiltIn">
<msg time="2025-03-13T08:41:21.354978" level="INFO">Slept 5 seconds.</msg>
<arg>5</arg>
<doc>Pauses the test executed for the given time.</doc>
<status status="PASS" start="2025-03-13T08:41:16.353774" elapsed="5.001346"/>
</kw>
<arg>${inputPassword}</arg>
<status status="PASS" start="2025-03-13T08:41:16.316092" elapsed="5.039171"/>
</kw>
<kw name="user input text" owner="generalFunct">
<kw name="Wait Until Element Is Visible" owner="SeleniumLibrary">
<arg>${locator}</arg>
<doc>Waits until the element ``locator`` is visible.</doc>
<status status="PASS" start="2025-03-13T08:41:21.356576" elapsed="0.033606"/>
</kw>
<kw name="Input Text" owner="SeleniumLibrary">
<msg time="2025-03-13T08:41:21.390834" level="INFO">Typing text '085210758864' into text field 'xpath=//input[@id='TxtPhone']'.</msg>
<arg>${locator}</arg>
<arg>${text}</arg>
<doc>Types the given ``text`` into the text field identified by ``locator``.</doc>
<status status="PASS" start="2025-03-13T08:41:21.390466" elapsed="0.239021"/>
</kw>
<kw name="Sleep" owner="BuiltIn">
<msg time="2025-03-13T08:41:26.631565" level="INFO">Slept 5 seconds.</msg>
<arg>5</arg>
<doc>Pauses the test executed for the given time.</doc>
<status status="PASS" start="2025-03-13T08:41:21.630214" elapsed="5.001555"/>
</kw>
<arg>${inputUsername}</arg>
<arg>${ROLE_ADMIN}</arg>
<status status="PASS" start="2025-03-13T08:41:21.355564" elapsed="5.276387"/>
</kw>
<kw name="general return status" owner="generalFunct">
<kw name="Run Keyword And Return Status" owner="BuiltIn">
<kw name="Wait Until Element Is Visible" owner="SeleniumLibrary">
<arg>${locator}</arg>
<arg>timeout=5s</arg>
<doc>Waits until the element ``locator`` is visible.</doc>
<status status="PASS" start="2025-03-13T08:41:26.634186" elapsed="0.030297"/>
</kw>
<msg time="2025-03-13T08:41:26.664690" level="INFO">${res} = True</msg>
<var>${res}</var>
<arg>Wait Until Element Is Visible</arg>
<arg>${locator}</arg>
<arg>timeout=5s</arg>
<doc>Runs the given keyword with given arguments and returns the status as a Boolean value.</doc>
<status status="PASS" start="2025-03-13T08:41:26.633543" elapsed="0.031200"/>
</kw>
<return>
<value>${res}</value>
<status status="PASS" start="2025-03-13T08:41:26.664857" elapsed="0.000089"/>
</return>
<msg time="2025-03-13T08:41:26.665298" level="INFO">${res} = True</msg>
<var>${res}</var>
<arg>${inputPassword}</arg>
<status status="PASS" start="2025-03-13T08:41:26.632334" elapsed="0.033086"/>
</kw>
<if>
<branch type="IF" condition="${res}">
<kw name="Sleep" owner="BuiltIn">
<msg time="2025-03-13T08:41:30.667166" level="INFO">Slept 4 seconds.</msg>
<arg>4</arg>
<doc>Pauses the test executed for the given time.</doc>
<status status="PASS" start="2025-03-13T08:41:26.666106" elapsed="4.001469"/>
</kw>
<kw name="user input text" owner="generalFunct">
<kw name="Wait Until Element Is Visible" owner="SeleniumLibrary">
<arg>${locator}</arg>
<doc>Waits until the element ``locator`` is visible.</doc>
<status status="PASS" start="2025-03-13T08:41:30.670086" elapsed="0.042636"/>
</kw>
<kw name="Input Text" owner="SeleniumLibrary">
<msg time="2025-03-13T08:41:30.713717" level="INFO">Typing text '085210758864' into text field 'xpath=//input[@id='TxtPhone']'.</msg>
<arg>${locator}</arg>
<arg>${text}</arg>
<doc>Types the given ``text`` into the text field identified by ``locator``.</doc>
<status status="PASS" start="2025-03-13T08:41:30.713161" elapsed="0.151199"/>
</kw>
<kw name="Sleep" owner="BuiltIn">
<msg time="2025-03-13T08:41:35.865621" level="INFO">Slept 5 seconds.</msg>
<arg>5</arg>
<doc>Pauses the test executed for the given time.</doc>
<status status="PASS" start="2025-03-13T08:41:30.864607" elapsed="5.001381"/>
</kw>
<arg>${inputUsername}</arg>
<arg>${ROLE_ADMIN}</arg>
<status status="PASS" start="2025-03-13T08:41:30.668439" elapsed="5.198020"/>
</kw>
<kw name="user input password" owner="generalFunct">
<kw name="Wait Until Element Is Visible" owner="SeleniumLibrary">
<arg>${locator}</arg>
<doc>Waits until the element ``locator`` is visible.</doc>
<status status="PASS" start="2025-03-13T08:41:35.868911" elapsed="0.050326"/>
</kw>
<kw name="Input Password" owner="SeleniumLibrary">
<msg time="2025-03-13T08:41:35.920147" level="INFO">Typing password into text field 'xpath=//input[@id='pwd']'.</msg>
<msg time="2025-03-13T08:41:35.974599" level="INFO">Temporally setting log level to: NONE</msg>
<arg>${locator}</arg>
<arg>${text}</arg>
<doc>Types the given password into the text field identified by ``locator``.</doc>
<status status="PASS" start="2025-03-13T08:41:35.919624" elapsed="0.141412"/>
</kw>
<kw name="Sleep" owner="BuiltIn">
<msg time="2025-03-13T08:41:41.062168" level="INFO">Slept 5 seconds.</msg>
<arg>5</arg>
<doc>Pauses the test executed for the given time.</doc>
<status status="PASS" start="2025-03-13T08:41:36.061287" elapsed="5.001103"/>
</kw>
<arg>${inputPassword}</arg>
<arg>${PASSWORD}</arg>
<status status="PASS" start="2025-03-13T08:41:35.867275" elapsed="5.195328"/>
</kw>
<kw name="Press Key" owner="SeleniumLibrary">
<arg>${inputPassword}</arg>
<arg>\\13</arg>
<doc>Simulates user pressing key on element identified by ``locator``.</doc>
<status status="PASS" start="2025-03-13T08:41:41.062974" elapsed="0.076326"/>
</kw>
<kw name="Wait Until Element Is Visible" owner="SeleniumLibrary">
<arg>${listFilter}</arg>
<doc>Waits until the element ``locator`` is visible.</doc>
<status status="PASS" start="2025-03-13T08:41:41.139584" elapsed="3.995529"/>
</kw>
<kw name="Sleep" owner="BuiltIn">
<msg time="2025-03-13T08:41:48.136583" level="INFO">Slept 3 seconds.</msg>
<arg>3</arg>
<doc>Pauses the test executed for the given time.</doc>
<status status="PASS" start="2025-03-13T08:41:45.135565" elapsed="3.001384"/>
</kw>
<status status="PASS" start="2025-03-13T08:41:26.665687" elapsed="21.471569"/>
</branch>
<branch type="ELSE">
<kw name="Exit For Loop" owner="BuiltIn">
<doc>Stops executing the enclosing FOR loop.</doc>
<status status="NOT RUN" start="2025-03-13T08:41:48.138222" elapsed="0.000180"/>
</kw>
<status status="NOT RUN" start="2025-03-13T08:41:48.137574" elapsed="0.001024"/>
</branch>
<status status="PASS" start="2025-03-13T08:41:26.665632" elapsed="21.473161"/>
</if>
<status status="PASS" start="2025-03-13T08:41:16.315722" elapsed="31.823332"/>
</kw>
<kw name="Wait Until Element Is Visible" owner="SeleniumLibrary">
<arg>${listFilter}</arg>
<doc>Waits until the element ``locator`` is visible.</doc>
<status status="PASS" start="2025-03-13T08:41:48.139589" elapsed="0.049147"/>
</kw>
<kw name="Wait Until Element Is Visible" owner="SeleniumLibrary">
<arg>${titleProject}</arg>
<doc>Waits until the element ``locator`` is visible.</doc>
<status status="PASS" start="2025-03-13T08:41:48.189219" elapsed="0.047877"/>
</kw>
<kw name="Get Text" owner="SeleniumLibrary">
<msg time="2025-03-13T08:41:48.273966" level="INFO">${title} = Manajemen Project</msg>
<var>${title}</var>
<arg>${titleProject}</arg>
<doc>Returns the text value of the element identified by ``locator``.</doc>
<status status="PASS" start="2025-03-13T08:41:48.237780" elapsed="0.036277"/>
</kw>
<kw name="Log To Console" owner="BuiltIn">
<arg>${\n}${title}</arg>
<doc>Logs the given message to the console.</doc>
<status status="PASS" start="2025-03-13T08:41:48.274341" elapsed="0.001132"/>
</kw>
<status status="PASS" start="2025-03-13T08:41:15.836444" elapsed="32.439331"/>
</kw>
<status status="PASS" start="2025-03-13T08:41:15.835484" elapsed="32.440411"/>
</kw>
<kw name="End Web Test" owner="web_eProc" type="TEARDOWN">
<kw name="Log" owner="BuiltIn">
<msg time="2025-03-13T08:41:48.277266" level="INFO">Suite teardown initiated</msg>
<arg>Suite teardown initiated</arg>
<doc>Logs the given message with the given level.</doc>
<status status="PASS" start="2025-03-13T08:41:48.277073" elapsed="0.000289"/>
</kw>
<kw name="Close Browser" owner="SeleniumLibrary">
<doc>Closes the current browser.</doc>
<status status="PASS" start="2025-03-13T08:41:48.277583" elapsed="2.339675"/>
</kw>
<doc>Closes the browser after all tests in the suite have run</doc>
<status status="PASS" start="2025-03-13T08:41:48.276593" elapsed="2.341137"/>
</kw>
<doc>This scenario test User can access URL Home Page</doc>
<tag>1000s</tag>
<tag>home</tag>
<tag>test</tag>
<status status="PASS" start="2025-03-13T08:41:09.174210" elapsed="41.444373"/>
</test>
<test id="s1-t2" name="Test Login Without fill No Handphone and Password" line="17">
<kw name="Begin Web Test" owner="web_eProc" type="SETUP">
<kw name="Open Browser" owner="SeleniumLibrary">
<msg time="2025-03-13T08:41:50.627011" level="INFO">Opening browser 'chrome' to base url 'about:blank'.</msg>
<arg>about:blank</arg>
<arg>${BROWSER}</arg>
<doc>Opens a new browser instance to the optional ``url``.</doc>
<status status="PASS" start="2025-03-13T08:41:50.626245" elapsed="2.028139"/>
</kw>
<kw name="Execute Javascript" owner="SeleniumLibrary">
<msg time="2025-03-13T08:41:52.656472" level="INFO">Executing JavaScript:
document.body.style.transform = 'scale(0.67)'; document.body.style.transformOrigin = '0 0';
Without any arguments.</msg>
<arg>document.body.style.transform = 'scale(0.67)'; document.body.style.transformOrigin = '0 0';</arg>
<doc>Executes the given JavaScript code with possible arguments.</doc>
<status status="PASS" start="2025-03-13T08:41:52.655470" elapsed="0.013569"/>
</kw>
<kw name="Go To" owner="SeleniumLibrary">
<msg time="2025-03-13T08:41:52.669868" level="INFO">Opening url 'https://developer.1000saudara.com/project1000s'</msg>
<arg>${URL_DEV}</arg>
<doc>Navigates the current browser window to the provided ``url``.</doc>
<status status="PASS" start="2025-03-13T08:41:52.669468" elapsed="3.113414"/>
</kw>
<status status="PASS" start="2025-03-13T08:41:50.625027" elapsed="5.158508"/>
</kw>
<kw name="User login without fill no handphone and password" owner="login">
<kw name="Given user visit E-Proc1000s Login Page" owner="pom_login_eProc">
<kw name="Get Location" owner="SeleniumLibrary">
<msg time="2025-03-13T08:41:55.796257" level="INFO">${current_url} = https://developer.1000saudara.com/project1000s</msg>
<var>${current_url}</var>
<doc>Returns the current browser window URL.</doc>
<status status="PASS" start="2025-03-13T08:41:55.786052" elapsed="0.010274"/>
</kw>
<kw name="Log" owner="BuiltIn">
<msg time="2025-03-13T08:41:55.796809" level="INFO">Current Path: https://developer.1000saudara.com/project1000s</msg>
<arg>Current Path: ${current_url}</arg>
<doc>Logs the given message with the given level.</doc>
<status status="PASS" start="2025-03-13T08:41:55.796560" elapsed="0.000325"/>
</kw>
<kw name="general return status" owner="generalFunct">
<kw name="Run Keyword And Return Status" owner="BuiltIn">
<kw name="Wait Until Element Is Visible" owner="SeleniumLibrary">
<arg>${locator}</arg>
<arg>timeout=5s</arg>
<doc>Waits until the element ``locator`` is visible.</doc>
<status status="PASS" start="2025-03-13T08:41:55.797838" elapsed="0.039377"/>
</kw>
<msg time="2025-03-13T08:41:55.837896" level="INFO">${res} = True</msg>
<var>${res}</var>
<arg>Wait Until Element Is Visible</arg>
<arg>${locator}</arg>
<arg>timeout=5s</arg>
<doc>Runs the given keyword with given arguments and returns the status as a Boolean value.</doc>
<status status="PASS" start="2025-03-13T08:41:55.797521" elapsed="0.040492"/>
</kw>
<return>
<value>${res}</value>
<status status="PASS" start="2025-03-13T08:41:55.838542" elapsed="0.000148"/>
</return>
<msg time="2025-03-13T08:41:55.839078" level="INFO">${res} = True</msg>
<var>${res}</var>
<arg>${headerLogin}</arg>
<status status="PASS" start="2025-03-13T08:41:55.797114" elapsed="0.042025"/>
</kw>
<while condition="${res} == $False">
<iter>
<kw name="Reload Page" owner="SeleniumLibrary">
<doc>Simulates user reloading page.</doc>
<status status="NOT RUN" start="2025-03-13T08:41:55.839949" elapsed="0.000051"/>
</kw>
<kw name="Sleep" owner="BuiltIn">
<arg>2s</arg>
<doc>Pauses the test executed for the given time.</doc>
<status status="NOT RUN" start="2025-03-13T08:41:55.840156" elapsed="0.000044"/>
</kw>
<kw name="general return status" owner="generalFunct">
<var>${res}</var>
<arg>${headerLogin}</arg>
<status status="NOT RUN" start="2025-03-13T08:41:55.840419" elapsed="0.000050"/>
</kw>
<status status="NOT RUN" start="2025-03-13T08:41:55.839268" elapsed="0.001266"/>
</iter>
<status status="NOT RUN" start="2025-03-13T08:41:55.839264" elapsed="0.001327"/>
</while>
<status status="PASS" start="2025-03-13T08:41:55.785443" elapsed="0.055255"/>
</kw>
<kw name="When without fill no handphone and password" owner="pom_login_eProc">
<kw name="general Wait Until" owner="generalFunct">
<kw name="Wait Until Element Is Visible" owner="SeleniumLibrary">
<arg>${locator}</arg>
<arg>timeout=5s</arg>
<doc>Waits until the element ``locator`` is visible.</doc>
<status status="PASS" start="2025-03-13T08:41:55.841811" elapsed="0.028887"/>
</kw>
<kw name="Sleep" owner="BuiltIn">
<msg time="2025-03-13T08:42:00.872582" level="INFO">Slept 5 seconds.</msg>
<arg>5</arg>
<doc>Pauses the test executed for the given time.</doc>
<status status="PASS" start="2025-03-13T08:41:55.871136" elapsed="5.001768"/>
</kw>
<arg>${buttonMasuk}</arg>
<status status="PASS" start="2025-03-13T08:41:55.841398" elapsed="5.031914"/>
</kw>
<kw name="user click element" owner="generalFunct">
<kw name="Sleep" owner="BuiltIn">
<msg time="2025-03-13T08:42:05.876616" level="INFO">Slept 5 seconds.</msg>
<arg>5</arg>
<doc>Pauses the test executed for the given time.</doc>
<status status="PASS" start="2025-03-13T08:42:00.875284" elapsed="5.001503"/>
</kw>
<kw name="Wait Until Element Is Visible" owner="SeleniumLibrary">
<arg>${element}</arg>
<doc>Waits until the element ``locator`` is visible.</doc>
<status status="PASS" start="2025-03-13T08:42:05.877195" elapsed="0.024506"/>
</kw>
<kw name="Click Element" owner="SeleniumLibrary">
<msg time="2025-03-13T08:42:05.902249" level="INFO">Clicking element 'xpath=//button[@type='button']//span[contains(text(), 'Masuk')]//ancestor::button'.</msg>
<msg time="2025-03-13T08:42:06.009147" level="INFO">${clickElement} = None</msg>
<var>${clickElement}</var>
<arg>${element}</arg>
<doc>Click the element identified by ``locator``.</doc>
<status status="PASS" start="2025-03-13T08:42:05.901960" elapsed="0.107438"/>
</kw>
<return>
<value>${clickElement}</value>
<status status="PASS" start="2025-03-13T08:42:06.009641" elapsed="0.000144"/>
</return>
<arg>${buttonMasuk}</arg>
<status status="PASS" start="2025-03-13T08:42:00.874077" elapsed="5.136082"/>
</kw>
<kw name="general return status" owner="generalFunct">
<kw name="Run Keyword And Return Status" owner="BuiltIn">
<kw name="Wait Until Element Is Visible" owner="SeleniumLibrary">
<arg>${locator}</arg>
<arg>timeout=5s</arg>
<doc>Waits until the element ``locator`` is visible.</doc>
<status status="PASS" start="2025-03-13T08:42:06.011274" elapsed="0.030106"/>
</kw>
<msg time="2025-03-13T08:42:06.041688" level="INFO">${res} = True</msg>
<var>${res}</var>
<arg>Wait Until Element Is Visible</arg>
<arg>${locator}</arg>
<arg>timeout=5s</arg>
<doc>Runs the given keyword with given arguments and returns the status as a Boolean value.</doc>
<status status="PASS" start="2025-03-13T08:42:06.011027" elapsed="0.030747"/>
</kw>
<return>
<value>${res}</value>
<status status="PASS" start="2025-03-13T08:42:06.041963" elapsed="0.000108"/>
</return>
<msg time="2025-03-13T08:42:06.042440" level="INFO">${res} = True</msg>
<var>${res}</var>
<arg>${inputPassword}</arg>
<status status="PASS" start="2025-03-13T08:42:06.010541" elapsed="0.031982"/>
</kw>
<if>
<branch type="IF" condition="${res}">
<kw name="general Wait Until" owner="generalFunct">
<kw name="Wait Until Element Is Visible" owner="SeleniumLibrary">
<arg>${locator}</arg>
<arg>timeout=5s</arg>
<doc>Waits until the element ``locator`` is visible.</doc>
<status status="PASS" start="2025-03-13T08:42:06.043550" elapsed="0.023658"/>
</kw>
<kw name="Sleep" owner="BuiltIn">
<msg time="2025-03-13T08:42:11.068466" level="INFO">Slept 5 seconds.</msg>
<arg>5</arg>
<doc>Pauses the test executed for the given time.</doc>
<status status="PASS" start="2025-03-13T08:42:06.067472" elapsed="5.001451"/>
</kw>
<arg>${buttonMasuk}</arg>
<status status="PASS" start="2025-03-13T08:42:06.043129" elapsed="5.026240"/>
</kw>
<kw name="Sleep" owner="BuiltIn">
<msg time="2025-03-13T08:42:15.071102" level="INFO">Slept 4 seconds.</msg>
<arg>4</arg>
<doc>Pauses the test executed for the given time.</doc>
<status status="PASS" start="2025-03-13T08:42:11.069921" elapsed="4.001547"/>
</kw>
<kw name="user click element" owner="generalFunct">
<kw name="Sleep" owner="BuiltIn">
<msg time="2025-03-13T08:42:20.075054" level="INFO">Slept 5 seconds.</msg>
<arg>5</arg>
<doc>Pauses the test executed for the given time.</doc>
<status status="PASS" start="2025-03-13T08:42:15.073782" elapsed="5.001645"/>
</kw>
<kw name="Wait Until Element Is Visible" owner="SeleniumLibrary">
<arg>${element}</arg>
<doc>Waits until the element ``locator`` is visible.</doc>
<status status="PASS" start="2025-03-13T08:42:20.076139" elapsed="0.043054"/>
</kw>
<kw name="Click Element" owner="SeleniumLibrary">
<msg time="2025-03-13T08:42:20.120076" level="INFO">Clicking element 'xpath=//button[@type='button']//span[contains(text(), 'Masuk')]//ancestor::button'.</msg>
<msg time="2025-03-13T08:42:20.232344" level="INFO">${clickElement} = None</msg>
<var>${clickElement}</var>
<arg>${element}</arg>
<doc>Click the element identified by ``locator``.</doc>
<status status="PASS" start="2025-03-13T08:42:20.119602" elapsed="0.112857"/>
</kw>
<return>
<value>${clickElement}</value>
<status status="PASS" start="2025-03-13T08:42:20.232666" elapsed="0.000125"/>
</return>
<arg>${buttonMasuk}</arg>
<status status="PASS" start="2025-03-13T08:42:15.072376" elapsed="5.160764"/>
</kw>
<status status="PASS" start="2025-03-13T08:42:06.042771" elapsed="14.190566"/>
</branch>
<branch type="ELSE">
<kw name="user visit E-Proc1000s Login Page" owner="pom_login_eProc">
<status status="NOT RUN" start="2025-03-13T08:42:20.234159" elapsed="0.000134"/>
</kw>
<status status="NOT RUN" start="2025-03-13T08:42:20.233580" elapsed="0.000839"/>
</branch>
<status status="PASS" start="2025-03-13T08:42:06.042708" elapsed="14.191841"/>
</if>
<status status="PASS" start="2025-03-13T08:41:55.840999" elapsed="24.393743"/>
</kw>
<kw name="Then show message error" owner="generalFunct">
<kw name="general return status" owner="generalFunct">
<kw name="Run Keyword And Return Status" owner="BuiltIn">
<kw name="Wait Until Element Is Visible" owner="SeleniumLibrary">
<arg>${locator}</arg>
<arg>timeout=5s</arg>
<doc>Waits until the element ``locator`` is visible.</doc>
<status status="PASS" start="2025-03-13T08:42:20.237528" elapsed="0.028048"/>
</kw>
<msg time="2025-03-13T08:42:20.265785" level="INFO">${res} = True</msg>
<var>${res}</var>
<arg>Wait Until Element Is Visible</arg>
<arg>${locator}</arg>
<arg>timeout=5s</arg>
<doc>Runs the given keyword with given arguments and returns the status as a Boolean value.</doc>
<status status="PASS" start="2025-03-13T08:42:20.237003" elapsed="0.028836"/>
</kw>
<return>
<value>${res}</value>
<status status="PASS" start="2025-03-13T08:42:20.265961" elapsed="0.000075"/>
</return>
<msg time="2025-03-13T08:42:20.266273" level="INFO">${label} = True</msg>
<var>${label}</var>
<arg>xpath=//div[@class='mb-20px']//parent::div/label[contains(text(), 'Nomor')]</arg>
<status status="PASS" start="2025-03-13T08:42:20.236404" elapsed="0.029927"/>
</kw>
<if>
<branch type="IF" condition="${label}">
<kw name="general Wait Until" owner="generalFunct">
<kw name="Wait Until Element Is Visible" owner="SeleniumLibrary">
<arg>${locator}</arg>
<arg>timeout=5s</arg>
<doc>Waits until the element ``locator`` is visible.</doc>
<status status="PASS" start="2025-03-13T08:42:20.267999" elapsed="0.027775"/>
</kw>
<kw name="Sleep" owner="BuiltIn">
<msg time="2025-03-13T08:42:25.297020" level="INFO">Slept 5 seconds.</msg>
<arg>5</arg>
<doc>Pauses the test executed for the given time.</doc>
<status status="PASS" start="2025-03-13T08:42:20.296083" elapsed="5.001306"/>
</kw>
<arg>${errMessageLabel}</arg>
<status status="PASS" start="2025-03-13T08:42:20.267253" elapsed="5.030532"/>
</kw>
<kw name="Get Text" owner="SeleniumLibrary">
<msg time="2025-03-13T08:42:25.377888" level="INFO">${err} = No. Handphone harus diisi</msg>
<var>${err}</var>
<arg>${errMessageLabel}</arg>
<doc>Returns the text value of the element identified by ``locator``.</doc>
<status status="PASS" start="2025-03-13T08:42:25.298458" elapsed="0.079597"/>
</kw>
<kw name="Set Global Variable" owner="BuiltIn">
<msg time="2025-03-13T08:42:25.381628" level="INFO">${err_text} = No. Handphone harus diisi</msg>
<arg>${err_text}</arg>
<arg>${err}</arg>
<doc>Makes a variable available globally in all tests and suites.</doc>
<status status="PASS" start="2025-03-13T08:42:25.378614" elapsed="0.003126"/>
</kw>
<kw name="Log To Console" owner="BuiltIn">
<arg>${\n}Error Message : ${err}</arg>
<doc>Logs the given message to the console.</doc>
<status status="PASS" start="2025-03-13T08:42:25.382005" elapsed="0.001284"/>
</kw>
<status status="PASS" start="2025-03-13T08:42:20.266708" elapsed="5.116822"/>
</branch>
<branch type="ELSE">
<kw name="general Wait Until" owner="generalFunct">
<arg>${errMessageLabel}</arg>
<status status="NOT RUN" start="2025-03-13T08:42:25.384075" elapsed="0.000074"/>
</kw>
<kw name="Get Text" owner="SeleniumLibrary">
<var>${err}</var>
<arg>${errMessageLabel}</arg>
<doc>Returns the text value of the element identified by ``locator``.</doc>
<status status="NOT RUN" start="2025-03-13T08:42:25.384388" elapsed="0.000060"/>
</kw>
<kw name="Set Global Variable" owner="BuiltIn">
<arg>${err_text}</arg>
<arg>${err}</arg>
<doc>Makes a variable available globally in all tests and suites.</doc>
<status status="NOT RUN" start="2025-03-13T08:42:25.384675" elapsed="0.000059"/>
</kw>
<kw name="Log To Console" owner="BuiltIn">
<arg>${\n}Error Message : ${err}</arg>
<doc>Logs the given message to the console.</doc>
<status status="NOT RUN" start="2025-03-13T08:42:25.384935" elapsed="0.000063"/>
</kw>
<status status="NOT RUN" start="2025-03-13T08:42:25.383733" elapsed="0.001348"/>
</branch>
<status status="PASS" start="2025-03-13T08:42:20.266666" elapsed="5.118490"/>
</if>
<status status="PASS" start="2025-03-13T08:42:20.235638" elapsed="5.149647"/>
</kw>
<status status="PASS" start="2025-03-13T08:41:55.784462" elapsed="29.600936"/>
</kw>
<kw name="End Web Test" owner="web_eProc" type="TEARDOWN">
<kw name="Log" owner="BuiltIn">
<msg time="2025-03-13T08:42:25.386882" level="INFO">Suite teardown initiated</msg>
<arg>Suite teardown initiated</arg>
<doc>Logs the given message with the given level.</doc>
<status status="PASS" start="2025-03-13T08:42:25.386648" elapsed="0.000346"/>
</kw>
<kw name="Close Browser" owner="SeleniumLibrary">
<doc>Closes the current browser.</doc>
<status status="PASS" start="2025-03-13T08:42:25.387237" elapsed="2.224258"/>
</kw>
<doc>Closes the browser after all tests in the suite have run</doc>
<status status="PASS" start="2025-03-13T08:42:25.386113" elapsed="2.225625"/>
</kw>
<doc>This scenario test User login without fill no handphone and password</doc>
<tag>1000s</tag>
<tag>login invalid</tag>
<tag>test</tag>
<status status="PASS" start="2025-03-13T08:41:50.622654" elapsed="36.989614"/>
</test>
<test id="s1-t3" name="Test Login Without fill Password" line="22">
<kw name="Begin Web Test" owner="web_eProc" type="SETUP">
<kw name="Open Browser" owner="SeleniumLibrary">
<msg time="2025-03-13T08:42:27.616564" level="INFO">Opening browser 'chrome' to base url 'about:blank'.</msg>
<arg>about:blank</arg>
<arg>${BROWSER}</arg>
<doc>Opens a new browser instance to the optional ``url``.</doc>
<status status="PASS" start="2025-03-13T08:42:27.616173" elapsed="2.039240"/>
</kw>
<kw name="Execute Javascript" owner="SeleniumLibrary">
<msg time="2025-03-13T08:42:29.656754" level="INFO">Executing JavaScript:
document.body.style.transform = 'scale(0.67)'; document.body.style.transformOrigin = '0 0';
Without any arguments.</msg>
<arg>document.body.style.transform = 'scale(0.67)'; document.body.style.transformOrigin = '0 0';</arg>
<doc>Executes the given JavaScript code with possible arguments.</doc>
<status status="PASS" start="2025-03-13T08:42:29.655861" elapsed="0.016549"/>
</kw>
<kw name="Go To" owner="SeleniumLibrary">
<msg time="2025-03-13T08:42:29.673221" level="INFO">Opening url 'https://developer.1000saudara.com/project1000s'</msg>
<arg>${URL_DEV}</arg>
<doc>Navigates the current browser window to the provided ``url``.</doc>
<status status="PASS" start="2025-03-13T08:42:29.672805" elapsed="5.986086"/>
</kw>
<status status="PASS" start="2025-03-13T08:42:27.615546" elapsed="8.043570"/>
</kw>
<kw name="User login without fill password" owner="login">
<kw name="Given user visit E-Proc1000s Login Page" owner="pom_login_eProc">
<kw name="Get Location" owner="SeleniumLibrary">
<msg time="2025-03-13T08:42:35.685864" level="INFO">${current_url} = https://developer.1000saudara.com/project1000s</msg>
<var>${current_url}</var>
<doc>Returns the current browser window URL.</doc>
<status status="PASS" start="2025-03-13T08:42:35.661576" elapsed="0.024363"/>
</kw>
<kw name="Log" owner="BuiltIn">
<msg time="2025-03-13T08:42:35.686467" level="INFO">Current Path: https://developer.1000saudara.com/project1000s</msg>
<arg>Current Path: ${current_url}</arg>
<doc>Logs the given message with the given level.</doc>
<status status="PASS" start="2025-03-13T08:42:35.686226" elapsed="0.000318"/>
</kw>
<kw name="general return status" owner="generalFunct">
<kw name="Run Keyword And Return Status" owner="BuiltIn">
<kw name="Wait Until Element Is Visible" owner="SeleniumLibrary">
<arg>${locator}</arg>
<arg>timeout=5s</arg>
<doc>Waits until the element ``locator`` is visible.</doc>
<status status="PASS" start="2025-03-13T08:42:35.687416" elapsed="0.706083"/>
</kw>
<msg time="2025-03-13T08:42:36.393716" level="INFO">${res} = True</msg>
<var>${res}</var>
<arg>Wait Until Element Is Visible</arg>
<arg>${locator}</arg>
<arg>timeout=5s</arg>
<doc>Runs the given keyword with given arguments and returns the status as a Boolean value.</doc>
<status status="PASS" start="2025-03-13T08:42:35.687186" elapsed="0.706581"/>
</kw>
<return>
<value>${res}</value>
<status status="PASS" start="2025-03-13T08:42:36.393884" elapsed="0.000107"/>
</return>
<msg time="2025-03-13T08:42:36.394211" level="INFO">${res} = True</msg>
<var>${res}</var>
<arg>${headerLogin}</arg>
<status status="PASS" start="2025-03-13T08:42:35.686781" elapsed="0.707478"/>
</kw>
<while condition="${res} == $False">
<iter>
<kw name="Reload Page" owner="SeleniumLibrary">
<doc>Simulates user reloading page.</doc>
<status status="NOT RUN" start="2025-03-13T08:42:36.394852" elapsed="0.000050"/>
</kw>
<kw name="Sleep" owner="BuiltIn">
<arg>2s</arg>
<doc>Pauses the test executed for the given time.</doc>
<status status="NOT RUN" start="2025-03-13T08:42:36.395065" elapsed="0.000045"/>
</kw>
<kw name="general return status" owner="generalFunct">
<var>${res}</var>
<arg>${headerLogin}</arg>
<status status="NOT RUN" start="2025-03-13T08:42:36.395341" elapsed="0.000051"/>
</kw>
<status status="NOT RUN" start="2025-03-13T08:42:36.394361" elapsed="0.001096"/>
</iter>
<status status="NOT RUN" start="2025-03-13T08:42:36.394358" elapsed="0.001159"/>
</while>
<status status="PASS" start="2025-03-13T08:42:35.661020" elapsed="0.734686"/>
</kw>
<kw name="When without filling any of them" owner="pom_login_eProc">
<kw name="general Wait Until" owner="generalFunct">
<kw name="Wait Until Element Is Visible" owner="SeleniumLibrary">
<arg>${locator}</arg>
<arg>timeout=5s</arg>
<doc>Waits until the element ``locator`` is visible.</doc>
<status status="PASS" start="2025-03-13T08:42:36.396835" elapsed="0.029402"/>
</kw>
<kw name="Sleep" owner="BuiltIn">
<msg time="2025-03-13T08:42:41.427523" level="INFO">Slept 5 seconds.</msg>
<arg>5</arg>
<doc>Pauses the test executed for the given time.</doc>
<status status="PASS" start="2025-03-13T08:42:36.426497" elapsed="5.001319"/>
</kw>
<arg>${loc_text}</arg>
<status status="PASS" start="2025-03-13T08:42:36.396471" elapsed="5.031643"/>
</kw>
<kw name="Element Should Be Visible" owner="SeleniumLibrary">
<msg time="2025-03-13T08:42:41.467124" level="INFO">Element 'xpath=//input[@id='TxtPhone']' is displayed.</msg>
<arg>${loc_text}</arg>
<arg>${text}</arg>
<doc>Verifies that the element identified by ``locator`` is visible.</doc>
<status status="PASS" start="2025-03-13T08:42:41.428654" elapsed="0.038670"/>
</kw>
<kw name="general return status" owner="generalFunct">
<kw name="Run Keyword And Return Status" owner="BuiltIn">
<kw name="Wait Until Element Is Visible" owner="SeleniumLibrary">
<arg>${locator}</arg>
<arg>timeout=5s</arg>
<doc>Waits until the element ``locator`` is visible.</doc>
<status status="PASS" start="2025-03-13T08:42:41.468980" elapsed="0.037873"/>
</kw>
<msg time="2025-03-13T08:42:41.507167" level="INFO">${res} = True</msg>
<var>${res}</var>
<arg>Wait Until Element Is Visible</arg>
<arg>${locator}</arg>
<arg>timeout=5s</arg>
<doc>Runs the given keyword with given arguments and returns the status as a Boolean value.</doc>
<status status="PASS" start="2025-03-13T08:42:41.468594" elapsed="0.038636"/>
</kw>
<return>
<value>${res}</value>
<status status="PASS" start="2025-03-13T08:42:41.507372" elapsed="0.000094"/>
</return>
<msg time="2025-03-13T08:42:41.507727" level="INFO">${res} = True</msg>
<var>${res}</var>
<arg>${inputPassword}</arg>
<status status="PASS" start="2025-03-13T08:42:41.467796" elapsed="0.039981"/>
</kw>
<if>
<branch type="IF" condition="${res}">
<kw name="general Wait Until" owner="generalFunct">
<kw name="Wait Until Element Is Visible" owner="SeleniumLibrary">
<arg>${locator}</arg>
<arg>timeout=5s</arg>
<doc>Waits until the element ``locator`` is visible.</doc>
<status status="PASS" start="2025-03-13T08:42:41.508612" elapsed="0.020044"/>
</kw>
<kw name="Sleep" owner="BuiltIn">
<msg time="2025-03-13T08:42:46.529694" level="INFO">Slept 5 seconds.</msg>
<arg>5</arg>
<doc>Pauses the test executed for the given time.</doc>
<status status="PASS" start="2025-03-13T08:42:41.528918" elapsed="5.001216"/>
</kw>
<arg>${loc_text}</arg>
<status status="PASS" start="2025-03-13T08:42:41.508201" elapsed="5.022470"/>
</kw>
<kw name="Sleep" owner="BuiltIn">
<msg time="2025-03-13T08:42:50.532315" level="INFO">Slept 4 seconds.</msg>
<arg>4</arg>
<doc>Pauses the test executed for the given time.</doc>
<status status="PASS" start="2025-03-13T08:42:46.531263" elapsed="4.001419"/>
</kw>
<kw name="user input text" owner="generalFunct">
<kw name="Wait Until Element Is Visible" owner="SeleniumLibrary">
<arg>${locator}</arg>
<doc>Waits until the element ``locator`` is visible.</doc>
<status status="PASS" start="2025-03-13T08:42:50.534817" elapsed="0.035388"/>
</kw>
<kw name="Input Text" owner="SeleniumLibrary">
<msg time="2025-03-13T08:42:50.571015" level="INFO">Typing text '085210758864' into text field 'xpath=//input[@id='TxtPhone']'.</msg>
<arg>${locator}</arg>
<arg>${text}</arg>
<doc>Types the given ``text`` into the text field identified by ``locator``.</doc>
<status status="PASS" start="2025-03-13T08:42:50.570544" elapsed="0.176150"/>
</kw>
<kw name="Sleep" owner="BuiltIn">
<msg time="2025-03-13T08:42:55.748129" level="INFO">Slept 5 seconds.</msg>
<arg>5</arg>
<doc>Pauses the test executed for the given time.</doc>
<status status="PASS" start="2025-03-13T08:42:50.747120" elapsed="5.001377"/>
</kw>
<arg>${loc_text}</arg>
<arg>${text}</arg>
<status status="PASS" start="2025-03-13T08:42:50.533479" elapsed="5.215421"/>
</kw>
<kw name="user click element" owner="generalFunct">
<kw name="Sleep" owner="BuiltIn">
<msg time="2025-03-13T08:43:00.751822" level="INFO">Slept 5 seconds.</msg>
<arg>5</arg>
<doc>Pauses the test executed for the given time.</doc>
<status status="PASS" start="2025-03-13T08:42:55.751058" elapsed="5.000959"/>
</kw>
<kw name="Wait Until Element Is Visible" owner="SeleniumLibrary">
<arg>${element}</arg>
<doc>Waits until the element ``locator`` is visible.</doc>
<status status="PASS" start="2025-03-13T08:43:00.752360" elapsed="0.034837"/>
</kw>
<kw name="Click Element" owner="SeleniumLibrary">
<msg time="2025-03-13T08:43:00.787746" level="INFO">Clicking element 'xpath=//button[@type='button']//span[contains(text(), 'Masuk')]//ancestor::button'.</msg>
<msg time="2025-03-13T08:43:00.882457" level="INFO">${clickElement} = None</msg>
<var>${clickElement}</var>
<arg>${element}</arg>
<doc>Click the element identified by ``locator``.</doc>
<status status="PASS" start="2025-03-13T08:43:00.787454" elapsed="0.095076"/>
</kw>
<return>
<value>${clickElement}</value>
<status status="PASS" start="2025-03-13T08:43:00.882649" elapsed="0.000077"/>
</return>
<arg>${buttonMasuk}</arg>
<status status="PASS" start="2025-03-13T08:42:55.749770" elapsed="5.133151"/>
</kw>
<status status="PASS" start="2025-03-13T08:42:41.507932" elapsed="19.375066"/>
</branch>
<branch type="ELSE">
<kw name="user visit E-Proc1000s Login Page" owner="pom_login_eProc">
<status status="NOT RUN" start="2025-03-13T08:43:00.883354" elapsed="0.000053"/>
</kw>
<status status="NOT RUN" start="2025-03-13T08:43:00.883066" elapsed="0.000397"/>
</branch>
<status status="PASS" start="2025-03-13T08:42:41.507896" elapsed="19.375624"/>
</if>
<arg>${inputUsername}</arg>
<arg>${ROLE_ADMIN}</arg>
<status status="PASS" start="2025-03-13T08:42:36.396013" elapsed="24.487593"/>
</kw>
<kw name="Then show message error" owner="generalFunct">
<kw name="general return status" owner="generalFunct">
<kw name="Run Keyword And Return Status" owner="BuiltIn">
<kw name="Wait Until Element Is Visible" owner="SeleniumLibrary">
<arg>${locator}</arg>
<arg>timeout=5s</arg>
<doc>Waits until the element ``locator`` is visible.</doc>
<status status="PASS" start="2025-03-13T08:43:00.884943" elapsed="0.030211"/>
</kw>
<msg time="2025-03-13T08:43:00.915457" level="INFO">${res} = True</msg>
<var>${res}</var>
<arg>Wait Until Element Is Visible</arg>
<arg>${locator}</arg>
<arg>timeout=5s</arg>
<doc>Runs the given keyword with given arguments and returns the status as a Boolean value.</doc>
<status status="PASS" start="2025-03-13T08:43:00.884704" elapsed="0.030841"/>
</kw>
<return>
<value>${res}</value>
<status status="PASS" start="2025-03-13T08:43:00.915735" elapsed="0.000119"/>
</return>
<msg time="2025-03-13T08:43:00.916206" level="INFO">${label} = True</msg>
<var>${label}</var>
<arg>xpath=//div[@class='mb-20px']//parent::div/label[contains(text(), 'Nomor')]</arg>
<status status="PASS" start="2025-03-13T08:43:00.884334" elapsed="0.031959"/>
</kw>
<if>
<branch type="IF" condition="${label}">
<kw name="general Wait Until" owner="generalFunct">
<kw name="Wait Until Element Is Visible" owner="SeleniumLibrary">
<arg>${locator}</arg>
<arg>timeout=5s</arg>
<doc>Waits until the element ``locator`` is visible.</doc>
<status status="PASS" start="2025-03-13T08:43:00.917673" elapsed="0.722521"/>
</kw>
<kw name="Sleep" owner="BuiltIn">
<msg time="2025-03-13T08:43:06.641618" level="INFO">Slept 5 seconds.</msg>
<arg>5</arg>
<doc>Pauses the test executed for the given time.</doc>
<status status="PASS" start="2025-03-13T08:43:01.640596" elapsed="5.001392"/>
</kw>
<arg>${errMessageLabel}</arg>
<status status="PASS" start="2025-03-13T08:43:00.916998" elapsed="5.725409"/>
</kw>
<kw name="Get Text" owner="SeleniumLibrary">
<msg time="2025-03-13T08:43:06.696743" level="INFO">${err} = Password harus diisi</msg>
<var>${err}</var>
<arg>${errMessageLabel}</arg>
<doc>Returns the text value of the element identified by ``locator``.</doc>
<status status="PASS" start="2025-03-13T08:43:06.643336" elapsed="0.053479"/>
</kw>
<kw name="Set Global Variable" owner="BuiltIn">
<msg time="2025-03-13T08:43:06.697624" level="INFO">${err_text} = Password harus diisi</msg>
<arg>${err_text}</arg>
<arg>${err}</arg>
<doc>Makes a variable available globally in all tests and suites.</doc>
<status status="PASS" start="2025-03-13T08:43:06.697066" elapsed="0.000691"/>
</kw>
<kw name="Log To Console" owner="BuiltIn">
<arg>${\n}Error Message : ${err}</arg>
<doc>Logs the given message to the console.</doc>
<status status="PASS" start="2025-03-13T08:43:06.698117" elapsed="0.001112"/>
</kw>
<status status="PASS" start="2025-03-13T08:43:00.916521" elapsed="5.782899"/>
</branch>
<branch type="ELSE">
<kw name="general Wait Until" owner="generalFunct">
<arg>${errMessageLabel}</arg>
<status status="NOT RUN" start="2025-03-13T08:43:06.699806" elapsed="0.000054"/>
</kw>
<kw name="Get Text" owner="SeleniumLibrary">
<var>${err}</var>
<arg>${errMessageLabel}</arg>
<doc>Returns the text value of the element identified by ``locator``.</doc>
<status status="NOT RUN" start="2025-03-13T08:43:06.700045" elapsed="0.000051"/>
</kw>
<kw name="Set Global Variable" owner="BuiltIn">
<arg>${err_text}</arg>
<arg>${err}</arg>
<doc>Makes a variable available globally in all tests and suites.</doc>
<status status="NOT RUN" start="2025-03-13T08:43:06.700270" elapsed="0.000044"/>
</kw>
<kw name="Log To Console" owner="BuiltIn">
<arg>${\n}Error Message : ${err}</arg>
<doc>Logs the given message to the console.</doc>
<status status="NOT RUN" start="2025-03-13T08:43:06.700465" elapsed="0.000042"/>
</kw>
<status status="NOT RUN" start="2025-03-13T08:43:06.699544" elapsed="0.001023"/>
</branch>
<status status="PASS" start="2025-03-13T08:43:00.916470" elapsed="5.784154"/>
</if>
<status status="PASS" start="2025-03-13T08:43:00.883933" elapsed="5.816781"/>
</kw>
<kw name="And Should Be Equal" owner="BuiltIn">
<arg>${err_text}</arg>
<arg>Password harus diisi</arg>
<doc>Fails if the given objects are unequal.</doc>
<status status="PASS" start="2025-03-13T08:43:06.700896" elapsed="0.000294"/>
</kw>
<status status="PASS" start="2025-03-13T08:42:35.660086" elapsed="31.041217"/>
</kw>
<kw name="End Web Test" owner="web_eProc" type="TEARDOWN">
<kw name="Log" owner="BuiltIn">
<msg time="2025-03-13T08:43:06.702406" level="INFO">Suite teardown initiated</msg>
<arg>Suite teardown initiated</arg>
<doc>Logs the given message with the given level.</doc>
<status status="PASS" start="2025-03-13T08:43:06.702256" elapsed="0.000239"/>
</kw>
<kw name="Close Browser" owner="SeleniumLibrary">
<doc>Closes the current browser.</doc>
<status status="PASS" start="2025-03-13T08:43:06.702681" elapsed="2.226524"/>
</kw>
<doc>Closes the browser after all tests in the suite have run</doc>
<status status="PASS" start="2025-03-13T08:43:06.701857" elapsed="2.227822"/>
</kw>
<doc>This scenario test User login without fill password</doc>
<tag>1000s</tag>
<tag>login invalid</tag>
<tag>test</tag>
<status status="PASS" start="2025-03-13T08:42:27.614453" elapsed="41.316038"/>
</test>
<test id="s1-t4" name="Test Login Without fill No Handphone" line="27">
<kw name="Begin Web Test" owner="web_eProc" type="SETUP">
<kw name="Open Browser" owner="SeleniumLibrary">
<msg time="2025-03-13T08:43:08.938594" level="INFO">Opening browser 'chrome' to base url 'about:blank'.</msg>
<arg>about:blank</arg>
<arg>${BROWSER}</arg>
<doc>Opens a new browser instance to the optional ``url``.</doc>
<status status="PASS" start="2025-03-13T08:43:08.937831" elapsed="1.984566"/>
</kw>
<kw name="Execute Javascript" owner="SeleniumLibrary">
<msg time="2025-03-13T08:43:10.923750" level="INFO">Executing JavaScript:
document.body.style.transform = 'scale(0.67)'; document.body.style.transformOrigin = '0 0';
Without any arguments.</msg>
<arg>document.body.style.transform = 'scale(0.67)'; document.body.style.transformOrigin = '0 0';</arg>
<doc>Executes the given JavaScript code with possible arguments.</doc>
<status status="PASS" start="2025-03-13T08:43:10.922854" elapsed="0.015190"/>
</kw>
<kw name="Go To" owner="SeleniumLibrary">
<msg time="2025-03-13T08:43:10.939157" level="INFO">Opening url 'https://developer.1000saudara.com/project1000s'</msg>
<arg>${URL_DEV}</arg>
<doc>Navigates the current browser window to the provided ``url``.</doc>
<status status="PASS" start="2025-03-13T08:43:10.938588" elapsed="1.663187"/>
</kw>
<status status="PASS" start="2025-03-13T08:43:08.936640" elapsed="3.665303"/>
</kw>
<kw name="User login without fill no handphone" owner="login">
<kw name="Given user visit E-Proc1000s Login Page" owner="pom_login_eProc">
<kw name="Get Location" owner="SeleniumLibrary">
<msg time="2025-03-13T08:43:12.618023" level="INFO">${current_url} = https://developer.1000saudara.com/project1000s</msg>
<var>${current_url}</var>
<doc>Returns the current browser window URL.</doc>
<status status="PASS" start="2025-03-13T08:43:12.604039" elapsed="0.014091"/>
</kw>
<kw name="Log" owner="BuiltIn">
<msg time="2025-03-13T08:43:12.618893" level="INFO">Current Path: https://developer.1000saudara.com/project1000s</msg>
<arg>Current Path: ${current_url}</arg>
<doc>Logs the given message with the given level.</doc>
<status status="PASS" start="2025-03-13T08:43:12.618520" elapsed="0.000528"/>
</kw>
<kw name="general return status" owner="generalFunct">
<kw name="Run Keyword And Return Status" owner="BuiltIn">
<kw name="Wait Until Element Is Visible" owner="SeleniumLibrary">
<arg>${locator}</arg>
<arg>timeout=5s</arg>
<doc>Waits until the element ``locator`` is visible.</doc>
<status status="PASS" start="2025-03-13T08:43:12.624018" elapsed="0.041896"/>
</kw>
<msg time="2025-03-13T08:43:12.666136" level="INFO">${res} = True</msg>
<var>${res}</var>
<arg>Wait Until Element Is Visible</arg>
<arg>${locator}</arg>
<arg>timeout=5s</arg>
<doc>Runs the given keyword with given arguments and returns the status as a Boolean value.</doc>
<status status="PASS" start="2025-03-13T08:43:12.620681" elapsed="0.045518"/>
</kw>
<return>
<value>${res}</value>
<status status="PASS" start="2025-03-13T08:43:12.666330" elapsed="0.000080"/>
</return>
<msg time="2025-03-13T08:43:12.666655" level="INFO">${res} = True</msg>
<var>${res}</var>
<arg>${headerLogin}</arg>
<status status="PASS" start="2025-03-13T08:43:12.619595" elapsed="0.047106"/>
</kw>
<while condition="${res} == $False">
<iter>
<kw name="Reload Page" owner="SeleniumLibrary">
<doc>Simulates user reloading page.</doc>
<status status="NOT RUN" start="2025-03-13T08:43:12.667274" elapsed="0.000054"/>
</kw>
<kw name="Sleep" owner="BuiltIn">
<arg>2s</arg>
<doc>Pauses the test executed for the given time.</doc>
<status status="NOT RUN" start="2025-03-13T08:43:12.667513" elapsed="0.000049"/>
</kw>
<kw name="general return status" owner="generalFunct">
<var>${res}</var>
<arg>${headerLogin}</arg>
<status status="NOT RUN" start="2025-03-13T08:43:12.667796" elapsed="0.000049"/>
</kw>
<status status="NOT RUN" start="2025-03-13T08:43:12.666799" elapsed="0.001111"/>
</iter>
<status status="NOT RUN" start="2025-03-13T08:43:12.666796" elapsed="0.001165"/>
</while>
<status status="PASS" start="2025-03-13T08:43:12.603596" elapsed="0.064459"/>
</kw>
<kw name="When without filling any of them" owner="pom_login_eProc">
<kw name="general Wait Until" owner="generalFunct">
<kw name="Wait Until Element Is Visible" owner="SeleniumLibrary">
<arg>${locator}</arg>
<arg>timeout=5s</arg>
<doc>Waits until the element ``locator`` is visible.</doc>
<status status="PASS" start="2025-03-13T08:43:12.669196" elapsed="0.027771"/>
</kw>
<kw name="Sleep" owner="BuiltIn">
<msg time="2025-03-13T08:43:17.697822" level="INFO">Slept 5 seconds.</msg>
<arg>5</arg>
<doc>Pauses the test executed for the given time.</doc>
<status status="PASS" start="2025-03-13T08:43:12.697226" elapsed="5.001097"/>
</kw>
<arg>${loc_text}</arg>
<status status="PASS" start="2025-03-13T08:43:12.668825" elapsed="5.030183"/>
</kw>
<kw name="Element Should Be Visible" owner="SeleniumLibrary">
<msg time="2025-03-13T08:43:17.746142" level="INFO">Element 'xpath=//input[@id='pwd']' is displayed.</msg>
<arg>${loc_text}</arg>
<arg>${text}</arg>
<doc>Verifies that the element identified by ``locator`` is visible.</doc>
<status status="PASS" start="2025-03-13T08:43:17.699600" elapsed="0.046778"/>
</kw>
<kw name="general return status" owner="generalFunct">
<kw name="Run Keyword And Return Status" owner="BuiltIn">
<kw name="Wait Until Element Is Visible" owner="SeleniumLibrary">
<arg>${locator}</arg>
<arg>timeout=5s</arg>
<doc>Waits until the element ``locator`` is visible.</doc>
<status status="PASS" start="2025-03-13T08:43:17.748149" elapsed="0.025959"/>
</kw>
<msg time="2025-03-13T08:43:17.774429" level="INFO">${res} = True</msg>
<var>${res}</var>
<arg>Wait Until Element Is Visible</arg>
<arg>${locator}</arg>
<arg>timeout=5s</arg>
<doc>Runs the given keyword with given arguments and returns the status as a Boolean value.</doc>
<status status="PASS" start="2025-03-13T08:43:17.747695" elapsed="0.026822"/>
</kw>
<return>
<value>${res}</value>
<status status="PASS" start="2025-03-13T08:43:17.774753" elapsed="0.000117"/>
</return>
<msg time="2025-03-13T08:43:17.775116" level="INFO">${res} = True</msg>
<var>${res}</var>
<arg>${inputPassword}</arg>
<status status="PASS" start="2025-03-13T08:43:17.746907" elapsed="0.028255"/>
</kw>
<if>
<branch type="IF" condition="${res}">
<kw name="general Wait Until" owner="generalFunct">
<kw name="Wait Until Element Is Visible" owner="SeleniumLibrary">
<arg>${locator}</arg>
<arg>timeout=5s</arg>
<doc>Waits until the element ``locator`` is visible.</doc>
<status status="PASS" start="2025-03-13T08:43:17.776706" elapsed="0.021700"/>
</kw>
<kw name="Sleep" owner="BuiltIn">
<msg time="2025-03-13T08:43:22.799560" level="INFO">Slept 5 seconds.</msg>
<arg>5</arg>
<doc>Pauses the test executed for the given time.</doc>
<status status="PASS" start="2025-03-13T08:43:17.798672" elapsed="5.001325"/>
</kw>
<arg>${loc_text}</arg>
<status status="PASS" start="2025-03-13T08:43:17.775788" elapsed="5.024631"/>
</kw>
<kw name="Sleep" owner="BuiltIn">
<msg time="2025-03-13T08:43:26.802551" level="INFO">Slept 4 seconds.</msg>
<arg>4</arg>
<doc>Pauses the test executed for the given time.</doc>
<status status="PASS" start="2025-03-13T08:43:22.801033" elapsed="4.002253"/>
</kw>
<kw name="user input text" owner="generalFunct">
<kw name="Wait Until Element Is Visible" owner="SeleniumLibrary">
<arg>${locator}</arg>
<doc>Waits until the element ``locator`` is visible.</doc>
<status status="PASS" start="2025-03-13T08:43:26.807635" elapsed="0.036393"/>
</kw>
<kw name="Input Text" owner="SeleniumLibrary">
<msg time="2025-03-13T08:43:26.844811" level="INFO">Typing text '123456' into text field 'xpath=//input[@id='pwd']'.</msg>
<arg>${locator}</arg>
<arg>${text}</arg>
<doc>Types the given ``text`` into the text field identified by ``locator``.</doc>
<status status="PASS" start="2025-03-13T08:43:26.844359" elapsed="0.156491"/>
</kw>
<kw name="Sleep" owner="BuiltIn">
<msg time="2025-03-13T08:43:32.001619" level="INFO">Slept 5 seconds.</msg>
<arg>5</arg>
<doc>Pauses the test executed for the given time.</doc>
<status status="PASS" start="2025-03-13T08:43:27.001111" elapsed="5.000928"/>
</kw>
<arg>${loc_text}</arg>
<arg>${text}</arg>
<status status="PASS" start="2025-03-13T08:43:26.805072" elapsed="5.197380"/>
</kw>
<kw name="user click element" owner="generalFunct">
<kw name="Sleep" owner="BuiltIn">
<msg time="2025-03-13T08:43:37.006063" level="INFO">Slept 5 seconds.</msg>
<arg>5</arg>
<doc>Pauses the test executed for the given time.</doc>
<status status="PASS" start="2025-03-13T08:43:32.004662" elapsed="5.001769"/>
</kw>
<kw name="Wait Until Element Is Visible" owner="SeleniumLibrary">
<arg>${element}</arg>
<doc>Waits until the element ``locator`` is visible.</doc>
<status status="PASS" start="2025-03-13T08:43:37.007139" elapsed="0.047188"/>
</kw>
<kw name="Click Element" owner="SeleniumLibrary">
<msg time="2025-03-13T08:43:37.054886" level="INFO">Clicking element 'xpath=//button[@type='button']//span[contains(text(), 'Masuk')]//ancestor::button'.</msg>
<msg time="2025-03-13T08:43:37.148672" level="INFO">${clickElement} = None</msg>
<var>${clickElement}</var>
<arg>${element}</arg>
<doc>Click the element identified by ``locator``.</doc>
<status status="PASS" start="2025-03-13T08:43:37.054589" elapsed="0.094187"/>
</kw>
<return>
<value>${clickElement}</value>
<status status="PASS" start="2025-03-13T08:43:37.148924" elapsed="0.000092"/>
</return>
<arg>${buttonMasuk}</arg>
<status status="PASS" start="2025-03-13T08:43:32.003231" elapsed="5.146034"/>
</kw>
<status status="PASS" start="2025-03-13T08:43:17.775302" elapsed="19.374054"/>
</branch>
<branch type="ELSE">
<kw name="user visit E-Proc1000s Login Page" owner="pom_login_eProc">
<status status="NOT RUN" start="2025-03-13T08:43:37.149746" elapsed="0.000055"/>
</kw>
<status status="NOT RUN" start="2025-03-13T08:43:37.149439" elapsed="0.000421"/>
</branch>
<status status="PASS" start="2025-03-13T08:43:17.775269" elapsed="19.374646"/>
</if>
<arg>${inputPassword}</arg>
<arg>${PASSWORD}</arg>
<status status="PASS" start="2025-03-13T08:43:12.668364" elapsed="24.481637"/>
</kw>
<kw name="Then show message error" owner="generalFunct">
<kw name="general return status" owner="generalFunct">
<kw name="Run Keyword And Return Status" owner="BuiltIn">
<kw name="Wait Until Element Is Visible" owner="SeleniumLibrary">
<arg>${locator}</arg>
<arg>timeout=5s</arg>
<doc>Waits until the element ``locator`` is visible.</doc>
<status status="PASS" start="2025-03-13T08:43:37.151466" elapsed="0.030851"/>
</kw>
<msg time="2025-03-13T08:43:37.182523" level="INFO">${res} = True</msg>
<var>${res}</var>
<arg>Wait Until Element Is Visible</arg>
<arg>${locator}</arg>
<arg>timeout=5s</arg>
<doc>Runs the given keyword with given arguments and returns the status as a Boolean value.</doc>
<status status="PASS" start="2025-03-13T08:43:37.151208" elapsed="0.031365"/>
</kw>
<return>
<value>${res}</value>
<status status="PASS" start="2025-03-13T08:43:37.182689" elapsed="0.000074"/>
</return>
<msg time="2025-03-13T08:43:37.182973" level="INFO">${label} = True</msg>
<var>${label}</var>
<arg>xpath=//div[@class='mb-20px']//parent::div/label[contains(text(), 'Nomor')]</arg>
<status status="PASS" start="2025-03-13T08:43:37.150804" elapsed="0.032213"/>
</kw>
<if>
<branch type="IF" condition="${label}">
<kw name="general Wait Until" owner="generalFunct">
<kw name="Wait Until Element Is Visible" owner="SeleniumLibrary">
<arg>${locator}</arg>
<arg>timeout=5s</arg>
<doc>Waits until the element ``locator`` is visible.</doc>
<status status="PASS" start="2025-03-13T08:43:37.183962" elapsed="0.718663"/>
</kw>
<kw name="Sleep" owner="BuiltIn">
<msg time="2025-03-13T08:43:42.903948" level="INFO">Slept 5 seconds.</msg>
<arg>5</arg>
<doc>Pauses the test executed for the given time.</doc>
<status status="PASS" start="2025-03-13T08:43:37.903022" elapsed="5.001289"/>
</kw>
<arg>${errMessageLabel}</arg>
<status status="PASS" start="2025-03-13T08:43:37.183433" elapsed="5.721285"/>
</kw>
<kw name="Get Text" owner="SeleniumLibrary">
<msg time="2025-03-13T08:43:42.954353" level="INFO">${err} = No. Handphone harus diisi</msg>
<var>${err}</var>
<arg>${errMessageLabel}</arg>
<doc>Returns the text value of the element identified by ``locator``.</doc>
<status status="PASS" start="2025-03-13T08:43:42.905417" elapsed="0.049013"/>
</kw>
<kw name="Set Global Variable" owner="BuiltIn">
<msg time="2025-03-13T08:43:42.955092" level="INFO">${err_text} = No. Handphone harus diisi</msg>
<arg>${err_text}</arg>
<arg>${err}</arg>
<doc>Makes a variable available globally in all tests and suites.</doc>
<status status="PASS" start="2025-03-13T08:43:42.954704" elapsed="0.000470"/>
</kw>
<kw name="Log To Console" owner="BuiltIn">
<arg>${\n}Error Message : ${err}</arg>
<doc>Logs the given message to the console.</doc>
<status status="PASS" start="2025-03-13T08:43:42.955480" elapsed="0.001038"/>
</kw>
<status status="PASS" start="2025-03-13T08:43:37.183150" elapsed="5.773555"/>
</branch>
<branch type="ELSE">
<kw name="general Wait Until" owner="generalFunct">
<arg>${errMessageLabel}</arg>
<status status="NOT RUN" start="2025-03-13T08:43:42.957108" elapsed="0.000059"/>
</kw>
<kw name="Get Text" owner="SeleniumLibrary">
<var>${err}</var>
<arg>${errMessageLabel}</arg>
<doc>Returns the text value of the element identified by ``locator``.</doc>
<status status="NOT RUN" start="2025-03-13T08:43:42.957364" elapsed="0.000050"/>
</kw>
<kw name="Set Global Variable" owner="BuiltIn">
<arg>${err_text}</arg>
<arg>${err}</arg>
<doc>Makes a variable available globally in all tests and suites.</doc>
<status status="NOT RUN" start="2025-03-13T08:43:42.957596" elapsed="0.000049"/>
</kw>
<kw name="Log To Console" owner="BuiltIn">
<arg>${\n}Error Message : ${err}</arg>
<doc>Logs the given message to the console.</doc>
<status status="NOT RUN" start="2025-03-13T08:43:42.957813" elapsed="0.000053"/>
</kw>
<status status="NOT RUN" start="2025-03-13T08:43:42.956837" elapsed="0.001098"/>
</branch>
<status status="PASS" start="2025-03-13T08:43:37.183117" elapsed="5.774878"/>
</if>
<status status="PASS" start="2025-03-13T08:43:37.150349" elapsed="5.807742"/>
</kw>
<kw name="And Should Be Equal" owner="BuiltIn">
<arg>${err_text}</arg>
<arg>No. Handphone harus diisi</arg>
<doc>Fails if the given objects are unequal.</doc>
<status status="PASS" start="2025-03-13T08:43:42.958281" elapsed="0.000308"/>
</kw>
<status status="PASS" start="2025-03-13T08:43:12.602597" elapsed="30.356112"/>
</kw>
<kw name="End Web Test" owner="web_eProc" type="TEARDOWN">
<kw name="Log" owner="BuiltIn">
<msg time="2025-03-13T08:43:42.959880" level="INFO">Suite teardown initiated</msg>
<arg>Suite teardown initiated</arg>
<doc>Logs the given message with the given level.</doc>
<status status="PASS" start="2025-03-13T08:43:42.959713" elapsed="0.000261"/>
</kw>
<kw name="Close Browser" owner="SeleniumLibrary">
<doc>Closes the current browser.</doc>
<status status="PASS" start="2025-03-13T08:43:42.960175" elapsed="2.222683"/>
</kw>
<doc>Closes the browser after all tests in the suite have run</doc>
<status status="PASS" start="2025-03-13T08:43:42.959296" elapsed="2.223979"/>
</kw>
<doc>This scenario test User login without fill no handphone</doc>
<tag>1000s</tag>
<tag>login invalid</tag>
<tag>test</tag>
<status status="PASS" start="2025-03-13T08:43:08.934385" elapsed="36.249712"/>
</test>
<test id="s1-t5" name="Test Login With invalid No Handphone" line="32">
<kw name="Begin Web Test" owner="web_eProc" type="SETUP">
<kw name="Open Browser" owner="SeleniumLibrary">
<msg time="2025-03-13T08:43:45.192112" level="INFO">Opening browser 'chrome' to base url 'about:blank'.</msg>
<arg>about:blank</arg>
<arg>${BROWSER}</arg>
<doc>Opens a new browser instance to the optional ``url``.</doc>
<status status="PASS" start="2025-03-13T08:43:45.191355" elapsed="2.083265"/>
</kw>
<kw name="Execute Javascript" owner="SeleniumLibrary">
<msg time="2025-03-13T08:43:47.275979" level="INFO">Executing JavaScript:
document.body.style.transform = 'scale(0.67)'; document.body.style.transformOrigin = '0 0';
Without any arguments.</msg>
<arg>document.body.style.transform = 'scale(0.67)'; document.body.style.transformOrigin = '0 0';</arg>
<doc>Executes the given JavaScript code with possible arguments.</doc>
<status status="PASS" start="2025-03-13T08:43:47.275142" elapsed="0.018187"/>
</kw>
<kw name="Go To" owner="SeleniumLibrary">
<msg time="2025-03-13T08:43:47.294161" level="INFO">Opening url 'https://developer.1000saudara.com/project1000s'</msg>
<arg>${URL_DEV}</arg>
<doc>Navigates the current browser window to the provided ``url``.</doc>
<status status="PASS" start="2025-03-13T08:43:47.293758" elapsed="1.963595"/>
</kw>
<status status="PASS" start="2025-03-13T08:43:45.190128" elapsed="4.067507"/>
</kw>
<kw name="User login with invalid no handphone" owner="login">
<kw name="Given user visit E-Proc1000s Login Page" owner="pom_login_eProc">
<kw name="Get Location" owner="SeleniumLibrary">
<msg time="2025-03-13T08:43:49.274185" level="INFO">${current_url} = https://developer.1000saudara.com/project1000s</msg>
<var>${current_url}</var>
<doc>Returns the current browser window URL.</doc>
<status status="PASS" start="2025-03-13T08:43:49.259503" elapsed="0.014853"/>
</kw>
<kw name="Log" owner="BuiltIn">
<msg time="2025-03-13T08:43:49.275199" level="INFO">Current Path: https://developer.1000saudara.com/project1000s</msg>
<arg>Current Path: ${current_url}</arg>
<doc>Logs the given message with the given level.</doc>
<status status="PASS" start="2025-03-13T08:43:49.274756" elapsed="0.000615"/>
</kw>
<kw name="general return status" owner="generalFunct">
<kw name="Run Keyword And Return Status" owner="BuiltIn">
<kw name="Wait Until Element Is Visible" owner="SeleniumLibrary">
<arg>${locator}</arg>
<arg>timeout=5s</arg>
<doc>Waits until the element ``locator`` is visible.</doc>
<status status="PASS" start="2025-03-13T08:43:49.277486" elapsed="0.044446"/>
</kw>
<msg time="2025-03-13T08:43:49.322147" level="INFO">${res} = True</msg>
<var>${res}</var>
<arg>Wait Until Element Is Visible</arg>
<arg>${locator}</arg>
<arg>timeout=5s</arg>
<doc>Runs the given keyword with given arguments and returns the status as a Boolean value.</doc>
<status status="PASS" start="2025-03-13T08:43:49.277064" elapsed="0.045134"/>
</kw>
<return>
<value>${res}</value>
<status status="PASS" start="2025-03-13T08:43:49.322305" elapsed="0.000074"/>
</return>
<msg time="2025-03-13T08:43:49.322601" level="INFO">${res} = True</msg>
<var>${res}</var>
<arg>${headerLogin}</arg>
<status status="PASS" start="2025-03-13T08:43:49.275893" elapsed="0.046753"/>
</kw>
<while condition="${res} == $False">
<iter>
<kw name="Reload Page" owner="SeleniumLibrary">
<doc>Simulates user reloading page.</doc>
<status status="NOT RUN" start="2025-03-13T08:43:49.323207" elapsed="0.000047"/>
</kw>
<kw name="Sleep" owner="BuiltIn">
<arg>2s</arg>
<doc>Pauses the test executed for the given time.</doc>
<status status="NOT RUN" start="2025-03-13T08:43:49.323411" elapsed="0.000044"/>
</kw>
<kw name="general return status" owner="generalFunct">
<var>${res}</var>
<arg>${headerLogin}</arg>
<status status="NOT RUN" start="2025-03-13T08:43:49.323673" elapsed="0.000049"/>
</kw>
<status status="NOT RUN" start="2025-03-13T08:43:49.322746" elapsed="0.001043"/>
</iter>
<status status="NOT RUN" start="2025-03-13T08:43:49.322743" elapsed="0.001100"/>
</while>
<status status="PASS" start="2025-03-13T08:43:49.259075" elapsed="0.064869"/>
</kw>
<kw name="When input error no telp" owner="pom_login_eProc">
<kw name="general Wait Until" owner="generalFunct">
<kw name="Wait Until Element Is Visible" owner="SeleniumLibrary">
<arg>${locator}</arg>
<arg>timeout=5s</arg>
<doc>Waits until the element ``locator`` is visible.</doc>
<status status="PASS" start="2025-03-13T08:43:49.325139" elapsed="0.027923"/>
</kw>
<kw name="Sleep" owner="BuiltIn">
<msg time="2025-03-13T08:43:54.354367" level="INFO">Slept 5 seconds.</msg>
<arg>5</arg>
<doc>Pauses the test executed for the given time.</doc>
<status status="PASS" start="2025-03-13T08:43:49.353333" elapsed="5.001400"/>
</kw>
<arg>${id}</arg>
<status status="PASS" start="2025-03-13T08:43:49.324781" elapsed="5.030365"/>
</kw>
<kw name="Element Should Be Visible" owner="SeleniumLibrary">
<msg time="2025-03-13T08:43:54.404531" level="INFO">Element 'xpath=//input[@id='TxtPhone']' is displayed.</msg>
<arg>${id}</arg>
<arg>${text_id}</arg>
<doc>Verifies that the element identified by ``locator`` is visible.</doc>
<status status="PASS" start="2025-03-13T08:43:54.355743" elapsed="0.048972"/>
</kw>
<kw name="general return status" owner="generalFunct">
<kw name="Run Keyword And Return Status" owner="BuiltIn">
<kw name="Wait Until Element Is Visible" owner="SeleniumLibrary">
<arg>${locator}</arg>
<arg>timeout=5s</arg>
<doc>Waits until the element ``locator`` is visible.</doc>
<status status="PASS" start="2025-03-13T08:43:54.406491" elapsed="0.039443"/>
</kw>
<msg time="2025-03-13T08:43:54.446255" level="INFO">${res} = True</msg>
<var>${res}</var>
<arg>Wait Until Element Is Visible</arg>
<arg>${locator}</arg>
<arg>timeout=5s</arg>
<doc>Runs the given keyword with given arguments and returns the status as a Boolean value.</doc>
<status status="PASS" start="2025-03-13T08:43:54.405904" elapsed="0.040441"/>
</kw>
<return>
<value>${res}</value>
<status status="PASS" start="2025-03-13T08:43:54.446514" elapsed="0.000110"/>
</return>
<msg time="2025-03-13T08:43:54.446948" level="INFO">${res} = True</msg>
<var>${res}</var>
<arg>${inputPassword}</arg>
<status status="PASS" start="2025-03-13T08:43:54.405190" elapsed="0.041831"/>
</kw>
<if>
<branch type="IF" condition="${res}">
<kw name="general Wait Until" owner="generalFunct">
<kw name="Wait Until Element Is Visible" owner="SeleniumLibrary">
<arg>${locator}</arg>
<arg>timeout=5s</arg>
<doc>Waits until the element ``locator`` is visible.</doc>
<status status="PASS" start="2025-03-13T08:43:54.448297" elapsed="0.032691"/>
</kw>
<kw name="Sleep" owner="BuiltIn">
<msg time="2025-03-13T08:43:59.482340" level="INFO">Slept 5 seconds.</msg>
<arg>5</arg>
<doc>Pauses the test executed for the given time.</doc>
<status status="PASS" start="2025-03-13T08:43:54.481402" elapsed="5.001265"/>
</kw>
<arg>${id}</arg>
<status status="PASS" start="2025-03-13T08:43:54.447643" elapsed="5.035379"/>
</kw>
<kw name="Sleep" owner="BuiltIn">
<msg time="2025-03-13T08:44:03.484449" level="INFO">Slept 4 seconds.</msg>
<arg>4</arg>
<doc>Pauses the test executed for the given time.</doc>
<status status="PASS" start="2025-03-13T08:43:59.483477" elapsed="4.001217"/>
</kw>
<kw name="user input text" owner="generalFunct">
<kw name="Wait Until Element Is Visible" owner="SeleniumLibrary">
<arg>${locator}</arg>
<doc>Waits until the element ``locator`` is visible.</doc>
<status status="PASS" start="2025-03-13T08:44:03.486306" elapsed="0.023807"/>
</kw>
<kw name="Input Text" owner="SeleniumLibrary">
<msg time="2025-03-13T08:44:03.511079" level="INFO">Typing text '12345' into text field 'xpath=//input[@id='TxtPhone']'.</msg>
<arg>${locator}</arg>
<arg>${text}</arg>
<doc>Types the given ``text`` into the text field identified by ``locator``.</doc>
<status status="PASS" start="2025-03-13T08:44:03.510561" elapsed="0.156418"/>
</kw>
<kw name="Sleep" owner="BuiltIn">
<msg time="2025-03-13T08:44:08.668469" level="INFO">Slept 5 seconds.</msg>
<arg>5</arg>
<doc>Pauses the test executed for the given time.</doc>
<status status="PASS" start="2025-03-13T08:44:03.667411" elapsed="5.001426"/>
</kw>
<arg>${id}</arg>
<arg>${text_id}</arg>
<status status="PASS" start="2025-03-13T08:44:03.485283" elapsed="5.184009"/>
</kw>
<kw name="user input password" owner="generalFunct">
<kw name="Wait Until Element Is Visible" owner="SeleniumLibrary">
<arg>${locator}</arg>
<doc>Waits until the element ``locator`` is visible.</doc>
<status status="PASS" start="2025-03-13T08:44:08.671045" elapsed="0.031825"/>
</kw>
<kw name="Input Password" owner="SeleniumLibrary">
<msg time="2025-03-13T08:44:08.703785" level="INFO">Typing password into text field 'xpath=//input[@id='pwd']'.</msg>
<msg time="2025-03-13T08:44:08.766320" level="INFO">Temporally setting log level to: NONE</msg>
<arg>${locator}</arg>
<arg>${text}</arg>
<doc>Types the given password into the text field identified by ``locator``.</doc>
<status status="PASS" start="2025-03-13T08:44:08.703269" elapsed="0.138644"/>
</kw>
<kw name="Sleep" owner="BuiltIn">
<msg time="2025-03-13T08:44:13.842637" level="INFO">Slept 5 seconds.</msg>
<arg>5</arg>
<doc>Pauses the test executed for the given time.</doc>
<status status="PASS" start="2025-03-13T08:44:08.842166" elapsed="5.000882"/>
</kw>
<arg>${pass}</arg>
<arg>${text_pass}</arg>
<status status="PASS" start="2025-03-13T08:44:08.670098" elapsed="5.173390"/>
</kw>
<kw name="user click element" owner="generalFunct">
<kw name="Sleep" owner="BuiltIn">
<msg time="2025-03-13T08:44:18.846699" level="INFO">Slept 5 seconds.</msg>
<arg>5</arg>
<doc>Pauses the test executed for the given time.</doc>
<status status="PASS" start="2025-03-13T08:44:13.845496" elapsed="5.001568"/>
</kw>
<kw name="Wait Until Element Is Visible" owner="SeleniumLibrary">
<arg>${element}</arg>
<doc>Waits until the element ``locator`` is visible.</doc>
<status status="PASS" start="2025-03-13T08:44:18.847817" elapsed="0.073776"/>
</kw>
<kw name="Click Element" owner="SeleniumLibrary">
<msg time="2025-03-13T08:44:18.923243" level="INFO">Clicking element 'xpath=//button[@type='button']//span[contains(text(), 'Masuk')]//ancestor::button'.</msg>
<msg time="2025-03-13T08:44:19.112129" level="INFO">${clickElement} = None</msg>
<var>${clickElement}</var>
<arg>${element}</arg>
<doc>Click the element identified by ``locator``.</doc>
<status status="PASS" start="2025-03-13T08:44:18.922294" elapsed="0.189967"/>
</kw>
<return>
<value>${clickElement}</value>
<status status="PASS" start="2025-03-13T08:44:19.112483" elapsed="0.000134"/>
</return>
<arg>${buttonMasuk}</arg>
<status status="PASS" start="2025-03-13T08:44:13.844275" elapsed="5.268703"/>
</kw>
<status status="PASS" start="2025-03-13T08:43:54.447225" elapsed="24.665882"/>
</branch>
<branch type="ELSE">
<kw name="user visit E-Proc1000s Login Page" owner="pom_login_eProc">
<status status="NOT RUN" start="2025-03-13T08:44:19.113670" elapsed="0.000170"/>
</kw>
<status status="NOT RUN" start="2025-03-13T08:44:19.113219" elapsed="0.000898"/>
</branch>
<status status="PASS" start="2025-03-13T08:43:54.447176" elapsed="24.667153"/>
</if>
<arg>${inputUsername}</arg>
<arg>12345</arg>
<arg>${inputPassword}</arg>
<arg>${PASSWORD}</arg>
<status status="PASS" start="2025-03-13T08:43:49.324258" elapsed="29.790364"/>
</kw>
<kw name="Then show message error" owner="generalFunct">
<kw name="general return status" owner="generalFunct">
<kw name="Run Keyword And Return Status" owner="BuiltIn">
<kw name="Wait Until Element Is Visible" owner="SeleniumLibrary">
<arg>${locator}</arg>
<arg>timeout=5s</arg>
<doc>Waits until the element ``locator`` is visible.</doc>
<status status="PASS" start="2025-03-13T08:44:19.118040" elapsed="0.035659"/>
</kw>
<msg time="2025-03-13T08:44:19.153903" level="INFO">${res} = True</msg>
<var>${res}</var>
<arg>Wait Until Element Is Visible</arg>
<arg>${locator}</arg>
<arg>timeout=5s</arg>
<doc>Runs the given keyword with given arguments and returns the status as a Boolean value.</doc>
<status status="PASS" start="2025-03-13T08:44:19.117613" elapsed="0.036340"/>
</kw>
<return>
<value>${res}</value>
<status status="PASS" start="2025-03-13T08:44:19.154063" elapsed="0.000074"/>
</return>
<msg time="2025-03-13T08:44:19.154352" level="INFO">${label} = True</msg>
<var>${label}</var>
<arg>xpath=//div[@class='mb-20px']//parent::div/label[contains(text(), 'Nomor')]</arg>
<status status="PASS" start="2025-03-13T08:44:19.116702" elapsed="0.037695"/>
</kw>
<if>
<branch type="IF" condition="${label}">
<kw name="general Wait Until" owner="generalFunct">
<kw name="Wait Until Element Is Visible" owner="SeleniumLibrary">
<arg>${locator}</arg>
<arg>timeout=5s</arg>
<doc>Waits until the element ``locator`` is visible.</doc>
<status status="PASS" start="2025-03-13T08:44:19.155213" elapsed="0.027998"/>
</kw>
<kw name="Sleep" owner="BuiltIn">
<msg time="2025-03-13T08:44:24.184690" level="INFO">Slept 5 seconds.</msg>
<arg>5</arg>
<doc>Pauses the test executed for the given time.</doc>
<status status="PASS" start="2025-03-13T08:44:19.183686" elapsed="5.001373"/>
</kw>
<arg>${errMessageLabel}</arg>
<status status="PASS" start="2025-03-13T08:44:19.154792" elapsed="5.030703"/>
</kw>
<kw name="Get Text" owner="SeleniumLibrary">
<msg time="2025-03-13T08:44:24.249151" level="INFO">${err} = No. handphone harus diawali dengan 08</msg>
<var>${err}</var>
<arg>${errMessageLabel}</arg>
<doc>Returns the text value of the element identified by ``locator``.</doc>
<status status="PASS" start="2025-03-13T08:44:24.186094" elapsed="0.063309"/>
</kw>
<kw name="Set Global Variable" owner="BuiltIn">
<msg time="2025-03-13T08:44:24.250112" level="INFO">${err_text} = No. handphone harus diawali dengan 08</msg>
<arg>${err_text}</arg>
<arg>${err}</arg>
<doc>Makes a variable available globally in all tests and suites.</doc>
<status status="PASS" start="2025-03-13T08:44:24.249692" elapsed="0.000505"/>
</kw>
<kw name="Log To Console" owner="BuiltIn">
<arg>${\n}Error Message : ${err}</arg>
<doc>Logs the given message to the console.</doc>
<status status="PASS" start="2025-03-13T08:44:24.250418" elapsed="0.001021"/>
</kw>
<status status="PASS" start="2025-03-13T08:44:19.154529" elapsed="5.097099"/>
</branch>
<branch type="ELSE">
<kw name="general Wait Until" owner="generalFunct">
<arg>${errMessageLabel}</arg>
<status status="NOT RUN" start="2025-03-13T08:44:24.252011" elapsed="0.000057"/>
</kw>
<kw name="Get Text" owner="SeleniumLibrary">
<var>${err}</var>
<arg>${errMessageLabel}</arg>
<doc>Returns the text value of the element identified by ``locator``.</doc>
<status status="NOT RUN" start="2025-03-13T08:44:24.252256" elapsed="0.000046"/>
</kw>
<kw name="Set Global Variable" owner="BuiltIn">
<arg>${err_text}</arg>
<arg>${err}</arg>
<doc>Makes a variable available globally in all tests and suites.</doc>
<status status="NOT RUN" start="2025-03-13T08:44:24.252481" elapsed="0.000049"/>
</kw>
<kw name="Log To Console" owner="BuiltIn">
<arg>${\n}Error Message : ${err}</arg>
<doc>Logs the given message to the console.</doc>
<status status="NOT RUN" start="2025-03-13T08:44:24.252690" elapsed="0.000044"/>
</kw>
<status status="NOT RUN" start="2025-03-13T08:44:24.251748" elapsed="0.001052"/>
</branch>
<status status="PASS" start="2025-03-13T08:44:19.154499" elapsed="5.098361"/>
</if>
<status status="PASS" start="2025-03-13T08:44:19.115865" elapsed="5.137090"/>
</kw>
<kw name="And Should Be Equal" owner="BuiltIn">
<arg>${err_text}</arg>
<arg>No. handphone harus diawali dengan 08</arg>
<doc>Fails if the given objects are unequal.</doc>
<status status="PASS" start="2025-03-13T08:44:24.253135" elapsed="0.000284"/>
</kw>
<status status="PASS" start="2025-03-13T08:43:49.258447" elapsed="34.995090"/>
</kw>
<kw name="End Web Test" owner="web_eProc" type="TEARDOWN">
<kw name="Log" owner="BuiltIn">
<msg time="2025-03-13T08:44:24.254666" level="INFO">Suite teardown initiated</msg>
<arg>Suite teardown initiated</arg>
<doc>Logs the given message with the given level.</doc>
<status status="PASS" start="2025-03-13T08:44:24.254495" elapsed="0.000255"/>
</kw>
<kw name="Close Browser" owner="SeleniumLibrary">
<doc>Closes the current browser.</doc>
<status status="PASS" start="2025-03-13T08:44:24.254947" elapsed="2.212453"/>
</kw>
<doc>Closes the browser after all tests in the suite have run</doc>
<status status="PASS" start="2025-03-13T08:44:24.254101" elapsed="2.213831"/>
</kw>
<doc>This scenario test User login with invalid no handphone</doc>
<tag>1000s</tag>
<tag>login invalid</tag>
<tag>test</tag>
<status status="PASS" start="2025-03-13T08:43:45.187959" elapsed="41.280806"/>
</test>
<test id="s1-t6" name="Test Login With No Handphone not Listed" line="37">
<kw name="Begin Web Test" owner="web_eProc" type="SETUP">
<kw name="Open Browser" owner="SeleniumLibrary">
<msg time="2025-03-13T08:44:26.478001" level="INFO">Opening browser 'chrome' to base url 'about:blank'.</msg>
<arg>about:blank</arg>
<arg>${BROWSER}</arg>
<doc>Opens a new browser instance to the optional ``url``.</doc>
<status status="PASS" start="2025-03-13T08:44:26.477222" elapsed="1.988165"/>
</kw>
<kw name="Execute Javascript" owner="SeleniumLibrary">
<msg time="2025-03-13T08:44:28.466989" level="INFO">Executing JavaScript:
document.body.style.transform = 'scale(0.67)'; document.body.style.transformOrigin = '0 0';
Without any arguments.</msg>
<arg>document.body.style.transform = 'scale(0.67)'; document.body.style.transformOrigin = '0 0';</arg>
<doc>Executes the given JavaScript code with possible arguments.</doc>
<status status="PASS" start="2025-03-13T08:44:28.465994" elapsed="0.012555"/>
</kw>
<kw name="Go To" owner="SeleniumLibrary">
<msg time="2025-03-13T08:44:28.479808" level="INFO">Opening url 'https://developer.1000saudara.com/project1000s'</msg>
<arg>${URL_DEV}</arg>
<doc>Navigates the current browser window to the provided ``url``.</doc>
<status status="PASS" start="2025-03-13T08:44:28.478934" elapsed="5.823990"/>
</kw>
<status status="PASS" start="2025-03-13T08:44:26.475679" elapsed="7.827535"/>
</kw>
<kw name="User login with no handphone not listed" owner="login">
<kw name="Given user visit E-Proc1000s Login Page" owner="pom_login_eProc">
<kw name="Get Location" owner="SeleniumLibrary">
<msg time="2025-03-13T08:44:34.315255" level="INFO">${current_url} = https://developer.1000saudara.com/project1000s</msg>
<var>${current_url}</var>
<doc>Returns the current browser window URL.</doc>
<status status="PASS" start="2025-03-13T08:44:34.304995" elapsed="0.010383"/>
</kw>
<kw name="Log" owner="BuiltIn">
<msg time="2025-03-13T08:44:34.316287" level="INFO">Current Path: https://developer.1000saudara.com/project1000s</msg>
<arg>Current Path: ${current_url}</arg>
<doc>Logs the given message with the given level.</doc>
<status status="PASS" start="2025-03-13T08:44:34.315823" elapsed="0.000659"/>
</kw>
<kw name="general return status" owner="generalFunct">
<kw name="Run Keyword And Return Status" owner="BuiltIn">
<kw name="Wait Until Element Is Visible" owner="SeleniumLibrary">
<arg>${locator}</arg>
<arg>timeout=5s</arg>
<doc>Waits until the element ``locator`` is visible.</doc>
<status status="PASS" start="2025-03-13T08:44:34.318507" elapsed="0.706386"/>
</kw>
<msg time="2025-03-13T08:44:35.025107" level="INFO">${res} = True</msg>
<var>${res}</var>
<arg>Wait Until Element Is Visible</arg>
<arg>${locator}</arg>
<arg>timeout=5s</arg>
<doc>Runs the given keyword with given arguments and returns the status as a Boolean value.</doc>
<status status="PASS" start="2025-03-13T08:44:34.317938" elapsed="0.707220"/>
</kw>
<return>
<value>${res}</value>
<status status="PASS" start="2025-03-13T08:44:35.025291" elapsed="0.000084"/>
</return>
<msg time="2025-03-13T08:44:35.025594" level="INFO">${res} = True</msg>
<var>${res}</var>
<arg>${headerLogin}</arg>
<status status="PASS" start="2025-03-13T08:44:34.316985" elapsed="0.708654"/>
</kw>
<while condition="${res} == $False">
<iter>
<kw name="Reload Page" owner="SeleniumLibrary">
<doc>Simulates user reloading page.</doc>
<status status="NOT RUN" start="2025-03-13T08:44:35.026217" elapsed="0.000049"/>
</kw>
<kw name="Sleep" owner="BuiltIn">
<arg>2s</arg>
<doc>Pauses the test executed for the given time.</doc>
<status status="NOT RUN" start="2025-03-13T08:44:35.026445" elapsed="0.000044"/>
</kw>
<kw name="general return status" owner="generalFunct">
<var>${res}</var>
<arg>${headerLogin}</arg>
<status status="NOT RUN" start="2025-03-13T08:44:35.026698" elapsed="0.000049"/>
</kw>
<status status="NOT RUN" start="2025-03-13T08:44:35.025737" elapsed="0.001076"/>
</iter>
<status status="NOT RUN" start="2025-03-13T08:44:35.025734" elapsed="0.001138"/>
</while>
<status status="PASS" start="2025-03-13T08:44:34.304523" elapsed="0.722445"/>
</kw>
<kw name="When input error no telp" owner="pom_login_eProc">
<kw name="general Wait Until" owner="generalFunct">
<kw name="Wait Until Element Is Visible" owner="SeleniumLibrary">
<arg>${locator}</arg>
<arg>timeout=5s</arg>
<doc>Waits until the element ``locator`` is visible.</doc>
<status status="PASS" start="2025-03-13T08:44:35.028787" elapsed="0.030255"/>
</kw>
<kw name="Sleep" owner="BuiltIn">
<msg time="2025-03-13T08:44:40.059791" level="INFO">Slept 5 seconds.</msg>
<arg>5</arg>
<doc>Pauses the test executed for the given time.</doc>
<status status="PASS" start="2025-03-13T08:44:35.059325" elapsed="5.000702"/>
</kw>
<arg>${id}</arg>
<status status="PASS" start="2025-03-13T08:44:35.028297" elapsed="5.032238"/>
</kw>
<kw name="Element Should Be Visible" owner="SeleniumLibrary">
<msg time="2025-03-13T08:44:40.104175" level="INFO">Element 'xpath=//input[@id='TxtPhone']' is displayed.</msg>
<arg>${id}</arg>
<arg>${text_id}</arg>
<doc>Verifies that the element identified by ``locator`` is visible.</doc>
<status status="PASS" start="2025-03-13T08:44:40.061459" elapsed="0.042923"/>
</kw>
<kw name="general return status" owner="generalFunct">
<kw name="Run Keyword And Return Status" owner="BuiltIn">
<kw name="Wait Until Element Is Visible" owner="SeleniumLibrary">
<arg>${locator}</arg>
<arg>timeout=5s</arg>
<doc>Waits until the element ``locator`` is visible.</doc>
<status status="PASS" start="2025-03-13T08:44:40.106076" elapsed="0.031433"/>
</kw>
<msg time="2025-03-13T08:44:40.137738" level="INFO">${res} = True</msg>
<var>${res}</var>
<arg>Wait Until Element Is Visible</arg>
<arg>${locator}</arg>
<arg>timeout=5s</arg>
<doc>Runs the given keyword with given arguments and returns the status as a Boolean value.</doc>
<status status="PASS" start="2025-03-13T08:44:40.105662" elapsed="0.032133"/>
</kw>
<return>
<value>${res}</value>
<status status="PASS" start="2025-03-13T08:44:40.137921" elapsed="0.000080"/>
</return>
<msg time="2025-03-13T08:44:40.138246" level="INFO">${res} = True</msg>
<var>${res}</var>
<arg>${inputPassword}</arg>
<status status="PASS" start="2025-03-13T08:44:40.104893" elapsed="0.033405"/>
</kw>
<if>
<branch type="IF" condition="${res}">
<kw name="general Wait Until" owner="generalFunct">
<kw name="Wait Until Element Is Visible" owner="SeleniumLibrary">
<arg>${locator}</arg>
<arg>timeout=5s</arg>
<doc>Waits until the element ``locator`` is visible.</doc>
<status status="PASS" start="2025-03-13T08:44:40.139223" elapsed="0.021153"/>
</kw>
<kw name="Sleep" owner="BuiltIn">
<msg time="2025-03-13T08:44:45.161778" level="INFO">Slept 5 seconds.</msg>
<arg>5</arg>
<doc>Pauses the test executed for the given time.</doc>
<status status="PASS" start="2025-03-13T08:44:40.160839" elapsed="5.001110"/>
</kw>
<arg>${id}</arg>
<status status="PASS" start="2025-03-13T08:44:40.138786" elapsed="5.023347"/>
</kw>
<kw name="Sleep" owner="BuiltIn">
<msg time="2025-03-13T08:44:49.163378" level="INFO">Slept 4 seconds.</msg>
<arg>4</arg>
<doc>Pauses the test executed for the given time.</doc>
<status status="PASS" start="2025-03-13T08:44:45.162397" elapsed="4.001348"/>
</kw>
<kw name="user input text" owner="generalFunct">
<kw name="Wait Until Element Is Visible" owner="SeleniumLibrary">
<arg>${locator}</arg>
<doc>Waits until the element ``locator`` is visible.</doc>
<status status="PASS" start="2025-03-13T08:44:49.166266" elapsed="0.048448"/>
</kw>
<kw name="Input Text" owner="SeleniumLibrary">
<msg time="2025-03-13T08:44:49.215686" level="INFO">Typing text '08983186457345' into text field 'xpath=//input[@id='TxtPhone']'.</msg>
<arg>${locator}</arg>
<arg>${text}</arg>
<doc>Types the given ``text`` into the text field identified by ``locator``.</doc>
<status status="PASS" start="2025-03-13T08:44:49.215124" elapsed="0.175516"/>
</kw>
<kw name="Sleep" owner="BuiltIn">
<msg time="2025-03-13T08:44:54.391843" level="INFO">Slept 5 seconds.</msg>
<arg>5</arg>
<doc>Pauses the test executed for the given time.</doc>
<status status="PASS" start="2025-03-13T08:44:49.390893" elapsed="5.001322"/>
</kw>
<arg>${id}</arg>
<arg>${text_id}</arg>
<status status="PASS" start="2025-03-13T08:44:49.164595" elapsed="5.228051"/>
</kw>
<kw name="user input password" owner="generalFunct">
<kw name="Wait Until Element Is Visible" owner="SeleniumLibrary">
<arg>${locator}</arg>
<doc>Waits until the element ``locator`` is visible.</doc>
<status status="PASS" start="2025-03-13T08:44:54.395122" elapsed="0.047240"/>
</kw>
<kw name="Input Password" owner="SeleniumLibrary">
<msg time="2025-03-13T08:44:54.443709" level="INFO">Typing password into text field 'xpath=//input[@id='pwd']'.</msg>
<msg time="2025-03-13T08:44:54.497583" level="INFO">Temporally setting log level to: NONE</msg>
<arg>${locator}</arg>
<arg>${text}</arg>
<doc>Types the given password into the text field identified by ``locator``.</doc>
<status status="PASS" start="2025-03-13T08:44:54.442939" elapsed="0.149236"/>
</kw>
<kw name="Sleep" owner="BuiltIn">
<msg time="2025-03-13T08:44:59.593384" level="INFO">Slept 5 seconds.</msg>
<arg>5</arg>
<doc>Pauses the test executed for the given time.</doc>
<status status="PASS" start="2025-03-13T08:44:54.592624" elapsed="5.000957"/>
</kw>
<arg>${pass}</arg>
<arg>${text_pass}</arg>
<status status="PASS" start="2025-03-13T08:44:54.393599" elapsed="5.200202"/>
</kw>
<kw name="user click element" owner="generalFunct">
<kw name="Sleep" owner="BuiltIn">
<msg time="2025-03-13T08:45:04.595937" level="INFO">Slept 5 seconds.</msg>
<arg>5</arg>
<doc>Pauses the test executed for the given time.</doc>
<status status="PASS" start="2025-03-13T08:44:59.594900" elapsed="5.001404"/>
</kw>
<kw name="Wait Until Element Is Visible" owner="SeleniumLibrary">
<arg>${element}</arg>
<doc>Waits until the element ``locator`` is visible.</doc>
<status status="PASS" start="2025-03-13T08:45:04.596974" elapsed="0.047910"/>
</kw>
<kw name="Click Element" owner="SeleniumLibrary">
<msg time="2025-03-13T08:45:04.645617" level="INFO">Clicking element 'xpath=//button[@type='button']//span[contains(text(), 'Masuk')]//ancestor::button'.</msg>
<msg time="2025-03-13T08:45:04.772113" level="INFO">${clickElement} = None</msg>
<var>${clickElement}</var>
<arg>${element}</arg>
<doc>Click the element identified by ``locator``.</doc>
<status status="PASS" start="2025-03-13T08:45:04.645223" elapsed="0.126962"/>
</kw>
<return>
<value>${clickElement}</value>
<status status="PASS" start="2025-03-13T08:45:04.772306" elapsed="0.000089"/>
</return>
<arg>${buttonMasuk}</arg>
<status status="PASS" start="2025-03-13T08:44:59.594219" elapsed="5.178368"/>
</kw>
<status status="PASS" start="2025-03-13T08:44:40.138451" elapsed="24.634207"/>
</branch>
<branch type="ELSE">
<kw name="user visit E-Proc1000s Login Page" owner="pom_login_eProc">
<status status="NOT RUN" start="2025-03-13T08:45:04.773287" elapsed="0.000119"/>
</kw>
<status status="NOT RUN" start="2025-03-13T08:45:04.772731" elapsed="0.000764"/>
</branch>
<status status="PASS" start="2025-03-13T08:44:40.138414" elapsed="24.635156"/>
</if>
<arg>${inputUsername}</arg>
<arg>08983186457345</arg>
<arg>${inputPassword}</arg>
<arg>${PASSWORD}</arg>
<status status="PASS" start="2025-03-13T08:44:35.027273" elapsed="29.746415"/>
</kw>
<kw name="Then show message error" owner="generalFunct">
<kw name="general return status" owner="generalFunct">
<kw name="Run Keyword And Return Status" owner="BuiltIn">
<kw name="Wait Until Element Is Visible" owner="SeleniumLibrary">
<arg>${locator}</arg>
<arg>timeout=5s</arg>
<doc>Waits until the element ``locator`` is visible.</doc>
<status status="PASS" start="2025-03-13T08:45:04.775833" elapsed="0.027340"/>
</kw>
<msg time="2025-03-13T08:45:04.803391" level="INFO">${res} = True</msg>
<var>${res}</var>
<arg>Wait Until Element Is Visible</arg>
<arg>${locator}</arg>
<arg>timeout=5s</arg>
<doc>Runs the given keyword with given arguments and returns the status as a Boolean value.</doc>
<status status="PASS" start="2025-03-13T08:45:04.775569" elapsed="0.027874"/>
</kw>
<return>
<value>${res}</value>
<status status="PASS" start="2025-03-13T08:45:04.803551" elapsed="0.000074"/>
</return>
<msg time="2025-03-13T08:45:04.803833" level="INFO">${label} = True</msg>
<var>${label}</var>
<arg>xpath=//div[@class='mb-20px']//parent::div/label[contains(text(), 'Nomor')]</arg>
<status status="PASS" start="2025-03-13T08:45:04.775145" elapsed="0.028732"/>
</kw>
<if>
<branch type="IF" condition="${label}">
<kw name="general Wait Until" owner="generalFunct">
<kw name="Wait Until Element Is Visible" owner="SeleniumLibrary">
<arg>${locator}</arg>
<arg>timeout=5s</arg>
<doc>Waits until the element ``locator`` is visible.</doc>
<status status="PASS" start="2025-03-13T08:45:04.804680" elapsed="0.746763"/>
</kw>
<kw name="Sleep" owner="BuiltIn">
<msg time="2025-03-13T08:45:10.552681" level="INFO">Slept 5 seconds.</msg>
<arg>5</arg>
<doc>Pauses the test executed for the given time.</doc>
<status status="PASS" start="2025-03-13T08:45:05.551777" elapsed="5.001096"/>
</kw>
<arg>${errMessageLabel}</arg>
<status status="PASS" start="2025-03-13T08:45:04.804270" elapsed="5.748790"/>
</kw>
<kw name="Get Text" owner="SeleniumLibrary">
<msg time="2025-03-13T08:45:10.610750" level="INFO">${err} = No. handphone tidak terdaftar</msg>
<var>${err}</var>
<arg>${errMessageLabel}</arg>
<doc>Returns the text value of the element identified by ``locator``.</doc>
<status status="PASS" start="2025-03-13T08:45:10.553334" elapsed="0.057532"/>
</kw>
<kw name="Set Global Variable" owner="BuiltIn">
<msg time="2025-03-13T08:45:10.611737" level="INFO">${err_text} = No. handphone tidak terdaftar</msg>
<arg>${err_text}</arg>
<arg>${err}</arg>
<doc>Makes a variable available globally in all tests and suites.</doc>
<status status="PASS" start="2025-03-13T08:45:10.611233" elapsed="0.000631"/>
</kw>
<kw name="Log To Console" owner="BuiltIn">
<arg>${\n}Error Message : ${err}</arg>
<doc>Logs the given message to the console.</doc>
<status status="PASS" start="2025-03-13T08:45:10.612147" elapsed="0.001446"/>
</kw>
<status status="PASS" start="2025-03-13T08:45:04.804010" elapsed="5.809885"/>
</branch>
<branch type="ELSE">
<kw name="general Wait Until" owner="generalFunct">
<arg>${errMessageLabel}</arg>
<status status="NOT RUN" start="2025-03-13T08:45:10.614547" elapsed="0.000097"/>
</kw>
<kw name="Get Text" owner="SeleniumLibrary">
<var>${err}</var>
<arg>${errMessageLabel}</arg>
<doc>Returns the text value of the element identified by ``locator``.</doc>
<status status="NOT RUN" start="2025-03-13T08:45:10.614983" elapsed="0.000076"/>
</kw>
<kw name="Set Global Variable" owner="BuiltIn">
<arg>${err_text}</arg>
<arg>${err}</arg>
<doc>Makes a variable available globally in all tests and suites.</doc>
<status status="NOT RUN" start="2025-03-13T08:45:10.615338" elapsed="0.000071"/>
</kw>
<kw name="Log To Console" owner="BuiltIn">
<arg>${\n}Error Message : ${err}</arg>
<doc>Logs the given message to the console.</doc>
<status status="NOT RUN" start="2025-03-13T08:45:10.615656" elapsed="0.000067"/>
</kw>
<status status="NOT RUN" start="2025-03-13T08:45:10.614118" elapsed="0.001708"/>
</branch>
<status status="PASS" start="2025-03-13T08:45:04.803974" elapsed="5.811945"/>
</if>
<status status="PASS" start="2025-03-13T08:45:04.774490" elapsed="5.841572"/>
</kw>
<kw name="And Should Be Equal" owner="BuiltIn">
<arg>${err_text}</arg>
<arg>No. handphone tidak terdaftar</arg>
<doc>Fails if the given objects are unequal.</doc>
<status status="PASS" start="2025-03-13T08:45:10.616340" elapsed="0.000433"/>
</kw>
<status status="PASS" start="2025-03-13T08:44:34.303854" elapsed="36.313105"/>
</kw>
<kw name="End Web Test" owner="web_eProc" type="TEARDOWN">
<kw name="Log" owner="BuiltIn">
<msg time="2025-03-13T08:45:10.618660" level="INFO">Suite teardown initiated</msg>
<arg>Suite teardown initiated</arg>
<doc>Logs the given message with the given level.</doc>
<status status="PASS" start="2025-03-13T08:45:10.618412" elapsed="0.000395"/>
</kw>
<kw name="Close Browser" owner="SeleniumLibrary">
<doc>Closes the current browser.</doc>
<status status="PASS" start="2025-03-13T08:45:10.619104" elapsed="2.203890"/>
</kw>
<doc>Closes the browser after all tests in the suite have run</doc>
<status status="PASS" start="2025-03-13T08:45:10.617786" elapsed="2.205677"/>
</kw>
<doc>This scenario test User login with no handphone not listed</doc>
<tag>1000s</tag>
<tag>login invalid</tag>
<tag>test</tag>
<status status="PASS" start="2025-03-13T08:44:26.472770" elapsed="46.351520"/>
</test>
<status status="PASS" start="2025-03-13T08:41:08.427487" elapsed="244.401524"/>
</suite>
<statistics>
<total>
<stat pass="6" fail="0" skip="0">All Tests</stat>
</total>
<tag>
<stat pass="6" fail="0" skip="0">1000s</stat>
<stat pass="1" fail="0" skip="0">home</stat>
<stat pass="5" fail="0" skip="0">login invalid</stat>
<stat pass="6" fail="0" skip="0">test</stat>
</tag>
<suite>
<stat name="Test Login" id="s1" pass="6" fail="0" skip="0">Test Login</stat>
</suite>
</statistics>
<errors>
</errors>
</robot>
