<?xml version="1.0" encoding="UTF-8"?>
<robot generator="Robot 7.1 (Python 3.12.5 on win32)" generated="2024-12-05T15:10:47.887116" rpa="false" schemaversion="5">
<suite id="s1" name="test detailProject PersetujuanAnggaran" source="C:\Users\admin\Documents\Automation\robotFramework\testSuite\Tim OP\test_detailProject_PersetujuanAnggaran.robot">
<test id="s1-t1" name="Tim OP click button Batalkan (Ya)" line="24">
<kw name="Begin Web Test" owner="web_eProc" type="SETUP">
<kw name="Open Browser" owner="SeleniumLibrary">
<msg time="2024-12-05T15:10:49.589236" level="INFO">Opening browser 'chrome' to base url 'about:blank'.</msg>
<arg>about:blank</arg>
<arg>${BROWSER}</arg>
<doc>Opens a new browser instance to the optional ``url``.</doc>
<status status="PASS" start="2024-12-05T15:10:49.588239" elapsed="2.489612"/>
</kw>
<kw name="Maximize Browser Window" owner="SeleniumLibrary">
<doc>Maximizes current browser window.</doc>
<status status="PASS" start="2024-12-05T15:10:52.078848" elapsed="0.055851"/>
</kw>
<kw name="Go To" owner="SeleniumLibrary">
<msg time="2024-12-05T15:10:52.135696" level="INFO">Opening url 'https://dev-proyek.1000saudara.com/Login'</msg>
<arg>${URL}</arg>
<doc>Navigates the current browser window to the provided ``url``.</doc>
<status status="PASS" start="2024-12-05T15:10:52.134699" elapsed="4.636272"/>
</kw>
<status status="PASS" start="2024-12-05T15:10:49.585212" elapsed="7.185759"/>
</kw>
<kw name="user click button batalkan (Ya)" owner="detailProject_PersetujuanAnggaran">
<kw name="Given User go to detail Project Page" owner="detailProject_PersetujuanAnggaran">
<kw name="Given User can access Home Login 1000s" owner="login">
<kw name="Then user go to home page E-Proc1000s" owner="pom_login_eProc">
<kw name="user visit E-Proc1000s Login Page" owner="pom_login_eProc">
<kw name="Get Location" owner="SeleniumLibrary">
<msg time="2024-12-05T15:10:56.784528" level="INFO">${current_url} = https://dev-proyek.1000saudara.com/Login</msg>
<var>${current_url}</var>
<doc>Returns the current browser window URL.</doc>
<status status="PASS" start="2024-12-05T15:10:56.774964" elapsed="0.009564"/>
</kw>
<kw name="Log" owner="BuiltIn">
<msg time="2024-12-05T15:10:56.785525" level="INFO">Current Path: https://dev-proyek.1000saudara.com/Login</msg>
<arg>Current Path: ${current_url}</arg>
<doc>Logs the given message with the given level.</doc>
<status status="PASS" start="2024-12-05T15:10:56.785525" elapsed="0.000000"/>
</kw>
<kw name="general return status" owner="generalFunct">
<kw name="Run Keyword And Return Status" owner="BuiltIn">
<kw name="Wait Until Element Is Visible" owner="SeleniumLibrary">
<msg time="2024-12-05T15:10:58.983661" level="INFO" html="true">&lt;/td&gt;&lt;/tr&gt;&lt;tr&gt;&lt;td colspan="3"&gt;&lt;a href="selenium-screenshot-455.png"&gt;&lt;img src="selenium-screenshot-455.png" width="800px"&gt;&lt;/a&gt;</msg>
<msg time="2024-12-05T15:10:58.983661" level="FAIL">Element 'xpath=//p[contains(text(), 'Log')]' not visible after 2 seconds.</msg>
<arg>${locator}</arg>
<arg>timeout=2s</arg>
<doc>Waits until the element ``locator`` is visible.</doc>
<status status="FAIL" start="2024-12-05T15:10:56.786522" elapsed="2.201129">Element 'xpath=//p[contains(text(), 'Log')]' not visible after 2 seconds.</status>
</kw>
<msg time="2024-12-05T15:10:58.987651" level="INFO">${res} = False</msg>
<var>${res}</var>
<arg>Wait Until Element Is Visible</arg>
<arg>${locator}</arg>
<arg>timeout=2s</arg>
<doc>Runs the given keyword with given arguments and returns the status as a Boolean value.</doc>
<status status="PASS" start="2024-12-05T15:10:56.786522" elapsed="2.201129"/>
</kw>
<return>
<value>${res}</value>
<status status="PASS" start="2024-12-05T15:10:58.988648" elapsed="0.000000"/>
</return>
<msg time="2024-12-05T15:10:58.988648" level="INFO">${res} = False</msg>
<var>${res}</var>
<arg>${headerLogin}</arg>
<status status="PASS" start="2024-12-05T15:10:56.786522" elapsed="2.203124"/>
</kw>
<while condition="${res} == $False">
<iter>
<kw name="Reload Page" owner="SeleniumLibrary">
<doc>Simulates user reloading page.</doc>
<status status="PASS" start="2024-12-05T15:10:58.990643" elapsed="2.679821"/>
</kw>
<kw name="Sleep" owner="BuiltIn">
<msg time="2024-12-05T15:11:03.171403" level="INFO">Slept 1 second 500 milliseconds.</msg>
<arg>1.5s</arg>
<doc>Pauses the test executed for the given time.</doc>
<status status="PASS" start="2024-12-05T15:11:01.670464" elapsed="1.500939"/>
</kw>
<kw name="general return status" owner="generalFunct">
<kw name="Run Keyword And Return Status" owner="BuiltIn">
<kw name="Wait Until Element Is Visible" owner="SeleniumLibrary">
<arg>${locator}</arg>
<arg>timeout=2s</arg>
<doc>Waits until the element ``locator`` is visible.</doc>
<status status="PASS" start="2024-12-05T15:11:03.172403" elapsed="1.193287"/>
</kw>
<msg time="2024-12-05T15:11:04.365690" level="INFO">${res} = True</msg>
<var>${res}</var>
<arg>Wait Until Element Is Visible</arg>
<arg>${locator}</arg>
<arg>timeout=2s</arg>
<doc>Runs the given keyword with given arguments and returns the status as a Boolean value.</doc>
<status status="PASS" start="2024-12-05T15:11:03.172403" elapsed="1.193287"/>
</kw>
<return>
<value>${res}</value>
<status status="PASS" start="2024-12-05T15:11:04.366687" elapsed="0.000000"/>
</return>
<msg time="2024-12-05T15:11:04.366687" level="INFO">${res} = True</msg>
<var>${res}</var>
<arg>${headerLogin}</arg>
<status status="PASS" start="2024-12-05T15:11:03.171403" elapsed="1.195284"/>
</kw>
<status status="PASS" start="2024-12-05T15:10:58.989646" elapsed="5.377041"/>
</iter>
<status status="PASS" start="2024-12-05T15:10:58.989646" elapsed="5.378039"/>
</while>
<status status="PASS" start="2024-12-05T15:10:56.774964" elapsed="7.592721"/>
</kw>
<kw name="user login E-Proc1000s Page" owner="pom_login_eProc">
<kw name="Wait Until Element Is Visible" owner="SeleniumLibrary">
<arg>${inputPassword}</arg>
<doc>Waits until the element ``locator`` is visible.</doc>
<status status="PASS" start="2024-12-05T15:11:04.368682" elapsed="0.047872"/>
</kw>
<kw name="Input Text" owner="SeleniumLibrary">
<msg time="2024-12-05T15:11:04.417551" level="INFO">Typing text '085210758864' into text field 'xpath=//input[@id='TxtPhone']'.</msg>
<arg>${inputUsername}</arg>
<arg>${ROLE_ADMIN}</arg>
<doc>Types the given ``text`` into the text field identified by ``locator``.</doc>
<status status="PASS" start="2024-12-05T15:11:04.417551" elapsed="0.707110"/>
</kw>
<kw name="Input Password" owner="SeleniumLibrary">
<msg time="2024-12-05T15:11:05.125658" level="INFO">Typing password into text field 'xpath=//input[@id='pwd']'.</msg>
<msg time="2024-12-05T15:11:05.183503" level="INFO">Temporally setting log level to: NONE</msg>
<arg>${inputPassword}</arg>
<arg>${PASSWORD}</arg>
<doc>Types the given password into the text field identified by ``locator``.</doc>
<status status="PASS" start="2024-12-05T15:11:05.125658" elapsed="0.372255"/>
</kw>
<kw name="Press Key" owner="SeleniumLibrary">
<arg>${inputPassword}</arg>
<arg>\\13</arg>
<doc>Simulates user pressing key on element identified by ``locator``.</doc>
<status status="PASS" start="2024-12-05T15:11:05.497913" elapsed="0.225354"/>
</kw>
<kw name="Wait Until Element Is Visible" owner="SeleniumLibrary">
<arg>${listFilter}</arg>
<doc>Waits until the element ``locator`` is visible.</doc>
<status status="PASS" start="2024-12-05T15:11:05.723267" elapsed="3.458130"/>
</kw>
<kw name="Sleep" owner="BuiltIn">
<msg time="2024-12-05T15:11:12.182845" level="INFO">Slept 3 seconds.</msg>
<arg>3</arg>
<doc>Pauses the test executed for the given time.</doc>
<status status="PASS" start="2024-12-05T15:11:09.182394" elapsed="3.000451"/>
</kw>
<status status="PASS" start="2024-12-05T15:11:04.368682" elapsed="7.814163"/>
</kw>
<kw name="Wait Until Element Is Visible" owner="SeleniumLibrary">
<arg>${listFilter}</arg>
<doc>Waits until the element ``locator`` is visible.</doc>
<status status="PASS" start="2024-12-05T15:11:12.183844" elapsed="0.046873"/>
</kw>
<kw name="Wait Until Element Is Visible" owner="SeleniumLibrary">
<arg>${titleProject}</arg>
<doc>Waits until the element ``locator`` is visible.</doc>
<status status="PASS" start="2024-12-05T15:11:12.231715" elapsed="0.043882"/>
</kw>
<kw name="Get Text" owner="SeleniumLibrary">
<msg time="2024-12-05T15:11:12.347405" level="INFO">${title} = Manajemen Project</msg>
<var>${title}</var>
<arg>${titleProject}</arg>
<doc>Returns the text value of the element identified by ``locator``.</doc>
<status status="PASS" start="2024-12-05T15:11:12.276594" elapsed="0.071808"/>
</kw>
<kw name="Log To Console" owner="BuiltIn">
<arg>${\n}${title}</arg>
<doc>Logs the given message to the console.</doc>
<status status="PASS" start="2024-12-05T15:11:12.348402" elapsed="0.001995"/>
</kw>
<status status="PASS" start="2024-12-05T15:10:56.773967" elapsed="15.576430"/>
</kw>
<status status="PASS" start="2024-12-05T15:10:56.773967" elapsed="15.577429"/>
</kw>
<kw name="When user click Detail on Project" owner="pom_detailProject_MenungguPersetujuan">
<kw name="Get Length" owner="BuiltIn">
<msg time="2024-12-05T15:11:12.353389" level="INFO">Length is 22.</msg>
<msg time="2024-12-05T15:11:12.353389" level="INFO">${len} = 22</msg>
<var>${len}</var>
<arg>xpath=//tbody/tr/td[5]</arg>
<doc>Returns and logs the length of the given item as an integer.</doc>
<status status="PASS" start="2024-12-05T15:11:12.352392" elapsed="0.000997"/>
</kw>
<kw name="Sleep" owner="BuiltIn">
<msg time="2024-12-05T15:11:15.355184" level="INFO">Slept 3 seconds.</msg>
<arg>3</arg>
<doc>Pauses the test executed for the given time.</doc>
<status status="PASS" start="2024-12-05T15:11:12.354386" elapsed="3.000798"/>
</kw>
<for flavor="IN RANGE">
<iter>
<kw name="general return status" owner="generalFunct">
<kw name="Run Keyword And Return Status" owner="BuiltIn">
<kw name="Wait Until Element Is Visible" owner="SeleniumLibrary">
<arg>${locator}</arg>
<arg>timeout=2s</arg>
<doc>Waits until the element ``locator`` is visible.</doc>
<status status="PASS" start="2024-12-05T15:11:15.357180" elapsed="0.033318"/>
</kw>
<msg time="2024-12-05T15:11:15.390498" level="INFO">${res} = True</msg>
<var>${res}</var>
<arg>Wait Until Element Is Visible</arg>
<arg>${locator}</arg>
<arg>timeout=2s</arg>
<doc>Runs the given keyword with given arguments and returns the status as a Boolean value.</doc>
<status status="PASS" start="2024-12-05T15:11:15.357180" elapsed="0.033318"/>
</kw>
<return>
<value>${res}</value>
<status status="PASS" start="2024-12-05T15:11:15.390498" elapsed="0.000000"/>
</return>
<msg time="2024-12-05T15:11:15.390498" level="INFO">${res} = True</msg>
<var>${res}</var>
<arg>xpath=//tbody/tr/td[5]//div[contains(.,'${textStatus}')]</arg>
<status status="PASS" start="2024-12-05T15:11:15.356186" elapsed="0.034312"/>
</kw>
<if>
<branch type="IF" condition="${res}">
<kw name="check in project list" owner="pom_detailProject_MenungguPersetujuan">
<for flavor="IN RANGE">
<iter>
<kw name="general return status" owner="generalFunct">
<kw name="Run Keyword And Return Status" owner="BuiltIn">
<kw name="Wait Until Element Is Visible" owner="SeleniumLibrary">
<msg time="2024-12-05T15:11:17.654325" level="INFO" html="true">&lt;/td&gt;&lt;/tr&gt;&lt;tr&gt;&lt;td colspan="3"&gt;&lt;a href="selenium-screenshot-456.png"&gt;&lt;img src="selenium-screenshot-456.png" width="800px"&gt;&lt;/a&gt;</msg>
<msg time="2024-12-05T15:11:17.655326" level="FAIL">Element 'xpath=//tbody/tr[1]/td[5]//div[contains(.,'Persetujuan anggaran')]' not visible after 2 seconds.</msg>
<arg>${locator}</arg>
<arg>timeout=2s</arg>
<doc>Waits until the element ``locator`` is visible.</doc>
<status status="FAIL" start="2024-12-05T15:11:15.393490" elapsed="2.262829">Element 'xpath=//tbody/tr[1]/td[5]//div[contains(.,'Persetujuan anggaran')]' not visible after 2 seconds.</status>
</kw>
<msg time="2024-12-05T15:11:17.656319" level="INFO">${res} = False</msg>
<var>${res}</var>
<arg>Wait Until Element Is Visible</arg>
<arg>${locator}</arg>
<arg>timeout=2s</arg>
<doc>Runs the given keyword with given arguments and returns the status as a Boolean value.</doc>
<status status="PASS" start="2024-12-05T15:11:15.392492" elapsed="2.263827"/>
</kw>
<return>
<value>${res}</value>
<status status="PASS" start="2024-12-05T15:11:17.656319" elapsed="0.000000"/>
</return>
<msg time="2024-12-05T15:11:17.656319" level="INFO">${res} = False</msg>
<var>${res}</var>
<arg>xpath=//tbody/tr[${counter}]/td[5]//div[contains(.,'${textStatusProject}')]</arg>
<status status="PASS" start="2024-12-05T15:11:15.392492" elapsed="2.264825"/>
</kw>
<if>
<branch type="IF" condition="${res}">
<kw name="Get Text" owner="SeleniumLibrary">
<var>${text}</var>
<arg>xpath=//tbody/tr[${counter}]/td[1]</arg>
<doc>Returns the text value of the element identified by ``locator``.</doc>
<status status="NOT RUN" start="2024-12-05T15:11:17.657317" elapsed="0.000000"/>
</kw>
<kw name="Get Text" owner="SeleniumLibrary">
<var>${status}</var>
<arg>xpath=//tbody/tr[${counter}]/td[5]</arg>
<doc>Returns the text value of the element identified by ``locator``.</doc>
<status status="NOT RUN" start="2024-12-05T15:11:17.657317" elapsed="0.000000"/>
</kw>
<kw name="user click element" owner="generalFunct">
<arg>xpath=//tbody/tr[${counter}]/td[6]</arg>
<status status="NOT RUN" start="2024-12-05T15:11:17.657317" elapsed="0.000996"/>
</kw>
<kw name="general Wait Until" owner="generalFunct">
<arg>xpath=//span[normalize-space()='Detail Project']</arg>
<status status="NOT RUN" start="2024-12-05T15:11:17.658313" elapsed="0.000000"/>
</kw>
<kw name="general Wait Until" owner="generalFunct">
<arg>${namaProject_onDetailPage}</arg>
<status status="NOT RUN" start="2024-12-05T15:11:17.658313" elapsed="0.000000"/>
</kw>
<kw name="Get Text" owner="SeleniumLibrary">
<var>${nameProject}</var>
<arg>${namaProject_onDetailPage}</arg>
<doc>Returns the text value of the element identified by ``locator``.</doc>
<status status="NOT RUN" start="2024-12-05T15:11:17.658313" elapsed="0.000000"/>
</kw>
<kw name="Get Text" owner="SeleniumLibrary">
<var>${status_onDetailPage}</var>
<arg>${statusProject}</arg>
<doc>Returns the text value of the element identified by ``locator``.</doc>
<status status="NOT RUN" start="2024-12-05T15:11:17.658313" elapsed="0.000000"/>
</kw>
<kw name="Log To Console" owner="BuiltIn">
<arg>Nama Project: ${nameProject}</arg>
<doc>Logs the given message to the console.</doc>
<status status="NOT RUN" start="2024-12-05T15:11:17.659310" elapsed="0.000000"/>
</kw>
<kw name="Log To Console" owner="BuiltIn">
<arg>Status Project: ${status_onDetailPage}</arg>
<doc>Logs the given message to the console.</doc>
<status status="NOT RUN" start="2024-12-05T15:11:17.659310" elapsed="0.000000"/>
</kw>
<kw name="Set Global Variable" owner="BuiltIn">
<arg>${nameProject_MenungguPersetujuan}</arg>
<arg>${nameProject}</arg>
<doc>Makes a variable available globally in all tests and suites.</doc>
<status status="NOT RUN" start="2024-12-05T15:11:17.659310" elapsed="0.000000"/>
</kw>
<kw name="Should Be Equal" owner="BuiltIn">
<arg>${nameProject}</arg>
<arg>${text}</arg>
<doc>Fails if the given objects are unequal.</doc>
<status status="NOT RUN" start="2024-12-05T15:11:17.659310" elapsed="0.000000"/>
</kw>
<kw name="Should Be Equal" owner="BuiltIn">
<arg>${status_onDetailPage}</arg>
<arg>${status}</arg>
<doc>Fails if the given objects are unequal.</doc>
<status status="NOT RUN" start="2024-12-05T15:11:17.659310" elapsed="0.000000"/>
</kw>
<kw name="Exit For Loop" owner="BuiltIn">
<doc>Stops executing the enclosing FOR loop.</doc>
<status status="NOT RUN" start="2024-12-05T15:11:17.660307" elapsed="0.000000"/>
</kw>
<status status="NOT RUN" start="2024-12-05T15:11:17.657317" elapsed="0.002990"/>
</branch>
<status status="PASS" start="2024-12-05T15:11:17.657317" elapsed="0.002990"/>
</if>
<var name="${counter}">1</var>
<status status="PASS" start="2024-12-05T15:11:15.392492" elapsed="2.267815"/>
</iter>
<iter>
<kw name="general return status" owner="generalFunct">
<kw name="Run Keyword And Return Status" owner="BuiltIn">
<kw name="Wait Until Element Is Visible" owner="SeleniumLibrary">
<msg time="2024-12-05T15:11:19.919827" level="INFO" html="true">&lt;/td&gt;&lt;/tr&gt;&lt;tr&gt;&lt;td colspan="3"&gt;&lt;a href="selenium-screenshot-457.png"&gt;&lt;img src="selenium-screenshot-457.png" width="800px"&gt;&lt;/a&gt;</msg>
<msg time="2024-12-05T15:11:19.919827" level="FAIL">Element 'xpath=//tbody/tr[2]/td[5]//div[contains(.,'Persetujuan anggaran')]' not visible after 2 seconds.</msg>
<arg>${locator}</arg>
<arg>timeout=2s</arg>
<doc>Waits until the element ``locator`` is visible.</doc>
<status status="FAIL" start="2024-12-05T15:11:17.661304" elapsed="2.259521">Element 'xpath=//tbody/tr[2]/td[5]//div[contains(.,'Persetujuan anggaran')]' not visible after 2 seconds.</status>
</kw>
<msg time="2024-12-05T15:11:19.921821" level="INFO">${res} = False</msg>
<var>${res}</var>
<arg>Wait Until Element Is Visible</arg>
<arg>${locator}</arg>
<arg>timeout=2s</arg>
<doc>Runs the given keyword with given arguments and returns the status as a Boolean value.</doc>
<status status="PASS" start="2024-12-05T15:11:17.661304" elapsed="2.260517"/>
</kw>
<return>
<value>${res}</value>
<status status="PASS" start="2024-12-05T15:11:19.921821" elapsed="0.000000"/>
</return>
<msg time="2024-12-05T15:11:19.921821" level="INFO">${res} = False</msg>
<var>${res}</var>
<arg>xpath=//tbody/tr[${counter}]/td[5]//div[contains(.,'${textStatusProject}')]</arg>
<status status="PASS" start="2024-12-05T15:11:17.661304" elapsed="2.260517"/>
</kw>
<if>
<branch type="IF" condition="${res}">
<kw name="Get Text" owner="SeleniumLibrary">
<var>${text}</var>
<arg>xpath=//tbody/tr[${counter}]/td[1]</arg>
<doc>Returns the text value of the element identified by ``locator``.</doc>
<status status="NOT RUN" start="2024-12-05T15:11:19.921821" elapsed="0.000997"/>
</kw>
<kw name="Get Text" owner="SeleniumLibrary">
<var>${status}</var>
<arg>xpath=//tbody/tr[${counter}]/td[5]</arg>
<doc>Returns the text value of the element identified by ``locator``.</doc>
<status status="NOT RUN" start="2024-12-05T15:11:19.922818" elapsed="0.000000"/>
</kw>
<kw name="user click element" owner="generalFunct">
<arg>xpath=//tbody/tr[${counter}]/td[6]</arg>
<status status="NOT RUN" start="2024-12-05T15:11:19.922818" elapsed="0.000000"/>
</kw>
<kw name="general Wait Until" owner="generalFunct">
<arg>xpath=//span[normalize-space()='Detail Project']</arg>
<status status="NOT RUN" start="2024-12-05T15:11:19.922818" elapsed="0.000000"/>
</kw>
<kw name="general Wait Until" owner="generalFunct">
<arg>${namaProject_onDetailPage}</arg>
<status status="NOT RUN" start="2024-12-05T15:11:19.922818" elapsed="0.000996"/>
</kw>
<kw name="Get Text" owner="SeleniumLibrary">
<var>${nameProject}</var>
<arg>${namaProject_onDetailPage}</arg>
<doc>Returns the text value of the element identified by ``locator``.</doc>
<status status="NOT RUN" start="2024-12-05T15:11:19.923814" elapsed="0.000000"/>
</kw>
<kw name="Get Text" owner="SeleniumLibrary">
<var>${status_onDetailPage}</var>
<arg>${statusProject}</arg>
<doc>Returns the text value of the element identified by ``locator``.</doc>
<status status="NOT RUN" start="2024-12-05T15:11:19.923814" elapsed="0.000000"/>
</kw>
<kw name="Log To Console" owner="BuiltIn">
<arg>Nama Project: ${nameProject}</arg>
<doc>Logs the given message to the console.</doc>
<status status="NOT RUN" start="2024-12-05T15:11:19.923814" elapsed="0.000000"/>
</kw>
<kw name="Log To Console" owner="BuiltIn">
<arg>Status Project: ${status_onDetailPage}</arg>
<doc>Logs the given message to the console.</doc>
<status status="NOT RUN" start="2024-12-05T15:11:19.923814" elapsed="0.000000"/>
</kw>
<kw name="Set Global Variable" owner="BuiltIn">
<arg>${nameProject_MenungguPersetujuan}</arg>
<arg>${nameProject}</arg>
<doc>Makes a variable available globally in all tests and suites.</doc>
<status status="NOT RUN" start="2024-12-05T15:11:19.924812" elapsed="0.000000"/>
</kw>
<kw name="Should Be Equal" owner="BuiltIn">
<arg>${nameProject}</arg>
<arg>${text}</arg>
<doc>Fails if the given objects are unequal.</doc>
<status status="NOT RUN" start="2024-12-05T15:11:19.924812" elapsed="0.000000"/>
</kw>
<kw name="Should Be Equal" owner="BuiltIn">
<arg>${status_onDetailPage}</arg>
<arg>${status}</arg>
<doc>Fails if the given objects are unequal.</doc>
<status status="NOT RUN" start="2024-12-05T15:11:19.924812" elapsed="0.000000"/>
</kw>
<kw name="Exit For Loop" owner="BuiltIn">
<doc>Stops executing the enclosing FOR loop.</doc>
<status status="NOT RUN" start="2024-12-05T15:11:19.924812" elapsed="0.000000"/>
</kw>
<status status="NOT RUN" start="2024-12-05T15:11:19.921821" elapsed="0.002991"/>
</branch>
<status status="PASS" start="2024-12-05T15:11:19.921821" elapsed="0.002991"/>
</if>
<var name="${counter}">2</var>
<status status="PASS" start="2024-12-05T15:11:17.660307" elapsed="2.264505"/>
</iter>
<iter>
<kw name="general return status" owner="generalFunct">
<kw name="Run Keyword And Return Status" owner="BuiltIn">
<kw name="Wait Until Element Is Visible" owner="SeleniumLibrary">
<msg time="2024-12-05T15:11:22.211440" level="INFO" html="true">&lt;/td&gt;&lt;/tr&gt;&lt;tr&gt;&lt;td colspan="3"&gt;&lt;a href="selenium-screenshot-458.png"&gt;&lt;img src="selenium-screenshot-458.png" width="800px"&gt;&lt;/a&gt;</msg>
<msg time="2024-12-05T15:11:22.211440" level="FAIL">Element 'xpath=//tbody/tr[3]/td[5]//div[contains(.,'Persetujuan anggaran')]' not visible after 2 seconds.</msg>
<arg>${locator}</arg>
<arg>timeout=2s</arg>
<doc>Waits until the element ``locator`` is visible.</doc>
<status status="FAIL" start="2024-12-05T15:11:19.926807" elapsed="2.285630">Element 'xpath=//tbody/tr[3]/td[5]//div[contains(.,'Persetujuan anggaran')]' not visible after 2 seconds.</status>
</kw>
<msg time="2024-12-05T15:11:22.212437" level="INFO">${res} = False</msg>
<var>${res}</var>
<arg>Wait Until Element Is Visible</arg>
<arg>${locator}</arg>
<arg>timeout=2s</arg>
<doc>Runs the given keyword with given arguments and returns the status as a Boolean value.</doc>
<status status="PASS" start="2024-12-05T15:11:19.925810" elapsed="2.287626"/>
</kw>
<return>
<value>${res}</value>
<status status="PASS" start="2024-12-05T15:11:22.213436" elapsed="0.000000"/>
</return>
<msg time="2024-12-05T15:11:22.213436" level="INFO">${res} = False</msg>
<var>${res}</var>
<arg>xpath=//tbody/tr[${counter}]/td[5]//div[contains(.,'${textStatusProject}')]</arg>
<status status="PASS" start="2024-12-05T15:11:19.925810" elapsed="2.287626"/>
</kw>
<if>
<branch type="IF" condition="${res}">
<kw name="Get Text" owner="SeleniumLibrary">
<var>${text}</var>
<arg>xpath=//tbody/tr[${counter}]/td[1]</arg>
<doc>Returns the text value of the element identified by ``locator``.</doc>
<status status="NOT RUN" start="2024-12-05T15:11:22.214444" elapsed="0.000000"/>
</kw>
<kw name="Get Text" owner="SeleniumLibrary">
<var>${status}</var>
<arg>xpath=//tbody/tr[${counter}]/td[5]</arg>
<doc>Returns the text value of the element identified by ``locator``.</doc>
<status status="NOT RUN" start="2024-12-05T15:11:22.214444" elapsed="0.000000"/>
</kw>
<kw name="user click element" owner="generalFunct">
<arg>xpath=//tbody/tr[${counter}]/td[6]</arg>
<status status="NOT RUN" start="2024-12-05T15:11:22.214444" elapsed="0.000984"/>
</kw>
<kw name="general Wait Until" owner="generalFunct">
<arg>xpath=//span[normalize-space()='Detail Project']</arg>
<status status="NOT RUN" start="2024-12-05T15:11:22.215428" elapsed="0.000000"/>
</kw>
<kw name="general Wait Until" owner="generalFunct">
<arg>${namaProject_onDetailPage}</arg>
<status status="NOT RUN" start="2024-12-05T15:11:22.215428" elapsed="0.000000"/>
</kw>
<kw name="Get Text" owner="SeleniumLibrary">
<var>${nameProject}</var>
<arg>${namaProject_onDetailPage}</arg>
<doc>Returns the text value of the element identified by ``locator``.</doc>
<status status="NOT RUN" start="2024-12-05T15:11:22.215428" elapsed="0.000000"/>
</kw>
<kw name="Get Text" owner="SeleniumLibrary">
<var>${status_onDetailPage}</var>
<arg>${statusProject}</arg>
<doc>Returns the text value of the element identified by ``locator``.</doc>
<status status="NOT RUN" start="2024-12-05T15:11:22.215428" elapsed="0.000000"/>
</kw>
<kw name="Log To Console" owner="BuiltIn">
<arg>Nama Project: ${nameProject}</arg>
<doc>Logs the given message to the console.</doc>
<status status="NOT RUN" start="2024-12-05T15:11:22.216425" elapsed="0.000000"/>
</kw>
<kw name="Log To Console" owner="BuiltIn">
<arg>Status Project: ${status_onDetailPage}</arg>
<doc>Logs the given message to the console.</doc>
<status status="NOT RUN" start="2024-12-05T15:11:22.216425" elapsed="0.000000"/>
</kw>
<kw name="Set Global Variable" owner="BuiltIn">
<arg>${nameProject_MenungguPersetujuan}</arg>
<arg>${nameProject}</arg>
<doc>Makes a variable available globally in all tests and suites.</doc>
<status status="NOT RUN" start="2024-12-05T15:11:22.216425" elapsed="0.000000"/>
</kw>
<kw name="Should Be Equal" owner="BuiltIn">
<arg>${nameProject}</arg>
<arg>${text}</arg>
<doc>Fails if the given objects are unequal.</doc>
<status status="NOT RUN" start="2024-12-05T15:11:22.216425" elapsed="0.000000"/>
</kw>
<kw name="Should Be Equal" owner="BuiltIn">
<arg>${status_onDetailPage}</arg>
<arg>${status}</arg>
<doc>Fails if the given objects are unequal.</doc>
<status status="NOT RUN" start="2024-12-05T15:11:22.217422" elapsed="0.000000"/>
</kw>
<kw name="Exit For Loop" owner="BuiltIn">
<doc>Stops executing the enclosing FOR loop.</doc>
<status status="NOT RUN" start="2024-12-05T15:11:22.217422" elapsed="0.000000"/>
</kw>
<status status="NOT RUN" start="2024-12-05T15:11:22.213436" elapsed="0.003986"/>
</branch>
<status status="PASS" start="2024-12-05T15:11:22.213436" elapsed="0.003986"/>
</if>
<var name="${counter}">3</var>
<status status="PASS" start="2024-12-05T15:11:19.925810" elapsed="2.291612"/>
</iter>
<iter>
<kw name="general return status" owner="generalFunct">
<kw name="Run Keyword And Return Status" owner="BuiltIn">
<kw name="Wait Until Element Is Visible" owner="SeleniumLibrary">
<msg time="2024-12-05T15:11:24.483146" level="INFO" html="true">&lt;/td&gt;&lt;/tr&gt;&lt;tr&gt;&lt;td colspan="3"&gt;&lt;a href="selenium-screenshot-459.png"&gt;&lt;img src="selenium-screenshot-459.png" width="800px"&gt;&lt;/a&gt;</msg>
<msg time="2024-12-05T15:11:24.484147" level="FAIL">Element 'xpath=//tbody/tr[4]/td[5]//div[contains(.,'Persetujuan anggaran')]' not visible after 2 seconds.</msg>
<arg>${locator}</arg>
<arg>timeout=2s</arg>
<doc>Waits until the element ``locator`` is visible.</doc>
<status status="FAIL" start="2024-12-05T15:11:22.219418" elapsed="2.265726">Element 'xpath=//tbody/tr[4]/td[5]//div[contains(.,'Persetujuan anggaran')]' not visible after 2 seconds.</status>
</kw>
<msg time="2024-12-05T15:11:24.485144" level="INFO">${res} = False</msg>
<var>${res}</var>
<arg>Wait Until Element Is Visible</arg>
<arg>${locator}</arg>
<arg>timeout=2s</arg>
<doc>Runs the given keyword with given arguments and returns the status as a Boolean value.</doc>
<status status="PASS" start="2024-12-05T15:11:22.219418" elapsed="2.266724"/>
</kw>
<return>
<value>${res}</value>
<status status="PASS" start="2024-12-05T15:11:24.486142" elapsed="0.000000"/>
</return>
<msg time="2024-12-05T15:11:24.486142" level="INFO">${res} = False</msg>
<var>${res}</var>
<arg>xpath=//tbody/tr[${counter}]/td[5]//div[contains(.,'${textStatusProject}')]</arg>
<status status="PASS" start="2024-12-05T15:11:22.217422" elapsed="2.268720"/>
</kw>
<if>
<branch type="IF" condition="${res}">
<kw name="Get Text" owner="SeleniumLibrary">
<var>${text}</var>
<arg>xpath=//tbody/tr[${counter}]/td[1]</arg>
<doc>Returns the text value of the element identified by ``locator``.</doc>
<status status="NOT RUN" start="2024-12-05T15:11:24.486142" elapsed="0.000000"/>
</kw>
<kw name="Get Text" owner="SeleniumLibrary">
<var>${status}</var>
<arg>xpath=//tbody/tr[${counter}]/td[5]</arg>
<doc>Returns the text value of the element identified by ``locator``.</doc>
<status status="NOT RUN" start="2024-12-05T15:11:24.487178" elapsed="0.000000"/>
</kw>
<kw name="user click element" owner="generalFunct">
<arg>xpath=//tbody/tr[${counter}]/td[6]</arg>
<status status="NOT RUN" start="2024-12-05T15:11:24.487178" elapsed="0.000000"/>
</kw>
<kw name="general Wait Until" owner="generalFunct">
<arg>xpath=//span[normalize-space()='Detail Project']</arg>
<status status="NOT RUN" start="2024-12-05T15:11:24.487178" elapsed="0.000000"/>
</kw>
<kw name="general Wait Until" owner="generalFunct">
<arg>${namaProject_onDetailPage}</arg>
<status status="NOT RUN" start="2024-12-05T15:11:24.487178" elapsed="0.000000"/>
</kw>
<kw name="Get Text" owner="SeleniumLibrary">
<var>${nameProject}</var>
<arg>${namaProject_onDetailPage}</arg>
<doc>Returns the text value of the element identified by ``locator``.</doc>
<status status="NOT RUN" start="2024-12-05T15:11:24.488177" elapsed="0.000000"/>
</kw>
<kw name="Get Text" owner="SeleniumLibrary">
<var>${status_onDetailPage}</var>
<arg>${statusProject}</arg>
<doc>Returns the text value of the element identified by ``locator``.</doc>
<status status="NOT RUN" start="2024-12-05T15:11:24.488177" elapsed="0.000000"/>
</kw>
<kw name="Log To Console" owner="BuiltIn">
<arg>Nama Project: ${nameProject}</arg>
<doc>Logs the given message to the console.</doc>
<status status="NOT RUN" start="2024-12-05T15:11:24.488177" elapsed="0.000000"/>
</kw>
<kw name="Log To Console" owner="BuiltIn">
<arg>Status Project: ${status_onDetailPage}</arg>
<doc>Logs the given message to the console.</doc>
<status status="NOT RUN" start="2024-12-05T15:11:24.488177" elapsed="0.000000"/>
</kw>
<kw name="Set Global Variable" owner="BuiltIn">
<arg>${nameProject_MenungguPersetujuan}</arg>
<arg>${nameProject}</arg>
<doc>Makes a variable available globally in all tests and suites.</doc>
<status status="NOT RUN" start="2024-12-05T15:11:24.488177" elapsed="0.000000"/>
</kw>
<kw name="Should Be Equal" owner="BuiltIn">
<arg>${nameProject}</arg>
<arg>${text}</arg>
<doc>Fails if the given objects are unequal.</doc>
<status status="NOT RUN" start="2024-12-05T15:11:24.489172" elapsed="0.000000"/>
</kw>
<kw name="Should Be Equal" owner="BuiltIn">
<arg>${status_onDetailPage}</arg>
<arg>${status}</arg>
<doc>Fails if the given objects are unequal.</doc>
<status status="NOT RUN" start="2024-12-05T15:11:24.489172" elapsed="0.000000"/>
</kw>
<kw name="Exit For Loop" owner="BuiltIn">
<doc>Stops executing the enclosing FOR loop.</doc>
<status status="NOT RUN" start="2024-12-05T15:11:24.489172" elapsed="0.000000"/>
</kw>
<status status="NOT RUN" start="2024-12-05T15:11:24.486142" elapsed="0.003030"/>
</branch>
<status status="PASS" start="2024-12-05T15:11:24.486142" elapsed="0.003030"/>
</if>
<var name="${counter}">4</var>
<status status="PASS" start="2024-12-05T15:11:22.217422" elapsed="2.271750"/>
</iter>
<iter>
<kw name="general return status" owner="generalFunct">
<kw name="Run Keyword And Return Status" owner="BuiltIn">
<kw name="Wait Until Element Is Visible" owner="SeleniumLibrary">
<msg time="2024-12-05T15:11:26.769743" level="INFO" html="true">&lt;/td&gt;&lt;/tr&gt;&lt;tr&gt;&lt;td colspan="3"&gt;&lt;a href="selenium-screenshot-460.png"&gt;&lt;img src="selenium-screenshot-460.png" width="800px"&gt;&lt;/a&gt;</msg>
<msg time="2024-12-05T15:11:26.770745" level="FAIL">Element 'xpath=//tbody/tr[5]/td[5]//div[contains(.,'Persetujuan anggaran')]' not visible after 2 seconds.</msg>
<arg>${locator}</arg>
<arg>timeout=2s</arg>
<doc>Waits until the element ``locator`` is visible.</doc>
<status status="FAIL" start="2024-12-05T15:11:24.490174" elapsed="2.281567">Element 'xpath=//tbody/tr[5]/td[5]//div[contains(.,'Persetujuan anggaran')]' not visible after 2 seconds.</status>
</kw>
<msg time="2024-12-05T15:11:26.771741" level="INFO">${res} = False</msg>
<var>${res}</var>
<arg>Wait Until Element Is Visible</arg>
<arg>${locator}</arg>
<arg>timeout=2s</arg>
<doc>Runs the given keyword with given arguments and returns the status as a Boolean value.</doc>
<status status="PASS" start="2024-12-05T15:11:24.490174" elapsed="2.281567"/>
</kw>
<return>
<value>${res}</value>
<status status="PASS" start="2024-12-05T15:11:26.771741" elapsed="0.000000"/>
</return>
<msg time="2024-12-05T15:11:26.771741" level="INFO">${res} = False</msg>
<var>${res}</var>
<arg>xpath=//tbody/tr[${counter}]/td[5]//div[contains(.,'${textStatusProject}')]</arg>
<status status="PASS" start="2024-12-05T15:11:24.490174" elapsed="2.281567"/>
</kw>
<if>
<branch type="IF" condition="${res}">
<kw name="Get Text" owner="SeleniumLibrary">
<var>${text}</var>
<arg>xpath=//tbody/tr[${counter}]/td[1]</arg>
<doc>Returns the text value of the element identified by ``locator``.</doc>
<status status="NOT RUN" start="2024-12-05T15:11:26.772781" elapsed="0.000000"/>
</kw>
<kw name="Get Text" owner="SeleniumLibrary">
<var>${status}</var>
<arg>xpath=//tbody/tr[${counter}]/td[5]</arg>
<doc>Returns the text value of the element identified by ``locator``.</doc>
<status status="NOT RUN" start="2024-12-05T15:11:26.772781" elapsed="0.000000"/>
</kw>
<kw name="user click element" owner="generalFunct">
<arg>xpath=//tbody/tr[${counter}]/td[6]</arg>
<status status="NOT RUN" start="2024-12-05T15:11:26.772781" elapsed="0.000000"/>
</kw>
<kw name="general Wait Until" owner="generalFunct">
<arg>xpath=//span[normalize-space()='Detail Project']</arg>
<status status="NOT RUN" start="2024-12-05T15:11:26.772781" elapsed="0.000996"/>
</kw>
<kw name="general Wait Until" owner="generalFunct">
<arg>${namaProject_onDetailPage}</arg>
<status status="NOT RUN" start="2024-12-05T15:11:26.773777" elapsed="0.000000"/>
</kw>
<kw name="Get Text" owner="SeleniumLibrary">
<var>${nameProject}</var>
<arg>${namaProject_onDetailPage}</arg>
<doc>Returns the text value of the element identified by ``locator``.</doc>
<status status="NOT RUN" start="2024-12-05T15:11:26.773777" elapsed="0.000000"/>
</kw>
<kw name="Get Text" owner="SeleniumLibrary">
<var>${status_onDetailPage}</var>
<arg>${statusProject}</arg>
<doc>Returns the text value of the element identified by ``locator``.</doc>
<status status="NOT RUN" start="2024-12-05T15:11:26.773777" elapsed="0.000000"/>
</kw>
<kw name="Log To Console" owner="BuiltIn">
<arg>Nama Project: ${nameProject}</arg>
<doc>Logs the given message to the console.</doc>
<status status="NOT RUN" start="2024-12-05T15:11:26.773777" elapsed="0.000000"/>
</kw>
<kw name="Log To Console" owner="BuiltIn">
<arg>Status Project: ${status_onDetailPage}</arg>
<doc>Logs the given message to the console.</doc>
<status status="NOT RUN" start="2024-12-05T15:11:26.774774" elapsed="0.000000"/>
</kw>
<kw name="Set Global Variable" owner="BuiltIn">
<arg>${nameProject_MenungguPersetujuan}</arg>
<arg>${nameProject}</arg>
<doc>Makes a variable available globally in all tests and suites.</doc>
<status status="NOT RUN" start="2024-12-05T15:11:26.774774" elapsed="0.000000"/>
</kw>
<kw name="Should Be Equal" owner="BuiltIn">
<arg>${nameProject}</arg>
<arg>${text}</arg>
<doc>Fails if the given objects are unequal.</doc>
<status status="NOT RUN" start="2024-12-05T15:11:26.774774" elapsed="0.000000"/>
</kw>
<kw name="Should Be Equal" owner="BuiltIn">
<arg>${status_onDetailPage}</arg>
<arg>${status}</arg>
<doc>Fails if the given objects are unequal.</doc>
<status status="NOT RUN" start="2024-12-05T15:11:26.774774" elapsed="0.000000"/>
</kw>
<kw name="Exit For Loop" owner="BuiltIn">
<doc>Stops executing the enclosing FOR loop.</doc>
<status status="NOT RUN" start="2024-12-05T15:11:26.774774" elapsed="0.000000"/>
</kw>
<status status="NOT RUN" start="2024-12-05T15:11:26.771741" elapsed="0.004031"/>
</branch>
<status status="PASS" start="2024-12-05T15:11:26.771741" elapsed="0.004031"/>
</if>
<var name="${counter}">5</var>
<status status="PASS" start="2024-12-05T15:11:24.489172" elapsed="2.286600"/>
</iter>
<iter>
<kw name="general return status" owner="generalFunct">
<kw name="Run Keyword And Return Status" owner="BuiltIn">
<kw name="Wait Until Element Is Visible" owner="SeleniumLibrary">
<msg time="2024-12-05T15:11:29.042697" level="INFO" html="true">&lt;/td&gt;&lt;/tr&gt;&lt;tr&gt;&lt;td colspan="3"&gt;&lt;a href="selenium-screenshot-461.png"&gt;&lt;img src="selenium-screenshot-461.png" width="800px"&gt;&lt;/a&gt;</msg>
<msg time="2024-12-05T15:11:29.042697" level="FAIL">Element 'xpath=//tbody/tr[6]/td[5]//div[contains(.,'Persetujuan anggaran')]' not visible after 2 seconds.</msg>
<arg>${locator}</arg>
<arg>timeout=2s</arg>
<doc>Waits until the element ``locator`` is visible.</doc>
<status status="FAIL" start="2024-12-05T15:11:26.776769" elapsed="2.266924">Element 'xpath=//tbody/tr[6]/td[5]//div[contains(.,'Persetujuan anggaran')]' not visible after 2 seconds.</status>
</kw>
<msg time="2024-12-05T15:11:29.044690" level="INFO">${res} = False</msg>
<var>${res}</var>
<arg>Wait Until Element Is Visible</arg>
<arg>${locator}</arg>
<arg>timeout=2s</arg>
<doc>Runs the given keyword with given arguments and returns the status as a Boolean value.</doc>
<status status="PASS" start="2024-12-05T15:11:26.776769" elapsed="2.267921"/>
</kw>
<return>
<value>${res}</value>
<status status="PASS" start="2024-12-05T15:11:29.044690" elapsed="0.000000"/>
</return>
<msg time="2024-12-05T15:11:29.044690" level="INFO">${res} = False</msg>
<var>${res}</var>
<arg>xpath=//tbody/tr[${counter}]/td[5]//div[contains(.,'${textStatusProject}')]</arg>
<status status="PASS" start="2024-12-05T15:11:26.775772" elapsed="2.268918"/>
</kw>
<if>
<branch type="IF" condition="${res}">
<kw name="Get Text" owner="SeleniumLibrary">
<var>${text}</var>
<arg>xpath=//tbody/tr[${counter}]/td[1]</arg>
<doc>Returns the text value of the element identified by ``locator``.</doc>
<status status="NOT RUN" start="2024-12-05T15:11:29.044690" elapsed="0.000000"/>
</kw>
<kw name="Get Text" owner="SeleniumLibrary">
<var>${status}</var>
<arg>xpath=//tbody/tr[${counter}]/td[5]</arg>
<doc>Returns the text value of the element identified by ``locator``.</doc>
<status status="NOT RUN" start="2024-12-05T15:11:29.045727" elapsed="0.000000"/>
</kw>
<kw name="user click element" owner="generalFunct">
<arg>xpath=//tbody/tr[${counter}]/td[6]</arg>
<status status="NOT RUN" start="2024-12-05T15:11:29.045727" elapsed="0.000000"/>
</kw>
<kw name="general Wait Until" owner="generalFunct">
<arg>xpath=//span[normalize-space()='Detail Project']</arg>
<status status="NOT RUN" start="2024-12-05T15:11:29.045727" elapsed="0.000000"/>
</kw>
<kw name="general Wait Until" owner="generalFunct">
<arg>${namaProject_onDetailPage}</arg>
<status status="NOT RUN" start="2024-12-05T15:11:29.046722" elapsed="0.000000"/>
</kw>
<kw name="Get Text" owner="SeleniumLibrary">
<var>${nameProject}</var>
<arg>${namaProject_onDetailPage}</arg>
<doc>Returns the text value of the element identified by ``locator``.</doc>
<status status="NOT RUN" start="2024-12-05T15:11:29.046722" elapsed="0.000000"/>
</kw>
<kw name="Get Text" owner="SeleniumLibrary">
<var>${status_onDetailPage}</var>
<arg>${statusProject}</arg>
<doc>Returns the text value of the element identified by ``locator``.</doc>
<status status="NOT RUN" start="2024-12-05T15:11:29.046722" elapsed="0.000000"/>
</kw>
<kw name="Log To Console" owner="BuiltIn">
<arg>Nama Project: ${nameProject}</arg>
<doc>Logs the given message to the console.</doc>
<status status="NOT RUN" start="2024-12-05T15:11:29.046722" elapsed="0.000000"/>
</kw>
<kw name="Log To Console" owner="BuiltIn">
<arg>Status Project: ${status_onDetailPage}</arg>
<doc>Logs the given message to the console.</doc>
<status status="NOT RUN" start="2024-12-05T15:11:29.047719" elapsed="0.000000"/>
</kw>
<kw name="Set Global Variable" owner="BuiltIn">
<arg>${nameProject_MenungguPersetujuan}</arg>
<arg>${nameProject}</arg>
<doc>Makes a variable available globally in all tests and suites.</doc>
<status status="NOT RUN" start="2024-12-05T15:11:29.047719" elapsed="0.000000"/>
</kw>
<kw name="Should Be Equal" owner="BuiltIn">
<arg>${nameProject}</arg>
<arg>${text}</arg>
<doc>Fails if the given objects are unequal.</doc>
<status status="NOT RUN" start="2024-12-05T15:11:29.047719" elapsed="0.000000"/>
</kw>
<kw name="Should Be Equal" owner="BuiltIn">
<arg>${status_onDetailPage}</arg>
<arg>${status}</arg>
<doc>Fails if the given objects are unequal.</doc>
<status status="NOT RUN" start="2024-12-05T15:11:29.047719" elapsed="0.000000"/>
</kw>
<kw name="Exit For Loop" owner="BuiltIn">
<doc>Stops executing the enclosing FOR loop.</doc>
<status status="NOT RUN" start="2024-12-05T15:11:29.047719" elapsed="0.000999"/>
</kw>
<status status="NOT RUN" start="2024-12-05T15:11:29.044690" elapsed="0.004028"/>
</branch>
<status status="PASS" start="2024-12-05T15:11:29.044690" elapsed="0.004028"/>
</if>
<var name="${counter}">6</var>
<status status="PASS" start="2024-12-05T15:11:26.775772" elapsed="2.272946"/>
</iter>
<iter>
<kw name="general return status" owner="generalFunct">
<kw name="Run Keyword And Return Status" owner="BuiltIn">
<kw name="Wait Until Element Is Visible" owner="SeleniumLibrary">
<msg time="2024-12-05T15:11:31.294504" level="INFO" html="true">&lt;/td&gt;&lt;/tr&gt;&lt;tr&gt;&lt;td colspan="3"&gt;&lt;a href="selenium-screenshot-462.png"&gt;&lt;img src="selenium-screenshot-462.png" width="800px"&gt;&lt;/a&gt;</msg>
<msg time="2024-12-05T15:11:31.294504" level="FAIL">Element 'xpath=//tbody/tr[7]/td[5]//div[contains(.,'Persetujuan anggaran')]' not visible after 2 seconds.</msg>
<arg>${locator}</arg>
<arg>timeout=2s</arg>
<doc>Waits until the element ``locator`` is visible.</doc>
<status status="FAIL" start="2024-12-05T15:11:29.049714" elapsed="2.245788">Element 'xpath=//tbody/tr[7]/td[5]//div[contains(.,'Persetujuan anggaran')]' not visible after 2 seconds.</status>
</kw>
<msg time="2024-12-05T15:11:31.295502" level="INFO">${res} = False</msg>
<var>${res}</var>
<arg>Wait Until Element Is Visible</arg>
<arg>${locator}</arg>
<arg>timeout=2s</arg>
<doc>Runs the given keyword with given arguments and returns the status as a Boolean value.</doc>
<status status="PASS" start="2024-12-05T15:11:29.049714" elapsed="2.245788"/>
</kw>
<return>
<value>${res}</value>
<status status="PASS" start="2024-12-05T15:11:31.296547" elapsed="0.000000"/>
</return>
<msg time="2024-12-05T15:11:31.296547" level="INFO">${res} = False</msg>
<var>${res}</var>
<arg>xpath=//tbody/tr[${counter}]/td[5]//div[contains(.,'${textStatusProject}')]</arg>
<status status="PASS" start="2024-12-05T15:11:29.048718" elapsed="2.247829"/>
</kw>
<if>
<branch type="IF" condition="${res}">
<kw name="Get Text" owner="SeleniumLibrary">
<var>${text}</var>
<arg>xpath=//tbody/tr[${counter}]/td[1]</arg>
<doc>Returns the text value of the element identified by ``locator``.</doc>
<status status="NOT RUN" start="2024-12-05T15:11:31.296547" elapsed="0.000000"/>
</kw>
<kw name="Get Text" owner="SeleniumLibrary">
<var>${status}</var>
<arg>xpath=//tbody/tr[${counter}]/td[5]</arg>
<doc>Returns the text value of the element identified by ``locator``.</doc>
<status status="NOT RUN" start="2024-12-05T15:11:31.297538" elapsed="0.000000"/>
</kw>
<kw name="user click element" owner="generalFunct">
<arg>xpath=//tbody/tr[${counter}]/td[6]</arg>
<status status="NOT RUN" start="2024-12-05T15:11:31.297538" elapsed="0.000000"/>
</kw>
<kw name="general Wait Until" owner="generalFunct">
<arg>xpath=//span[normalize-space()='Detail Project']</arg>
<status status="NOT RUN" start="2024-12-05T15:11:31.297538" elapsed="0.000000"/>
</kw>
<kw name="general Wait Until" owner="generalFunct">
<arg>${namaProject_onDetailPage}</arg>
<status status="NOT RUN" start="2024-12-05T15:11:31.297538" elapsed="0.000000"/>
</kw>
<kw name="Get Text" owner="SeleniumLibrary">
<var>${nameProject}</var>
<arg>${namaProject_onDetailPage}</arg>
<doc>Returns the text value of the element identified by ``locator``.</doc>
<status status="NOT RUN" start="2024-12-05T15:11:31.298535" elapsed="0.000000"/>
</kw>
<kw name="Get Text" owner="SeleniumLibrary">
<var>${status_onDetailPage}</var>
<arg>${statusProject}</arg>
<doc>Returns the text value of the element identified by ``locator``.</doc>
<status status="NOT RUN" start="2024-12-05T15:11:31.298535" elapsed="0.000000"/>
</kw>
<kw name="Log To Console" owner="BuiltIn">
<arg>Nama Project: ${nameProject}</arg>
<doc>Logs the given message to the console.</doc>
<status status="NOT RUN" start="2024-12-05T15:11:31.298535" elapsed="0.000000"/>
</kw>
<kw name="Log To Console" owner="BuiltIn">
<arg>Status Project: ${status_onDetailPage}</arg>
<doc>Logs the given message to the console.</doc>
<status status="NOT RUN" start="2024-12-05T15:11:31.298535" elapsed="0.000000"/>
</kw>
<kw name="Set Global Variable" owner="BuiltIn">
<arg>${nameProject_MenungguPersetujuan}</arg>
<arg>${nameProject}</arg>
<doc>Makes a variable available globally in all tests and suites.</doc>
<status status="NOT RUN" start="2024-12-05T15:11:31.298535" elapsed="0.000000"/>
</kw>
<kw name="Should Be Equal" owner="BuiltIn">
<arg>${nameProject}</arg>
<arg>${text}</arg>
<doc>Fails if the given objects are unequal.</doc>
<status status="NOT RUN" start="2024-12-05T15:11:31.299532" elapsed="0.000000"/>
</kw>
<kw name="Should Be Equal" owner="BuiltIn">
<arg>${status_onDetailPage}</arg>
<arg>${status}</arg>
<doc>Fails if the given objects are unequal.</doc>
<status status="NOT RUN" start="2024-12-05T15:11:31.299532" elapsed="0.000000"/>
</kw>
<kw name="Exit For Loop" owner="BuiltIn">
<doc>Stops executing the enclosing FOR loop.</doc>
<status status="NOT RUN" start="2024-12-05T15:11:31.299532" elapsed="0.000000"/>
</kw>
<status status="NOT RUN" start="2024-12-05T15:11:31.296547" elapsed="0.002985"/>
</branch>
<status status="PASS" start="2024-12-05T15:11:31.296547" elapsed="0.002985"/>
</if>
<var name="${counter}">7</var>
<status status="PASS" start="2024-12-05T15:11:29.048718" elapsed="2.250814"/>
</iter>
<iter>
<kw name="general return status" owner="generalFunct">
<kw name="Run Keyword And Return Status" owner="BuiltIn">
<kw name="Wait Until Element Is Visible" owner="SeleniumLibrary">
<msg time="2024-12-05T15:11:33.566790" level="INFO" html="true">&lt;/td&gt;&lt;/tr&gt;&lt;tr&gt;&lt;td colspan="3"&gt;&lt;a href="selenium-screenshot-463.png"&gt;&lt;img src="selenium-screenshot-463.png" width="800px"&gt;&lt;/a&gt;</msg>
<msg time="2024-12-05T15:11:33.566790" level="FAIL">Element 'xpath=//tbody/tr[8]/td[5]//div[contains(.,'Persetujuan anggaran')]' not visible after 2 seconds.</msg>
<arg>${locator}</arg>
<arg>timeout=2s</arg>
<doc>Waits until the element ``locator`` is visible.</doc>
<status status="FAIL" start="2024-12-05T15:11:31.301533" elapsed="2.266254">Element 'xpath=//tbody/tr[8]/td[5]//div[contains(.,'Persetujuan anggaran')]' not visible after 2 seconds.</status>
</kw>
<msg time="2024-12-05T15:11:33.568784" level="INFO">${res} = False</msg>
<var>${res}</var>
<arg>Wait Until Element Is Visible</arg>
<arg>${locator}</arg>
<arg>timeout=2s</arg>
<doc>Runs the given keyword with given arguments and returns the status as a Boolean value.</doc>
<status status="PASS" start="2024-12-05T15:11:31.300529" elapsed="2.268255"/>
</kw>
<return>
<value>${res}</value>
<status status="PASS" start="2024-12-05T15:11:33.568784" elapsed="0.000000"/>
</return>
<msg time="2024-12-05T15:11:33.568784" level="INFO">${res} = False</msg>
<var>${res}</var>
<arg>xpath=//tbody/tr[${counter}]/td[5]//div[contains(.,'${textStatusProject}')]</arg>
<status status="PASS" start="2024-12-05T15:11:31.300529" elapsed="2.268255"/>
</kw>
<if>
<branch type="IF" condition="${res}">
<kw name="Get Text" owner="SeleniumLibrary">
<var>${text}</var>
<arg>xpath=//tbody/tr[${counter}]/td[1]</arg>
<doc>Returns the text value of the element identified by ``locator``.</doc>
<status status="NOT RUN" start="2024-12-05T15:11:33.568784" elapsed="0.001036"/>
</kw>
<kw name="Get Text" owner="SeleniumLibrary">
<var>${status}</var>
<arg>xpath=//tbody/tr[${counter}]/td[5]</arg>
<doc>Returns the text value of the element identified by ``locator``.</doc>
<status status="NOT RUN" start="2024-12-05T15:11:33.569820" elapsed="0.000000"/>
</kw>
<kw name="user click element" owner="generalFunct">
<arg>xpath=//tbody/tr[${counter}]/td[6]</arg>
<status status="NOT RUN" start="2024-12-05T15:11:33.569820" elapsed="0.000000"/>
</kw>
<kw name="general Wait Until" owner="generalFunct">
<arg>xpath=//span[normalize-space()='Detail Project']</arg>
<status status="NOT RUN" start="2024-12-05T15:11:33.569820" elapsed="0.000000"/>
</kw>
<kw name="general Wait Until" owner="generalFunct">
<arg>${namaProject_onDetailPage}</arg>
<status status="NOT RUN" start="2024-12-05T15:11:33.570817" elapsed="0.000000"/>
</kw>
<kw name="Get Text" owner="SeleniumLibrary">
<var>${nameProject}</var>
<arg>${namaProject_onDetailPage}</arg>
<doc>Returns the text value of the element identified by ``locator``.</doc>
<status status="NOT RUN" start="2024-12-05T15:11:33.570817" elapsed="0.000000"/>
</kw>
<kw name="Get Text" owner="SeleniumLibrary">
<var>${status_onDetailPage}</var>
<arg>${statusProject}</arg>
<doc>Returns the text value of the element identified by ``locator``.</doc>
<status status="NOT RUN" start="2024-12-05T15:11:33.570817" elapsed="0.000000"/>
</kw>
<kw name="Log To Console" owner="BuiltIn">
<arg>Nama Project: ${nameProject}</arg>
<doc>Logs the given message to the console.</doc>
<status status="NOT RUN" start="2024-12-05T15:11:33.570817" elapsed="0.000000"/>
</kw>
<kw name="Log To Console" owner="BuiltIn">
<arg>Status Project: ${status_onDetailPage}</arg>
<doc>Logs the given message to the console.</doc>
<status status="NOT RUN" start="2024-12-05T15:11:33.570817" elapsed="0.000000"/>
</kw>
<kw name="Set Global Variable" owner="BuiltIn">
<arg>${nameProject_MenungguPersetujuan}</arg>
<arg>${nameProject}</arg>
<doc>Makes a variable available globally in all tests and suites.</doc>
<status status="NOT RUN" start="2024-12-05T15:11:33.571814" elapsed="0.000000"/>
</kw>
<kw name="Should Be Equal" owner="BuiltIn">
<arg>${nameProject}</arg>
<arg>${text}</arg>
<doc>Fails if the given objects are unequal.</doc>
<status status="NOT RUN" start="2024-12-05T15:11:33.571814" elapsed="0.000000"/>
</kw>
<kw name="Should Be Equal" owner="BuiltIn">
<arg>${status_onDetailPage}</arg>
<arg>${status}</arg>
<doc>Fails if the given objects are unequal.</doc>
<status status="NOT RUN" start="2024-12-05T15:11:33.571814" elapsed="0.000000"/>
</kw>
<kw name="Exit For Loop" owner="BuiltIn">
<doc>Stops executing the enclosing FOR loop.</doc>
<status status="NOT RUN" start="2024-12-05T15:11:33.571814" elapsed="0.000000"/>
</kw>
<status status="NOT RUN" start="2024-12-05T15:11:33.568784" elapsed="0.003030"/>
</branch>
<status status="PASS" start="2024-12-05T15:11:33.568784" elapsed="0.003030"/>
</if>
<var name="${counter}">8</var>
<status status="PASS" start="2024-12-05T15:11:31.300529" elapsed="2.271285"/>
</iter>
<iter>
<kw name="general return status" owner="generalFunct">
<kw name="Run Keyword And Return Status" owner="BuiltIn">
<kw name="Wait Until Element Is Visible" owner="SeleniumLibrary">
<arg>${locator}</arg>
<arg>timeout=2s</arg>
<doc>Waits until the element ``locator`` is visible.</doc>
<status status="PASS" start="2024-12-05T15:11:33.573808" elapsed="0.031990"/>
</kw>
<msg time="2024-12-05T15:11:33.605798" level="INFO">${res} = True</msg>
<var>${res}</var>
<arg>Wait Until Element Is Visible</arg>
<arg>${locator}</arg>
<arg>timeout=2s</arg>
<doc>Runs the given keyword with given arguments and returns the status as a Boolean value.</doc>
<status status="PASS" start="2024-12-05T15:11:33.573808" elapsed="0.031990"/>
</kw>
<return>
<value>${res}</value>
<status status="PASS" start="2024-12-05T15:11:33.605798" elapsed="0.000000"/>
</return>
<msg time="2024-12-05T15:11:33.606799" level="INFO">${res} = True</msg>
<var>${res}</var>
<arg>xpath=//tbody/tr[${counter}]/td[5]//div[contains(.,'${textStatusProject}')]</arg>
<status status="PASS" start="2024-12-05T15:11:33.572811" elapsed="0.033988"/>
</kw>
<if>
<branch type="IF" condition="${res}">
<kw name="Get Text" owner="SeleniumLibrary">
<msg time="2024-12-05T15:11:33.637625" level="INFO">${text} = toBagus Pro</msg>
<var>${text}</var>
<arg>xpath=//tbody/tr[${counter}]/td[1]</arg>
<doc>Returns the text value of the element identified by ``locator``.</doc>
<status status="PASS" start="2024-12-05T15:11:33.606799" elapsed="0.030826"/>
</kw>
<kw name="Get Text" owner="SeleniumLibrary">
<msg time="2024-12-05T15:11:33.667411" level="INFO">${status} = Persetujuan anggaran</msg>
<var>${status}</var>
<arg>xpath=//tbody/tr[${counter}]/td[5]</arg>
<doc>Returns the text value of the element identified by ``locator``.</doc>
<status status="PASS" start="2024-12-05T15:11:33.637625" elapsed="0.029786"/>
</kw>
<kw name="user click element" owner="generalFunct">
<kw name="Wait Until Element Is Visible" owner="SeleniumLibrary">
<arg>${element}</arg>
<doc>Waits until the element ``locator`` is visible.</doc>
<status status="PASS" start="2024-12-05T15:11:33.668412" elapsed="0.029894"/>
</kw>
<kw name="Click Element" owner="SeleniumLibrary">
<msg time="2024-12-05T15:11:33.699307" level="INFO">Clicking element 'xpath=//tbody/tr[9]/td[6]'.</msg>
<msg time="2024-12-05T15:11:33.872601" level="INFO">${clickElement} = None</msg>
<var>${clickElement}</var>
<arg>${element}</arg>
<doc>Click the element identified by ``locator``.</doc>
<status status="PASS" start="2024-12-05T15:11:33.698306" elapsed="0.174295"/>
</kw>
<return>
<value>${clickElement}</value>
<status status="PASS" start="2024-12-05T15:11:33.872601" elapsed="0.000000"/>
</return>
<arg>xpath=//tbody/tr[${counter}]/td[6]</arg>
<status status="PASS" start="2024-12-05T15:11:33.667411" elapsed="0.205190"/>
</kw>
<kw name="general Wait Until" owner="generalFunct">
<kw name="Wait Until Element Is Visible" owner="SeleniumLibrary">
<arg>${locator}</arg>
<arg>timeout=2s</arg>
<doc>Waits until the element ``locator`` is visible.</doc>
<status status="PASS" start="2024-12-05T15:11:33.873598" elapsed="0.671384"/>
</kw>
<arg>xpath=//span[normalize-space()='Detail Project']</arg>
<status status="PASS" start="2024-12-05T15:11:33.873598" elapsed="0.671384"/>
</kw>
<kw name="general Wait Until" owner="generalFunct">
<kw name="Wait Until Element Is Visible" owner="SeleniumLibrary">
<arg>${locator}</arg>
<arg>timeout=2s</arg>
<doc>Waits until the element ``locator`` is visible.</doc>
<status status="PASS" start="2024-12-05T15:11:34.545984" elapsed="0.031909"/>
</kw>
<arg>${namaProject_onDetailPage}</arg>
<status status="PASS" start="2024-12-05T15:11:34.545984" elapsed="0.031909"/>
</kw>
<kw name="Get Text" owner="SeleniumLibrary">
<msg time="2024-12-05T15:11:34.601833" level="INFO">${nameProject} = toBagus Pro</msg>
<var>${nameProject}</var>
<arg>${namaProject_onDetailPage}</arg>
<doc>Returns the text value of the element identified by ``locator``.</doc>
<status status="PASS" start="2024-12-05T15:11:34.578895" elapsed="0.022938"/>
</kw>
<kw name="Get Text" owner="SeleniumLibrary">
<msg time="2024-12-05T15:11:34.631712" level="INFO">${status_onDetailPage} = Persetujuan anggaran</msg>
<var>${status_onDetailPage}</var>
<arg>${statusProject}</arg>
<doc>Returns the text value of the element identified by ``locator``.</doc>
<status status="PASS" start="2024-12-05T15:11:34.602830" elapsed="0.028882"/>
</kw>
<kw name="Log To Console" owner="BuiltIn">
<arg>Nama Project: ${nameProject}</arg>
<doc>Logs the given message to the console.</doc>
<status status="PASS" start="2024-12-05T15:11:34.631712" elapsed="0.001002"/>
</kw>
<kw name="Log To Console" owner="BuiltIn">
<arg>Status Project: ${status_onDetailPage}</arg>
<doc>Logs the given message to the console.</doc>
<status status="PASS" start="2024-12-05T15:11:34.633712" elapsed="0.000998"/>
</kw>
<kw name="Set Global Variable" owner="BuiltIn">
<msg time="2024-12-05T15:11:34.636739" level="INFO">${nameProject_MenungguPersetujuan} = toBagus Pro</msg>
<arg>${nameProject_MenungguPersetujuan}</arg>
<arg>${nameProject}</arg>
<doc>Makes a variable available globally in all tests and suites.</doc>
<status status="PASS" start="2024-12-05T15:11:34.634710" elapsed="0.002029"/>
</kw>
<kw name="Should Be Equal" owner="BuiltIn">
<arg>${nameProject}</arg>
<arg>${text}</arg>
<doc>Fails if the given objects are unequal.</doc>
<status status="PASS" start="2024-12-05T15:11:34.637699" elapsed="0.000000"/>
</kw>
<kw name="Should Be Equal" owner="BuiltIn">
<arg>${status_onDetailPage}</arg>
<arg>${status}</arg>
<doc>Fails if the given objects are unequal.</doc>
<status status="PASS" start="2024-12-05T15:11:34.637699" elapsed="0.000997"/>
</kw>
<kw name="Exit For Loop" owner="BuiltIn">
<msg time="2024-12-05T15:11:34.638696" level="INFO">Exiting for loop altogether.</msg>
<doc>Stops executing the enclosing FOR loop.</doc>
<status status="PASS" start="2024-12-05T15:11:34.638696" elapsed="0.000000"/>
</kw>
<status status="PASS" start="2024-12-05T15:11:33.606799" elapsed="1.031897"/>
</branch>
<status status="PASS" start="2024-12-05T15:11:33.606799" elapsed="1.031897"/>
</if>
<var name="${counter}">9</var>
<status status="PASS" start="2024-12-05T15:11:33.572811" elapsed="1.065885"/>
</iter>
<var>${counter}</var>
<value>1</value>
<value>10</value>
<status status="PASS" start="2024-12-05T15:11:15.391495" elapsed="19.247201"/>
</for>
<arg>${textStatus}</arg>
<status status="PASS" start="2024-12-05T15:11:15.391495" elapsed="19.247201"/>
</kw>
<kw name="Exit For Loop" owner="BuiltIn">
<msg time="2024-12-05T15:11:34.639693" level="INFO">Exiting for loop altogether.</msg>
<doc>Stops executing the enclosing FOR loop.</doc>
<status status="PASS" start="2024-12-05T15:11:34.639693" elapsed="0.000000"/>
</kw>
<status status="PASS" start="2024-12-05T15:11:15.390498" elapsed="19.249195"/>
</branch>
<branch type="ELSE">
<kw name="general return status" owner="generalFunct">
<var>${next}</var>
<arg>${nextPage}</arg>
<status status="NOT RUN" start="2024-12-05T15:11:34.639693" elapsed="0.000000"/>
</kw>
<kw name="Run Keyword If" owner="BuiltIn">
<arg>${next}</arg>
<arg>user click element</arg>
<arg>${nextPage}</arg>
<doc>Runs the given keyword with the given arguments, if ``condition`` is true.</doc>
<status status="NOT RUN" start="2024-12-05T15:11:34.639693" elapsed="0.000997"/>
</kw>
<status status="NOT RUN" start="2024-12-05T15:11:34.639693" elapsed="0.000997"/>
</branch>
<status status="PASS" start="2024-12-05T15:11:15.390498" elapsed="19.250192"/>
</if>
<var name="${counter}">1</var>
<status status="PASS" start="2024-12-05T15:11:15.356186" elapsed="19.284504"/>
</iter>
<var>${counter}</var>
<value>1</value>
<value>${len}</value>
<status status="PASS" start="2024-12-05T15:11:15.355184" elapsed="19.285506"/>
</for>
<arg>Persetujuan anggaran</arg>
<status status="PASS" start="2024-12-05T15:11:12.351396" elapsed="22.289294"/>
</kw>
<kw name="And detail information on detail page" owner="pom_detailProject_MenungguPersetujuan">
<kw name="Get Length" owner="BuiltIn">
<msg time="2024-12-05T15:11:34.641688" level="INFO">Length is 31.</msg>
<msg time="2024-12-05T15:11:34.641688" level="INFO">${len} = 31</msg>
<var>${len}</var>
<arg>xpath=//div[@class='w-100']/div</arg>
<doc>Returns and logs the length of the given item as an integer.</doc>
<status status="PASS" start="2024-12-05T15:11:34.641688" elapsed="0.000000"/>
</kw>
<for flavor="IN RANGE">
<iter>
<kw name="general return status" owner="generalFunct">
<kw name="Run Keyword And Return Status" owner="BuiltIn">
<kw name="Wait Until Element Is Visible" owner="SeleniumLibrary">
<arg>${locator}</arg>
<arg>timeout=2s</arg>
<doc>Waits until the element ``locator`` is visible.</doc>
<status status="PASS" start="2024-12-05T15:11:34.643721" elapsed="0.051281"/>
</kw>
<msg time="2024-12-05T15:11:34.695002" level="INFO">${res} = True</msg>
<var>${res}</var>
<arg>Wait Until Element Is Visible</arg>
<arg>${locator}</arg>
<arg>timeout=2s</arg>
<doc>Runs the given keyword with given arguments and returns the status as a Boolean value.</doc>
<status status="PASS" start="2024-12-05T15:11:34.642722" elapsed="0.052280"/>
</kw>
<return>
<value>${res}</value>
<status status="PASS" start="2024-12-05T15:11:34.695002" elapsed="0.000000"/>
</return>
<msg time="2024-12-05T15:11:34.695002" level="INFO">${res} = True</msg>
<var>${res}</var>
<arg>xpath=//div[@class='w-100']/div[${counter}]</arg>
<status status="PASS" start="2024-12-05T15:11:34.642722" elapsed="0.052280"/>
</kw>
<if>
<branch type="IF" condition="${res}">
<kw name="Get Text" owner="SeleniumLibrary">
<msg time="2024-12-05T15:11:34.728258" level="INFO">${text} = Admin</msg>
<var>${text}</var>
<arg>xpath=//div[@class='w-100']/div[${counter}]/div[1]/span</arg>
<doc>Returns the text value of the element identified by ``locator``.</doc>
<status status="PASS" start="2024-12-05T15:11:34.695999" elapsed="0.032259"/>
</kw>
<kw name="Get Text" owner="SeleniumLibrary">
<msg time="2024-12-05T15:11:34.759265" level="INFO">${textName} = Adm Goes</msg>
<var>${textName}</var>
<arg>xpath=//div[@class='w-100']/div[${counter}]/div[2]/span[2]</arg>
<doc>Returns the text value of the element identified by ``locator``.</doc>
<status status="PASS" start="2024-12-05T15:11:34.728258" elapsed="0.031007"/>
</kw>
<kw name="Log To Console" owner="BuiltIn">
<arg>${text}: ${textName}</arg>
<doc>Logs the given message to the console.</doc>
<status status="PASS" start="2024-12-05T15:11:34.759265" elapsed="0.001274"/>
</kw>
<kw name="Get Text" owner="SeleniumLibrary">
<msg time="2024-12-05T15:11:34.792506" level="INFO">${textBorder} = Tanggal project</msg>
<var>${textBorder}</var>
<arg>xpath=//div[@class="w-100 borderRight "]/div[${counter}]/div[1]/span</arg>
<doc>Returns the text value of the element identified by ``locator``.</doc>
<status status="PASS" start="2024-12-05T15:11:34.760539" elapsed="0.031967"/>
</kw>
<kw name="Get Text" owner="SeleniumLibrary">
<msg time="2024-12-05T15:11:34.824323" level="INFO">${textBorderRight} = 13 Nov 2024 - 30 Nov 2024</msg>
<var>${textBorderRight}</var>
<arg>xpath=//div[@class="w-100 borderRight "]/div[${counter}]/div[2]/span[2]</arg>
<doc>Returns the text value of the element identified by ``locator``.</doc>
<status status="PASS" start="2024-12-05T15:11:34.792506" elapsed="0.031817"/>
</kw>
<kw name="Log To Console" owner="BuiltIn">
<arg>${textBorder}: ${textBorderRight}</arg>
<doc>Logs the given message to the console.</doc>
<status status="PASS" start="2024-12-05T15:11:34.824323" elapsed="0.001330"/>
</kw>
<status status="PASS" start="2024-12-05T15:11:34.695002" elapsed="0.130651"/>
</branch>
<branch type="ELSE">
<kw name="Exit For Loop" owner="BuiltIn">
<doc>Stops executing the enclosing FOR loop.</doc>
<status status="NOT RUN" start="2024-12-05T15:11:34.825653" elapsed="0.000000"/>
</kw>
<status status="NOT RUN" start="2024-12-05T15:11:34.825653" elapsed="0.000000"/>
</branch>
<status status="PASS" start="2024-12-05T15:11:34.695002" elapsed="0.130651"/>
</if>
<var name="${counter}">1</var>
<status status="PASS" start="2024-12-05T15:11:34.641688" elapsed="0.183965"/>
</iter>
<iter>
<kw name="general return status" owner="generalFunct">
<kw name="Run Keyword And Return Status" owner="BuiltIn">
<kw name="Wait Until Element Is Visible" owner="SeleniumLibrary">
<arg>${locator}</arg>
<arg>timeout=2s</arg>
<doc>Waits until the element ``locator`` is visible.</doc>
<status status="PASS" start="2024-12-05T15:11:34.827654" elapsed="0.032925"/>
</kw>
<msg time="2024-12-05T15:11:34.860579" level="INFO">${res} = True</msg>
<var>${res}</var>
<arg>Wait Until Element Is Visible</arg>
<arg>${locator}</arg>
<arg>timeout=2s</arg>
<doc>Runs the given keyword with given arguments and returns the status as a Boolean value.</doc>
<status status="PASS" start="2024-12-05T15:11:34.826658" elapsed="0.033921"/>
</kw>
<return>
<value>${res}</value>
<status status="PASS" start="2024-12-05T15:11:34.860579" elapsed="0.000000"/>
</return>
<msg time="2024-12-05T15:11:34.861581" level="INFO">${res} = True</msg>
<var>${res}</var>
<arg>xpath=//div[@class='w-100']/div[${counter}]</arg>
<status status="PASS" start="2024-12-05T15:11:34.826658" elapsed="0.034923"/>
</kw>
<if>
<branch type="IF" condition="${res}">
<kw name="Get Text" owner="SeleniumLibrary">
<msg time="2024-12-05T15:11:34.892611" level="INFO">${text} = Manager Project</msg>
<var>${text}</var>
<arg>xpath=//div[@class='w-100']/div[${counter}]/div[1]/span</arg>
<doc>Returns the text value of the element identified by ``locator``.</doc>
<status status="PASS" start="2024-12-05T15:11:34.861581" elapsed="0.031030"/>
</kw>
<kw name="Get Text" owner="SeleniumLibrary">
<msg time="2024-12-05T15:11:34.923844" level="INFO">${textName} = Man Goes</msg>
<var>${textName}</var>
<arg>xpath=//div[@class='w-100']/div[${counter}]/div[2]/span[2]</arg>
<doc>Returns the text value of the element identified by ``locator``.</doc>
<status status="PASS" start="2024-12-05T15:11:34.893612" elapsed="0.030232"/>
</kw>
<kw name="Log To Console" owner="BuiltIn">
<arg>${text}: ${textName}</arg>
<doc>Logs the given message to the console.</doc>
<status status="PASS" start="2024-12-05T15:11:34.923844" elapsed="0.001317"/>
</kw>
<kw name="Get Text" owner="SeleniumLibrary">
<msg time="2024-12-05T15:11:34.956036" level="INFO">${textBorder} = Anggaran maksimal</msg>
<var>${textBorder}</var>
<arg>xpath=//div[@class="w-100 borderRight "]/div[${counter}]/div[1]/span</arg>
<doc>Returns the text value of the element identified by ``locator``.</doc>
<status status="PASS" start="2024-12-05T15:11:34.925161" elapsed="0.030875"/>
</kw>
<kw name="Get Text" owner="SeleniumLibrary">
<msg time="2024-12-05T15:11:34.985775" level="INFO">${textBorderRight} = Rp 15,000,000</msg>
<var>${textBorderRight}</var>
<arg>xpath=//div[@class="w-100 borderRight "]/div[${counter}]/div[2]/span[2]</arg>
<doc>Returns the text value of the element identified by ``locator``.</doc>
<status status="PASS" start="2024-12-05T15:11:34.956036" elapsed="0.029739"/>
</kw>
<kw name="Log To Console" owner="BuiltIn">
<arg>${textBorder}: ${textBorderRight}</arg>
<doc>Logs the given message to the console.</doc>
<status status="PASS" start="2024-12-05T15:11:34.985775" elapsed="0.001330"/>
</kw>
<status status="PASS" start="2024-12-05T15:11:34.861581" elapsed="0.125524"/>
</branch>
<branch type="ELSE">
<kw name="Exit For Loop" owner="BuiltIn">
<doc>Stops executing the enclosing FOR loop.</doc>
<status status="NOT RUN" start="2024-12-05T15:11:34.987105" elapsed="0.000000"/>
</kw>
<status status="NOT RUN" start="2024-12-05T15:11:34.987105" elapsed="0.000000"/>
</branch>
<status status="PASS" start="2024-12-05T15:11:34.861581" elapsed="0.125524"/>
</if>
<var name="${counter}">2</var>
<status status="PASS" start="2024-12-05T15:11:34.826658" elapsed="0.160447"/>
</iter>
<iter>
<kw name="general return status" owner="generalFunct">
<kw name="Run Keyword And Return Status" owner="BuiltIn">
<kw name="Wait Until Element Is Visible" owner="SeleniumLibrary">
<arg>${locator}</arg>
<arg>timeout=2s</arg>
<doc>Waits until the element ``locator`` is visible.</doc>
<status status="PASS" start="2024-12-05T15:11:34.989106" elapsed="0.034849"/>
</kw>
<msg time="2024-12-05T15:11:35.023955" level="INFO">${res} = True</msg>
<var>${res}</var>
<arg>Wait Until Element Is Visible</arg>
<arg>${locator}</arg>
<arg>timeout=2s</arg>
<doc>Runs the given keyword with given arguments and returns the status as a Boolean value.</doc>
<status status="PASS" start="2024-12-05T15:11:34.988109" elapsed="0.035846"/>
</kw>
<return>
<value>${res}</value>
<status status="PASS" start="2024-12-05T15:11:35.023955" elapsed="0.000000"/>
</return>
<msg time="2024-12-05T15:11:35.024957" level="INFO">${res} = True</msg>
<var>${res}</var>
<arg>xpath=//div[@class='w-100']/div[${counter}]</arg>
<status status="PASS" start="2024-12-05T15:11:34.988109" elapsed="0.036848"/>
</kw>
<if>
<branch type="IF" condition="${res}">
<kw name="Get Text" owner="SeleniumLibrary">
<msg time="2024-12-05T15:11:35.055379" level="INFO">${text} = Finance</msg>
<var>${text}</var>
<arg>xpath=//div[@class='w-100']/div[${counter}]/div[1]/span</arg>
<doc>Returns the text value of the element identified by ``locator``.</doc>
<status status="PASS" start="2024-12-05T15:11:35.024957" elapsed="0.030422"/>
</kw>
<kw name="Get Text" owner="SeleniumLibrary">
<msg time="2024-12-05T15:11:35.084045" level="INFO">${textName} = lunn Roy</msg>
<var>${textName}</var>
<arg>xpath=//div[@class='w-100']/div[${counter}]/div[2]/span[2]</arg>
<doc>Returns the text value of the element identified by ``locator``.</doc>
<status status="PASS" start="2024-12-05T15:11:35.055379" elapsed="0.028666"/>
</kw>
<kw name="Log To Console" owner="BuiltIn">
<arg>${text}: ${textName}</arg>
<doc>Logs the given message to the console.</doc>
<status status="PASS" start="2024-12-05T15:11:35.084045" elapsed="0.001002"/>
</kw>
<kw name="Get Text" owner="SeleniumLibrary">
<msg time="2024-12-05T15:11:35.115551" level="INFO">${textBorder} = Total pembelian</msg>
<var>${textBorder}</var>
<arg>xpath=//div[@class="w-100 borderRight "]/div[${counter}]/div[1]/span</arg>
<doc>Returns the text value of the element identified by ``locator``.</doc>
<status status="PASS" start="2024-12-05T15:11:35.085047" elapsed="0.030504"/>
</kw>
<kw name="Get Text" owner="SeleniumLibrary">
<msg time="2024-12-05T15:11:35.145844" level="INFO">${textBorderRight} = Rp 0</msg>
<var>${textBorderRight}</var>
<arg>xpath=//div[@class="w-100 borderRight "]/div[${counter}]/div[2]/span[2]</arg>
<doc>Returns the text value of the element identified by ``locator``.</doc>
<status status="PASS" start="2024-12-05T15:11:35.116552" elapsed="0.029292"/>
</kw>
<kw name="Log To Console" owner="BuiltIn">
<arg>${textBorder}: ${textBorderRight}</arg>
<doc>Logs the given message to the console.</doc>
<status status="PASS" start="2024-12-05T15:11:35.145844" elapsed="0.001357"/>
</kw>
<status status="PASS" start="2024-12-05T15:11:35.024957" elapsed="0.122244"/>
</branch>
<branch type="ELSE">
<kw name="Exit For Loop" owner="BuiltIn">
<doc>Stops executing the enclosing FOR loop.</doc>
<status status="NOT RUN" start="2024-12-05T15:11:35.147201" elapsed="0.000000"/>
</kw>
<status status="NOT RUN" start="2024-12-05T15:11:35.147201" elapsed="0.000000"/>
</branch>
<status status="PASS" start="2024-12-05T15:11:35.024957" elapsed="0.122244"/>
</if>
<var name="${counter}">3</var>
<status status="PASS" start="2024-12-05T15:11:34.988109" elapsed="0.159092"/>
</iter>
<iter>
<kw name="general return status" owner="generalFunct">
<kw name="Run Keyword And Return Status" owner="BuiltIn">
<kw name="Wait Until Element Is Visible" owner="SeleniumLibrary">
<msg time="2024-12-05T15:11:38.125936" level="INFO" html="true">&lt;/td&gt;&lt;/tr&gt;&lt;tr&gt;&lt;td colspan="3"&gt;&lt;a href="selenium-screenshot-464.png"&gt;&lt;img src="selenium-screenshot-464.png" width="800px"&gt;&lt;/a&gt;</msg>
<msg time="2024-12-05T15:11:38.125936" level="FAIL">Element 'xpath=//div[@class='w-100']/div[4]' not visible after 2 seconds.</msg>
<arg>${locator}</arg>
<arg>timeout=2s</arg>
<doc>Waits until the element ``locator`` is visible.</doc>
<status status="FAIL" start="2024-12-05T15:11:35.152194" elapsed="2.975736">Element 'xpath=//div[@class='w-100']/div[4]' not visible after 2 seconds.</status>
</kw>
<msg time="2024-12-05T15:11:38.127930" level="INFO">${res} = False</msg>
<var>${res}</var>
<arg>Wait Until Element Is Visible</arg>
<arg>${locator}</arg>
<arg>timeout=2s</arg>
<doc>Runs the given keyword with given arguments and returns the status as a Boolean value.</doc>
<status status="PASS" start="2024-12-05T15:11:35.151195" elapsed="2.976735"/>
</kw>
<return>
<value>${res}</value>
<status status="PASS" start="2024-12-05T15:11:38.128928" elapsed="0.000000"/>
</return>
<msg time="2024-12-05T15:11:38.128928" level="INFO">${res} = False</msg>
<var>${res}</var>
<arg>xpath=//div[@class='w-100']/div[${counter}]</arg>
<status status="PASS" start="2024-12-05T15:11:35.148207" elapsed="2.980721"/>
</kw>
<if>
<branch type="IF" condition="${res}">
<kw name="Get Text" owner="SeleniumLibrary">
<var>${text}</var>
<arg>xpath=//div[@class='w-100']/div[${counter}]/div[1]/span</arg>
<doc>Returns the text value of the element identified by ``locator``.</doc>
<status status="NOT RUN" start="2024-12-05T15:11:38.129924" elapsed="0.000000"/>
</kw>
<kw name="Get Text" owner="SeleniumLibrary">
<var>${textName}</var>
<arg>xpath=//div[@class='w-100']/div[${counter}]/div[2]/span[2]</arg>
<doc>Returns the text value of the element identified by ``locator``.</doc>
<status status="NOT RUN" start="2024-12-05T15:11:38.129924" elapsed="0.000000"/>
</kw>
<kw name="Log To Console" owner="BuiltIn">
<arg>${text}: ${textName}</arg>
<doc>Logs the given message to the console.</doc>
<status status="NOT RUN" start="2024-12-05T15:11:38.129924" elapsed="0.000000"/>
</kw>
<kw name="Get Text" owner="SeleniumLibrary">
<var>${textBorder}</var>
<arg>xpath=//div[@class="w-100 borderRight "]/div[${counter}]/div[1]/span</arg>
<doc>Returns the text value of the element identified by ``locator``.</doc>
<status status="NOT RUN" start="2024-12-05T15:11:38.130925" elapsed="0.000000"/>
</kw>
<kw name="Get Text" owner="SeleniumLibrary">
<var>${textBorderRight}</var>
<arg>xpath=//div[@class="w-100 borderRight "]/div[${counter}]/div[2]/span[2]</arg>
<doc>Returns the text value of the element identified by ``locator``.</doc>
<status status="NOT RUN" start="2024-12-05T15:11:38.130925" elapsed="0.000000"/>
</kw>
<kw name="Log To Console" owner="BuiltIn">
<arg>${textBorder}: ${textBorderRight}</arg>
<doc>Logs the given message to the console.</doc>
<status status="NOT RUN" start="2024-12-05T15:11:38.130925" elapsed="0.000000"/>
</kw>
<status status="NOT RUN" start="2024-12-05T15:11:38.128928" elapsed="0.001997"/>
</branch>
<branch type="ELSE">
<kw name="Exit For Loop" owner="BuiltIn">
<msg time="2024-12-05T15:11:38.131922" level="INFO">Exiting for loop altogether.</msg>
<doc>Stops executing the enclosing FOR loop.</doc>
<status status="PASS" start="2024-12-05T15:11:38.130925" elapsed="0.000997"/>
</kw>
<status status="PASS" start="2024-12-05T15:11:38.130925" elapsed="0.000997"/>
</branch>
<status status="PASS" start="2024-12-05T15:11:38.128928" elapsed="0.002994"/>
</if>
<var name="${counter}">4</var>
<status status="PASS" start="2024-12-05T15:11:35.148207" elapsed="2.983715"/>
</iter>
<var>${counter}</var>
<value>1</value>
<value>${len}</value>
<status status="PASS" start="2024-12-05T15:11:34.641688" elapsed="3.490234"/>
</for>
<status status="PASS" start="2024-12-05T15:11:34.640690" elapsed="3.491232"/>
</kw>
<kw name="And user on detail page Persetujuan Anggaran" owner="pom_detailProject_PersetujuanAnggaran">
<kw name="general Wait Until" owner="generalFunct">
<kw name="Wait Until Element Is Visible" owner="SeleniumLibrary">
<arg>${locator}</arg>
<arg>timeout=2s</arg>
<doc>Waits until the element ``locator`` is visible.</doc>
<status status="PASS" start="2024-12-05T15:11:38.132918" elapsed="0.031434"/>
</kw>
<arg>${notes_perubahanAnggaran}</arg>
<status status="PASS" start="2024-12-05T15:11:38.132918" elapsed="0.031434"/>
</kw>
<for flavor="IN RANGE">
<iter>
<kw name="general return status" owner="generalFunct">
<kw name="Run Keyword And Return Status" owner="BuiltIn">
<kw name="Wait Until Element Is Visible" owner="SeleniumLibrary">
<arg>${locator}</arg>
<arg>timeout=2s</arg>
<doc>Waits until the element ``locator`` is visible.</doc>
<status status="PASS" start="2024-12-05T15:11:38.167346" elapsed="0.025135"/>
</kw>
<msg time="2024-12-05T15:11:38.192481" level="INFO">${res} = True</msg>
<var>${res}</var>
<arg>Wait Until Element Is Visible</arg>
<arg>${locator}</arg>
<arg>timeout=2s</arg>
<doc>Runs the given keyword with given arguments and returns the status as a Boolean value.</doc>
<status status="PASS" start="2024-12-05T15:11:38.166345" elapsed="0.026136"/>
</kw>
<return>
<value>${res}</value>
<status status="PASS" start="2024-12-05T15:11:38.192481" elapsed="0.000000"/>
</return>
<msg time="2024-12-05T15:11:38.193483" level="INFO">${res} = True</msg>
<var>${res}</var>
<arg>xpath=//div[contains(@class,'UpdateNoteBudget mb-24px')]//p</arg>
<status status="PASS" start="2024-12-05T15:11:38.165348" elapsed="0.028135"/>
</kw>
<kw name="Run Keyword If" owner="BuiltIn">
<kw name="Get Text" owner="SeleniumLibrary">
<arg>xpath=//div[contains(@class,'UpdateNoteBudget mb-24px')]//p[${counter}]</arg>
<doc>Returns the text value of the element identified by ``locator``.</doc>
<status status="PASS" start="2024-12-05T15:11:38.193483" elapsed="0.030377"/>
</kw>
<msg time="2024-12-05T15:11:38.223860" level="INFO">${textNotes} = Perubahan anggaran menjadi: Rp 18,000,000</msg>
<var>${textNotes}</var>
<arg>${res}</arg>
<arg>Get Text</arg>
<arg>xpath=//div[contains(@class,'UpdateNoteBudget mb-24px')]//p[${counter}]</arg>
<arg>ELSE</arg>
<arg>Exit For Loop</arg>
<doc>Runs the given keyword with the given arguments, if ``condition`` is true.</doc>
<status status="PASS" start="2024-12-05T15:11:38.193483" elapsed="0.030377"/>
</kw>
<var name="${counter}">1</var>
<status status="PASS" start="2024-12-05T15:11:38.165348" elapsed="0.058512"/>
</iter>
<iter>
<kw name="general return status" owner="generalFunct">
<kw name="Run Keyword And Return Status" owner="BuiltIn">
<kw name="Wait Until Element Is Visible" owner="SeleniumLibrary">
<arg>${locator}</arg>
<arg>timeout=2s</arg>
<doc>Waits until the element ``locator`` is visible.</doc>
<status status="PASS" start="2024-12-05T15:11:38.224861" elapsed="0.026859"/>
</kw>
<msg time="2024-12-05T15:11:38.251720" level="INFO">${res} = True</msg>
<var>${res}</var>
<arg>Wait Until Element Is Visible</arg>
<arg>${locator}</arg>
<arg>timeout=2s</arg>
<doc>Runs the given keyword with given arguments and returns the status as a Boolean value.</doc>
<status status="PASS" start="2024-12-05T15:11:38.224861" elapsed="0.026859"/>
</kw>
<return>
<value>${res}</value>
<status status="PASS" start="2024-12-05T15:11:38.251720" elapsed="0.000000"/>
</return>
<msg time="2024-12-05T15:11:38.252722" level="INFO">${res} = True</msg>
<var>${res}</var>
<arg>xpath=//div[contains(@class,'UpdateNoteBudget mb-24px')]//p</arg>
<status status="PASS" start="2024-12-05T15:11:38.224861" elapsed="0.027861"/>
</kw>
<kw name="Run Keyword If" owner="BuiltIn">
<kw name="Get Text" owner="SeleniumLibrary">
<arg>xpath=//div[contains(@class,'UpdateNoteBudget mb-24px')]//p[${counter}]</arg>
<doc>Returns the text value of the element identified by ``locator``.</doc>
<status status="PASS" start="2024-12-05T15:11:38.252722" elapsed="0.029906"/>
</kw>
<msg time="2024-12-05T15:11:38.282628" level="INFO">${textNotes} = Catatan: “sgf ”</msg>
<var>${textNotes}</var>
<arg>${res}</arg>
<arg>Get Text</arg>
<arg>xpath=//div[contains(@class,'UpdateNoteBudget mb-24px')]//p[${counter}]</arg>
<arg>ELSE</arg>
<arg>Exit For Loop</arg>
<doc>Runs the given keyword with the given arguments, if ``condition`` is true.</doc>
<status status="PASS" start="2024-12-05T15:11:38.252722" elapsed="0.029906"/>
</kw>
<var name="${counter}">2</var>
<status status="PASS" start="2024-12-05T15:11:38.223860" elapsed="0.058768"/>
</iter>
<var>${counter}</var>
<value>1</value>
<value>3</value>
<status status="PASS" start="2024-12-05T15:11:38.164352" elapsed="0.119274"/>
</for>
<kw name="Set Global Variable" owner="BuiltIn">
<msg time="2024-12-05T15:11:38.285647" level="INFO">${notes_onDetailPage} = xpath=//div[contains(@class,'UpdateNoteBudget mb-24px')]//p[2]</msg>
<arg>${notes_onDetailPage}</arg>
<arg>xpath=//div[contains(@class,'UpdateNoteBudget mb-24px')]//p[${counter}]</arg>
<doc>Makes a variable available globally in all tests and suites.</doc>
<status status="PASS" start="2024-12-05T15:11:38.283626" elapsed="0.002021"/>
</kw>
<kw name="Element Should Be Visible" owner="SeleniumLibrary">
<msg time="2024-12-05T15:11:38.316962" level="INFO">Element 'xpath=//div[contains(@class,'UpdateNoteBudget')]//button' is displayed.</msg>
<arg>${buttonBatalkan_onNotes}</arg>
<doc>Verifies that the element identified by ``locator`` is visible.</doc>
<status status="PASS" start="2024-12-05T15:11:38.286646" elapsed="0.030316"/>
</kw>
<kw name="Element Should Be Visible" owner="SeleniumLibrary">
<msg time="2024-12-05T15:11:38.347322" level="INFO">Element 'xpath=//div[@class='d-flex align-items-center justify-content-end w-100']/button[1]' is displayed.</msg>
<arg>${buttonRiwayat}</arg>
<doc>Verifies that the element identified by ``locator`` is visible.</doc>
<status status="PASS" start="2024-12-05T15:11:38.316962" elapsed="0.030360"/>
</kw>
<kw name="Get Text" owner="SeleniumLibrary">
<msg time="2024-12-05T15:11:38.370862" level="INFO">${textStatus} = Persetujuan anggaran</msg>
<var>${textStatus}</var>
<arg>${statusProject}</arg>
<doc>Returns the text value of the element identified by ``locator``.</doc>
<status status="PASS" start="2024-12-05T15:11:38.347322" elapsed="0.023540"/>
</kw>
<kw name="Set Global Variable" owner="BuiltIn">
<msg time="2024-12-05T15:11:38.371863" level="INFO">${textStatus} = Persetujuan anggaran</msg>
<arg>${textStatus}</arg>
<arg>${textStatus}</arg>
<doc>Makes a variable available globally in all tests and suites.</doc>
<status status="PASS" start="2024-12-05T15:11:38.370862" elapsed="0.001001"/>
</kw>
<kw name="Should Be Equal" owner="BuiltIn">
<arg>${textStatus}</arg>
<arg>Persetujuan anggaran</arg>
<doc>Fails if the given objects are unequal.</doc>
<status status="PASS" start="2024-12-05T15:11:38.371863" elapsed="0.000000"/>
</kw>
<status status="PASS" start="2024-12-05T15:11:38.132918" elapsed="0.238945"/>
</kw>
<status status="PASS" start="2024-12-05T15:10:56.772969" elapsed="41.599890"/>
</kw>
<kw name="When user click button batalkan" owner="pom_detailProject_PersetujuanAnggaran">
<kw name="general Wait Until" owner="generalFunct">
<kw name="Wait Until Element Is Visible" owner="SeleniumLibrary">
<arg>${locator}</arg>
<arg>timeout=2s</arg>
<doc>Waits until the element ``locator`` is visible.</doc>
<status status="PASS" start="2024-12-05T15:11:38.373857" elapsed="0.024760"/>
</kw>
<arg>${btn_loc}</arg>
<status status="PASS" start="2024-12-05T15:11:38.372859" elapsed="0.025758"/>
</kw>
<kw name="user click element" owner="generalFunct">
<kw name="Wait Until Element Is Visible" owner="SeleniumLibrary">
<arg>${element}</arg>
<doc>Waits until the element ``locator`` is visible.</doc>
<status status="PASS" start="2024-12-05T15:11:38.399657" elapsed="0.026630"/>
</kw>
<kw name="Click Element" owner="SeleniumLibrary">
<msg time="2024-12-05T15:11:38.427289" level="INFO">Clicking element 'xpath=//div[contains(@class,'UpdateNoteBudget')]//button'.</msg>
<msg time="2024-12-05T15:11:38.647720" level="INFO">${clickElement} = None</msg>
<var>${clickElement}</var>
<arg>${element}</arg>
<doc>Click the element identified by ``locator``.</doc>
<status status="PASS" start="2024-12-05T15:11:38.426287" elapsed="0.221433"/>
</kw>
<return>
<value>${clickElement}</value>
<status status="PASS" start="2024-12-05T15:11:38.647720" elapsed="0.000000"/>
</return>
<arg>${btn_loc}</arg>
<status status="PASS" start="2024-12-05T15:11:38.399657" elapsed="0.248063"/>
</kw>
<kw name="Wait Until Element Is Visible" owner="SeleniumLibrary">
<arg>${titlePopUp}</arg>
<doc>Waits until the element ``locator`` is visible.</doc>
<status status="PASS" start="2024-12-05T15:11:38.648716" elapsed="0.043884"/>
</kw>
<kw name="Get Text" owner="SeleniumLibrary">
<msg time="2024-12-05T15:11:38.720524" level="INFO">${textTitlePopUp} = Batal Pengajuan Ubah Anggaran</msg>
<var>${textTitlePopUp}</var>
<arg>${titlePopUp}</arg>
<doc>Returns the text value of the element identified by ``locator``.</doc>
<status status="PASS" start="2024-12-05T15:11:38.692600" elapsed="0.027924"/>
</kw>
<kw name="Log To Console" owner="BuiltIn">
<arg>PopUp Batalkan : ${textTitlePopUp}</arg>
<doc>Logs the given message to the console.</doc>
<status status="PASS" start="2024-12-05T15:11:38.720524" elapsed="0.000996"/>
</kw>
<kw name="Should Be Equal" owner="BuiltIn">
<arg>${textTitlePopUp}</arg>
<arg>${titleText_popUp}</arg>
<doc>Fails if the given objects are unequal.</doc>
<status status="PASS" start="2024-12-05T15:11:38.721520" elapsed="0.000999"/>
</kw>
<kw name="Sleep" owner="BuiltIn">
<msg time="2024-12-05T15:11:41.723122" level="INFO">Slept 3 seconds.</msg>
<arg>3</arg>
<doc>Pauses the test executed for the given time.</doc>
<status status="PASS" start="2024-12-05T15:11:38.722519" elapsed="3.000603"/>
</kw>
<arg>${buttonBatalkan_onNotes}</arg>
<arg>Batal Pengajuan Ubah Anggaran</arg>
<status status="PASS" start="2024-12-05T15:11:38.372859" elapsed="3.350263"/>
</kw>
<kw name="Then user click button" owner="generalFunct">
<kw name="general Wait Until" owner="generalFunct">
<kw name="Wait Until Element Is Visible" owner="SeleniumLibrary">
<arg>${locator}</arg>
<arg>timeout=2s</arg>
<doc>Waits until the element ``locator`` is visible.</doc>
<status status="PASS" start="2024-12-05T15:11:41.724126" elapsed="0.031231"/>
</kw>
<arg>${loc_btn}</arg>
<status status="PASS" start="2024-12-05T15:11:41.724126" elapsed="0.031231"/>
</kw>
<kw name="user click element" owner="generalFunct">
<kw name="Wait Until Element Is Visible" owner="SeleniumLibrary">
<arg>${element}</arg>
<doc>Waits until the element ``locator`` is visible.</doc>
<status status="PASS" start="2024-12-05T15:11:41.756359" elapsed="0.023171"/>
</kw>
<kw name="Click Element" owner="SeleniumLibrary">
<msg time="2024-12-05T15:11:41.780527" level="INFO">Clicking element 'xpath=//div[@role='dialog']//div[2]/button[contains(.,'Ya')]'.</msg>
<msg time="2024-12-05T15:11:42.116808" level="INFO">${clickElement} = None</msg>
<var>${clickElement}</var>
<arg>${element}</arg>
<doc>Click the element identified by ``locator``.</doc>
<status status="PASS" start="2024-12-05T15:11:41.779530" elapsed="0.337278"/>
</kw>
<return>
<value>${clickElement}</value>
<status status="PASS" start="2024-12-05T15:11:42.116808" elapsed="0.000000"/>
</return>
<arg>${loc_btn}</arg>
<status status="PASS" start="2024-12-05T15:11:41.755357" elapsed="0.361451"/>
</kw>
<arg>${btnYa_onPopUp}</arg>
<status status="PASS" start="2024-12-05T15:11:41.723122" elapsed="0.394685"/>
</kw>
<kw name="And verify batalkan (Ya)" owner="pom_detailProject_PersetujuanAnggaran">
<kw name="Sleep" owner="BuiltIn">
<msg time="2024-12-05T15:11:45.119371" level="INFO">Slept 3 seconds.</msg>
<arg>3</arg>
<doc>Pauses the test executed for the given time.</doc>
<status status="PASS" start="2024-12-05T15:11:42.118840" elapsed="3.000531"/>
</kw>
<kw name="general Wait Until" owner="generalFunct">
<kw name="Wait Until Element Is Visible" owner="SeleniumLibrary">
<arg>${locator}</arg>
<arg>timeout=2s</arg>
<doc>Waits until the element ``locator`` is visible.</doc>
<status status="PASS" start="2024-12-05T15:11:45.120412" elapsed="0.026165"/>
</kw>
<arg>${statusProject}</arg>
<status status="PASS" start="2024-12-05T15:11:45.119371" elapsed="0.027206"/>
</kw>
<kw name="Get Text" owner="SeleniumLibrary">
<msg time="2024-12-05T15:11:45.171079" level="INFO">${text} = Aktif</msg>
<var>${text}</var>
<arg>${statusProject}</arg>
<doc>Returns the text value of the element identified by ``locator``.</doc>
<status status="PASS" start="2024-12-05T15:11:45.146577" elapsed="0.024502"/>
</kw>
<kw name="Should Not Be Equal" owner="BuiltIn">
<arg>${text}</arg>
<arg>${text_status}</arg>
<doc>Fails if the given objects are equal.</doc>
<status status="PASS" start="2024-12-05T15:11:45.171079" elapsed="0.001003"/>
</kw>
<kw name="Log To Console" owner="BuiltIn">
<arg>Before Change : ${text_status}</arg>
<doc>Logs the given message to the console.</doc>
<status status="PASS" start="2024-12-05T15:11:45.172082" elapsed="0.000810"/>
</kw>
<kw name="Log To Console" owner="BuiltIn">
<arg>Status Change : ${text}</arg>
<doc>Logs the given message to the console.</doc>
<status status="PASS" start="2024-12-05T15:11:45.172892" elapsed="0.001019"/>
</kw>
<arg>${textStatus}</arg>
<status status="PASS" start="2024-12-05T15:11:42.117807" elapsed="3.056104"/>
</kw>
<status status="PASS" start="2024-12-05T15:10:56.771974" elapsed="48.401937"/>
</kw>
<kw name="End Web Test" owner="web_eProc" type="TEARDOWN">
<kw name="Log" owner="BuiltIn">
<msg time="2024-12-05T15:11:45.174654" level="INFO">Suite teardown initiated</msg>
<arg>Suite teardown initiated</arg>
<doc>Logs the given message with the given level.</doc>
<status status="PASS" start="2024-12-05T15:11:45.174654" elapsed="0.001002"/>
</kw>
<kw name="Close Browser" owner="SeleniumLibrary">
<doc>Closes the current browser.</doc>
<status status="PASS" start="2024-12-05T15:11:45.175656" elapsed="3.511114"/>
</kw>
<doc>Closes the browser after all tests in the suite have run</doc>
<status status="PASS" start="2024-12-05T15:11:45.174654" elapsed="3.512116"/>
</kw>
<doc>This scenario test User can click button batalkan on detail persetujuan anggaran</doc>
<tag>1000s</tag>
<tag>detail_project</tag>
<tag>test</tag>
<status status="PASS" start="2024-12-05T15:10:49.583215" elapsed="59.104293"/>
</test>
<status status="PASS" start="2024-12-05T15:10:47.890145" elapsed="60.799418"/>
</suite>
<statistics>
<total>
<stat pass="1" fail="0" skip="0">All Tests</stat>
</total>
<tag>
<stat pass="1" fail="0" skip="0">1000s</stat>
<stat pass="1" fail="0" skip="0">detail_project</stat>
<stat pass="1" fail="0" skip="0">test</stat>
</tag>
<suite>
<stat pass="1" fail="0" skip="0" id="s1" name="test detailProject PersetujuanAnggaran">test detailProject PersetujuanAnggaran</stat>
</suite>
</statistics>
<errors>
</errors>
</robot>
