<?xml version="1.0" encoding="UTF-8"?>
<robot generator="Robot 7.2.2 (Python 3.13.2 on win32)" generated="2025-07-08T15:42:28.698878" rpa="false" schemaversion="5">
<suite id="s1" name="test detailProject PersetujuanAnggaran" source="C:\Users\1000Saudara45\Documents\Automation\eProc_Web\testSuite\Tim_OP\test_detailProject_PersetujuanAnggaran.robot">
<test id="s1-t1" name="Tim OP can Go To Detail Project" line="10">
<kw name="Begin Web Test" owner="web_eProc" type="SETUP">
<kw name="Create Chrome Options With Scale" owner="browserUtils">
<msg time="2025-07-08T15:42:30.095267" level="INFO">${options} = &lt;selenium.webdriver.chrome.options.Options object at 0x000001D78A297620&gt;</msg>
<var>${options}</var>
<arg>${ZOOM}</arg>
<status status="PASS" start="2025-07-08T15:42:30.094894" elapsed="0.000443"/>
</kw>
<kw name="Open Browser" owner="SeleniumLibrary">
<msg time="2025-07-08T15:42:30.096070" level="INFO">Opening browser 'headlesschrome' to base url 'https://developer.1000saudara.com/project1000s'.</msg>
<arg>${URL_DEV}</arg>
<arg>${BROWSER}</arg>
<arg>options=${options}</arg>
<doc>Opens a new browser instance to the optional ``url``.</doc>
<status status="PASS" start="2025-07-08T15:42:30.095661" elapsed="3.568880"/>
</kw>
<kw name="Maximize Browser Window" owner="SeleniumLibrary">
<doc>Maximizes current browser window.</doc>
<status status="PASS" start="2025-07-08T15:42:33.665489" elapsed="0.035603"/>
</kw>
<kw name="Wait Until Page Contains Element" owner="SeleniumLibrary">
<arg>tag:body</arg>
<doc>Waits until the element ``locator`` appears on the current page.</doc>
<status status="PASS" start="2025-07-08T15:42:33.701568" elapsed="0.033626"/>
</kw>
<kw name="Sleep" owner="BuiltIn">
<msg time="2025-07-08T15:42:35.736063" level="INFO">Slept 2 seconds.</msg>
<arg>2</arg>
<doc>Pauses the test executed for the given time.</doc>
<status status="PASS" start="2025-07-08T15:42:33.735567" elapsed="2.000752"/>
</kw>
<status status="PASS" start="2025-07-08T15:42:30.093537" elapsed="5.643093"/>
</kw>
<kw name="User go to detail Project Page" owner="detailProject_PersetujuanAnggaran">
<kw name="Given User can access Home Login 1000s" owner="login">
<kw name="Then user go to home page E-Proc1000s" owner="pom_login_eProc">
<kw name="user visit E-Proc1000s Login Page" owner="pom_login_eProc">
<kw name="Get Location" owner="SeleniumLibrary">
<msg time="2025-07-08T15:42:35.760149" level="INFO">${current_url} = https://developer.1000saudara.com/project1000s</msg>
<var>${current_url}</var>
<doc>Returns the current browser window URL.</doc>
<status status="PASS" start="2025-07-08T15:42:35.741812" elapsed="0.018477"/>
</kw>
<kw name="Log" owner="BuiltIn">
<msg time="2025-07-08T15:42:35.761311" level="INFO">Current Path: https://developer.1000saudara.com/project1000s</msg>
<arg>Current Path: ${current_url}</arg>
<doc>Logs the given message with the given level.</doc>
<status status="PASS" start="2025-07-08T15:42:35.760870" elapsed="0.000584"/>
</kw>
<kw name="general delay" owner="generalFunct">
<kw name="Run Keyword And Ignore Error" owner="BuiltIn">
<kw name="Wait Until Keyword Succeeds" owner="BuiltIn">
<kw name="Fail" owner="BuiltIn">
<msg time="2025-07-08T15:42:35.765021" level="FAIL">Delay paksa tanpa Sleep</msg>
<arg>Delay paksa tanpa Sleep</arg>
<doc>Fails the test with the given message and optionally alters its tags.</doc>
<status status="FAIL" start="2025-07-08T15:42:35.764424" elapsed="0.000989">Delay paksa tanpa Sleep</status>
</kw>
<kw name="Fail" owner="BuiltIn">
<msg time="2025-07-08T15:42:37.766736" level="FAIL">Delay paksa tanpa Sleep</msg>
<arg>Delay paksa tanpa Sleep</arg>
<doc>Fails the test with the given message and optionally alters its tags.</doc>
<status status="FAIL" start="2025-07-08T15:42:37.766371" elapsed="0.000541">Delay paksa tanpa Sleep</status>
</kw>
<msg time="2025-07-08T15:42:37.767124" level="FAIL">Keyword 'Fail' failed after retrying 2 times. The last error was: Delay paksa tanpa Sleep</msg>
<arg>2 times</arg>
<arg>${durasi}</arg>
<arg>Fail</arg>
<arg>Delay paksa tanpa Sleep</arg>
<doc>Runs the specified keyword and retries if it fails.</doc>
<status status="FAIL" start="2025-07-08T15:42:35.763512" elapsed="2.003805">Keyword 'Fail' failed after retrying 2 times. The last error was: Delay paksa tanpa Sleep</status>
</kw>
<arg>Wait Until Keyword Succeeds</arg>
<arg>2 times</arg>
<arg>${durasi}</arg>
<arg>Fail</arg>
<arg>Delay paksa tanpa Sleep</arg>
<doc>Runs the given keyword with the given arguments and ignores possible error.</doc>
<status status="PASS" start="2025-07-08T15:42:35.762796" elapsed="2.004645"/>
</kw>
<status status="PASS" start="2025-07-08T15:42:35.761924" elapsed="2.005647"/>
</kw>
<kw name="general return status" owner="generalFunct">
<kw name="Run Keyword And Return Status" owner="BuiltIn">
<kw name="Wait Until Element Is Visible" owner="SeleniumLibrary">
<arg>${locator}</arg>
<arg>${timeout}</arg>
<doc>Waits until the element ``locator`` is visible.</doc>
<status status="PASS" start="2025-07-08T15:42:37.769214" elapsed="0.038500"/>
</kw>
<msg time="2025-07-08T15:42:37.807934" level="INFO">${res} = True</msg>
<var>${res}</var>
<arg>Wait Until Element Is Visible</arg>
<arg>${locator}</arg>
<arg>${timeout}</arg>
<doc>Runs the given keyword with given arguments and returns the status as a Boolean value.</doc>
<status status="PASS" start="2025-07-08T15:42:37.768322" elapsed="0.039663"/>
</kw>
<return>
<value>${res}</value>
<status status="PASS" start="2025-07-08T15:42:37.808099" elapsed="0.000093"/>
</return>
<msg time="2025-07-08T15:42:37.808424" level="INFO">${res} = True</msg>
<var>${res}</var>
<arg>${headerLogin}</arg>
<status status="PASS" start="2025-07-08T15:42:37.767825" elapsed="0.040655"/>
</kw>
<while condition="${res} == $False">
<iter>
<kw name="Reload Page" owner="SeleniumLibrary">
<doc>Simulates user reloading page.</doc>
<status status="NOT RUN" start="2025-07-08T15:42:37.809148" elapsed="0.000050"/>
</kw>
<kw name="general delay" owner="generalFunct">
<status status="NOT RUN" start="2025-07-08T15:42:37.809431" elapsed="0.000090"/>
</kw>
<kw name="general return status" owner="generalFunct">
<var>${res}</var>
<arg>${headerLogin}</arg>
<status status="NOT RUN" start="2025-07-08T15:42:37.809823" elapsed="0.000059"/>
</kw>
<status status="NOT RUN" start="2025-07-08T15:42:37.808591" elapsed="0.001378"/>
</iter>
<status status="NOT RUN" start="2025-07-08T15:42:37.808588" elapsed="0.001453"/>
</while>
<status status="PASS" start="2025-07-08T15:42:35.740959" elapsed="2.069208"/>
</kw>
<kw name="user login E-Proc1000s Page" owner="pom_login_eProc">
<kw name="general Wait Until" owner="generalFunct">
<kw name="Set Variable" owner="BuiltIn">
<msg time="2025-07-08T15:42:37.811843" level="INFO">${interval} = 1</msg>
<var>${interval}</var>
<arg>1</arg>
<doc>Returns the given values which can then be assigned to a variables.</doc>
<status status="PASS" start="2025-07-08T15:42:37.811616" elapsed="0.000284"/>
</kw>
<kw name="Evaluate" owner="BuiltIn">
<msg time="2025-07-08T15:42:37.812476" level="INFO">${total_checks} = 3</msg>
<var>${total_checks}</var>
<arg>int(${durasi} / ${interval})</arg>
<doc>Evaluates the given expression in Python and returns the result.</doc>
<status status="PASS" start="2025-07-08T15:42:37.812117" elapsed="0.000408"/>
</kw>
<kw name="Wait Until Keyword Succeeds" owner="BuiltIn">
<kw name="Elemen Harus Stabil Terlihat" owner="generalFunct">
<kw name="Wait Until Element Is Visible" owner="SeleniumLibrary">
<arg>${locator}</arg>
<arg>timeout=5s</arg>
<doc>Waits until the element ``locator`` is visible.</doc>
<status status="PASS" start="2025-07-08T15:42:37.813664" elapsed="0.027944"/>
</kw>
<for flavor="IN RANGE">
<iter>
<kw name="Element Should Be Visible" owner="SeleniumLibrary">
<msg time="2025-07-08T15:42:37.865336" level="INFO">Element 'xpath=//input[@id='pwd']' is displayed.</msg>
<arg>${locator}</arg>
<doc>Verifies that the element identified by ``locator`` is visible.</doc>
<status status="PASS" start="2025-07-08T15:42:37.842280" elapsed="0.023209"/>
</kw>
<kw name="Wait Until Element Is Visible" owner="SeleniumLibrary">
<arg>${locator}</arg>
<arg>timeout=${interval}</arg>
<doc>Waits until the element ``locator`` is visible.</doc>
<status status="PASS" start="2025-07-08T15:42:37.866099" elapsed="0.024777"/>
</kw>
<var name="${i}">0</var>
<status status="PASS" start="2025-07-08T15:42:37.842059" elapsed="0.048935"/>
</iter>
<iter>
<kw name="Element Should Be Visible" owner="SeleniumLibrary">
<msg time="2025-07-08T15:42:37.914515" level="INFO">Element 'xpath=//input[@id='pwd']' is displayed.</msg>
<arg>${locator}</arg>
<doc>Verifies that the element identified by ``locator`` is visible.</doc>
<status status="PASS" start="2025-07-08T15:42:37.891427" elapsed="0.023215"/>
</kw>
<kw name="Wait Until Element Is Visible" owner="SeleniumLibrary">
<arg>${locator}</arg>
<arg>timeout=${interval}</arg>
<doc>Waits until the element ``locator`` is visible.</doc>
<status status="PASS" start="2025-07-08T15:42:37.914913" elapsed="0.023811"/>
</kw>
<var name="${i}">1</var>
<status status="PASS" start="2025-07-08T15:42:37.891218" elapsed="0.047727"/>
</iter>
<iter>
<kw name="Element Should Be Visible" owner="SeleniumLibrary">
<msg time="2025-07-08T15:42:37.962649" level="INFO">Element 'xpath=//input[@id='pwd']' is displayed.</msg>
<arg>${locator}</arg>
<doc>Verifies that the element identified by ``locator`` is visible.</doc>
<status status="PASS" start="2025-07-08T15:42:37.939688" elapsed="0.023093"/>
</kw>
<kw name="Wait Until Element Is Visible" owner="SeleniumLibrary">
<arg>${locator}</arg>
<arg>timeout=${interval}</arg>
<doc>Waits until the element ``locator`` is visible.</doc>
<status status="PASS" start="2025-07-08T15:42:37.963050" elapsed="0.024652"/>
</kw>
<var name="${i}">2</var>
<status status="PASS" start="2025-07-08T15:42:37.939261" elapsed="0.048569"/>
</iter>
<var>${i}</var>
<value>${ulang}</value>
<status status="PASS" start="2025-07-08T15:42:37.841770" elapsed="0.146159"/>
</for>
<arg>${locator}</arg>
<arg>${total_checks}</arg>
<arg>${interval}</arg>
<status status="PASS" start="2025-07-08T15:42:37.813162" elapsed="0.174926"/>
</kw>
<arg>${max_retries} times</arg>
<arg>0s</arg>
<arg>Elemen Harus Stabil Terlihat</arg>
<arg>${locator}</arg>
<arg>${total_checks}</arg>
<arg>${interval}</arg>
<doc>Runs the specified keyword and retries if it fails.</doc>
<status status="PASS" start="2025-07-08T15:42:37.812746" elapsed="0.175464"/>
</kw>
<kw name="general delay" owner="generalFunct">
<kw name="Run Keyword And Ignore Error" owner="BuiltIn">
<kw name="Wait Until Keyword Succeeds" owner="BuiltIn">
<kw name="Fail" owner="BuiltIn">
<msg time="2025-07-08T15:42:37.989816" level="FAIL">Delay paksa tanpa Sleep</msg>
<arg>Delay paksa tanpa Sleep</arg>
<doc>Fails the test with the given message and optionally alters its tags.</doc>
<status status="FAIL" start="2025-07-08T15:42:37.989544" elapsed="0.000386">Delay paksa tanpa Sleep</status>
</kw>
<kw name="Fail" owner="BuiltIn">
<msg time="2025-07-08T15:42:38.991122" level="FAIL">Delay paksa tanpa Sleep</msg>
<arg>Delay paksa tanpa Sleep</arg>
<doc>Fails the test with the given message and optionally alters its tags.</doc>
<status status="FAIL" start="2025-07-08T15:42:38.990802" elapsed="0.000431">Delay paksa tanpa Sleep</status>
</kw>
<msg time="2025-07-08T15:42:38.991397" level="FAIL">Keyword 'Fail' failed after retrying 2 times. The last error was: Delay paksa tanpa Sleep</msg>
<arg>2 times</arg>
<arg>${durasi}</arg>
<arg>Fail</arg>
<arg>Delay paksa tanpa Sleep</arg>
<doc>Runs the specified keyword and retries if it fails.</doc>
<status status="FAIL" start="2025-07-08T15:42:37.989225" elapsed="1.002330">Keyword 'Fail' failed after retrying 2 times. The last error was: Delay paksa tanpa Sleep</status>
</kw>
<arg>Wait Until Keyword Succeeds</arg>
<arg>2 times</arg>
<arg>${durasi}</arg>
<arg>Fail</arg>
<arg>Delay paksa tanpa Sleep</arg>
<doc>Runs the given keyword with the given arguments and ignores possible error.</doc>
<status status="PASS" start="2025-07-08T15:42:37.988970" elapsed="1.002703"/>
</kw>
<arg>1s</arg>
<status status="PASS" start="2025-07-08T15:42:37.988516" elapsed="1.003273"/>
</kw>
<arg>${inputPassword}</arg>
<status status="PASS" start="2025-07-08T15:42:37.811157" elapsed="1.180721"/>
</kw>
<kw name="user input text" owner="generalFunct">
<kw name="general Wait Until" owner="generalFunct">
<kw name="Set Variable" owner="BuiltIn">
<msg time="2025-07-08T15:42:38.993223" level="INFO">${interval} = 1</msg>
<var>${interval}</var>
<arg>1</arg>
<doc>Returns the given values which can then be assigned to a variables.</doc>
<status status="PASS" start="2025-07-08T15:42:38.993030" elapsed="0.000248"/>
</kw>
<kw name="Evaluate" owner="BuiltIn">
<msg time="2025-07-08T15:42:38.993842" level="INFO">${total_checks} = 3</msg>
<var>${total_checks}</var>
<arg>int(${durasi} / ${interval})</arg>
<doc>Evaluates the given expression in Python and returns the result.</doc>
<status status="PASS" start="2025-07-08T15:42:38.993471" elapsed="0.000418"/>
</kw>
<kw name="Wait Until Keyword Succeeds" owner="BuiltIn">
<kw name="Elemen Harus Stabil Terlihat" owner="generalFunct">
<kw name="Wait Until Element Is Visible" owner="SeleniumLibrary">
<arg>${locator}</arg>
<arg>timeout=5s</arg>
<doc>Waits until the element ``locator`` is visible.</doc>
<status status="PASS" start="2025-07-08T15:42:38.995045" elapsed="0.030925"/>
</kw>
<for flavor="IN RANGE">
<iter>
<kw name="Element Should Be Visible" owner="SeleniumLibrary">
<msg time="2025-07-08T15:42:39.049476" level="INFO">Element 'xpath=//input[@id='TxtPhone']' is displayed.</msg>
<arg>${locator}</arg>
<doc>Verifies that the element identified by ``locator`` is visible.</doc>
<status status="PASS" start="2025-07-08T15:42:39.026600" elapsed="0.023022"/>
</kw>
<kw name="Wait Until Element Is Visible" owner="SeleniumLibrary">
<arg>${locator}</arg>
<arg>timeout=${interval}</arg>
<doc>Waits until the element ``locator`` is visible.</doc>
<status status="PASS" start="2025-07-08T15:42:39.049916" elapsed="0.023205"/>
</kw>
<var name="${i}">0</var>
<status status="PASS" start="2025-07-08T15:42:39.026387" elapsed="0.046863"/>
</iter>
<iter>
<kw name="Element Should Be Visible" owner="SeleniumLibrary">
<msg time="2025-07-08T15:42:39.097301" level="INFO">Element 'xpath=//input[@id='TxtPhone']' is displayed.</msg>
<arg>${locator}</arg>
<doc>Verifies that the element identified by ``locator`` is visible.</doc>
<status status="PASS" start="2025-07-08T15:42:39.073675" elapsed="0.023754"/>
</kw>
<kw name="Wait Until Element Is Visible" owner="SeleniumLibrary">
<arg>${locator}</arg>
<arg>timeout=${interval}</arg>
<doc>Waits until the element ``locator`` is visible.</doc>
<status status="PASS" start="2025-07-08T15:42:39.097699" elapsed="0.023701"/>
</kw>
<var name="${i}">1</var>
<status status="PASS" start="2025-07-08T15:42:39.073454" elapsed="0.048096"/>
</iter>
<iter>
<kw name="Element Should Be Visible" owner="SeleniumLibrary">
<msg time="2025-07-08T15:42:39.146255" level="INFO">Element 'xpath=//input[@id='TxtPhone']' is displayed.</msg>
<arg>${locator}</arg>
<doc>Verifies that the element identified by ``locator`` is visible.</doc>
<status status="PASS" start="2025-07-08T15:42:39.122476" elapsed="0.023909"/>
</kw>
<kw name="Wait Until Element Is Visible" owner="SeleniumLibrary">
<arg>${locator}</arg>
<arg>timeout=${interval}</arg>
<doc>Waits until the element ``locator`` is visible.</doc>
<status status="PASS" start="2025-07-08T15:42:39.146656" elapsed="0.021802"/>
</kw>
<var name="${i}">2</var>
<status status="PASS" start="2025-07-08T15:42:39.122012" elapsed="0.046565"/>
</iter>
<var>${i}</var>
<value>${ulang}</value>
<status status="PASS" start="2025-07-08T15:42:39.026126" elapsed="0.142539"/>
</for>
<arg>${locator}</arg>
<arg>${total_checks}</arg>
<arg>${interval}</arg>
<status status="PASS" start="2025-07-08T15:42:38.994549" elapsed="0.174265"/>
</kw>
<arg>${max_retries} times</arg>
<arg>0s</arg>
<arg>Elemen Harus Stabil Terlihat</arg>
<arg>${locator}</arg>
<arg>${total_checks}</arg>
<arg>${interval}</arg>
<doc>Runs the specified keyword and retries if it fails.</doc>
<status status="PASS" start="2025-07-08T15:42:38.994091" elapsed="0.174845"/>
</kw>
<kw name="general delay" owner="generalFunct">
<kw name="Run Keyword And Ignore Error" owner="BuiltIn">
<kw name="Wait Until Keyword Succeeds" owner="BuiltIn">
<kw name="Fail" owner="BuiltIn">
<msg time="2025-07-08T15:42:39.171072" level="FAIL">Delay paksa tanpa Sleep</msg>
<arg>Delay paksa tanpa Sleep</arg>
<doc>Fails the test with the given message and optionally alters its tags.</doc>
<status status="FAIL" start="2025-07-08T15:42:39.170806" elapsed="0.000384">Delay paksa tanpa Sleep</status>
</kw>
<kw name="Fail" owner="BuiltIn">
<msg time="2025-07-08T15:42:40.172099" level="FAIL">Delay paksa tanpa Sleep</msg>
<arg>Delay paksa tanpa Sleep</arg>
<doc>Fails the test with the given message and optionally alters its tags.</doc>
<status status="FAIL" start="2025-07-08T15:42:40.171745" elapsed="0.000500">Delay paksa tanpa Sleep</status>
</kw>
<msg time="2025-07-08T15:42:40.172446" level="FAIL">Keyword 'Fail' failed after retrying 2 times. The last error was: Delay paksa tanpa Sleep</msg>
<arg>2 times</arg>
<arg>${durasi}</arg>
<arg>Fail</arg>
<arg>Delay paksa tanpa Sleep</arg>
<doc>Runs the specified keyword and retries if it fails.</doc>
<status status="FAIL" start="2025-07-08T15:42:39.170392" elapsed="1.002239">Keyword 'Fail' failed after retrying 2 times. The last error was: Delay paksa tanpa Sleep</status>
</kw>
<arg>Wait Until Keyword Succeeds</arg>
<arg>2 times</arg>
<arg>${durasi}</arg>
<arg>Fail</arg>
<arg>Delay paksa tanpa Sleep</arg>
<doc>Runs the given keyword with the given arguments and ignores possible error.</doc>
<status status="PASS" start="2025-07-08T15:42:39.169867" elapsed="1.002893"/>
</kw>
<arg>1s</arg>
<status status="PASS" start="2025-07-08T15:42:39.169348" elapsed="1.003532"/>
</kw>
<arg>${locator}</arg>
<status status="PASS" start="2025-07-08T15:42:38.992606" elapsed="1.180366"/>
</kw>
<kw name="Input Text" owner="SeleniumLibrary">
<msg time="2025-07-08T15:42:40.173678" level="INFO">Typing text '085210758864' into text field 'xpath=//input[@id='TxtPhone']'.</msg>
<arg>${locator}</arg>
<arg>${text}</arg>
<doc>Types the given ``text`` into the text field identified by ``locator``.</doc>
<status status="PASS" start="2025-07-08T15:42:40.173209" elapsed="0.174439"/>
</kw>
<kw name="Tunggu Sampai Kondisi Terpenuhi" owner="generalFunct">
<kw name="Wait Until Keyword Succeeds" owner="BuiltIn">
<kw name="Run Keyword" owner="BuiltIn">
<kw name="Cek Field Sudah Terisi" owner="generalFunct">
<kw name="Get Value" owner="SeleniumLibrary">
<msg time="2025-07-08T15:42:40.387580" level="INFO">${value} = 085210758864</msg>
<var>${value}</var>
<arg>${value_element}</arg>
<doc>Returns the value attribute of the element identified by ``locator``.</doc>
<status status="PASS" start="2025-07-08T15:42:40.352974" elapsed="0.034672"/>
</kw>
<kw name="Should Not Be Empty" owner="BuiltIn">
<msg time="2025-07-08T15:42:40.388172" level="INFO">Length is 12.</msg>
<arg>${value}</arg>
<doc>Verifies that the given item is not empty.</doc>
<status status="PASS" start="2025-07-08T15:42:40.387899" elapsed="0.000349"/>
</kw>
<arg>${locator}</arg>
<status status="PASS" start="2025-07-08T15:42:40.351902" elapsed="0.036462"/>
</kw>
<arg>${keyword}</arg>
<arg>${locator}</arg>
<doc>Executes the given keyword with the given arguments.</doc>
<status status="PASS" start="2025-07-08T15:42:40.350157" elapsed="0.038292"/>
</kw>
<arg>${timeout}</arg>
<arg>${interval}</arg>
<arg>Run Keyword</arg>
<arg>${keyword}</arg>
<arg>${locator}</arg>
<doc>Runs the specified keyword and retries if it fails.</doc>
<status status="PASS" start="2025-07-08T15:42:40.349205" elapsed="0.039331"/>
</kw>
<arg>Cek Field Sudah Terisi</arg>
<arg>${locator}</arg>
<status status="PASS" start="2025-07-08T15:42:40.347965" elapsed="0.040671"/>
</kw>
<arg>${inputUsername}</arg>
<arg>${ROLE_ADMIN}</arg>
<status status="PASS" start="2025-07-08T15:42:38.992105" elapsed="1.396620"/>
</kw>
<kw name="general return status" owner="generalFunct">
<kw name="Run Keyword And Return Status" owner="BuiltIn">
<kw name="Wait Until Element Is Visible" owner="SeleniumLibrary">
<arg>${locator}</arg>
<arg>${timeout}</arg>
<doc>Waits until the element ``locator`` is visible.</doc>
<status status="PASS" start="2025-07-08T15:42:40.389656" elapsed="0.022708"/>
</kw>
<msg time="2025-07-08T15:42:40.412559" level="INFO">${res} = True</msg>
<var>${res}</var>
<arg>Wait Until Element Is Visible</arg>
<arg>${locator}</arg>
<arg>${timeout}</arg>
<doc>Runs the given keyword with given arguments and returns the status as a Boolean value.</doc>
<status status="PASS" start="2025-07-08T15:42:40.389410" elapsed="0.023200"/>
</kw>
<return>
<value>${res}</value>
<status status="PASS" start="2025-07-08T15:42:40.412716" elapsed="0.000078"/>
</return>
<msg time="2025-07-08T15:42:40.413006" level="INFO">${res} = True</msg>
<var>${res}</var>
<arg>${inputPassword}</arg>
<status status="PASS" start="2025-07-08T15:42:40.388958" elapsed="0.024093"/>
</kw>
<if>
<branch type="IF" condition="${res}">
<kw name="general delay" owner="generalFunct">
<kw name="Run Keyword And Ignore Error" owner="BuiltIn">
<kw name="Wait Until Keyword Succeeds" owner="BuiltIn">
<kw name="Fail" owner="BuiltIn">
<msg time="2025-07-08T15:42:40.414766" level="FAIL">Delay paksa tanpa Sleep</msg>
<arg>Delay paksa tanpa Sleep</arg>
<doc>Fails the test with the given message and optionally alters its tags.</doc>
<status status="FAIL" start="2025-07-08T15:42:40.414518" elapsed="0.000353">Delay paksa tanpa Sleep</status>
</kw>
<kw name="Fail" owner="BuiltIn">
<msg time="2025-07-08T15:42:42.415749" level="FAIL">Delay paksa tanpa Sleep</msg>
<arg>Delay paksa tanpa Sleep</arg>
<doc>Fails the test with the given message and optionally alters its tags.</doc>
<status status="FAIL" start="2025-07-08T15:42:42.415404" elapsed="0.000469">Delay paksa tanpa Sleep</status>
</kw>
<msg time="2025-07-08T15:42:42.416057" level="FAIL">Keyword 'Fail' failed after retrying 2 times. The last error was: Delay paksa tanpa Sleep</msg>
<arg>2 times</arg>
<arg>${durasi}</arg>
<arg>Fail</arg>
<arg>Delay paksa tanpa Sleep</arg>
<doc>Runs the specified keyword and retries if it fails.</doc>
<status status="FAIL" start="2025-07-08T15:42:40.414196" elapsed="2.002065">Keyword 'Fail' failed after retrying 2 times. The last error was: Delay paksa tanpa Sleep</status>
</kw>
<arg>Wait Until Keyword Succeeds</arg>
<arg>2 times</arg>
<arg>${durasi}</arg>
<arg>Fail</arg>
<arg>Delay paksa tanpa Sleep</arg>
<doc>Runs the given keyword with the given arguments and ignores possible error.</doc>
<status status="PASS" start="2025-07-08T15:42:40.413932" elapsed="2.002507"/>
</kw>
<status status="PASS" start="2025-07-08T15:42:40.413519" elapsed="2.003150"/>
</kw>
<kw name="user input text" owner="generalFunct">
<kw name="general Wait Until" owner="generalFunct">
<kw name="Set Variable" owner="BuiltIn">
<msg time="2025-07-08T15:42:42.419847" level="INFO">${interval} = 1</msg>
<var>${interval}</var>
<arg>1</arg>
<doc>Returns the given values which can then be assigned to a variables.</doc>
<status status="PASS" start="2025-07-08T15:42:42.419235" elapsed="0.000727"/>
</kw>
<kw name="Evaluate" owner="BuiltIn">
<msg time="2025-07-08T15:42:42.421332" level="INFO">${total_checks} = 3</msg>
<var>${total_checks}</var>
<arg>int(${durasi} / ${interval})</arg>
<doc>Evaluates the given expression in Python and returns the result.</doc>
<status status="PASS" start="2025-07-08T15:42:42.420484" elapsed="0.000980"/>
</kw>
<kw name="Wait Until Keyword Succeeds" owner="BuiltIn">
<kw name="Elemen Harus Stabil Terlihat" owner="generalFunct">
<kw name="Wait Until Element Is Visible" owner="SeleniumLibrary">
<arg>${locator}</arg>
<arg>timeout=5s</arg>
<doc>Waits until the element ``locator`` is visible.</doc>
<status status="PASS" start="2025-07-08T15:42:42.424894" elapsed="0.033886"/>
</kw>
<for flavor="IN RANGE">
<iter>
<kw name="Element Should Be Visible" owner="SeleniumLibrary">
<msg time="2025-07-08T15:42:42.485500" level="INFO">Element 'xpath=//input[@id='TxtPhone']' is displayed.</msg>
<arg>${locator}</arg>
<doc>Verifies that the element identified by ``locator`` is visible.</doc>
<status status="PASS" start="2025-07-08T15:42:42.460398" elapsed="0.025274"/>
</kw>
<kw name="Wait Until Element Is Visible" owner="SeleniumLibrary">
<arg>${locator}</arg>
<arg>timeout=${interval}</arg>
<doc>Waits until the element ``locator`` is visible.</doc>
<status status="PASS" start="2025-07-08T15:42:42.485925" elapsed="0.022332"/>
</kw>
<var name="${i}">0</var>
<status status="PASS" start="2025-07-08T15:42:42.460005" elapsed="0.048371"/>
</iter>
<iter>
<kw name="Element Should Be Visible" owner="SeleniumLibrary">
<msg time="2025-07-08T15:42:42.533014" level="INFO">Element 'xpath=//input[@id='TxtPhone']' is displayed.</msg>
<arg>${locator}</arg>
<doc>Verifies that the element identified by ``locator`` is visible.</doc>
<status status="PASS" start="2025-07-08T15:42:42.508980" elapsed="0.024234"/>
</kw>
<kw name="Wait Until Element Is Visible" owner="SeleniumLibrary">
<arg>${locator}</arg>
<arg>timeout=${interval}</arg>
<doc>Waits until the element ``locator`` is visible.</doc>
<status status="PASS" start="2025-07-08T15:42:42.533495" elapsed="0.024909"/>
</kw>
<var name="${i}">1</var>
<status status="PASS" start="2025-07-08T15:42:42.508593" elapsed="0.049934"/>
</iter>
<iter>
<kw name="Element Should Be Visible" owner="SeleniumLibrary">
<msg time="2025-07-08T15:42:42.580167" level="INFO">Element 'xpath=//input[@id='TxtPhone']' is displayed.</msg>
<arg>${locator}</arg>
<doc>Verifies that the element identified by ``locator`` is visible.</doc>
<status status="PASS" start="2025-07-08T15:42:42.558950" elapsed="0.021399"/>
</kw>
<kw name="Wait Until Element Is Visible" owner="SeleniumLibrary">
<arg>${locator}</arg>
<arg>timeout=${interval}</arg>
<doc>Waits until the element ``locator`` is visible.</doc>
<status status="PASS" start="2025-07-08T15:42:42.580613" elapsed="0.021456"/>
</kw>
<var name="${i}">2</var>
<status status="PASS" start="2025-07-08T15:42:42.558728" elapsed="0.043458"/>
</iter>
<var>${i}</var>
<value>${ulang}</value>
<status status="PASS" start="2025-07-08T15:42:42.459379" elapsed="0.142892"/>
</for>
<arg>${locator}</arg>
<arg>${total_checks}</arg>
<arg>${interval}</arg>
<status status="PASS" start="2025-07-08T15:42:42.423799" elapsed="0.178602"/>
</kw>
<arg>${max_retries} times</arg>
<arg>0s</arg>
<arg>Elemen Harus Stabil Terlihat</arg>
<arg>${locator}</arg>
<arg>${total_checks}</arg>
<arg>${interval}</arg>
<doc>Runs the specified keyword and retries if it fails.</doc>
<status status="PASS" start="2025-07-08T15:42:42.422012" elapsed="0.180485"/>
</kw>
<kw name="general delay" owner="generalFunct">
<kw name="Run Keyword And Ignore Error" owner="BuiltIn">
<kw name="Wait Until Keyword Succeeds" owner="BuiltIn">
<kw name="Fail" owner="BuiltIn">
<msg time="2025-07-08T15:42:42.605375" level="FAIL">Delay paksa tanpa Sleep</msg>
<arg>Delay paksa tanpa Sleep</arg>
<doc>Fails the test with the given message and optionally alters its tags.</doc>
<status status="FAIL" start="2025-07-08T15:42:42.604917" elapsed="0.000599">Delay paksa tanpa Sleep</status>
</kw>
<kw name="Fail" owner="BuiltIn">
<msg time="2025-07-08T15:42:43.606848" level="FAIL">Delay paksa tanpa Sleep</msg>
<arg>Delay paksa tanpa Sleep</arg>
<doc>Fails the test with the given message and optionally alters its tags.</doc>
<status status="FAIL" start="2025-07-08T15:42:43.606393" elapsed="0.000612">Delay paksa tanpa Sleep</status>
</kw>
<msg time="2025-07-08T15:42:43.607224" level="FAIL">Keyword 'Fail' failed after retrying 2 times. The last error was: Delay paksa tanpa Sleep</msg>
<arg>2 times</arg>
<arg>${durasi}</arg>
<arg>Fail</arg>
<arg>Delay paksa tanpa Sleep</arg>
<doc>Runs the specified keyword and retries if it fails.</doc>
<status status="FAIL" start="2025-07-08T15:42:42.604386" elapsed="1.002996">Keyword 'Fail' failed after retrying 2 times. The last error was: Delay paksa tanpa Sleep</status>
</kw>
<arg>Wait Until Keyword Succeeds</arg>
<arg>2 times</arg>
<arg>${durasi}</arg>
<arg>Fail</arg>
<arg>Delay paksa tanpa Sleep</arg>
<doc>Runs the given keyword with the given arguments and ignores possible error.</doc>
<status status="PASS" start="2025-07-08T15:42:42.603788" elapsed="1.003719"/>
</kw>
<arg>1s</arg>
<status status="PASS" start="2025-07-08T15:42:42.602974" elapsed="1.004651"/>
</kw>
<arg>${locator}</arg>
<status status="PASS" start="2025-07-08T15:42:42.418227" elapsed="1.189504"/>
</kw>
<kw name="Input Text" owner="SeleniumLibrary">
<msg time="2025-07-08T15:42:43.608555" level="INFO">Typing text '085210758864' into text field 'xpath=//input[@id='TxtPhone']'.</msg>
<arg>${locator}</arg>
<arg>${text}</arg>
<doc>Types the given ``text`` into the text field identified by ``locator``.</doc>
<status status="PASS" start="2025-07-08T15:42:43.607982" elapsed="0.154786"/>
</kw>
<kw name="Tunggu Sampai Kondisi Terpenuhi" owner="generalFunct">
<kw name="Wait Until Keyword Succeeds" owner="BuiltIn">
<kw name="Run Keyword" owner="BuiltIn">
<kw name="Cek Field Sudah Terisi" owner="generalFunct">
<kw name="Get Value" owner="SeleniumLibrary">
<msg time="2025-07-08T15:42:43.793058" level="INFO">${value} = 085210758864</msg>
<var>${value}</var>
<arg>${value_element}</arg>
<doc>Returns the value attribute of the element identified by ``locator``.</doc>
<status status="PASS" start="2025-07-08T15:42:43.767254" elapsed="0.025924"/>
</kw>
<kw name="Should Not Be Empty" owner="BuiltIn">
<msg time="2025-07-08T15:42:43.794088" level="INFO">Length is 12.</msg>
<arg>${value}</arg>
<doc>Verifies that the given item is not empty.</doc>
<status status="PASS" start="2025-07-08T15:42:43.793494" elapsed="0.000807"/>
</kw>
<arg>${locator}</arg>
<status status="PASS" start="2025-07-08T15:42:43.766284" elapsed="0.028142"/>
</kw>
<arg>${keyword}</arg>
<arg>${locator}</arg>
<doc>Executes the given keyword with the given arguments.</doc>
<status status="PASS" start="2025-07-08T15:42:43.765289" elapsed="0.029238"/>
</kw>
<arg>${timeout}</arg>
<arg>${interval}</arg>
<arg>Run Keyword</arg>
<arg>${keyword}</arg>
<arg>${locator}</arg>
<doc>Runs the specified keyword and retries if it fails.</doc>
<status status="PASS" start="2025-07-08T15:42:43.764336" elapsed="0.030285"/>
</kw>
<arg>Cek Field Sudah Terisi</arg>
<arg>${locator}</arg>
<status status="PASS" start="2025-07-08T15:42:43.763242" elapsed="0.031481"/>
</kw>
<arg>${inputUsername}</arg>
<arg>${ROLE_ADMIN}</arg>
<status status="PASS" start="2025-07-08T15:42:42.416981" elapsed="1.377836"/>
</kw>
<kw name="Tunggu Sampai Kondisi Terpenuhi" owner="generalFunct">
<kw name="Wait Until Keyword Succeeds" owner="BuiltIn">
<kw name="Run Keyword" owner="BuiltIn">
<kw name="Cek Visible" owner="generalFunct">
<kw name="Wait Until Element Is Visible" owner="SeleniumLibrary">
<arg>${element_visible}</arg>
<arg>timeout=30s</arg>
<doc>Waits until the element ``locator`` is visible.</doc>
<status status="PASS" start="2025-07-08T15:42:43.797343" elapsed="0.025483"/>
</kw>
<arg>${locator}</arg>
<status status="PASS" start="2025-07-08T15:42:43.796931" elapsed="0.026064"/>
</kw>
<arg>${keyword}</arg>
<arg>${locator}</arg>
<doc>Executes the given keyword with the given arguments.</doc>
<status status="PASS" start="2025-07-08T15:42:43.796522" elapsed="0.026569"/>
</kw>
<arg>${timeout}</arg>
<arg>${interval}</arg>
<arg>Run Keyword</arg>
<arg>${keyword}</arg>
<arg>${locator}</arg>
<doc>Runs the specified keyword and retries if it fails.</doc>
<status status="PASS" start="2025-07-08T15:42:43.796100" elapsed="0.027083"/>
</kw>
<arg>Cek Visible</arg>
<arg>${inputPassword}</arg>
<arg>50s</arg>
<arg>3s</arg>
<status status="PASS" start="2025-07-08T15:42:43.795278" elapsed="0.028012"/>
</kw>
<kw name="user input password" owner="generalFunct">
<kw name="general Wait Until" owner="generalFunct">
<kw name="Set Variable" owner="BuiltIn">
<msg time="2025-07-08T15:42:43.824997" level="INFO">${interval} = 1</msg>
<var>${interval}</var>
<arg>1</arg>
<doc>Returns the given values which can then be assigned to a variables.</doc>
<status status="PASS" start="2025-07-08T15:42:43.824778" elapsed="0.000268"/>
</kw>
<kw name="Evaluate" owner="BuiltIn">
<msg time="2025-07-08T15:42:43.825621" level="INFO">${total_checks} = 3</msg>
<var>${total_checks}</var>
<arg>int(${durasi} / ${interval})</arg>
<doc>Evaluates the given expression in Python and returns the result.</doc>
<status status="PASS" start="2025-07-08T15:42:43.825252" elapsed="0.000417"/>
</kw>
<kw name="Wait Until Keyword Succeeds" owner="BuiltIn">
<kw name="Elemen Harus Stabil Terlihat" owner="generalFunct">
<kw name="Wait Until Element Is Visible" owner="SeleniumLibrary">
<arg>${locator}</arg>
<arg>timeout=5s</arg>
<doc>Waits until the element ``locator`` is visible.</doc>
<status status="PASS" start="2025-07-08T15:42:43.827061" elapsed="0.021905"/>
</kw>
<for flavor="IN RANGE">
<iter>
<kw name="Element Should Be Visible" owner="SeleniumLibrary">
<msg time="2025-07-08T15:42:43.870988" level="INFO">Element 'xpath=//input[@id='pwd']' is displayed.</msg>
<arg>${locator}</arg>
<doc>Verifies that the element identified by ``locator`` is visible.</doc>
<status status="PASS" start="2025-07-08T15:42:43.849888" elapsed="0.021281"/>
</kw>
<kw name="Wait Until Element Is Visible" owner="SeleniumLibrary">
<arg>${locator}</arg>
<arg>timeout=${interval}</arg>
<doc>Waits until the element ``locator`` is visible.</doc>
<status status="PASS" start="2025-07-08T15:42:43.871460" elapsed="0.023121"/>
</kw>
<var name="${i}">0</var>
<status status="PASS" start="2025-07-08T15:42:43.849491" elapsed="0.045299"/>
</iter>
<iter>
<kw name="Element Should Be Visible" owner="SeleniumLibrary">
<msg time="2025-07-08T15:42:43.918231" level="INFO">Element 'xpath=//input[@id='pwd']' is displayed.</msg>
<arg>${locator}</arg>
<doc>Verifies that the element identified by ``locator`` is visible.</doc>
<status status="PASS" start="2025-07-08T15:42:43.895326" elapsed="0.023102"/>
</kw>
<kw name="Wait Until Element Is Visible" owner="SeleniumLibrary">
<arg>${locator}</arg>
<arg>timeout=${interval}</arg>
<doc>Waits until the element ``locator`` is visible.</doc>
<status status="PASS" start="2025-07-08T15:42:43.918825" elapsed="0.022097"/>
</kw>
<var name="${i}">1</var>
<status status="PASS" start="2025-07-08T15:42:43.895109" elapsed="0.045940"/>
</iter>
<iter>
<kw name="Element Should Be Visible" owner="SeleniumLibrary">
<msg time="2025-07-08T15:42:43.965832" level="INFO">Element 'xpath=//input[@id='pwd']' is displayed.</msg>
<arg>${locator}</arg>
<doc>Verifies that the element identified by ``locator`` is visible.</doc>
<status status="PASS" start="2025-07-08T15:42:43.941475" elapsed="0.024848"/>
</kw>
<kw name="Wait Until Element Is Visible" owner="SeleniumLibrary">
<arg>${locator}</arg>
<arg>timeout=${interval}</arg>
<doc>Waits until the element ``locator`` is visible.</doc>
<status status="PASS" start="2025-07-08T15:42:43.966772" elapsed="0.024448"/>
</kw>
<var name="${i}">2</var>
<status status="PASS" start="2025-07-08T15:42:43.941254" elapsed="0.050086"/>
</iter>
<var>${i}</var>
<value>${ulang}</value>
<status status="PASS" start="2025-07-08T15:42:43.849132" elapsed="0.142296"/>
</for>
<arg>${locator}</arg>
<arg>${total_checks}</arg>
<arg>${interval}</arg>
<status status="PASS" start="2025-07-08T15:42:43.826289" elapsed="0.165266"/>
</kw>
<arg>${max_retries} times</arg>
<arg>0s</arg>
<arg>Elemen Harus Stabil Terlihat</arg>
<arg>${locator}</arg>
<arg>${total_checks}</arg>
<arg>${interval}</arg>
<doc>Runs the specified keyword and retries if it fails.</doc>
<status status="PASS" start="2025-07-08T15:42:43.825868" elapsed="0.165797"/>
</kw>
<kw name="general delay" owner="generalFunct">
<kw name="Run Keyword And Ignore Error" owner="BuiltIn">
<kw name="Wait Until Keyword Succeeds" owner="BuiltIn">
<kw name="Fail" owner="BuiltIn">
<msg time="2025-07-08T15:42:43.993229" level="FAIL">Delay paksa tanpa Sleep</msg>
<arg>Delay paksa tanpa Sleep</arg>
<doc>Fails the test with the given message and optionally alters its tags.</doc>
<status status="FAIL" start="2025-07-08T15:42:43.992971" elapsed="0.000389">Delay paksa tanpa Sleep</status>
</kw>
<kw name="Fail" owner="BuiltIn">
<msg time="2025-07-08T15:42:44.994928" level="FAIL">Delay paksa tanpa Sleep</msg>
<arg>Delay paksa tanpa Sleep</arg>
<doc>Fails the test with the given message and optionally alters its tags.</doc>
<status status="FAIL" start="2025-07-08T15:42:44.994519" elapsed="0.000641">Delay paksa tanpa Sleep</status>
</kw>
<msg time="2025-07-08T15:42:44.995551" level="FAIL">Keyword 'Fail' failed after retrying 2 times. The last error was: Delay paksa tanpa Sleep</msg>
<arg>2 times</arg>
<arg>${durasi}</arg>
<arg>Fail</arg>
<arg>Delay paksa tanpa Sleep</arg>
<doc>Runs the specified keyword and retries if it fails.</doc>
<status status="FAIL" start="2025-07-08T15:42:43.992621" elapsed="1.003263">Keyword 'Fail' failed after retrying 2 times. The last error was: Delay paksa tanpa Sleep</status>
</kw>
<arg>Wait Until Keyword Succeeds</arg>
<arg>2 times</arg>
<arg>${durasi}</arg>
<arg>Fail</arg>
<arg>Delay paksa tanpa Sleep</arg>
<doc>Runs the given keyword with the given arguments and ignores possible error.</doc>
<status status="PASS" start="2025-07-08T15:42:43.992369" elapsed="1.003784"/>
</kw>
<arg>1s</arg>
<status status="PASS" start="2025-07-08T15:42:43.991924" elapsed="1.004591"/>
</kw>
<arg>${locator}</arg>
<status status="PASS" start="2025-07-08T15:42:43.824150" elapsed="1.172611"/>
</kw>
<kw name="Input Password" owner="SeleniumLibrary">
<msg time="2025-07-08T15:42:44.997903" level="INFO">Typing password into text field 'xpath=//input[@id='pwd']'.</msg>
<msg time="2025-07-08T15:42:45.048433" level="INFO">Temporally setting log level to: NONE</msg>
<arg>${locator}</arg>
<arg>${text}</arg>
<doc>Types the given password into the text field identified by ``locator``.</doc>
<status status="PASS" start="2025-07-08T15:42:44.997267" elapsed="0.122046"/>
</kw>
<kw name="Tunggu Sampai Kondisi Terpenuhi" owner="generalFunct">
<kw name="Wait Until Keyword Succeeds" owner="BuiltIn">
<kw name="Run Keyword" owner="BuiltIn">
<kw name="Cek Field Sudah Terisi" owner="generalFunct">
<kw name="Get Value" owner="SeleniumLibrary">
<msg time="2025-07-08T15:42:45.148920" level="INFO">${value} = 123456</msg>
<var>${value}</var>
<arg>${value_element}</arg>
<doc>Returns the value attribute of the element identified by ``locator``.</doc>
<status status="PASS" start="2025-07-08T15:42:45.124387" elapsed="0.024607"/>
</kw>
<kw name="Should Not Be Empty" owner="BuiltIn">
<msg time="2025-07-08T15:42:45.149512" level="INFO">Length is 6.</msg>
<arg>${value}</arg>
<doc>Verifies that the given item is not empty.</doc>
<status status="PASS" start="2025-07-08T15:42:45.149242" elapsed="0.000402"/>
</kw>
<arg>${locator}</arg>
<status status="PASS" start="2025-07-08T15:42:45.123266" elapsed="0.026495"/>
</kw>
<arg>${keyword}</arg>
<arg>${locator}</arg>
<doc>Executes the given keyword with the given arguments.</doc>
<status status="PASS" start="2025-07-08T15:42:45.122145" elapsed="0.027704"/>
</kw>
<arg>${timeout}</arg>
<arg>${interval}</arg>
<arg>Run Keyword</arg>
<arg>${keyword}</arg>
<arg>${locator}</arg>
<doc>Runs the specified keyword and retries if it fails.</doc>
<status status="PASS" start="2025-07-08T15:42:45.121192" elapsed="0.028745"/>
</kw>
<arg>Cek Field Sudah Terisi</arg>
<arg>${locator}</arg>
<status status="PASS" start="2025-07-08T15:42:45.119924" elapsed="0.030112"/>
</kw>
<arg>${inputPassword}</arg>
<arg>${PASSWORD}</arg>
<status status="PASS" start="2025-07-08T15:42:43.823566" elapsed="1.326568"/>
</kw>
<kw name="Cek Field Sudah Terisi" owner="generalFunct">
<kw name="Get Value" owner="SeleniumLibrary">
<msg time="2025-07-08T15:42:45.171789" level="INFO">${value} = 123456</msg>
<var>${value}</var>
<arg>${value_element}</arg>
<doc>Returns the value attribute of the element identified by ``locator``.</doc>
<status status="PASS" start="2025-07-08T15:42:45.150783" elapsed="0.021116"/>
</kw>
<kw name="Should Not Be Empty" owner="BuiltIn">
<msg time="2025-07-08T15:42:45.172821" level="INFO">Length is 6.</msg>
<arg>${value}</arg>
<doc>Verifies that the given item is not empty.</doc>
<status status="PASS" start="2025-07-08T15:42:45.172524" elapsed="0.000387"/>
</kw>
<arg>${inputPassword}</arg>
<status status="PASS" start="2025-07-08T15:42:45.150359" elapsed="0.022673"/>
</kw>
<kw name="Tunggu Sampai Kondisi Terpenuhi" owner="generalFunct">
<kw name="Wait Until Keyword Succeeds" owner="BuiltIn">
<kw name="Run Keyword" owner="BuiltIn">
<kw name="Cek Field Sudah Terisi" owner="generalFunct">
<kw name="Get Value" owner="SeleniumLibrary">
<msg time="2025-07-08T15:42:45.193011" level="INFO">${value} = 123456</msg>
<var>${value}</var>
<arg>${value_element}</arg>
<doc>Returns the value attribute of the element identified by ``locator``.</doc>
<status status="PASS" start="2025-07-08T15:42:45.174983" elapsed="0.018095"/>
</kw>
<kw name="Should Not Be Empty" owner="BuiltIn">
<msg time="2025-07-08T15:42:45.193569" level="INFO">Length is 6.</msg>
<arg>${value}</arg>
<doc>Verifies that the given item is not empty.</doc>
<status status="PASS" start="2025-07-08T15:42:45.193331" elapsed="0.000314"/>
</kw>
<arg>${locator}</arg>
<status status="PASS" start="2025-07-08T15:42:45.174586" elapsed="0.019176"/>
</kw>
<arg>${keyword}</arg>
<arg>${locator}</arg>
<doc>Executes the given keyword with the given arguments.</doc>
<status status="PASS" start="2025-07-08T15:42:45.174193" elapsed="0.019672"/>
</kw>
<arg>${timeout}</arg>
<arg>${interval}</arg>
<arg>Run Keyword</arg>
<arg>${keyword}</arg>
<arg>${locator}</arg>
<doc>Runs the specified keyword and retries if it fails.</doc>
<status status="PASS" start="2025-07-08T15:42:45.173789" elapsed="0.020181"/>
</kw>
<arg>Cek Field Sudah Terisi</arg>
<arg>${inputPassword}</arg>
<arg>20s</arg>
<arg>1s</arg>
<status status="PASS" start="2025-07-08T15:42:45.173278" elapsed="0.020826"/>
</kw>
<kw name="Press Key" owner="SeleniumLibrary">
<arg>${inputPassword}</arg>
<arg>\\13</arg>
<doc>Simulates user pressing key on element identified by ``locator``.</doc>
<status status="PASS" start="2025-07-08T15:42:45.194355" elapsed="0.033994"/>
</kw>
<kw name="general delay" owner="generalFunct">
<kw name="Run Keyword And Ignore Error" owner="BuiltIn">
<kw name="Wait Until Keyword Succeeds" owner="BuiltIn">
<kw name="Fail" owner="BuiltIn">
<msg time="2025-07-08T15:42:45.230010" level="FAIL">Delay paksa tanpa Sleep</msg>
<arg>Delay paksa tanpa Sleep</arg>
<doc>Fails the test with the given message and optionally alters its tags.</doc>
<status status="FAIL" start="2025-07-08T15:42:45.229764" elapsed="0.000355">Delay paksa tanpa Sleep</status>
</kw>
<kw name="Fail" owner="BuiltIn">
<msg time="2025-07-08T15:42:48.231277" level="FAIL">Delay paksa tanpa Sleep</msg>
<arg>Delay paksa tanpa Sleep</arg>
<doc>Fails the test with the given message and optionally alters its tags.</doc>
<status status="FAIL" start="2025-07-08T15:42:48.230969" elapsed="0.000417">Delay paksa tanpa Sleep</status>
</kw>
<msg time="2025-07-08T15:42:48.231536" level="FAIL">Keyword 'Fail' failed after retrying 2 times. The last error was: Delay paksa tanpa Sleep</msg>
<arg>2 times</arg>
<arg>${durasi}</arg>
<arg>Fail</arg>
<arg>Delay paksa tanpa Sleep</arg>
<doc>Runs the specified keyword and retries if it fails.</doc>
<status status="FAIL" start="2025-07-08T15:42:45.229431" elapsed="3.002253">Keyword 'Fail' failed after retrying 2 times. The last error was: Delay paksa tanpa Sleep</status>
</kw>
<arg>Wait Until Keyword Succeeds</arg>
<arg>2 times</arg>
<arg>${durasi}</arg>
<arg>Fail</arg>
<arg>Delay paksa tanpa Sleep</arg>
<doc>Runs the given keyword with the given arguments and ignores possible error.</doc>
<status status="PASS" start="2025-07-08T15:42:45.229169" elapsed="3.002636"/>
</kw>
<arg>3s</arg>
<status status="PASS" start="2025-07-08T15:42:45.228694" elapsed="3.003225"/>
</kw>
<kw name="general return status" owner="generalFunct">
<kw name="Run Keyword And Return Status" owner="BuiltIn">
<kw name="Wait Until Element Is Visible" owner="SeleniumLibrary">
<arg>${locator}</arg>
<arg>${timeout}</arg>
<doc>Waits until the element ``locator`` is visible.</doc>
<status status="PASS" start="2025-07-08T15:42:48.232893" elapsed="0.467630"/>
</kw>
<msg time="2025-07-08T15:42:48.700719" level="INFO">${res} = True</msg>
<var>${res}</var>
<arg>Wait Until Element Is Visible</arg>
<arg>${locator}</arg>
<arg>${timeout}</arg>
<doc>Runs the given keyword with given arguments and returns the status as a Boolean value.</doc>
<status status="PASS" start="2025-07-08T15:42:48.232636" elapsed="0.468133"/>
</kw>
<return>
<value>${res}</value>
<status status="PASS" start="2025-07-08T15:42:48.700869" elapsed="0.000075"/>
</return>
<msg time="2025-07-08T15:42:48.701177" level="INFO">${res_list} = True</msg>
<var>${res_list}</var>
<arg>${titleProject}</arg>
<arg>timeout=5s</arg>
<status status="PASS" start="2025-07-08T15:42:48.232152" elapsed="0.469070"/>
</kw>
<while condition="${res_list} == $False">
<iter>
<kw name="Press Key" owner="SeleniumLibrary">
<arg>${inputPassword}</arg>
<arg>\\13</arg>
<doc>Simulates user pressing key on element identified by ``locator``.</doc>
<status status="NOT RUN" start="2025-07-08T15:42:48.703266" elapsed="0.000246"/>
</kw>
<kw name="general delay" owner="generalFunct">
<arg>3s</arg>
<status status="NOT RUN" start="2025-07-08T15:42:48.703995" elapsed="0.000129"/>
</kw>
<kw name="general return status" owner="generalFunct">
<var>${res_err}</var>
<arg>${textNomorTelpon_onLogin}</arg>
<status status="NOT RUN" start="2025-07-08T15:42:48.704496" elapsed="0.000106"/>
</kw>
<if>
<branch type="IF" condition="${res_err}">
<kw name="user input text" owner="generalFunct">
<arg>${inputUsername}</arg>
<arg>${ROLE_ADMIN}</arg>
<status status="NOT RUN" start="2025-07-08T15:42:48.705637" elapsed="0.000097"/>
</kw>
<kw name="user input password" owner="generalFunct">
<arg>${inputPassword}</arg>
<arg>${PASSWORD}</arg>
<status status="NOT RUN" start="2025-07-08T15:42:48.706436" elapsed="0.000127"/>
</kw>
<kw name="user click element" owner="generalFunct">
<arg>${buttonMasuk}</arg>
<status status="NOT RUN" start="2025-07-08T15:42:48.706932" elapsed="0.000113"/>
</kw>
<status status="NOT RUN" start="2025-07-08T15:42:48.705050" elapsed="0.002126"/>
</branch>
<branch type="ELSE">
<kw name="Exit For Loop" owner="BuiltIn">
<doc>Stops executing the enclosing FOR loop.</doc>
<status status="NOT RUN" start="2025-07-08T15:42:48.707772" elapsed="0.000099"/>
</kw>
<status status="NOT RUN" start="2025-07-08T15:42:48.707412" elapsed="0.000597"/>
</branch>
<status status="NOT RUN" start="2025-07-08T15:42:48.704933" elapsed="0.003225"/>
</if>
<status status="NOT RUN" start="2025-07-08T15:42:48.701332" elapsed="0.006934"/>
</iter>
<status status="NOT RUN" start="2025-07-08T15:42:48.701329" elapsed="0.007045"/>
</while>
<kw name="general Wait Until" owner="generalFunct">
<kw name="Set Variable" owner="BuiltIn">
<msg time="2025-07-08T15:42:48.710476" level="INFO">${interval} = 1</msg>
<var>${interval}</var>
<arg>1</arg>
<doc>Returns the given values which can then be assigned to a variables.</doc>
<status status="PASS" start="2025-07-08T15:42:48.710002" elapsed="0.000586"/>
</kw>
<kw name="Evaluate" owner="BuiltIn">
<msg time="2025-07-08T15:42:48.711821" level="INFO">${total_checks} = 3</msg>
<var>${total_checks}</var>
<arg>int(${durasi} / ${interval})</arg>
<doc>Evaluates the given expression in Python and returns the result.</doc>
<status status="PASS" start="2025-07-08T15:42:48.711088" elapsed="0.000851"/>
</kw>
<kw name="Wait Until Keyword Succeeds" owner="BuiltIn">
<kw name="Elemen Harus Stabil Terlihat" owner="generalFunct">
<kw name="Wait Until Element Is Visible" owner="SeleniumLibrary">
<arg>${locator}</arg>
<arg>timeout=5s</arg>
<doc>Waits until the element ``locator`` is visible.</doc>
<status status="PASS" start="2025-07-08T15:42:48.713762" elapsed="0.943647"/>
</kw>
<for flavor="IN RANGE">
<iter>
<kw name="Element Should Be Visible" owner="SeleniumLibrary">
<msg time="2025-07-08T15:42:49.691369" level="INFO">Element 'xpath=//div[@id='listFilter']' is displayed.</msg>
<arg>${locator}</arg>
<doc>Verifies that the element identified by ``locator`` is visible.</doc>
<status status="PASS" start="2025-07-08T15:42:49.658769" elapsed="0.032778"/>
</kw>
<kw name="Wait Until Element Is Visible" owner="SeleniumLibrary">
<arg>${locator}</arg>
<arg>timeout=${interval}</arg>
<doc>Waits until the element ``locator`` is visible.</doc>
<status status="PASS" start="2025-07-08T15:42:49.691980" elapsed="0.030538"/>
</kw>
<var name="${i}">0</var>
<status status="PASS" start="2025-07-08T15:42:49.658396" elapsed="0.064248"/>
</iter>
<iter>
<kw name="Element Should Be Visible" owner="SeleniumLibrary">
<msg time="2025-07-08T15:42:49.745962" level="INFO">Element 'xpath=//div[@id='listFilter']' is displayed.</msg>
<arg>${locator}</arg>
<doc>Verifies that the element identified by ``locator`` is visible.</doc>
<status status="PASS" start="2025-07-08T15:42:49.723143" elapsed="0.022971"/>
</kw>
<kw name="Wait Until Element Is Visible" owner="SeleniumLibrary">
<arg>${locator}</arg>
<arg>timeout=${interval}</arg>
<doc>Waits until the element ``locator`` is visible.</doc>
<status status="PASS" start="2025-07-08T15:42:49.746585" elapsed="0.024979"/>
</kw>
<var name="${i}">1</var>
<status status="PASS" start="2025-07-08T15:42:49.722931" elapsed="0.048754"/>
</iter>
<iter>
<kw name="Element Should Be Visible" owner="SeleniumLibrary">
<msg time="2025-07-08T15:42:49.792667" level="INFO">Element 'xpath=//div[@id='listFilter']' is displayed.</msg>
<arg>${locator}</arg>
<doc>Verifies that the element identified by ``locator`` is visible.</doc>
<status status="PASS" start="2025-07-08T15:42:49.772151" elapsed="0.020644"/>
</kw>
<kw name="Wait Until Element Is Visible" owner="SeleniumLibrary">
<arg>${locator}</arg>
<arg>timeout=${interval}</arg>
<doc>Waits until the element ``locator`` is visible.</doc>
<status status="PASS" start="2025-07-08T15:42:49.793055" elapsed="0.019454"/>
</kw>
<var name="${i}">2</var>
<status status="PASS" start="2025-07-08T15:42:49.771885" elapsed="0.040745"/>
</iter>
<var>${i}</var>
<value>${ulang}</value>
<status status="PASS" start="2025-07-08T15:42:49.657975" elapsed="0.154754"/>
</for>
<arg>${locator}</arg>
<arg>${total_checks}</arg>
<arg>${interval}</arg>
<status status="PASS" start="2025-07-08T15:42:48.712853" elapsed="1.100010"/>
</kw>
<arg>${max_retries} times</arg>
<arg>0s</arg>
<arg>Elemen Harus Stabil Terlihat</arg>
<arg>${locator}</arg>
<arg>${total_checks}</arg>
<arg>${interval}</arg>
<doc>Runs the specified keyword and retries if it fails.</doc>
<status status="PASS" start="2025-07-08T15:42:48.712321" elapsed="1.100641"/>
</kw>
<kw name="general delay" owner="generalFunct">
<kw name="Run Keyword And Ignore Error" owner="BuiltIn">
<kw name="Wait Until Keyword Succeeds" owner="BuiltIn">
<kw name="Fail" owner="BuiltIn">
<msg time="2025-07-08T15:42:49.814485" level="FAIL">Delay paksa tanpa Sleep</msg>
<arg>Delay paksa tanpa Sleep</arg>
<doc>Fails the test with the given message and optionally alters its tags.</doc>
<status status="FAIL" start="2025-07-08T15:42:49.814237" elapsed="0.000350">Delay paksa tanpa Sleep</status>
</kw>
<kw name="Fail" owner="BuiltIn">
<msg time="2025-07-08T15:42:50.815501" level="FAIL">Delay paksa tanpa Sleep</msg>
<arg>Delay paksa tanpa Sleep</arg>
<doc>Fails the test with the given message and optionally alters its tags.</doc>
<status status="FAIL" start="2025-07-08T15:42:50.815133" elapsed="0.000505">Delay paksa tanpa Sleep</status>
</kw>
<msg time="2025-07-08T15:42:50.815826" level="FAIL">Keyword 'Fail' failed after retrying 2 times. The last error was: Delay paksa tanpa Sleep</msg>
<arg>2 times</arg>
<arg>${durasi}</arg>
<arg>Fail</arg>
<arg>Delay paksa tanpa Sleep</arg>
<doc>Runs the specified keyword and retries if it fails.</doc>
<status status="FAIL" start="2025-07-08T15:42:49.813920" elapsed="1.002089">Keyword 'Fail' failed after retrying 2 times. The last error was: Delay paksa tanpa Sleep</status>
</kw>
<arg>Wait Until Keyword Succeeds</arg>
<arg>2 times</arg>
<arg>${durasi}</arg>
<arg>Fail</arg>
<arg>Delay paksa tanpa Sleep</arg>
<doc>Runs the given keyword with the given arguments and ignores possible error.</doc>
<status status="PASS" start="2025-07-08T15:42:49.813660" elapsed="1.002476"/>
</kw>
<arg>1s</arg>
<status status="PASS" start="2025-07-08T15:42:49.813232" elapsed="1.003024"/>
</kw>
<arg>${listFilter}</arg>
<status status="PASS" start="2025-07-08T15:42:48.708875" elapsed="2.107475"/>
</kw>
<status status="PASS" start="2025-07-08T15:42:40.413215" elapsed="10.403195"/>
</branch>
<branch type="ELSE">
<kw name="Exit For Loop" owner="BuiltIn">
<doc>Stops executing the enclosing FOR loop.</doc>
<status status="NOT RUN" start="2025-07-08T15:42:50.816703" elapsed="0.000047"/>
</kw>
<status status="NOT RUN" start="2025-07-08T15:42:50.816490" elapsed="0.000318"/>
</branch>
<status status="PASS" start="2025-07-08T15:42:40.413174" elapsed="10.403718"/>
</if>
<status status="PASS" start="2025-07-08T15:42:37.810713" elapsed="13.006297"/>
</kw>
<kw name="Wait Until Element Is Visible" owner="SeleniumLibrary">
<arg>${listFilter}</arg>
<doc>Waits until the element ``locator`` is visible.</doc>
<status status="PASS" start="2025-07-08T15:42:50.817196" elapsed="0.023317"/>
</kw>
<kw name="Wait Until Element Is Visible" owner="SeleniumLibrary">
<arg>${titleProject}</arg>
<doc>Waits until the element ``locator`` is visible.</doc>
<status status="PASS" start="2025-07-08T15:42:50.840792" elapsed="0.025429"/>
</kw>
<kw name="Get Text" owner="SeleniumLibrary">
<msg time="2025-07-08T15:42:50.906139" level="INFO">${title} = Manajemen Project</msg>
<var>${title}</var>
<arg>${titleProject}</arg>
<doc>Returns the text value of the element identified by ``locator``.</doc>
<status status="PASS" start="2025-07-08T15:42:50.866592" elapsed="0.039674"/>
</kw>
<kw name="Log To Console" owner="BuiltIn">
<arg>${\n}${title}</arg>
<doc>Logs the given message to the console.</doc>
<status status="PASS" start="2025-07-08T15:42:50.906818" elapsed="0.001052"/>
</kw>
<status status="PASS" start="2025-07-08T15:42:35.739949" elapsed="15.168201"/>
</kw>
<status status="PASS" start="2025-07-08T15:42:35.739092" elapsed="15.169294"/>
</kw>
<kw name="When user click filter status" owner="generalFunct">
<kw name="Random Number" owner="generalFunct">
<kw name="Evaluate" owner="BuiltIn">
<msg time="2025-07-08T15:42:50.912259" level="INFO">${randomAngka} = 7</msg>
<var>${randomAngka}</var>
<arg>random.randint(1, ${angka} - 1)</arg>
<arg>random</arg>
<doc>Evaluates the given expression in Python and returns the result.</doc>
<status status="PASS" start="2025-07-08T15:42:50.911508" elapsed="0.000859"/>
</kw>
<kw name="Set Global Variable" owner="BuiltIn">
<msg time="2025-07-08T15:42:50.913665" level="INFO">${randomAngka} = 7</msg>
<arg>${randomAngka}</arg>
<arg>${randomAngka}</arg>
<doc>Makes a variable available globally in all tests and suites.</doc>
<status status="PASS" start="2025-07-08T15:42:50.912885" elapsed="0.000931"/>
</kw>
<arg>10</arg>
<status status="PASS" start="2025-07-08T15:42:50.910521" elapsed="0.003538"/>
</kw>
<kw name="general Wait Until" owner="generalFunct">
<kw name="Set Variable" owner="BuiltIn">
<msg time="2025-07-08T15:42:50.916060" level="INFO">${interval} = 1</msg>
<var>${interval}</var>
<arg>1</arg>
<doc>Returns the given values which can then be assigned to a variables.</doc>
<status status="PASS" start="2025-07-08T15:42:50.915661" elapsed="0.000503"/>
</kw>
<kw name="Evaluate" owner="BuiltIn">
<msg time="2025-07-08T15:42:50.917267" level="INFO">${total_checks} = 3</msg>
<var>${total_checks}</var>
<arg>int(${durasi} / ${interval})</arg>
<doc>Evaluates the given expression in Python and returns the result.</doc>
<status status="PASS" start="2025-07-08T15:42:50.916602" elapsed="0.000775"/>
</kw>
<kw name="Wait Until Keyword Succeeds" owner="BuiltIn">
<kw name="Elemen Harus Stabil Terlihat" owner="generalFunct">
<kw name="Wait Until Element Is Visible" owner="SeleniumLibrary">
<arg>${locator}</arg>
<arg>timeout=5s</arg>
<doc>Waits until the element ``locator`` is visible.</doc>
<status status="PASS" start="2025-07-08T15:42:50.920500" elapsed="0.261884"/>
</kw>
<for flavor="IN RANGE">
<iter>
<kw name="Element Should Be Visible" owner="SeleniumLibrary">
<msg time="2025-07-08T15:42:51.213535" level="INFO">Element 'xpath=//div[@id='listFilter']/span[contains(.,'Menunggu persetujuan')]' is displayed.</msg>
<arg>${locator}</arg>
<doc>Verifies that the element identified by ``locator`` is visible.</doc>
<status status="PASS" start="2025-07-08T15:42:51.183701" elapsed="0.030075"/>
</kw>
<kw name="Wait Until Element Is Visible" owner="SeleniumLibrary">
<arg>${locator}</arg>
<arg>timeout=${interval}</arg>
<doc>Waits until the element ``locator`` is visible.</doc>
<status status="PASS" start="2025-07-08T15:42:51.214395" elapsed="0.027519"/>
</kw>
<var name="${i}">0</var>
<status status="PASS" start="2025-07-08T15:42:51.183173" elapsed="0.058866"/>
</iter>
<iter>
<kw name="Element Should Be Visible" owner="SeleniumLibrary">
<msg time="2025-07-08T15:42:51.264525" level="INFO">Element 'xpath=//div[@id='listFilter']/span[contains(.,'Menunggu persetujuan')]' is displayed.</msg>
<arg>${locator}</arg>
<doc>Verifies that the element identified by ``locator`` is visible.</doc>
<status status="PASS" start="2025-07-08T15:42:51.242468" elapsed="0.022185"/>
</kw>
<kw name="Wait Until Element Is Visible" owner="SeleniumLibrary">
<arg>${locator}</arg>
<arg>timeout=${interval}</arg>
<doc>Waits until the element ``locator`` is visible.</doc>
<status status="PASS" start="2025-07-08T15:42:51.264926" elapsed="0.021742"/>
</kw>
<var name="${i}">1</var>
<status status="PASS" start="2025-07-08T15:42:51.242242" elapsed="0.044544"/>
</iter>
<iter>
<kw name="Element Should Be Visible" owner="SeleniumLibrary">
<msg time="2025-07-08T15:42:51.309509" level="INFO">Element 'xpath=//div[@id='listFilter']/span[contains(.,'Menunggu persetujuan')]' is displayed.</msg>
<arg>${locator}</arg>
<doc>Verifies that the element identified by ``locator`` is visible.</doc>
<status status="PASS" start="2025-07-08T15:42:51.287416" elapsed="0.022225"/>
</kw>
<kw name="Wait Until Element Is Visible" owner="SeleniumLibrary">
<arg>${locator}</arg>
<arg>timeout=${interval}</arg>
<doc>Waits until the element ``locator`` is visible.</doc>
<status status="PASS" start="2025-07-08T15:42:51.309933" elapsed="0.021274"/>
</kw>
<var name="${i}">2</var>
<status status="PASS" start="2025-07-08T15:42:51.287063" elapsed="0.044266"/>
</iter>
<var>${i}</var>
<value>${ulang}</value>
<status status="PASS" start="2025-07-08T15:42:51.182661" elapsed="0.148769"/>
</for>
<arg>${locator}</arg>
<arg>${total_checks}</arg>
<arg>${interval}</arg>
<status status="PASS" start="2025-07-08T15:42:50.919339" elapsed="0.412228"/>
</kw>
<arg>${max_retries} times</arg>
<arg>0s</arg>
<arg>Elemen Harus Stabil Terlihat</arg>
<arg>${locator}</arg>
<arg>${total_checks}</arg>
<arg>${interval}</arg>
<doc>Runs the specified keyword and retries if it fails.</doc>
<status status="PASS" start="2025-07-08T15:42:50.918352" elapsed="0.413321"/>
</kw>
<kw name="general delay" owner="generalFunct">
<kw name="Run Keyword And Ignore Error" owner="BuiltIn">
<kw name="Wait Until Keyword Succeeds" owner="BuiltIn">
<kw name="Fail" owner="BuiltIn">
<msg time="2025-07-08T15:42:51.333260" level="FAIL">Delay paksa tanpa Sleep</msg>
<arg>Delay paksa tanpa Sleep</arg>
<doc>Fails the test with the given message and optionally alters its tags.</doc>
<status status="FAIL" start="2025-07-08T15:42:51.333019" elapsed="0.000348">Delay paksa tanpa Sleep</status>
</kw>
<kw name="Fail" owner="BuiltIn">
<msg time="2025-07-08T15:42:52.334428" level="FAIL">Delay paksa tanpa Sleep</msg>
<arg>Delay paksa tanpa Sleep</arg>
<doc>Fails the test with the given message and optionally alters its tags.</doc>
<status status="FAIL" start="2025-07-08T15:42:52.334059" elapsed="0.001005">Delay paksa tanpa Sleep</status>
</kw>
<msg time="2025-07-08T15:42:52.335549" level="FAIL">Keyword 'Fail' failed after retrying 2 times. The last error was: Delay paksa tanpa Sleep</msg>
<arg>2 times</arg>
<arg>${durasi}</arg>
<arg>Fail</arg>
<arg>Delay paksa tanpa Sleep</arg>
<doc>Runs the specified keyword and retries if it fails.</doc>
<status status="FAIL" start="2025-07-08T15:42:51.332674" elapsed="1.003092">Keyword 'Fail' failed after retrying 2 times. The last error was: Delay paksa tanpa Sleep</status>
</kw>
<arg>Wait Until Keyword Succeeds</arg>
<arg>2 times</arg>
<arg>${durasi}</arg>
<arg>Fail</arg>
<arg>Delay paksa tanpa Sleep</arg>
<doc>Runs the given keyword with the given arguments and ignores possible error.</doc>
<status status="PASS" start="2025-07-08T15:42:51.332401" elapsed="1.003521"/>
</kw>
<arg>1s</arg>
<status status="PASS" start="2025-07-08T15:42:51.331953" elapsed="1.004122"/>
</kw>
<arg>xpath=//div[@id='listFilter']/span[contains(.,'${filter_list}')]</arg>
<status status="PASS" start="2025-07-08T15:42:50.914573" elapsed="1.421612"/>
</kw>
<kw name="user click element" owner="generalFunct">
<kw name="general Wait Until" owner="generalFunct">
<kw name="Set Variable" owner="BuiltIn">
<msg time="2025-07-08T15:42:52.337829" level="INFO">${interval} = 1</msg>
<var>${interval}</var>
<arg>1</arg>
<doc>Returns the given values which can then be assigned to a variables.</doc>
<status status="PASS" start="2025-07-08T15:42:52.337610" elapsed="0.000273"/>
</kw>
<kw name="Evaluate" owner="BuiltIn">
<msg time="2025-07-08T15:42:52.338496" level="INFO">${total_checks} = 3</msg>
<var>${total_checks}</var>
<arg>int(${durasi} / ${interval})</arg>
<doc>Evaluates the given expression in Python and returns the result.</doc>
<status status="PASS" start="2025-07-08T15:42:52.338130" elapsed="0.000421"/>
</kw>
<kw name="Wait Until Keyword Succeeds" owner="BuiltIn">
<kw name="Elemen Harus Stabil Terlihat" owner="generalFunct">
<kw name="Wait Until Element Is Visible" owner="SeleniumLibrary">
<arg>${locator}</arg>
<arg>timeout=5s</arg>
<doc>Waits until the element ``locator`` is visible.</doc>
<status status="PASS" start="2025-07-08T15:42:52.339834" elapsed="0.023163"/>
</kw>
<for flavor="IN RANGE">
<iter>
<kw name="Element Should Be Visible" owner="SeleniumLibrary">
<msg time="2025-07-08T15:42:52.385646" level="INFO">Element 'xpath=//div[@id='listFilter']/span[contains(.,'Menunggu persetujuan')]' is displayed.</msg>
<arg>${locator}</arg>
<doc>Verifies that the element identified by ``locator`` is visible.</doc>
<status status="PASS" start="2025-07-08T15:42:52.363633" elapsed="0.022145"/>
</kw>
<kw name="Wait Until Element Is Visible" owner="SeleniumLibrary">
<arg>${locator}</arg>
<arg>timeout=${interval}</arg>
<doc>Waits until the element ``locator`` is visible.</doc>
<status status="PASS" start="2025-07-08T15:42:52.386093" elapsed="0.022360"/>
</kw>
<var name="${i}">0</var>
<status status="PASS" start="2025-07-08T15:42:52.363403" elapsed="0.045168"/>
</iter>
<iter>
<kw name="Element Should Be Visible" owner="SeleniumLibrary">
<msg time="2025-07-08T15:42:52.432147" level="INFO">Element 'xpath=//div[@id='listFilter']/span[contains(.,'Menunggu persetujuan')]' is displayed.</msg>
<arg>${locator}</arg>
<doc>Verifies that the element identified by ``locator`` is visible.</doc>
<status status="PASS" start="2025-07-08T15:42:52.408986" elapsed="0.023345"/>
</kw>
<kw name="Wait Until Element Is Visible" owner="SeleniumLibrary">
<arg>${locator}</arg>
<arg>timeout=${interval}</arg>
<doc>Waits until the element ``locator`` is visible.</doc>
<status status="PASS" start="2025-07-08T15:42:52.432682" elapsed="0.028737"/>
</kw>
<var name="${i}">1</var>
<status status="PASS" start="2025-07-08T15:42:52.408772" elapsed="0.052763"/>
</iter>
<iter>
<kw name="Element Should Be Visible" owner="SeleniumLibrary">
<msg time="2025-07-08T15:42:52.487492" level="INFO">Element 'xpath=//div[@id='listFilter']/span[contains(.,'Menunggu persetujuan')]' is displayed.</msg>
<arg>${locator}</arg>
<doc>Verifies that the element identified by ``locator`` is visible.</doc>
<status status="PASS" start="2025-07-08T15:42:52.461967" elapsed="0.025661"/>
</kw>
<kw name="Wait Until Element Is Visible" owner="SeleniumLibrary">
<arg>${locator}</arg>
<arg>timeout=${interval}</arg>
<doc>Waits until the element ``locator`` is visible.</doc>
<status status="PASS" start="2025-07-08T15:42:52.487911" elapsed="0.033023"/>
</kw>
<var name="${i}">2</var>
<status status="PASS" start="2025-07-08T15:42:52.461744" elapsed="0.059665"/>
</iter>
<var>${i}</var>
<value>${ulang}</value>
<status status="PASS" start="2025-07-08T15:42:52.363147" elapsed="0.158558"/>
</for>
<arg>${locator}</arg>
<arg>${total_checks}</arg>
<arg>${interval}</arg>
<status status="PASS" start="2025-07-08T15:42:52.339260" elapsed="0.182793"/>
</kw>
<arg>${max_retries} times</arg>
<arg>0s</arg>
<arg>Elemen Harus Stabil Terlihat</arg>
<arg>${locator}</arg>
<arg>${total_checks}</arg>
<arg>${interval}</arg>
<doc>Runs the specified keyword and retries if it fails.</doc>
<status status="PASS" start="2025-07-08T15:42:52.338807" elapsed="0.183477"/>
</kw>
<kw name="general delay" owner="generalFunct">
<kw name="Run Keyword And Ignore Error" owner="BuiltIn">
<kw name="Wait Until Keyword Succeeds" owner="BuiltIn">
<kw name="Fail" owner="BuiltIn">
<msg time="2025-07-08T15:42:52.525928" level="FAIL">Delay paksa tanpa Sleep</msg>
<arg>Delay paksa tanpa Sleep</arg>
<doc>Fails the test with the given message and optionally alters its tags.</doc>
<status status="FAIL" start="2025-07-08T15:42:52.525457" elapsed="0.000658">Delay paksa tanpa Sleep</status>
</kw>
<kw name="Fail" owner="BuiltIn">
<msg time="2025-07-08T15:42:53.527808" level="FAIL">Delay paksa tanpa Sleep</msg>
<arg>Delay paksa tanpa Sleep</arg>
<doc>Fails the test with the given message and optionally alters its tags.</doc>
<status status="FAIL" start="2025-07-08T15:42:53.527294" elapsed="0.000734">Delay paksa tanpa Sleep</status>
</kw>
<msg time="2025-07-08T15:42:53.528325" level="FAIL">Keyword 'Fail' failed after retrying 2 times. The last error was: Delay paksa tanpa Sleep</msg>
<arg>2 times</arg>
<arg>${durasi}</arg>
<arg>Fail</arg>
<arg>Delay paksa tanpa Sleep</arg>
<doc>Runs the specified keyword and retries if it fails.</doc>
<status status="FAIL" start="2025-07-08T15:42:52.524698" elapsed="1.003902">Keyword 'Fail' failed after retrying 2 times. The last error was: Delay paksa tanpa Sleep</status>
</kw>
<arg>Wait Until Keyword Succeeds</arg>
<arg>2 times</arg>
<arg>${durasi}</arg>
<arg>Fail</arg>
<arg>Delay paksa tanpa Sleep</arg>
<doc>Runs the given keyword with the given arguments and ignores possible error.</doc>
<status status="PASS" start="2025-07-08T15:42:52.524048" elapsed="1.004808"/>
</kw>
<arg>1s</arg>
<status status="PASS" start="2025-07-08T15:42:52.522860" elapsed="1.006256"/>
</kw>
<arg>${element}</arg>
<status status="PASS" start="2025-07-08T15:42:52.337072" elapsed="1.192254"/>
</kw>
<kw name="Click When Element Ready" owner="generalFunct">
<kw name="Wait Until Keyword Succeeds" owner="BuiltIn">
<kw name="Click Element" owner="SeleniumLibrary">
<msg time="2025-07-08T15:42:53.531781" level="INFO">Clicking element 'xpath=//div[@id='listFilter']/span[contains(.,'Menunggu persetujuan')]'.</msg>
<arg>${locator}</arg>
<doc>Click the element identified by ``locator``.</doc>
<status status="PASS" start="2025-07-08T15:42:53.531292" elapsed="0.724621"/>
</kw>
<arg>5 times</arg>
<arg>3s</arg>
<arg>Click Element</arg>
<arg>${locator}</arg>
<doc>Runs the specified keyword and retries if it fails.</doc>
<status status="PASS" start="2025-07-08T15:42:53.530676" elapsed="0.725512"/>
</kw>
<arg>${element}</arg>
<status status="PASS" start="2025-07-08T15:42:53.529781" elapsed="0.726690"/>
</kw>
<arg>xpath=//div[@id='listFilter']/span[contains(.,'${filter_list}')]</arg>
<status status="PASS" start="2025-07-08T15:42:52.336471" elapsed="1.920233"/>
</kw>
<kw name="general delay" owner="generalFunct">
<kw name="Run Keyword And Ignore Error" owner="BuiltIn">
<kw name="Wait Until Keyword Succeeds" owner="BuiltIn">
<kw name="Fail" owner="BuiltIn">
<msg time="2025-07-08T15:42:54.260185" level="FAIL">Delay paksa tanpa Sleep</msg>
<arg>Delay paksa tanpa Sleep</arg>
<doc>Fails the test with the given message and optionally alters its tags.</doc>
<status status="FAIL" start="2025-07-08T15:42:54.259692" elapsed="0.000706">Delay paksa tanpa Sleep</status>
</kw>
<kw name="Fail" owner="BuiltIn">
<msg time="2025-07-08T15:42:55.262386" level="FAIL">Delay paksa tanpa Sleep</msg>
<arg>Delay paksa tanpa Sleep</arg>
<doc>Fails the test with the given message and optionally alters its tags.</doc>
<status status="FAIL" start="2025-07-08T15:42:55.261938" elapsed="0.000596">Delay paksa tanpa Sleep</status>
</kw>
<msg time="2025-07-08T15:42:55.262847" level="FAIL">Keyword 'Fail' failed after retrying 2 times. The last error was: Delay paksa tanpa Sleep</msg>
<arg>2 times</arg>
<arg>${durasi}</arg>
<arg>Fail</arg>
<arg>Delay paksa tanpa Sleep</arg>
<doc>Runs the specified keyword and retries if it fails.</doc>
<status status="FAIL" start="2025-07-08T15:42:54.258920" elapsed="1.004122">Keyword 'Fail' failed after retrying 2 times. The last error was: Delay paksa tanpa Sleep</status>
</kw>
<arg>Wait Until Keyword Succeeds</arg>
<arg>2 times</arg>
<arg>${durasi}</arg>
<arg>Fail</arg>
<arg>Delay paksa tanpa Sleep</arg>
<doc>Runs the given keyword with the given arguments and ignores possible error.</doc>
<status status="PASS" start="2025-07-08T15:42:54.258193" elapsed="1.004990"/>
</kw>
<arg>1s</arg>
<status status="PASS" start="2025-07-08T15:42:54.257195" elapsed="1.006180"/>
</kw>
<kw name="search project" owner="generalFunct">
<for flavor="IN RANGE">
<iter>
<kw name="general return status" owner="generalFunct">
<kw name="Run Keyword And Return Status" owner="BuiltIn">
<kw name="Wait Until Element Is Visible" owner="SeleniumLibrary">
<msg time="2025-07-08T15:42:56.440865" level="INFO" html="true">&lt;/td&gt;&lt;/tr&gt;&lt;tr&gt;&lt;td colspan="3"&gt;&lt;a href="selenium-screenshot-155.png"&gt;&lt;img src="selenium-screenshot-155.png" width="800px"&gt;&lt;/a&gt;</msg>
<msg time="2025-07-08T15:42:56.441181" level="FAIL">Element 'xpath=//tbody/tr[1]/td[contains(.,'Persetujuan anggaran')]' not visible after 1 second.</msg>
<arg>${locator}</arg>
<arg>${timeout}</arg>
<doc>Waits until the element ``locator`` is visible.</doc>
<status status="FAIL" start="2025-07-08T15:42:55.265624" elapsed="1.181842">Element 'xpath=//tbody/tr[1]/td[contains(.,'Persetujuan anggaran')]' not visible after 1 second.</status>
</kw>
<msg time="2025-07-08T15:42:56.447693" level="INFO">${res} = False</msg>
<var>${res}</var>
<arg>Wait Until Element Is Visible</arg>
<arg>${locator}</arg>
<arg>${timeout}</arg>
<doc>Runs the given keyword with given arguments and returns the status as a Boolean value.</doc>
<status status="PASS" start="2025-07-08T15:42:55.265303" elapsed="1.182442"/>
</kw>
<return>
<value>${res}</value>
<status status="PASS" start="2025-07-08T15:42:56.447865" elapsed="0.000077"/>
</return>
<msg time="2025-07-08T15:42:56.448214" level="INFO">${res_list} = False</msg>
<var>${res_list}</var>
<arg>xpath=//tbody/tr[${counter}]/td[contains(.,'${filter_status}')]</arg>
<arg>timeout=1s</arg>
<status status="PASS" start="2025-07-08T15:42:55.264734" elapsed="1.183525"/>
</kw>
<if>
<branch type="IF" condition="${res_list}">
<kw name="Log" owner="BuiltIn">
<arg>Proyek ditemukan di halaman ${keyword} pada baris ${counter}</arg>
<doc>Logs the given message with the given level.</doc>
<status status="NOT RUN" start="2025-07-08T15:42:56.448689" elapsed="0.000050"/>
</kw>
<kw name="general delay" owner="generalFunct">
<arg>1s</arg>
<status status="NOT RUN" start="2025-07-08T15:42:56.448954" elapsed="0.000051"/>
</kw>
<kw name="Get Information Project" owner="generalFunct">
<arg>${counter}</arg>
<status status="NOT RUN" start="2025-07-08T15:42:56.449386" elapsed="0.000130"/>
</kw>
<kw name="Exit For Loop" owner="BuiltIn">
<doc>Stops executing the enclosing FOR loop.</doc>
<status status="NOT RUN" start="2025-07-08T15:42:56.449721" elapsed="0.000049"/>
</kw>
<status status="NOT RUN" start="2025-07-08T15:42:56.448404" elapsed="0.001437"/>
</branch>
<status status="PASS" start="2025-07-08T15:42:56.448371" elapsed="0.001535"/>
</if>
<var name="${counter}">1</var>
<status status="PASS" start="2025-07-08T15:42:55.264495" elapsed="1.185454"/>
</iter>
<iter>
<kw name="general return status" owner="generalFunct">
<kw name="Run Keyword And Return Status" owner="BuiltIn">
<kw name="Wait Until Element Is Visible" owner="SeleniumLibrary">
<msg time="2025-07-08T15:42:57.621976" level="INFO" html="true">&lt;/td&gt;&lt;/tr&gt;&lt;tr&gt;&lt;td colspan="3"&gt;&lt;a href="selenium-screenshot-156.png"&gt;&lt;img src="selenium-screenshot-156.png" width="800px"&gt;&lt;/a&gt;</msg>
<msg time="2025-07-08T15:42:57.622239" level="FAIL">Element 'xpath=//tbody/tr[2]/td[contains(.,'Persetujuan anggaran')]' not visible after 1 second.</msg>
<arg>${locator}</arg>
<arg>${timeout}</arg>
<doc>Waits until the element ``locator`` is visible.</doc>
<status status="FAIL" start="2025-07-08T15:42:56.452943" elapsed="1.170831">Element 'xpath=//tbody/tr[2]/td[contains(.,'Persetujuan anggaran')]' not visible after 1 second.</status>
</kw>
<msg time="2025-07-08T15:42:57.623995" level="INFO">${res} = False</msg>
<var>${res}</var>
<arg>Wait Until Element Is Visible</arg>
<arg>${locator}</arg>
<arg>${timeout}</arg>
<doc>Runs the given keyword with given arguments and returns the status as a Boolean value.</doc>
<status status="PASS" start="2025-07-08T15:42:56.452296" elapsed="1.171750"/>
</kw>
<return>
<value>${res}</value>
<status status="PASS" start="2025-07-08T15:42:57.624157" elapsed="0.000072"/>
</return>
<msg time="2025-07-08T15:42:57.624454" level="INFO">${res_list} = False</msg>
<var>${res_list}</var>
<arg>xpath=//tbody/tr[${counter}]/td[contains(.,'${filter_status}')]</arg>
<arg>timeout=1s</arg>
<status status="PASS" start="2025-07-08T15:42:56.450365" elapsed="1.174136"/>
</kw>
<if>
<branch type="IF" condition="${res_list}">
<kw name="Log" owner="BuiltIn">
<arg>Proyek ditemukan di halaman ${keyword} pada baris ${counter}</arg>
<doc>Logs the given message with the given level.</doc>
<status status="NOT RUN" start="2025-07-08T15:42:57.624911" elapsed="0.000049"/>
</kw>
<kw name="general delay" owner="generalFunct">
<arg>1s</arg>
<status status="NOT RUN" start="2025-07-08T15:42:57.625173" elapsed="0.000054"/>
</kw>
<kw name="Get Information Project" owner="generalFunct">
<arg>${counter}</arg>
<status status="NOT RUN" start="2025-07-08T15:42:57.625612" elapsed="0.000060"/>
</kw>
<kw name="Exit For Loop" owner="BuiltIn">
<doc>Stops executing the enclosing FOR loop.</doc>
<status status="NOT RUN" start="2025-07-08T15:42:57.625852" elapsed="0.000053"/>
</kw>
<status status="NOT RUN" start="2025-07-08T15:42:57.624646" elapsed="0.001321"/>
</branch>
<status status="PASS" start="2025-07-08T15:42:57.624613" elapsed="0.001415"/>
</if>
<var name="${counter}">2</var>
<status status="PASS" start="2025-07-08T15:42:56.450170" elapsed="1.175899"/>
</iter>
<iter>
<kw name="general return status" owner="generalFunct">
<kw name="Run Keyword And Return Status" owner="BuiltIn">
<kw name="Wait Until Element Is Visible" owner="SeleniumLibrary">
<msg time="2025-07-08T15:42:58.804357" level="INFO" html="true">&lt;/td&gt;&lt;/tr&gt;&lt;tr&gt;&lt;td colspan="3"&gt;&lt;a href="selenium-screenshot-157.png"&gt;&lt;img src="selenium-screenshot-157.png" width="800px"&gt;&lt;/a&gt;</msg>
<msg time="2025-07-08T15:42:58.804654" level="FAIL">Element 'xpath=//tbody/tr[3]/td[contains(.,'Persetujuan anggaran')]' not visible after 1 second.</msg>
<arg>${locator}</arg>
<arg>${timeout}</arg>
<doc>Waits until the element ``locator`` is visible.</doc>
<status status="FAIL" start="2025-07-08T15:42:57.628695" elapsed="1.177570">Element 'xpath=//tbody/tr[3]/td[contains(.,'Persetujuan anggaran')]' not visible after 1 second.</status>
</kw>
<msg time="2025-07-08T15:42:58.806477" level="INFO">${res} = False</msg>
<var>${res}</var>
<arg>Wait Until Element Is Visible</arg>
<arg>${locator}</arg>
<arg>${timeout}</arg>
<doc>Runs the given keyword with given arguments and returns the status as a Boolean value.</doc>
<status status="PASS" start="2025-07-08T15:42:57.627994" elapsed="1.178534"/>
</kw>
<return>
<value>${res}</value>
<status status="PASS" start="2025-07-08T15:42:58.806635" elapsed="0.000068"/>
</return>
<msg time="2025-07-08T15:42:58.806906" level="INFO">${res_list} = False</msg>
<var>${res_list}</var>
<arg>xpath=//tbody/tr[${counter}]/td[contains(.,'${filter_status}')]</arg>
<arg>timeout=1s</arg>
<status status="PASS" start="2025-07-08T15:42:57.626662" elapsed="1.180288"/>
</kw>
<if>
<branch type="IF" condition="${res_list}">
<kw name="Log" owner="BuiltIn">
<arg>Proyek ditemukan di halaman ${keyword} pada baris ${counter}</arg>
<doc>Logs the given message with the given level.</doc>
<status status="NOT RUN" start="2025-07-08T15:42:58.807361" elapsed="0.000053"/>
</kw>
<kw name="general delay" owner="generalFunct">
<arg>1s</arg>
<status status="NOT RUN" start="2025-07-08T15:42:58.807624" elapsed="0.000051"/>
</kw>
<kw name="Get Information Project" owner="generalFunct">
<arg>${counter}</arg>
<status status="NOT RUN" start="2025-07-08T15:42:58.808043" elapsed="0.000054"/>
</kw>
<kw name="Exit For Loop" owner="BuiltIn">
<doc>Stops executing the enclosing FOR loop.</doc>
<status status="NOT RUN" start="2025-07-08T15:42:58.808278" elapsed="0.000046"/>
</kw>
<status status="NOT RUN" start="2025-07-08T15:42:58.807099" elapsed="0.001294"/>
</branch>
<status status="PASS" start="2025-07-08T15:42:58.807069" elapsed="0.001395"/>
</if>
<var name="${counter}">3</var>
<status status="PASS" start="2025-07-08T15:42:57.626291" elapsed="1.182215"/>
</iter>
<iter>
<kw name="general return status" owner="generalFunct">
<kw name="Run Keyword And Return Status" owner="BuiltIn">
<kw name="Wait Until Element Is Visible" owner="SeleniumLibrary">
<msg time="2025-07-08T15:43:00.077102" level="INFO" html="true">&lt;/td&gt;&lt;/tr&gt;&lt;tr&gt;&lt;td colspan="3"&gt;&lt;a href="selenium-screenshot-158.png"&gt;&lt;img src="selenium-screenshot-158.png" width="800px"&gt;&lt;/a&gt;</msg>
<msg time="2025-07-08T15:43:00.077390" level="FAIL">Element 'xpath=//tbody/tr[4]/td[contains(.,'Persetujuan anggaran')]' not visible after 1 second.</msg>
<arg>${locator}</arg>
<arg>${timeout}</arg>
<doc>Waits until the element ``locator`` is visible.</doc>
<status status="FAIL" start="2025-07-08T15:42:58.809727" elapsed="1.269404">Element 'xpath=//tbody/tr[4]/td[contains(.,'Persetujuan anggaran')]' not visible after 1 second.</status>
</kw>
<msg time="2025-07-08T15:43:00.079351" level="INFO">${res} = False</msg>
<var>${res}</var>
<arg>Wait Until Element Is Visible</arg>
<arg>${locator}</arg>
<arg>${timeout}</arg>
<doc>Runs the given keyword with given arguments and returns the status as a Boolean value.</doc>
<status status="PASS" start="2025-07-08T15:42:58.809451" elapsed="1.269957"/>
</kw>
<return>
<value>${res}</value>
<status status="PASS" start="2025-07-08T15:43:00.079520" elapsed="0.000075"/>
</return>
<msg time="2025-07-08T15:43:00.079797" level="INFO">${res_list} = False</msg>
<var>${res_list}</var>
<arg>xpath=//tbody/tr[${counter}]/td[contains(.,'${filter_status}')]</arg>
<arg>timeout=1s</arg>
<status status="PASS" start="2025-07-08T15:42:58.808925" elapsed="1.270916"/>
</kw>
<if>
<branch type="IF" condition="${res_list}">
[...]
<arg>${locator}</arg>
<doc>Verifies that the element identified by ``locator`` is visible.</doc>
<status status="PASS" start="2025-07-08T15:48:05.939555" elapsed="0.025486"/>
</kw>
<kw name="Wait Until Element Is Visible" owner="SeleniumLibrary">
<arg>${locator}</arg>
<arg>timeout=${interval}</arg>
<doc>Waits until the element ``locator`` is visible.</doc>
<status status="PASS" start="2025-07-08T15:48:05.965335" elapsed="0.023512"/>
</kw>
<var name="${i}">2</var>
<status status="PASS" start="2025-07-08T15:48:05.939345" elapsed="0.049625"/>
</iter>
<var>${i}</var>
<value>${ulang}</value>
<status status="PASS" start="2025-07-08T15:48:05.841840" elapsed="0.147224"/>
</for>
<arg>${locator}</arg>
<arg>${total_checks}</arg>
<arg>${interval}</arg>
<status status="PASS" start="2025-07-08T15:48:05.779313" elapsed="0.209886"/>
</kw>
<arg>${max_retries} times</arg>
<arg>0s</arg>
<arg>Elemen Harus Stabil Terlihat</arg>
<arg>${locator}</arg>
<arg>${total_checks}</arg>
<arg>${interval}</arg>
<doc>Runs the specified keyword and retries if it fails.</doc>
<status status="PASS" start="2025-07-08T15:48:05.778866" elapsed="0.210438"/>
</kw>
<kw name="general delay" owner="generalFunct">
<kw name="Run Keyword And Ignore Error" owner="BuiltIn">
<kw name="Wait Until Keyword Succeeds" owner="BuiltIn">
<kw name="Fail" owner="BuiltIn">
<msg time="2025-07-08T15:48:05.991392" level="FAIL">Delay paksa tanpa Sleep</msg>
<arg>Delay paksa tanpa Sleep</arg>
<doc>Fails the test with the given message and optionally alters its tags.</doc>
<status status="FAIL" start="2025-07-08T15:48:05.991133" elapsed="0.000367">Delay paksa tanpa Sleep</status>
</kw>
<kw name="Fail" owner="BuiltIn">
<msg time="2025-07-08T15:48:06.993179" level="FAIL">Delay paksa tanpa Sleep</msg>
<arg>Delay paksa tanpa Sleep</arg>
<doc>Fails the test with the given message and optionally alters its tags.</doc>
<status status="FAIL" start="2025-07-08T15:48:06.992837" elapsed="0.000467">Delay paksa tanpa Sleep</status>
</kw>
<msg time="2025-07-08T15:48:06.993479" level="FAIL">Keyword 'Fail' failed after retrying 2 times. The last error was: Delay paksa tanpa Sleep</msg>
<arg>2 times</arg>
<arg>${durasi}</arg>
<arg>Fail</arg>
<arg>Delay paksa tanpa Sleep</arg>
<doc>Runs the specified keyword and retries if it fails.</doc>
<status status="FAIL" start="2025-07-08T15:48:05.990711" elapsed="1.002947">Keyword 'Fail' failed after retrying 2 times. The last error was: Delay paksa tanpa Sleep</status>
</kw>
<arg>Wait Until Keyword Succeeds</arg>
<arg>2 times</arg>
<arg>${durasi}</arg>
<arg>Fail</arg>
<arg>Delay paksa tanpa Sleep</arg>
<doc>Runs the given keyword with the given arguments and ignores possible error.</doc>
<status status="PASS" start="2025-07-08T15:48:05.990134" elapsed="1.003646"/>
</kw>
<arg>1s</arg>
<status status="PASS" start="2025-07-08T15:48:05.989572" elapsed="1.004323"/>
</kw>
<arg>${titlePopUp}</arg>
<status status="PASS" start="2025-07-08T15:48:05.776974" elapsed="1.217015"/>
</kw>
<kw name="Get Text" owner="SeleniumLibrary">
<msg time="2025-07-08T15:48:07.016651" level="INFO">${textTitlePopUp} = Batal Pengajuan Ubah Anggaran</msg>
<var>${textTitlePopUp}</var>
<arg>${titlePopUp}</arg>
<doc>Returns the text value of the element identified by ``locator``.</doc>
<status status="PASS" start="2025-07-08T15:48:06.994200" elapsed="0.022518"/>
</kw>
<kw name="Log To Console" owner="BuiltIn">
<arg>PopUp Batalkan : ${textTitlePopUp}</arg>
<doc>Logs the given message to the console.</doc>
<status status="PASS" start="2025-07-08T15:48:07.017476" elapsed="0.000620"/>
</kw>
<kw name="Should Be Equal" owner="BuiltIn">
<arg>${textTitlePopUp}</arg>
<arg>${titleText_popUp}</arg>
<doc>Fails if the given objects are unequal.</doc>
<status status="PASS" start="2025-07-08T15:48:07.018543" elapsed="0.000349"/>
</kw>
<kw name="general delay" owner="generalFunct">
<kw name="Run Keyword And Ignore Error" owner="BuiltIn">
<kw name="Wait Until Keyword Succeeds" owner="BuiltIn">
<kw name="Fail" owner="BuiltIn">
<msg time="2025-07-08T15:48:07.020438" level="FAIL">Delay paksa tanpa Sleep</msg>
<arg>Delay paksa tanpa Sleep</arg>
<doc>Fails the test with the given message and optionally alters its tags.</doc>
<status status="FAIL" start="2025-07-08T15:48:07.020200" elapsed="0.000348">Delay paksa tanpa Sleep</status>
</kw>
<kw name="Fail" owner="BuiltIn">
<msg time="2025-07-08T15:48:09.021757" level="FAIL">Delay paksa tanpa Sleep</msg>
<arg>Delay paksa tanpa Sleep</arg>
<doc>Fails the test with the given message and optionally alters its tags.</doc>
<status status="FAIL" start="2025-07-08T15:48:09.021418" elapsed="0.000516">Delay paksa tanpa Sleep</status>
</kw>
<msg time="2025-07-08T15:48:09.022325" level="FAIL">Keyword 'Fail' failed after retrying 2 times. The last error was: Delay paksa tanpa Sleep</msg>
<arg>2 times</arg>
<arg>${durasi}</arg>
<arg>Fail</arg>
<arg>Delay paksa tanpa Sleep</arg>
<doc>Runs the specified keyword and retries if it fails.</doc>
<status status="FAIL" start="2025-07-08T15:48:07.019868" elapsed="2.002811">Keyword 'Fail' failed after retrying 2 times. The last error was: Delay paksa tanpa Sleep</status>
</kw>
<arg>Wait Until Keyword Succeeds</arg>
<arg>2 times</arg>
<arg>${durasi}</arg>
<arg>Fail</arg>
<arg>Delay paksa tanpa Sleep</arg>
<doc>Runs the given keyword with the given arguments and ignores possible error.</doc>
<status status="PASS" start="2025-07-08T15:48:07.019622" elapsed="2.003245"/>
</kw>
<status status="PASS" start="2025-07-08T15:48:07.019191" elapsed="2.003829"/>
</kw>
<arg>${buttonBatalkan_onNotes}</arg>
<arg>Batal Pengajuan Ubah Anggaran</arg>
<status status="PASS" start="2025-07-08T15:48:03.343837" elapsed="5.679286"/>
</kw>
<kw name="Then user click button" owner="generalFunct">
<kw name="general Wait Until" owner="generalFunct">
<kw name="Set Variable" owner="BuiltIn">
<msg time="2025-07-08T15:48:09.024491" level="INFO">${interval} = 1</msg>
<var>${interval}</var>
<arg>1</arg>
<doc>Returns the given values which can then be assigned to a variables.</doc>
<status status="PASS" start="2025-07-08T15:48:09.024286" elapsed="0.000253"/>
</kw>
<kw name="Evaluate" owner="BuiltIn">
<msg time="2025-07-08T15:48:09.025103" level="INFO">${total_checks} = 3</msg>
<var>${total_checks}</var>
<arg>int(${durasi} / ${interval})</arg>
<doc>Evaluates the given expression in Python and returns the result.</doc>
<status status="PASS" start="2025-07-08T15:48:09.024733" elapsed="0.000422"/>
</kw>
<kw name="Wait Until Keyword Succeeds" owner="BuiltIn">
<kw name="Elemen Harus Stabil Terlihat" owner="generalFunct">
<kw name="Wait Until Element Is Visible" owner="SeleniumLibrary">
<arg>${locator}</arg>
<arg>timeout=5s</arg>
<doc>Waits until the element ``locator`` is visible.</doc>
<status status="PASS" start="2025-07-08T15:48:09.026313" elapsed="0.030510"/>
</kw>
<for flavor="IN RANGE">
<iter>
<kw name="Element Should Be Visible" owner="SeleniumLibrary">
<msg time="2025-07-08T15:48:09.080558" level="INFO">Element 'xpath=//div[@role='dialog']//div[2]/button[contains(.,'Ya')]' is displayed.</msg>
<arg>${locator}</arg>
<doc>Verifies that the element identified by ``locator`` is visible.</doc>
<status status="PASS" start="2025-07-08T15:48:09.057454" elapsed="0.023231"/>
</kw>
<kw name="Wait Until Element Is Visible" owner="SeleniumLibrary">
<arg>${locator}</arg>
<arg>timeout=${interval}</arg>
<doc>Waits until the element ``locator`` is visible.</doc>
<status status="PASS" start="2025-07-08T15:48:09.080962" elapsed="0.024720"/>
</kw>
<var name="${i}">0</var>
<status status="PASS" start="2025-07-08T15:48:09.057233" elapsed="0.048578"/>
</iter>
<iter>
<kw name="Element Should Be Visible" owner="SeleniumLibrary">
<msg time="2025-07-08T15:48:09.131743" level="INFO">Element 'xpath=//div[@role='dialog']//div[2]/button[contains(.,'Ya')]' is displayed.</msg>
<arg>${locator}</arg>
<doc>Verifies that the element identified by ``locator`` is visible.</doc>
<status status="PASS" start="2025-07-08T15:48:09.106359" elapsed="0.025510"/>
</kw>
<kw name="Wait Until Element Is Visible" owner="SeleniumLibrary">
<arg>${locator}</arg>
<arg>timeout=${interval}</arg>
<doc>Waits until the element ``locator`` is visible.</doc>
<status status="PASS" start="2025-07-08T15:48:09.132146" elapsed="0.025063"/>
</kw>
<var name="${i}">1</var>
<status status="PASS" start="2025-07-08T15:48:09.106046" elapsed="0.051288"/>
</iter>
<iter>
<kw name="Element Should Be Visible" owner="SeleniumLibrary">
<msg time="2025-07-08T15:48:09.180617" level="INFO">Element 'xpath=//div[@role='dialog']//div[2]/button[contains(.,'Ya')]' is displayed.</msg>
<arg>${locator}</arg>
<doc>Verifies that the element identified by ``locator`` is visible.</doc>
<status status="PASS" start="2025-07-08T15:48:09.157748" elapsed="0.023004"/>
</kw>
<kw name="Wait Until Element Is Visible" owner="SeleniumLibrary">
<arg>${locator}</arg>
<arg>timeout=${interval}</arg>
<doc>Waits until the element ``locator`` is visible.</doc>
<status status="PASS" start="2025-07-08T15:48:09.181043" elapsed="0.025792"/>
</kw>
<var name="${i}">2</var>
<status status="PASS" start="2025-07-08T15:48:09.157533" elapsed="0.049440"/>
</iter>
<var>${i}</var>
<value>${ulang}</value>
<status status="PASS" start="2025-07-08T15:48:09.056975" elapsed="0.150095"/>
</for>
<arg>${locator}</arg>
<arg>${total_checks}</arg>
<arg>${interval}</arg>
<status status="PASS" start="2025-07-08T15:48:09.025812" elapsed="0.181414"/>
</kw>
<arg>${max_retries} times</arg>
<arg>0s</arg>
<arg>Elemen Harus Stabil Terlihat</arg>
<arg>${locator}</arg>
<arg>${total_checks}</arg>
<arg>${interval}</arg>
<doc>Runs the specified keyword and retries if it fails.</doc>
<status status="PASS" start="2025-07-08T15:48:09.025379" elapsed="0.181950"/>
</kw>
<kw name="general delay" owner="generalFunct">
<kw name="Run Keyword And Ignore Error" owner="BuiltIn">
<kw name="Wait Until Keyword Succeeds" owner="BuiltIn">
<kw name="Fail" owner="BuiltIn">
<msg time="2025-07-08T15:48:09.208875" level="FAIL">Delay paksa tanpa Sleep</msg>
<arg>Delay paksa tanpa Sleep</arg>
<doc>Fails the test with the given message and optionally alters its tags.</doc>
<status status="FAIL" start="2025-07-08T15:48:09.208625" elapsed="0.000354">Delay paksa tanpa Sleep</status>
</kw>
<kw name="Fail" owner="BuiltIn">
<msg time="2025-07-08T15:48:10.210118" level="FAIL">Delay paksa tanpa Sleep</msg>
<arg>Delay paksa tanpa Sleep</arg>
<doc>Fails the test with the given message and optionally alters its tags.</doc>
<status status="FAIL" start="2025-07-08T15:48:10.209777" elapsed="0.000472">Delay paksa tanpa Sleep</status>
</kw>
<msg time="2025-07-08T15:48:10.210426" level="FAIL">Keyword 'Fail' failed after retrying 2 times. The last error was: Delay paksa tanpa Sleep</msg>
<arg>2 times</arg>
<arg>${durasi}</arg>
<arg>Fail</arg>
<arg>Delay paksa tanpa Sleep</arg>
<doc>Runs the specified keyword and retries if it fails.</doc>
<status status="FAIL" start="2025-07-08T15:48:09.208302" elapsed="1.002296">Keyword 'Fail' failed after retrying 2 times. The last error was: Delay paksa tanpa Sleep</status>
</kw>
<arg>Wait Until Keyword Succeeds</arg>
<arg>2 times</arg>
<arg>${durasi}</arg>
<arg>Fail</arg>
<arg>Delay paksa tanpa Sleep</arg>
<doc>Runs the given keyword with the given arguments and ignores possible error.</doc>
<status status="PASS" start="2025-07-08T15:48:09.208031" elapsed="1.002687"/>
</kw>
<arg>1s</arg>
<status status="PASS" start="2025-07-08T15:48:09.207590" elapsed="1.003423"/>
</kw>
<arg>${loc_btn}</arg>
<status status="PASS" start="2025-07-08T15:48:09.023854" elapsed="1.187261"/>
</kw>
<kw name="user click element" owner="generalFunct">
<kw name="general Wait Until" owner="generalFunct">
<kw name="Set Variable" owner="BuiltIn">
<msg time="2025-07-08T15:48:10.213867" level="INFO">${interval} = 1</msg>
<var>${interval}</var>
<arg>1</arg>
<doc>Returns the given values which can then be assigned to a variables.</doc>
<status status="PASS" start="2025-07-08T15:48:10.213438" elapsed="0.000538"/>
</kw>
<kw name="Evaluate" owner="BuiltIn">
<msg time="2025-07-08T15:48:10.215583" level="INFO">${total_checks} = 3</msg>
<var>${total_checks}</var>
<arg>int(${durasi} / ${interval})</arg>
<doc>Evaluates the given expression in Python and returns the result.</doc>
<status status="PASS" start="2025-07-08T15:48:10.214479" elapsed="0.001251"/>
</kw>
<kw name="Wait Until Keyword Succeeds" owner="BuiltIn">
<kw name="Elemen Harus Stabil Terlihat" owner="generalFunct">
<kw name="Wait Until Element Is Visible" owner="SeleniumLibrary">
<arg>${locator}</arg>
<arg>timeout=5s</arg>
<doc>Waits until the element ``locator`` is visible.</doc>
<status status="PASS" start="2025-07-08T15:48:10.217931" elapsed="0.025034"/>
</kw>
<for flavor="IN RANGE">
<iter>
<kw name="Element Should Be Visible" owner="SeleniumLibrary">
<msg time="2025-07-08T15:48:10.266487" level="INFO">Element 'xpath=//div[@role='dialog']//div[2]/button[contains(.,'Ya')]' is displayed.</msg>
<arg>${locator}</arg>
<doc>Verifies that the element identified by ``locator`` is visible.</doc>
<status status="PASS" start="2025-07-08T15:48:10.243606" elapsed="0.023119"/>
</kw>
<kw name="Wait Until Element Is Visible" owner="SeleniumLibrary">
<arg>${locator}</arg>
<arg>timeout=${interval}</arg>
<doc>Waits until the element ``locator`` is visible.</doc>
<status status="PASS" start="2025-07-08T15:48:10.267534" elapsed="0.026895"/>
</kw>
<var name="${i}">0</var>
<status status="PASS" start="2025-07-08T15:48:10.243387" elapsed="0.051164"/>
</iter>
<iter>
<kw name="Element Should Be Visible" owner="SeleniumLibrary">
<msg time="2025-07-08T15:48:10.318688" level="INFO">Element 'xpath=//div[@role='dialog']//div[2]/button[contains(.,'Ya')]' is displayed.</msg>
<arg>${locator}</arg>
<doc>Verifies that the element identified by ``locator`` is visible.</doc>
<status status="PASS" start="2025-07-08T15:48:10.295085" elapsed="0.023752"/>
</kw>
<kw name="Wait Until Element Is Visible" owner="SeleniumLibrary">
<arg>${locator}</arg>
<arg>timeout=${interval}</arg>
<doc>Waits until the element ``locator`` is visible.</doc>
<status status="PASS" start="2025-07-08T15:48:10.319151" elapsed="0.023507"/>
</kw>
<var name="${i}">1</var>
<status status="PASS" start="2025-07-08T15:48:10.294838" elapsed="0.048131"/>
</iter>
<iter>
<kw name="Element Should Be Visible" owner="SeleniumLibrary">
<msg time="2025-07-08T15:48:10.366767" level="INFO">Element 'xpath=//div[@role='dialog']//div[2]/button[contains(.,'Ya')]' is displayed.</msg>
<arg>${locator}</arg>
<doc>Verifies that the element identified by ``locator`` is visible.</doc>
<status status="PASS" start="2025-07-08T15:48:10.343577" elapsed="0.023345"/>
</kw>
<kw name="Wait Until Element Is Visible" owner="SeleniumLibrary">
<arg>${locator}</arg>
<arg>timeout=${interval}</arg>
<doc>Waits until the element ``locator`` is visible.</doc>
<status status="PASS" start="2025-07-08T15:48:10.367361" elapsed="0.022965"/>
</kw>
<var name="${i}">2</var>
<status status="PASS" start="2025-07-08T15:48:10.343350" elapsed="0.047094"/>
</iter>
<var>${i}</var>
<value>${ulang}</value>
<status status="PASS" start="2025-07-08T15:48:10.243127" elapsed="0.147396"/>
</for>
<arg>${locator}</arg>
<arg>${total_checks}</arg>
<arg>${interval}</arg>
<status status="PASS" start="2025-07-08T15:48:10.217156" elapsed="0.173496"/>
</kw>
<arg>${max_retries} times</arg>
<arg>0s</arg>
<arg>Elemen Harus Stabil Terlihat</arg>
<arg>${locator}</arg>
<arg>${total_checks}</arg>
<arg>${interval}</arg>
<doc>Runs the specified keyword and retries if it fails.</doc>
<status status="PASS" start="2025-07-08T15:48:10.216232" elapsed="0.174516"/>
</kw>
<kw name="general delay" owner="generalFunct">
<kw name="Run Keyword And Ignore Error" owner="BuiltIn">
<kw name="Wait Until Keyword Succeeds" owner="BuiltIn">
<kw name="Fail" owner="BuiltIn">
<msg time="2025-07-08T15:48:10.392262" level="FAIL">Delay paksa tanpa Sleep</msg>
<arg>Delay paksa tanpa Sleep</arg>
<doc>Fails the test with the given message and optionally alters its tags.</doc>
<status status="FAIL" start="2025-07-08T15:48:10.392025" elapsed="0.000343">Delay paksa tanpa Sleep</status>
</kw>
<kw name="Fail" owner="BuiltIn">
<msg time="2025-07-08T15:48:11.393443" level="FAIL">Delay paksa tanpa Sleep</msg>
<arg>Delay paksa tanpa Sleep</arg>
<doc>Fails the test with the given message and optionally alters its tags.</doc>
<status status="FAIL" start="2025-07-08T15:48:11.393103" elapsed="0.000464">Delay paksa tanpa Sleep</status>
</kw>
<msg time="2025-07-08T15:48:11.393755" level="FAIL">Keyword 'Fail' failed after retrying 2 times. The last error was: Delay paksa tanpa Sleep</msg>
<arg>2 times</arg>
<arg>${durasi}</arg>
<arg>Fail</arg>
<arg>Delay paksa tanpa Sleep</arg>
<doc>Runs the specified keyword and retries if it fails.</doc>
<status status="FAIL" start="2025-07-08T15:48:10.391704" elapsed="1.002232">Keyword 'Fail' failed after retrying 2 times. The last error was: Delay paksa tanpa Sleep</status>
</kw>
<arg>Wait Until Keyword Succeeds</arg>
<arg>2 times</arg>
<arg>${durasi}</arg>
<arg>Fail</arg>
<arg>Delay paksa tanpa Sleep</arg>
<doc>Runs the given keyword with the given arguments and ignores possible error.</doc>
<status status="PASS" start="2025-07-08T15:48:10.391452" elapsed="1.002614"/>
</kw>
<arg>1s</arg>
<status status="PASS" start="2025-07-08T15:48:10.391024" elapsed="1.003159"/>
</kw>
<arg>${element}</arg>
<status status="PASS" start="2025-07-08T15:48:10.212239" elapsed="1.182055"/>
</kw>
<kw name="Click When Element Ready" owner="generalFunct">
<kw name="Wait Until Keyword Succeeds" owner="BuiltIn">
<kw name="Click Element" owner="SeleniumLibrary">
<msg time="2025-07-08T15:48:11.395685" level="INFO">Clicking element 'xpath=//div[@role='dialog']//div[2]/button[contains(.,'Ya')]'.</msg>
<arg>${locator}</arg>
<doc>Click the element identified by ``locator``.</doc>
<status status="PASS" start="2025-07-08T15:48:11.395408" elapsed="0.093538"/>
</kw>
<arg>5 times</arg>
<arg>3s</arg>
<arg>Click Element</arg>
<arg>${locator}</arg>
<doc>Runs the specified keyword and retries if it fails.</doc>
<status status="PASS" start="2025-07-08T15:48:11.395068" elapsed="0.094054"/>
</kw>
<arg>${element}</arg>
<status status="PASS" start="2025-07-08T15:48:11.394527" elapsed="0.094734"/>
</kw>
<arg>${loc_btn}</arg>
<status status="PASS" start="2025-07-08T15:48:10.211358" elapsed="1.278021"/>
</kw>
<arg>${btnYa_onPopUp}</arg>
<status status="PASS" start="2025-07-08T15:48:09.023396" elapsed="2.466077"/>
</kw>
<status status="PASS" start="2025-07-08T15:46:51.360810" elapsed="80.128789"/>
</kw>
<kw name="End Web Test" owner="web_eProc" type="TEARDOWN">
<kw name="Log" owner="BuiltIn">
<msg time="2025-07-08T15:48:11.491691" level="INFO">Suite teardown initiated</msg>
<arg>Suite teardown initiated</arg>
<doc>Logs the given message with the given level.</doc>
<status status="PASS" start="2025-07-08T15:48:11.491512" elapsed="0.000261"/>
</kw>
<kw name="Close Browser" owner="SeleniumLibrary">
<doc>Closes the current browser.</doc>
<status status="PASS" start="2025-07-08T15:48:11.491975" elapsed="2.232596"/>
</kw>
<doc>Closes the browser after all tests in the suite have run</doc>
<status status="PASS" start="2025-07-08T15:48:11.490959" elapsed="2.233797"/>
</kw>
<doc>This scenario test User can click button batalkan on detail persetujuan anggaran</doc>
<tag>1000s</tag>
<tag>detail_project</tag>
<tag>test</tag>
<status status="PASS" start="2025-07-08T15:46:46.105291" elapsed="87.619879"/>
</test>
<status status="PASS" start="2025-07-08T15:42:28.701340" elapsed="345.025538"/>
</suite>
<statistics>
<total>
<stat pass="4" fail="0" skip="0">All Tests</stat>
</total>
<tag>
<stat pass="4" fail="0" skip="0">1000s</stat>
<stat pass="4" fail="0" skip="0">detail_project</stat>
<stat pass="4" fail="0" skip="0">test</stat>
</tag>
<suite>
<stat name="test detailProject PersetujuanAnggaran" id="s1" pass="4" fail="0" skip="0">test detailProject PersetujuanAnggaran</stat>
</suite>
</statistics>
<errors>
</errors>
</robot>
