<?xml version="1.0" encoding="UTF-8"?>
<robot generator="Robot 7.2.2 (Python 3.13.2 on win32)" generated="2025-04-17T15:42:21.421901" rpa="false" schemaversion="5">
<suite id="s1" name="test detailProject MenungguPersetujuan" source="C:\Users\1000Saudara45\Documents\Automation\eProc_Web\testSuite\Tim_OP\test_detailProject_MenungguPersetujuan.robot">
<test id="s1-t1" name="Tim OP can Changes Data Name Project with name has been used" line="35">
<kw name="Begin Web Test" owner="web_eProc" type="SETUP">
<kw name="Open Browser" owner="SeleniumLibrary">
<msg time="2025-04-17T15:42:22.917121" level="INFO">Opening browser 'chrome' to base url 'about:blank'.</msg>
<arg>about:blank</arg>
<arg>${BROWSER}</arg>
<doc>Opens a new browser instance to the optional ``url``.</doc>
<status status="PASS" start="2025-04-17T15:42:22.916751" elapsed="2.125295"/>
</kw>
<kw name="Maximize Browser Window" owner="SeleniumLibrary">
<doc>Maximizes current browser window.</doc>
<status status="PASS" start="2025-04-17T15:42:25.042659" elapsed="0.076284"/>
</kw>
<kw name="Go To" owner="SeleniumLibrary">
<msg time="2025-04-17T15:42:25.119759" level="INFO">Opening url 'https://developer.1000saudara.com/project1000s'</msg>
<arg>${URL_DEV}</arg>
<doc>Navigates the current browser window to the provided ``url``.</doc>
<status status="PASS" start="2025-04-17T15:42:25.119381" elapsed="1.039537"/>
</kw>
<status status="PASS" start="2025-04-17T15:42:22.915363" elapsed="3.243754"/>
</kw>
<kw name="User change name project with name has been used" owner="detailProject_MenungguPersetujuan">
<kw name="Given User can access Home Login 1000s" owner="login">
<kw name="Then user go to home page E-Proc1000s" owner="pom_login_eProc">
<kw name="user visit E-Proc1000s Login Page" owner="pom_login_eProc">
<kw name="Get Location" owner="SeleniumLibrary">
<msg time="2025-04-17T15:42:26.174389" level="INFO">${current_url} = https://developer.1000saudara.com/project1000s</msg>
<var>${current_url}</var>
<doc>Returns the current browser window URL.</doc>
<status status="PASS" start="2025-04-17T15:42:26.165194" elapsed="0.009266"/>
</kw>
<kw name="Log" owner="BuiltIn">
<msg time="2025-04-17T15:42:26.174963" level="INFO">Current Path: https://developer.1000saudara.com/project1000s</msg>
<arg>Current Path: ${current_url}</arg>
<doc>Logs the given message with the given level.</doc>
<status status="PASS" start="2025-04-17T15:42:26.174717" elapsed="0.000325"/>
</kw>
<kw name="general return status" owner="generalFunct">
<kw name="Run Keyword And Return Status" owner="BuiltIn">
<kw name="Wait Until Element Is Visible" owner="SeleniumLibrary">
<msg time="2025-04-17T15:42:26.231952" level="INFO">Suppressing StaleElementReferenceException from Selenium.</msg>
<arg>${locator}</arg>
<arg>timeout=5s</arg>
<doc>Waits until the element ``locator`` is visible.</doc>
<status status="PASS" start="2025-04-17T15:42:26.175975" elapsed="0.279259"/>
</kw>
<msg time="2025-04-17T15:42:26.455450" level="INFO">${res} = True</msg>
<var>${res}</var>
<arg>Wait Until Element Is Visible</arg>
<arg>${locator}</arg>
<arg>timeout=5s</arg>
<doc>Runs the given keyword with given arguments and returns the status as a Boolean value.</doc>
<status status="PASS" start="2025-04-17T15:42:26.175711" elapsed="0.279822"/>
</kw>
<return>
<value>${res}</value>
<status status="PASS" start="2025-04-17T15:42:26.455661" elapsed="0.000106"/>
</return>
<msg time="2025-04-17T15:42:26.455998" level="INFO">${res} = True</msg>
<var>${res}</var>
<arg>${headerLogin}</arg>
<status status="PASS" start="2025-04-17T15:42:26.175290" elapsed="0.280763"/>
</kw>
<while condition="${res} == $False">
<iter>
<kw name="Reload Page" owner="SeleniumLibrary">
<doc>Simulates user reloading page.</doc>
<status status="NOT RUN" start="2025-04-17T15:42:26.456734" elapsed="0.000056"/>
</kw>
<kw name="Sleep" owner="BuiltIn">
<arg>2s</arg>
<doc>Pauses the test executed for the given time.</doc>
<status status="NOT RUN" start="2025-04-17T15:42:26.456965" elapsed="0.000047"/>
</kw>
<kw name="general return status" owner="generalFunct">
<var>${res}</var>
<arg>${headerLogin}</arg>
<status status="NOT RUN" start="2025-04-17T15:42:26.457246" elapsed="0.000051"/>
</kw>
<status status="NOT RUN" start="2025-04-17T15:42:26.456168" elapsed="0.001195"/>
</iter>
<status status="NOT RUN" start="2025-04-17T15:42:26.456165" elapsed="0.001261"/>
</while>
<status status="PASS" start="2025-04-17T15:42:26.164342" elapsed="0.293191"/>
</kw>
<kw name="user login E-Proc1000s Page" owner="pom_login_eProc">
<kw name="general Wait Until" owner="generalFunct">
<kw name="Wait Until Element Is Visible" owner="SeleniumLibrary">
<arg>${locator}</arg>
<arg>timeout=5s</arg>
<doc>Waits until the element ``locator`` is visible.</doc>
<status status="PASS" start="2025-04-17T15:42:26.458734" elapsed="0.029139"/>
</kw>
<kw name="Sleep" owner="BuiltIn">
<msg time="2025-04-17T15:42:31.489343" level="INFO">Slept 5 seconds.</msg>
<arg>5</arg>
<doc>Pauses the test executed for the given time.</doc>
<status status="PASS" start="2025-04-17T15:42:26.488151" elapsed="5.001578"/>
</kw>
<arg>${inputPassword}</arg>
<status status="PASS" start="2025-04-17T15:42:26.458324" elapsed="5.031810"/>
</kw>
<kw name="user input text" owner="generalFunct">
<kw name="Wait Until Element Is Visible" owner="SeleniumLibrary">
<arg>${locator}</arg>
<doc>Waits until the element ``locator`` is visible.</doc>
<status status="PASS" start="2025-04-17T15:42:31.492273" elapsed="0.061674"/>
</kw>
<kw name="Input Text" owner="SeleniumLibrary">
<msg time="2025-04-17T15:42:31.554934" level="INFO">Typing text '085210758864' into text field 'xpath=//input[@id='TxtPhone']'.</msg>
<arg>${locator}</arg>
<arg>${text}</arg>
<doc>Types the given ``text`` into the text field identified by ``locator``.</doc>
<status status="PASS" start="2025-04-17T15:42:31.554381" elapsed="0.216260"/>
</kw>
<kw name="Sleep" owner="BuiltIn">
<msg time="2025-04-17T15:42:36.772174" level="INFO">Slept 5 seconds.</msg>
<arg>5</arg>
<doc>Pauses the test executed for the given time.</doc>
<status status="PASS" start="2025-04-17T15:42:31.771073" elapsed="5.001640"/>
</kw>
<arg>${inputUsername}</arg>
<arg>${ROLE_ADMIN}</arg>
<status status="PASS" start="2025-04-17T15:42:31.490853" elapsed="5.282161"/>
</kw>
<kw name="general return status" owner="generalFunct">
<kw name="Run Keyword And Return Status" owner="BuiltIn">
<kw name="Wait Until Element Is Visible" owner="SeleniumLibrary">
<arg>${locator}</arg>
<arg>timeout=5s</arg>
<doc>Waits until the element ``locator`` is visible.</doc>
<status status="PASS" start="2025-04-17T15:42:36.774797" elapsed="0.024891"/>
</kw>
<msg time="2025-04-17T15:42:36.800077" level="INFO">${res} = True</msg>
<var>${res}</var>
<arg>Wait Until Element Is Visible</arg>
<arg>${locator}</arg>
<arg>timeout=5s</arg>
<doc>Runs the given keyword with given arguments and returns the status as a Boolean value.</doc>
<status status="PASS" start="2025-04-17T15:42:36.774116" elapsed="0.026056"/>
</kw>
<return>
<value>${res}</value>
<status status="PASS" start="2025-04-17T15:42:36.800386" elapsed="0.000145"/>
</return>
<msg time="2025-04-17T15:42:36.800781" level="INFO">${res} = True</msg>
<var>${res}</var>
<arg>${inputPassword}</arg>
<status status="PASS" start="2025-04-17T15:42:36.773502" elapsed="0.027328"/>
</kw>
<if>
<branch type="IF" condition="${res}">
<kw name="Sleep" owner="BuiltIn">
<msg time="2025-04-17T15:42:40.802567" level="INFO">Slept 4 seconds.</msg>
<arg>4</arg>
<doc>Pauses the test executed for the given time.</doc>
<status status="PASS" start="2025-04-17T15:42:36.801253" elapsed="4.001689"/>
</kw>
<kw name="user input text" owner="generalFunct">
<kw name="Wait Until Element Is Visible" owner="SeleniumLibrary">
<arg>${locator}</arg>
<doc>Waits until the element ``locator`` is visible.</doc>
<status status="PASS" start="2025-04-17T15:42:40.805167" elapsed="0.046345"/>
</kw>
<kw name="Input Text" owner="SeleniumLibrary">
<msg time="2025-04-17T15:42:40.852565" level="INFO">Typing text '085210758864' into text field 'xpath=//input[@id='TxtPhone']'.</msg>
<arg>${locator}</arg>
<arg>${text}</arg>
<doc>Types the given ``text`` into the text field identified by ``locator``.</doc>
<status status="PASS" start="2025-04-17T15:42:40.851977" elapsed="0.182025"/>
</kw>
<kw name="Sleep" owner="BuiltIn">
<msg time="2025-04-17T15:42:46.035763" level="INFO">Slept 5 seconds.</msg>
<arg>5</arg>
<doc>Pauses the test executed for the given time.</doc>
<status status="PASS" start="2025-04-17T15:42:41.034402" elapsed="5.001766"/>
</kw>
<arg>${inputUsername}</arg>
<arg>${ROLE_ADMIN}</arg>
<status status="PASS" start="2025-04-17T15:42:40.803750" elapsed="5.232819"/>
</kw>
<kw name="user input password" owner="generalFunct">
<kw name="Wait Until Element Is Visible" owner="SeleniumLibrary">
<arg>${locator}</arg>
<doc>Waits until the element ``locator`` is visible.</doc>
<status status="PASS" start="2025-04-17T15:42:46.038672" elapsed="0.051744"/>
</kw>
<kw name="Input Password" owner="SeleniumLibrary">
<msg time="2025-04-17T15:42:46.091494" level="INFO">Typing password into text field 'xpath=//input[@id='pwd']'.</msg>
<msg time="2025-04-17T15:42:46.164404" level="INFO">Temporally setting log level to: NONE</msg>
<arg>${locator}</arg>
<arg>${text}</arg>
<doc>Types the given password into the text field identified by ``locator``.</doc>
<status status="PASS" start="2025-04-17T15:42:46.090896" elapsed="0.175282"/>
</kw>
<kw name="Sleep" owner="BuiltIn">
<msg time="2025-04-17T15:42:51.267748" level="INFO">Slept 5 seconds.</msg>
<arg>5</arg>
<doc>Pauses the test executed for the given time.</doc>
<status status="PASS" start="2025-04-17T15:42:46.266679" elapsed="5.001452"/>
</kw>
<arg>${inputPassword}</arg>
<arg>${PASSWORD}</arg>
<status status="PASS" start="2025-04-17T15:42:46.037296" elapsed="5.231229"/>
</kw>
<kw name="Press Key" owner="SeleniumLibrary">
<arg>${inputPassword}</arg>
<arg>\\13</arg>
<doc>Simulates user pressing key on element identified by ``locator``.</doc>
<status status="PASS" start="2025-04-17T15:42:51.269141" elapsed="0.081321"/>
</kw>
<kw name="Sleep" owner="BuiltIn">
<msg time="2025-04-17T15:42:56.351970" level="INFO">Slept 5 seconds.</msg>
<arg>5</arg>
<doc>Pauses the test executed for the given time.</doc>
<status status="PASS" start="2025-04-17T15:42:51.350773" elapsed="5.001577"/>
</kw>
<kw name="general return status" owner="generalFunct">
<kw name="Run Keyword And Return Status" owner="BuiltIn">
<kw name="Wait Until Element Is Visible" owner="SeleniumLibrary">
<arg>${locator}</arg>
<arg>timeout=5s</arg>
<doc>Waits until the element ``locator`` is visible.</doc>
<status status="PASS" start="2025-04-17T15:42:56.355267" elapsed="0.068102"/>
</kw>
<msg time="2025-04-17T15:42:56.423906" level="INFO">${res} = True</msg>
<var>${res}</var>
<arg>Wait Until Element Is Visible</arg>
<arg>${locator}</arg>
<arg>timeout=5s</arg>
<doc>Runs the given keyword with given arguments and returns the status as a Boolean value.</doc>
<status status="PASS" start="2025-04-17T15:42:56.354544" elapsed="0.069541"/>
</kw>
<return>
<value>${res}</value>
<status status="PASS" start="2025-04-17T15:42:56.424355" elapsed="0.000199"/>
</return>
<msg time="2025-04-17T15:42:56.425082" level="INFO">${res_list} = True</msg>
<var>${res_list}</var>
<arg>${listFilter}</arg>
<status status="PASS" start="2025-04-17T15:42:56.353243" elapsed="0.071992"/>
</kw>
<while condition="${res_list} == $False">
<iter>
<kw name="Press Key" owner="SeleniumLibrary">
<arg>${inputPassword}</arg>
<arg>\\13</arg>
<doc>Simulates user pressing key on element identified by ``locator``.</doc>
<status status="NOT RUN" start="2025-04-17T15:42:56.427215" elapsed="0.000231"/>
</kw>
<kw name="Sleep" owner="BuiltIn">
<arg>5</arg>
<doc>Pauses the test executed for the given time.</doc>
<status status="NOT RUN" start="2025-04-17T15:42:56.428362" elapsed="0.000236"/>
</kw>
<kw name="general return status" owner="generalFunct">
<var>${res_err}</var>
<arg>xpath=//div[@class='mb-20px']//parent::div/label[contains(text(), 'Nomor')]</arg>
<status status="NOT RUN" start="2025-04-17T15:42:56.429341" elapsed="0.000157"/>
</kw>
<if>
<branch type="IF" condition="${res_err}">
<kw name="without filling any of them" owner="pom_login_eProc">
<arg>${inputUsername}</arg>
<arg>${ROLE_ADMIN}</arg>
<status status="NOT RUN" start="2025-04-17T15:42:56.430707" elapsed="0.000137"/>
</kw>
<status status="NOT RUN" start="2025-04-17T15:42:56.429915" elapsed="0.001148"/>
</branch>
<branch type="ELSE">
<kw name="Exit For Loop" owner="BuiltIn">
<doc>Stops executing the enclosing FOR loop.</doc>
<status status="NOT RUN" start="2025-04-17T15:42:56.431788" elapsed="0.000145"/>
</kw>
<status status="NOT RUN" start="2025-04-17T15:42:56.431274" elapsed="0.000846"/>
</branch>
<status status="NOT RUN" start="2025-04-17T15:42:56.429789" elapsed="0.002504"/>
</if>
<status status="NOT RUN" start="2025-04-17T15:42:56.425513" elapsed="0.006908"/>
</iter>
<status status="NOT RUN" start="2025-04-17T15:42:56.425505" elapsed="0.007063"/>
</while>
<kw name="Wait Until Element Is Visible" owner="SeleniumLibrary">
<arg>${listFilter}</arg>
<doc>Waits until the element ``locator`` is visible.</doc>
<status status="PASS" start="2025-04-17T15:42:56.433101" elapsed="0.036023"/>
</kw>
<status status="PASS" start="2025-04-17T15:42:36.800989" elapsed="19.668373"/>
</branch>
<branch type="ELSE">
<kw name="Exit For Loop" owner="BuiltIn">
<doc>Stops executing the enclosing FOR loop.</doc>
<status status="NOT RUN" start="2025-04-17T15:42:56.469956" elapsed="0.000081"/>
</kw>
<status status="NOT RUN" start="2025-04-17T15:42:56.469592" elapsed="0.000551"/>
</branch>
<status status="PASS" start="2025-04-17T15:42:36.800948" elapsed="19.669283"/>
</if>
<status status="PASS" start="2025-04-17T15:42:26.457948" elapsed="30.012419"/>
</kw>
<kw name="Wait Until Element Is Visible" owner="SeleniumLibrary">
<arg>${listFilter}</arg>
<doc>Waits until the element ``locator`` is visible.</doc>
<status status="PASS" start="2025-04-17T15:42:56.470631" elapsed="0.029771"/>
</kw>
<kw name="Wait Until Element Is Visible" owner="SeleniumLibrary">
<arg>${titleProject}</arg>
<doc>Waits until the element ``locator`` is visible.</doc>
<status status="PASS" start="2025-04-17T15:42:56.500811" elapsed="0.036051"/>
</kw>
<kw name="Get Text" owner="SeleniumLibrary">
<msg time="2025-04-17T15:42:56.570855" level="INFO">${title} = Manajemen Project</msg>
<var>${title}</var>
<arg>${titleProject}</arg>
<doc>Returns the text value of the element identified by ``locator``.</doc>
<status status="PASS" start="2025-04-17T15:42:56.537271" elapsed="0.033655"/>
</kw>
<kw name="Log To Console" owner="BuiltIn">
<arg>${\n}${title}</arg>
<doc>Logs the given message to the console.</doc>
<status status="PASS" start="2025-04-17T15:42:56.571188" elapsed="0.000806"/>
</kw>
<status status="PASS" start="2025-04-17T15:42:26.163297" elapsed="30.408896"/>
</kw>
<status status="PASS" start="2025-04-17T15:42:26.162176" elapsed="30.410139"/>
</kw>
<kw name="When user ubah nama project dengan nama yang sudah digunakan" owner="pom_detailProject_MenungguPersetujuan">
<kw name="Get list Project Manajemen" owner="API_listKecamatan">
<kw name="Get User Login" owner="API_listKecamatan">
<kw name="Get Token" owner="API_listKecamatan">
<kw name="Disable Ssl Warnings" owner="ssl_helper">
<status status="PASS" start="2025-04-17T15:42:56.574316" elapsed="0.000163"/>
</kw>
<kw name="Create Session" owner="RequestsLibrary">
<msg time="2025-04-17T15:42:56.575059" level="INFO">Creating Session using : alias=api, url=https://dev-apiv1.1000saudara.com/auth/access, headers={'X-MSSAPI-KEY': 'DPEqC6x0Rh8eU5QhtjS1'},                     cookies={}, auth=None, timeout=None, proxies=None, verify=False,                     debug=0 </msg>
<arg>api</arg>
<arg>${authURL}</arg>
<arg>headers={"X-MSSAPI-KEY": "${KEY}"}</arg>
<doc>Create Session: create a HTTP session to a server</doc>
<status status="PASS" start="2025-04-17T15:42:56.574663" elapsed="0.000659"/>
</kw>
<kw name="POST On Session" owner="RequestsLibrary">
<msg time="2025-04-17T15:42:56.649917" level="INFO">POST Request : url=https://dev-apiv1.1000saudara.com/auth/access 
 path_url=/auth/access 
 headers={'User-Agent': 'python-requests/2.32.3', 'Accept-Encoding': 'gzip, deflate', 'Accept': '*/*', 'Connection': 'keep-alive', 'X-MSSAPI-KEY': 'DPEqC6x0Rh8eU5QhtjS1', 'Content-Length': '0'} 
 body=None 
 </msg>
<msg time="2025-04-17T15:42:56.650302" level="INFO">POST Response : url=https://dev-apiv1.1000saudara.com/auth/access 
 status=200, reason=OK 
 headers={'Content-Length': '442', 'Content-Type': 'application/json; charset=utf-8', 'X-Powered-By': 'ASP.NET', 'Date': 'Thu, 17 Apr 2025 08:42:57 GMT'} 
 body={"token":"eyJhbGciOiJodHRwOi8vd3d3LnczLm9yZy8yMDAxLzA0L3htbGRzaWctbW9yZSNobWFjLXNoYTI1NiIsInR5cCI6IkpXVCJ9.eyJodHRwOi8vc2NoZW1hcy54bWxzb2FwLm9yZy93cy8yMDA1LzA1L2lkZW50aXR5L2NsYWltcy9uYW1lIjoiYWNjZXNzIiwianRpIjoiNDVkNzRhNzQtZDMyNy00MDM4LWI4NjUtZDJhNzY3M2FiM2ViIiwiZXhwIjoxNzQ0ODgyOTc4LCJpc3MiOiJhY2Nlc3NJc3N1ZXIiLCJhdWQiOiJhY2Nlc3NBdWRpZW5jZSJ9.dfvYQIbDE0OoEWf0zpmEJkHvMMYst9C5O5aareO8zdc","expirationDate":"2025-04-17T16:42:58.2036518+07:00"} 
 </msg>
<msg time="2025-04-17T15:42:56.650517" level="INFO">${response} = &lt;Response [200]&gt;</msg>
<var>${response}</var>
<arg>api</arg>
<arg>url=${authURL}</arg>
<doc>Sends a POST request on a previously created HTTP Session.</doc>
<status status="PASS" start="2025-04-17T15:42:56.575526" elapsed="0.075041"/>
</kw>
<kw name="Should Be Equal As Strings" owner="BuiltIn">
<msg time="2025-04-17T15:42:56.651826" level="INFO">Argument types are:
&lt;class 'int'&gt;
&lt;class 'str'&gt;</msg>
<arg>${response.status_code}</arg>
<arg>200</arg>
<doc>Fails if objects are unequal after converting them to strings.</doc>
<status status="PASS" start="2025-04-17T15:42:56.650818" elapsed="0.001102"/>
</kw>
<kw name="Evaluate" owner="BuiltIn">
<msg time="2025-04-17T15:42:56.653105" level="INFO">${json} = {'token': 'eyJhbGciOiJodHRwOi8vd3d3LnczLm9yZy8yMDAxLzA0L3htbGRzaWctbW9yZSNobWFjLXNoYTI1NiIsInR5cCI6IkpXVCJ9.eyJodHRwOi8vc2NoZW1hcy54bWxzb2FwLm9yZy93cy8yMDA1LzA1L2lkZW50aXR5L2NsYWltcy9uYW1lIjoiYWNjZXNz...</msg>
<var>${json}</var>
<arg>json.loads('${response.content.decode("utf-8")}')</arg>
<doc>Evaluates the given expression in Python and returns the result.</doc>
<status status="PASS" start="2025-04-17T15:42:56.652127" elapsed="0.001032"/>
</kw>
<kw name="Set Variable" owner="BuiltIn">
<msg time="2025-04-17T15:42:56.654332" level="INFO">${token} = eyJhbGciOiJodHRwOi8vd3d3LnczLm9yZy8yMDAxLzA0L3htbGRzaWctbW9yZSNobWFjLXNoYTI1NiIsInR5cCI6IkpXVCJ9.eyJodHRwOi8vc2NoZW1hcy54bWxzb2FwLm9yZy93cy8yMDA1LzA1L2lkZW50aXR5L2NsYWltcy9uYW1lIjoiYWNjZXNzIiwianRpIjo...</msg>
<var>${token}</var>
<arg>${json['token']}</arg>
<doc>Returns the given values which can then be assigned to a variables.</doc>
<status status="PASS" start="2025-04-17T15:42:56.653352" elapsed="0.001032"/>
</kw>
<kw name="Set Global Variable" owner="BuiltIn">
<msg time="2025-04-17T15:42:56.655324" level="INFO">${token} = eyJhbGciOiJodHRwOi8vd3d3LnczLm9yZy8yMDAxLzA0L3htbGRzaWctbW9yZSNobWFjLXNoYTI1NiIsInR5cCI6IkpXVCJ9.eyJodHRwOi8vc2NoZW1hcy54bWxzb2FwLm9yZy93cy8yMDA1LzA1L2lkZW50aXR5L2NsYWltcy9uYW1lIjoiYWNjZXNzIiwianRpIjo...</msg>
<arg>${token}</arg>
<arg>${token}</arg>
<doc>Makes a variable available globally in all tests and suites.</doc>
<status status="PASS" start="2025-04-17T15:42:56.654600" elapsed="0.000944"/>
</kw>
<kw name="Log" owner="BuiltIn">
<msg time="2025-04-17T15:42:56.656317" level="INFO">token : eyJhbGciOiJodHRwOi8vd3d3LnczLm9yZy8yMDAxLzA0L3htbGRzaWctbW9yZSNobWFjLXNoYTI1NiIsInR5cCI6IkpXVCJ9.eyJodHRwOi8vc2NoZW1hcy54bWxzb2FwLm9yZy93cy8yMDA1LzA1L2lkZW50aXR5L2NsYWltcy9uYW1lIjoiYWNjZXNzIiwianRpIjoiNDVkNzRhNzQtZDMyNy00MDM4LWI4NjUtZDJhNzY3M2FiM2ViIiwiZXhwIjoxNzQ0ODgyOTc4LCJpc3MiOiJhY2Nlc3NJc3N1ZXIiLCJhdWQiOiJhY2Nlc3NBdWRpZW5jZSJ9.dfvYQIbDE0OoEWf0zpmEJkHvMMYst9C5O5aareO8zdc</msg>
<arg>token : ${token}</arg>
<doc>Logs the given message with the given level.</doc>
<status status="PASS" start="2025-04-17T15:42:56.655985" elapsed="0.000501"/>
</kw>
<doc>Mengambil Token Bearer</doc>
<status status="PASS" start="2025-04-17T15:42:56.574011" elapsed="0.082629"/>
</kw>
<kw name="Disable Ssl Warnings" owner="ssl_helper">
<status status="PASS" start="2025-04-17T15:42:56.656882" elapsed="0.000202"/>
</kw>
<kw name="Create Session" owner="RequestsLibrary">
<msg time="2025-04-17T15:42:56.657779" level="INFO">Creating Session using : alias=api, url=https://dev-apiv1.1000saudara.com/apiproyek/wb, headers={'Authorization': 'Bearer eyJhbGciOiJodHRwOi8vd3d3LnczLm9yZy8yMDAxLzA0L3htbGRzaWctbW9yZSNobWFjLXNoYTI1NiIsInR5cCI6IkpXVCJ9.eyJodHRwOi8vc2NoZW1hcy54bWxzb2FwLm9yZy93cy8yMDA1LzA1L2lkZW50aXR5L2NsYWltcy9uYW1lIjoiYWNjZXNzIiwianRpIjoiNDVkNzRhNzQtZDMyNy00MDM4LWI4NjUtZDJhNzY3M2FiM2ViIiwiZXhwIjoxNzQ0ODgyOTc4LCJpc3MiOiJhY2Nlc3NJc3N1ZXIiLCJhdWQiOiJhY2Nlc3NBdWRpZW5jZSJ9.dfvYQIbDE0OoEWf0zpmEJkHvMMYst9C5O5aareO8zdc'},                     cookies={}, auth=None, timeout=None, proxies=None, verify=False,                     debug=0 </msg>
<arg>api</arg>
<arg>${BASE_URL}</arg>
<arg>headers={"Authorization": "Bearer ${token}"}</arg>
<doc>Create Session: create a HTTP session to a server</doc>
<status status="PASS" start="2025-04-17T15:42:56.657316" elapsed="0.000687"/>
</kw>
<kw name="Create Dictionary" owner="BuiltIn">
<msg time="2025-04-17T15:42:56.658592" level="INFO">${origins} = {'Source': 'app_mitra', 'Version': ''}</msg>
<var>${origins}</var>
<arg>Source=app_mitra</arg>
<arg>Version=</arg>
<doc>Creates and returns a dictionary based on the given ``items``.</doc>
<status status="PASS" start="2025-04-17T15:42:56.658218" elapsed="0.000424"/>
</kw>
<kw name="Create Dictionary" owner="BuiltIn">
<msg time="2025-04-17T15:42:56.659191" level="INFO">${value} = {'Username': '085210758864', 'Password': '123456'}</msg>
<var>${value}</var>
<arg>Username=${ROLE_ADMIN}</arg>
<arg>Password=${PASSWORD}</arg>
<doc>Creates and returns a dictionary based on the given ``items``.</doc>
<status status="PASS" start="2025-04-17T15:42:56.658841" elapsed="0.000397"/>
</kw>
<kw name="Create Dictionary" owner="BuiltIn">
<msg time="2025-04-17T15:42:56.659801" level="INFO">${body} = {'Token': '', 'UserCode': '', 'Origins': {'Source': 'app_mitra', 'Version': ''}, 'Value': {'Username': '085210758864', 'Password': '123456'}}</msg>
<var>${body}</var>
<arg>Token=</arg>
<arg>UserCode=</arg>
<arg>Origins=${origins}</arg>
<arg>Value=${value}</arg>
<doc>Creates and returns a dictionary based on the given ``items``.</doc>
<status status="PASS" start="2025-04-17T15:42:56.659432" elapsed="0.000421"/>
</kw>
<kw name="POST On Session" owner="RequestsLibrary">
<msg time="2025-04-17T15:42:56.785738" level="INFO">POST Request : url=https://dev-apiv1.1000saudara.com/apiproyek/wb/User/login 
 path_url=/apiproyek/wb/User/login 
 headers={'User-Agent': 'python-requests/2.32.3', 'Accept-Encoding': 'gzip, deflate', 'Accept': '*/*', 'Connection': 'keep-alive', 'Authorization': 'Bearer eyJhbGciOiJodHRwOi8vd3d3LnczLm9yZy8yMDAxLzA0L3htbGRzaWctbW9yZSNobWFjLXNoYTI1NiIsInR5cCI6IkpXVCJ9.eyJodHRwOi8vc2NoZW1hcy54bWxzb2FwLm9yZy93cy8yMDA1LzA1L2lkZW50aXR5L2NsYWltcy9uYW1lIjoiYWNjZXNzIiwianRpIjoiNDVkNzRhNzQtZDMyNy00MDM4LWI4NjUtZDJhNzY3M2FiM2ViIiwiZXhwIjoxNzQ0ODgyOTc4LCJpc3MiOiJhY2Nlc3NJc3N1ZXIiLCJhdWQiOiJhY2Nlc3NBdWRpZW5jZSJ9.dfvYQIbDE0OoEWf0zpmEJkHvMMYst9C5O5aareO8zdc', 'Content-Length': '141', 'Content-Type': 'application/json'} 
 body=b'{"Token": "", "UserCode": "", "Origins": {"Source": "app_mitra", "Version": ""}, "Value": {"Username": "085210758864", "Password": "123456"}}' 
 </msg>
<msg time="2025-04-17T15:42:56.786077" level="INFO">POST Response : url=https://dev-apiv1.1000saudara.com/apiproyek/wb/User/login 
 status=200, reason=OK 
 headers={'Content-Length': '350', 'Content-Type': 'application/json; charset=utf-8', 'X-Powered-By': 'ASP.NET, ASP.NET', 'Date': 'Thu, 17 Apr 2025 08:42:57 GMT'} 
 body={"errorCode":0,"errorStatus":false,"errorMessage":"","value":{"userCode":"5JIVrNNIwhM=","userName":"WIKA Operator","companyId":"2","isValidLogin":true,"ticket":"fb1a56d5467910dc82d0c8fc3a96c766fb750ef0b4423b67fd59c999e86444a9","projectId":null,"photo":"","userRole":"Operation","userRoleCode":"administrator","userRoleSite":"","userRoleSiteCode":""}} 
 </msg>
<msg time="2025-04-17T15:42:56.786738" level="INFO">${response} = &lt;Response [200]&gt;</msg>
<var>${response}</var>
<arg>api</arg>
<arg>/User/login</arg>
<arg>json=${body}</arg>
<doc>Sends a POST request on a previously created HTTP Session.</doc>
<status status="PASS" start="2025-04-17T15:42:56.660049" elapsed="0.126874"/>
</kw>
<kw name="Should Be Equal As Strings" owner="BuiltIn">
<msg time="2025-04-17T15:42:56.790488" level="INFO">Argument types are:
&lt;class 'int'&gt;
&lt;class 'str'&gt;</msg>
<arg>${response.status_code}</arg>
<arg>200</arg>
<doc>Fails if objects are unequal after converting them to strings.</doc>
<status status="PASS" start="2025-04-17T15:42:56.787590" elapsed="0.003224"/>
</kw>
<kw name="Log" owner="BuiltIn">
<msg time="2025-04-17T15:42:56.795165" level="INFO">Response: {"errorCode":0,"errorStatus":false,"errorMessage":"","value":{"userCode":"5JIVrNNIwhM=","userName":"WIKA Operator","companyId":"2","isValidLogin":true,"ticket":"fb1a56d5467910dc82d0c8fc3a96c766fb750ef0b4423b67fd59c999e86444a9","projectId":null,"photo":"","userRole":"Operation","userRoleCode":"administrator","userRoleSite":"","userRoleSiteCode":""}}</msg>
<arg>Response: ${response.content}</arg>
<doc>Logs the given message with the given level.</doc>
<status status="PASS" start="2025-04-17T15:42:56.791535" elapsed="0.003882"/>
</kw>
<kw name="Set Variable" owner="BuiltIn">
<msg time="2025-04-17T15:42:56.799121" level="INFO">${json} = {'errorCode': 0, 'errorStatus': False, 'errorMessage': '', 'value': {'userCode': '5JIVrNNIwhM=', 'userName': 'WIKA Operator', 'companyId': '2', 'isValidLogin': True, 'ticket': 'fb1a56d5467910dc82d0c8f...</msg>
<var>${json}</var>
<arg>${response.json()}</arg>
<doc>Returns the given values which can then be assigned to a variables.</doc>
<status status="PASS" start="2025-04-17T15:42:56.796015" elapsed="0.003271"/>
</kw>
<kw name="Get From Dictionary" owner="Collections">
<msg time="2025-04-17T15:42:56.802878" level="INFO">${user_code} = 5JIVrNNIwhM=</msg>
<var>${user_code}</var>
<arg>${json['value']}</arg>
<arg>userCode</arg>
<doc>Returns a value from the given ``dictionary`` based on the given ``key``.</doc>
<status status="PASS" start="2025-04-17T15:42:56.799860" elapsed="0.003168"/>
</kw>
<kw name="Set Global Variable" owner="BuiltIn">
<msg time="2025-04-17T15:42:56.804567" level="INFO">${user_code} = 5JIVrNNIwhM=</msg>
<arg>${user_code}</arg>
<arg>${user_code}</arg>
<doc>Makes a variable available globally in all tests and suites.</doc>
<status status="PASS" start="2025-04-17T15:42:56.803649" elapsed="0.001128"/>
</kw>
<kw name="Log" owner="BuiltIn">
<msg time="2025-04-17T15:42:56.806019" level="INFO">token : 5JIVrNNIwhM=</msg>
<arg>token : ${user_code}</arg>
<doc>Logs the given message with the given level.</doc>
<status status="PASS" start="2025-04-17T15:42:56.805350" elapsed="0.000809"/>
</kw>
<doc>Menguji POST request pada API</doc>
<status status="PASS" start="2025-04-17T15:42:56.573639" elapsed="0.232723"/>
</kw>
<kw name="Disable Ssl Warnings" owner="ssl_helper">
<status status="PASS" start="2025-04-17T15:42:56.806641" elapsed="0.000222"/>
</kw>
<kw name="Create Session" owner="RequestsLibrary">
<msg time="2025-04-17T15:42:56.807662" level="INFO">Creating Session using : alias=api, url=https://dev-apiv1.1000saudara.com/apiproyek/wb, headers={'Authorization': 'Bearer eyJhbGciOiJodHRwOi8vd3d3LnczLm9yZy8yMDAxLzA0L3htbGRzaWctbW9yZSNobWFjLXNoYTI1NiIsInR5cCI6IkpXVCJ9.eyJodHRwOi8vc2NoZW1hcy54bWxzb2FwLm9yZy93cy8yMDA1LzA1L2lkZW50aXR5L2NsYWltcy9uYW1lIjoiYWNjZXNzIiwianRpIjoiNDVkNzRhNzQtZDMyNy00MDM4LWI4NjUtZDJhNzY3M2FiM2ViIiwiZXhwIjoxNzQ0ODgyOTc4LCJpc3MiOiJhY2Nlc3NJc3N1ZXIiLCJhdWQiOiJhY2Nlc3NBdWRpZW5jZSJ9.dfvYQIbDE0OoEWf0zpmEJkHvMMYst9C5O5aareO8zdc'},                     cookies={}, auth=None, timeout=None, proxies=None, verify=False,                     debug=0 </msg>
<arg>api</arg>
<arg>${BASE_URL}</arg>
<arg>headers={"Authorization": "Bearer ${token}"}</arg>
<doc>Create Session: create a HTTP session to a server</doc>
<status status="PASS" start="2025-04-17T15:42:56.807115" elapsed="0.000875"/>
</kw>
<kw name="Create Dictionary" owner="BuiltIn">
<msg time="2025-04-17T15:42:56.808724" level="INFO">${origins} = {'Source': 'app_mitra', 'Version': ''}</msg>
<var>${origins}</var>
<arg>Source=app_mitra</arg>
<arg>Version=</arg>
<doc>Creates and returns a dictionary based on the given ``items``.</doc>
<status status="PASS" start="2025-04-17T15:42:56.808321" elapsed="0.000476"/>
</kw>
<kw name="Create Dictionary" owner="BuiltIn">
<msg time="2025-04-17T15:42:56.809486" level="INFO">${count_per_page} = {'Page': '1', 'ItemPerPage': '100'}</msg>
<var>${count_per_page}</var>
<arg>Page=1</arg>
<arg>ItemPerPage=100</arg>
<doc>Creates and returns a dictionary based on the given ``items``.</doc>
<status status="PASS" start="2025-04-17T15:42:56.809102" elapsed="0.000456"/>
</kw>
<kw name="Create Dictionary" owner="BuiltIn">
<msg time="2025-04-17T15:42:56.810531" level="INFO">${value} = {'StartDate': '', 'EndDate': '', 'Search': '', 'Sorting': '', 'StatusGroupCode': 'waitconfirm', 'countPerPage': {'Page': '1', 'ItemPerPage': '100'}, 'isUserManagement': False}</msg>
<var>${value}</var>
<arg>StartDate=</arg>
<arg>EndDate=</arg>
<arg>Search=</arg>
<arg>Sorting=</arg>
<arg>StatusGroupCode=waitconfirm</arg>
<arg>countPerPage=${count_per_page}</arg>
<arg>isUserManagement=${False}</arg>
<doc>Creates and returns a dictionary based on the given ``items``.</doc>
<status status="PASS" start="2025-04-17T15:42:56.809860" elapsed="0.000749"/>
</kw>
<kw name="Create Dictionary" owner="BuiltIn">
<msg time="2025-04-17T15:42:56.811536" level="INFO">${body} = {'Token': '', 'UserCode': '5JIVrNNIwhM=', 'Origins': {'Source': 'app_mitra', 'Version': ''}, 'Value': {'StartDate': '', 'EndDate': '', 'Search': '', 'Sorting': '', 'StatusGroupCode': 'waitconfirm', 'c...</msg>
<var>${body}</var>
<arg>Token=</arg>
<arg>UserCode=${user_code}</arg>
<arg>Origins=${origins}</arg>
<arg>Value=${value}</arg>
<doc>Creates and returns a dictionary based on the given ``items``.</doc>
<status status="PASS" start="2025-04-17T15:42:56.810933" elapsed="0.000679"/>
</kw>
<kw name="POST On Session" owner="RequestsLibrary">
<msg time="2025-04-17T15:42:56.999057" level="INFO">POST Request : url=https://dev-apiv1.1000saudara.com/apiproyek/wb/Project/GetListProjectManagement 
 path_url=/apiproyek/wb/Project/GetListProjectManagement 
 headers={'User-Agent': 'python-requests/2.32.3', 'Accept-Encoding': 'gzip, deflate', 'Accept': '*/*', 'Connection': 'keep-alive', 'Authorization': 'Bearer eyJhbGciOiJodHRwOi8vd3d3LnczLm9yZy8yMDAxLzA0L3htbGRzaWctbW9yZSNobWFjLXNoYTI1NiIsInR5cCI6IkpXVCJ9.eyJodHRwOi8vc2NoZW1hcy54bWxzb2FwLm9yZy93cy8yMDA1LzA1L2lkZW50aXR5L2NsYWltcy9uYW1lIjoiYWNjZXNzIiwianRpIjoiNDVkNzRhNzQtZDMyNy00MDM4LWI4NjUtZDJhNzY3M2FiM2ViIiwiZXhwIjoxNzQ0ODgyOTc4LCJpc3MiOiJhY2Nlc3NJc3N1ZXIiLCJhdWQiOiJhY2Nlc3NBdWRpZW5jZSJ9.dfvYQIbDE0OoEWf0zpmEJkHvMMYst9C5O5aareO8zdc', 'Content-Length': '278', 'Content-Type': 'application/json'} 
 body=b'{"Token": "", "UserCode": "5JIVrNNIwhM=", "Origins": {"Source": "app_mitra", "Version": ""}, "Value": {"StartDate": "", "EndDate": "", "Search": "", "Sorting": "", "StatusGroupCode": "waitconfirm", "countPerPage": {"Page": "1", "ItemPerPage": "100"}, "isUserManagement": false}}' 
 </msg>
<msg time="2025-04-17T15:42:56.999391" level="INFO">POST Response : url=https://dev-apiv1.1000saudara.com/apiproyek/wb/Project/GetListProjectManagement 
 status=200, reason=OK 
 headers={'Content-Length': '2110', 'Content-Type': 'application/json; charset=utf-8', 'X-Powered-By': 'ASP.NET, ASP.NET', 'Date': 'Thu, 17 Apr 2025 08:42:57 GMT'} 
 body={"errorCode":0,"errorStatus":false,"errorMessage":"","value":{"totalPage":1,"currentPage":1,"countData":6,"value":[{"projectId":"W5ELSCFa0XU=","projectName":"ProjectTest2 9 april ","address":"No., Jl. Bahana Raya No.1, RT.14/RW.5, Pd. Bambu, Kec. Duren Sawit, Kota Jakarta Timur, Daerah Khusus Ibukota Jakarta 13430, Indonesia. \nBLOK P NO 20 Belakang TipTop","startDate":"2025-04-09T00:00:00","endDate":"2025-04-30T00:00:00","projectDate":"09/04/25-30/04/25","totalBuy":0,"status":"projectwaitconfirm","statusDeskripsi":"Menunggu persetujuan"},{"projectId":"7x3GQDHwNM8=","projectName":"test project cgiiun 1 ","address":"Jl. Sunan Mantingan, RT.05/RW.02, Karangkebagusan IV, Karangkebagusan, Kec. Jepara, Kabupaten Jepara, Jawa Tengah 59411, Indonesia","startDate":"2025-02-10T00:00:00","endDate":null,"projectDate":"10/02/25","totalBuy":13428660.00,"status":"projectwaitconfirmbudget","statusDeskripsi":"Persetujuan anggaran"},{"projectId":"CBjXJlzXRrs=","projectName":"Demo Project Wika 2","address":"11480, 1 No.44, Jl. Kemanggisan Ilir I Gg. Pandan, Kemanggisan, Kec. Palmerah, Kota Jakarta Barat, Daerah Khusus Ibukota Jakarta 11480, Indonesia","startDate":"2025-02-04T00:00:00","endDate":"2025-02-28T00:00:00","projectDate":"04/02/25-28/02/25","totalBuy":0,"status":"projectonreview","statusDeskripsi":"Proses evaluasi"},{"projectId":"iqBSQv3d2rI=","projectName":"Pburge Lutyr","address":"sdasdasda","startDate":"2024-12-05T00:00:00","endDate":null,"projectDate":"05/12/24","totalBuy":0,"status":"projectonreview","statusDeskripsi":"Proses evaluasi"},{"projectId":"C8HKTDPjAgU=","projectName":"Shields - Lockman","address":"64443 Simeon Rest","startDate":"2024-11-06T00:00:00","endDate":"2024-11-06T00:00:00","projectDate":"06/11/24-06/11/24","totalBuy":0,"status":"projectreviewbudget","statusDeskripsi":"Evaluasi anggaran"},{"projectId":"wqBYpuQKiyU=","projectName":"RetYull","address":"alamat detail google error","startDate":"2024-11-06T00:00:00","endDate":"2024-11-06T00:00:00","projectDate":"06/11/24-06/11/24","totalBuy":0,"status":"projectreviewbudget","statusDeskripsi":"Evaluasi anggaran"}]}} 
 </msg>
<msg time="2025-04-17T15:42:57.000218" level="INFO">${response} = &lt;Response [200]&gt;</msg>
<var>${response}</var>
<arg>api</arg>
<arg>/Project/GetListProjectManagement</arg>
<arg>json=${body}</arg>
<doc>Sends a POST request on a previously created HTTP Session.</doc>
<status status="PASS" start="2025-04-17T15:42:56.811917" elapsed="0.188450"/>
</kw>
<kw name="Should Be Equal As Strings" owner="BuiltIn">
<msg time="2025-04-17T15:42:57.003996" level="INFO">Argument types are:
&lt;class 'int'&gt;
&lt;class 'str'&gt;</msg>
<arg>${response.status_code}</arg>
<arg>200</arg>
<doc>Fails if objects are unequal after converting them to strings.</doc>
<status status="PASS" start="2025-04-17T15:42:57.001016" elapsed="0.003247"/>
</kw>
<kw name="Set Variable" owner="BuiltIn">
<msg time="2025-04-17T15:42:57.008191" level="INFO">${json} = {'errorCode': 0, 'errorStatus': False, 'errorMessage': '', 'value': {'totalPage': 1, 'currentPage': 1, 'countData': 6, 'value': [{'projectId': 'W5ELSCFa0XU=', 'projectName': 'ProjectTest2 9 april ', '...</msg>
<var>${json}</var>
<arg>${response.json()}</arg>
<doc>Returns the given values which can then be assigned to a variables.</doc>
<status status="PASS" start="2025-04-17T15:42:57.004856" elapsed="0.003501"/>
</kw>
<kw name="Log" owner="BuiltIn">
<msg time="2025-04-17T15:42:57.009637" level="INFO">{'errorCode': 0, 'errorStatus': False, 'errorMessage': '', 'value': {'totalPage': 1, 'currentPage': 1, 'countData': 6, 'value': [{'projectId': 'W5ELSCFa0XU=', 'projectName': 'ProjectTest2 9 april ', 'address': 'No., Jl. Bahana Raya No.1, RT.14/RW.5, Pd. Bambu, Kec. Duren Sawit, Kota Jakarta Timur, Daerah Khusus Ibukota Jakarta 13430, Indonesia. \nBLOK P NO 20 Belakang TipTop', 'startDate': '2025-04-09T00:00:00', 'endDate': '2025-04-30T00:00:00', 'projectDate': '09/04/25-30/04/25', 'totalBuy': 0, 'status': 'projectwaitconfirm', 'statusDeskripsi': 'Menunggu persetujuan'}, {'projectId': '7x3GQDHwNM8=', 'projectName': 'test project cgiiun 1 ', 'address': 'Jl. Sunan Mantingan, RT.05/RW.02, Karangkebagusan IV, Karangkebagusan, Kec. Jepara, Kabupaten Jepara, Jawa Tengah 59411, Indonesia', 'startDate': '2025-02-10T00:00:00', 'endDate': None, 'projectDate': '10/02/25', 'totalBuy': 13428660.0, 'status': 'projectwaitconfirmbudget', 'statusDeskripsi': 'Persetujuan anggaran'}, {'projectId': 'CBjXJlzXRrs=', 'projectName': 'Demo Project Wika 2', 'address': '11480, 1 No.44, Jl. Kemanggisan Ilir I Gg. Pandan, Kemanggisan, Kec. Palmerah, Kota Jakarta Barat, Daerah Khusus Ibukota Jakarta 11480, Indonesia', 'startDate': '2025-02-04T00:00:00', 'endDate': '2025-02-28T00:00:00', 'projectDate': '04/02/25-28/02/25', 'totalBuy': 0, 'status': 'projectonreview', 'statusDeskripsi': 'Proses evaluasi'}, {'projectId': 'iqBSQv3d2rI=', 'projectName': 'Pburge Lutyr', 'address': 'sdasdasda', 'startDate': '2024-12-05T00:00:00', 'endDate': None, 'projectDate': '05/12/24', 'totalBuy': 0, 'status': 'projectonreview', 'statusDeskripsi': 'Proses evaluasi'}, {'projectId': 'C8HKTDPjAgU=', 'projectName': 'Shields - Lockman', 'address': '64443 Simeon Rest', 'startDate': '2024-11-06T00:00:00', 'endDate': '2024-11-06T00:00:00', 'projectDate': '06/11/24-06/11/24', 'totalBuy': 0, 'status': 'projectreviewbudget', 'statusDeskripsi': 'Evaluasi anggaran'}, {'projectId': 'wqBYpuQKiyU=', 'projectName': 'RetYull', 'address': 'alamat detail google error', 'startDate': '2024-11-06T00:00:00', 'endDate': '2024-11-06T00:00:00', 'projectDate': '06/11/24-06/11/24', 'totalBuy': 0, 'status': 'projectreviewbudget', 'statusDeskripsi': 'Evaluasi anggaran'}]}}</msg>
<arg>${json}</arg>
<doc>Logs the given message with the given level.</doc>
<status status="PASS" start="2025-04-17T15:42:57.008940" elapsed="0.000990"/>
</kw>
<kw name="Get From Dictionary" owner="Collections">
<msg time="2025-04-17T15:42:57.011303" level="INFO">${listProjectManajemen} = {'totalPage': 1, 'currentPage': 1, 'countData': 6, 'value': [{'projectId': 'W5ELSCFa0XU=', 'projectName': 'ProjectTest2 9 april ', 'address': 'No., Jl. Bahana Raya No.1, RT.14/RW.5, Pd. Bambu, Kec. Du...</msg>
<var>${listProjectManajemen}</var>
<arg>${json}</arg>
<arg>value</arg>
<doc>Returns a value from the given ``dictionary`` based on the given ``key``.</doc>
<status status="PASS" start="2025-04-17T15:42:57.010457" elapsed="0.000992"/>
</kw>
<kw name="Get From Dictionary" owner="Collections">
<msg time="2025-04-17T15:42:57.012953" level="INFO">${valueList} = [{'projectId': 'W5ELSCFa0XU=', 'projectName': 'ProjectTest2 9 april ', 'address': 'No., Jl. Bahana Raya No.1, RT.14/RW.5, Pd. Bambu, Kec. Duren Sawit, Kota Jakarta Timur, Daerah Khusus Ibukota Jakarta...</msg>
<var>${valueList}</var>
<arg>${listProjectManajemen}</arg>
<arg>value</arg>
<doc>Returns a value from the given ``dictionary`` based on the given ``key``.</doc>
<status status="PASS" start="2025-04-17T15:42:57.011988" elapsed="0.001112"/>
</kw>
<kw name="Get Length" owner="BuiltIn">
<msg time="2025-04-17T15:42:57.013916" level="INFO">Length is 4.</msg>
<msg time="2025-04-17T15:42:57.014130" level="INFO">${count} = 4</msg>
<var>${count}</var>
<arg>${listProjectManajemen}</arg>
<doc>Returns and logs the length of the given item as an integer.</doc>
<status status="PASS" start="2025-04-17T15:42:57.013549" elapsed="0.000656"/>
</kw>
<kw name="Get From Dictionary" owner="Collections">
<msg time="2025-04-17T15:42:57.015021" level="INFO">${totalUser} = 6</msg>
<var>${totalUser}</var>
<arg>${listProjectManajemen}</arg>
<arg>countData</arg>
<doc>Returns a value from the given ``dictionary`` based on the given ``key``.</doc>
<status status="PASS" start="2025-04-17T15:42:57.014542" elapsed="0.000566"/>
</kw>
<kw name="Get Project Names" owner="API_listKecamatan">
<kw name="Create List" owner="BuiltIn">
<msg time="2025-04-17T15:42:57.016748" level="INFO">${project_names} = []</msg>
<var>${project_names}</var>
<doc>Returns a list containing given items.</doc>
<status status="PASS" start="2025-04-17T15:42:57.016390" elapsed="0.000450"/>
</kw>
<for flavor="IN">
<iter>
<kw name="Get From Dictionary" owner="Collections">
<msg time="2025-04-17T15:42:57.018326" level="INFO">${project_name} = ProjectTest2 9 april </msg>
<var>${project_name}</var>
<arg>${project}</arg>
<arg>projectName</arg>
<doc>Returns a value from the given ``dictionary`` based on the given ``key``.</doc>
<status status="PASS" start="2025-04-17T15:42:57.017864" elapsed="0.000549"/>
</kw>
<kw name="Append To List" owner="Collections">
<arg>${project_names}</arg>
<arg>${project_name}</arg>
<doc>Adds ``values`` to the end of ``list``.</doc>
<status status="PASS" start="2025-04-17T15:42:57.018775" elapsed="0.000438"/>
</kw>
<var name="${project}">{'projectId': 'W5ELSCFa0XU=', 'projectName': 'ProjectTest2 9 april ', 'address': 'No., Jl. Bahana Raya No.1, RT.14/RW.5, Pd. Bambu, Kec. Duren Sawit, Kota Jakarta Timur, Daerah Khusus Ibukota Jakarta ...</var>
<status status="PASS" start="2025-04-17T15:42:57.017525" elapsed="0.001837"/>
</iter>
<iter>
<kw name="Get From Dictionary" owner="Collections">
<msg time="2025-04-17T15:42:57.020491" level="INFO">${project_name} = test project cgiiun 1 </msg>
<var>${project_name}</var>
<arg>${project}</arg>
<arg>projectName</arg>
<doc>Returns a value from the given ``dictionary`` based on the given ``key``.</doc>
<status status="PASS" start="2025-04-17T15:42:57.020030" elapsed="0.000547"/>
</kw>
<kw name="Append To List" owner="Collections">
<arg>${project_names}</arg>
<arg>${project_name}</arg>
<doc>Adds ``values`` to the end of ``list``.</doc>
<status status="PASS" start="2025-04-17T15:42:57.020941" elapsed="0.000428"/>
</kw>
<var name="${project}">{'projectId': '7x3GQDHwNM8=', 'projectName': 'test project cgiiun 1 ', 'address': 'Jl. Sunan Mantingan, RT.05/RW.02, Karangkebagusan IV, Karangkebagusan, Kec. Jepara, Kabupaten Jepara, Jawa Tengah 594...</var>
<status status="PASS" start="2025-04-17T15:42:57.019720" elapsed="0.001800"/>
</iter>
<iter>
<kw name="Get From Dictionary" owner="Collections">
<msg time="2025-04-17T15:42:57.022663" level="INFO">${project_name} = Demo Project Wika 2</msg>
<var>${project_name}</var>
<arg>${project}</arg>
<arg>projectName</arg>
<doc>Returns a value from the given ``dictionary`` based on the given ``key``.</doc>
<status status="PASS" start="2025-04-17T15:42:57.022176" elapsed="0.000701"/>
</kw>
<kw name="Append To List" owner="Collections">
<arg>${project_names}</arg>
<arg>${project_name}</arg>
<doc>Adds ``values`` to the end of ``list``.</doc>
<status status="PASS" start="2025-04-17T15:42:57.023239" elapsed="0.000433"/>
</kw>
<var name="${project}">{'projectId': 'CBjXJlzXRrs=', 'projectName': 'Demo Project Wika 2', 'address': '11480, 1 No.44, Jl. Kemanggisan Ilir I Gg. Pandan, Kemanggisan, Kec. Palmerah, Kota Jakarta Barat, Daerah Khusus Ibukota...</var>
<status status="PASS" start="2025-04-17T15:42:57.021876" elapsed="0.001942"/>
</iter>
<iter>
<kw name="Get From Dictionary" owner="Collections">
<msg time="2025-04-17T15:42:57.024918" level="INFO">${project_name} = Pburge Lutyr</msg>
<var>${project_name}</var>
<arg>${project}</arg>
<arg>projectName</arg>
<doc>Returns a value from the given ``dictionary`` based on the given ``key``.</doc>
<status status="PASS" start="2025-04-17T15:42:57.024445" elapsed="0.000562"/>
</kw>
<kw name="Append To List" owner="Collections">
<arg>${project_names}</arg>
<arg>${project_name}</arg>
<doc>Adds ``values`` to the end of ``list``.</doc>
<status status="PASS" start="2025-04-17T15:42:57.025344" elapsed="0.000424"/>
</kw>
<var name="${project}">{'projectId': 'iqBSQv3d2rI=', 'projectName': 'Pburge Lutyr', 'address': 'sdasdasda', 'startDate': '2024-12-05T00:00:00', 'endDate': None, 'projectDate': '05/12/24', 'totalBuy': 0, 'status': 'projecton...</var>
<status status="PASS" start="2025-04-17T15:42:57.024152" elapsed="0.001777"/>
</iter>
<iter>
<kw name="Get From Dictionary" owner="Collections">
<msg time="2025-04-17T15:42:57.028240" level="INFO">${project_name} = Shields - Lockman</msg>
<var>${project_name}</var>
<arg>${project}</arg>
<arg>projectName</arg>
<doc>Returns a value from the given ``dictionary`` based on the given ``key``.</doc>
<status status="PASS" start="2025-04-17T15:42:57.026531" elapsed="0.001806"/>
</kw>
<kw name="Append To List" owner="Collections">
<arg>${project_names}</arg>
<arg>${project_name}</arg>
<doc>Adds ``values`` to the end of ``list``.</doc>
<status status="PASS" start="2025-04-17T15:42:57.028728" elapsed="0.000456"/>
</kw>
<var name="${project}">{'projectId': 'C8HKTDPjAgU=', 'projectName': 'Shields - Lockman', 'address': '64443 Simeon Rest', 'startDate': '2024-11-06T00:00:00', 'endDate': '2024-11-06T00:00:00', 'projectDate': '06/11/24-06/11/2...</var>
<status status="PASS" start="2025-04-17T15:42:57.026248" elapsed="0.003088"/>
</iter>
<iter>
<kw name="Get From Dictionary" owner="Collections">
<msg time="2025-04-17T15:42:57.030426" level="INFO">${project_name} = RetYull</msg>
<var>${project_name}</var>
<arg>${project}</arg>
<arg>projectName</arg>
<doc>Returns a value from the given ``dictionary`` based on the given ``key``.</doc>
<status status="PASS" start="2025-04-17T15:42:57.029960" elapsed="0.000553"/>
</kw>
<kw name="Append To List" owner="Collections">
<arg>${project_names}</arg>
<arg>${project_name}</arg>
<doc>Adds ``values`` to the end of ``list``.</doc>
<status status="PASS" start="2025-04-17T15:42:57.030856" elapsed="0.000438"/>
</kw>
<var name="${project}">{'projectId': 'wqBYpuQKiyU=', 'projectName': 'RetYull', 'address': 'alamat detail google error', 'startDate': '2024-11-06T00:00:00', 'endDate': '2024-11-06T00:00:00', 'projectDate': '06/11/24-06/11/24...</var>
<status status="PASS" start="2025-04-17T15:42:57.029674" elapsed="0.001767"/>
</iter>
<var>${project}</var>
<value>@{projects}</value>
<status status="PASS" start="2025-04-17T15:42:57.017039" elapsed="0.014549"/>
</for>
<return>
<value>${project_names}</value>
<status status="PASS" start="2025-04-17T15:42:57.031789" elapsed="0.000116"/>
</return>
<msg time="2025-04-17T15:42:57.032339" level="INFO">@{project_names} = [ ProjectTest2 9 april  | test project cgiiun 1  | Demo Project Wika 2 | Pburge Lutyr | Shields - Lockman | RetYull ]</msg>
<var>@{project_names}</var>
<arg>${valueList}</arg>
<status status="PASS" start="2025-04-17T15:42:57.015644" elapsed="0.016787"/>
</kw>
<kw name="Get From List" owner="Collections">
<msg time="2025-04-17T15:42:57.033233" level="INFO">${single_project_name} = Demo Project Wika 2</msg>
<var>${single_project_name}</var>
<arg>${project_names}</arg>
<arg>2</arg>
<doc>Returns the value specified with an ``index`` from ``list``.</doc>
<status status="PASS" start="2025-04-17T15:42:57.032767" elapsed="0.000552"/>
</kw>
<kw name="Set Global Variable" owner="BuiltIn">
<msg time="2025-04-17T15:42:57.037454" level="INFO">${projectName} = Demo Project Wika 2</msg>
<arg>${projectName}</arg>
<arg>${single_project_name}</arg>
<doc>Makes a variable available globally in all tests and suites.</doc>
<status status="PASS" start="2025-04-17T15:42:57.033679" elapsed="0.003933"/>
</kw>
<kw name="Log" owner="BuiltIn">
<msg time="2025-04-17T15:42:57.038379" level="INFO">Single Project Name: Demo Project Wika 2</msg>
<arg>Single Project Name: ${single_project_name}</arg>
<doc>Logs the given message with the given level.</doc>
<status status="PASS" start="2025-04-17T15:42:57.037983" elapsed="0.000541"/>
</kw>
<kw name="Log To Console" owner="BuiltIn">
<arg>Single Project Name: ${single_project_name}</arg>
<doc>Logs the given message to the console.</doc>
<status status="PASS" start="2025-04-17T15:42:57.038875" elapsed="0.000906"/>
</kw>
<kw name="Log" owner="BuiltIn">
<msg time="2025-04-17T15:42:57.040962" level="INFO">Project Names: ['ProjectTest2 9 april ', 'test project cgiiun 1 ', 'Demo Project Wika 2', 'Pburge Lutyr', 'Shields - Lockman', 'RetYull']</msg>
<arg>Project Names: ${project_names}</arg>
<doc>Logs the given message with the given level.</doc>
<status status="PASS" start="2025-04-17T15:42:57.040486" elapsed="0.000628"/>
</kw>
<kw name="Log" owner="BuiltIn">
<msg time="2025-04-17T15:42:57.041852" level="INFO">TotalUser: 6</msg>
<arg>TotalUser: ${totalUser}</arg>
<doc>Logs the given message with the given level.</doc>
<status status="PASS" start="2025-04-17T15:42:57.041467" elapsed="0.000519"/>
</kw>
<doc>Menguji POST request pada API</doc>
<status status="PASS" start="2025-04-17T15:42:56.573243" elapsed="0.468946"/>
</kw>
<kw name="user click Detail on Project" owner="pom_detailProject_MenungguPersetujuan">
<kw name="Get Length" owner="BuiltIn">
<msg time="2025-04-17T15:42:57.043897" level="INFO">Length is 22.</msg>
<msg time="2025-04-17T15:42:57.044177" level="INFO">${len} = 22</msg>
<var>${len}</var>
<arg>xpath=//tbody/tr/td[5]</arg>
<doc>Returns and logs the length of the given item as an integer.</doc>
<status status="PASS" start="2025-04-17T15:42:57.043601" elapsed="0.000687"/>
</kw>
<kw name="Sleep" owner="BuiltIn">
<msg time="2025-04-17T15:43:00.044834" level="INFO">Slept 3 seconds.</msg>
<arg>3</arg>
<doc>Pauses the test executed for the given time.</doc>
<status status="PASS" start="2025-04-17T15:42:57.044473" elapsed="3.000591"/>
</kw>
<for flavor="IN RANGE">
<iter>
<kw name="general return status" owner="generalFunct">
<kw name="Run Keyword And Return Status" owner="BuiltIn">
<kw name="Wait Until Element Is Visible" owner="SeleniumLibrary">
<arg>${locator}</arg>
<arg>timeout=5s</arg>
<doc>Waits until the element ``locator`` is visible.</doc>
<status status="PASS" start="2025-04-17T15:43:00.047721" elapsed="0.036753"/>
</kw>
<msg time="2025-04-17T15:43:00.084693" level="INFO">${res} = True</msg>
<var>${res}</var>
<arg>Wait Until Element Is Visible</arg>
<arg>${locator}</arg>
<arg>timeout=5s</arg>
<doc>Runs the given keyword with given arguments and returns the status as a Boolean value.</doc>
<status status="PASS" start="2025-04-17T15:43:00.047294" elapsed="0.037453"/>
</kw>
<return>
<value>${res}</value>
<status status="PASS" start="2025-04-17T15:43:00.084875" elapsed="0.000078"/>
</return>
<msg time="2025-04-17T15:43:00.085188" level="INFO">${res} = True</msg>
<var>${res}</var>
<arg>xpath=//tbody/tr/td[5]//div[contains(.,'${textStatus}')]</arg>
<status status="PASS" start="2025-04-17T15:43:00.046494" elapsed="0.038743"/>
</kw>
<if>
<branch type="IF" condition="${res}">
<kw name="check in project list" owner="pom_detailProject_MenungguPersetujuan">
<for flavor="IN RANGE">
<iter>
<kw name="general return status" owner="generalFunct">
<kw name="Run Keyword And Return Status" owner="BuiltIn">
<kw name="Wait Until Element Is Visible" owner="SeleniumLibrary">
<msg time="2025-04-17T15:43:05.455224" level="INFO" html="true">&lt;/td&gt;&lt;/tr&gt;&lt;tr&gt;&lt;td colspan="3"&gt;&lt;a href="selenium-screenshot-1.png"&gt;&lt;img src="selenium-screenshot-1.png" width="800px"&gt;&lt;/a&gt;</msg>
<msg time="2025-04-17T15:43:05.455624" level="FAIL">Element 'xpath=//tbody/tr[1]/td[5]//div[contains(.,'Menunggu persetujuan')]' not visible after 5 seconds.</msg>
<arg>${locator}</arg>
<arg>timeout=5s</arg>
<doc>Waits until the element ``locator`` is visible.</doc>
<status status="FAIL" start="2025-04-17T15:43:00.087967" elapsed="5.371127">Element 'xpath=//tbody/tr[1]/td[5]//div[contains(.,'Menunggu persetujuan')]' not visible after 5 seconds.</status>
</kw>
<msg time="2025-04-17T15:43:05.459320" level="INFO">${res} = False</msg>
<var>${res}</var>
<arg>Wait Until Element Is Visible</arg>
<arg>${locator}</arg>
<arg>timeout=5s</arg>
<doc>Runs the given keyword with given arguments and returns the status as a Boolean value.</doc>
<status status="PASS" start="2025-04-17T15:43:00.087672" elapsed="5.371710"/>
</kw>
<return>
<value>${res}</value>
<status status="PASS" start="2025-04-17T15:43:05.459519" elapsed="0.000074"/>
</return>
<msg time="2025-04-17T15:43:05.459801" level="INFO">${res} = False</msg>
<var>${res}</var>
<arg>xpath=//tbody/tr[${counter}]/td[5]//div[contains(.,'${textStatusProject}')]</arg>
<status status="PASS" start="2025-04-17T15:43:00.087072" elapsed="5.372774"/>
</kw>
<if>
<branch type="IF" condition="${res}">
<kw name="Get Text" owner="SeleniumLibrary">
<var>${text}</var>
<arg>xpath=//tbody/tr[${counter}]/td[1]</arg>
<doc>Returns the text value of the element identified by ``locator``.</doc>
<status status="NOT RUN" start="2025-04-17T15:43:05.460255" elapsed="0.000052"/>
</kw>
<kw name="Get Text" owner="SeleniumLibrary">
<var>${status}</var>
<arg>xpath=//tbody/tr[${counter}]/td[5]</arg>
<doc>Returns the text value of the element identified by ``locator``.</doc>
<status status="NOT RUN" start="2025-04-17T15:43:05.460493" elapsed="0.000045"/>
</kw>
<kw name="user click element" owner="generalFunct">
<arg>xpath=//tbody/tr[3]/td[6]/span/span</arg>
<status status="NOT RUN" start="2025-04-17T15:43:05.460777" elapsed="0.000058"/>
</kw>
<kw name="general Wait Until" owner="generalFunct">
<arg>xpath=//span[normalize-space()='Detail Project']</arg>
<status status="NOT RUN" start="2025-04-17T15:43:05.461031" elapsed="0.000049"/>
</kw>
<kw name="general return status" owner="generalFunct">
<var>${res_detail}</var>
<arg>xpath=//span[normalize-space()='Detail Project']</arg>
<status status="NOT RUN" start="2025-04-17T15:43:05.461272" elapsed="0.000052"/>
</kw>
<while condition="${res_detail} == $False">
<iter>
<kw name="user click element" owner="generalFunct">
<arg>xpath=//tbody/tr[${counter}]/td[contains(., 'Detail')]</arg>
<status status="NOT RUN" start="2025-04-17T15:43:05.461686" elapsed="0.000048"/>
</kw>
<kw name="general return status" owner="generalFunct">
<var>${res_detail}</var>
<arg>xpath=//span[normalize-space()='Detail Project']</arg>
<status status="NOT RUN" start="2025-04-17T15:43:05.461920" elapsed="0.000046"/>
</kw>
<status status="NOT RUN" start="2025-04-17T15:43:05.461412" elapsed="0.000622"/>
</iter>
<status status="NOT RUN" start="2025-04-17T15:43:05.461410" elapsed="0.000685"/>
</while>
<kw name="general Wait Until" owner="generalFunct">
<arg>${namaProject_onDetailPage}</arg>
<status status="NOT RUN" start="2025-04-17T15:43:05.462277" elapsed="0.000046"/>
</kw>
<kw name="Get Text" owner="SeleniumLibrary">
<var>${nameProject}</var>
<arg>${namaProject_onDetailPage}</arg>
<doc>Returns the text value of the element identified by ``locator``.</doc>
<status status="NOT RUN" start="2025-04-17T15:43:05.462489" elapsed="0.000066"/>
</kw>
<kw name="Get Text" owner="SeleniumLibrary">
<var>${status_onDetailPage}</var>
<arg>${statusProject}</arg>
<doc>Returns the text value of the element identified by ``locator``.</doc>
<status status="NOT RUN" start="2025-04-17T15:43:05.462730" elapsed="0.000042"/>
</kw>
<kw name="Log To Console" owner="BuiltIn">
<arg>Nama Project: ${nameProject}</arg>
<doc>Logs the given message to the console.</doc>
<status status="NOT RUN" start="2025-04-17T15:43:05.462932" elapsed="0.000042"/>
</kw>
<kw name="Log To Console" owner="BuiltIn">
<arg>Status Project: ${status_onDetailPage}</arg>
<doc>Logs the given message to the console.</doc>
<status status="NOT RUN" start="2025-04-17T15:43:05.463133" elapsed="0.000042"/>
</kw>
<kw name="Set Global Variable" owner="BuiltIn">
<arg>${nameProject_MenungguPersetujuan}</arg>
<arg>${nameProject}</arg>
<doc>Makes a variable available globally in all tests and suites.</doc>
<status status="NOT RUN" start="2025-04-17T15:43:05.463336" elapsed="0.000042"/>
</kw>
<kw name="Should Be Equal" owner="BuiltIn">
<arg>${nameProject}</arg>
<arg>${text}</arg>
<doc>Fails if the given objects are unequal.</doc>
<status status="NOT RUN" start="2025-04-17T15:43:05.463588" elapsed="0.000069"/>
</kw>
<kw name="Should Be Equal" owner="BuiltIn">
<arg>${status_onDetailPage}</arg>
<arg>${status}</arg>
<doc>Fails if the given objects are unequal.</doc>
<status status="NOT RUN" start="2025-04-17T15:43:05.463848" elapsed="0.000042"/>
</kw>
<kw name="Exit For Loop" owner="BuiltIn">
<doc>Stops executing the enclosing FOR loop.</doc>
<status status="NOT RUN" start="2025-04-17T15:43:05.464046" elapsed="0.000040"/>
</kw>
<status status="NOT RUN" start="2025-04-17T15:43:05.459994" elapsed="0.004149"/>
</branch>
<status status="PASS" start="2025-04-17T15:43:05.459960" elapsed="0.004262"/>
</if>
<var name="${counter}">1</var>
<status status="PASS" start="2025-04-17T15:43:00.086861" elapsed="5.377405"/>
</iter>
<iter>
<kw name="general return status" owner="generalFunct">
<kw name="Run Keyword And Return Status" owner="BuiltIn">
<kw name="Wait Until Element Is Visible" owner="SeleniumLibrary">
<msg time="2025-04-17T15:43:10.821627" level="INFO" html="true">&lt;/td&gt;&lt;/tr&gt;&lt;tr&gt;&lt;td colspan="3"&gt;&lt;a href="selenium-screenshot-2.png"&gt;&lt;img src="selenium-screenshot-2.png" width="800px"&gt;&lt;/a&gt;</msg>
<msg time="2025-04-17T15:43:10.821932" level="FAIL">Element 'xpath=//tbody/tr[2]/td[5]//div[contains(.,'Menunggu persetujuan')]' not visible after 5 seconds.</msg>
<arg>${locator}</arg>
<arg>timeout=5s</arg>
<doc>Waits until the element ``locator`` is visible.</doc>
<status status="FAIL" start="2025-04-17T15:43:05.465534" elapsed="5.358112">Element 'xpath=//tbody/tr[2]/td[5]//div[contains(.,'Menunggu persetujuan')]' not visible after 5 seconds.</status>
</kw>
<msg time="2025-04-17T15:43:10.823856" level="INFO">${res} = False</msg>
<var>${res}</var>
<arg>Wait Until Element Is Visible</arg>
<arg>${locator}</arg>
<arg>timeout=5s</arg>
<doc>Runs the given keyword with given arguments and returns the status as a Boolean value.</doc>
<status status="PASS" start="2025-04-17T15:43:05.465278" elapsed="5.358633"/>
</kw>
<return>
<value>${res}</value>
<status status="PASS" start="2025-04-17T15:43:10.824023" elapsed="0.000072"/>
</return>
<msg time="2025-04-17T15:43:10.824299" level="INFO">${res} = False</msg>
<var>${res}</var>
<arg>xpath=//tbody/tr[${counter}]/td[5]//div[contains(.,'${textStatusProject}')]</arg>
<status status="PASS" start="2025-04-17T15:43:05.464778" elapsed="5.359564"/>
</kw>
<if>
<branch type="IF" condition="${res}">
<kw name="Get Text" owner="SeleniumLibrary">
<var>${text}</var>
<arg>xpath=//tbody/tr[${counter}]/td[1]</arg>
<doc>Returns the text value of the element identified by ``locator``.</doc>
<status status="NOT RUN" start="2025-04-17T15:43:10.824748" elapsed="0.000047"/>
</kw>
<kw name="Get Text" owner="SeleniumLibrary">
<var>${status}</var>
<arg>xpath=//tbody/tr[${counter}]/td[5]</arg>
<doc>Returns the text value of the element identified by ``locator``.</doc>
<status status="NOT RUN" start="2025-04-17T15:43:10.825059" elapsed="0.000048"/>
</kw>
<kw name="user click element" owner="generalFunct">
<arg>xpath=//tbody/tr[3]/td[6]/span/span</arg>
<status status="NOT RUN" start="2025-04-17T15:43:10.825345" elapsed="0.000052"/>
</kw>
<kw name="general Wait Until" owner="generalFunct">
<arg>xpath=//span[normalize-space()='Detail Project']</arg>
<status status="NOT RUN" start="2025-04-17T15:43:10.825589" elapsed="0.000047"/>
</kw>
<kw name="general return status" owner="generalFunct">
<var>${res_detail}</var>
<arg>xpath=//span[normalize-space()='Detail Project']</arg>
<status status="NOT RUN" start="2025-04-17T15:43:10.825824" elapsed="0.000048"/>
</kw>
<while condition="${res_detail} == $False">
<iter>
<kw name="user click element" owner="generalFunct">
<arg>xpath=//tbody/tr[${counter}]/td[contains(., 'Detail')]</arg>
<status status="NOT RUN" start="2025-04-17T15:43:10.826235" elapsed="0.000049"/>
</kw>
<kw name="general return status" owner="generalFunct">
<var>${res_detail}</var>
<arg>xpath=//span[normalize-space()='Detail Project']</arg>
<status status="NOT RUN" start="2025-04-17T15:43:10.826471" elapsed="0.000048"/>
</kw>
<status status="NOT RUN" start="2025-04-17T15:43:10.825958" elapsed="0.000635"/>
</iter>
<status status="NOT RUN" start="2025-04-17T15:43:10.825956" elapsed="0.000692"/>
</while>
<kw name="general Wait Until" owner="generalFunct">
<arg>${namaProject_onDetailPage}</arg>
<status status="NOT RUN" start="2025-04-17T15:43:10.826831" elapsed="0.000047"/>
</kw>
<kw name="Get Text" owner="SeleniumLibrary">
<var>${nameProject}</var>
<arg>${namaProject_onDetailPage}</arg>
<doc>Returns the text value of the element identified by ``locator``.</doc>
<status status="NOT RUN" start="2025-04-17T15:43:10.827047" elapsed="0.000044"/>
</kw>
<kw name="Get Text" owner="SeleniumLibrary">
<var>${status_onDetailPage}</var>
<arg>${statusProject}</arg>
<doc>Returns the text value of the element identified by ``locator``.</doc>
<status status="NOT RUN" start="2025-04-17T15:43:10.827263" elapsed="0.000042"/>
</kw>
<kw name="Log To Console" owner="BuiltIn">
<arg>Nama Project: ${nameProject}</arg>
<doc>Logs the given message to the console.</doc>
<status status="NOT RUN" start="2025-04-17T15:43:10.827464" elapsed="0.000043"/>
</kw>
<kw name="Log To Console" owner="BuiltIn">
<arg>Status Project: ${status_onDetailPage}</arg>
<doc>Logs the given message to the console.</doc>
<status status="NOT RUN" start="2025-04-17T15:43:10.827673" elapsed="0.000042"/>
</kw>
<kw name="Set Global Variable" owner="BuiltIn">
<arg>${nameProject_MenungguPersetujuan}</arg>
<arg>${nameProject}</arg>
<doc>Makes a variable available globally in all tests and suites.</doc>
<status status="NOT RUN" start="2025-04-17T15:43:10.827876" elapsed="0.000041"/>
</kw>
<kw name="Should Be Equal" owner="BuiltIn">
<arg>${nameProject}</arg>
<arg>${text}</arg>
<doc>Fails if the given objects are unequal.</doc>
<status status="NOT RUN" start="2025-04-17T15:43:10.828091" elapsed="0.000041"/>
</kw>
<kw name="Should Be Equal" owner="BuiltIn">
<arg>${status_onDetailPage}</arg>
<arg>${status}</arg>
<doc>Fails if the given objects are unequal.</doc>
<status status="NOT RUN" start="2025-04-17T15:43:10.828295" elapsed="0.000040"/>
</kw>
<kw name="Exit For Loop" owner="BuiltIn">
<doc>Stops executing the enclosing FOR loop.</doc>
<status status="NOT RUN" start="2025-04-17T15:43:10.828487" elapsed="0.000039"/>
</kw>
<status status="NOT RUN" start="2025-04-17T15:43:10.824488" elapsed="0.004095"/>
</branch>
<status status="PASS" start="2025-04-17T15:43:10.824456" elapsed="0.004190"/>
</if>
<var name="${counter}">2</var>
<status status="PASS" start="2025-04-17T15:43:05.464578" elapsed="5.364109"/>
</iter>
<iter>
<kw name="general return status" owner="generalFunct">
<kw name="Run Keyword And Return Status" owner="BuiltIn">
<kw name="Wait Until Element Is Visible" owner="SeleniumLibrary">
<arg>${locator}</arg>
<arg>timeout=5s</arg>
<doc>Waits until the element ``locator`` is visible.</doc>
<status status="PASS" start="2025-04-17T15:43:10.829933" elapsed="0.026840"/>
</kw>
<msg time="2025-04-17T15:43:10.856976" level="INFO">${res} = True</msg>
<var>${res}</var>
<arg>Wait Until Element Is Visible</arg>
<arg>${locator}</arg>
<arg>timeout=5s</arg>
<doc>Runs the given keyword with given arguments and returns the status as a Boolean value.</doc>
<status status="PASS" start="2025-04-17T15:43:10.829683" elapsed="0.027341"/>
</kw>
<return>
<value>${res}</value>
<status status="PASS" start="2025-04-17T15:43:10.857129" elapsed="0.000074"/>
</return>
<msg time="2025-04-17T15:43:10.857405" level="INFO">${res} = True</msg>
<var>${res}</var>
<arg>xpath=//tbody/tr[${counter}]/td[5]//div[contains(.,'${textStatusProject}')]</arg>
<status status="PASS" start="2025-04-17T15:43:10.829195" elapsed="0.028254"/>
</kw>
<if>
<branch type="IF" condition="${res}">
<kw name="Get Text" owner="SeleniumLibrary">
<msg time="2025-04-17T15:43:10.884983" level="INFO">${text} = ProjectTest2 9 april</msg>
<var>${text}</var>
<arg>xpath=//tbody/tr[${counter}]/td[1]</arg>
<doc>Returns the text value of the element identified by ``locator``.</doc>
<status status="PASS" start="2025-04-17T15:43:10.857846" elapsed="0.027205"/>
</kw>
<kw name="Get Text" owner="SeleniumLibrary">
<msg time="2025-04-17T15:43:10.912579" level="INFO">${status} = Menunggu persetujuan</msg>
<var>${status}</var>
<arg>xpath=//tbody/tr[${counter}]/td[5]</arg>
<doc>Returns the text value of the element identified by ``locator``.</doc>
<status status="PASS" start="2025-04-17T15:43:10.885317" elapsed="0.027330"/>
</kw>
<kw name="user click element" owner="generalFunct">
<kw name="Sleep" owner="BuiltIn">
<msg time="2025-04-17T15:43:15.914756" level="INFO">Slept 5 seconds.</msg>
<arg>5</arg>
<doc>Pauses the test executed for the given time.</doc>
<status status="PASS" start="2025-04-17T15:43:10.913395" elapsed="5.001738"/>
</kw>
<kw name="Wait Until Element Is Visible" owner="SeleniumLibrary">
<arg>${element}</arg>
<doc>Waits until the element ``locator`` is visible.</doc>
<status status="PASS" start="2025-04-17T15:43:15.915866" elapsed="0.058927"/>
</kw>
<kw name="Click Element" owner="SeleniumLibrary">
<msg time="2025-04-17T15:43:15.975697" level="INFO">Clicking element 'xpath=//tbody/tr[3]/td[6]/span/span'.</msg>
<msg time="2025-04-17T15:43:16.079370" level="INFO">${clickElement} = None</msg>
<var>${clickElement}</var>
<arg>${element}</arg>
<doc>Click the element identified by ``locator``.</doc>
<status status="PASS" start="2025-04-17T15:43:15.975229" elapsed="0.104208"/>
</kw>
<return>
<value>${clickElement}</value>
<status status="PASS" start="2025-04-17T15:43:16.079554" elapsed="0.000078"/>
</return>
<arg>xpath=//tbody/tr[3]/td[6]/span/span</arg>
<status status="PASS" start="2025-04-17T15:43:10.912987" elapsed="5.166822"/>
</kw>
<kw name="general Wait Until" owner="generalFunct">
<kw name="Wait Until Element Is Visible" owner="SeleniumLibrary">
<arg>${locator}</arg>
<arg>timeout=5s</arg>
<doc>Waits until the element ``locator`` is visible.</doc>
<status status="PASS" start="2025-04-17T15:43:16.080449" elapsed="1.224902"/>
</kw>
<kw name="Sleep" owner="BuiltIn">
<msg time="2025-04-17T15:43:22.307411" level="INFO">Slept 5 seconds.</msg>
<arg>5</arg>
<doc>Pauses the test executed for the given time.</doc>
<status status="PASS" start="2025-04-17T15:43:17.305779" elapsed="5.002044"/>
</kw>
<arg>xpath=//span[normalize-space()='Detail Project']</arg>
<status status="PASS" start="2025-04-17T15:43:16.080047" elapsed="6.228168"/>
</kw>
<kw name="general return status" owner="generalFunct">
<kw name="Run Keyword And Return Status" owner="BuiltIn">
<kw name="Wait Until Element Is Visible" owner="SeleniumLibrary">
<arg>${locator}</arg>
<arg>timeout=5s</arg>
<doc>Waits until the element ``locator`` is visible.</doc>
<status status="PASS" start="2025-04-17T15:43:22.310887" elapsed="0.042085"/>
</kw>
<msg time="2025-04-17T15:43:22.353272" level="INFO">${res} = True</msg>
<var>${res}</var>
<arg>Wait Until Element Is Visible</arg>
<arg>${locator}</arg>
<arg>timeout=5s</arg>
<doc>Runs the given keyword with given arguments and returns the status as a Boolean value.</doc>
<status status="PASS" start="2025-04-17T15:43:22.310173" elapsed="0.043187"/>
</kw>
<return>
<value>${res}</value>
<status status="PASS" start="2025-04-17T15:43:22.353518" elapsed="0.000116"/>
</return>
<msg time="2025-04-17T15:43:22.353962" level="INFO">${res_detail} = True</msg>
<var>${res_detail}</var>
<arg>xpath=//span[normalize-space()='Detail Project']</arg>
<status status="PASS" start="2025-04-17T15:43:22.308962" elapsed="0.045069"/>
</kw>
<while condition="${res_detail} == $False">
<iter>
<kw name="user click element" owner="generalFunct">
<arg>xpath=//tbody/tr[${counter}]/td[contains(., 'Detail')]</arg>
<status status="NOT RUN" start="2025-04-17T15:43:22.354951" elapsed="0.000096"/>
</kw>
<kw name="general return status" owner="generalFunct">
<var>${res_detail}</var>
<arg>xpath=//span[normalize-space()='Detail Project']</arg>
<status status="NOT RUN" start="2025-04-17T15:43:22.355353" elapsed="0.000075"/>
</kw>
<status status="NOT RUN" start="2025-04-17T15:43:22.354191" elapsed="0.001339"/>
</iter>
<status status="NOT RUN" start="2025-04-17T15:43:22.354187" elapsed="0.001425"/>
</while>
<kw name="general Wait Until" owner="generalFunct">
<kw name="Wait Until Element Is Visible" owner="SeleniumLibrary">
<arg>${locator}</arg>
<arg>timeout=5s</arg>
<doc>Waits until the element ``locator`` is visible.</doc>
<status status="PASS" start="2025-04-17T15:43:22.356538" elapsed="0.037659"/>
</kw>
<kw name="Sleep" owner="BuiltIn">
<msg time="2025-04-17T15:43:27.395874" level="INFO">Slept 5 seconds.</msg>
<arg>5</arg>
<doc>Pauses the test executed for the given time.</doc>
<status status="PASS" start="2025-04-17T15:43:22.394565" elapsed="5.001730"/>
</kw>
<arg>${namaProject_onDetailPage}</arg>
<status status="PASS" start="2025-04-17T15:43:22.355903" elapsed="5.040792"/>
</kw>
<kw name="Get Text" owner="SeleniumLibrary">
<msg time="2025-04-17T15:43:27.456027" level="INFO">${nameProject} = ProjectTest2 9 april</msg>
<var>${nameProject}</var>
<arg>${namaProject_onDetailPage}</arg>
<doc>Returns the text value of the element identified by ``locator``.</doc>
<status status="PASS" start="2025-04-17T15:43:27.397337" elapsed="0.058873"/>
</kw>
<kw name="Get Text" owner="SeleniumLibrary">
<msg time="2025-04-17T15:43:27.509312" level="INFO">${status_onDetailPage} = Menunggu persetujuan</msg>
<var>${status_onDetailPage}</var>
<arg>${statusProject}</arg>
<doc>Returns the text value of the element identified by ``locator``.</doc>
<status status="PASS" start="2025-04-17T15:43:27.456910" elapsed="0.052472"/>
</kw>
<kw name="Log To Console" owner="BuiltIn">
<arg>Nama Project: ${nameProject}</arg>
<doc>Logs the given message to the console.</doc>
<status status="PASS" start="2025-04-17T15:43:27.509659" elapsed="0.000525"/>
</kw>
<kw name="Log To Console" owner="BuiltIn">
<arg>Status Project: ${status_onDetailPage}</arg>
<doc>Logs the given message to the console.</doc>
<status status="PASS" start="2025-04-17T15:43:27.510561" elapsed="0.000614"/>
</kw>
<kw name="Set Global Variable" owner="BuiltIn">
<msg time="2025-04-17T15:43:27.513286" level="INFO">${nameProject_MenungguPersetujuan} = ProjectTest2 9 april</msg>
<arg>${nameProject_MenungguPersetujuan}</arg>
<arg>${nameProject}</arg>
<doc>Makes a variable available globally in all tests and suites.</doc>
<status status="PASS" start="2025-04-17T15:43:27.511521" elapsed="0.001853"/>
</kw>
<kw name="Should Be Equal" owner="BuiltIn">
<arg>${nameProject}</arg>
<arg>${text}</arg>
<doc>Fails if the given objects are unequal.</doc>
<status status="PASS" start="2025-04-17T15:43:27.513588" elapsed="0.000284"/>
</kw>
<kw name="Should Be Equal" owner="BuiltIn">
<arg>${status_onDetailPage}</arg>
<arg>${status}</arg>
<doc>Fails if the given objects are unequal.</doc>
<status status="PASS" start="2025-04-17T15:43:27.514063" elapsed="0.000259"/>
</kw>
<kw name="Exit For Loop" owner="BuiltIn">
<msg time="2025-04-17T15:43:27.514621" level="INFO">Exiting for loop altogether.</msg>
<doc>Stops executing the enclosing FOR loop.</doc>
<status status="PASS" start="2025-04-17T15:43:27.514501" elapsed="0.000217"/>
</kw>
<status status="PASS" start="2025-04-17T15:43:10.857590" elapsed="16.657200"/>
</branch>
<status status="PASS" start="2025-04-17T15:43:10.857557" elapsed="16.657310"/>
</if>
<var name="${counter}">3</var>
<status status="PASS" start="2025-04-17T15:43:10.829011" elapsed="16.685903"/>
</iter>
<var>${counter}</var>
<value>1</value>
<value>10</value>
<status status="PASS" start="2025-04-17T15:43:00.086433" elapsed="27.428577"/>
</for>
<arg>${textStatus}</arg>
<status status="PASS" start="2025-04-17T15:43:00.086077" elapsed="27.429069"/>
</kw>
<kw name="Exit For Loop" owner="BuiltIn">
<msg time="2025-04-17T15:43:27.515432" level="INFO">Exiting for loop altogether.</msg>
<doc>Stops executing the enclosing FOR loop.</doc>
<status status="PASS" start="2025-04-17T15:43:27.515313" elapsed="0.000214"/>
</kw>
<status status="PASS" start="2025-04-17T15:43:00.085557" elapsed="27.430042"/>
</branch>
<branch type="ELSE">
<kw name="general return status" owner="generalFunct">
<var>${next}</var>
<arg>${nextPage}</arg>
<status status="NOT RUN" start="2025-04-17T15:43:27.515889" elapsed="0.000050"/>
</kw>
<kw name="Run Keyword If" owner="BuiltIn">
<arg>${next}</arg>
<arg>user click element</arg>
<arg>${nextPage}</arg>
<doc>Runs the given keyword with the given arguments, if ``condition`` is true.</doc>
<status status="NOT RUN" start="2025-04-17T15:43:27.516126" elapsed="0.000045"/>
</kw>
<status status="NOT RUN" start="2025-04-17T15:43:27.515665" elapsed="0.000577"/>
</branch>
<status status="PASS" start="2025-04-17T15:43:00.085518" elapsed="27.430780"/>
</if>
<var name="${counter}">1</var>
<status status="PASS" start="2025-04-17T15:43:00.046027" elapsed="27.470322"/>
</iter>
<var>${counter}</var>
<value>1</value>
<value>${len}</value>
<status status="PASS" start="2025-04-17T15:43:00.045295" elapsed="27.471127"/>
</for>
<arg>${StatusProject}</arg>
<status status="PASS" start="2025-04-17T15:42:57.042842" elapsed="30.473699"/>
</kw>
<kw name="user ubah project" owner="pom_detailProject_MenungguPersetujuan">
<kw name="click button ubah" owner="generalFunct">
<kw name="general Wait Until" owner="generalFunct">
<kw name="Wait Until Element Is Visible" owner="SeleniumLibrary">
<arg>${locator}</arg>
<arg>timeout=5s</arg>
<doc>Waits until the element ``locator`` is visible.</doc>
<status status="PASS" start="2025-04-17T15:43:27.517954" elapsed="0.029380"/>
</kw>
<kw name="Sleep" owner="BuiltIn">
<msg time="2025-04-17T15:43:32.548496" level="INFO">Slept 5 seconds.</msg>
<arg>5</arg>
<doc>Pauses the test executed for the given time.</doc>
<status status="PASS" start="2025-04-17T15:43:27.547606" elapsed="5.001288"/>
</kw>
<arg>${buttonUbah}</arg>
<status status="PASS" start="2025-04-17T15:43:27.517563" elapsed="5.031848"/>
</kw>
<kw name="user click element" owner="generalFunct">
<kw name="Sleep" owner="BuiltIn">
<msg time="2025-04-17T15:43:37.553079" level="INFO">Slept 5 seconds.</msg>
<arg>5</arg>
<doc>Pauses the test executed for the given time.</doc>
<status status="PASS" start="2025-04-17T15:43:32.551419" elapsed="5.002048"/>
</kw>
<kw name="Wait Until Element Is Visible" owner="SeleniumLibrary">
<arg>${element}</arg>
<doc>Waits until the element ``locator`` is visible.</doc>
<status status="PASS" start="2025-04-17T15:43:37.554208" elapsed="0.054503"/>
</kw>
<kw name="Click Element" owner="SeleniumLibrary">
<msg time="2025-04-17T15:43:37.610262" level="INFO">Clicking element 'xpath=//div[@class='d-flex align-items-center justify-content-end w-100']/button[2]'.</msg>
<msg time="2025-04-17T15:43:37.761580" level="INFO">${clickElement} = None</msg>
<var>${clickElement}</var>
<arg>${element}</arg>
<doc>Click the element identified by ``locator``.</doc>
<status status="PASS" start="2025-04-17T15:43:37.609457" elapsed="0.152542"/>
</kw>
<return>
<value>${clickElement}</value>
<status status="PASS" start="2025-04-17T15:43:37.762416" elapsed="0.000229"/>
</return>
<arg>${buttonUbah}</arg>
<status status="PASS" start="2025-04-17T15:43:32.550200" elapsed="5.213143"/>
</kw>
<status status="PASS" start="2025-04-17T15:43:27.517228" elapsed="10.246503"/>
</kw>
<kw name="general return status" owner="generalFunct">
<kw name="Run Keyword And Return Status" owner="BuiltIn">
<kw name="Wait Until Element Is Visible" owner="SeleniumLibrary">
<arg>${locator}</arg>
<arg>timeout=5s</arg>
<doc>Waits until the element ``locator`` is visible.</doc>
<status status="PASS" start="2025-04-17T15:43:37.768601" elapsed="1.302618"/>
</kw>
<msg time="2025-04-17T15:43:39.071419" level="INFO">${res} = True</msg>
<var>${res}</var>
<arg>Wait Until Element Is Visible</arg>
<arg>${locator}</arg>
<arg>timeout=5s</arg>
<doc>Runs the given keyword with given arguments and returns the status as a Boolean value.</doc>
<status status="PASS" start="2025-04-17T15:43:37.767445" elapsed="1.304026"/>
</kw>
<return>
<value>${res}</value>
<status status="PASS" start="2025-04-17T15:43:39.071584" elapsed="0.000082"/>
</return>
<msg time="2025-04-17T15:43:39.071879" level="INFO">${res} = True</msg>
<var>${res}</var>
<arg>${iconDeleteCity}</arg>
<status status="PASS" start="2025-04-17T15:43:37.765755" elapsed="1.306170"/>
</kw>
<if>
<branch type="IF" condition="${res}">
<kw name="Element Should Be Visible" owner="SeleniumLibrary">
<msg time="2025-04-17T15:43:39.109813" level="INFO">Element 'xpath=//div[@id='svgdeletecity']' is displayed.</msg>
<arg>${iconDeleteCity}</arg>
<doc>Verifies that the element identified by ``locator`` is visible.</doc>
<status status="PASS" start="2025-04-17T15:43:39.072319" elapsed="0.037711"/>
</kw>
<status status="PASS" start="2025-04-17T15:43:39.072061" elapsed="0.038174"/>
</branch>
<branch type="ELSE">
<kw name="reload_thePage" owner="pom_detailProject_MenungguPersetujuan">
<arg>${iconDeleteCity}</arg>
<status status="NOT RUN" start="2025-04-17T15:43:39.111082" elapsed="0.000163"/>
</kw>
<kw name="Sleep" owner="BuiltIn">
<arg>5</arg>
<doc>Pauses the test executed for the given time.</doc>
<status status="NOT RUN" start="2025-04-17T15:43:39.111679" elapsed="0.000126"/>
</kw>
<kw name="click button ubah" owner="generalFunct">
<status status="NOT RUN" start="2025-04-17T15:43:39.112278" elapsed="0.000131"/>
</kw>
<status status="NOT RUN" start="2025-04-17T15:43:39.110375" elapsed="0.002171"/>
</branch>
<status status="PASS" start="2025-04-17T15:43:39.072028" elapsed="0.040660"/>
</if>
<status status="PASS" start="2025-04-17T15:43:27.516848" elapsed="11.596040"/>
</kw>
<kw name="general Wait Until" owner="generalFunct">
<kw name="Wait Until Element Is Visible" owner="SeleniumLibrary">
<arg>${locator}</arg>
<arg>timeout=5s</arg>
<doc>Waits until the element ``locator`` is visible.</doc>
<status status="PASS" start="2025-04-17T15:43:39.114282" elapsed="0.028043"/>
</kw>
<kw name="Sleep" owner="BuiltIn">
<msg time="2025-04-17T15:43:44.143638" level="INFO">Slept 5 seconds.</msg>
<arg>5</arg>
<doc>Pauses the test executed for the given time.</doc>
<status status="PASS" start="2025-04-17T15:43:39.142599" elapsed="5.001422"/>
</kw>
<arg>${inputNamaProject}</arg>
<status status="PASS" start="2025-04-17T15:43:39.113340" elapsed="5.031091"/>
</kw>
<kw name="user click element" owner="generalFunct">
<kw name="Sleep" owner="BuiltIn">
<msg time="2025-04-17T15:43:49.147271" level="INFO">Slept 5 seconds.</msg>
<arg>5</arg>
<doc>Pauses the test executed for the given time.</doc>
<status status="PASS" start="2025-04-17T15:43:44.146424" elapsed="5.001387"/>
</kw>
<kw name="Wait Until Element Is Visible" owner="SeleniumLibrary">
<arg>${element}</arg>
<doc>Waits until the element ``locator`` is visible.</doc>
<status status="PASS" start="2025-04-17T15:43:49.148532" elapsed="0.054089"/>
</kw>
<kw name="Click Element" owner="SeleniumLibrary">
<msg time="2025-04-17T15:43:49.204211" level="INFO">Clicking element 'xpath=//input[@id='projectName']'.</msg>
<msg time="2025-04-17T15:43:49.432902" level="INFO">${clickElement} = None</msg>
<var>${clickElement}</var>
<arg>${element}</arg>
<doc>Click the element identified by ``locator``.</doc>
<status status="PASS" start="2025-04-17T15:43:49.203367" elapsed="0.229645"/>
</kw>
<return>
<value>${clickElement}</value>
<status status="PASS" start="2025-04-17T15:43:49.433215" elapsed="0.000119"/>
</return>
<arg>${inputNamaProject}</arg>
<status status="PASS" start="2025-04-17T15:43:44.145204" elapsed="5.288429"/>
</kw>
<kw name="Run Keyword If" owner="BuiltIn">
<arg>'${nameProject_MenungguPersetujuan}' == '${projectName}'</arg>
<arg>Get list Project Manajemen</arg>
<doc>Runs the given keyword with the given arguments, if ``condition`` is true.</doc>
<status status="PASS" start="2025-04-17T15:43:49.434024" elapsed="0.000551"/>
</kw>
<kw name="Replace String" owner="String">
<msg time="2025-04-17T15:43:49.435573" level="INFO">${nameUsed} = Demo Project Wika 2</msg>
<var>${nameUsed}</var>
<arg>${nameProject_MenungguPersetujuan}</arg>
<arg>${nameProject_MenungguPersetujuan}</arg>
<arg>${projectName}</arg>
<doc>Replaces ``search_for`` in the given ``string`` with ``replace_with``.</doc>
<status status="PASS" start="2025-04-17T15:43:49.434953" elapsed="0.000725"/>
</kw>
<kw name="user input text" owner="generalFunct">
[...]
<status status="PASS" start="2025-04-17T15:44:00.378509" elapsed="0.000571"/>
</kw>
<kw name="Get Text" owner="SeleniumLibrary">
<msg time="2025-04-17T15:44:00.405036" level="INFO">${textBorder} = Total pembelian</msg>
<var>${textBorder}</var>
<arg>xpath=//div[@class="w-100 borderRight "]/div[${counter}]/div[1]/span</arg>
<doc>Returns the text value of the element identified by ``locator``.</doc>
<status status="PASS" start="2025-04-17T15:44:00.379462" elapsed="0.025646"/>
</kw>
<kw name="Get Text" owner="SeleniumLibrary">
<msg time="2025-04-17T15:44:00.430419" level="INFO">${textBorderRight} = Rp 0</msg>
<var>${textBorderRight}</var>
<arg>xpath=//div[@class="w-100 borderRight "]/div[${counter}]/div[2]/span[2]</arg>
<doc>Returns the text value of the element identified by ``locator``.</doc>
<status status="PASS" start="2025-04-17T15:44:00.405366" elapsed="0.025120"/>
</kw>
<kw name="Log To Console" owner="BuiltIn">
<arg>${textBorder}: ${textBorderRight}</arg>
<doc>Logs the given message to the console.</doc>
<status status="PASS" start="2025-04-17T15:44:00.430743" elapsed="0.000514"/>
</kw>
<status status="PASS" start="2025-04-17T15:44:00.326372" elapsed="0.105013"/>
</branch>
<branch type="ELSE">
<kw name="Exit For Loop" owner="BuiltIn">
<doc>Stops executing the enclosing FOR loop.</doc>
<status status="NOT RUN" start="2025-04-17T15:44:00.431805" elapsed="0.000060"/>
</kw>
<status status="NOT RUN" start="2025-04-17T15:44:00.431526" elapsed="0.000411"/>
</branch>
<status status="PASS" start="2025-04-17T15:44:00.326340" elapsed="0.105653"/>
</if>
<var name="${counter}">3</var>
<status status="PASS" start="2025-04-17T15:44:00.300323" elapsed="0.131717"/>
</iter>
<iter>
<kw name="general return status" owner="generalFunct">
<kw name="Run Keyword And Return Status" owner="BuiltIn">
<kw name="Wait Until Element Is Visible" owner="SeleniumLibrary">
<msg time="2025-04-17T15:44:05.807797" level="INFO" html="true">&lt;/td&gt;&lt;/tr&gt;&lt;tr&gt;&lt;td colspan="3"&gt;&lt;a href="selenium-screenshot-3.png"&gt;&lt;img src="selenium-screenshot-3.png" width="800px"&gt;&lt;/a&gt;</msg>
<msg time="2025-04-17T15:44:05.808112" level="FAIL">Element 'xpath=//div[@class='w-100']/div[4]' not visible after 5 seconds.</msg>
<arg>${locator}</arg>
<arg>timeout=5s</arg>
<doc>Waits until the element ``locator`` is visible.</doc>
<status status="FAIL" start="2025-04-17T15:44:00.433942" elapsed="5.375863">Element 'xpath=//div[@class='w-100']/div[4]' not visible after 5 seconds.</status>
</kw>
<msg time="2025-04-17T15:44:05.810011" level="INFO">${res} = False</msg>
<var>${res}</var>
<arg>Wait Until Element Is Visible</arg>
<arg>${locator}</arg>
<arg>timeout=5s</arg>
<doc>Runs the given keyword with given arguments and returns the status as a Boolean value.</doc>
<status status="PASS" start="2025-04-17T15:44:00.433685" elapsed="5.376437"/>
</kw>
<return>
<value>${res}</value>
<status status="PASS" start="2025-04-17T15:44:05.810480" elapsed="0.000153"/>
</return>
<msg time="2025-04-17T15:44:05.810919" level="INFO">${res} = False</msg>
<var>${res}</var>
<arg>xpath=//div[@class='w-100']/div[${counter}]</arg>
<status status="PASS" start="2025-04-17T15:44:00.432525" elapsed="5.378451"/>
</kw>
<if>
<branch type="IF" condition="${res}">
<kw name="Get Text" owner="SeleniumLibrary">
<var>${text}</var>
<arg>xpath=//div[@class='w-100']/div[${counter}]/div[1]/span</arg>
<doc>Returns the text value of the element identified by ``locator``.</doc>
<status status="NOT RUN" start="2025-04-17T15:44:05.811418" elapsed="0.000048"/>
</kw>
<kw name="Get Text" owner="SeleniumLibrary">
<var>${textName}</var>
<arg>xpath=//div[@class='w-100']/div[${counter}]/div[2]/span[2]</arg>
<doc>Returns the text value of the element identified by ``locator``.</doc>
<status status="NOT RUN" start="2025-04-17T15:44:05.811646" elapsed="0.000049"/>
</kw>
<kw name="Log To Console" owner="BuiltIn">
<arg>${text}: ${textName}</arg>
<doc>Logs the given message to the console.</doc>
<status status="NOT RUN" start="2025-04-17T15:44:05.811862" elapsed="0.000043"/>
</kw>
<kw name="Get Text" owner="SeleniumLibrary">
<var>${textBorder}</var>
<arg>xpath=//div[@class="w-100 borderRight "]/div[${counter}]/div[1]/span</arg>
<doc>Returns the text value of the element identified by ``locator``.</doc>
<status status="NOT RUN" start="2025-04-17T15:44:05.812061" elapsed="0.000042"/>
</kw>
<kw name="Get Text" owner="SeleniumLibrary">
<var>${textBorderRight}</var>
<arg>xpath=//div[@class="w-100 borderRight "]/div[${counter}]/div[2]/span[2]</arg>
<doc>Returns the text value of the element identified by ``locator``.</doc>
<status status="NOT RUN" start="2025-04-17T15:44:05.812272" elapsed="0.000041"/>
</kw>
<kw name="Log To Console" owner="BuiltIn">
<arg>${textBorder}: ${textBorderRight}</arg>
<doc>Logs the given message to the console.</doc>
<status status="NOT RUN" start="2025-04-17T15:44:05.812472" elapsed="0.000043"/>
</kw>
<status status="NOT RUN" start="2025-04-17T15:44:05.811138" elapsed="0.001439"/>
</branch>
<branch type="ELSE">
<kw name="Exit For Loop" owner="BuiltIn">
<msg time="2025-04-17T15:44:05.812940" level="INFO">Exiting for loop altogether.</msg>
<doc>Stops executing the enclosing FOR loop.</doc>
<status status="PASS" start="2025-04-17T15:44:05.812798" elapsed="0.000238"/>
</kw>
<status status="PASS" start="2025-04-17T15:44:05.812639" elapsed="0.000470"/>
</branch>
<status status="PASS" start="2025-04-17T15:44:05.811100" elapsed="0.002065"/>
</if>
<var name="${counter}">4</var>
<status status="PASS" start="2025-04-17T15:44:00.432322" elapsed="5.380888"/>
</iter>
<var>${counter}</var>
<value>1</value>
<value>${len}</value>
<status status="PASS" start="2025-04-17T15:43:59.958812" elapsed="5.854636"/>
</for>
<status status="PASS" start="2025-04-17T15:43:59.956564" elapsed="5.857028"/>
</kw>
<arg>Menunggu persetujuan</arg>
<status status="PASS" start="2025-04-17T15:42:56.572707" elapsed="69.240972"/>
</kw>
<kw name="And user click element" owner="generalFunct">
<kw name="Sleep" owner="BuiltIn">
<msg time="2025-04-17T15:44:10.815637" level="INFO">Slept 5 seconds.</msg>
<arg>5</arg>
<doc>Pauses the test executed for the given time.</doc>
<status status="PASS" start="2025-04-17T15:44:05.814367" elapsed="5.001670"/>
</kw>
<kw name="Wait Until Element Is Visible" owner="SeleniumLibrary">
<arg>${element}</arg>
<doc>Waits until the element ``locator`` is visible.</doc>
<status status="PASS" start="2025-04-17T15:44:10.816746" elapsed="0.056063"/>
</kw>
<kw name="Click Element" owner="SeleniumLibrary">
<msg time="2025-04-17T15:44:10.873523" level="INFO">Clicking element 'xpath=//span[contains(text(),'Simpan')]/parent::span/parent::button'.</msg>
<msg time="2025-04-17T15:44:10.983133" level="INFO">${clickElement} = None</msg>
<var>${clickElement}</var>
<arg>${element}</arg>
<doc>Click the element identified by ``locator``.</doc>
<status status="PASS" start="2025-04-17T15:44:10.873153" elapsed="0.110067"/>
</kw>
<return>
<value>${clickElement}</value>
<status status="PASS" start="2025-04-17T15:44:10.983374" elapsed="0.000084"/>
</return>
<arg>${buttonSimpan}</arg>
<status status="PASS" start="2025-04-17T15:44:05.813953" elapsed="5.169736"/>
</kw>
<kw name="Then show pop up dialog" owner="generalFunct">
<kw name="Wait Until Element Is Visible" owner="SeleniumLibrary">
<arg>${locator}</arg>
<arg>timeout=5s</arg>
<doc>Waits until the element ``locator`` is visible.</doc>
<status status="PASS" start="2025-04-17T15:44:10.984529" elapsed="0.061957"/>
</kw>
<kw name="Get Text" owner="SeleniumLibrary">
<msg time="2025-04-17T15:44:11.072560" level="INFO">${textDesc} = Apakah Anda yakin untuk merubah informasi project ini?</msg>
<var>${textDesc}</var>
<arg>xpath=//div[@class='text-center']/p[2]</arg>
<doc>Returns the text value of the element identified by ``locator``.</doc>
<status status="PASS" start="2025-04-17T15:44:11.046764" elapsed="0.025865"/>
</kw>
<kw name="user input text" owner="generalFunct">
<kw name="Wait Until Element Is Visible" owner="SeleniumLibrary">
<arg>${locator}</arg>
<doc>Waits until the element ``locator`` is visible.</doc>
<status status="PASS" start="2025-04-17T15:44:11.073412" elapsed="0.027852"/>
</kw>
<kw name="Input Text" owner="SeleniumLibrary">
<msg time="2025-04-17T15:44:11.101864" level="INFO">Typing text 'Ubah Data' into text field 'xpath=//div[@class='text-center']/textarea'.</msg>
<arg>${locator}</arg>
<arg>${text}</arg>
<doc>Types the given ``text`` into the text field identified by ``locator``.</doc>
<status status="PASS" start="2025-04-17T15:44:11.101528" elapsed="0.136278"/>
</kw>
<kw name="Sleep" owner="BuiltIn">
<msg time="2025-04-17T15:44:16.239800" level="INFO">Slept 5 seconds.</msg>
<arg>5</arg>
<doc>Pauses the test executed for the given time.</doc>
<status status="PASS" start="2025-04-17T15:44:11.238297" elapsed="5.001927"/>
</kw>
<arg>xpath=//div[@class='text-center']/textarea</arg>
<arg>Ubah Data</arg>
<status status="PASS" start="2025-04-17T15:44:11.072970" elapsed="5.167706"/>
</kw>
<kw name="Log To Console" owner="BuiltIn">
<arg>Desc: ${textDesc}</arg>
<doc>Logs the given message to the console.</doc>
<status status="PASS" start="2025-04-17T15:44:16.241288" elapsed="0.001720"/>
</kw>
<arg>${ubahProject_MenungguPersetujuan}</arg>
<status status="PASS" start="2025-04-17T15:44:10.984008" elapsed="5.259717"/>
</kw>
<kw name="And button accept on dialog form ubah" owner="generalFunct">
<kw name="general Wait Until" owner="generalFunct">
<kw name="Wait Until Element Is Visible" owner="SeleniumLibrary">
<arg>${locator}</arg>
<arg>timeout=5s</arg>
<doc>Waits until the element ``locator`` is visible.</doc>
<status status="PASS" start="2025-04-17T15:44:16.247125" elapsed="0.056144"/>
</kw>
<kw name="Sleep" owner="BuiltIn">
<msg time="2025-04-17T15:44:21.304649" level="INFO">Slept 5 seconds.</msg>
<arg>5</arg>
<doc>Pauses the test executed for the given time.</doc>
<status status="PASS" start="2025-04-17T15:44:16.303568" elapsed="5.001437"/>
</kw>
<arg>xpath=//div[@class='d-flex']/button[contains(.,'${textPopUP}')]</arg>
<status status="PASS" start="2025-04-17T15:44:16.245878" elapsed="5.059497"/>
</kw>
<kw name="user click element" owner="generalFunct">
<kw name="Sleep" owner="BuiltIn">
<msg time="2025-04-17T15:44:26.308398" level="INFO">Slept 5 seconds.</msg>
<arg>5</arg>
<doc>Pauses the test executed for the given time.</doc>
<status status="PASS" start="2025-04-17T15:44:21.307244" elapsed="5.001566"/>
</kw>
<kw name="Wait Until Element Is Visible" owner="SeleniumLibrary">
<arg>${element}</arg>
<doc>Waits until the element ``locator`` is visible.</doc>
<status status="PASS" start="2025-04-17T15:44:26.309499" elapsed="0.055659"/>
</kw>
<kw name="Click Element" owner="SeleniumLibrary">
<msg time="2025-04-17T15:44:26.366706" level="INFO">Clicking element 'xpath=//div[@class='d-flex']/button[contains(.,'Simpan')]'.</msg>
<msg time="2025-04-17T15:44:26.477119" level="INFO">${clickElement} = None</msg>
<var>${clickElement}</var>
<arg>${element}</arg>
<doc>Click the element identified by ``locator``.</doc>
<status status="PASS" start="2025-04-17T15:44:26.365913" elapsed="0.111300"/>
</kw>
<return>
<value>${clickElement}</value>
<status status="PASS" start="2025-04-17T15:44:26.477370" elapsed="0.000101"/>
</return>
<arg>xpath=//div[@class='d-flex']/button[contains(.,'${textPopUP}')]</arg>
<status status="PASS" start="2025-04-17T15:44:21.306061" elapsed="5.171682"/>
</kw>
<arg>Simpan</arg>
<status status="PASS" start="2025-04-17T15:44:16.244681" elapsed="10.233191"/>
</kw>
<kw name="And show message error project" owner="generalFunct">
<kw name="general return status" owner="generalFunct">
<kw name="Run Keyword And Return Status" owner="BuiltIn">
<kw name="Wait Until Element Is Visible" owner="SeleniumLibrary">
<msg time="2025-04-17T15:44:31.829582" level="INFO" html="true">&lt;/td&gt;&lt;/tr&gt;&lt;tr&gt;&lt;td colspan="3"&gt;&lt;a href="selenium-screenshot-4.png"&gt;&lt;img src="selenium-screenshot-4.png" width="800px"&gt;&lt;/a&gt;</msg>
<msg time="2025-04-17T15:44:31.829869" level="FAIL">Element 'xpath=//label[contains(.,'Wajib')]' not visible after 5 seconds.</msg>
<arg>${locator}</arg>
<arg>timeout=5s</arg>
<doc>Waits until the element ``locator`` is visible.</doc>
<status status="FAIL" start="2025-04-17T15:44:26.479597" elapsed="5.351880">Element 'xpath=//label[contains(.,'Wajib')]' not visible after 5 seconds.</status>
</kw>
<msg time="2025-04-17T15:44:31.831683" level="INFO">${res} = False</msg>
<var>${res}</var>
<arg>Wait Until Element Is Visible</arg>
<arg>${locator}</arg>
<arg>timeout=5s</arg>
<doc>Runs the given keyword with given arguments and returns the status as a Boolean value.</doc>
<status status="PASS" start="2025-04-17T15:44:26.479303" elapsed="5.352434"/>
</kw>
<return>
<value>${res}</value>
<status status="PASS" start="2025-04-17T15:44:31.831854" elapsed="0.000071"/>
</return>
<msg time="2025-04-17T15:44:31.832141" level="INFO">${label} = False</msg>
<var>${label}</var>
<arg>${errMessageFormProject}</arg>
<status status="PASS" start="2025-04-17T15:44:26.478798" elapsed="5.353390"/>
</kw>
<if>
<branch type="IF" condition="${label}">
<kw name="general Wait Until" owner="generalFunct">
<arg>${errMessageFormProject}</arg>
<status status="NOT RUN" start="2025-04-17T15:44:31.832626" elapsed="0.000054"/>
</kw>
<kw name="Get Text" owner="SeleniumLibrary">
<var>${err}</var>
<arg>${errMessageFormProject}</arg>
<doc>Returns the text value of the element identified by ``locator``.</doc>
<status status="NOT RUN" start="2025-04-17T15:44:31.832885" elapsed="0.000046"/>
</kw>
<kw name="Log To Console" owner="BuiltIn">
<arg>${\n}Error State: ${err}</arg>
<doc>Logs the given message to the console.</doc>
<status status="NOT RUN" start="2025-04-17T15:44:31.833102" elapsed="0.000116"/>
</kw>
<kw name="Scroll Element Into View" owner="SeleniumLibrary">
<arg>${errMessageFormProject}</arg>
<doc>Scrolls the element identified by ``locator`` into view.</doc>
<status status="NOT RUN" start="2025-04-17T15:44:31.833393" elapsed="0.000050"/>
</kw>
<status status="NOT RUN" start="2025-04-17T15:44:31.832337" elapsed="0.001169"/>
</branch>
<branch type="ELSE">
<kw name="general Wait Until" owner="generalFunct">
<kw name="Wait Until Element Is Visible" owner="SeleniumLibrary">
<arg>${locator}</arg>
<arg>timeout=5s</arg>
<doc>Waits until the element ``locator`` is visible.</doc>
<status status="PASS" start="2025-04-17T15:44:31.834175" elapsed="0.026363"/>
</kw>
<kw name="Sleep" owner="BuiltIn">
<msg time="2025-04-17T15:44:36.861807" level="INFO">Slept 5 seconds.</msg>
<arg>5</arg>
<doc>Pauses the test executed for the given time.</doc>
<status status="PASS" start="2025-04-17T15:44:31.860808" elapsed="5.001362"/>
</kw>
<arg>${errLabel_formProject}</arg>
<status status="PASS" start="2025-04-17T15:44:31.833758" elapsed="5.028799"/>
</kw>
<kw name="Get Text" owner="SeleniumLibrary">
<msg time="2025-04-17T15:44:36.921201" level="INFO">${err} = Nama Project sudah digunakan</msg>
<var>${err}</var>
<arg>${errLabel_formProject}</arg>
<doc>Returns the text value of the element identified by ``locator``.</doc>
<status status="PASS" start="2025-04-17T15:44:36.863224" elapsed="0.058164"/>
</kw>
<kw name="Log To Console" owner="BuiltIn">
<arg>${\n}Error State: ${err}</arg>
<doc>Logs the given message to the console.</doc>
<status status="PASS" start="2025-04-17T15:44:36.922084" elapsed="0.001634"/>
</kw>
<status status="PASS" start="2025-04-17T15:44:31.833569" elapsed="5.090688"/>
</branch>
<status status="PASS" start="2025-04-17T15:44:31.832296" elapsed="5.092333"/>
</if>
<status status="PASS" start="2025-04-17T15:44:26.478298" elapsed="10.446690"/>
</kw>
<status status="PASS" start="2025-04-17T15:42:26.160286" elapsed="130.764976"/>
</kw>
<kw name="End Web Test" owner="web_eProc" type="TEARDOWN">
<kw name="Log" owner="BuiltIn">
<msg time="2025-04-17T15:44:36.928460" level="INFO">Suite teardown initiated</msg>
<arg>Suite teardown initiated</arg>
<doc>Logs the given message with the given level.</doc>
<status status="PASS" start="2025-04-17T15:44:36.928000" elapsed="0.000687"/>
</kw>
<kw name="Close Browser" owner="SeleniumLibrary">
<doc>Closes the current browser.</doc>
<status status="PASS" start="2025-04-17T15:44:36.929239" elapsed="2.628437"/>
</kw>
<kw name="Remove file Report PNG" owner="web_eProc">
<kw name="List Directory" owner="OperatingSystem">
<msg time="2025-04-17T15:44:39.559314" level="INFO" html="true">Listing contents of directory '&lt;a href="file://C:\Users\1000Saudara45\Documents\Automation\eProc_Web\report"&gt;C:\Users\1000Saudara45\Documents\Automation\eProc_Web\report&lt;/a&gt;'.</msg>
<msg time="2025-04-17T15:44:39.560069" level="INFO">4 items:
C:\Users\1000Saudara45\Documents\Automation\eProc_Web\report\selenium-screenshot-1.png
C:\Users\1000Saudara45\Documents\Automation\eProc_Web\report\selenium-screenshot-2.png
C:\Users\1000Saudara45\Documents\Automation\eProc_Web\report\selenium-screenshot-3.png
C:\Users\1000Saudara45\Documents\Automation\eProc_Web\report\selenium-screenshot-4.png</msg>
<msg time="2025-04-17T15:44:39.560300" level="INFO">@{png_file} = [ C:\Users\1000Saudara45\Documents\Automation\eProc_Web\report\selenium-screenshot-1.png | C:\Users\1000Saudara45\Documents\Automation\eProc_Web\report\selenium-screenshot-2.png | C:\Users\1000Saudara...</msg>
<var>@{png_file}</var>
<arg>report/</arg>
<arg>*.png</arg>
<arg>absolute=${True}</arg>
<doc>Returns and logs items in a directory, optionally filtered with ``pattern``.</doc>
<status status="PASS" start="2025-04-17T15:44:39.558782" elapsed="0.001575"/>
</kw>
<kw name="Remove Files" owner="OperatingSystem">
<msg time="2025-04-17T15:44:39.561418" level="INFO" html="true">Removed file '&lt;a href="file://C:\Users\1000Saudara45\Documents\Automation\eProc_Web\report\selenium-screenshot-1.png"&gt;C:\Users\1000Saudara45\Documents\Automation\eProc_Web\report\selenium-screenshot-1.png&lt;/a&gt;'.</msg>
<msg time="2025-04-17T15:44:39.562381" level="INFO" html="true">Removed file '&lt;a href="file://C:\Users\1000Saudara45\Documents\Automation\eProc_Web\report\selenium-screenshot-2.png"&gt;C:\Users\1000Saudara45\Documents\Automation\eProc_Web\report\selenium-screenshot-2.png&lt;/a&gt;'.</msg>
<msg time="2025-04-17T15:44:39.563178" level="INFO" html="true">Removed file '&lt;a href="file://C:\Users\1000Saudara45\Documents\Automation\eProc_Web\report\selenium-screenshot-3.png"&gt;C:\Users\1000Saudara45\Documents\Automation\eProc_Web\report\selenium-screenshot-3.png&lt;/a&gt;'.</msg>
<msg time="2025-04-17T15:44:39.563905" level="INFO" html="true">Removed file '&lt;a href="file://C:\Users\1000Saudara45\Documents\Automation\eProc_Web\report\selenium-screenshot-4.png"&gt;C:\Users\1000Saudara45\Documents\Automation\eProc_Web\report\selenium-screenshot-4.png&lt;/a&gt;'.</msg>
<arg>@{png_file}</arg>
<doc>Uses `Remove File` to remove multiple files one-by-one.</doc>
<status status="PASS" start="2025-04-17T15:44:39.560602" elapsed="0.003562"/>
</kw>
<status status="PASS" start="2025-04-17T15:44:39.558124" elapsed="0.006212"/>
</kw>
<doc>Closes the browser after all tests in the suite have run</doc>
<status status="PASS" start="2025-04-17T15:44:36.926862" elapsed="2.637567"/>
</kw>
<doc>This scenario test User can change data name project with name has been used</doc>
<tag>1000s</tag>
<tag>detail_project</tag>
<tag>test</tag>
<status status="PASS" start="2025-04-17T15:42:22.913395" elapsed="136.651355"/>
</test>
<status status="PASS" start="2025-04-17T15:42:21.424311" elapsed="138.142357"/>
</suite>
<statistics>
<total>
<stat pass="1" fail="0" skip="0">All Tests</stat>
</total>
<tag>
<stat pass="1" fail="0" skip="0">1000s</stat>
<stat pass="1" fail="0" skip="0">detail_project</stat>
<stat pass="1" fail="0" skip="0">test</stat>
</tag>
<suite>
<stat name="test detailProject MenungguPersetujuan" id="s1" pass="1" fail="0" skip="0">test detailProject MenungguPersetujuan</stat>
</suite>
</statistics>
<errors>
</errors>
</robot>
