<?xml version="1.0" encoding="UTF-8"?>
<robot generator="Robot 7.2.2 (Python 3.13.2 on win32)" generated="2025-03-13T15:33:25.684712" rpa="false" schemaversion="5">
<suite id="s1" name="Test Login" source="C:\Users\1000Saudara45\Documents\Automation\eProc_Web\testSuite\Tim_OP\test_login.robot">
<test id="s1-t1" name="Test Login Success" line="12">
<kw name="Begin Web Test" owner="web_eProc" type="SETUP">
<kw name="Open Browser" owner="SeleniumLibrary">
<msg time="2025-03-13T15:33:26.474417" level="INFO">Opening browser 'headlesschrome' to base url 'about:blank'.</msg>
<arg>about:blank</arg>
<arg>${BROWSER}</arg>
<doc>Opens a new browser instance to the optional ``url``.</doc>
<status status="PASS" start="2025-03-13T15:33:26.474053" elapsed="7.813106"/>
</kw>
<kw name="Execute Javascript" owner="SeleniumLibrary">
<msg time="2025-03-13T15:33:34.289085" level="INFO">Executing JavaScript:
document.body.style.transform = 'scale(0.67)'; document.body.style.transformOrigin = '0 0';
Without any arguments.</msg>
<arg>document.body.style.transform = 'scale(0.67)'; document.body.style.transformOrigin = '0 0';</arg>
<doc>Executes the given JavaScript code with possible arguments.</doc>
<status status="PASS" start="2025-03-13T15:33:34.287896" elapsed="0.027922"/>
</kw>
<kw name="Go To" owner="SeleniumLibrary">
<msg time="2025-03-13T15:33:34.316735" level="INFO">Opening url 'https://developer.1000saudara.com/project1000s'</msg>
<arg>${URL_DEV}</arg>
<doc>Navigates the current browser window to the provided ``url``.</doc>
<status status="PASS" start="2025-03-13T15:33:34.316278" elapsed="2.397213"/>
</kw>
<status status="PASS" start="2025-03-13T15:33:26.472726" elapsed="10.241079"/>
</kw>
<kw name="User can access Home Login 1000s" owner="login">
<kw name="Then user go to home page E-Proc1000s" owner="pom_login_eProc">
<kw name="user visit E-Proc1000s Login Page" owner="pom_login_eProc">
<kw name="Get Location" owner="SeleniumLibrary">
<msg time="2025-03-13T15:33:36.726119" level="INFO">${current_url} = https://developer.1000saudara.com/project1000s</msg>
<var>${current_url}</var>
<doc>Returns the current browser window URL.</doc>
<status status="PASS" start="2025-03-13T15:33:36.716207" elapsed="0.009998"/>
</kw>
<kw name="Log" owner="BuiltIn">
<msg time="2025-03-13T15:33:36.727041" level="INFO">Current Path: https://developer.1000saudara.com/project1000s</msg>
<arg>Current Path: ${current_url}</arg>
<doc>Logs the given message with the given level.</doc>
<status status="PASS" start="2025-03-13T15:33:36.726543" elapsed="0.000649"/>
</kw>
<kw name="general return status" owner="generalFunct">
<kw name="Run Keyword And Return Status" owner="BuiltIn">
<kw name="Wait Until Element Is Visible" owner="SeleniumLibrary">
<arg>${locator}</arg>
<arg>timeout=5s</arg>
<doc>Waits until the element ``locator`` is visible.</doc>
<status status="PASS" start="2025-03-13T15:33:36.728937" elapsed="0.083988"/>
</kw>
<msg time="2025-03-13T15:33:36.813142" level="INFO">${res} = True</msg>
<var>${res}</var>
<arg>Wait Until Element Is Visible</arg>
<arg>${locator}</arg>
<arg>timeout=5s</arg>
<doc>Runs the given keyword with given arguments and returns the status as a Boolean value.</doc>
<status status="PASS" start="2025-03-13T15:33:36.728490" elapsed="0.084704"/>
</kw>
<return>
<value>${res}</value>
<status status="PASS" start="2025-03-13T15:33:36.813321" elapsed="0.000098"/>
</return>
<msg time="2025-03-13T15:33:36.813659" level="INFO">${res} = True</msg>
<var>${res}</var>
<arg>${headerLogin}</arg>
<status status="PASS" start="2025-03-13T15:33:36.727678" elapsed="0.086029"/>
</kw>
<while condition="${res} == $False">
<iter>
<kw name="Reload Page" owner="SeleniumLibrary">
<doc>Simulates user reloading page.</doc>
<status status="NOT RUN" start="2025-03-13T15:33:36.814362" elapsed="0.000050"/>
</kw>
<kw name="Sleep" owner="BuiltIn">
<arg>2s</arg>
<doc>Pauses the test executed for the given time.</doc>
<status status="NOT RUN" start="2025-03-13T15:33:36.814570" elapsed="0.000046"/>
</kw>
<kw name="general return status" owner="generalFunct">
<var>${res}</var>
<arg>${headerLogin}</arg>
<status status="NOT RUN" start="2025-03-13T15:33:36.814824" elapsed="0.000050"/>
</kw>
<status status="NOT RUN" start="2025-03-13T15:33:36.813819" elapsed="0.001121"/>
</iter>
<status status="NOT RUN" start="2025-03-13T15:33:36.813816" elapsed="0.001185"/>
</while>
<status status="PASS" start="2025-03-13T15:33:36.715698" elapsed="0.099407"/>
</kw>
<kw name="user login E-Proc1000s Page" owner="pom_login_eProc">
<kw name="general Wait Until" owner="generalFunct">
<kw name="Wait Until Element Is Visible" owner="SeleniumLibrary">
<arg>${locator}</arg>
<arg>timeout=5s</arg>
<doc>Waits until the element ``locator`` is visible.</doc>
<status status="PASS" start="2025-03-13T15:33:36.816244" elapsed="0.034739"/>
</kw>
<kw name="Sleep" owner="BuiltIn">
<msg time="2025-03-13T15:33:41.852425" level="INFO">Slept 5 seconds.</msg>
<arg>5</arg>
<doc>Pauses the test executed for the given time.</doc>
<status status="PASS" start="2025-03-13T15:33:36.851229" elapsed="5.001957"/>
</kw>
<arg>${inputPassword}</arg>
<status status="PASS" start="2025-03-13T15:33:36.815860" elapsed="5.037840"/>
</kw>
<kw name="user input text" owner="generalFunct">
<kw name="Wait Until Element Is Visible" owner="SeleniumLibrary">
<arg>${locator}</arg>
<doc>Waits until the element ``locator`` is visible.</doc>
<status status="PASS" start="2025-03-13T15:33:41.855763" elapsed="0.063093"/>
</kw>
<kw name="Input Text" owner="SeleniumLibrary">
<msg time="2025-03-13T15:33:41.919917" level="INFO">Typing text '085210758864' into text field 'xpath=//input[@id='TxtPhone']'.</msg>
<arg>${locator}</arg>
<arg>${text}</arg>
<doc>Types the given ``text`` into the text field identified by ``locator``.</doc>
<status status="PASS" start="2025-03-13T15:33:41.919291" elapsed="0.214366"/>
</kw>
<kw name="Sleep" owner="BuiltIn">
<msg time="2025-03-13T15:33:47.134594" level="INFO">Slept 5 seconds.</msg>
<arg>5</arg>
<doc>Pauses the test executed for the given time.</doc>
<status status="PASS" start="2025-03-13T15:33:42.133908" elapsed="5.000835"/>
</kw>
<arg>${inputUsername}</arg>
<arg>${ROLE_ADMIN}</arg>
<status status="PASS" start="2025-03-13T15:33:41.854409" elapsed="5.280484"/>
</kw>
<kw name="general return status" owner="generalFunct">
<kw name="Run Keyword And Return Status" owner="BuiltIn">
<kw name="Wait Until Element Is Visible" owner="SeleniumLibrary">
<arg>${locator}</arg>
<arg>timeout=5s</arg>
<doc>Waits until the element ``locator`` is visible.</doc>
<status status="PASS" start="2025-03-13T15:33:47.135943" elapsed="0.023935"/>
</kw>
<msg time="2025-03-13T15:33:47.160101" level="INFO">${res} = True</msg>
<var>${res}</var>
<arg>Wait Until Element Is Visible</arg>
<arg>${locator}</arg>
<arg>timeout=5s</arg>
<doc>Runs the given keyword with given arguments and returns the status as a Boolean value.</doc>
<status status="PASS" start="2025-03-13T15:33:47.135684" elapsed="0.024472"/>
</kw>
<return>
<value>${res}</value>
<status status="PASS" start="2025-03-13T15:33:47.160294" elapsed="0.000093"/>
</return>
<msg time="2025-03-13T15:33:47.160625" level="INFO">${res} = True</msg>
<var>${res}</var>
<arg>${inputPassword}</arg>
<status status="PASS" start="2025-03-13T15:33:47.135185" elapsed="0.025491"/>
</kw>
<if>
<branch type="IF" condition="${res}">
<kw name="Sleep" owner="BuiltIn">
<msg time="2025-03-13T15:33:51.161775" level="INFO">Slept 4 seconds.</msg>
<arg>4</arg>
<doc>Pauses the test executed for the given time.</doc>
<status status="PASS" start="2025-03-13T15:33:47.161123" elapsed="4.000811"/>
</kw>
<kw name="user input text" owner="generalFunct">
<kw name="Wait Until Element Is Visible" owner="SeleniumLibrary">
<arg>${locator}</arg>
<doc>Waits until the element ``locator`` is visible.</doc>
<status status="PASS" start="2025-03-13T15:33:51.162853" elapsed="0.022149"/>
</kw>
<kw name="Input Text" owner="SeleniumLibrary">
<msg time="2025-03-13T15:33:51.185799" level="INFO">Typing text '085210758864' into text field 'xpath=//input[@id='TxtPhone']'.</msg>
<arg>${locator}</arg>
<arg>${text}</arg>
<doc>Types the given ``text`` into the text field identified by ``locator``.</doc>
<status status="PASS" start="2025-03-13T15:33:51.185447" elapsed="0.136753"/>
</kw>
<kw name="Sleep" owner="BuiltIn">
<msg time="2025-03-13T15:33:56.323655" level="INFO">Slept 5 seconds.</msg>
<arg>5</arg>
<doc>Pauses the test executed for the given time.</doc>
<status status="PASS" start="2025-03-13T15:33:51.322490" elapsed="5.001975"/>
</kw>
<arg>${inputUsername}</arg>
<arg>${ROLE_ADMIN}</arg>
<status status="PASS" start="2025-03-13T15:33:51.162260" elapsed="5.162664"/>
</kw>
<kw name="user input password" owner="generalFunct">
<kw name="Wait Until Element Is Visible" owner="SeleniumLibrary">
<arg>${locator}</arg>
<doc>Waits until the element ``locator`` is visible.</doc>
<status status="PASS" start="2025-03-13T15:33:56.327049" elapsed="0.056878"/>
</kw>
<kw name="Input Password" owner="SeleniumLibrary">
<msg time="2025-03-13T15:33:56.386147" level="INFO">Typing password into text field 'xpath=//input[@id='pwd']'.</msg>
<msg time="2025-03-13T15:33:56.450324" level="INFO">Temporally setting log level to: NONE</msg>
<arg>${locator}</arg>
<arg>${text}</arg>
<doc>Types the given password into the text field identified by ``locator``.</doc>
<status status="PASS" start="2025-03-13T15:33:56.384893" elapsed="0.144118"/>
</kw>
<kw name="Sleep" owner="BuiltIn">
<msg time="2025-03-13T15:34:01.530268" level="INFO">Slept 5 seconds.</msg>
<arg>5</arg>
<doc>Pauses the test executed for the given time.</doc>
<status status="PASS" start="2025-03-13T15:33:56.529293" elapsed="5.001348"/>
</kw>
<arg>${inputPassword}</arg>
<arg>${PASSWORD}</arg>
<status status="PASS" start="2025-03-13T15:33:56.325606" elapsed="5.205493"/>
</kw>
<kw name="Press Key" owner="SeleniumLibrary">
<arg>${inputPassword}</arg>
<arg>\\13</arg>
<doc>Simulates user pressing key on element identified by ``locator``.</doc>
<status status="PASS" start="2025-03-13T15:34:01.531688" elapsed="0.086481"/>
</kw>
<kw name="Wait Until Element Is Visible" owner="SeleniumLibrary">
<arg>${listFilter}</arg>
<doc>Waits until the element ``locator`` is visible.</doc>
<status status="PASS" start="2025-03-13T15:34:01.618617" elapsed="3.700793"/>
</kw>
<kw name="Sleep" owner="BuiltIn">
<msg time="2025-03-13T15:34:08.321202" level="INFO">Slept 3 seconds.</msg>
<arg>3</arg>
<doc>Pauses the test executed for the given time.</doc>
<status status="PASS" start="2025-03-13T15:34:05.319669" elapsed="3.001906"/>
</kw>
<status status="PASS" start="2025-03-13T15:33:47.160856" elapsed="21.161025"/>
</branch>
<branch type="ELSE">
<kw name="Exit For Loop" owner="BuiltIn">
<doc>Stops executing the enclosing FOR loop.</doc>
<status status="NOT RUN" start="2025-03-13T15:34:08.322715" elapsed="0.000153"/>
</kw>
<status status="NOT RUN" start="2025-03-13T15:34:08.322151" elapsed="0.000901"/>
</branch>
<status status="PASS" start="2025-03-13T15:33:47.160810" elapsed="21.162413"/>
</if>
<status status="PASS" start="2025-03-13T15:33:36.815412" elapsed="31.508062"/>
</kw>
<kw name="Wait Until Element Is Visible" owner="SeleniumLibrary">
<arg>${listFilter}</arg>
<doc>Waits until the element ``locator`` is visible.</doc>
<status status="PASS" start="2025-03-13T15:34:08.323952" elapsed="0.055102"/>
</kw>
<kw name="Wait Until Element Is Visible" owner="SeleniumLibrary">
<arg>${titleProject}</arg>
<doc>Waits until the element ``locator`` is visible.</doc>
<status status="PASS" start="2025-03-13T15:34:08.380197" elapsed="0.053767"/>
</kw>
<kw name="Get Text" owner="SeleniumLibrary">
<msg time="2025-03-13T15:34:08.463088" level="INFO">${title} = Manajemen Project</msg>
<var>${title}</var>
<arg>${titleProject}</arg>
<doc>Returns the text value of the element identified by ``locator``.</doc>
<status status="PASS" start="2025-03-13T15:34:08.434216" elapsed="0.029024"/>
</kw>
<kw name="Log To Console" owner="BuiltIn">
<arg>${\n}${title}</arg>
<doc>Logs the given message to the console.</doc>
<status status="PASS" start="2025-03-13T15:34:08.463493" elapsed="0.001032"/>
</kw>
<status status="PASS" start="2025-03-13T15:33:36.715219" elapsed="31.749549"/>
</kw>
<status status="PASS" start="2025-03-13T15:33:36.714602" elapsed="31.750298"/>
</kw>
<kw name="End Web Test" owner="web_eProc" type="TEARDOWN">
<kw name="Log" owner="BuiltIn">
<msg time="2025-03-13T15:34:08.466094" level="INFO">Suite teardown initiated</msg>
<arg>Suite teardown initiated</arg>
<doc>Logs the given message with the given level.</doc>
<status status="PASS" start="2025-03-13T15:34:08.465924" elapsed="0.000262"/>
</kw>
<kw name="Close Browser" owner="SeleniumLibrary">
<doc>Closes the current browser.</doc>
<status status="PASS" start="2025-03-13T15:34:08.466358" elapsed="2.256028"/>
</kw>
<doc>Closes the browser after all tests in the suite have run</doc>
<status status="PASS" start="2025-03-13T15:34:08.465514" elapsed="2.257337"/>
</kw>
<doc>This scenario test User can access URL Home Page</doc>
<tag>1000s</tag>
<tag>home</tag>
<tag>test</tag>
<status status="PASS" start="2025-03-13T15:33:26.471349" elapsed="44.252346"/>
</test>
<test id="s1-t2" name="Test Login Without fill No Handphone and Password" line="17">
<kw name="Begin Web Test" owner="web_eProc" type="SETUP">
<kw name="Open Browser" owner="SeleniumLibrary">
<msg time="2025-03-13T15:34:10.732517" level="INFO">Opening browser 'headlesschrome' to base url 'about:blank'.</msg>
<arg>about:blank</arg>
<arg>${BROWSER}</arg>
<doc>Opens a new browser instance to the optional ``url``.</doc>
<status status="PASS" start="2025-03-13T15:34:10.731596" elapsed="2.079870"/>
</kw>
<kw name="Execute Javascript" owner="SeleniumLibrary">
<msg time="2025-03-13T15:34:12.812800" level="INFO">Executing JavaScript:
document.body.style.transform = 'scale(0.67)'; document.body.style.transformOrigin = '0 0';
Without any arguments.</msg>
<arg>document.body.style.transform = 'scale(0.67)'; document.body.style.transformOrigin = '0 0';</arg>
<doc>Executes the given JavaScript code with possible arguments.</doc>
<status status="PASS" start="2025-03-13T15:34:12.811922" elapsed="0.015379"/>
</kw>
<kw name="Go To" owner="SeleniumLibrary">
<msg time="2025-03-13T15:34:12.827998" level="INFO">Opening url 'https://developer.1000saudara.com/project1000s'</msg>
<arg>${URL_DEV}</arg>
<doc>Navigates the current browser window to the provided ``url``.</doc>
<status status="PASS" start="2025-03-13T15:34:12.827662" elapsed="3.500785"/>
</kw>
<status status="PASS" start="2025-03-13T15:34:10.730316" elapsed="5.598385"/>
</kw>
<kw name="User login without fill no handphone and password" owner="login">
<kw name="Given user visit E-Proc1000s Login Page" owner="pom_login_eProc">
<kw name="Get Location" owner="SeleniumLibrary">
<msg time="2025-03-13T15:34:16.341146" level="INFO">${current_url} = https://developer.1000saudara.com/project1000s</msg>
<var>${current_url}</var>
<doc>Returns the current browser window URL.</doc>
<status status="PASS" start="2025-03-13T15:34:16.331267" elapsed="0.009994"/>
</kw>
<kw name="Log" owner="BuiltIn">
<msg time="2025-03-13T15:34:16.342026" level="INFO">Current Path: https://developer.1000saudara.com/project1000s</msg>
<arg>Current Path: ${current_url}</arg>
<doc>Logs the given message with the given level.</doc>
<status status="PASS" start="2025-03-13T15:34:16.341620" elapsed="0.000544"/>
</kw>
<kw name="general return status" owner="generalFunct">
<kw name="Run Keyword And Return Status" owner="BuiltIn">
<kw name="Wait Until Element Is Visible" owner="SeleniumLibrary">
<arg>${locator}</arg>
<arg>timeout=5s</arg>
<doc>Waits until the element ``locator`` is visible.</doc>
<status status="PASS" start="2025-03-13T15:34:16.343851" elapsed="0.038445"/>
</kw>
<msg time="2025-03-13T15:34:16.382503" level="INFO">${res} = True</msg>
<var>${res}</var>
<arg>Wait Until Element Is Visible</arg>
<arg>${locator}</arg>
<arg>timeout=5s</arg>
<doc>Runs the given keyword with given arguments and returns the status as a Boolean value.</doc>
<status status="PASS" start="2025-03-13T15:34:16.343437" elapsed="0.039128"/>
</kw>
<return>
<value>${res}</value>
<status status="PASS" start="2025-03-13T15:34:16.382802" elapsed="0.000079"/>
</return>
<msg time="2025-03-13T15:34:16.383099" level="INFO">${res} = True</msg>
<var>${res}</var>
<arg>${headerLogin}</arg>
<status status="PASS" start="2025-03-13T15:34:16.342597" elapsed="0.040547"/>
</kw>
<while condition="${res} == $False">
<iter>
<kw name="Reload Page" owner="SeleniumLibrary">
<doc>Simulates user reloading page.</doc>
<status status="NOT RUN" start="2025-03-13T15:34:16.383768" elapsed="0.000049"/>
</kw>
<kw name="Sleep" owner="BuiltIn">
<arg>2s</arg>
<doc>Pauses the test executed for the given time.</doc>
<status status="NOT RUN" start="2025-03-13T15:34:16.383966" elapsed="0.000044"/>
</kw>
<kw name="general return status" owner="generalFunct">
<var>${res}</var>
<arg>${headerLogin}</arg>
<status status="NOT RUN" start="2025-03-13T15:34:16.384214" elapsed="0.000060"/>
</kw>
<status status="NOT RUN" start="2025-03-13T15:34:16.383260" elapsed="0.001081"/>
</iter>
<status status="NOT RUN" start="2025-03-13T15:34:16.383258" elapsed="0.001138"/>
</while>
<status status="PASS" start="2025-03-13T15:34:16.330521" elapsed="0.053974"/>
</kw>
<kw name="When without fill no handphone and password" owner="pom_login_eProc">
<kw name="general Wait Until" owner="generalFunct">
<kw name="Wait Until Element Is Visible" owner="SeleniumLibrary">
<arg>${locator}</arg>
<arg>timeout=5s</arg>
<doc>Waits until the element ``locator`` is visible.</doc>
<status status="PASS" start="2025-03-13T15:34:16.385532" elapsed="0.027084"/>
</kw>
<kw name="Sleep" owner="BuiltIn">
<msg time="2025-03-13T15:34:21.414017" level="INFO">Slept 5 seconds.</msg>
<arg>5</arg>
<doc>Pauses the test executed for the given time.</doc>
<status status="PASS" start="2025-03-13T15:34:16.412879" elapsed="5.001418"/>
</kw>
<arg>${buttonMasuk}</arg>
<status status="PASS" start="2025-03-13T15:34:16.385165" elapsed="5.029455"/>
</kw>
<kw name="user click element" owner="generalFunct">
<kw name="Sleep" owner="BuiltIn">
<msg time="2025-03-13T15:34:26.417649" level="INFO">Slept 5 seconds.</msg>
<arg>5</arg>
<doc>Pauses the test executed for the given time.</doc>
<status status="PASS" start="2025-03-13T15:34:21.416370" elapsed="5.001420"/>
</kw>
<kw name="Wait Until Element Is Visible" owner="SeleniumLibrary">
<arg>${element}</arg>
<doc>Waits until the element ``locator`` is visible.</doc>
<status status="PASS" start="2025-03-13T15:34:26.418051" elapsed="0.025832"/>
</kw>
<kw name="Click Element" owner="SeleniumLibrary">
<msg time="2025-03-13T15:34:26.444783" level="INFO">Clicking element 'xpath=//button[@type='button']//span[contains(text(), 'Masuk')]//ancestor::button'.</msg>
<msg time="2025-03-13T15:34:26.570215" level="INFO">${clickElement} = None</msg>
<var>${clickElement}</var>
<arg>${element}</arg>
<doc>Click the element identified by ``locator``.</doc>
<status status="PASS" start="2025-03-13T15:34:26.444279" elapsed="0.126072"/>
</kw>
<return>
<value>${clickElement}</value>
<status status="PASS" start="2025-03-13T15:34:26.570605" elapsed="0.000141"/>
</return>
<arg>${buttonMasuk}</arg>
<status status="PASS" start="2025-03-13T15:34:21.415227" elapsed="5.155935"/>
</kw>
<kw name="general return status" owner="generalFunct">
<kw name="Run Keyword And Return Status" owner="BuiltIn">
<kw name="Wait Until Element Is Visible" owner="SeleniumLibrary">
<arg>${locator}</arg>
<arg>timeout=5s</arg>
<doc>Waits until the element ``locator`` is visible.</doc>
<status status="PASS" start="2025-03-13T15:34:26.572808" elapsed="0.071842"/>
</kw>
<msg time="2025-03-13T15:34:26.645245" level="INFO">${res} = True</msg>
<var>${res}</var>
<arg>Wait Until Element Is Visible</arg>
<arg>${locator}</arg>
<arg>timeout=5s</arg>
<doc>Runs the given keyword with given arguments and returns the status as a Boolean value.</doc>
<status status="PASS" start="2025-03-13T15:34:26.572380" elapsed="0.073006"/>
</kw>
<return>
<value>${res}</value>
<status status="PASS" start="2025-03-13T15:34:26.645634" elapsed="0.000214"/>
</return>
<msg time="2025-03-13T15:34:26.646449" level="INFO">${res} = True</msg>
<var>${res}</var>
<arg>${inputPassword}</arg>
<status status="PASS" start="2025-03-13T15:34:26.571612" elapsed="0.074957"/>
</kw>
<if>
<branch type="IF" condition="${res}">
<kw name="general Wait Until" owner="generalFunct">
<kw name="Wait Until Element Is Visible" owner="SeleniumLibrary">
<arg>${locator}</arg>
<arg>timeout=5s</arg>
<doc>Waits until the element ``locator`` is visible.</doc>
<status status="PASS" start="2025-03-13T15:34:26.648241" elapsed="0.052832"/>
</kw>
<kw name="Sleep" owner="BuiltIn">
<msg time="2025-03-13T15:34:31.703128" level="INFO">Slept 5 seconds.</msg>
<arg>5</arg>
<doc>Pauses the test executed for the given time.</doc>
<status status="PASS" start="2025-03-13T15:34:26.701549" elapsed="5.001951"/>
</kw>
<arg>${buttonMasuk}</arg>
<status status="PASS" start="2025-03-13T15:34:26.647391" elapsed="5.056543"/>
</kw>
<kw name="Sleep" owner="BuiltIn">
<msg time="2025-03-13T15:34:35.705369" level="INFO">Slept 4 seconds.</msg>
<arg>4</arg>
<doc>Pauses the test executed for the given time.</doc>
<status status="PASS" start="2025-03-13T15:34:31.704483" elapsed="4.001638"/>
</kw>
<kw name="user click element" owner="generalFunct">
<kw name="Sleep" owner="BuiltIn">
<msg time="2025-03-13T15:34:40.711644" level="INFO">Slept 5 seconds.</msg>
<arg>5</arg>
<doc>Pauses the test executed for the given time.</doc>
<status status="PASS" start="2025-03-13T15:34:35.710289" elapsed="5.001736"/>
</kw>
<kw name="Wait Until Element Is Visible" owner="SeleniumLibrary">
<arg>${element}</arg>
<doc>Waits until the element ``locator`` is visible.</doc>
<status status="PASS" start="2025-03-13T15:34:40.712693" elapsed="0.054606"/>
</kw>
<kw name="Click Element" owner="SeleniumLibrary">
<msg time="2025-03-13T15:34:40.768789" level="INFO">Clicking element 'xpath=//button[@type='button']//span[contains(text(), 'Masuk')]//ancestor::button'.</msg>
<msg time="2025-03-13T15:34:40.893598" level="INFO">${clickElement} = None</msg>
<var>${clickElement}</var>
<arg>${element}</arg>
<doc>Click the element identified by ``locator``.</doc>
<status status="PASS" start="2025-03-13T15:34:40.768009" elapsed="0.125698"/>
</kw>
<return>
<value>${clickElement}</value>
<status status="PASS" start="2025-03-13T15:34:40.894072" elapsed="0.000135"/>
</return>
<arg>${buttonMasuk}</arg>
<status status="PASS" start="2025-03-13T15:34:35.707779" elapsed="5.186774"/>
</kw>
<status status="PASS" start="2025-03-13T15:34:26.646863" elapsed="14.247822"/>
</branch>
<branch type="ELSE">
<kw name="user visit E-Proc1000s Login Page" owner="pom_login_eProc">
<status status="NOT RUN" start="2025-03-13T15:34:40.895193" elapsed="0.000067"/>
</kw>
<status status="NOT RUN" start="2025-03-13T15:34:40.894806" elapsed="0.000532"/>
</branch>
<status status="PASS" start="2025-03-13T15:34:26.646797" elapsed="14.248607"/>
</if>
<status status="PASS" start="2025-03-13T15:34:16.384794" elapsed="24.510713"/>
</kw>
<kw name="Then show message error" owner="generalFunct">
<kw name="general return status" owner="generalFunct">
<kw name="Run Keyword And Return Status" owner="BuiltIn">
<kw name="Wait Until Element Is Visible" owner="SeleniumLibrary">
<arg>${locator}</arg>
<arg>timeout=5s</arg>
<doc>Waits until the element ``locator`` is visible.</doc>
<status status="PASS" start="2025-03-13T15:34:40.897090" elapsed="0.029635"/>
</kw>
<msg time="2025-03-13T15:34:40.927170" level="INFO">${res} = True</msg>
<var>${res}</var>
<arg>Wait Until Element Is Visible</arg>
<arg>${locator}</arg>
<arg>timeout=5s</arg>
<doc>Runs the given keyword with given arguments and returns the status as a Boolean value.</doc>
<status status="PASS" start="2025-03-13T15:34:40.896818" elapsed="0.030473"/>
</kw>
<return>
<value>${res}</value>
<status status="PASS" start="2025-03-13T15:34:40.927534" elapsed="0.000094"/>
</return>
<msg time="2025-03-13T15:34:40.927901" level="INFO">${label} = True</msg>
<var>${label}</var>
<arg>xpath=//div[@class='mb-20px']//parent::div/label[contains(text(), 'Nomor')]</arg>
<status status="PASS" start="2025-03-13T15:34:40.896378" elapsed="0.031587"/>
</kw>
<if>
<branch type="IF" condition="${label}">
<kw name="general Wait Until" owner="generalFunct">
<kw name="Wait Until Element Is Visible" owner="SeleniumLibrary">
<arg>${locator}</arg>
<arg>timeout=5s</arg>
<doc>Waits until the element ``locator`` is visible.</doc>
<status status="PASS" start="2025-03-13T15:34:40.928868" elapsed="0.025315"/>
</kw>
<kw name="Sleep" owner="BuiltIn">
<msg time="2025-03-13T15:34:45.954993" level="INFO">Slept 5 seconds.</msg>
<arg>5</arg>
<doc>Pauses the test executed for the given time.</doc>
<status status="PASS" start="2025-03-13T15:34:40.954437" elapsed="5.000918"/>
</kw>
<arg>${errMessageLabel}</arg>
<status status="PASS" start="2025-03-13T15:34:40.928470" elapsed="5.027285"/>
</kw>
<kw name="Get Text" owner="SeleniumLibrary">
<msg time="2025-03-13T15:34:46.012426" level="INFO">${err} = No. Handphone harus diisi</msg>
<var>${err}</var>
<arg>${errMessageLabel}</arg>
<doc>Returns the text value of the element identified by ``locator``.</doc>
<status status="PASS" start="2025-03-13T15:34:45.956335" elapsed="0.056180"/>
</kw>
<kw name="Set Global Variable" owner="BuiltIn">
<msg time="2025-03-13T15:34:46.014318" level="INFO">${err_text} = No. Handphone harus diisi</msg>
<arg>${err_text}</arg>
<arg>${err}</arg>
<doc>Makes a variable available globally in all tests and suites.</doc>
<status status="PASS" start="2025-03-13T15:34:46.012969" elapsed="0.001435"/>
</kw>
<kw name="Log To Console" owner="BuiltIn">
<arg>${\n}Error Message : ${err}</arg>
<doc>Logs the given message to the console.</doc>
<status status="PASS" start="2025-03-13T15:34:46.014602" elapsed="0.001025"/>
</kw>
<status status="PASS" start="2025-03-13T15:34:40.928195" elapsed="5.087613"/>
</branch>
<branch type="ELSE">
<kw name="general Wait Until" owner="generalFunct">
<arg>${errMessageLabel}</arg>
<status status="NOT RUN" start="2025-03-13T15:34:46.016160" elapsed="0.000055"/>
</kw>
<kw name="Get Text" owner="SeleniumLibrary">
<var>${err}</var>
<arg>${errMessageLabel}</arg>
<doc>Returns the text value of the element identified by ``locator``.</doc>
<status status="NOT RUN" start="2025-03-13T15:34:46.016394" elapsed="0.000044"/>
</kw>
<kw name="Set Global Variable" owner="BuiltIn">
<arg>${err_text}</arg>
<arg>${err}</arg>
<doc>Makes a variable available globally in all tests and suites.</doc>
<status status="NOT RUN" start="2025-03-13T15:34:46.016608" elapsed="0.000044"/>
</kw>
<kw name="Log To Console" owner="BuiltIn">
<arg>${\n}Error Message : ${err}</arg>
<doc>Logs the given message to the console.</doc>
<status status="NOT RUN" start="2025-03-13T15:34:46.016802" elapsed="0.000041"/>
</kw>
<status status="NOT RUN" start="2025-03-13T15:34:46.015905" elapsed="0.001000"/>
</branch>
<status status="PASS" start="2025-03-13T15:34:40.928160" elapsed="5.088813"/>
</if>
<status status="PASS" start="2025-03-13T15:34:40.895885" elapsed="5.121175"/>
</kw>
<status status="PASS" start="2025-03-13T15:34:16.329376" elapsed="29.687778"/>
</kw>
<kw name="End Web Test" owner="web_eProc" type="TEARDOWN">
<kw name="Log" owner="BuiltIn">
<msg time="2025-03-13T15:34:46.018293" level="INFO">Suite teardown initiated</msg>
<arg>Suite teardown initiated</arg>
<doc>Logs the given message with the given level.</doc>
<status status="PASS" start="2025-03-13T15:34:46.018131" elapsed="0.000243"/>
</kw>
<kw name="Close Browser" owner="SeleniumLibrary">
<doc>Closes the current browser.</doc>
<status status="PASS" start="2025-03-13T15:34:46.018556" elapsed="2.215608"/>
</kw>
<doc>Closes the browser after all tests in the suite have run</doc>
<status status="PASS" start="2025-03-13T15:34:46.017728" elapsed="2.216898"/>
</kw>
<doc>This scenario test User login without fill no handphone and password</doc>
<tag>1000s</tag>
<tag>login invalid</tag>
<tag>test</tag>
<status status="PASS" start="2025-03-13T15:34:10.727906" elapsed="37.507600"/>
</test>
<test id="s1-t3" name="Test Login Without fill Password" line="22">
<kw name="Begin Web Test" owner="web_eProc" type="SETUP">
<kw name="Open Browser" owner="SeleniumLibrary">
<msg time="2025-03-13T15:34:48.243693" level="INFO">Opening browser 'headlesschrome' to base url 'about:blank'.</msg>
<arg>about:blank</arg>
<arg>${BROWSER}</arg>
<doc>Opens a new browser instance to the optional ``url``.</doc>
<status status="PASS" start="2025-03-13T15:34:48.242935" elapsed="2.084907"/>
</kw>
<kw name="Execute Javascript" owner="SeleniumLibrary">
<msg time="2025-03-13T15:34:50.329036" level="INFO">Executing JavaScript:
document.body.style.transform = 'scale(0.67)'; document.body.style.transformOrigin = '0 0';
Without any arguments.</msg>
<arg>document.body.style.transform = 'scale(0.67)'; document.body.style.transformOrigin = '0 0';</arg>
<doc>Executes the given JavaScript code with possible arguments.</doc>
<status status="PASS" start="2025-03-13T15:34:50.328272" elapsed="0.011234"/>
</kw>
<kw name="Go To" owner="SeleniumLibrary">
<msg time="2025-03-13T15:34:50.340219" level="INFO">Opening url 'https://developer.1000saudara.com/project1000s'</msg>
<arg>${URL_DEV}</arg>
<doc>Navigates the current browser window to the provided ``url``.</doc>
<status status="PASS" start="2025-03-13T15:34:50.339889" elapsed="4.110252"/>
</kw>
<status status="PASS" start="2025-03-13T15:34:48.241743" elapsed="6.208604"/>
</kw>
<kw name="User login without fill password" owner="login">
<kw name="Given user visit E-Proc1000s Login Page" owner="pom_login_eProc">
<kw name="Get Location" owner="SeleniumLibrary">
<msg time="2025-03-13T15:34:54.461043" level="INFO">${current_url} = https://developer.1000saudara.com/project1000s</msg>
<var>${current_url}</var>
<doc>Returns the current browser window URL.</doc>
<status status="PASS" start="2025-03-13T15:34:54.452486" elapsed="0.008626"/>
</kw>
<kw name="Log" owner="BuiltIn">
<msg time="2025-03-13T15:34:54.461611" level="INFO">Current Path: https://developer.1000saudara.com/project1000s</msg>
<arg>Current Path: ${current_url}</arg>
<doc>Logs the given message with the given level.</doc>
<status status="PASS" start="2025-03-13T15:34:54.461348" elapsed="0.000351"/>
</kw>
<kw name="general return status" owner="generalFunct">
<kw name="Run Keyword And Return Status" owner="BuiltIn">
<kw name="Wait Until Element Is Visible" owner="SeleniumLibrary">
<arg>${locator}</arg>
<arg>timeout=5s</arg>
<doc>Waits until the element ``locator`` is visible.</doc>
<status status="PASS" start="2025-03-13T15:34:54.462988" elapsed="0.052295"/>
</kw>
<msg time="2025-03-13T15:34:54.515606" level="INFO">${res} = True</msg>
<var>${res}</var>
<arg>Wait Until Element Is Visible</arg>
<arg>${locator}</arg>
<arg>timeout=5s</arg>
<doc>Runs the given keyword with given arguments and returns the status as a Boolean value.</doc>
<status status="PASS" start="2025-03-13T15:34:54.462554" elapsed="0.053137"/>
</kw>
<return>
<value>${res}</value>
<status status="PASS" start="2025-03-13T15:34:54.515895" elapsed="0.000109"/>
</return>
<msg time="2025-03-13T15:34:54.516257" level="INFO">${res} = True</msg>
<var>${res}</var>
<arg>${headerLogin}</arg>
<status status="PASS" start="2025-03-13T15:34:54.461970" elapsed="0.054341"/>
</kw>
<while condition="${res} == $False">
<iter>
<kw name="Reload Page" owner="SeleniumLibrary">
<doc>Simulates user reloading page.</doc>
<status status="NOT RUN" start="2025-03-13T15:34:54.516975" elapsed="0.000092"/>
</kw>
<kw name="Sleep" owner="BuiltIn">
<arg>2s</arg>
<doc>Pauses the test executed for the given time.</doc>
<status status="NOT RUN" start="2025-03-13T15:34:54.517307" elapsed="0.000053"/>
</kw>
<kw name="general return status" owner="generalFunct">
<var>${res}</var>
<arg>${headerLogin}</arg>
<status status="NOT RUN" start="2025-03-13T15:34:54.517645" elapsed="0.000092"/>
</kw>
<status status="NOT RUN" start="2025-03-13T15:34:54.516424" elapsed="0.001458"/>
</iter>
<status status="NOT RUN" start="2025-03-13T15:34:54.516421" elapsed="0.001586"/>
</while>
<status status="PASS" start="2025-03-13T15:34:54.452045" elapsed="0.066284"/>
</kw>
<kw name="When without filling any of them" owner="pom_login_eProc">
<kw name="general Wait Until" owner="generalFunct">
<kw name="Wait Until Element Is Visible" owner="SeleniumLibrary">
<arg>${locator}</arg>
<arg>timeout=5s</arg>
<doc>Waits until the element ``locator`` is visible.</doc>
<status status="PASS" start="2025-03-13T15:34:54.519561" elapsed="0.452976"/>
</kw>
<kw name="Sleep" owner="BuiltIn">
<msg time="2025-03-13T15:34:59.973507" level="INFO">Slept 5 seconds.</msg>
<arg>5</arg>
<doc>Pauses the test executed for the given time.</doc>
<status status="PASS" start="2025-03-13T15:34:54.972791" elapsed="5.000873"/>
</kw>
<arg>${loc_text}</arg>
<status status="PASS" start="2025-03-13T15:34:54.519191" elapsed="5.454622"/>
</kw>
<kw name="Element Should Be Visible" owner="SeleniumLibrary">
<msg time="2025-03-13T15:34:59.998071" level="INFO">Element 'xpath=//input[@id='TxtPhone']' is displayed.</msg>
<arg>${loc_text}</arg>
<arg>${text}</arg>
<doc>Verifies that the element identified by ``locator`` is visible.</doc>
<status status="PASS" start="2025-03-13T15:34:59.974037" elapsed="0.024232"/>
</kw>
<kw name="general return status" owner="generalFunct">
<kw name="Run Keyword And Return Status" owner="BuiltIn">
<kw name="Wait Until Element Is Visible" owner="SeleniumLibrary">
<arg>${locator}</arg>
<arg>timeout=5s</arg>
<doc>Waits until the element ``locator`` is visible.</doc>
<status status="PASS" start="2025-03-13T15:34:59.999789" elapsed="0.059370"/>
</kw>
<msg time="2025-03-13T15:35:00.059514" level="INFO">${res} = True</msg>
<var>${res}</var>
<arg>Wait Until Element Is Visible</arg>
<arg>${locator}</arg>
<arg>timeout=5s</arg>
<doc>Runs the given keyword with given arguments and returns the status as a Boolean value.</doc>
<status status="PASS" start="2025-03-13T15:34:59.999029" elapsed="0.060586"/>
</kw>
<return>
<value>${res}</value>
<status status="PASS" start="2025-03-13T15:35:00.059837" elapsed="0.000127"/>
</return>
<msg time="2025-03-13T15:35:00.060386" level="INFO">${res} = True</msg>
<var>${res}</var>
<arg>${inputPassword}</arg>
<status status="PASS" start="2025-03-13T15:34:59.998585" elapsed="0.061897"/>
</kw>
<if>
<branch type="IF" condition="${res}">
<kw name="general Wait Until" owner="generalFunct">
<kw name="Wait Until Element Is Visible" owner="SeleniumLibrary">
<arg>${locator}</arg>
<arg>timeout=5s</arg>
<doc>Waits until the element ``locator`` is visible.</doc>
<status status="PASS" start="2025-03-13T15:35:00.062098" elapsed="0.023833"/>
</kw>
<kw name="Sleep" owner="BuiltIn">
<msg time="2025-03-13T15:35:05.087011" level="INFO">Slept 5 seconds.</msg>
<arg>5</arg>
<doc>Pauses the test executed for the given time.</doc>
<status status="PASS" start="2025-03-13T15:35:00.086300" elapsed="5.000897"/>
</kw>
<arg>${loc_text}</arg>
<status status="PASS" start="2025-03-13T15:35:00.061280" elapsed="5.026136"/>
</kw>
<kw name="Sleep" owner="BuiltIn">
<msg time="2025-03-13T15:35:09.089094" level="INFO">Slept 4 seconds.</msg>
<arg>4</arg>
<doc>Pauses the test executed for the given time.</doc>
<status status="PASS" start="2025-03-13T15:35:05.087700" elapsed="4.001950"/>
</kw>
<kw name="user input text" owner="generalFunct">
<kw name="Wait Until Element Is Visible" owner="SeleniumLibrary">
<arg>${locator}</arg>
<doc>Waits until the element ``locator`` is visible.</doc>
<status status="PASS" start="2025-03-13T15:35:09.092426" elapsed="0.031184"/>
</kw>
<kw name="Input Text" owner="SeleniumLibrary">
<msg time="2025-03-13T15:35:09.124184" level="INFO">Typing text '085210758864' into text field 'xpath=//input[@id='TxtPhone']'.</msg>
<arg>${locator}</arg>
<arg>${text}</arg>
<doc>Types the given ``text`` into the text field identified by ``locator``.</doc>
<status status="PASS" start="2025-03-13T15:35:09.123855" elapsed="0.173913"/>
</kw>
<kw name="Sleep" owner="BuiltIn">
<msg time="2025-03-13T15:35:14.298814" level="INFO">Slept 5 seconds.</msg>
<arg>5</arg>
<doc>Pauses the test executed for the given time.</doc>
<status status="PASS" start="2025-03-13T15:35:09.298087" elapsed="5.001091"/>
</kw>
<arg>${loc_text}</arg>
<arg>${text}</arg>
<status status="PASS" start="2025-03-13T15:35:09.090664" elapsed="5.208924"/>
</kw>
<kw name="user click element" owner="generalFunct">
<kw name="Sleep" owner="BuiltIn">
<msg time="2025-03-13T15:35:19.302734" level="INFO">Slept 5 seconds.</msg>
<arg>5</arg>
<doc>Pauses the test executed for the given time.</doc>
<status status="PASS" start="2025-03-13T15:35:14.301537" elapsed="5.001562"/>
</kw>
<kw name="Wait Until Element Is Visible" owner="SeleniumLibrary">
<arg>${element}</arg>
<doc>Waits until the element ``locator`` is visible.</doc>
<status status="PASS" start="2025-03-13T15:35:19.303779" elapsed="0.058606"/>
</kw>
<kw name="Click Element" owner="SeleniumLibrary">
<msg time="2025-03-13T15:35:19.363332" level="INFO">Clicking element 'xpath=//button[@type='button']//span[contains(text(), 'Masuk')]//ancestor::button'.</msg>
<msg time="2025-03-13T15:35:19.492338" level="INFO">${clickElement} = None</msg>
<var>${clickElement}</var>
<arg>${element}</arg>
<doc>Click the element identified by ``locator``.</doc>
<status status="PASS" start="2025-03-13T15:35:19.362820" elapsed="0.129623"/>
</kw>
<return>
<value>${clickElement}</value>
<status status="PASS" start="2025-03-13T15:35:19.492642" elapsed="0.000111"/>
</return>
<arg>${buttonMasuk}</arg>
<status status="PASS" start="2025-03-13T15:35:14.300354" elapsed="5.192718"/>
</kw>
<status status="PASS" start="2025-03-13T15:35:00.060759" elapsed="19.432493"/>
</branch>
<branch type="ELSE">
<kw name="user visit E-Proc1000s Login Page" owner="pom_login_eProc">
<status status="NOT RUN" start="2025-03-13T15:35:19.493697" elapsed="0.000125"/>
</kw>
<status status="NOT RUN" start="2025-03-13T15:35:19.493356" elapsed="0.000584"/>
</branch>
<status status="PASS" start="2025-03-13T15:35:00.060695" elapsed="19.433353"/>
</if>
<arg>${inputUsername}</arg>
<arg>${ROLE_ADMIN}</arg>
<status status="PASS" start="2025-03-13T15:34:54.518699" elapsed="24.975502"/>
</kw>
<kw name="Then show message error" owner="generalFunct">
<kw name="general return status" owner="generalFunct">
<kw name="Run Keyword And Return Status" owner="BuiltIn">
<kw name="Wait Until Element Is Visible" owner="SeleniumLibrary">
<arg>${locator}</arg>
<arg>timeout=5s</arg>
<doc>Waits until the element ``locator`` is visible.</doc>
<status status="PASS" start="2025-03-13T15:35:19.496494" elapsed="0.029988"/>
</kw>
<msg time="2025-03-13T15:35:19.526795" level="INFO">${res} = True</msg>
<var>${res}</var>
<arg>Wait Until Element Is Visible</arg>
<arg>${locator}</arg>
<arg>timeout=5s</arg>
<doc>Runs the given keyword with given arguments and returns the status as a Boolean value.</doc>
<status status="PASS" start="2025-03-13T15:35:19.496076" elapsed="0.030803"/>
</kw>
<return>
<value>${res}</value>
<status status="PASS" start="2025-03-13T15:35:19.527063" elapsed="0.000106"/>
</return>
<msg time="2025-03-13T15:35:19.527523" level="INFO">${label} = True</msg>
<var>${label}</var>
<arg>xpath=//div[@class='mb-20px']//parent::div/label[contains(text(), 'Nomor')]</arg>
<status status="PASS" start="2025-03-13T15:35:19.495480" elapsed="0.032127"/>
</kw>
<if>
<branch type="IF" condition="${label}">
<kw name="general Wait Until" owner="generalFunct">
<kw name="Wait Until Element Is Visible" owner="SeleniumLibrary">
<arg>${locator}</arg>
<arg>timeout=5s</arg>
<doc>Waits until the element ``locator`` is visible.</doc>
<status status="PASS" start="2025-03-13T15:35:19.529105" elapsed="0.963865"/>
</kw>
<kw name="Sleep" owner="BuiltIn">
<msg time="2025-03-13T15:35:25.494435" level="INFO">Slept 5 seconds.</msg>
<arg>5</arg>
<doc>Pauses the test executed for the given time.</doc>
<status status="PASS" start="2025-03-13T15:35:20.493415" elapsed="5.001389"/>
</kw>
<arg>${errMessageLabel}</arg>
<status status="PASS" start="2025-03-13T15:35:19.528322" elapsed="5.966924"/>
</kw>
<kw name="Get Text" owner="SeleniumLibrary">
<msg time="2025-03-13T15:35:25.568530" level="INFO">${err} = Password harus diisi</msg>
<var>${err}</var>
<arg>${errMessageLabel}</arg>
<doc>Returns the text value of the element identified by ``locator``.</doc>
<status status="PASS" start="2025-03-13T15:35:25.496069" elapsed="0.072593"/>
</kw>
<kw name="Set Global Variable" owner="BuiltIn">
<msg time="2025-03-13T15:35:25.569798" level="INFO">${err_text} = Password harus diisi</msg>
<arg>${err_text}</arg>
<arg>${err}</arg>
<doc>Makes a variable available globally in all tests and suites.</doc>
<status status="PASS" start="2025-03-13T15:35:25.569117" elapsed="0.000829"/>
</kw>
<kw name="Log To Console" owner="BuiltIn">
<arg>${\n}Error Message : ${err}</arg>
<doc>Logs the given message to the console.</doc>
<status status="PASS" start="2025-03-13T15:35:25.570311" elapsed="0.001620"/>
</kw>
<status status="PASS" start="2025-03-13T15:35:19.527850" elapsed="6.044440"/>
</branch>
<branch type="ELSE">
<kw name="general Wait Until" owner="generalFunct">
<arg>${errMessageLabel}</arg>
<status status="NOT RUN" start="2025-03-13T15:35:25.572995" elapsed="0.000107"/>
</kw>
<kw name="Get Text" owner="SeleniumLibrary">
<var>${err}</var>
<arg>${errMessageLabel}</arg>
<doc>Returns the text value of the element identified by ``locator``.</doc>
<status status="NOT RUN" start="2025-03-13T15:35:25.573440" elapsed="0.000088"/>
</kw>
<kw name="Set Global Variable" owner="BuiltIn">
<arg>${err_text}</arg>
<arg>${err}</arg>
<doc>Makes a variable available globally in all tests and suites.</doc>
<status status="NOT RUN" start="2025-03-13T15:35:25.574027" elapsed="0.000106"/>
</kw>
<kw name="Log To Console" owner="BuiltIn">
<arg>${\n}Error Message : ${err}</arg>
<doc>Logs the given message to the console.</doc>
<status status="NOT RUN" start="2025-03-13T15:35:25.574454" elapsed="0.000086"/>
</kw>
<status status="NOT RUN" start="2025-03-13T15:35:25.572514" elapsed="0.002150"/>
</branch>
<status status="PASS" start="2025-03-13T15:35:19.527793" elapsed="6.046990"/>
</if>
<status status="PASS" start="2025-03-13T15:35:19.494829" elapsed="6.080134"/>
</kw>
<kw name="And Should Be Equal" owner="BuiltIn">
<arg>${err_text}</arg>
<arg>Password harus diisi</arg>
<doc>Fails if the given objects are unequal.</doc>
<status status="PASS" start="2025-03-13T15:35:25.575310" elapsed="0.000534"/>
</kw>
<status status="PASS" start="2025-03-13T15:34:54.451101" elapsed="31.124980"/>
</kw>
<kw name="End Web Test" owner="web_eProc" type="TEARDOWN">
<kw name="Log" owner="BuiltIn">
<msg time="2025-03-13T15:35:25.578097" level="INFO">Suite teardown initiated</msg>
<arg>Suite teardown initiated</arg>
<doc>Logs the given message with the given level.</doc>
<status status="PASS" start="2025-03-13T15:35:25.577807" elapsed="0.000440"/>
</kw>
<kw name="Close Browser" owner="SeleniumLibrary">
<doc>Closes the current browser.</doc>
<status status="PASS" start="2025-03-13T15:35:25.578618" elapsed="2.213358"/>
</kw>
<doc>Closes the browser after all tests in the suite have run</doc>
<status status="PASS" start="2025-03-13T15:35:25.577044" elapsed="2.215610"/>
</kw>
<doc>This scenario test User login without fill password</doc>
<tag>1000s</tag>
<tag>login invalid</tag>
<tag>test</tag>
<status status="PASS" start="2025-03-13T15:34:48.239626" elapsed="39.553854"/>
</test>
<test id="s1-t4" name="Test Login Without fill No Handphone" line="27">
<kw name="Begin Web Test" owner="web_eProc" type="SETUP">
<kw name="Open Browser" owner="SeleniumLibrary">
<msg time="2025-03-13T15:35:27.801532" level="INFO">Opening browser 'headlesschrome' to base url 'about:blank'.</msg>
<arg>about:blank</arg>
<arg>${BROWSER}</arg>
<doc>Opens a new browser instance to the optional ``url``.</doc>
<status status="PASS" start="2025-03-13T15:35:27.800791" elapsed="2.034742"/>
</kw>
<kw name="Execute Javascript" owner="SeleniumLibrary">
<msg time="2025-03-13T15:35:29.837967" level="INFO">Executing JavaScript:
document.body.style.transform = 'scale(0.67)'; document.body.style.transformOrigin = '0 0';
Without any arguments.</msg>
<arg>document.body.style.transform = 'scale(0.67)'; document.body.style.transformOrigin = '0 0';</arg>
<doc>Executes the given JavaScript code with possible arguments.</doc>
<status status="PASS" start="2025-03-13T15:35:29.836259" elapsed="0.011580"/>
</kw>
<kw name="Go To" owner="SeleniumLibrary">
<msg time="2025-03-13T15:35:29.848336" level="INFO">Opening url 'https://developer.1000saudara.com/project1000s'</msg>
<arg>${URL_DEV}</arg>
<doc>Navigates the current browser window to the provided ``url``.</doc>
<status status="PASS" start="2025-03-13T15:35:29.848108" elapsed="2.675609"/>
</kw>
<status status="PASS" start="2025-03-13T15:35:27.799662" elapsed="4.724236"/>
</kw>
<kw name="User login without fill no handphone" owner="login">
<kw name="Given user visit E-Proc1000s Login Page" owner="pom_login_eProc">
<kw name="Get Location" owner="SeleniumLibrary">
<msg time="2025-03-13T15:35:32.534743" level="INFO">${current_url} = https://developer.1000saudara.com/project1000s</msg>
<var>${current_url}</var>
<doc>Returns the current browser window URL.</doc>
<status status="PASS" start="2025-03-13T15:35:32.526210" elapsed="0.008661"/>
</kw>
<kw name="Log" owner="BuiltIn">
<msg time="2025-03-13T15:35:32.536002" level="INFO">Current Path: https://developer.1000saudara.com/project1000s</msg>
<arg>Current Path: ${current_url}</arg>
<doc>Logs the given message with the given level.</doc>
<status status="PASS" start="2025-03-13T15:35:32.535311" elapsed="0.001188"/>
</kw>
<kw name="general return status" owner="generalFunct">
<kw name="Run Keyword And Return Status" owner="BuiltIn">
<kw name="Wait Until Element Is Visible" owner="SeleniumLibrary">
<arg>${locator}</arg>
<arg>timeout=5s</arg>
<doc>Waits until the element ``locator`` is visible.</doc>
<status status="PASS" start="2025-03-13T15:35:32.539831" elapsed="0.034782"/>
</kw>
<msg time="2025-03-13T15:35:32.574825" level="INFO">${res} = True</msg>
<var>${res}</var>
<arg>Wait Until Element Is Visible</arg>
<arg>${locator}</arg>
<arg>timeout=5s</arg>
<doc>Runs the given keyword with given arguments and returns the status as a Boolean value.</doc>
<status status="PASS" start="2025-03-13T15:35:32.537890" elapsed="0.036987"/>
</kw>
<return>
<value>${res}</value>
<status status="PASS" start="2025-03-13T15:35:32.574992" elapsed="0.000076"/>
</return>
<msg time="2025-03-13T15:35:32.575281" level="INFO">${res} = True</msg>
<var>${res}</var>
<arg>${headerLogin}</arg>
<status status="PASS" start="2025-03-13T15:35:32.537086" elapsed="0.038241"/>
</kw>
<while condition="${res} == $False">
<iter>
<kw name="Reload Page" owner="SeleniumLibrary">
<doc>Simulates user reloading page.</doc>
<status status="NOT RUN" start="2025-03-13T15:35:32.575903" elapsed="0.000060"/>
</kw>
<kw name="Sleep" owner="BuiltIn">
<arg>2s</arg>
<doc>Pauses the test executed for the given time.</doc>
<status status="NOT RUN" start="2025-03-13T15:35:32.576130" elapsed="0.000046"/>
</kw>
<kw name="general return status" owner="generalFunct">
<var>${res}</var>
<arg>${headerLogin}</arg>
<status status="NOT RUN" start="2025-03-13T15:35:32.576393" elapsed="0.000051"/>
</kw>
<status status="NOT RUN" start="2025-03-13T15:35:32.575426" elapsed="0.001097"/>
</iter>
<status status="NOT RUN" start="2025-03-13T15:35:32.575424" elapsed="0.001154"/>
</while>
<status status="PASS" start="2025-03-13T15:35:32.525460" elapsed="0.051219"/>
</kw>
<kw name="When without filling any of them" owner="pom_login_eProc">
<kw name="general Wait Until" owner="generalFunct">
<kw name="Wait Until Element Is Visible" owner="SeleniumLibrary">
<arg>${locator}</arg>
<arg>timeout=5s</arg>
<doc>Waits until the element ``locator`` is visible.</doc>
<status status="PASS" start="2025-03-13T15:35:32.577891" elapsed="0.026280"/>
</kw>
<kw name="Sleep" owner="BuiltIn">
<msg time="2025-03-13T15:35:37.605364" level="INFO">Slept 5 seconds.</msg>
<arg>5</arg>
<doc>Pauses the test executed for the given time.</doc>
<status status="PASS" start="2025-03-13T15:35:32.604430" elapsed="5.001305"/>
</kw>
<arg>${loc_text}</arg>
<status status="PASS" start="2025-03-13T15:35:32.577494" elapsed="5.029162"/>
</kw>
<kw name="Element Should Be Visible" owner="SeleniumLibrary">
<msg time="2025-03-13T15:35:37.657256" level="INFO">Element 'xpath=//input[@id='pwd']' is displayed.</msg>
<arg>${loc_text}</arg>
<arg>${text}</arg>
<doc>Verifies that the element identified by ``locator`` is visible.</doc>
<status status="PASS" start="2025-03-13T15:35:37.607283" elapsed="0.050157"/>
</kw>
<kw name="general return status" owner="generalFunct">
<kw name="Run Keyword And Return Status" owner="BuiltIn">
<kw name="Wait Until Element Is Visible" owner="SeleniumLibrary">
<arg>${locator}</arg>
<arg>timeout=5s</arg>
<doc>Waits until the element ``locator`` is visible.</doc>
<status status="PASS" start="2025-03-13T15:35:37.660142" elapsed="0.032126"/>
</kw>
<msg time="2025-03-13T15:35:37.692577" level="INFO">${res} = True</msg>
<var>${res}</var>
<arg>Wait Until Element Is Visible</arg>
<arg>${locator}</arg>
<arg>timeout=5s</arg>
<doc>Runs the given keyword with given arguments and returns the status as a Boolean value.</doc>
<status status="PASS" start="2025-03-13T15:35:37.659314" elapsed="0.033341"/>
</kw>
<return>
<value>${res}</value>
<status status="PASS" start="2025-03-13T15:35:37.692824" elapsed="0.000109"/>
</return>
<msg time="2025-03-13T15:35:37.693260" level="INFO">${res} = True</msg>
<var>${res}</var>
<arg>${inputPassword}</arg>
<status status="PASS" start="2025-03-13T15:35:37.657872" elapsed="0.035460"/>
</kw>
<if>
<branch type="IF" condition="${res}">
<kw name="general Wait Until" owner="generalFunct">
<kw name="Wait Until Element Is Visible" owner="SeleniumLibrary">
<arg>${locator}</arg>
<arg>timeout=5s</arg>
<doc>Waits until the element ``locator`` is visible.</doc>
<status status="PASS" start="2025-03-13T15:35:37.694717" elapsed="0.030968"/>
</kw>
<kw name="Sleep" owner="BuiltIn">
<msg time="2025-03-13T15:35:42.727333" level="INFO">Slept 5 seconds.</msg>
<arg>5</arg>
<doc>Pauses the test executed for the given time.</doc>
<status status="PASS" start="2025-03-13T15:35:37.726058" elapsed="5.001866"/>
</kw>
<arg>${loc_text}</arg>
<status status="PASS" start="2025-03-13T15:35:37.694105" elapsed="5.034265"/>
</kw>
<kw name="Sleep" owner="BuiltIn">
<msg time="2025-03-13T15:35:46.729769" level="INFO">Slept 4 seconds.</msg>
<arg>4</arg>
<doc>Pauses the test executed for the given time.</doc>
<status status="PASS" start="2025-03-13T15:35:42.728916" elapsed="4.001011"/>
</kw>
<kw name="user input text" owner="generalFunct">
<kw name="Wait Until Element Is Visible" owner="SeleniumLibrary">
<arg>${locator}</arg>
<doc>Waits until the element ``locator`` is visible.</doc>
<status status="PASS" start="2025-03-13T15:35:46.730834" elapsed="0.023612"/>
</kw>
<kw name="Input Text" owner="SeleniumLibrary">
<msg time="2025-03-13T15:35:46.755049" level="INFO">Typing text '123456' into text field 'xpath=//input[@id='pwd']'.</msg>
<arg>${locator}</arg>
<arg>${text}</arg>
<doc>Types the given ``text`` into the text field identified by ``locator``.</doc>
<status status="PASS" start="2025-03-13T15:35:46.754703" elapsed="0.169489"/>
</kw>
<kw name="Sleep" owner="BuiltIn">
<msg time="2025-03-13T15:35:51.925690" level="INFO">Slept 5 seconds.</msg>
<arg>5</arg>
<doc>Pauses the test executed for the given time.</doc>
<status status="PASS" start="2025-03-13T15:35:46.924604" elapsed="5.001454"/>
</kw>
<arg>${loc_text}</arg>
<arg>${text}</arg>
<status status="PASS" start="2025-03-13T15:35:46.730246" elapsed="5.196236"/>
</kw>
<kw name="user click element" owner="generalFunct">
<kw name="Sleep" owner="BuiltIn">
<msg time="2025-03-13T15:35:56.929353" level="INFO">Slept 5 seconds.</msg>
<arg>5</arg>
<doc>Pauses the test executed for the given time.</doc>
<status status="PASS" start="2025-03-13T15:35:51.928480" elapsed="5.001227"/>
</kw>
<kw name="Wait Until Element Is Visible" owner="SeleniumLibrary">
<arg>${element}</arg>
<doc>Waits until the element ``locator`` is visible.</doc>
<status status="PASS" start="2025-03-13T15:35:56.930413" elapsed="0.056951"/>
</kw>
<kw name="Click Element" owner="SeleniumLibrary">
<msg time="2025-03-13T15:35:56.988282" level="INFO">Clicking element 'xpath=//button[@type='button']//span[contains(text(), 'Masuk')]//ancestor::button'.</msg>
<msg time="2025-03-13T15:35:57.092713" level="INFO">${clickElement} = None</msg>
<var>${clickElement}</var>
<arg>${element}</arg>
<doc>Click the element identified by ``locator``.</doc>
<status status="PASS" start="2025-03-13T15:35:56.987798" elapsed="0.105047"/>
</kw>
<return>
<value>${clickElement}</value>
<status status="PASS" start="2025-03-13T15:35:57.093094" elapsed="0.000201"/>
</return>
<arg>${buttonMasuk}</arg>
<status status="PASS" start="2025-03-13T15:35:51.927285" elapsed="5.166477"/>
</kw>
<status status="PASS" start="2025-03-13T15:35:37.693616" elapsed="19.400318"/>
</branch>
<branch type="ELSE">
<kw name="user visit E-Proc1000s Login Page" owner="pom_login_eProc">
<status status="NOT RUN" start="2025-03-13T15:35:57.094624" elapsed="0.000111"/>
</kw>
<status status="NOT RUN" start="2025-03-13T15:35:57.094080" elapsed="0.000789"/>
</branch>
<status status="PASS" start="2025-03-13T15:35:37.693539" elapsed="19.401451"/>
</if>
<arg>${inputPassword}</arg>
<arg>${PASSWORD}</arg>
<status status="PASS" start="2025-03-13T15:35:32.576997" elapsed="24.518164"/>
</kw>
<kw name="Then show message error" owner="generalFunct">
<kw name="general return status" owner="generalFunct">
<kw name="Run Keyword And Return Status" owner="BuiltIn">
<kw name="Wait Until Element Is Visible" owner="SeleniumLibrary">
<arg>${locator}</arg>
<arg>timeout=5s</arg>
<doc>Waits until the element ``locator`` is visible.</doc>
<status status="PASS" start="2025-03-13T15:35:57.097424" elapsed="0.032871"/>
</kw>
<msg time="2025-03-13T15:35:57.130548" level="INFO">${res} = True</msg>
<var>${res}</var>
<arg>Wait Until Element Is Visible</arg>
<arg>${locator}</arg>
<arg>timeout=5s</arg>
<doc>Runs the given keyword with given arguments and returns the status as a Boolean value.</doc>
<status status="PASS" start="2025-03-13T15:35:57.097034" elapsed="0.033604"/>
</kw>
<return>
<value>${res}</value>
<status status="PASS" start="2025-03-13T15:35:57.130840" elapsed="0.000120"/>
</return>
<msg time="2025-03-13T15:35:57.131312" level="INFO">${label} = True</msg>
<var>${label}</var>
<arg>xpath=//div[@class='mb-20px']//parent::div/label[contains(text(), 'Nomor')]</arg>
<status status="PASS" start="2025-03-13T15:35:57.096338" elapsed="0.035065"/>
</kw>
<if>
<branch type="IF" condition="${label}">
<kw name="general Wait Until" owner="generalFunct">
<kw name="Wait Until Element Is Visible" owner="SeleniumLibrary">
<arg>${locator}</arg>
<arg>timeout=5s</arg>
<doc>Waits until the element ``locator`` is visible.</doc>
<status status="PASS" start="2025-03-13T15:35:57.132810" elapsed="0.701421"/>
</kw>
<kw name="Sleep" owner="BuiltIn">
<msg time="2025-03-13T15:36:02.835528" level="INFO">Slept 5 seconds.</msg>
<arg>5</arg>
<doc>Pauses the test executed for the given time.</doc>
<status status="PASS" start="2025-03-13T15:35:57.834594" elapsed="5.001314"/>
</kw>
<arg>${errMessageLabel}</arg>
<status status="PASS" start="2025-03-13T15:35:57.132079" elapsed="5.704239"/>
</kw>
<kw name="Get Text" owner="SeleniumLibrary">
<msg time="2025-03-13T15:36:02.900754" level="INFO">${err} = No. Handphone harus diisi</msg>
<var>${err}</var>
<arg>${errMessageLabel}</arg>
<doc>Returns the text value of the element identified by ``locator``.</doc>
<status status="PASS" start="2025-03-13T15:36:02.837522" elapsed="0.063345"/>
</kw>
<kw name="Set Global Variable" owner="BuiltIn">
<msg time="2025-03-13T15:36:02.901882" level="INFO">${err_text} = No. Handphone harus diisi</msg>
<arg>${err_text}</arg>
<arg>${err}</arg>
<doc>Makes a variable available globally in all tests and suites.</doc>
<status status="PASS" start="2025-03-13T15:36:02.901292" elapsed="0.000730"/>
</kw>
<kw name="Log To Console" owner="BuiltIn">
<arg>${\n}Error Message : ${err}</arg>
<doc>Logs the given message to the console.</doc>
<status status="PASS" start="2025-03-13T15:36:02.902499" elapsed="0.001236"/>
</kw>
<status status="PASS" start="2025-03-13T15:35:57.131643" elapsed="5.772274"/>
</branch>
<branch type="ELSE">
<kw name="general Wait Until" owner="generalFunct">
<arg>${errMessageLabel}</arg>
<status status="NOT RUN" start="2025-03-13T15:36:02.904281" elapsed="0.000058"/>
</kw>
<kw name="Get Text" owner="SeleniumLibrary">
<var>${err}</var>
<arg>${errMessageLabel}</arg>
<doc>Returns the text value of the element identified by ``locator``.</doc>
<status status="NOT RUN" start="2025-03-13T15:36:02.904526" elapsed="0.000048"/>
</kw>
<kw name="Set Global Variable" owner="BuiltIn">
<arg>${err_text}</arg>
<arg>${err}</arg>
<doc>Makes a variable available globally in all tests and suites.</doc>
<status status="NOT RUN" start="2025-03-13T15:36:02.904749" elapsed="0.000047"/>
</kw>
<kw name="Log To Console" owner="BuiltIn">
<arg>${\n}Error Message : ${err}</arg>
<doc>Logs the given message to the console.</doc>
<status status="NOT RUN" start="2025-03-13T15:36:02.904955" elapsed="0.000044"/>
</kw>
<status status="NOT RUN" start="2025-03-13T15:36:02.904024" elapsed="0.001040"/>
</branch>
<status status="PASS" start="2025-03-13T15:35:57.131591" elapsed="5.773531"/>
</if>
<status status="PASS" start="2025-03-13T15:35:57.095841" elapsed="5.809371"/>
</kw>
<kw name="And Should Be Equal" owner="BuiltIn">
<arg>${err_text}</arg>
<arg>No. Handphone harus diisi</arg>
<doc>Fails if the given objects are unequal.</doc>
<status status="PASS" start="2025-03-13T15:36:02.905435" elapsed="0.000325"/>
</kw>
<status status="PASS" start="2025-03-13T15:35:32.524593" elapsed="30.381304"/>
</kw>
<kw name="End Web Test" owner="web_eProc" type="TEARDOWN">
<kw name="Log" owner="BuiltIn">
<msg time="2025-03-13T15:36:02.907031" level="INFO">Suite teardown initiated</msg>
<arg>Suite teardown initiated</arg>
<doc>Logs the given message with the given level.</doc>
<status status="PASS" start="2025-03-13T15:36:02.906860" elapsed="0.000254"/>
</kw>
<kw name="Close Browser" owner="SeleniumLibrary">
<doc>Closes the current browser.</doc>
<status status="PASS" start="2025-03-13T15:36:02.907311" elapsed="2.235986"/>
</kw>
<doc>Closes the browser after all tests in the suite have run</doc>
<status status="PASS" start="2025-03-13T15:36:02.906462" elapsed="2.237258"/>
</kw>
<doc>This scenario test User login without fill no handphone</doc>
<tag>1000s</tag>
<tag>login invalid</tag>
<tag>test</tag>
<status status="PASS" start="2025-03-13T15:35:27.797539" elapsed="37.347006"/>
</test>
<test id="s1-t5" name="Test Login With invalid No Handphone" line="32">
<kw name="Begin Web Test" owner="web_eProc" type="SETUP">
<kw name="Open Browser" owner="SeleniumLibrary">
<msg time="2025-03-13T15:36:05.152672" level="INFO">Opening browser 'headlesschrome' to base url 'about:blank'.</msg>
<arg>about:blank</arg>
<arg>${BROWSER}</arg>
<doc>Opens a new browser instance to the optional ``url``.</doc>
<status status="PASS" start="2025-03-13T15:36:05.151936" elapsed="1.997246"/>
</kw>
<kw name="Execute Javascript" owner="SeleniumLibrary">
<msg time="2025-03-13T15:36:07.150756" level="INFO">Executing JavaScript:
document.body.style.transform = 'scale(0.67)'; document.body.style.transformOrigin = '0 0';
Without any arguments.</msg>
<arg>document.body.style.transform = 'scale(0.67)'; document.body.style.transformOrigin = '0 0';</arg>
<doc>Executes the given JavaScript code with possible arguments.</doc>
<status status="PASS" start="2025-03-13T15:36:07.149725" elapsed="0.010558"/>
</kw>
<kw name="Go To" owner="SeleniumLibrary">
<msg time="2025-03-13T15:36:07.161019" level="INFO">Opening url 'https://developer.1000saudara.com/project1000s'</msg>
<arg>${URL_DEV}</arg>
<doc>Navigates the current browser window to the provided ``url``.</doc>
<status status="PASS" start="2025-03-13T15:36:07.160678" elapsed="2.837176"/>
</kw>
<status status="PASS" start="2025-03-13T15:36:05.150718" elapsed="4.847332"/>
</kw>
<kw name="User login with invalid no handphone" owner="login">
<kw name="Given user visit E-Proc1000s Login Page" owner="pom_login_eProc">
<kw name="Get Location" owner="SeleniumLibrary">
<msg time="2025-03-13T15:36:10.009948" level="INFO">${current_url} = https://developer.1000saudara.com/project1000s</msg>
<var>${current_url}</var>
<doc>Returns the current browser window URL.</doc>
<status status="PASS" start="2025-03-13T15:36:10.000034" elapsed="0.009981"/>
</kw>
<kw name="Log" owner="BuiltIn">
<msg time="2025-03-13T15:36:10.010495" level="INFO">Current Path: https://developer.1000saudara.com/project1000s</msg>
<arg>Current Path: ${current_url}</arg>
<doc>Logs the given message with the given level.</doc>
<status status="PASS" start="2025-03-13T15:36:10.010257" elapsed="0.000314"/>
</kw>
<kw name="general return status" owner="generalFunct">
<kw name="Run Keyword And Return Status" owner="BuiltIn">
<kw name="Wait Until Element Is Visible" owner="SeleniumLibrary">
<arg>${locator}</arg>
<arg>timeout=5s</arg>
<doc>Waits until the element ``locator`` is visible.</doc>
<status status="PASS" start="2025-03-13T15:36:10.012298" elapsed="0.041657"/>
</kw>
<msg time="2025-03-13T15:36:10.054202" level="INFO">${res} = True</msg>
<var>${res}</var>
<arg>Wait Until Element Is Visible</arg>
<arg>${locator}</arg>
<arg>timeout=5s</arg>
<doc>Runs the given keyword with given arguments and returns the status as a Boolean value.</doc>
<status status="PASS" start="2025-03-13T15:36:10.011692" elapsed="0.042566"/>
</kw>
<return>
<value>${res}</value>
<status status="PASS" start="2025-03-13T15:36:10.054369" elapsed="0.000074"/>
</return>
<msg time="2025-03-13T15:36:10.054647" level="INFO">${res} = True</msg>
<var>${res}</var>
<arg>${headerLogin}</arg>
<status status="PASS" start="2025-03-13T15:36:10.010796" elapsed="0.043895"/>
</kw>
<while condition="${res} == $False">
<iter>
<kw name="Reload Page" owner="SeleniumLibrary">
<doc>Simulates user reloading page.</doc>
<status status="NOT RUN" start="2025-03-13T15:36:10.055235" elapsed="0.000047"/>
</kw>
<kw name="Sleep" owner="BuiltIn">
<arg>2s</arg>
<doc>Pauses the test executed for the given time.</doc>
<status status="NOT RUN" start="2025-03-13T15:36:10.055432" elapsed="0.000044"/>
</kw>
<kw name="general return status" owner="generalFunct">
<var>${res}</var>
<arg>${headerLogin}</arg>
<status status="NOT RUN" start="2025-03-13T15:36:10.055685" elapsed="0.000049"/>
</kw>
<status status="NOT RUN" start="2025-03-13T15:36:10.054787" elapsed="0.001012"/>
</iter>
<status status="NOT RUN" start="2025-03-13T15:36:10.054785" elapsed="0.001068"/>
</while>
<status status="PASS" start="2025-03-13T15:36:09.999335" elapsed="0.056618"/>
</kw>
<kw name="When input error no telp" owner="pom_login_eProc">
<kw name="general Wait Until" owner="generalFunct">
<kw name="Wait Until Element Is Visible" owner="SeleniumLibrary">
<msg time="2025-03-13T15:36:10.097117" level="INFO">Suppressing StaleElementReferenceException from Selenium.</msg>
<arg>${locator}</arg>
<arg>timeout=5s</arg>
<doc>Waits until the element ``locator`` is visible.</doc>
<status status="PASS" start="2025-03-13T15:36:10.057536" elapsed="1.015468"/>
</kw>
<kw name="Sleep" owner="BuiltIn">
<msg time="2025-03-13T15:36:16.074562" level="INFO">Slept 5 seconds.</msg>
<arg>5</arg>
<doc>Pauses the test executed for the given time.</doc>
<status status="PASS" start="2025-03-13T15:36:11.073449" elapsed="5.001486"/>
</kw>
<arg>${id}</arg>
<status status="PASS" start="2025-03-13T15:36:10.057079" elapsed="6.018325"/>
</kw>
<kw name="Element Should Be Visible" owner="SeleniumLibrary">
<msg time="2025-03-13T15:36:16.133813" level="INFO">Element 'xpath=//input[@id='TxtPhone']' is displayed.</msg>
<arg>${id}</arg>
<arg>${text_id}</arg>
<doc>Verifies that the element identified by ``locator`` is visible.</doc>
<status status="PASS" start="2025-03-13T15:36:16.075990" elapsed="0.058044"/>
</kw>
<kw name="general return status" owner="generalFunct">
<kw name="Run Keyword And Return Status" owner="BuiltIn">
<kw name="Wait Until Element Is Visible" owner="SeleniumLibrary">
<arg>${locator}</arg>
<arg>timeout=5s</arg>
<doc>Waits until the element ``locator`` is visible.</doc>
<status status="PASS" start="2025-03-13T15:36:16.135810" elapsed="0.036702"/>
</kw>
<msg time="2025-03-13T15:36:16.172732" level="INFO">${res} = True</msg>
<var>${res}</var>
<arg>Wait Until Element Is Visible</arg>
<arg>${locator}</arg>
<arg>timeout=5s</arg>
<doc>Runs the given keyword with given arguments and returns the status as a Boolean value.</doc>
<status status="PASS" start="2025-03-13T15:36:16.135393" elapsed="0.037391"/>
</kw>
<return>
<value>${res}</value>
<status status="PASS" start="2025-03-13T15:36:16.172894" elapsed="0.000074"/>
</return>
<msg time="2025-03-13T15:36:16.173194" level="INFO">${res} = True</msg>
<var>${res}</var>
<arg>${inputPassword}</arg>
<status status="PASS" start="2025-03-13T15:36:16.134665" elapsed="0.038576"/>
</kw>
<if>
<branch type="IF" condition="${res}">
<kw name="general Wait Until" owner="generalFunct">
<kw name="Wait Until Element Is Visible" owner="SeleniumLibrary">
<arg>${locator}</arg>
<arg>timeout=5s</arg>
<doc>Waits until the element ``locator`` is visible.</doc>
<status status="PASS" start="2025-03-13T15:36:16.174090" elapsed="0.020451"/>
</kw>
<kw name="Sleep" owner="BuiltIn">
<msg time="2025-03-13T15:36:21.195629" level="INFO">Slept 5 seconds.</msg>
<arg>5</arg>
<doc>Pauses the test executed for the given time.</doc>
<status status="PASS" start="2025-03-13T15:36:16.194805" elapsed="5.001095"/>
</kw>
<arg>${id}</arg>
<status status="PASS" start="2025-03-13T15:36:16.173656" elapsed="5.022499"/>
</kw>
<kw name="Sleep" owner="BuiltIn">
<msg time="2025-03-13T15:36:25.197624" level="INFO">Slept 4 seconds.</msg>
<arg>4</arg>
<doc>Pauses the test executed for the given time.</doc>
<status status="PASS" start="2025-03-13T15:36:21.196520" elapsed="4.001470"/>
</kw>
<kw name="user input text" owner="generalFunct">
<kw name="Wait Until Element Is Visible" owner="SeleniumLibrary">
<arg>${locator}</arg>
<doc>Waits until the element ``locator`` is visible.</doc>
<status status="PASS" start="2025-03-13T15:36:25.200548" elapsed="0.055866"/>
</kw>
<kw name="Input Text" owner="SeleniumLibrary">
<msg time="2025-03-13T15:36:25.257348" level="INFO">Typing text '12345' into text field 'xpath=//input[@id='TxtPhone']'.</msg>
<arg>${locator}</arg>
<arg>${text}</arg>
<doc>Types the given ``text`` into the text field identified by ``locator``.</doc>
<status status="PASS" start="2025-03-13T15:36:25.256806" elapsed="0.203373"/>
</kw>
<kw name="Sleep" owner="BuiltIn">
<msg time="2025-03-13T15:36:30.461217" level="INFO">Slept 5 seconds.</msg>
<arg>5</arg>
<doc>Pauses the test executed for the given time.</doc>
<status status="PASS" start="2025-03-13T15:36:25.460453" elapsed="5.001253"/>
</kw>
<arg>${id}</arg>
<arg>${text_id}</arg>
<status status="PASS" start="2025-03-13T15:36:25.199122" elapsed="5.263237"/>
</kw>
<kw name="user input password" owner="generalFunct">
<kw name="Wait Until Element Is Visible" owner="SeleniumLibrary">
<arg>${locator}</arg>
<doc>Waits until the element ``locator`` is visible.</doc>
<status status="PASS" start="2025-03-13T15:36:30.465703" elapsed="0.058615"/>
</kw>
<kw name="Input Password" owner="SeleniumLibrary">
<msg time="2025-03-13T15:36:30.525949" level="INFO">Typing password into text field 'xpath=//input[@id='pwd']'.</msg>
<msg time="2025-03-13T15:36:30.639295" level="INFO">Temporally setting log level to: NONE</msg>
<arg>${locator}</arg>
<arg>${text}</arg>
<doc>Types the given password into the text field identified by ``locator``.</doc>
<status status="PASS" start="2025-03-13T15:36:30.525021" elapsed="0.232499"/>
</kw>
<kw name="Sleep" owner="BuiltIn">
<msg time="2025-03-13T15:36:35.758923" level="INFO">Slept 5 seconds.</msg>
<arg>5</arg>
<doc>Pauses the test executed for the given time.</doc>
<status status="PASS" start="2025-03-13T15:36:30.757928" elapsed="5.001363"/>
</kw>
<arg>${pass}</arg>
<arg>${text_pass}</arg>
<status status="PASS" start="2025-03-13T15:36:30.464124" elapsed="5.295589"/>
</kw>
<kw name="user click element" owner="generalFunct">
<kw name="Sleep" owner="BuiltIn">
<msg time="2025-03-13T15:36:40.762974" level="INFO">Slept 5 seconds.</msg>
<arg>5</arg>
<doc>Pauses the test executed for the given time.</doc>
<status status="PASS" start="2025-03-13T15:36:35.761669" elapsed="5.001669"/>
</kw>
<kw name="Wait Until Element Is Visible" owner="SeleniumLibrary">
<arg>${element}</arg>
<doc>Waits until the element ``locator`` is visible.</doc>
<status status="PASS" start="2025-03-13T15:36:40.764006" elapsed="0.049850"/>
</kw>
<kw name="Click Element" owner="SeleniumLibrary">
<msg time="2025-03-13T15:36:40.814503" level="INFO">Clicking element 'xpath=//button[@type='button']//span[contains(text(), 'Masuk')]//ancestor::button'.</msg>
<msg time="2025-03-13T15:36:40.913109" level="INFO">${clickElement} = None</msg>
<var>${clickElement}</var>
<arg>${element}</arg>
<doc>Click the element identified by ``locator``.</doc>
<status status="PASS" start="2025-03-13T15:36:40.814156" elapsed="0.099073"/>
</kw>
<return>
<value>${clickElement}</value>
<status status="PASS" start="2025-03-13T15:36:40.913423" elapsed="0.000111"/>
</return>
<arg>${buttonMasuk}</arg>
<status status="PASS" start="2025-03-13T15:36:35.760481" elapsed="5.153376"/>
</kw>
<status status="PASS" start="2025-03-13T15:36:16.173376" elapsed="24.740611"/>
</branch>
<branch type="ELSE">
<kw name="user visit E-Proc1000s Login Page" owner="pom_login_eProc">
<status status="NOT RUN" start="2025-03-13T15:36:40.914574" elapsed="0.000068"/>
</kw>
<status status="NOT RUN" start="2025-03-13T15:36:40.914113" elapsed="0.000603"/>
</branch>
<status status="PASS" start="2025-03-13T15:36:16.173344" elapsed="24.741441"/>
</if>
<arg>${inputUsername}</arg>
<arg>12345</arg>
<arg>${inputPassword}</arg>
<arg>${PASSWORD}</arg>
<status status="PASS" start="2025-03-13T15:36:10.056250" elapsed="30.858631"/>
</kw>
<kw name="Then show message error" owner="generalFunct">
<kw name="general return status" owner="generalFunct">
<kw name="Run Keyword And Return Status" owner="BuiltIn">
<kw name="Wait Until Element Is Visible" owner="SeleniumLibrary">
<arg>${locator}</arg>
<arg>timeout=5s</arg>
<doc>Waits until the element ``locator`` is visible.</doc>
<status status="PASS" start="2025-03-13T15:36:40.916635" elapsed="0.029238"/>
</kw>
<msg time="2025-03-13T15:36:40.946204" level="INFO">${res} = True</msg>
<var>${res}</var>
<arg>Wait Until Element Is Visible</arg>
<arg>${locator}</arg>
<arg>timeout=5s</arg>
<doc>Runs the given keyword with given arguments and returns the status as a Boolean value.</doc>
<status status="PASS" start="2025-03-13T15:36:40.916321" elapsed="0.029968"/>
</kw>
<return>
<value>${res}</value>
<status status="PASS" start="2025-03-13T15:36:40.946476" elapsed="0.000105"/>
</return>
<msg time="2025-03-13T15:36:40.946934" level="INFO">${label} = True</msg>
<var>${label}</var>
<arg>xpath=//div[@class='mb-20px']//parent::div/label[contains(text(), 'Nomor')]</arg>
<status status="PASS" start="2025-03-13T15:36:40.915697" elapsed="0.031321"/>
</kw>
<if>
<branch type="IF" condition="${label}">
<kw name="general Wait Until" owner="generalFunct">
<kw name="Wait Until Element Is Visible" owner="SeleniumLibrary">
<arg>${locator}</arg>
<arg>timeout=5s</arg>
<doc>Waits until the element ``locator`` is visible.</doc>
<status status="PASS" start="2025-03-13T15:36:40.948487" elapsed="0.048628"/>
</kw>
<kw name="Sleep" owner="BuiltIn">
<msg time="2025-03-13T15:36:45.998315" level="INFO">Slept 5 seconds.</msg>
<arg>5</arg>
<doc>Pauses the test executed for the given time.</doc>
<status status="PASS" start="2025-03-13T15:36:40.997432" elapsed="5.001250"/>
</kw>
<arg>${errMessageLabel}</arg>
<status status="PASS" start="2025-03-13T15:36:40.947724" elapsed="5.051431"/>
</kw>
<kw name="Get Text" owner="SeleniumLibrary">
<msg time="2025-03-13T15:36:46.046898" level="INFO">${err} = No. handphone harus diawali dengan 08</msg>
<var>${err}</var>
<arg>${errMessageLabel}</arg>
<doc>Returns the text value of the element identified by ``locator``.</doc>
<status status="PASS" start="2025-03-13T15:36:45.999743" elapsed="0.047241"/>
</kw>
<kw name="Set Global Variable" owner="BuiltIn">
<msg time="2025-03-13T15:36:46.048096" level="INFO">${err_text} = No. handphone harus diawali dengan 08</msg>
<arg>${err_text}</arg>
<arg>${err}</arg>
<doc>Makes a variable available globally in all tests and suites.</doc>
<status status="PASS" start="2025-03-13T15:36:46.047542" elapsed="0.000665"/>
</kw>
<kw name="Log To Console" owner="BuiltIn">
<arg>${\n}Error Message : ${err}</arg>
<doc>Logs the given message to the console.</doc>
<status status="PASS" start="2025-03-13T15:36:46.048496" elapsed="0.001262"/>
</kw>
<status status="PASS" start="2025-03-13T15:36:40.947288" elapsed="5.102690"/>
</branch>
<branch type="ELSE">
<kw name="general Wait Until" owner="generalFunct">
<arg>${errMessageLabel}</arg>
<status status="NOT RUN" start="2025-03-13T15:36:46.050457" elapsed="0.000075"/>
</kw>
<kw name="Get Text" owner="SeleniumLibrary">
<var>${err}</var>
<arg>${errMessageLabel}</arg>
<doc>Returns the text value of the element identified by ``locator``.</doc>
<status status="NOT RUN" start="2025-03-13T15:36:46.050772" elapsed="0.000058"/>
</kw>
<kw name="Set Global Variable" owner="BuiltIn">
<arg>${err_text}</arg>
<arg>${err}</arg>
<doc>Makes a variable available globally in all tests and suites.</doc>
<status status="NOT RUN" start="2025-03-13T15:36:46.051065" elapsed="0.000061"/>
</kw>
<kw name="Log To Console" owner="BuiltIn">
<arg>${\n}Error Message : ${err}</arg>
<doc>Logs the given message to the console.</doc>
<status status="NOT RUN" start="2025-03-13T15:36:46.051330" elapsed="0.000069"/>
</kw>
<status status="NOT RUN" start="2025-03-13T15:36:46.050120" elapsed="0.001363"/>
</branch>
<status status="PASS" start="2025-03-13T15:36:40.947236" elapsed="5.104321"/>
</if>
<status status="PASS" start="2025-03-13T15:36:40.915265" elapsed="5.136407"/>
</kw>
<kw name="And Should Be Equal" owner="BuiltIn">
<arg>${err_text}</arg>
<arg>No. handphone harus diawali dengan 08</arg>
<doc>Fails if the given objects are unequal.</doc>
<status status="PASS" start="2025-03-13T15:36:46.051904" elapsed="0.000398"/>
</kw>
<status status="PASS" start="2025-03-13T15:36:09.998672" elapsed="36.053787"/>
</kw>
<kw name="End Web Test" owner="web_eProc" type="TEARDOWN">
<kw name="Log" owner="BuiltIn">
<msg time="2025-03-13T15:36:46.053898" level="INFO">Suite teardown initiated</msg>
<arg>Suite teardown initiated</arg>
<doc>Logs the given message with the given level.</doc>
<status status="PASS" start="2025-03-13T15:36:46.053685" elapsed="0.000319"/>
</kw>
<kw name="Close Browser" owner="SeleniumLibrary">
<doc>Closes the current browser.</doc>
<status status="PASS" start="2025-03-13T15:36:46.054248" elapsed="2.222442"/>
</kw>
<doc>Closes the browser after all tests in the suite have run</doc>
<status status="PASS" start="2025-03-13T15:36:46.053175" elapsed="2.223972"/>
</kw>
<doc>This scenario test User login with invalid no handphone</doc>
<tag>1000s</tag>
<tag>login invalid</tag>
<tag>test</tag>
<status status="PASS" start="2025-03-13T15:36:05.148593" elapsed="43.129372"/>
</test>
<test id="s1-t6" name="Test Login With No Handphone not Listed" line="37">
<kw name="Begin Web Test" owner="web_eProc" type="SETUP">
<kw name="Open Browser" owner="SeleniumLibrary">
<msg time="2025-03-13T15:36:48.285877" level="INFO">Opening browser 'headlesschrome' to base url 'about:blank'.</msg>
<arg>about:blank</arg>
<arg>${BROWSER}</arg>
<doc>Opens a new browser instance to the optional ``url``.</doc>
<status status="PASS" start="2025-03-13T15:36:48.285140" elapsed="1.962180"/>
</kw>
<kw name="Execute Javascript" owner="SeleniumLibrary">
<msg time="2025-03-13T15:36:50.248574" level="INFO">Executing JavaScript:
document.body.style.transform = 'scale(0.67)'; document.body.style.transformOrigin = '0 0';
Without any arguments.</msg>
<arg>document.body.style.transform = 'scale(0.67)'; document.body.style.transformOrigin = '0 0';</arg>
<doc>Executes the given JavaScript code with possible arguments.</doc>
<status status="PASS" start="2025-03-13T15:36:50.247752" elapsed="0.017546"/>
</kw>
<kw name="Go To" owner="SeleniumLibrary">
<msg time="2025-03-13T15:36:50.265824" level="INFO">Opening url 'https://developer.1000saudara.com/project1000s'</msg>
<arg>${URL_DEV}</arg>
<doc>Navigates the current browser window to the provided ``url``.</doc>
<status status="PASS" start="2025-03-13T15:36:50.265574" elapsed="1.660419"/>
</kw>
<status status="PASS" start="2025-03-13T15:36:48.284023" elapsed="3.642237"/>
</kw>
<kw name="User login with no handphone not listed" owner="login">
<kw name="Given user visit E-Proc1000s Login Page" owner="pom_login_eProc">
<kw name="Get Location" owner="SeleniumLibrary">
<msg time="2025-03-13T15:36:51.944757" level="INFO">${current_url} = https://developer.1000saudara.com/project1000s</msg>
<var>${current_url}</var>
<doc>Returns the current browser window URL.</doc>
<status status="PASS" start="2025-03-13T15:36:51.927896" elapsed="0.017010"/>
</kw>
<kw name="Log" owner="BuiltIn">
<msg time="2025-03-13T15:36:51.946299" level="INFO">Current Path: https://developer.1000saudara.com/project1000s</msg>
<arg>Current Path: ${current_url}</arg>
<doc>Logs the given message with the given level.</doc>
<status status="PASS" start="2025-03-13T15:36:51.945639" elapsed="0.000864"/>
</kw>
<kw name="general return status" owner="generalFunct">
<kw name="Run Keyword And Return Status" owner="BuiltIn">
<kw name="Wait Until Element Is Visible" owner="SeleniumLibrary">
<arg>${locator}</arg>
<arg>timeout=5s</arg>
<doc>Waits until the element ``locator`` is visible.</doc>
<status status="PASS" start="2025-03-13T15:36:51.947800" elapsed="0.037431"/>
</kw>
<msg time="2025-03-13T15:36:51.985460" level="INFO">${res} = True</msg>
<var>${res}</var>
<arg>Wait Until Element Is Visible</arg>
<arg>${locator}</arg>
<arg>timeout=5s</arg>
<doc>Runs the given keyword with given arguments and returns the status as a Boolean value.</doc>
<status status="PASS" start="2025-03-13T15:36:51.947553" elapsed="0.037955"/>
</kw>
<return>
<value>${res}</value>
<status status="PASS" start="2025-03-13T15:36:51.985617" elapsed="0.000078"/>
</return>
<msg time="2025-03-13T15:36:51.985928" level="INFO">${res} = True</msg>
<var>${res}</var>
<arg>${headerLogin}</arg>
<status status="PASS" start="2025-03-13T15:36:51.947056" elapsed="0.038917"/>
</kw>
<while condition="${res} == $False">
<iter>
<kw name="Reload Page" owner="SeleniumLibrary">
<doc>Simulates user reloading page.</doc>
<status status="NOT RUN" start="2025-03-13T15:36:51.986572" elapsed="0.000052"/>
</kw>
<kw name="Sleep" owner="BuiltIn">
<arg>2s</arg>
<doc>Pauses the test executed for the given time.</doc>
<status status="NOT RUN" start="2025-03-13T15:36:51.986786" elapsed="0.000045"/>
</kw>
<kw name="general return status" owner="generalFunct">
<var>${res}</var>
<arg>${headerLogin}</arg>
<status status="NOT RUN" start="2025-03-13T15:36:51.987054" elapsed="0.000050"/>
</kw>
<status status="NOT RUN" start="2025-03-13T15:36:51.986082" elapsed="0.001090"/>
</iter>
<status status="NOT RUN" start="2025-03-13T15:36:51.986080" elapsed="0.001146"/>
</while>
<status status="PASS" start="2025-03-13T15:36:51.927507" elapsed="0.059822"/>
</kw>
<kw name="When input error no telp" owner="pom_login_eProc">
<kw name="general Wait Until" owner="generalFunct">
<kw name="Wait Until Element Is Visible" owner="SeleniumLibrary">
<arg>${locator}</arg>
<arg>timeout=5s</arg>
<doc>Waits until the element ``locator`` is visible.</doc>
<status status="PASS" start="2025-03-13T15:36:51.990028" elapsed="0.027008"/>
</kw>
<kw name="Sleep" owner="BuiltIn">
<msg time="2025-03-13T15:36:57.018322" level="INFO">Slept 5 seconds.</msg>
<arg>5</arg>
<doc>Pauses the test executed for the given time.</doc>
<status status="PASS" start="2025-03-13T15:36:52.017295" elapsed="5.001704"/>
</kw>
<arg>${id}</arg>
<status status="PASS" start="2025-03-13T15:36:51.989294" elapsed="5.030374"/>
</kw>
<kw name="Element Should Be Visible" owner="SeleniumLibrary">
<msg time="2025-03-13T15:36:57.068770" level="INFO">Element 'xpath=//input[@id='TxtPhone']' is displayed.</msg>
<arg>${id}</arg>
<arg>${text_id}</arg>
<doc>Verifies that the element identified by ``locator`` is visible.</doc>
<status status="PASS" start="2025-03-13T15:36:57.020267" elapsed="0.048862"/>
</kw>
<kw name="general return status" owner="generalFunct">
<kw name="Run Keyword And Return Status" owner="BuiltIn">
<kw name="Wait Until Element Is Visible" owner="SeleniumLibrary">
<arg>${locator}</arg>
<arg>timeout=5s</arg>
<doc>Waits until the element ``locator`` is visible.</doc>
<status status="PASS" start="2025-03-13T15:36:57.071286" elapsed="0.038806"/>
</kw>
<msg time="2025-03-13T15:36:57.110323" level="INFO">${res} = True</msg>
<var>${res}</var>
<arg>Wait Until Element Is Visible</arg>
<arg>${locator}</arg>
<arg>timeout=5s</arg>
<doc>Runs the given keyword with given arguments and returns the status as a Boolean value.</doc>
<status status="PASS" start="2025-03-13T15:36:57.070760" elapsed="0.039617"/>
</kw>
<return>
<value>${res}</value>
<status status="PASS" start="2025-03-13T15:36:57.110501" elapsed="0.000083"/>
</return>
<msg time="2025-03-13T15:36:57.110827" level="INFO">${res} = True</msg>
<var>${res}</var>
<arg>${inputPassword}</arg>
<status status="PASS" start="2025-03-13T15:36:57.069867" elapsed="0.041011"/>
</kw>
<if>
<branch type="IF" condition="${res}">
<kw name="general Wait Until" owner="generalFunct">
<kw name="Wait Until Element Is Visible" owner="SeleniumLibrary">
<arg>${locator}</arg>
<arg>timeout=5s</arg>
<doc>Waits until the element ``locator`` is visible.</doc>
<status status="PASS" start="2025-03-13T15:36:57.111776" elapsed="0.023074"/>
</kw>
<kw name="Sleep" owner="BuiltIn">
<msg time="2025-03-13T15:37:02.136036" level="INFO">Slept 5 seconds.</msg>
<arg>5</arg>
<doc>Pauses the test executed for the given time.</doc>
<status status="PASS" start="2025-03-13T15:36:57.135128" elapsed="5.001123"/>
</kw>
<arg>${id}</arg>
<status status="PASS" start="2025-03-13T15:36:57.111322" elapsed="5.025156"/>
</kw>
<kw name="Sleep" owner="BuiltIn">
<msg time="2025-03-13T15:37:06.138432" level="INFO">Slept 4 seconds.</msg>
<arg>4</arg>
<doc>Pauses the test executed for the given time.</doc>
<status status="PASS" start="2025-03-13T15:37:02.136824" elapsed="4.002008"/>
</kw>
<kw name="user input text" owner="generalFunct">
<kw name="Wait Until Element Is Visible" owner="SeleniumLibrary">
<arg>${locator}</arg>
<doc>Waits until the element ``locator`` is visible.</doc>
<status status="PASS" start="2025-03-13T15:37:06.141540" elapsed="0.030345"/>
</kw>
<kw name="Input Text" owner="SeleniumLibrary">
<msg time="2025-03-13T15:37:06.172684" level="INFO">Typing text '08983186457345' into text field 'xpath=//input[@id='TxtPhone']'.</msg>
<arg>${locator}</arg>
<arg>${text}</arg>
<doc>Types the given ``text`` into the text field identified by ``locator``.</doc>
<status status="PASS" start="2025-03-13T15:37:06.172236" elapsed="0.199629"/>
</kw>
<kw name="Sleep" owner="BuiltIn">
<msg time="2025-03-13T15:37:11.373234" level="INFO">Slept 5 seconds.</msg>
<arg>5</arg>
<doc>Pauses the test executed for the given time.</doc>
<status status="PASS" start="2025-03-13T15:37:06.372288" elapsed="5.001311"/>
</kw>
<arg>${id}</arg>
<arg>${text_id}</arg>
<status status="PASS" start="2025-03-13T15:37:06.139949" elapsed="5.234065"/>
</kw>
<kw name="user input password" owner="generalFunct">
<kw name="Wait Until Element Is Visible" owner="SeleniumLibrary">
<arg>${locator}</arg>
<doc>Waits until the element ``locator`` is visible.</doc>
<status status="PASS" start="2025-03-13T15:37:11.376073" elapsed="0.054974"/>
</kw>
<kw name="Input Password" owner="SeleniumLibrary">
<msg time="2025-03-13T15:37:11.431991" level="INFO">Typing password into text field 'xpath=//input[@id='pwd']'.</msg>
<msg time="2025-03-13T15:37:11.485859" level="INFO">Temporally setting log level to: NONE</msg>
<arg>${locator}</arg>
<arg>${text}</arg>
<doc>Types the given password into the text field identified by ``locator``.</doc>
<status status="PASS" start="2025-03-13T15:37:11.431462" elapsed="0.128338"/>
</kw>
<kw name="Sleep" owner="BuiltIn">
<msg time="2025-03-13T15:37:16.561125" level="INFO">Slept 5 seconds.</msg>
<arg>5</arg>
<doc>Pauses the test executed for the given time.</doc>
<status status="PASS" start="2025-03-13T15:37:11.560157" elapsed="5.001345"/>
</kw>
<arg>${pass}</arg>
<arg>${text_pass}</arg>
<status status="PASS" start="2025-03-13T15:37:11.374730" elapsed="5.187252"/>
</kw>
<kw name="user click element" owner="generalFunct">
<kw name="Sleep" owner="BuiltIn">
<msg time="2025-03-13T15:37:21.565746" level="INFO">Slept 5 seconds.</msg>
<arg>5</arg>
<doc>Pauses the test executed for the given time.</doc>
<status status="PASS" start="2025-03-13T15:37:16.564310" elapsed="5.001825"/>
</kw>
<kw name="Wait Until Element Is Visible" owner="SeleniumLibrary">
<arg>${element}</arg>
<doc>Waits until the element ``locator`` is visible.</doc>
<status status="PASS" start="2025-03-13T15:37:21.567136" elapsed="0.054944"/>
</kw>
<kw name="Click Element" owner="SeleniumLibrary">
<msg time="2025-03-13T15:37:21.622997" level="INFO">Clicking element 'xpath=//button[@type='button']//span[contains(text(), 'Masuk')]//ancestor::button'.</msg>
<msg time="2025-03-13T15:37:21.743133" level="INFO">${clickElement} = None</msg>
<var>${clickElement}</var>
<arg>${element}</arg>
<doc>Click the element identified by ``locator``.</doc>
<status status="PASS" start="2025-03-13T15:37:21.622510" elapsed="0.120693"/>
</kw>
<return>
<value>${clickElement}</value>
<status status="PASS" start="2025-03-13T15:37:21.743328" elapsed="0.000084"/>
</return>
<arg>${buttonMasuk}</arg>
<status status="PASS" start="2025-03-13T15:37:16.562718" elapsed="5.180884"/>
</kw>
<status status="PASS" start="2025-03-13T15:36:57.111031" elapsed="24.632644"/>
</branch>
<branch type="ELSE">
<kw name="user visit E-Proc1000s Login Page" owner="pom_login_eProc">
<status status="NOT RUN" start="2025-03-13T15:37:21.744034" elapsed="0.000057"/>
</kw>
<status status="NOT RUN" start="2025-03-13T15:37:21.743746" elapsed="0.000445"/>
</branch>
<status status="PASS" start="2025-03-13T15:36:57.110995" elapsed="24.633313"/>
</if>
<arg>${inputUsername}</arg>
<arg>08983186457345</arg>
<arg>${inputPassword}</arg>
<arg>${PASSWORD}</arg>
<status status="PASS" start="2025-03-13T15:36:51.988053" elapsed="29.756415"/>
</kw>
<kw name="Then show message error" owner="generalFunct">
<kw name="general return status" owner="generalFunct">
<kw name="Run Keyword And Return Status" owner="BuiltIn">
<kw name="Wait Until Element Is Visible" owner="SeleniumLibrary">
<arg>${locator}</arg>
<arg>timeout=5s</arg>
<doc>Waits until the element ``locator`` is visible.</doc>
<status status="PASS" start="2025-03-13T15:37:21.746779" elapsed="0.043994"/>
</kw>
<msg time="2025-03-13T15:37:21.790980" level="INFO">${res} = True</msg>
<var>${res}</var>
<arg>Wait Until Element Is Visible</arg>
<arg>${locator}</arg>
<arg>timeout=5s</arg>
<doc>Runs the given keyword with given arguments and returns the status as a Boolean value.</doc>
<status status="PASS" start="2025-03-13T15:37:21.746364" elapsed="0.044665"/>
</kw>
<return>
<value>${res}</value>
<status status="PASS" start="2025-03-13T15:37:21.791283" elapsed="0.000125"/>
</return>
<msg time="2025-03-13T15:37:21.791663" level="INFO">${label} = True</msg>
<var>${label}</var>
<arg>xpath=//div[@class='mb-20px']//parent::div/label[contains(text(), 'Nomor')]</arg>
<status status="PASS" start="2025-03-13T15:37:21.745721" elapsed="0.045988"/>
</kw>
<if>
<branch type="IF" condition="${label}">
<kw name="general Wait Until" owner="generalFunct">
<kw name="Wait Until Element Is Visible" owner="SeleniumLibrary">
<arg>${locator}</arg>
<arg>timeout=5s</arg>
<doc>Waits until the element ``locator`` is visible.</doc>
<status status="PASS" start="2025-03-13T15:37:21.792541" elapsed="0.682373"/>
</kw>
<kw name="Sleep" owner="BuiltIn">
<msg time="2025-03-13T15:37:27.476216" level="INFO">Slept 5 seconds.</msg>
<arg>5</arg>
<doc>Pauses the test executed for the given time.</doc>
<status status="PASS" start="2025-03-13T15:37:22.475236" elapsed="5.001344"/>
</kw>
<arg>${errMessageLabel}</arg>
<status status="PASS" start="2025-03-13T15:37:21.792125" elapsed="5.684898"/>
</kw>
<kw name="Get Text" owner="SeleniumLibrary">
<msg time="2025-03-13T15:37:27.553802" level="INFO">${err} = No. handphone tidak terdaftar</msg>
<var>${err}</var>
<arg>${errMessageLabel}</arg>
<doc>Returns the text value of the element identified by ``locator``.</doc>
<status status="PASS" start="2025-03-13T15:37:27.477689" elapsed="0.076271"/>
</kw>
<kw name="Set Global Variable" owner="BuiltIn">
<msg time="2025-03-13T15:37:27.555307" level="INFO">${err_text} = No. handphone tidak terdaftar</msg>
<arg>${err_text}</arg>
<arg>${err}</arg>
<doc>Makes a variable available globally in all tests and suites.</doc>
<status status="PASS" start="2025-03-13T15:37:27.554525" elapsed="0.000966"/>
</kw>
<kw name="Log To Console" owner="BuiltIn">
<arg>${\n}Error Message : ${err}</arg>
<doc>Logs the given message to the console.</doc>
<status status="PASS" start="2025-03-13T15:37:27.555951" elapsed="0.002574"/>
</kw>
<status status="PASS" start="2025-03-13T15:37:21.791857" elapsed="5.767122"/>
</branch>
<branch type="ELSE">
<kw name="general Wait Until" owner="generalFunct">
<arg>${errMessageLabel}</arg>
<status status="NOT RUN" start="2025-03-13T15:37:27.560031" elapsed="0.000178"/>
</kw>
<kw name="Get Text" owner="SeleniumLibrary">
<var>${err}</var>
<arg>${errMessageLabel}</arg>
<doc>Returns the text value of the element identified by ``locator``.</doc>
<status status="NOT RUN" start="2025-03-13T15:37:27.560720" elapsed="0.000135"/>
</kw>
<kw name="Set Global Variable" owner="BuiltIn">
<arg>${err_text}</arg>
<arg>${err}</arg>
<doc>Makes a variable available globally in all tests and suites.</doc>
<status status="NOT RUN" start="2025-03-13T15:37:27.561358" elapsed="0.000129"/>
</kw>
<kw name="Log To Console" owner="BuiltIn">
<arg>${\n}Error Message : ${err}</arg>
<doc>Logs the given message to the console.</doc>
<status status="NOT RUN" start="2025-03-13T15:37:27.561951" elapsed="0.000124"/>
</kw>
<status status="NOT RUN" start="2025-03-13T15:37:27.559340" elapsed="0.002916"/>
</branch>
<status status="PASS" start="2025-03-13T15:37:21.791826" elapsed="5.770589"/>
</if>
<status status="PASS" start="2025-03-13T15:37:21.745260" elapsed="5.817402"/>
</kw>
<kw name="And Should Be Equal" owner="BuiltIn">
<arg>${err_text}</arg>
<arg>No. handphone tidak terdaftar</arg>
<doc>Fails if the given objects are unequal.</doc>
<status status="PASS" start="2025-03-13T15:37:27.563218" elapsed="0.000793"/>
</kw>
<status status="PASS" start="2025-03-13T15:36:51.926897" elapsed="35.637441"/>
</kw>
<kw name="End Web Test" owner="web_eProc" type="TEARDOWN">
<kw name="Log" owner="BuiltIn">
<msg time="2025-03-13T15:37:27.567280" level="INFO">Suite teardown initiated</msg>
<arg>Suite teardown initiated</arg>
<doc>Logs the given message with the given level.</doc>
<status status="PASS" start="2025-03-13T15:37:27.566821" elapsed="0.000656"/>
</kw>
<kw name="Close Browser" owner="SeleniumLibrary">
<doc>Closes the current browser.</doc>
<status status="PASS" start="2025-03-13T15:37:27.567939" elapsed="2.218022"/>
</kw>
<doc>Closes the browser after all tests in the suite have run</doc>
<status status="PASS" start="2025-03-13T15:37:27.565744" elapsed="2.220673"/>
</kw>
<doc>This scenario test User login with no handphone not listed</doc>
<tag>1000s</tag>
<tag>login invalid</tag>
<tag>test</tag>
<status status="PASS" start="2025-03-13T15:36:48.281876" elapsed="41.505346"/>
</test>
<status status="PASS" start="2025-03-13T15:33:25.687200" elapsed="244.104483"/>
</suite>
<statistics>
<total>
<stat pass="6" fail="0" skip="0">All Tests</stat>
</total>
<tag>
<stat pass="6" fail="0" skip="0">1000s</stat>
<stat pass="1" fail="0" skip="0">home</stat>
<stat pass="5" fail="0" skip="0">login invalid</stat>
<stat pass="6" fail="0" skip="0">test</stat>
</tag>
<suite>
<stat name="Test Login" id="s1" pass="6" fail="0" skip="0">Test Login</stat>
</suite>
</statistics>
<errors>
</errors>
</robot>
