<?xml version="1.0" encoding="UTF-8"?>
<robot generator="Robot 7.1 (Python 3.12.5 on win32)" generated="2024-11-14T14:00:48.383964" rpa="false" schemaversion="5">
<suite id="s1" name="test detailProject MenungguPersetujuan" source="C:\Users\admin\Documents\Automation\robotFramework\testSuite\test_detailProject_MenungguPersetujuan.robot">
<test id="s1-t1" name="Tim OP can Changes Data Name Project with name has been used" line="34">
<kw name="Begin Web Test" owner="web_eProc" type="SETUP">
<kw name="Open Browser" owner="SeleniumLibrary">
<msg time="2024-11-14T14:00:50.291783" level="INFO">Opening browser 'chrome' to base url 'about:blank'.</msg>
<arg>about:blank</arg>
<arg>${BROWSER}</arg>
<doc>Opens a new browser instance to the optional ``url``.</doc>
<status status="PASS" start="2024-11-14T14:00:50.291783" elapsed="2.305022"/>
</kw>
<kw name="Maximize Browser Window" owner="SeleniumLibrary">
<doc>Maximizes current browser window.</doc>
<status status="PASS" start="2024-11-14T14:00:52.596805" elapsed="0.039800"/>
</kw>
<kw name="Go To" owner="SeleniumLibrary">
<msg time="2024-11-14T14:00:52.637602" level="INFO">Opening url 'https://dev-proyek.1000saudara.com/Login'</msg>
<arg>${URL}</arg>
<doc>Navigates the current browser window to the provided ``url``.</doc>
<status status="PASS" start="2024-11-14T14:00:52.636605" elapsed="10.430187"/>
</kw>
<status status="PASS" start="2024-11-14T14:00:50.291783" elapsed="12.775009"/>
</kw>
<kw name="User change name project with name has been used" owner="detailProject_MenungguPersetujuan">
<kw name="Given User can access Home Login 1000s" owner="login">
<kw name="Then user go to home page E-Proc1000s" owner="pom_login_eProc">
<kw name="user visit E-Proc1000s Login Page" owner="pom_login_eProc">
<kw name="Get Location" owner="SeleniumLibrary">
<msg time="2024-11-14T14:01:03.079877" level="INFO">${current_url} = https://dev-proyek.1000saudara.com/Login</msg>
<var>${current_url}</var>
<doc>Returns the current browser window URL.</doc>
<status status="PASS" start="2024-11-14T14:01:03.068821" elapsed="0.012058"/>
</kw>
<kw name="Log" owner="BuiltIn">
<msg time="2024-11-14T14:01:03.081870" level="INFO">Current Path: https://dev-proyek.1000saudara.com/Login</msg>
<arg>Current Path: ${current_url}</arg>
<doc>Logs the given message with the given level.</doc>
<status status="PASS" start="2024-11-14T14:01:03.080879" elapsed="0.000991"/>
</kw>
<kw name="general return status" owner="generalFunct">
<kw name="Run Keyword And Return Status" owner="BuiltIn">
<kw name="Wait Until Element Is Visible" owner="SeleniumLibrary">
<msg time="2024-11-14T14:01:05.948393" level="INFO" html="true">&lt;/td&gt;&lt;/tr&gt;&lt;tr&gt;&lt;td colspan="3"&gt;&lt;a href="selenium-screenshot-2118.png"&gt;&lt;img src="selenium-screenshot-2118.png" width="800px"&gt;&lt;/a&gt;</msg>
<msg time="2024-11-14T14:01:05.949385" level="FAIL">Element 'xpath=//p[contains(text(), 'Log')]' not visible after 2 seconds.</msg>
<arg>${locator}</arg>
<arg>timeout=2s</arg>
<doc>Waits until the element ``locator`` is visible.</doc>
<status status="FAIL" start="2024-11-14T14:01:03.083865" elapsed="2.868512">Element 'xpath=//p[contains(text(), 'Log')]' not visible after 2 seconds.</status>
</kw>
<msg time="2024-11-14T14:01:05.953375" level="INFO">${res} = False</msg>
<var>${res}</var>
<arg>Wait Until Element Is Visible</arg>
<arg>${locator}</arg>
<arg>timeout=2s</arg>
<doc>Runs the given keyword with given arguments and returns the status as a Boolean value.</doc>
<status status="PASS" start="2024-11-14T14:01:03.082868" elapsed="2.870507"/>
</kw>
<return>
<value>${res}</value>
<status status="PASS" start="2024-11-14T14:01:05.953375" elapsed="0.000000"/>
</return>
<msg time="2024-11-14T14:01:05.954373" level="INFO">${res} = False</msg>
<var>${res}</var>
<arg>${headerLogin}</arg>
<status status="PASS" start="2024-11-14T14:01:03.081870" elapsed="2.872503"/>
</kw>
<while condition="${res} == $False">
<iter>
<kw name="Reload Page" owner="SeleniumLibrary">
<doc>Simulates user reloading page.</doc>
<status status="PASS" start="2024-11-14T14:01:05.955369" elapsed="12.637543"/>
</kw>
<kw name="Sleep" owner="BuiltIn">
<msg time="2024-11-14T14:01:20.093352" level="INFO">Slept 1 second 500 milliseconds.</msg>
<arg>1.5s</arg>
<doc>Pauses the test executed for the given time.</doc>
<status status="PASS" start="2024-11-14T14:01:18.592912" elapsed="1.500440"/>
</kw>
<kw name="general return status" owner="generalFunct">
<kw name="Run Keyword And Return Status" owner="BuiltIn">
<kw name="Wait Until Element Is Visible" owner="SeleniumLibrary">
<msg time="2024-11-14T14:01:22.506763" level="INFO" html="true">&lt;/td&gt;&lt;/tr&gt;&lt;tr&gt;&lt;td colspan="3"&gt;&lt;a href="selenium-screenshot-2119.png"&gt;&lt;img src="selenium-screenshot-2119.png" width="800px"&gt;&lt;/a&gt;</msg>
<msg time="2024-11-14T14:01:22.506763" level="FAIL">Element 'xpath=//p[contains(text(), 'Log')]' not visible after 2 seconds.</msg>
<arg>${locator}</arg>
<arg>timeout=2s</arg>
<doc>Waits until the element ``locator`` is visible.</doc>
<status status="FAIL" start="2024-11-14T14:01:20.093352" elapsed="2.413411">Element 'xpath=//p[contains(text(), 'Log')]' not visible after 2 seconds.</status>
</kw>
<msg time="2024-11-14T14:01:22.506763" level="INFO">${res} = False</msg>
<var>${res}</var>
<arg>Wait Until Element Is Visible</arg>
<arg>${locator}</arg>
<arg>timeout=2s</arg>
<doc>Runs the given keyword with given arguments and returns the status as a Boolean value.</doc>
<status status="PASS" start="2024-11-14T14:01:20.093352" elapsed="2.413411"/>
</kw>
<return>
<value>${res}</value>
<status status="PASS" start="2024-11-14T14:01:22.506763" elapsed="0.000000"/>
</return>
<msg time="2024-11-14T14:01:22.506763" level="INFO">${res} = False</msg>
<var>${res}</var>
<arg>${headerLogin}</arg>
<status status="PASS" start="2024-11-14T14:01:20.093352" elapsed="2.413411"/>
</kw>
<status status="PASS" start="2024-11-14T14:01:05.954373" elapsed="16.552390"/>
</iter>
<iter>
<kw name="Reload Page" owner="SeleniumLibrary">
<doc>Simulates user reloading page.</doc>
<status status="PASS" start="2024-11-14T14:01:22.506763" elapsed="5.086208"/>
</kw>
<kw name="Sleep" owner="BuiltIn">
<msg time="2024-11-14T14:01:29.093611" level="INFO">Slept 1 second 500 milliseconds.</msg>
<arg>1.5s</arg>
<doc>Pauses the test executed for the given time.</doc>
<status status="PASS" start="2024-11-14T14:01:27.592971" elapsed="1.500640"/>
</kw>
<kw name="general return status" owner="generalFunct">
<kw name="Run Keyword And Return Status" owner="BuiltIn">
<kw name="Wait Until Element Is Visible" owner="SeleniumLibrary">
<msg time="2024-11-14T14:01:31.404031" level="INFO" html="true">&lt;/td&gt;&lt;/tr&gt;&lt;tr&gt;&lt;td colspan="3"&gt;&lt;a href="selenium-screenshot-2120.png"&gt;&lt;img src="selenium-screenshot-2120.png" width="800px"&gt;&lt;/a&gt;</msg>
<msg time="2024-11-14T14:01:31.404031" level="FAIL">Element 'xpath=//p[contains(text(), 'Log')]' not visible after 2 seconds.</msg>
<arg>${locator}</arg>
<arg>timeout=2s</arg>
<doc>Waits until the element ``locator`` is visible.</doc>
<status status="FAIL" start="2024-11-14T14:01:29.094657" elapsed="2.309374">Element 'xpath=//p[contains(text(), 'Log')]' not visible after 2 seconds.</status>
</kw>
<msg time="2024-11-14T14:01:31.404031" level="INFO">${res} = False</msg>
<var>${res}</var>
<arg>Wait Until Element Is Visible</arg>
<arg>${locator}</arg>
<arg>timeout=2s</arg>
<doc>Runs the given keyword with given arguments and returns the status as a Boolean value.</doc>
<status status="PASS" start="2024-11-14T14:01:29.094657" elapsed="2.309374"/>
</kw>
<return>
<value>${res}</value>
<status status="PASS" start="2024-11-14T14:01:31.404031" elapsed="0.000000"/>
</return>
<msg time="2024-11-14T14:01:31.404031" level="INFO">${res} = False</msg>
<var>${res}</var>
<arg>${headerLogin}</arg>
<status status="PASS" start="2024-11-14T14:01:29.093611" elapsed="2.310420"/>
</kw>
<status status="PASS" start="2024-11-14T14:01:22.506763" elapsed="8.897268"/>
</iter>
<iter>
<kw name="Reload Page" owner="SeleniumLibrary">
<doc>Simulates user reloading page.</doc>
<status status="PASS" start="2024-11-14T14:01:31.404031" elapsed="16.975301"/>
</kw>
<kw name="Sleep" owner="BuiltIn">
<msg time="2024-11-14T14:01:49.879804" level="INFO">Slept 1 second 500 milliseconds.</msg>
<arg>1.5s</arg>
<doc>Pauses the test executed for the given time.</doc>
<status status="PASS" start="2024-11-14T14:01:48.379332" elapsed="1.500472"/>
</kw>
<kw name="general return status" owner="generalFunct">
<kw name="Run Keyword And Return Status" owner="BuiltIn">
<kw name="Wait Until Element Is Visible" owner="SeleniumLibrary">
<arg>${locator}</arg>
<arg>timeout=2s</arg>
<doc>Waits until the element ``locator`` is visible.</doc>
<status status="PASS" start="2024-11-14T14:01:49.879804" elapsed="1.034833"/>
</kw>
<msg time="2024-11-14T14:01:50.914637" level="INFO">${res} = True</msg>
<var>${res}</var>
<arg>Wait Until Element Is Visible</arg>
<arg>${locator}</arg>
<arg>timeout=2s</arg>
<doc>Runs the given keyword with given arguments and returns the status as a Boolean value.</doc>
<status status="PASS" start="2024-11-14T14:01:49.879804" elapsed="1.034833"/>
</kw>
<return>
<value>${res}</value>
<status status="PASS" start="2024-11-14T14:01:50.915638" elapsed="0.000000"/>
</return>
<msg time="2024-11-14T14:01:50.915638" level="INFO">${res} = True</msg>
<var>${res}</var>
<arg>${headerLogin}</arg>
<status status="PASS" start="2024-11-14T14:01:49.879804" elapsed="1.035834"/>
</kw>
<status status="PASS" start="2024-11-14T14:01:31.404031" elapsed="19.511607"/>
</iter>
<status status="PASS" start="2024-11-14T14:01:05.954373" elapsed="44.962262"/>
</while>
<status status="PASS" start="2024-11-14T14:01:03.068821" elapsed="47.848739"/>
</kw>
<kw name="user login E-Proc1000s Page" owner="pom_login_eProc">
<kw name="Wait Until Element Is Visible" owner="SeleniumLibrary">
<arg>${inputPassword}</arg>
<doc>Waits until the element ``locator`` is visible.</doc>
<status status="PASS" start="2024-11-14T14:01:50.918556" elapsed="0.034200"/>
</kw>
<kw name="Input Text" owner="SeleniumLibrary">
<msg time="2024-11-14T14:01:50.952756" level="INFO">Typing text '085210758864' into text field 'xpath=//input[@id='TxtPhone']'.</msg>
<arg>${inputUsername}</arg>
<arg>${ROLE_ADMIN}</arg>
<doc>Types the given ``text`` into the text field identified by ``locator``.</doc>
<status status="PASS" start="2024-11-14T14:01:50.952756" elapsed="0.635822"/>
</kw>
<kw name="Input Password" owner="SeleniumLibrary">
<msg time="2024-11-14T14:01:51.589601" level="INFO">Typing password into text field 'xpath=//input[@id='pwd']'.</msg>
<msg time="2024-11-14T14:01:51.634152" level="INFO">Temporally setting log level to: NONE</msg>
<arg>${inputPassword}</arg>
<arg>${PASSWORD}</arg>
<doc>Types the given password into the text field identified by ``locator``.</doc>
<status status="PASS" start="2024-11-14T14:01:51.589601" elapsed="0.272453"/>
</kw>
<kw name="Press Key" owner="SeleniumLibrary">
<arg>${inputPassword}</arg>
<arg>\\13</arg>
<doc>Simulates user pressing key on element identified by ``locator``.</doc>
<status status="PASS" start="2024-11-14T14:01:51.862054" elapsed="0.212852"/>
</kw>
<kw name="Wait Until Element Is Visible" owner="SeleniumLibrary">
<arg>${listFilter}</arg>
<doc>Waits until the element ``locator`` is visible.</doc>
<status status="PASS" start="2024-11-14T14:01:52.074906" elapsed="6.653243"/>
</kw>
<kw name="Sleep" owner="BuiltIn">
<msg time="2024-11-14T14:02:01.729298" level="INFO">Slept 3 seconds.</msg>
<arg>3</arg>
<doc>Pauses the test executed for the given time.</doc>
<status status="PASS" start="2024-11-14T14:01:58.729157" elapsed="3.000141"/>
</kw>
<status status="PASS" start="2024-11-14T14:01:50.917560" elapsed="10.811738"/>
</kw>
<kw name="Wait Until Element Is Visible" owner="SeleniumLibrary">
<arg>${listFilter}</arg>
<doc>Waits until the element ``locator`` is visible.</doc>
<status status="PASS" start="2024-11-14T14:02:01.729298" elapsed="0.021189"/>
</kw>
<kw name="Wait Until Element Is Visible" owner="SeleniumLibrary">
<arg>${titleProject}</arg>
<doc>Waits until the element ``locator`` is visible.</doc>
<status status="PASS" start="2024-11-14T14:02:01.750487" elapsed="0.037686"/>
</kw>
<kw name="Get Text" owner="SeleniumLibrary">
<msg time="2024-11-14T14:02:01.815265" level="INFO">${title} = Manajemen Project</msg>
<var>${title}</var>
<arg>${titleProject}</arg>
<doc>Returns the text value of the element identified by ``locator``.</doc>
<status status="PASS" start="2024-11-14T14:02:01.788173" elapsed="0.027092"/>
</kw>
<kw name="Log To Console" owner="BuiltIn">
<arg>${\n}${title}</arg>
<doc>Logs the given message to the console.</doc>
<status status="PASS" start="2024-11-14T14:02:01.815265" elapsed="0.000000"/>
</kw>
<status status="PASS" start="2024-11-14T14:01:03.068821" elapsed="58.746444"/>
</kw>
<status status="PASS" start="2024-11-14T14:01:03.067789" elapsed="58.747476"/>
</kw>
<kw name="When user ubah nama project dengan nama yang sudah digunakan" owner="pom_detailProject_MenungguPersetujuan">
<kw name="Get list Project Manajemen" owner="API_listKecamatan">
<kw name="Get User Login" owner="API_listKecamatan">
<kw name="Get Token" owner="API_listKecamatan">
<kw name="Disable Ssl Warnings" owner="ssl_helper">
<status status="PASS" start="2024-11-14T14:02:01.815265" elapsed="0.000000"/>
</kw>
<kw name="Create Session" owner="RequestsLibrary">
<msg time="2024-11-14T14:02:01.815265" level="INFO">Creating Session using : alias=api, url=https://dev-apiv1.1000saudara.com/auth/access, headers={'X-MSSAPI-KEY': 'DPEqC6x0Rh8eU5QhtjS1'},                     cookies={}, auth=None, timeout=None, proxies=None, verify=False,                     debug=0 </msg>
<arg>api</arg>
<arg>${authURL}</arg>
<arg>headers={"X-MSSAPI-KEY": "${KEY}"}</arg>
<doc>Create Session: create a HTTP session to a server</doc>
<status status="PASS" start="2024-11-14T14:02:01.815265" elapsed="0.000000"/>
</kw>
<kw name="POST On Session" owner="RequestsLibrary">
<msg time="2024-11-14T14:02:02.266206" level="INFO">POST Request : url=https://dev-apiv1.1000saudara.com/auth/access 
 path_url=/auth/access 
 headers={'User-Agent': 'python-requests/2.32.3', 'Accept-Encoding': 'gzip, deflate', 'Accept': '*/*', 'Connection': 'keep-alive', 'X-MSSAPI-KEY': 'DPEqC6x0Rh8eU5QhtjS1', 'Content-Length': '0'} 
 body=None 
 </msg>
<msg time="2024-11-14T14:02:02.266206" level="INFO">POST Response : url=https://dev-apiv1.1000saudara.com/auth/access 
 status=200, reason=OK 
 headers={'Content-Length': '442', 'Content-Type': 'application/json; charset=utf-8', 'X-Powered-By': 'ASP.NET', 'Date': 'Thu, 14 Nov 2024 07:02:43 GMT'} 
 body={"token":"eyJhbGciOiJodHRwOi8vd3d3LnczLm9yZy8yMDAxLzA0L3htbGRzaWctbW9yZSNobWFjLXNoYTI1NiIsInR5cCI6IkpXVCJ9.eyJodHRwOi8vc2NoZW1hcy54bWxzb2FwLm9yZy93cy8yMDA1LzA1L2lkZW50aXR5L2NsYWltcy9uYW1lIjoiYWNjZXNzIiwianRpIjoiN2ZiZDAwOWMtODc1OC00OTQ2LThkNTItYzc4ZThmNGFjNzY5IiwiZXhwIjoxNzMxNTcxMzYzLCJpc3MiOiJhY2Nlc3NJc3N1ZXIiLCJhdWQiOiJhY2Nlc3NBdWRpZW5jZSJ9.jHt7dPHu6R5kz_1pt7v-gKZacNie2nImbe-N8HGsET8","expirationDate":"2024-11-14T15:02:43.9033583+07:00"} 
 </msg>
<msg time="2024-11-14T14:02:02.266206" level="INFO">${response} = &lt;Response [200]&gt;</msg>
<var>${response}</var>
<arg>api</arg>
<arg>url=${authURL}</arg>
<doc>Sends a POST request on a previously created HTTP Session.</doc>
<status status="PASS" start="2024-11-14T14:02:01.815265" elapsed="0.450941"/>
</kw>
<kw name="Should Be Equal As Strings" owner="BuiltIn">
<msg time="2024-11-14T14:02:02.266206" level="INFO">Argument types are:
&lt;class 'int'&gt;
&lt;class 'str'&gt;</msg>
<arg>${response.status_code}</arg>
<arg>200</arg>
<doc>Fails if objects are unequal after converting them to strings.</doc>
<status status="PASS" start="2024-11-14T14:02:02.266206" elapsed="0.000000"/>
</kw>
<kw name="Evaluate" owner="BuiltIn">
<msg time="2024-11-14T14:02:02.266206" level="INFO">${json} = {'token': 'eyJhbGciOiJodHRwOi8vd3d3LnczLm9yZy8yMDAxLzA0L3htbGRzaWctbW9yZSNobWFjLXNoYTI1NiIsInR5cCI6IkpXVCJ9.eyJodHRwOi8vc2NoZW1hcy54bWxzb2FwLm9yZy93cy8yMDA1LzA1L2lkZW50aXR5L2NsYWltcy9uYW1lIjoiYWNjZXNz...</msg>
<var>${json}</var>
<arg>json.loads('${response.content.decode("utf-8")}')</arg>
<doc>Evaluates the given expression in Python and returns the result.</doc>
<status status="PASS" start="2024-11-14T14:02:02.266206" elapsed="0.000000"/>
</kw>
<kw name="Set Variable" owner="BuiltIn">
<msg time="2024-11-14T14:02:02.266206" level="INFO">${token} = eyJhbGciOiJodHRwOi8vd3d3LnczLm9yZy8yMDAxLzA0L3htbGRzaWctbW9yZSNobWFjLXNoYTI1NiIsInR5cCI6IkpXVCJ9.eyJodHRwOi8vc2NoZW1hcy54bWxzb2FwLm9yZy93cy8yMDA1LzA1L2lkZW50aXR5L2NsYWltcy9uYW1lIjoiYWNjZXNzIiwianRpIjo...</msg>
<var>${token}</var>
<arg>${json['token']}</arg>
<doc>Returns the given values which can then be assigned to a variables.</doc>
<status status="PASS" start="2024-11-14T14:02:02.266206" elapsed="0.000000"/>
</kw>
<kw name="Set Global Variable" owner="BuiltIn">
<msg time="2024-11-14T14:02:02.266206" level="INFO">${token} = eyJhbGciOiJodHRwOi8vd3d3LnczLm9yZy8yMDAxLzA0L3htbGRzaWctbW9yZSNobWFjLXNoYTI1NiIsInR5cCI6IkpXVCJ9.eyJodHRwOi8vc2NoZW1hcy54bWxzb2FwLm9yZy93cy8yMDA1LzA1L2lkZW50aXR5L2NsYWltcy9uYW1lIjoiYWNjZXNzIiwianRpIjo...</msg>
<arg>${token}</arg>
<arg>${token}</arg>
<doc>Makes a variable available globally in all tests and suites.</doc>
<status status="PASS" start="2024-11-14T14:02:02.266206" elapsed="0.000000"/>
</kw>
<kw name="Log" owner="BuiltIn">
<msg time="2024-11-14T14:02:02.266206" level="INFO">token : eyJhbGciOiJodHRwOi8vd3d3LnczLm9yZy8yMDAxLzA0L3htbGRzaWctbW9yZSNobWFjLXNoYTI1NiIsInR5cCI6IkpXVCJ9.eyJodHRwOi8vc2NoZW1hcy54bWxzb2FwLm9yZy93cy8yMDA1LzA1L2lkZW50aXR5L2NsYWltcy9uYW1lIjoiYWNjZXNzIiwianRpIjoiN2ZiZDAwOWMtODc1OC00OTQ2LThkNTItYzc4ZThmNGFjNzY5IiwiZXhwIjoxNzMxNTcxMzYzLCJpc3MiOiJhY2Nlc3NJc3N1ZXIiLCJhdWQiOiJhY2Nlc3NBdWRpZW5jZSJ9.jHt7dPHu6R5kz_1pt7v-gKZacNie2nImbe-N8HGsET8</msg>
<arg>token : ${token}</arg>
<doc>Logs the given message with the given level.</doc>
<status status="PASS" start="2024-11-14T14:02:02.266206" elapsed="0.000000"/>
</kw>
<doc>Mengambil Token Bearer</doc>
<status status="PASS" start="2024-11-14T14:02:01.815265" elapsed="0.450941"/>
</kw>
<kw name="Disable Ssl Warnings" owner="ssl_helper">
<status status="PASS" start="2024-11-14T14:02:02.266206" elapsed="0.000000"/>
</kw>
<kw name="Create Session" owner="RequestsLibrary">
<msg time="2024-11-14T14:02:02.266206" level="INFO">Creating Session using : alias=api, url=https://dev-apiv1.1000saudara.com/apiproyek/wb, headers={'Authorization': 'Bearer eyJhbGciOiJodHRwOi8vd3d3LnczLm9yZy8yMDAxLzA0L3htbGRzaWctbW9yZSNobWFjLXNoYTI1NiIsInR5cCI6IkpXVCJ9.eyJodHRwOi8vc2NoZW1hcy54bWxzb2FwLm9yZy93cy8yMDA1LzA1L2lkZW50aXR5L2NsYWltcy9uYW1lIjoiYWNjZXNzIiwianRpIjoiN2ZiZDAwOWMtODc1OC00OTQ2LThkNTItYzc4ZThmNGFjNzY5IiwiZXhwIjoxNzMxNTcxMzYzLCJpc3MiOiJhY2Nlc3NJc3N1ZXIiLCJhdWQiOiJhY2Nlc3NBdWRpZW5jZSJ9.jHt7dPHu6R5kz_1pt7v-gKZacNie2nImbe-N8HGsET8'},                     cookies={}, auth=None, timeout=None, proxies=None, verify=False,                     debug=0 </msg>
<arg>api</arg>
<arg>${BASE_URL}</arg>
<arg>headers={"Authorization": "Bearer ${token}"}</arg>
<doc>Create Session: create a HTTP session to a server</doc>
<status status="PASS" start="2024-11-14T14:02:02.266206" elapsed="0.000000"/>
</kw>
<kw name="Create Dictionary" owner="BuiltIn">
<msg time="2024-11-14T14:02:02.266206" level="INFO">${origins} = {'Source': 'app_mitra', 'Version': ''}</msg>
<var>${origins}</var>
<arg>Source=app_mitra</arg>
<arg>Version=</arg>
<doc>Creates and returns a dictionary based on the given ``items``.</doc>
<status status="PASS" start="2024-11-14T14:02:02.266206" elapsed="0.000000"/>
</kw>
<kw name="Create Dictionary" owner="BuiltIn">
<msg time="2024-11-14T14:02:02.266206" level="INFO">${value} = {'Username': '085210758864', 'Password': '123456'}</msg>
<var>${value}</var>
<arg>Username=${ROLE_ADMIN}</arg>
<arg>Password=${PASSWORD}</arg>
<doc>Creates and returns a dictionary based on the given ``items``.</doc>
<status status="PASS" start="2024-11-14T14:02:02.266206" elapsed="0.000000"/>
</kw>
<kw name="Create Dictionary" owner="BuiltIn">
<msg time="2024-11-14T14:02:02.266206" level="INFO">${body} = {'Token': '', 'UserCode': '', 'Origins': {'Source': 'app_mitra', 'Version': ''}, 'Value': {'Username': '085210758864', 'Password': '123456'}}</msg>
<var>${body}</var>
<arg>Token=</arg>
<arg>UserCode=</arg>
<arg>Origins=${origins}</arg>
<arg>Value=${value}</arg>
<doc>Creates and returns a dictionary based on the given ``items``.</doc>
<status status="PASS" start="2024-11-14T14:02:02.266206" elapsed="0.000000"/>
</kw>
<kw name="POST On Session" owner="RequestsLibrary">
<msg time="2024-11-14T14:02:02.732823" level="INFO">POST Request : url=https://dev-apiv1.1000saudara.com/apiproyek/wb/User/login 
 path_url=/apiproyek/wb/User/login 
 headers={'User-Agent': 'python-requests/2.32.3', 'Accept-Encoding': 'gzip, deflate', 'Accept': '*/*', 'Connection': 'keep-alive', 'Authorization': 'Bearer eyJhbGciOiJodHRwOi8vd3d3LnczLm9yZy8yMDAxLzA0L3htbGRzaWctbW9yZSNobWFjLXNoYTI1NiIsInR5cCI6IkpXVCJ9.eyJodHRwOi8vc2NoZW1hcy54bWxzb2FwLm9yZy93cy8yMDA1LzA1L2lkZW50aXR5L2NsYWltcy9uYW1lIjoiYWNjZXNzIiwianRpIjoiN2ZiZDAwOWMtODc1OC00OTQ2LThkNTItYzc4ZThmNGFjNzY5IiwiZXhwIjoxNzMxNTcxMzYzLCJpc3MiOiJhY2Nlc3NJc3N1ZXIiLCJhdWQiOiJhY2Nlc3NBdWRpZW5jZSJ9.jHt7dPHu6R5kz_1pt7v-gKZacNie2nImbe-N8HGsET8', 'Content-Length': '141', 'Content-Type': 'application/json'} 
 body=b'{"Token": "", "UserCode": "", "Origins": {"Source": "app_mitra", "Version": ""}, "Value": {"Username": "085210758864", "Password": "123456"}}' 
 </msg>
<msg time="2024-11-14T14:02:02.732823" level="INFO">POST Response : url=https://dev-apiv1.1000saudara.com/apiproyek/wb/User/login 
 status=200, reason=OK 
 headers={'Content-Length': '350', 'Content-Type': 'application/json; charset=utf-8', 'X-Powered-By': 'ASP.NET, ASP.NET', 'Date': 'Thu, 14 Nov 2024 07:02:44 GMT'} 
 body={"errorCode":0,"errorStatus":false,"errorMessage":"","value":{"userCode":"5JIVrNNIwhM=","userName":"WIKA Operator","companyId":"2","isValidLogin":true,"ticket":"82a5cba26e43461e666c7bb9167798c329edf0b058f365372862ab18ea59e6e4","projectId":null,"photo":"","userRole":"Operation","userRoleCode":"administrator","userRoleSite":"","userRoleSiteCode":""}} 
 </msg>
<msg time="2024-11-14T14:02:02.732823" level="INFO">${response} = &lt;Response [200]&gt;</msg>
<var>${response}</var>
<arg>api</arg>
<arg>/User/login</arg>
<arg>json=${body}</arg>
<doc>Sends a POST request on a previously created HTTP Session.</doc>
<status status="PASS" start="2024-11-14T14:02:02.266206" elapsed="0.466617"/>
</kw>
<kw name="Should Be Equal As Strings" owner="BuiltIn">
<msg time="2024-11-14T14:02:02.732823" level="INFO">Argument types are:
&lt;class 'int'&gt;
&lt;class 'str'&gt;</msg>
<arg>${response.status_code}</arg>
<arg>200</arg>
<doc>Fails if objects are unequal after converting them to strings.</doc>
<status status="PASS" start="2024-11-14T14:02:02.732823" elapsed="0.000000"/>
</kw>
<kw name="Log" owner="BuiltIn">
<msg time="2024-11-14T14:02:02.732823" level="INFO">Response: {"errorCode":0,"errorStatus":false,"errorMessage":"","value":{"userCode":"5JIVrNNIwhM=","userName":"WIKA Operator","companyId":"2","isValidLogin":true,"ticket":"82a5cba26e43461e666c7bb9167798c329edf0b058f365372862ab18ea59e6e4","projectId":null,"photo":"","userRole":"Operation","userRoleCode":"administrator","userRoleSite":"","userRoleSiteCode":""}}</msg>
<arg>Response: ${response.content}</arg>
<doc>Logs the given message with the given level.</doc>
<status status="PASS" start="2024-11-14T14:02:02.732823" elapsed="0.000000"/>
</kw>
<kw name="Set Variable" owner="BuiltIn">
<msg time="2024-11-14T14:02:02.749892" level="INFO">${json} = {'errorCode': 0, 'errorStatus': False, 'errorMessage': '', 'value': {'userCode': '5JIVrNNIwhM=', 'userName': 'WIKA Operator', 'companyId': '2', 'isValidLogin': True, 'ticket': '82a5cba26e43461e666c7bb...</msg>
<var>${json}</var>
<arg>${response.json()}</arg>
<doc>Returns the given values which can then be assigned to a variables.</doc>
<status status="PASS" start="2024-11-14T14:02:02.732823" elapsed="0.017906"/>
</kw>
<kw name="Get From Dictionary" owner="Collections">
<msg time="2024-11-14T14:02:02.751066" level="INFO">${user_code} = 5JIVrNNIwhM=</msg>
<var>${user_code}</var>
<arg>${json['value']}</arg>
<arg>userCode</arg>
<doc>Returns a value from the given ``dictionary`` based on the given ``key``.</doc>
<status status="PASS" start="2024-11-14T14:02:02.751066" elapsed="0.000000"/>
</kw>
<kw name="Set Global Variable" owner="BuiltIn">
<msg time="2024-11-14T14:02:02.751066" level="INFO">${user_code} = 5JIVrNNIwhM=</msg>
<arg>${user_code}</arg>
<arg>${user_code}</arg>
<doc>Makes a variable available globally in all tests and suites.</doc>
<status status="PASS" start="2024-11-14T14:02:02.751066" elapsed="0.000000"/>
</kw>
<kw name="Log" owner="BuiltIn">
<msg time="2024-11-14T14:02:02.751066" level="INFO">token : 5JIVrNNIwhM=</msg>
<arg>token : ${user_code}</arg>
<doc>Logs the given message with the given level.</doc>
<status status="PASS" start="2024-11-14T14:02:02.751066" elapsed="0.000000"/>
</kw>
<doc>Menguji POST request pada API</doc>
<status status="PASS" start="2024-11-14T14:02:01.815265" elapsed="0.935801"/>
</kw>
<kw name="Disable Ssl Warnings" owner="ssl_helper">
<status status="PASS" start="2024-11-14T14:02:02.751066" elapsed="0.000000"/>
</kw>
<kw name="Create Session" owner="RequestsLibrary">
<msg time="2024-11-14T14:02:02.751066" level="INFO">Creating Session using : alias=api, url=https://dev-apiv1.1000saudara.com/apiproyek/wb, headers={'Authorization': 'Bearer eyJhbGciOiJodHRwOi8vd3d3LnczLm9yZy8yMDAxLzA0L3htbGRzaWctbW9yZSNobWFjLXNoYTI1NiIsInR5cCI6IkpXVCJ9.eyJodHRwOi8vc2NoZW1hcy54bWxzb2FwLm9yZy93cy8yMDA1LzA1L2lkZW50aXR5L2NsYWltcy9uYW1lIjoiYWNjZXNzIiwianRpIjoiN2ZiZDAwOWMtODc1OC00OTQ2LThkNTItYzc4ZThmNGFjNzY5IiwiZXhwIjoxNzMxNTcxMzYzLCJpc3MiOiJhY2Nlc3NJc3N1ZXIiLCJhdWQiOiJhY2Nlc3NBdWRpZW5jZSJ9.jHt7dPHu6R5kz_1pt7v-gKZacNie2nImbe-N8HGsET8'},                     cookies={}, auth=None, timeout=None, proxies=None, verify=False,                     debug=0 </msg>
<arg>api</arg>
<arg>${BASE_URL}</arg>
<arg>headers={"Authorization": "Bearer ${token}"}</arg>
<doc>Create Session: create a HTTP session to a server</doc>
<status status="PASS" start="2024-11-14T14:02:02.751066" elapsed="0.000000"/>
</kw>
<kw name="Create Dictionary" owner="BuiltIn">
<msg time="2024-11-14T14:02:02.751066" level="INFO">${origins} = {'Source': 'app_mitra', 'Version': ''}</msg>
<var>${origins}</var>
<arg>Source=app_mitra</arg>
<arg>Version=</arg>
<doc>Creates and returns a dictionary based on the given ``items``.</doc>
<status status="PASS" start="2024-11-14T14:02:02.751066" elapsed="0.000000"/>
</kw>
<kw name="Create Dictionary" owner="BuiltIn">
<msg time="2024-11-14T14:02:02.751066" level="INFO">${count_per_page} = {'Page': '1', 'ItemPerPage': '100'}</msg>
<var>${count_per_page}</var>
<arg>Page=1</arg>
<arg>ItemPerPage=100</arg>
<doc>Creates and returns a dictionary based on the given ``items``.</doc>
<status status="PASS" start="2024-11-14T14:02:02.751066" elapsed="0.000000"/>
</kw>
<kw name="Create Dictionary" owner="BuiltIn">
<msg time="2024-11-14T14:02:02.751066" level="INFO">${value} = {'StartDate': '', 'EndDate': '', 'Search': '', 'Sorting': '', 'StatusGroupCode': 'waitconfirm', 'countPerPage': {'Page': '1', 'ItemPerPage': '100'}, 'isUserManagement': False}</msg>
<var>${value}</var>
<arg>StartDate=</arg>
<arg>EndDate=</arg>
<arg>Search=</arg>
<arg>Sorting=</arg>
<arg>StatusGroupCode=waitconfirm</arg>
<arg>countPerPage=${count_per_page}</arg>
<arg>isUserManagement=${False}</arg>
<doc>Creates and returns a dictionary based on the given ``items``.</doc>
<status status="PASS" start="2024-11-14T14:02:02.751066" elapsed="0.000000"/>
</kw>
<kw name="Create Dictionary" owner="BuiltIn">
<msg time="2024-11-14T14:02:02.751066" level="INFO">${body} = {'Token': '', 'UserCode': '5JIVrNNIwhM=', 'Origins': {'Source': 'app_mitra', 'Version': ''}, 'Value': {'StartDate': '', 'EndDate': '', 'Search': '', 'Sorting': '', 'StatusGroupCode': 'waitconfirm', 'c...</msg>
<var>${body}</var>
<arg>Token=</arg>
<arg>UserCode=${user_code}</arg>
<arg>Origins=${origins}</arg>
<arg>Value=${value}</arg>
<doc>Creates and returns a dictionary based on the given ``items``.</doc>
<status status="PASS" start="2024-11-14T14:02:02.751066" elapsed="0.000000"/>
</kw>
<kw name="POST On Session" owner="RequestsLibrary">
<msg time="2024-11-14T14:02:03.230440" level="INFO">POST Request : url=https://dev-apiv1.1000saudara.com/apiproyek/wb/Project/GetListProjectManagement 
 path_url=/apiproyek/wb/Project/GetListProjectManagement 
 headers={'User-Agent': 'python-requests/2.32.3', 'Accept-Encoding': 'gzip, deflate', 'Accept': '*/*', 'Connection': 'keep-alive', 'Authorization': 'Bearer eyJhbGciOiJodHRwOi8vd3d3LnczLm9yZy8yMDAxLzA0L3htbGRzaWctbW9yZSNobWFjLXNoYTI1NiIsInR5cCI6IkpXVCJ9.eyJodHRwOi8vc2NoZW1hcy54bWxzb2FwLm9yZy93cy8yMDA1LzA1L2lkZW50aXR5L2NsYWltcy9uYW1lIjoiYWNjZXNzIiwianRpIjoiN2ZiZDAwOWMtODc1OC00OTQ2LThkNTItYzc4ZThmNGFjNzY5IiwiZXhwIjoxNzMxNTcxMzYzLCJpc3MiOiJhY2Nlc3NJc3N1ZXIiLCJhdWQiOiJhY2Nlc3NBdWRpZW5jZSJ9.jHt7dPHu6R5kz_1pt7v-gKZacNie2nImbe-N8HGsET8', 'Content-Length': '278', 'Content-Type': 'application/json'} 
 body=b'{"Token": "", "UserCode": "5JIVrNNIwhM=", "Origins": {"Source": "app_mitra", "Version": ""}, "Value": {"StartDate": "", "EndDate": "", "Search": "", "Sorting": "", "StatusGroupCode": "waitconfirm", "countPerPage": {"Page": "1", "ItemPerPage": "100"}, "isUserManagement": false}}' 
 </msg>
<msg time="2024-11-14T14:02:03.230440" level="INFO">POST Response : url=https://dev-apiv1.1000saudara.com/apiproyek/wb/Project/GetListProjectManagement 
 status=200, reason=OK 
 headers={'Content-Length': '1203', 'Content-Type': 'application/json; charset=utf-8', 'X-Powered-By': 'ASP.NET, ASP.NET', 'Date': 'Thu, 14 Nov 2024 07:02:44 GMT'} 
 body={"errorCode":0,"errorStatus":false,"errorMessage":"","value":{"totalPage":1,"currentPage":1,"countData":4,"value":[{"projectId":"G6yZuPlzBN0=","projectName":"Casper Inc","address":"50420 Guiseppe Junction","startDate":"2024-11-06T00:00:00","endDate":"2024-11-06T00:00:00","projectDate":"06/11/24-06/11/24","totalBuy":0,"status":"projectwaitconfirmbudget","statusDeskripsi":"Persetujuan anggaran"},{"projectId":"qXWSv8VFdzc=","projectName":"Prettoreq","address":"palmerahhaa","startDate":"2024-11-06T00:00:00","endDate":"2024-12-20T00:00:00","projectDate":"06/11/24-20/12/24","totalBuy":0,"status":"projectonreview","statusDeskripsi":"Proses evaluasi"},{"projectId":"wqBYpuQKiyU=","projectName":"RetYull","address":"alamat detail google error","startDate":"2024-11-06T00:00:00","endDate":"2024-11-06T00:00:00","projectDate":"06/11/24-06/11/24","totalBuy":0,"status":"projectreviewbudget","statusDeskripsi":"Evaluasi anggaran"},{"projectId":"AuNBljxGzDI=","projectName":"Schiller - Mraz","address":"9295 Torp Gardens","startDate":"2024-08-29T00:00:00","endDate":"2025-01-15T00:00:00","projectDate":"29/08/24-15/01/25","totalBuy":0,"status":"projectwaitconfirm","statusDeskripsi":"Menunggu persetujuan"}]}} 
 </msg>
<msg time="2024-11-14T14:02:03.231445" level="INFO">${response} = &lt;Response [200]&gt;</msg>
<var>${response}</var>
<arg>api</arg>
<arg>/Project/GetListProjectManagement</arg>
<arg>json=${body}</arg>
<doc>Sends a POST request on a previously created HTTP Session.</doc>
<status status="PASS" start="2024-11-14T14:02:02.751066" elapsed="0.480379"/>
</kw>
<kw name="Should Be Equal As Strings" owner="BuiltIn">
<msg time="2024-11-14T14:02:03.233106" level="INFO">Argument types are:
&lt;class 'int'&gt;
&lt;class 'str'&gt;</msg>
<arg>${response.status_code}</arg>
<arg>200</arg>
<doc>Fails if objects are unequal after converting them to strings.</doc>
<status status="PASS" start="2024-11-14T14:02:03.232073" elapsed="0.001033"/>
</kw>
<kw name="Set Variable" owner="BuiltIn">
<msg time="2024-11-14T14:02:03.234103" level="INFO">${json} = {'errorCode': 0, 'errorStatus': False, 'errorMessage': '', 'value': {'totalPage': 1, 'currentPage': 1, 'countData': 4, 'value': [{'projectId': 'G6yZuPlzBN0=', 'projectName': 'Casper Inc', 'address': '...</msg>
<var>${json}</var>
<arg>${response.json()}</arg>
<doc>Returns the given values which can then be assigned to a variables.</doc>
<status status="PASS" start="2024-11-14T14:02:03.233106" elapsed="0.000997"/>
</kw>
<kw name="Log" owner="BuiltIn">
<msg time="2024-11-14T14:02:03.235102" level="INFO">{'errorCode': 0, 'errorStatus': False, 'errorMessage': '', 'value': {'totalPage': 1, 'currentPage': 1, 'countData': 4, 'value': [{'projectId': 'G6yZuPlzBN0=', 'projectName': 'Casper Inc', 'address': '50420 Guiseppe Junction', 'startDate': '2024-11-06T00:00:00', 'endDate': '2024-11-06T00:00:00', 'projectDate': '06/11/24-06/11/24', 'totalBuy': 0, 'status': 'projectwaitconfirmbudget', 'statusDeskripsi': 'Persetujuan anggaran'}, {'projectId': 'qXWSv8VFdzc=', 'projectName': 'Prettoreq', 'address': 'palmerahhaa', 'startDate': '2024-11-06T00:00:00', 'endDate': '2024-12-20T00:00:00', 'projectDate': '06/11/24-20/12/24', 'totalBuy': 0, 'status': 'projectonreview', 'statusDeskripsi': 'Proses evaluasi'}, {'projectId': 'wqBYpuQKiyU=', 'projectName': 'RetYull', 'address': 'alamat detail google error', 'startDate': '2024-11-06T00:00:00', 'endDate': '2024-11-06T00:00:00', 'projectDate': '06/11/24-06/11/24', 'totalBuy': 0, 'status': 'projectreviewbudget', 'statusDeskripsi': 'Evaluasi anggaran'}, {'projectId': 'AuNBljxGzDI=', 'projectName': 'Schiller - Mraz', 'address': '9295 Torp Gardens', 'startDate': '2024-08-29T00:00:00', 'endDate': '2025-01-15T00:00:00', 'projectDate': '29/08/24-15/01/25', 'totalBuy': 0, 'status': 'projectwaitconfirm', 'statusDeskripsi': 'Menunggu persetujuan'}]}}</msg>
<arg>${json}</arg>
<doc>Logs the given message with the given level.</doc>
<status status="PASS" start="2024-11-14T14:02:03.235102" elapsed="0.000000"/>
</kw>
<kw name="Get From Dictionary" owner="Collections">
<msg time="2024-11-14T14:02:03.235102" level="INFO">${listProjectManajemen} = {'totalPage': 1, 'currentPage': 1, 'countData': 4, 'value': [{'projectId': 'G6yZuPlzBN0=', 'projectName': 'Casper Inc', 'address': '50420 Guiseppe Junction', 'startDate': '2024-11-06T00:00:00', 'endDa...</msg>
<var>${listProjectManajemen}</var>
<arg>${json}</arg>
<arg>value</arg>
<doc>Returns a value from the given ``dictionary`` based on the given ``key``.</doc>
<status status="PASS" start="2024-11-14T14:02:03.235102" elapsed="0.000960"/>
</kw>
<kw name="Get From Dictionary" owner="Collections">
<msg time="2024-11-14T14:02:03.236062" level="INFO">${valueList} = [{'projectId': 'G6yZuPlzBN0=', 'projectName': 'Casper Inc', 'address': '50420 Guiseppe Junction', 'startDate': '2024-11-06T00:00:00', 'endDate': '2024-11-06T00:00:00', 'projectDate': '06/11/24-06/11/2...</msg>
<var>${valueList}</var>
<arg>${listProjectManajemen}</arg>
<arg>value</arg>
<doc>Returns a value from the given ``dictionary`` based on the given ``key``.</doc>
<status status="PASS" start="2024-11-14T14:02:03.236062" elapsed="0.000000"/>
</kw>
<kw name="Get Length" owner="BuiltIn">
<msg time="2024-11-14T14:02:03.236062" level="INFO">Length is 4.</msg>
<msg time="2024-11-14T14:02:03.237093" level="INFO">${count} = 4</msg>
<var>${count}</var>
<arg>${listProjectManajemen}</arg>
<doc>Returns and logs the length of the given item as an integer.</doc>
<status status="PASS" start="2024-11-14T14:02:03.236062" elapsed="0.001031"/>
</kw>
<kw name="Get From Dictionary" owner="Collections">
<msg time="2024-11-14T14:02:03.237093" level="INFO">${totalUser} = 4</msg>
<var>${totalUser}</var>
<arg>${listProjectManajemen}</arg>
<arg>countData</arg>
<doc>Returns a value from the given ``dictionary`` based on the given ``key``.</doc>
<status status="PASS" start="2024-11-14T14:02:03.237093" elapsed="0.000000"/>
</kw>
<kw name="Get Project Names" owner="API_listKecamatan">
<kw name="Create List" owner="BuiltIn">
<msg time="2024-11-14T14:02:03.238093" level="INFO">${project_names} = []</msg>
<var>${project_names}</var>
<doc>Returns a list containing given items.</doc>
<status status="PASS" start="2024-11-14T14:02:03.238093" elapsed="0.000000"/>
</kw>
<for flavor="IN">
<iter>
<kw name="Get From Dictionary" owner="Collections">
<msg time="2024-11-14T14:02:03.239090" level="INFO">${project_name} = Casper Inc</msg>
<var>${project_name}</var>
<arg>${project}</arg>
<arg>projectName</arg>
<doc>Returns a value from the given ``dictionary`` based on the given ``key``.</doc>
<status status="PASS" start="2024-11-14T14:02:03.239090" elapsed="0.000000"/>
</kw>
<kw name="Append To List" owner="Collections">
<arg>${project_names}</arg>
<arg>${project_name}</arg>
<doc>Adds ``values`` to the end of ``list``.</doc>
<status status="PASS" start="2024-11-14T14:02:03.239090" elapsed="0.000000"/>
</kw>
<var name="${project}">{'projectId': 'G6yZuPlzBN0=', 'projectName': 'Casper Inc', 'address': '50420 Guiseppe Junction', 'startDate': '2024-11-06T00:00:00', 'endDate': '2024-11-06T00:00:00', 'projectDate': '06/11/24-06/11/24...</var>
<status status="PASS" start="2024-11-14T14:02:03.239090" elapsed="0.000997"/>
</iter>
<iter>
<kw name="Get From Dictionary" owner="Collections">
<msg time="2024-11-14T14:02:03.240087" level="INFO">${project_name} = Prettoreq</msg>
<var>${project_name}</var>
<arg>${project}</arg>
<arg>projectName</arg>
<doc>Returns a value from the given ``dictionary`` based on the given ``key``.</doc>
<status status="PASS" start="2024-11-14T14:02:03.240087" elapsed="0.000000"/>
</kw>
<kw name="Append To List" owner="Collections">
<arg>${project_names}</arg>
<arg>${project_name}</arg>
<doc>Adds ``values`` to the end of ``list``.</doc>
<status status="PASS" start="2024-11-14T14:02:03.240087" elapsed="0.000997"/>
</kw>
<var name="${project}">{'projectId': 'qXWSv8VFdzc=', 'projectName': 'Prettoreq', 'address': 'palmerahhaa', 'startDate': '2024-11-06T00:00:00', 'endDate': '2024-12-20T00:00:00', 'projectDate': '06/11/24-20/12/24', 'totalBuy'...</var>
<status status="PASS" start="2024-11-14T14:02:03.240087" elapsed="0.000997"/>
</iter>
<iter>
<kw name="Get From Dictionary" owner="Collections">
<msg time="2024-11-14T14:02:03.241084" level="INFO">${project_name} = RetYull</msg>
<var>${project_name}</var>
<arg>${project}</arg>
<arg>projectName</arg>
<doc>Returns a value from the given ``dictionary`` based on the given ``key``.</doc>
<status status="PASS" start="2024-11-14T14:02:03.241084" elapsed="0.000000"/>
</kw>
<kw name="Append To List" owner="Collections">
<arg>${project_names}</arg>
<arg>${project_name}</arg>
<doc>Adds ``values`` to the end of ``list``.</doc>
<status status="PASS" start="2024-11-14T14:02:03.241084" elapsed="0.001001"/>
</kw>
<var name="${project}">{'projectId': 'wqBYpuQKiyU=', 'projectName': 'RetYull', 'address': 'alamat detail google error', 'startDate': '2024-11-06T00:00:00', 'endDate': '2024-11-06T00:00:00', 'projectDate': '06/11/24-06/11/24...</var>
<status status="PASS" start="2024-11-14T14:02:03.241084" elapsed="0.001001"/>
</iter>
<iter>
<kw name="Get From Dictionary" owner="Collections">
<msg time="2024-11-14T14:02:03.242085" level="INFO">${project_name} = Schiller - Mraz</msg>
<var>${project_name}</var>
<arg>${project}</arg>
<arg>projectName</arg>
<doc>Returns a value from the given ``dictionary`` based on the given ``key``.</doc>
<status status="PASS" start="2024-11-14T14:02:03.242085" elapsed="0.000000"/>
</kw>
<kw name="Append To List" owner="Collections">
<arg>${project_names}</arg>
<arg>${project_name}</arg>
<doc>Adds ``values`` to the end of ``list``.</doc>
<status status="PASS" start="2024-11-14T14:02:03.243085" elapsed="0.000000"/>
</kw>
<var name="${project}">{'projectId': 'AuNBljxGzDI=', 'projectName': 'Schiller - Mraz', 'address': '9295 Torp Gardens', 'startDate': '2024-08-29T00:00:00', 'endDate': '2025-01-15T00:00:00', 'projectDate': '29/08/24-15/01/25'...</var>
<status status="PASS" start="2024-11-14T14:02:03.242085" elapsed="0.001000"/>
</iter>
<var>${project}</var>
<value>@{projects}</value>
<status status="PASS" start="2024-11-14T14:02:03.238093" elapsed="0.004992"/>
</for>
<return>
<value>${project_names}</value>
<status status="PASS" start="2024-11-14T14:02:03.243085" elapsed="0.000000"/>
</return>
<msg time="2024-11-14T14:02:03.243085" level="INFO">@{project_names} = [ Casper Inc | Prettoreq | RetYull | Schiller - Mraz ]</msg>
<var>@{project_names}</var>
<arg>${valueList}</arg>
<status status="PASS" start="2024-11-14T14:02:03.237093" elapsed="0.005992"/>
</kw>
<kw name="Get From List" owner="Collections">
<msg time="2024-11-14T14:02:03.244084" level="INFO">${single_project_name} = Casper Inc</msg>
<var>${single_project_name}</var>
<arg>${project_names}</arg>
<arg>0</arg>
<doc>Returns the value specified with an ``index`` from ``list``.</doc>
<status status="PASS" start="2024-11-14T14:02:03.244084" elapsed="0.000000"/>
</kw>
<kw name="Set Global Variable" owner="BuiltIn">
<msg time="2024-11-14T14:02:03.246075" level="INFO">${projectName} = Casper Inc</msg>
<arg>${projectName}</arg>
<arg>${single_project_name}</arg>
<doc>Makes a variable available globally in all tests and suites.</doc>
<status status="PASS" start="2024-11-14T14:02:03.244084" elapsed="0.001991"/>
</kw>
<kw name="Log" owner="BuiltIn">
<msg time="2024-11-14T14:02:03.247076" level="INFO">Single Project Name: Casper Inc</msg>
<arg>Single Project Name: ${single_project_name}</arg>
<doc>Logs the given message with the given level.</doc>
<status status="PASS" start="2024-11-14T14:02:03.246075" elapsed="0.001001"/>
</kw>
<kw name="Log To Console" owner="BuiltIn">
<arg>Single Project Name: ${single_project_name}</arg>
<doc>Logs the given message to the console.</doc>
<status status="PASS" start="2024-11-14T14:02:03.247076" elapsed="0.001257"/>
</kw>
<kw name="Log" owner="BuiltIn">
<msg time="2024-11-14T14:02:03.248683" level="INFO">Project Names: ['Casper Inc', 'Prettoreq', 'RetYull', 'Schiller - Mraz']</msg>
<arg>Project Names: ${project_names}</arg>
<doc>Logs the given message with the given level.</doc>
<status status="PASS" start="2024-11-14T14:02:03.248683" elapsed="0.000763"/>
</kw>
<kw name="Log" owner="BuiltIn">
<msg time="2024-11-14T14:02:03.249800" level="INFO">TotalUser: 4</msg>
<arg>TotalUser: ${totalUser}</arg>
<doc>Logs the given message with the given level.</doc>
<status status="PASS" start="2024-11-14T14:02:03.249800" elapsed="0.000000"/>
</kw>
<doc>Menguji POST request pada API</doc>
<status status="PASS" start="2024-11-14T14:02:01.815265" elapsed="1.434535"/>
</kw>
<kw name="user click Detail on Project Menunggu Persetujuan" owner="pom_detailProject_MenungguPersetujuan">
<kw name="Get Length" owner="BuiltIn">
<msg time="2024-11-14T14:02:03.249800" level="INFO">Length is 22.</msg>
<msg time="2024-11-14T14:02:03.249800" level="INFO">${len} = 22</msg>
<var>${len}</var>
<arg>xpath=//tbody/tr/td[5]</arg>
<doc>Returns and logs the length of the given item as an integer.</doc>
<status status="PASS" start="2024-11-14T14:02:03.249800" elapsed="0.000000"/>
</kw>
<kw name="Sleep" owner="BuiltIn">
<msg time="2024-11-14T14:02:06.250308" level="INFO">Slept 3 seconds.</msg>
<arg>3</arg>
<doc>Pauses the test executed for the given time.</doc>
<status status="PASS" start="2024-11-14T14:02:03.249800" elapsed="3.000508"/>
</kw>
<for flavor="IN RANGE">
<iter>
<kw name="general return status" owner="generalFunct">
<kw name="Run Keyword And Return Status" owner="BuiltIn">
<kw name="Wait Until Element Is Visible" owner="SeleniumLibrary">
<msg time="2024-11-14T14:02:08.598745" level="INFO" html="true">&lt;/td&gt;&lt;/tr&gt;&lt;tr&gt;&lt;td colspan="3"&gt;&lt;a href="selenium-screenshot-2121.png"&gt;&lt;img src="selenium-screenshot-2121.png" width="800px"&gt;&lt;/a&gt;</msg>
<msg time="2024-11-14T14:02:08.598745" level="FAIL">Element 'xpath=//tbody/tr/td[5]//div[contains(.,'Menunggu persetujuan')]' not visible after 2 seconds.</msg>
<arg>${locator}</arg>
<arg>timeout=2s</arg>
<doc>Waits until the element ``locator`` is visible.</doc>
<status status="FAIL" start="2024-11-14T14:02:06.250308" elapsed="2.349434">Element 'xpath=//tbody/tr/td[5]//div[contains(.,'Menunggu persetujuan')]' not visible after 2 seconds.</status>
</kw>
<msg time="2024-11-14T14:02:08.600781" level="INFO">${res} = False</msg>
<var>${res}</var>
<arg>Wait Until Element Is Visible</arg>
<arg>${locator}</arg>
<arg>timeout=2s</arg>
<doc>Runs the given keyword with given arguments and returns the status as a Boolean value.</doc>
<status status="PASS" start="2024-11-14T14:02:06.250308" elapsed="2.350473"/>
</kw>
<return>
<value>${res}</value>
<status status="PASS" start="2024-11-14T14:02:08.600781" elapsed="0.000000"/>
</return>
<msg time="2024-11-14T14:02:08.600781" level="INFO">${res} = False</msg>
<var>${res}</var>
<arg>xpath=//tbody/tr/td[5]//div[contains(.,'Menunggu persetujuan')]</arg>
<status status="PASS" start="2024-11-14T14:02:06.250308" elapsed="2.350473"/>
</kw>
<if>
<branch type="IF" condition="${res}">
<kw name="check in project list" owner="pom_detailProject_MenungguPersetujuan">
<status status="NOT RUN" start="2024-11-14T14:02:08.601771" elapsed="0.000000"/>
</kw>
<kw name="Exit For Loop" owner="BuiltIn">
<doc>Stops executing the enclosing FOR loop.</doc>
<status status="NOT RUN" start="2024-11-14T14:02:08.601771" elapsed="0.000000"/>
</kw>
<status status="NOT RUN" start="2024-11-14T14:02:08.600781" elapsed="0.000990"/>
</branch>
<branch type="ELSE">
<kw name="general return status" owner="generalFunct">
<kw name="Run Keyword And Return Status" owner="BuiltIn">
<kw name="Wait Until Element Is Visible" owner="SeleniumLibrary">
<arg>${locator}</arg>
<arg>timeout=2s</arg>
<doc>Waits until the element ``locator`` is visible.</doc>
<status status="PASS" start="2024-11-14T14:02:08.602771" elapsed="0.028303"/>
</kw>
<msg time="2024-11-14T14:02:08.631074" level="INFO">${res} = True</msg>
<var>${res}</var>
<arg>Wait Until Element Is Visible</arg>
<arg>${locator}</arg>
<arg>timeout=2s</arg>
<doc>Runs the given keyword with given arguments and returns the status as a Boolean value.</doc>
<status status="PASS" start="2024-11-14T14:02:08.602771" elapsed="0.028303"/>
</kw>
<return>
<value>${res}</value>
<status status="PASS" start="2024-11-14T14:02:08.631074" elapsed="0.000000"/>
</return>
<msg time="2024-11-14T14:02:08.631074" level="INFO">${next} = True</msg>
<var>${next}</var>
<arg>xpath=//a[@title="Next page"]</arg>
<status status="PASS" start="2024-11-14T14:02:08.601771" elapsed="0.029303"/>
</kw>
<kw name="Run Keyword If" owner="BuiltIn">
<kw name="user click element" owner="generalFunct">
<kw name="Wait Until Element Is Visible" owner="SeleniumLibrary">
<arg>${element}</arg>
<doc>Waits until the element ``locator`` is visible.</doc>
<status status="PASS" start="2024-11-14T14:02:08.631074" elapsed="0.035234"/>
</kw>
<kw name="Click Element" owner="SeleniumLibrary">
<msg time="2024-11-14T14:02:08.666308" level="INFO">Clicking element 'xpath=//a[@title="Next page"]'.</msg>
<msg time="2024-11-14T14:02:08.815901" level="INFO">${clickElement} = None</msg>
<var>${clickElement}</var>
<arg>${element}</arg>
<doc>Click the element identified by ``locator``.</doc>
<status status="PASS" start="2024-11-14T14:02:08.666308" elapsed="0.149593"/>
</kw>
<return>
<value>${clickElement}</value>
<status status="PASS" start="2024-11-14T14:02:08.815901" elapsed="0.000000"/>
</return>
<arg>xpath=//a[@title="Next page"]</arg>
<status status="PASS" start="2024-11-14T14:02:08.631074" elapsed="0.184827"/>
</kw>
<arg>${next}</arg>
<arg>user click element</arg>
<arg>xpath=//a[@title="Next page"]</arg>
<doc>Runs the given keyword with the given arguments, if ``condition`` is true.</doc>
<status status="PASS" start="2024-11-14T14:02:08.631074" elapsed="0.184827"/>
</kw>
<status status="PASS" start="2024-11-14T14:02:08.601771" elapsed="0.214130"/>
</branch>
<status status="PASS" start="2024-11-14T14:02:08.600781" elapsed="0.215120"/>
</if>
<var name="${counter}">1</var>
<status status="PASS" start="2024-11-14T14:02:06.250308" elapsed="2.565593"/>
</iter>
<iter>
<kw name="general return status" owner="generalFunct">
<kw name="Run Keyword And Return Status" owner="BuiltIn">
<kw name="Wait Until Element Is Visible" owner="SeleniumLibrary">
<arg>${locator}</arg>
<arg>timeout=2s</arg>
<doc>Waits until the element ``locator`` is visible.</doc>
<status status="PASS" start="2024-11-14T14:02:08.815901" elapsed="0.671222"/>
</kw>
<msg time="2024-11-14T14:02:09.488123" level="INFO">${res} = True</msg>
<var>${res}</var>
<arg>Wait Until Element Is Visible</arg>
<arg>${locator}</arg>
<arg>timeout=2s</arg>
<doc>Runs the given keyword with given arguments and returns the status as a Boolean value.</doc>
<status status="PASS" start="2024-11-14T14:02:08.815901" elapsed="0.672222"/>
</kw>
<return>
<value>${res}</value>
<status status="PASS" start="2024-11-14T14:02:09.488123" elapsed="0.000000"/>
</return>
<msg time="2024-11-14T14:02:09.489118" level="INFO">${res} = True</msg>
<var>${res}</var>
<arg>xpath=//tbody/tr/td[5]//div[contains(.,'Menunggu persetujuan')]</arg>
<status status="PASS" start="2024-11-14T14:02:08.815901" elapsed="0.673217"/>
</kw>
<if>
<branch type="IF" condition="${res}">
<kw name="check in project list" owner="pom_detailProject_MenungguPersetujuan">
<for flavor="IN RANGE">
<iter>
<kw name="general return status" owner="generalFunct">
<kw name="Run Keyword And Return Status" owner="BuiltIn">
<kw name="Wait Until Element Is Visible" owner="SeleniumLibrary">
<msg time="2024-11-14T14:02:11.830938" level="INFO" html="true">&lt;/td&gt;&lt;/tr&gt;&lt;tr&gt;&lt;td colspan="3"&gt;&lt;a href="selenium-screenshot-2122.png"&gt;&lt;img src="selenium-screenshot-2122.png" width="800px"&gt;&lt;/a&gt;</msg>
<msg time="2024-11-14T14:02:11.830938" level="FAIL">Element 'xpath=//tbody/tr[1]/td[5]//div[contains(.,'Menunggu persetujuan')]' not visible after 2 seconds.</msg>
<arg>${locator}</arg>
<arg>timeout=2s</arg>
<doc>Waits until the element ``locator`` is visible.</doc>
<status status="FAIL" start="2024-11-14T14:02:09.492109" elapsed="2.338829">Element 'xpath=//tbody/tr[1]/td[5]//div[contains(.,'Menunggu persetujuan')]' not visible after 2 seconds.</status>
</kw>
<msg time="2024-11-14T14:02:11.830938" level="INFO">${res} = False</msg>
<var>${res}</var>
<arg>Wait Until Element Is Visible</arg>
<arg>${locator}</arg>
<arg>timeout=2s</arg>
<doc>Runs the given keyword with given arguments and returns the status as a Boolean value.</doc>
<status status="PASS" start="2024-11-14T14:02:09.492109" elapsed="2.338829"/>
</kw>
<return>
<value>${res}</value>
<status status="PASS" start="2024-11-14T14:02:11.830938" elapsed="0.000000"/>
</return>
<msg time="2024-11-14T14:02:11.830938" level="INFO">${res} = False</msg>
<var>${res}</var>
<arg>xpath=//tbody/tr[${counter}]/td[5]//div[contains(.,'Menunggu persetujuan')]</arg>
<status status="PASS" start="2024-11-14T14:02:09.491113" elapsed="2.339825"/>
</kw>
<if>
<branch type="IF" condition="${res}">
<kw name="Get Text" owner="SeleniumLibrary">
<var>${text}</var>
<arg>xpath=//tbody/tr[${counter}]/td[1]</arg>
<doc>Returns the text value of the element identified by ``locator``.</doc>
<status status="NOT RUN" start="2024-11-14T14:02:11.830938" elapsed="0.000000"/>
</kw>
<kw name="Get Text" owner="SeleniumLibrary">
<var>${status}</var>
<arg>xpath=//tbody/tr[${counter}]/td[5]</arg>
<doc>Returns the text value of the element identified by ``locator``.</doc>
<status status="NOT RUN" start="2024-11-14T14:02:11.830938" elapsed="0.000000"/>
</kw>
<kw name="user click element" owner="generalFunct">
<arg>xpath=//tbody/tr[${counter}]/td[6]</arg>
<status status="NOT RUN" start="2024-11-14T14:02:11.830938" elapsed="0.000000"/>
</kw>
<kw name="general Wait Until" owner="generalFunct">
<arg>xpath=//span[normalize-space()='Detail Project']</arg>
<status status="NOT RUN" start="2024-11-14T14:02:11.830938" elapsed="0.000000"/>
</kw>
<kw name="general Wait Until" owner="generalFunct">
<arg>${namaProject_onDetailPage}</arg>
<status status="NOT RUN" start="2024-11-14T14:02:11.830938" elapsed="0.000000"/>
</kw>
<kw name="Get Text" owner="SeleniumLibrary">
<var>${nameProject}</var>
<arg>${namaProject_onDetailPage}</arg>
<doc>Returns the text value of the element identified by ``locator``.</doc>
<status status="NOT RUN" start="2024-11-14T14:02:11.846553" elapsed="0.000000"/>
</kw>
<kw name="Get Text" owner="SeleniumLibrary">
<var>${status_onDetailPage}</var>
<arg>${statusProject}</arg>
<doc>Returns the text value of the element identified by ``locator``.</doc>
<status status="NOT RUN" start="2024-11-14T14:02:11.846553" elapsed="0.000000"/>
</kw>
<kw name="Log To Console" owner="BuiltIn">
<arg>Nama Project: ${nameProject}</arg>
<doc>Logs the given message to the console.</doc>
<status status="NOT RUN" start="2024-11-14T14:02:11.846553" elapsed="0.000000"/>
</kw>
<kw name="Log To Console" owner="BuiltIn">
<arg>Status Project: ${status_onDetailPage}</arg>
<doc>Logs the given message to the console.</doc>
<status status="NOT RUN" start="2024-11-14T14:02:11.846553" elapsed="0.000000"/>
</kw>
<kw name="Set Global Variable" owner="BuiltIn">
<arg>${nameProject_MenungguPersetujuan}</arg>
<arg>${nameProject}</arg>
<doc>Makes a variable available globally in all tests and suites.</doc>
<status status="NOT RUN" start="2024-11-14T14:02:11.846553" elapsed="0.000000"/>
</kw>
<kw name="Should Be Equal" owner="BuiltIn">
<arg>${nameProject}</arg>
<arg>${text}</arg>
<doc>Fails if the given objects are unequal.</doc>
<status status="NOT RUN" start="2024-11-14T14:02:11.846553" elapsed="0.000000"/>
</kw>
<kw name="Should Be Equal" owner="BuiltIn">
<arg>${status_onDetailPage}</arg>
<arg>${status}</arg>
<doc>Fails if the given objects are unequal.</doc>
<status status="NOT RUN" start="2024-11-14T14:02:11.846553" elapsed="0.000000"/>
</kw>
<kw name="Exit For Loop" owner="BuiltIn">
<doc>Stops executing the enclosing FOR loop.</doc>
<status status="NOT RUN" start="2024-11-14T14:02:11.846553" elapsed="0.000000"/>
</kw>
<status status="NOT RUN" start="2024-11-14T14:02:11.830938" elapsed="0.015615"/>
</branch>
<status status="PASS" start="2024-11-14T14:02:11.830938" elapsed="0.015615"/>
</if>
<var name="${counter}">1</var>
<status status="PASS" start="2024-11-14T14:02:09.491113" elapsed="2.355440"/>
</iter>
<iter>
<kw name="general return status" owner="generalFunct">
<kw name="Run Keyword And Return Status" owner="BuiltIn">
<kw name="Wait Until Element Is Visible" owner="SeleniumLibrary">
<msg time="2024-11-14T14:02:14.197351" level="INFO" html="true">&lt;/td&gt;&lt;/tr&gt;&lt;tr&gt;&lt;td colspan="3"&gt;&lt;a href="selenium-screenshot-2123.png"&gt;&lt;img src="selenium-screenshot-2123.png" width="800px"&gt;&lt;/a&gt;</msg>
<msg time="2024-11-14T14:02:14.197351" level="FAIL">Element 'xpath=//tbody/tr[2]/td[5]//div[contains(.,'Menunggu persetujuan')]' not visible after 2 seconds.</msg>
<arg>${locator}</arg>
<arg>timeout=2s</arg>
<doc>Waits until the element ``locator`` is visible.</doc>
<status status="FAIL" start="2024-11-14T14:02:11.846553" elapsed="2.350798">Element 'xpath=//tbody/tr[2]/td[5]//div[contains(.,'Menunggu persetujuan')]' not visible after 2 seconds.</status>
</kw>
<msg time="2024-11-14T14:02:14.197351" level="INFO">${res} = False</msg>
<var>${res}</var>
<arg>Wait Until Element Is Visible</arg>
<arg>${locator}</arg>
<arg>timeout=2s</arg>
<doc>Runs the given keyword with given arguments and returns the status as a Boolean value.</doc>
<status status="PASS" start="2024-11-14T14:02:11.846553" elapsed="2.350798"/>
</kw>
<return>
<value>${res}</value>
<status status="PASS" start="2024-11-14T14:02:14.197351" elapsed="0.000000"/>
</return>
<msg time="2024-11-14T14:02:14.197351" level="INFO">${res} = False</msg>
<var>${res}</var>
<arg>xpath=//tbody/tr[${counter}]/td[5]//div[contains(.,'Menunggu persetujuan')]</arg>
<status status="PASS" start="2024-11-14T14:02:11.846553" elapsed="2.350798"/>
</kw>
<if>
<branch type="IF" condition="${res}">
<kw name="Get Text" owner="SeleniumLibrary">
<var>${text}</var>
<arg>xpath=//tbody/tr[${counter}]/td[1]</arg>
<doc>Returns the text value of the element identified by ``locator``.</doc>
<status status="NOT RUN" start="2024-11-14T14:02:14.197351" elapsed="0.000000"/>
</kw>
<kw name="Get Text" owner="SeleniumLibrary">
<var>${status}</var>
<arg>xpath=//tbody/tr[${counter}]/td[5]</arg>
<doc>Returns the text value of the element identified by ``locator``.</doc>
<status status="NOT RUN" start="2024-11-14T14:02:14.197351" elapsed="0.000000"/>
</kw>
<kw name="user click element" owner="generalFunct">
<arg>xpath=//tbody/tr[${counter}]/td[6]</arg>
<status status="NOT RUN" start="2024-11-14T14:02:14.197351" elapsed="0.000000"/>
</kw>
<kw name="general Wait Until" owner="generalFunct">
<arg>xpath=//span[normalize-space()='Detail Project']</arg>
<status status="NOT RUN" start="2024-11-14T14:02:14.197351" elapsed="0.000000"/>
</kw>
<kw name="general Wait Until" owner="generalFunct">
<arg>${namaProject_onDetailPage}</arg>
<status status="NOT RUN" start="2024-11-14T14:02:14.197351" elapsed="0.000000"/>
</kw>
<kw name="Get Text" owner="SeleniumLibrary">
<var>${nameProject}</var>
<arg>${namaProject_onDetailPage}</arg>
<doc>Returns the text value of the element identified by ``locator``.</doc>
<status status="NOT RUN" start="2024-11-14T14:02:14.197351" elapsed="0.000000"/>
</kw>
<kw name="Get Text" owner="SeleniumLibrary">
<var>${status_onDetailPage}</var>
<arg>${statusProject}</arg>
<doc>Returns the text value of the element identified by ``locator``.</doc>
<status status="NOT RUN" start="2024-11-14T14:02:14.197351" elapsed="0.000000"/>
</kw>
<kw name="Log To Console" owner="BuiltIn">
<arg>Nama Project: ${nameProject}</arg>
<doc>Logs the given message to the console.</doc>
<status status="NOT RUN" start="2024-11-14T14:02:14.197351" elapsed="0.000000"/>
</kw>
<kw name="Log To Console" owner="BuiltIn">
<arg>Status Project: ${status_onDetailPage}</arg>
<doc>Logs the given message to the console.</doc>
<status status="NOT RUN" start="2024-11-14T14:02:14.197351" elapsed="0.000000"/>
</kw>
<kw name="Set Global Variable" owner="BuiltIn">
<arg>${nameProject_MenungguPersetujuan}</arg>
<arg>${nameProject}</arg>
<doc>Makes a variable available globally in all tests and suites.</doc>
<status status="NOT RUN" start="2024-11-14T14:02:14.197351" elapsed="0.000000"/>
</kw>
<kw name="Should Be Equal" owner="BuiltIn">
<arg>${nameProject}</arg>
<arg>${text}</arg>
<doc>Fails if the given objects are unequal.</doc>
<status status="NOT RUN" start="2024-11-14T14:02:14.197351" elapsed="0.000000"/>
</kw>
<kw name="Should Be Equal" owner="BuiltIn">
<arg>${status_onDetailPage}</arg>
<arg>${status}</arg>
<doc>Fails if the given objects are unequal.</doc>
<status status="NOT RUN" start="2024-11-14T14:02:14.197351" elapsed="0.000000"/>
</kw>
<kw name="Exit For Loop" owner="BuiltIn">
<doc>Stops executing the enclosing FOR loop.</doc>
<status status="NOT RUN" start="2024-11-14T14:02:14.197351" elapsed="0.000000"/>
</kw>
<status status="NOT RUN" start="2024-11-14T14:02:14.197351" elapsed="0.000000"/>
</branch>
<status status="PASS" start="2024-11-14T14:02:14.197351" elapsed="0.000000"/>
</if>
<var name="${counter}">2</var>
<status status="PASS" start="2024-11-14T14:02:11.846553" elapsed="2.350798"/>
</iter>
<iter>
<kw name="general return status" owner="generalFunct">
<kw name="Run Keyword And Return Status" owner="BuiltIn">
<kw name="Wait Until Element Is Visible" owner="SeleniumLibrary">
<msg time="2024-11-14T14:02:16.562004" level="INFO" html="true">&lt;/td&gt;&lt;/tr&gt;&lt;tr&gt;&lt;td colspan="3"&gt;&lt;a href="selenium-screenshot-2124.png"&gt;&lt;img src="selenium-screenshot-2124.png" width="800px"&gt;&lt;/a&gt;</msg>
<msg time="2024-11-14T14:02:16.562004" level="FAIL">Element 'xpath=//tbody/tr[3]/td[5]//div[contains(.,'Menunggu persetujuan')]' not visible after 2 seconds.</msg>
<arg>${locator}</arg>
<arg>timeout=2s</arg>
<doc>Waits until the element ``locator`` is visible.</doc>
<status status="FAIL" start="2024-11-14T14:02:14.197351" elapsed="2.364653">Element 'xpath=//tbody/tr[3]/td[5]//div[contains(.,'Menunggu persetujuan')]' not visible after 2 seconds.</status>
</kw>
<msg time="2024-11-14T14:02:16.562004" level="INFO">${res} = False</msg>
<var>${res}</var>
<arg>Wait Until Element Is Visible</arg>
<arg>${locator}</arg>
<arg>timeout=2s</arg>
<doc>Runs the given keyword with given arguments and returns the status as a Boolean value.</doc>
<status status="PASS" start="2024-11-14T14:02:14.197351" elapsed="2.364653"/>
</kw>
<return>
<value>${res}</value>
<status status="PASS" start="2024-11-14T14:02:16.562004" elapsed="0.000000"/>
</return>
<msg time="2024-11-14T14:02:16.562004" level="INFO">${res} = False</msg>
<var>${res}</var>
<arg>xpath=//tbody/tr[${counter}]/td[5]//div[contains(.,'Menunggu persetujuan')]</arg>
<status status="PASS" start="2024-11-14T14:02:14.197351" elapsed="2.364653"/>
</kw>
<if>
<branch type="IF" condition="${res}">
<kw name="Get Text" owner="SeleniumLibrary">
<var>${text}</var>
<arg>xpath=//tbody/tr[${counter}]/td[1]</arg>
<doc>Returns the text value of the element identified by ``locator``.</doc>
<status status="NOT RUN" start="2024-11-14T14:02:16.562004" elapsed="0.000000"/>
</kw>
<kw name="Get Text" owner="SeleniumLibrary">
<var>${status}</var>
<arg>xpath=//tbody/tr[${counter}]/td[5]</arg>
<doc>Returns the text value of the element identified by ``locator``.</doc>
<status status="NOT RUN" start="2024-11-14T14:02:16.562004" elapsed="0.000000"/>
</kw>
<kw name="user click element" owner="generalFunct">
<arg>xpath=//tbody/tr[${counter}]/td[6]</arg>
<status status="NOT RUN" start="2024-11-14T14:02:16.562004" elapsed="0.000000"/>
</kw>
<kw name="general Wait Until" owner="generalFunct">
<arg>xpath=//span[normalize-space()='Detail Project']</arg>
<status status="NOT RUN" start="2024-11-14T14:02:16.562004" elapsed="0.000000"/>
</kw>
<kw name="general Wait Until" owner="generalFunct">
<arg>${namaProject_onDetailPage}</arg>
<status status="NOT RUN" start="2024-11-14T14:02:16.562004" elapsed="0.000000"/>
</kw>
<kw name="Get Text" owner="SeleniumLibrary">
<var>${nameProject}</var>
<arg>${namaProject_onDetailPage}</arg>
<doc>Returns the text value of the element identified by ``locator``.</doc>
<status status="NOT RUN" start="2024-11-14T14:02:16.562004" elapsed="0.000000"/>
</kw>
<kw name="Get Text" owner="SeleniumLibrary">
<var>${status_onDetailPage}</var>
<arg>${statusProject}</arg>
<doc>Returns the text value of the element identified by ``locator``.</doc>
<status status="NOT RUN" start="2024-11-14T14:02:16.562004" elapsed="0.000000"/>
</kw>
<kw name="Log To Console" owner="BuiltIn">
<arg>Nama Project: ${nameProject}</arg>
<doc>Logs the given message to the console.</doc>
<status status="NOT RUN" start="2024-11-14T14:02:16.562004" elapsed="0.000000"/>
</kw>
<kw name="Log To Console" owner="BuiltIn">
<arg>Status Project: ${status_onDetailPage}</arg>
<doc>Logs the given message to the console.</doc>
<status status="NOT RUN" start="2024-11-14T14:02:16.562004" elapsed="0.000000"/>
</kw>
<kw name="Set Global Variable" owner="BuiltIn">
<arg>${nameProject_MenungguPersetujuan}</arg>
<arg>${nameProject}</arg>
<doc>Makes a variable available globally in all tests and suites.</doc>
<status status="NOT RUN" start="2024-11-14T14:02:16.562004" elapsed="0.000000"/>
</kw>
<kw name="Should Be Equal" owner="BuiltIn">
<arg>${nameProject}</arg>
<arg>${text}</arg>
<doc>Fails if the given objects are unequal.</doc>
<status status="NOT RUN" start="2024-11-14T14:02:16.562004" elapsed="0.000000"/>
</kw>
<kw name="Should Be Equal" owner="BuiltIn">
<arg>${status_onDetailPage}</arg>
<arg>${status}</arg>
<doc>Fails if the given objects are unequal.</doc>
<status status="NOT RUN" start="2024-11-14T14:02:16.562004" elapsed="0.000000"/>
</kw>
<kw name="Exit For Loop" owner="BuiltIn">
<doc>Stops executing the enclosing FOR loop.</doc>
<status status="NOT RUN" start="2024-11-14T14:02:16.562004" elapsed="0.000000"/>
</kw>
<status status="NOT RUN" start="2024-11-14T14:02:16.562004" elapsed="0.000000"/>
</branch>
<status status="PASS" start="2024-11-14T14:02:16.562004" elapsed="0.000000"/>
</if>
<var name="${counter}">3</var>
<status status="PASS" start="2024-11-14T14:02:14.197351" elapsed="2.364653"/>
</iter>
<iter>
<kw name="general return status" owner="generalFunct">
<kw name="Run Keyword And Return Status" owner="BuiltIn">
<kw name="Wait Until Element Is Visible" owner="SeleniumLibrary">
<msg time="2024-11-14T14:02:18.939343" level="INFO" html="true">&lt;/td&gt;&lt;/tr&gt;&lt;tr&gt;&lt;td colspan="3"&gt;&lt;a href="selenium-screenshot-2125.png"&gt;&lt;img src="selenium-screenshot-2125.png" width="800px"&gt;&lt;/a&gt;</msg>
<msg time="2024-11-14T14:02:18.940340" level="FAIL">Element 'xpath=//tbody/tr[4]/td[5]//div[contains(.,'Menunggu persetujuan')]' not visible after 2 seconds.</msg>
<arg>${locator}</arg>
<arg>timeout=2s</arg>
<doc>Waits until the element ``locator`` is visible.</doc>
<status status="FAIL" start="2024-11-14T14:02:16.562004" elapsed="2.378336">Element 'xpath=//tbody/tr[4]/td[5]//div[contains(.,'Menunggu persetujuan')]' not visible after 2 seconds.</status>
</kw>
<msg time="2024-11-14T14:02:18.941337" level="INFO">${res} = False</msg>
<var>${res}</var>
<arg>Wait Until Element Is Visible</arg>
<arg>${locator}</arg>
<arg>timeout=2s</arg>
<doc>Runs the given keyword with given arguments and returns the status as a Boolean value.</doc>
<status status="PASS" start="2024-11-14T14:02:16.562004" elapsed="2.379333"/>
</kw>
<return>
<value>${res}</value>
<status status="PASS" start="2024-11-14T14:02:18.941337" elapsed="0.000000"/>
</return>
<msg time="2024-11-14T14:02:18.941337" level="INFO">${res} = False</msg>
<var>${res}</var>
<arg>xpath=//tbody/tr[${counter}]/td[5]//div[contains(.,'Menunggu persetujuan')]</arg>
<status status="PASS" start="2024-11-14T14:02:16.562004" elapsed="2.379333"/>
</kw>
<if>
<branch type="IF" condition="${res}">
<kw name="Get Text" owner="SeleniumLibrary">
<var>${text}</var>
<arg>xpath=//tbody/tr[${counter}]/td[1]</arg>
<doc>Returns the text value of the element identified by ``locator``.</doc>
<status status="NOT RUN" start="2024-11-14T14:02:18.941337" elapsed="0.000997"/>
</kw>
<kw name="Get Text" owner="SeleniumLibrary">
<var>${status}</var>
<arg>xpath=//tbody/tr[${counter}]/td[5]</arg>
<doc>Returns the text value of the element identified by ``locator``.</doc>
<status status="NOT RUN" start="2024-11-14T14:02:18.942334" elapsed="0.000000"/>
</kw>
<kw name="user click element" owner="generalFunct">
<arg>xpath=//tbody/tr[${counter}]/td[6]</arg>
<status status="NOT RUN" start="2024-11-14T14:02:18.942334" elapsed="0.000000"/>
</kw>
<kw name="general Wait Until" owner="generalFunct">
<arg>xpath=//span[normalize-space()='Detail Project']</arg>
<status status="NOT RUN" start="2024-11-14T14:02:18.942334" elapsed="0.000000"/>
</kw>
<kw name="general Wait Until" owner="generalFunct">
<arg>${namaProject_onDetailPage}</arg>
<status status="NOT RUN" start="2024-11-14T14:02:18.942334" elapsed="0.000000"/>
</kw>
<kw name="Get Text" owner="SeleniumLibrary">
<var>${nameProject}</var>
<arg>${namaProject_onDetailPage}</arg>
<doc>Returns the text value of the element identified by ``locator``.</doc>
<status status="NOT RUN" start="2024-11-14T14:02:18.943331" elapsed="0.000000"/>
</kw>
<kw name="Get Text" owner="SeleniumLibrary">
<var>${status_onDetailPage}</var>
<arg>${statusProject}</arg>
<doc>Returns the text value of the element identified by ``locator``.</doc>
<status status="NOT RUN" start="2024-11-14T14:02:18.943331" elapsed="0.000000"/>
</kw>
<kw name="Log To Console" owner="BuiltIn">
<arg>Nama Project: ${nameProject}</arg>
<doc>Logs the given message to the console.</doc>
<status status="NOT RUN" start="2024-11-14T14:02:18.943331" elapsed="0.000000"/>
</kw>
<kw name="Log To Console" owner="BuiltIn">
<arg>Status Project: ${status_onDetailPage}</arg>
<doc>Logs the given message to the console.</doc>
<status status="NOT RUN" start="2024-11-14T14:02:18.943331" elapsed="0.000000"/>
</kw>
<kw name="Set Global Variable" owner="BuiltIn">
<arg>${nameProject_MenungguPersetujuan}</arg>
<arg>${nameProject}</arg>
<doc>Makes a variable available globally in all tests and suites.</doc>
<status status="NOT RUN" start="2024-11-14T14:02:18.944329" elapsed="0.000000"/>
</kw>
<kw name="Should Be Equal" owner="BuiltIn">
<arg>${nameProject}</arg>
<arg>${text}</arg>
<doc>Fails if the given objects are unequal.</doc>
<status status="NOT RUN" start="2024-11-14T14:02:18.944329" elapsed="0.000000"/>
</kw>
<kw name="Should Be Equal" owner="BuiltIn">
<arg>${status_onDetailPage}</arg>
<arg>${status}</arg>
<doc>Fails if the given objects are unequal.</doc>
<status status="NOT RUN" start="2024-11-14T14:02:18.945327" elapsed="0.000000"/>
</kw>
<kw name="Exit For Loop" owner="BuiltIn">
<doc>Stops executing the enclosing FOR loop.</doc>
<status status="NOT RUN" start="2024-11-14T14:02:18.945327" elapsed="0.000997"/>
</kw>
<status status="NOT RUN" start="2024-11-14T14:02:18.941337" elapsed="0.004987"/>
</branch>
<status status="PASS" start="2024-11-14T14:02:18.941337" elapsed="0.004987"/>
</if>
<var name="${counter}">4</var>
<status status="PASS" start="2024-11-14T14:02:16.562004" elapsed="2.384320"/>
</iter>
<iter>
<kw name="general return status" owner="generalFunct">
<kw name="Run Keyword And Return Status" owner="BuiltIn">
<kw name="Wait Until Element Is Visible" owner="SeleniumLibrary">
<msg time="2024-11-14T14:02:21.421393" level="INFO" html="true">&lt;/td&gt;&lt;/tr&gt;&lt;tr&gt;&lt;td colspan="3"&gt;&lt;a href="selenium-screenshot-2126.png"&gt;&lt;img src="selenium-screenshot-2126.png" width="800px"&gt;&lt;/a&gt;</msg>
<msg time="2024-11-14T14:02:21.421393" level="FAIL">Element 'xpath=//tbody/tr[5]/td[5]//div[contains(.,'Menunggu persetujuan')]' not visible after 2 seconds.</msg>
<arg>${locator}</arg>
<arg>timeout=2s</arg>
<doc>Waits until the element ``locator`` is visible.</doc>
<status status="FAIL" start="2024-11-14T14:02:18.947363" elapsed="2.476025">Element 'xpath=//tbody/tr[5]/td[5]//div[contains(.,'Menunggu persetujuan')]' not visible after 2 seconds.</status>
</kw>
<msg time="2024-11-14T14:02:21.423388" level="INFO">${res} = False</msg>
<var>${res}</var>
<arg>Wait Until Element Is Visible</arg>
<arg>${locator}</arg>
<arg>timeout=2s</arg>
<doc>Runs the given keyword with given arguments and returns the status as a Boolean value.</doc>
<status status="PASS" start="2024-11-14T14:02:18.947363" elapsed="2.476025"/>
</kw>
<return>
<value>${res}</value>
<status status="PASS" start="2024-11-14T14:02:21.424387" elapsed="0.000000"/>
</return>
<msg time="2024-11-14T14:02:21.424387" level="INFO">${res} = False</msg>
<var>${res}</var>
<arg>xpath=//tbody/tr[${counter}]/td[5]//div[contains(.,'Menunggu persetujuan')]</arg>
<status status="PASS" start="2024-11-14T14:02:18.947363" elapsed="2.477024"/>
</kw>
<if>
<branch type="IF" condition="${res}">
<kw name="Get Text" owner="SeleniumLibrary">
<var>${text}</var>
<arg>xpath=//tbody/tr[${counter}]/td[1]</arg>
<doc>Returns the text value of the element identified by ``locator``.</doc>
<status status="NOT RUN" start="2024-11-14T14:02:21.425385" elapsed="0.000000"/>
</kw>
<kw name="Get Text" owner="SeleniumLibrary">
<var>${status}</var>
<arg>xpath=//tbody/tr[${counter}]/td[5]</arg>
<doc>Returns the text value of the element identified by ``locator``.</doc>
<status status="NOT RUN" start="2024-11-14T14:02:21.426380" elapsed="0.000000"/>
</kw>
<kw name="user click element" owner="generalFunct">
<arg>xpath=//tbody/tr[${counter}]/td[6]</arg>
<status status="NOT RUN" start="2024-11-14T14:02:21.426380" elapsed="0.000000"/>
</kw>
<kw name="general Wait Until" owner="generalFunct">
<arg>xpath=//span[normalize-space()='Detail Project']</arg>
<status status="NOT RUN" start="2024-11-14T14:02:21.427376" elapsed="0.000000"/>
</kw>
<kw name="general Wait Until" owner="generalFunct">
<arg>${namaProject_onDetailPage}</arg>
<status status="NOT RUN" start="2024-11-14T14:02:21.427376" elapsed="0.000000"/>
</kw>
<kw name="Get Text" owner="SeleniumLibrary">
<var>${nameProject}</var>
<arg>${namaProject_onDetailPage}</arg>
<doc>Returns the text value of the element identified by ``locator``.</doc>
<status status="NOT RUN" start="2024-11-14T14:02:21.428375" elapsed="0.000000"/>
</kw>
<kw name="Get Text" owner="SeleniumLibrary">
<var>${status_onDetailPage}</var>
<arg>${statusProject}</arg>
<doc>Returns the text value of the element identified by ``locator``.</doc>
<status status="NOT RUN" start="2024-11-14T14:02:21.428375" elapsed="0.000000"/>
</kw>
<kw name="Log To Console" owner="BuiltIn">
<arg>Nama Project: ${nameProject}</arg>
<doc>Logs the given message to the console.</doc>
<status status="NOT RUN" start="2024-11-14T14:02:21.428375" elapsed="0.000000"/>
</kw>
<kw name="Log To Console" owner="BuiltIn">
<arg>Status Project: ${status_onDetailPage}</arg>
<doc>Logs the given message to the console.</doc>
<status status="NOT RUN" start="2024-11-14T14:02:21.429372" elapsed="0.000000"/>
</kw>
<kw name="Set Global Variable" owner="BuiltIn">
<arg>${nameProject_MenungguPersetujuan}</arg>
<arg>${nameProject}</arg>
<doc>Makes a variable available globally in all tests and suites.</doc>
<status status="NOT RUN" start="2024-11-14T14:02:21.429372" elapsed="0.001040"/>
</kw>
<kw name="Should Be Equal" owner="BuiltIn">
<arg>${nameProject}</arg>
<arg>${text}</arg>
<doc>Fails if the given objects are unequal.</doc>
<status status="NOT RUN" start="2024-11-14T14:02:21.430412" elapsed="0.000000"/>
</kw>
<kw name="Should Be Equal" owner="BuiltIn">
<arg>${status_onDetailPage}</arg>
<arg>${status}</arg>
<doc>Fails if the given objects are unequal.</doc>
<status status="NOT RUN" start="2024-11-14T14:02:21.430412" elapsed="0.000000"/>
</kw>
<kw name="Exit For Loop" owner="BuiltIn">
<doc>Stops executing the enclosing FOR loop.</doc>
<status status="NOT RUN" start="2024-11-14T14:02:21.430412" elapsed="0.000000"/>
</kw>
<status status="NOT RUN" start="2024-11-14T14:02:21.425385" elapsed="0.005027"/>
</branch>
<status status="PASS" start="2024-11-14T14:02:21.424387" elapsed="0.006025"/>
</if>
<var name="${counter}">5</var>
<status status="PASS" start="2024-11-14T14:02:18.947363" elapsed="2.483049"/>
</iter>
<iter>
<kw name="general return status" owner="generalFunct">
<kw name="Run Keyword And Return Status" owner="BuiltIn">
<kw name="Wait Until Element Is Visible" owner="SeleniumLibrary">
<msg time="2024-11-14T14:02:23.895119" level="INFO" html="true">&lt;/td&gt;&lt;/tr&gt;&lt;tr&gt;&lt;td colspan="3"&gt;&lt;a href="selenium-screenshot-2127.png"&gt;&lt;img src="selenium-screenshot-2127.png" width="800px"&gt;&lt;/a&gt;</msg>
<msg time="2024-11-14T14:02:23.895119" level="FAIL">Element 'xpath=//tbody/tr[6]/td[5]//div[contains(.,'Menunggu persetujuan')]' not visible after 2 seconds.</msg>
<arg>${locator}</arg>
<arg>timeout=2s</arg>
<doc>Waits until the element ``locator`` is visible.</doc>
<status status="FAIL" start="2024-11-14T14:02:21.430412" elapsed="2.465705">Element 'xpath=//tbody/tr[6]/td[5]//div[contains(.,'Menunggu persetujuan')]' not visible after 2 seconds.</status>
</kw>
<msg time="2024-11-14T14:02:23.896117" level="INFO">${res} = False</msg>
<var>${res}</var>
<arg>Wait Until Element Is Visible</arg>
<arg>${locator}</arg>
<arg>timeout=2s</arg>
<doc>Runs the given keyword with given arguments and returns the status as a Boolean value.</doc>
<status status="PASS" start="2024-11-14T14:02:21.430412" elapsed="2.465705"/>
</kw>
<return>
<value>${res}</value>
<status status="PASS" start="2024-11-14T14:02:23.897116" elapsed="0.000000"/>
</return>
<msg time="2024-11-14T14:02:23.897116" level="INFO">${res} = False</msg>
<var>${res}</var>
<arg>xpath=//tbody/tr[${counter}]/td[5]//div[contains(.,'Menunggu persetujuan')]</arg>
<status status="PASS" start="2024-11-14T14:02:21.430412" elapsed="2.466704"/>
</kw>
<if>
<branch type="IF" condition="${res}">
<kw name="Get Text" owner="SeleniumLibrary">
<var>${text}</var>
<arg>xpath=//tbody/tr[${counter}]/td[1]</arg>
<doc>Returns the text value of the element identified by ``locator``.</doc>
<status status="NOT RUN" start="2024-11-14T14:02:23.897116" elapsed="0.000000"/>
</kw>
<kw name="Get Text" owner="SeleniumLibrary">
<var>${status}</var>
<arg>xpath=//tbody/tr[${counter}]/td[5]</arg>
<doc>Returns the text value of the element identified by ``locator``.</doc>
<status status="NOT RUN" start="2024-11-14T14:02:23.897116" elapsed="0.001031"/>
</kw>
<kw name="user click element" owner="generalFunct">
<arg>xpath=//tbody/tr[${counter}]/td[6]</arg>
<status status="NOT RUN" start="2024-11-14T14:02:23.898147" elapsed="0.000000"/>
</kw>
<kw name="general Wait Until" owner="generalFunct">
<arg>xpath=//span[normalize-space()='Detail Project']</arg>
<status status="NOT RUN" start="2024-11-14T14:02:23.898147" elapsed="0.000000"/>
</kw>
<kw name="general Wait Until" owner="generalFunct">
<arg>${namaProject_onDetailPage}</arg>
<status status="NOT RUN" start="2024-11-14T14:02:23.898147" elapsed="0.000996"/>
</kw>
<kw name="Get Text" owner="SeleniumLibrary">
<var>${nameProject}</var>
<arg>${namaProject_onDetailPage}</arg>
<doc>Returns the text value of the element identified by ``locator``.</doc>
<status status="NOT RUN" start="2024-11-14T14:02:23.899143" elapsed="0.000000"/>
</kw>
<kw name="Get Text" owner="SeleniumLibrary">
<var>${status_onDetailPage}</var>
<arg>${statusProject}</arg>
<doc>Returns the text value of the element identified by ``locator``.</doc>
<status status="NOT RUN" start="2024-11-14T14:02:23.899143" elapsed="0.000000"/>
</kw>
<kw name="Log To Console" owner="BuiltIn">
<arg>Nama Project: ${nameProject}</arg>
<doc>Logs the given message to the console.</doc>
<status status="NOT RUN" start="2024-11-14T14:02:23.899143" elapsed="0.000000"/>
</kw>
<kw name="Log To Console" owner="BuiltIn">
<arg>Status Project: ${status_onDetailPage}</arg>
<doc>Logs the given message to the console.</doc>
<status status="NOT RUN" start="2024-11-14T14:02:23.899143" elapsed="0.000000"/>
</kw>
<kw name="Set Global Variable" owner="BuiltIn">
<arg>${nameProject_MenungguPersetujuan}</arg>
<arg>${nameProject}</arg>
<doc>Makes a variable available globally in all tests and suites.</doc>
<status status="NOT RUN" start="2024-11-14T14:02:23.900144" elapsed="0.000000"/>
</kw>
<kw name="Should Be Equal" owner="BuiltIn">
<arg>${nameProject}</arg>
<arg>${text}</arg>
<doc>Fails if the given objects are unequal.</doc>
<status status="NOT RUN" start="2024-11-14T14:02:23.900144" elapsed="0.000000"/>
</kw>
<kw name="Should Be Equal" owner="BuiltIn">
<arg>${status_onDetailPage}</arg>
<arg>${status}</arg>
<doc>Fails if the given objects are unequal.</doc>
<status status="NOT RUN" start="2024-11-14T14:02:23.900144" elapsed="0.000000"/>
</kw>
<kw name="Exit For Loop" owner="BuiltIn">
<doc>Stops executing the enclosing FOR loop.</doc>
<status status="NOT RUN" start="2024-11-14T14:02:23.900144" elapsed="0.000000"/>
</kw>
<status status="NOT RUN" start="2024-11-14T14:02:23.897116" elapsed="0.003028"/>
</branch>
<status status="PASS" start="2024-11-14T14:02:23.897116" elapsed="0.003028"/>
</if>
<var name="${counter}">6</var>
<status status="PASS" start="2024-11-14T14:02:21.430412" elapsed="2.469732"/>
</iter>
<iter>
<kw name="general return status" owner="generalFunct">
<kw name="Run Keyword And Return Status" owner="BuiltIn">
<kw name="Wait Until Element Is Visible" owner="SeleniumLibrary">
<msg time="2024-11-14T14:02:26.240811" level="INFO" html="true">&lt;/td&gt;&lt;/tr&gt;&lt;tr&gt;&lt;td colspan="3"&gt;&lt;a href="selenium-screenshot-2128.png"&gt;&lt;img src="selenium-screenshot-2128.png" width="800px"&gt;&lt;/a&gt;</msg>
<msg time="2024-11-14T14:02:26.240811" level="FAIL">Element 'xpath=//tbody/tr[7]/td[5]//div[contains(.,'Menunggu persetujuan')]' not visible after 2 seconds.</msg>
<arg>${locator}</arg>
<arg>timeout=2s</arg>
<doc>Waits until the element ``locator`` is visible.</doc>
[...]
<kw name="Get Text" owner="SeleniumLibrary">
<msg time="2024-11-14T14:02:28.812234" level="INFO">${text} = Manager Project</msg>
<var>${text}</var>
<arg>xpath=//div[@class='w-100']/div[${counter}]/div[1]/span</arg>
<doc>Returns the text value of the element identified by ``locator``.</doc>
<status status="PASS" start="2024-11-14T14:02:28.788808" elapsed="0.023426"/>
</kw>
<kw name="Get Text" owner="SeleniumLibrary">
<msg time="2024-11-14T14:02:28.833493" level="INFO">${textName} = Portouy</msg>
<var>${textName}</var>
<arg>xpath=//div[@class='w-100']/div[${counter}]/div[2]/span[2]</arg>
<doc>Returns the text value of the element identified by ``locator``.</doc>
<status status="PASS" start="2024-11-14T14:02:28.812234" elapsed="0.021259"/>
</kw>
<kw name="Log To Console" owner="BuiltIn">
<arg>${text}: ${textName}</arg>
<doc>Logs the given message to the console.</doc>
<status status="PASS" start="2024-11-14T14:02:28.833493" elapsed="0.000000"/>
</kw>
<kw name="Get Text" owner="SeleniumLibrary">
<msg time="2024-11-14T14:02:28.870037" level="INFO">${textBorder} = Anggaran maksimal</msg>
<var>${textBorder}</var>
<arg>xpath=//div[@class="w-100 borderRight "]/div[${counter}]/div[1]/span</arg>
<doc>Returns the text value of the element identified by ``locator``.</doc>
<status status="PASS" start="2024-11-14T14:02:28.833493" elapsed="0.036544"/>
</kw>
<kw name="Get Text" owner="SeleniumLibrary">
<msg time="2024-11-14T14:02:28.894371" level="INFO">${textBorderRight} = Rp 130,210,595</msg>
<var>${textBorderRight}</var>
<arg>xpath=//div[@class="w-100 borderRight "]/div[${counter}]/div[2]/span[2]</arg>
<doc>Returns the text value of the element identified by ``locator``.</doc>
<status status="PASS" start="2024-11-14T14:02:28.871034" elapsed="0.023337"/>
</kw>
<kw name="Log To Console" owner="BuiltIn">
<arg>${textBorder}: ${textBorderRight}</arg>
<doc>Logs the given message to the console.</doc>
<status status="PASS" start="2024-11-14T14:02:28.894371" elapsed="0.000000"/>
</kw>
<status status="PASS" start="2024-11-14T14:02:28.788808" elapsed="0.105563"/>
</branch>
<branch type="ELSE">
<kw name="Exit For Loop" owner="BuiltIn">
<doc>Stops executing the enclosing FOR loop.</doc>
<status status="NOT RUN" start="2024-11-14T14:02:28.894371" elapsed="0.000000"/>
</kw>
<status status="NOT RUN" start="2024-11-14T14:02:28.894371" elapsed="0.000000"/>
</branch>
<status status="PASS" start="2024-11-14T14:02:28.788808" elapsed="0.105563"/>
</if>
<var name="${counter}">2</var>
<status status="PASS" start="2024-11-14T14:02:28.747920" elapsed="0.146451"/>
</iter>
<iter>
<kw name="general return status" owner="generalFunct">
<kw name="Run Keyword And Return Status" owner="BuiltIn">
<kw name="Wait Until Element Is Visible" owner="SeleniumLibrary">
<arg>${locator}</arg>
<arg>timeout=2s</arg>
<doc>Waits until the element ``locator`` is visible.</doc>
<status status="PASS" start="2024-11-14T14:02:28.894371" elapsed="0.033712"/>
</kw>
<msg time="2024-11-14T14:02:28.928083" level="INFO">${res} = True</msg>
<var>${res}</var>
<arg>Wait Until Element Is Visible</arg>
<arg>${locator}</arg>
<arg>timeout=2s</arg>
<doc>Runs the given keyword with given arguments and returns the status as a Boolean value.</doc>
<status status="PASS" start="2024-11-14T14:02:28.894371" elapsed="0.033712"/>
</kw>
<return>
<value>${res}</value>
<status status="PASS" start="2024-11-14T14:02:28.928083" elapsed="0.000000"/>
</return>
<msg time="2024-11-14T14:02:28.928083" level="INFO">${res} = True</msg>
<var>${res}</var>
<arg>xpath=//div[@class='w-100']/div[${counter}]</arg>
<status status="PASS" start="2024-11-14T14:02:28.894371" elapsed="0.033712"/>
</kw>
<if>
<branch type="IF" condition="${res}">
<kw name="Get Text" owner="SeleniumLibrary">
<msg time="2024-11-14T14:02:28.959307" level="INFO">${text} = Finance</msg>
<var>${text}</var>
<arg>xpath=//div[@class='w-100']/div[${counter}]/div[1]/span</arg>
<doc>Returns the text value of the element identified by ``locator``.</doc>
<status status="PASS" start="2024-11-14T14:02:28.928083" elapsed="0.031224"/>
</kw>
<kw name="Get Text" owner="SeleniumLibrary">
<msg time="2024-11-14T14:02:28.985629" level="INFO">${textName} = lunn Roy</msg>
<var>${textName}</var>
<arg>xpath=//div[@class='w-100']/div[${counter}]/div[2]/span[2]</arg>
<doc>Returns the text value of the element identified by ``locator``.</doc>
<status status="PASS" start="2024-11-14T14:02:28.959307" elapsed="0.026322"/>
</kw>
<kw name="Log To Console" owner="BuiltIn">
<arg>${text}: ${textName}</arg>
<doc>Logs the given message to the console.</doc>
<status status="PASS" start="2024-11-14T14:02:28.985629" elapsed="0.000000"/>
</kw>
<kw name="Get Text" owner="SeleniumLibrary">
<msg time="2024-11-14T14:02:29.014027" level="INFO">${textBorder} = Total pembelian</msg>
<var>${textBorder}</var>
<arg>xpath=//div[@class="w-100 borderRight "]/div[${counter}]/div[1]/span</arg>
<doc>Returns the text value of the element identified by ``locator``.</doc>
<status status="PASS" start="2024-11-14T14:02:28.986626" elapsed="0.027401"/>
</kw>
<kw name="Get Text" owner="SeleniumLibrary">
<msg time="2024-11-14T14:02:29.038721" level="INFO">${textBorderRight} = Rp 0</msg>
<var>${textBorderRight}</var>
<arg>xpath=//div[@class="w-100 borderRight "]/div[${counter}]/div[2]/span[2]</arg>
<doc>Returns the text value of the element identified by ``locator``.</doc>
<status status="PASS" start="2024-11-14T14:02:29.014027" elapsed="0.024694"/>
</kw>
<kw name="Log To Console" owner="BuiltIn">
<arg>${textBorder}: ${textBorderRight}</arg>
<doc>Logs the given message to the console.</doc>
<status status="PASS" start="2024-11-14T14:02:29.039720" elapsed="0.000000"/>
</kw>
<status status="PASS" start="2024-11-14T14:02:28.928083" elapsed="0.112634"/>
</branch>
<branch type="ELSE">
<kw name="Exit For Loop" owner="BuiltIn">
<doc>Stops executing the enclosing FOR loop.</doc>
<status status="NOT RUN" start="2024-11-14T14:02:29.040717" elapsed="0.000000"/>
</kw>
<status status="NOT RUN" start="2024-11-14T14:02:29.040717" elapsed="0.000000"/>
</branch>
<status status="PASS" start="2024-11-14T14:02:28.928083" elapsed="0.112634"/>
</if>
<var name="${counter}">3</var>
<status status="PASS" start="2024-11-14T14:02:28.894371" elapsed="0.146346"/>
</iter>
<iter>
<kw name="general return status" owner="generalFunct">
<kw name="Run Keyword And Return Status" owner="BuiltIn">
<kw name="Wait Until Element Is Visible" owner="SeleniumLibrary">
<msg time="2024-11-14T14:02:31.361998" level="INFO" html="true">&lt;/td&gt;&lt;/tr&gt;&lt;tr&gt;&lt;td colspan="3"&gt;&lt;a href="selenium-screenshot-2129.png"&gt;&lt;img src="selenium-screenshot-2129.png" width="800px"&gt;&lt;/a&gt;</msg>
<msg time="2024-11-14T14:02:31.361998" level="FAIL">Element 'xpath=//div[@class='w-100']/div[4]' not visible after 2 seconds.</msg>
<arg>${locator}</arg>
<arg>timeout=2s</arg>
<doc>Waits until the element ``locator`` is visible.</doc>
<status status="FAIL" start="2024-11-14T14:02:29.042711" elapsed="2.319287">Element 'xpath=//div[@class='w-100']/div[4]' not visible after 2 seconds.</status>
</kw>
<msg time="2024-11-14T14:02:31.361998" level="INFO">${res} = False</msg>
<var>${res}</var>
<arg>Wait Until Element Is Visible</arg>
<arg>${locator}</arg>
<arg>timeout=2s</arg>
<doc>Runs the given keyword with given arguments and returns the status as a Boolean value.</doc>
<status status="PASS" start="2024-11-14T14:02:29.041714" elapsed="2.320284"/>
</kw>
<return>
<value>${res}</value>
<status status="PASS" start="2024-11-14T14:02:31.361998" elapsed="0.000000"/>
</return>
<msg time="2024-11-14T14:02:31.377358" level="INFO">${res} = False</msg>
<var>${res}</var>
<arg>xpath=//div[@class='w-100']/div[${counter}]</arg>
<status status="PASS" start="2024-11-14T14:02:29.041714" elapsed="2.335644"/>
</kw>
<if>
<branch type="IF" condition="${res}">
<kw name="Get Text" owner="SeleniumLibrary">
<var>${text}</var>
<arg>xpath=//div[@class='w-100']/div[${counter}]/div[1]/span</arg>
<doc>Returns the text value of the element identified by ``locator``.</doc>
<status status="NOT RUN" start="2024-11-14T14:02:31.377358" elapsed="0.000000"/>
</kw>
<kw name="Get Text" owner="SeleniumLibrary">
<var>${textName}</var>
<arg>xpath=//div[@class='w-100']/div[${counter}]/div[2]/span[2]</arg>
<doc>Returns the text value of the element identified by ``locator``.</doc>
<status status="NOT RUN" start="2024-11-14T14:02:31.378360" elapsed="0.000000"/>
</kw>
<kw name="Log To Console" owner="BuiltIn">
<arg>${text}: ${textName}</arg>
<doc>Logs the given message to the console.</doc>
<status status="NOT RUN" start="2024-11-14T14:02:31.378360" elapsed="0.000000"/>
</kw>
<kw name="Get Text" owner="SeleniumLibrary">
<var>${textBorder}</var>
<arg>xpath=//div[@class="w-100 borderRight "]/div[${counter}]/div[1]/span</arg>
<doc>Returns the text value of the element identified by ``locator``.</doc>
<status status="NOT RUN" start="2024-11-14T14:02:31.378360" elapsed="0.000000"/>
</kw>
<kw name="Get Text" owner="SeleniumLibrary">
<var>${textBorderRight}</var>
<arg>xpath=//div[@class="w-100 borderRight "]/div[${counter}]/div[2]/span[2]</arg>
<doc>Returns the text value of the element identified by ``locator``.</doc>
<status status="NOT RUN" start="2024-11-14T14:02:31.378360" elapsed="0.000000"/>
</kw>
<kw name="Log To Console" owner="BuiltIn">
<arg>${textBorder}: ${textBorderRight}</arg>
<doc>Logs the given message to the console.</doc>
<status status="NOT RUN" start="2024-11-14T14:02:31.379356" elapsed="0.000000"/>
</kw>
<status status="NOT RUN" start="2024-11-14T14:02:31.377358" elapsed="0.001998"/>
</branch>
<branch type="ELSE">
<kw name="Exit For Loop" owner="BuiltIn">
<msg time="2024-11-14T14:02:31.379356" level="INFO">Exiting for loop altogether.</msg>
<doc>Stops executing the enclosing FOR loop.</doc>
<status status="PASS" start="2024-11-14T14:02:31.379356" elapsed="0.000000"/>
</kw>
<status status="PASS" start="2024-11-14T14:02:31.379356" elapsed="0.000000"/>
</branch>
<status status="PASS" start="2024-11-14T14:02:31.377358" elapsed="0.001998"/>
</if>
<var name="${counter}">4</var>
<status status="PASS" start="2024-11-14T14:02:29.040717" elapsed="2.338639"/>
</iter>
<var>${counter}</var>
<value>1</value>
<value>${len}</value>
<status status="PASS" start="2024-11-14T14:02:28.496610" elapsed="2.882746"/>
</for>
<status status="PASS" start="2024-11-14T14:02:28.496610" elapsed="2.883743"/>
</kw>
<status status="PASS" start="2024-11-14T14:02:01.815265" elapsed="29.565088"/>
</kw>
<kw name="And user click element" owner="generalFunct">
<kw name="Wait Until Element Is Visible" owner="SeleniumLibrary">
<arg>${element}</arg>
<doc>Waits until the element ``locator`` is visible.</doc>
<status status="PASS" start="2024-11-14T14:02:31.380353" elapsed="0.033294"/>
</kw>
<kw name="Click Element" owner="SeleniumLibrary">
<msg time="2024-11-14T14:02:31.414648" level="INFO">Clicking element 'xpath=//span[contains(text(),'Simpan')]/parent::span/parent::button'.</msg>
<msg time="2024-11-14T14:02:31.556048" level="INFO">${clickElement} = None</msg>
<var>${clickElement}</var>
<arg>${element}</arg>
<doc>Click the element identified by ``locator``.</doc>
<status status="PASS" start="2024-11-14T14:02:31.413647" elapsed="0.142401"/>
</kw>
<return>
<value>${clickElement}</value>
<status status="PASS" start="2024-11-14T14:02:31.556685" elapsed="0.000000"/>
</return>
<arg>${buttonSimpan}</arg>
<status status="PASS" start="2024-11-14T14:02:31.380353" elapsed="0.176332"/>
</kw>
<kw name="Then show pop up dialog" owner="generalFunct">
<kw name="Wait Until Element Is Visible" owner="SeleniumLibrary">
<arg>${locator}</arg>
<arg>timeout=2s</arg>
<doc>Waits until the element ``locator`` is visible.</doc>
<status status="PASS" start="2024-11-14T14:02:31.556685" elapsed="0.038146"/>
</kw>
<kw name="Get Text" owner="SeleniumLibrary">
<msg time="2024-11-14T14:02:31.632236" level="INFO">${textDesc} = Apakah Anda yakin untuk merubah informasi project ini?</msg>
<var>${textDesc}</var>
<arg>xpath=//div[@class='text-center']/p[2]</arg>
<doc>Returns the text value of the element identified by ``locator``.</doc>
<status status="PASS" start="2024-11-14T14:02:31.594831" elapsed="0.037405"/>
</kw>
<kw name="user input text" owner="generalFunct">
<kw name="Wait Until Element Is Visible" owner="SeleniumLibrary">
<arg>${locator}</arg>
<doc>Waits until the element ``locator`` is visible.</doc>
<status status="PASS" start="2024-11-14T14:02:31.633267" elapsed="0.031892"/>
</kw>
<kw name="Input Text" owner="SeleniumLibrary">
<msg time="2024-11-14T14:02:31.665159" level="INFO">Typing text 'Ubah Data' into text field 'xpath=//div[@class='text-center']/textarea'.</msg>
<msg time="2024-11-14T14:02:31.818609" level="INFO">${input_text} = None</msg>
<var>${input_text}</var>
<arg>${locator}</arg>
<arg>${text}</arg>
<doc>Types the given ``text`` into the text field identified by ``locator``.</doc>
<status status="PASS" start="2024-11-14T14:02:31.665159" elapsed="0.153450"/>
</kw>
<return>
<value>${input_text}</value>
<status status="PASS" start="2024-11-14T14:02:31.819635" elapsed="0.000000"/>
</return>
<arg>xpath=//div[@class='text-center']/textarea</arg>
<arg>Ubah Data</arg>
<status status="PASS" start="2024-11-14T14:02:31.632236" elapsed="0.187399"/>
</kw>
<kw name="Log To Console" owner="BuiltIn">
<arg>Desc: ${textDesc}</arg>
<doc>Logs the given message to the console.</doc>
<status status="PASS" start="2024-11-14T14:02:31.819635" elapsed="0.000967"/>
</kw>
<arg>${ubahProject_MenungguPersetujuan}</arg>
<status status="PASS" start="2024-11-14T14:02:31.556685" elapsed="0.263917"/>
</kw>
<kw name="And user click element" owner="generalFunct">
<kw name="Wait Until Element Is Visible" owner="SeleniumLibrary">
<arg>${element}</arg>
<doc>Waits until the element ``locator`` is visible.</doc>
<status status="PASS" start="2024-11-14T14:02:31.821639" elapsed="0.028030"/>
</kw>
<kw name="Click Element" owner="SeleniumLibrary">
<msg time="2024-11-14T14:02:31.849669" level="INFO">Clicking element 'xpath=//div[@class='d-flex']/button[contains(.,'Simpan')]'.</msg>
<msg time="2024-11-14T14:02:32.234761" level="INFO">${clickElement} = None</msg>
<var>${clickElement}</var>
<arg>${element}</arg>
<doc>Click the element identified by ``locator``.</doc>
<status status="PASS" start="2024-11-14T14:02:31.849669" elapsed="0.385092"/>
</kw>
<return>
<value>${clickElement}</value>
<status status="PASS" start="2024-11-14T14:02:32.234761" elapsed="0.000000"/>
</return>
<arg>${btn_simpanPopUP}</arg>
<status status="PASS" start="2024-11-14T14:02:31.820602" elapsed="0.414159"/>
</kw>
<kw name="And show message error project" owner="generalFunct">
<kw name="general return status" owner="generalFunct">
<kw name="Run Keyword And Return Status" owner="BuiltIn">
<kw name="Wait Until Element Is Visible" owner="SeleniumLibrary">
<msg time="2024-11-14T14:02:34.591044" level="INFO" html="true">&lt;/td&gt;&lt;/tr&gt;&lt;tr&gt;&lt;td colspan="3"&gt;&lt;a href="selenium-screenshot-2130.png"&gt;&lt;img src="selenium-screenshot-2130.png" width="800px"&gt;&lt;/a&gt;</msg>
<msg time="2024-11-14T14:02:34.592045" level="FAIL">Element 'xpath=//label[contains(.,'Wajib')]' not visible after 2 seconds.</msg>
<arg>${locator}</arg>
<arg>timeout=2s</arg>
<doc>Waits until the element ``locator`` is visible.</doc>
<status status="FAIL" start="2024-11-14T14:02:32.238751" elapsed="2.354790">Element 'xpath=//label[contains(.,'Wajib')]' not visible after 2 seconds.</status>
</kw>
<msg time="2024-11-14T14:02:34.593541" level="INFO">${res} = False</msg>
<var>${res}</var>
<arg>Wait Until Element Is Visible</arg>
<arg>${locator}</arg>
<arg>timeout=2s</arg>
<doc>Runs the given keyword with given arguments and returns the status as a Boolean value.</doc>
<status status="PASS" start="2024-11-14T14:02:32.237752" elapsed="2.355789"/>
</kw>
<return>
<value>${res}</value>
<status status="PASS" start="2024-11-14T14:02:34.593541" elapsed="0.000000"/>
</return>
<msg time="2024-11-14T14:02:34.593541" level="INFO">${label} = False</msg>
<var>${label}</var>
<arg>${errMessageFormProject}</arg>
<status status="PASS" start="2024-11-14T14:02:32.236754" elapsed="2.356787"/>
</kw>
<if>
<branch type="IF" condition="${label}">
<kw name="general Wait Until" owner="generalFunct">
<arg>${errMessageFormProject}</arg>
<status status="NOT RUN" start="2024-11-14T14:02:34.594577" elapsed="0.000000"/>
</kw>
<kw name="Get Text" owner="SeleniumLibrary">
<var>${err}</var>
<arg>${errMessageFormProject}</arg>
<doc>Returns the text value of the element identified by ``locator``.</doc>
<status status="NOT RUN" start="2024-11-14T14:02:34.594577" elapsed="0.000000"/>
</kw>
<kw name="Log To Console" owner="BuiltIn">
<arg>${\n}Error State: ${err}</arg>
<doc>Logs the given message to the console.</doc>
<status status="NOT RUN" start="2024-11-14T14:02:34.594577" elapsed="0.000000"/>
</kw>
<kw name="Scroll Element Into View" owner="SeleniumLibrary">
<arg>${errMessageFormProject}</arg>
<doc>Scrolls the element identified by ``locator`` into view.</doc>
<status status="NOT RUN" start="2024-11-14T14:02:34.595575" elapsed="0.000000"/>
</kw>
<status status="NOT RUN" start="2024-11-14T14:02:34.594577" elapsed="0.000998"/>
</branch>
<branch type="ELSE">
<kw name="general Wait Until" owner="generalFunct">
<kw name="Wait Until Element Is Visible" owner="SeleniumLibrary">
<arg>${locator}</arg>
<arg>timeout=2s</arg>
<doc>Waits until the element ``locator`` is visible.</doc>
<status status="PASS" start="2024-11-14T14:02:34.595575" elapsed="0.031070"/>
</kw>
<arg>${errLabel_formProject}</arg>
<status status="PASS" start="2024-11-14T14:02:34.595575" elapsed="0.031070"/>
</kw>
<kw name="Get Text" owner="SeleniumLibrary">
<msg time="2024-11-14T14:02:34.651116" level="INFO">${err} = Nama Project sudah digunakan</msg>
<var>${err}</var>
<arg>${errLabel_formProject}</arg>
<doc>Returns the text value of the element identified by ``locator``.</doc>
<status status="PASS" start="2024-11-14T14:02:34.627642" elapsed="0.023474"/>
</kw>
<kw name="Log To Console" owner="BuiltIn">
<arg>${\n}Error State: ${err}</arg>
<doc>Logs the given message to the console.</doc>
<status status="PASS" start="2024-11-14T14:02:34.651116" elapsed="0.001409"/>
</kw>
<status status="PASS" start="2024-11-14T14:02:34.595575" elapsed="0.056950"/>
</branch>
<status status="PASS" start="2024-11-14T14:02:34.594577" elapsed="0.057948"/>
</if>
<status status="PASS" start="2024-11-14T14:02:32.235757" elapsed="2.416768"/>
</kw>
<status status="PASS" start="2024-11-14T14:01:03.067789" elapsed="91.584736"/>
</kw>
<kw name="End Web Test" owner="web_eProc" type="TEARDOWN">
<kw name="Log" owner="BuiltIn">
<msg time="2024-11-14T14:02:34.654431" level="INFO">Suite teardown initiated</msg>
<arg>Suite teardown initiated</arg>
<doc>Logs the given message with the given level.</doc>
<status status="PASS" start="2024-11-14T14:02:34.653429" elapsed="0.001002"/>
</kw>
<kw name="Close Browser" owner="SeleniumLibrary">
<doc>Closes the current browser.</doc>
<status status="PASS" start="2024-11-14T14:02:34.654431" elapsed="2.655597"/>
</kw>
<doc>Closes the browser after all tests in the suite have run</doc>
<status status="PASS" start="2024-11-14T14:02:34.653429" elapsed="2.656599"/>
</kw>
<doc>This scenario test User can change data name project with name has been used</doc>
<tag>1000s</tag>
<tag>detail_project</tag>
<tag>test</tag>
<status status="PASS" start="2024-11-14T14:00:50.291783" elapsed="107.019175"/>
</test>
<status status="PASS" start="2024-11-14T14:00:48.386956" elapsed="108.924002"/>
</suite>
<statistics>
<total>
<stat pass="1" fail="0" skip="0">All Tests</stat>
</total>
<tag>
<stat pass="1" fail="0" skip="0">1000s</stat>
<stat pass="1" fail="0" skip="0">detail_project</stat>
<stat pass="1" fail="0" skip="0">test</stat>
</tag>
<suite>
<stat pass="1" fail="0" skip="0" id="s1" name="test detailProject MenungguPersetujuan">test detailProject MenungguPersetujuan</stat>
</suite>
</statistics>
<errors>
</errors>
</robot>
