<?xml version="1.0" encoding="UTF-8"?>
<robot generator="Robot 7.1 (Python 3.12.5 on win32)" generated="2025-02-18T14:20:26.388795" rpa="false" schemaversion="5">
<suite id="s1" name="test detailProject MenungguPersetujuan" source="C:\Users\admin\Documents\Automation\robotFramework\testSuite\Tim_OP\test_detailProject_MenungguPersetujuan.robot">
<test id="s1-t1" name="Tim OP can Go To Detail Project" line="10">
<kw name="Begin Web Test" owner="web_eProc" type="SETUP">
<kw name="Open Browser" owner="SeleniumLibrary">
<msg time="2025-02-18T14:20:51.473841" level="INFO">Opening browser 'headlesschrome' to base url 'about:blank'.</msg>
<arg>about:blank</arg>
<arg>${BROWSER}</arg>
<doc>Opens a new browser instance to the optional ``url``.</doc>
<status status="PASS" start="2025-02-18T14:20:51.429955" elapsed="55.175569"/>
</kw>
<kw name="Execute Javascript" owner="SeleniumLibrary">
<msg time="2025-02-18T14:21:46.607518" level="INFO">Executing JavaScript:
document.body.style.transform = 'scale(0.67)'; document.body.style.transformOrigin = '0 0';
Without any arguments.</msg>
<arg>document.body.style.transform = 'scale(0.67)'; document.body.style.transformOrigin = '0 0';</arg>
<doc>Executes the given JavaScript code with possible arguments.</doc>
<status status="PASS" start="2025-02-18T14:21:46.606521" elapsed="0.810361"/>
</kw>
<kw name="Go To" owner="SeleniumLibrary">
<msg time="2025-02-18T14:21:47.417878" level="INFO">Opening url 'https://dev-proyek.1000saudara.com/Login'</msg>
<arg>${URL}</arg>
<doc>Navigates the current browser window to the provided ``url``.</doc>
<status status="PASS" start="2025-02-18T14:21:47.416882" elapsed="8.278975"/>
</kw>
<status status="PASS" start="2025-02-18T14:20:51.428957" elapsed="64.266900"/>
</kw>
<kw name="User go to detail Project Page" owner="detailProject_MenungguPersetujuan">
<kw name="Given User can access Home Login 1000s" owner="login">
<kw name="Then user go to home page E-Proc1000s" owner="pom_login_eProc">
<kw name="user visit E-Proc1000s Login Page" owner="pom_login_eProc">
<kw name="Get Location" owner="SeleniumLibrary">
<msg time="2025-02-18T14:21:56.203638" level="INFO">${current_url} = https://dev-proyek.1000saudara.com/Login</msg>
<var>${current_url}</var>
<doc>Returns the current browser window URL.</doc>
<status status="PASS" start="2025-02-18T14:21:55.701840" elapsed="0.501798"/>
</kw>
<kw name="Log" owner="BuiltIn">
<msg time="2025-02-18T14:21:56.204639" level="INFO">Current Path: https://dev-proyek.1000saudara.com/Login</msg>
<arg>Current Path: ${current_url}</arg>
<doc>Logs the given message with the given level.</doc>
<status status="PASS" start="2025-02-18T14:21:56.204639" elapsed="0.000000"/>
</kw>
<kw name="general return status" owner="generalFunct">
<kw name="Run Keyword And Return Status" owner="BuiltIn">
<kw name="Wait Until Element Is Visible" owner="SeleniumLibrary">
<msg time="2025-02-18T14:22:08.212302" level="INFO" html="true">&lt;/td&gt;&lt;/tr&gt;&lt;tr&gt;&lt;td colspan="3"&gt;&lt;a href="selenium-screenshot-84.png"&gt;&lt;img src="selenium-screenshot-84.png" width="800px"&gt;&lt;/a&gt;</msg>
<msg time="2025-02-18T14:22:08.212302" level="FAIL">Element 'xpath=//p[contains(text(), 'Log')]' not visible after 5 seconds.</msg>
<arg>${locator}</arg>
<arg>timeout=5s</arg>
<doc>Waits until the element ``locator`` is visible.</doc>
<status status="FAIL" start="2025-02-18T14:21:56.206630" elapsed="19.944813">Element 'xpath=//p[contains(text(), 'Log')]' not visible after 5 seconds.</status>
</kw>
<msg time="2025-02-18T14:22:16.151443" level="INFO">${res} = False</msg>
<var>${res}</var>
<arg>Wait Until Element Is Visible</arg>
<arg>${locator}</arg>
<arg>timeout=5s</arg>
<doc>Runs the given keyword with given arguments and returns the status as a Boolean value.</doc>
<status status="PASS" start="2025-02-18T14:21:56.206630" elapsed="19.944813"/>
</kw>
<return>
<value>${res}</value>
<status status="PASS" start="2025-02-18T14:22:16.151443" elapsed="0.000997"/>
</return>
<msg time="2025-02-18T14:22:16.290599" level="INFO">${res} = False</msg>
<var>${res}</var>
<arg>${headerLogin}</arg>
<status status="PASS" start="2025-02-18T14:21:56.205634" elapsed="20.084965"/>
</kw>
<while condition="${res} == $False">
<iter>
<kw name="Reload Page" owner="SeleniumLibrary">
<doc>Simulates user reloading page.</doc>
<status status="PASS" start="2025-02-18T14:22:16.293600" elapsed="7.370560"/>
</kw>
<kw name="Sleep" owner="BuiltIn">
<msg time="2025-02-18T14:22:25.165688" level="INFO">Slept 1 second 500 milliseconds.</msg>
<arg>1.5s</arg>
<doc>Pauses the test executed for the given time.</doc>
<status status="PASS" start="2025-02-18T14:22:23.664160" elapsed="1.501528"/>
</kw>
<kw name="general return status" owner="generalFunct">
<kw name="Run Keyword And Return Status" owner="BuiltIn">
<kw name="Wait Until Element Is Visible" owner="SeleniumLibrary">
<arg>${locator}</arg>
<arg>timeout=5s</arg>
<doc>Waits until the element ``locator`` is visible.</doc>
<status status="PASS" start="2025-02-18T14:22:25.167687" elapsed="3.596965"/>
</kw>
<msg time="2025-02-18T14:22:28.764652" level="INFO">${res} = True</msg>
<var>${res}</var>
<arg>Wait Until Element Is Visible</arg>
<arg>${locator}</arg>
<arg>timeout=5s</arg>
<doc>Runs the given keyword with given arguments and returns the status as a Boolean value.</doc>
<status status="PASS" start="2025-02-18T14:22:25.166689" elapsed="3.597963"/>
</kw>
<return>
<value>${res}</value>
<status status="PASS" start="2025-02-18T14:22:28.764652" elapsed="0.000000"/>
</return>
<msg time="2025-02-18T14:22:28.765653" level="INFO">${res} = True</msg>
<var>${res}</var>
<arg>${headerLogin}</arg>
<status status="PASS" start="2025-02-18T14:22:25.165688" elapsed="3.599965"/>
</kw>
<status status="PASS" start="2025-02-18T14:22:16.290599" elapsed="12.475054"/>
</iter>
<status status="PASS" start="2025-02-18T14:22:16.290599" elapsed="12.475054"/>
</while>
<status status="PASS" start="2025-02-18T14:21:55.701840" elapsed="33.063813"/>
</kw>
<kw name="user login E-Proc1000s Page" owner="pom_login_eProc">
<kw name="Wait Until Element Is Visible" owner="SeleniumLibrary">
<arg>${inputPassword}</arg>
<doc>Waits until the element ``locator`` is visible.</doc>
<status status="PASS" start="2025-02-18T14:22:28.766891" elapsed="0.034309"/>
</kw>
<kw name="Input Text" owner="SeleniumLibrary">
<msg time="2025-02-18T14:22:28.802197" level="INFO">Typing text '085210758864' into text field 'xpath=//input[@id='TxtPhone']'.</msg>
<arg>${inputUsername}</arg>
<arg>${ROLE_ADMIN}</arg>
<doc>Types the given ``text`` into the text field identified by ``locator``.</doc>
<status status="PASS" start="2025-02-18T14:22:28.801200" elapsed="0.930146"/>
</kw>
<kw name="Input Password" owner="SeleniumLibrary">
<msg time="2025-02-18T14:22:29.732380" level="INFO">Typing password into text field 'xpath=//input[@id='pwd']'.</msg>
<msg time="2025-02-18T14:22:29.771490" level="INFO">Temporally setting log level to: NONE</msg>
<arg>${inputPassword}</arg>
<arg>${PASSWORD}</arg>
<doc>Types the given password into the text field identified by ``locator``.</doc>
<status status="PASS" start="2025-02-18T14:22:29.731346" elapsed="0.257523"/>
</kw>
<kw name="Press Key" owner="SeleniumLibrary">
<arg>${inputPassword}</arg>
<arg>\\13</arg>
<doc>Simulates user pressing key on element identified by ``locator``.</doc>
<status status="PASS" start="2025-02-18T14:22:29.989872" elapsed="0.295648"/>
</kw>
<kw name="Wait Until Element Is Visible" owner="SeleniumLibrary">
<arg>${listFilter}</arg>
<doc>Waits until the element ``locator`` is visible.</doc>
<status status="PASS" start="2025-02-18T14:22:30.286516" elapsed="7.498977"/>
</kw>
<kw name="Sleep" owner="BuiltIn">
<msg time="2025-02-18T14:22:40.787225" level="INFO">Slept 3 seconds.</msg>
<arg>3</arg>
<doc>Pauses the test executed for the given time.</doc>
<status status="PASS" start="2025-02-18T14:22:37.786491" elapsed="3.000734"/>
</kw>
<status status="PASS" start="2025-02-18T14:22:28.765653" elapsed="12.021572"/>
</kw>
<kw name="Wait Until Element Is Visible" owner="SeleniumLibrary">
<arg>${listFilter}</arg>
<doc>Waits until the element ``locator`` is visible.</doc>
<status status="PASS" start="2025-02-18T14:22:40.787225" elapsed="0.026563"/>
</kw>
<kw name="Wait Until Element Is Visible" owner="SeleniumLibrary">
<arg>${titleProject}</arg>
<doc>Waits until the element ``locator`` is visible.</doc>
<status status="PASS" start="2025-02-18T14:22:40.813788" elapsed="0.030084"/>
</kw>
<kw name="Get Text" owner="SeleniumLibrary">
<msg time="2025-02-18T14:22:40.933628" level="INFO">${title} = Manajemen Project</msg>
<var>${title}</var>
<arg>${titleProject}</arg>
<doc>Returns the text value of the element identified by ``locator``.</doc>
<status status="PASS" start="2025-02-18T14:22:40.843872" elapsed="0.089756"/>
</kw>
<kw name="Log To Console" owner="BuiltIn">
<arg>${\n}${title}</arg>
<doc>Logs the given message to the console.</doc>
<status status="PASS" start="2025-02-18T14:22:40.933628" elapsed="0.083757"/>
</kw>
<status status="PASS" start="2025-02-18T14:21:55.700844" elapsed="45.317545"/>
</kw>
<status status="PASS" start="2025-02-18T14:21:55.699846" elapsed="45.318543"/>
</kw>
<kw name="When user click Detail on Project" owner="pom_detailProject_MenungguPersetujuan">
<kw name="Get Length" owner="BuiltIn">
<msg time="2025-02-18T14:22:41.019388" level="INFO">Length is 22.</msg>
<msg time="2025-02-18T14:22:41.019388" level="INFO">${len} = 22</msg>
<var>${len}</var>
<arg>xpath=//tbody/tr/td[5]</arg>
<doc>Returns and logs the length of the given item as an integer.</doc>
<status status="PASS" start="2025-02-18T14:22:41.019388" elapsed="0.000000"/>
</kw>
<kw name="Sleep" owner="BuiltIn">
<msg time="2025-02-18T14:22:44.020032" level="INFO">Slept 3 seconds.</msg>
<arg>3</arg>
<doc>Pauses the test executed for the given time.</doc>
<status status="PASS" start="2025-02-18T14:22:41.019388" elapsed="3.000644"/>
</kw>
<for flavor="IN RANGE">
<iter>
<kw name="general return status" owner="generalFunct">
<kw name="Run Keyword And Return Status" owner="BuiltIn">
<kw name="Wait Until Element Is Visible" owner="SeleniumLibrary">
<arg>${locator}</arg>
<arg>timeout=5s</arg>
<doc>Waits until the element ``locator`` is visible.</doc>
<status status="PASS" start="2025-02-18T14:22:44.022037" elapsed="0.030394"/>
</kw>
<msg time="2025-02-18T14:22:44.053432" level="INFO">${res} = True</msg>
<var>${res}</var>
<arg>Wait Until Element Is Visible</arg>
<arg>${locator}</arg>
<arg>timeout=5s</arg>
<doc>Runs the given keyword with given arguments and returns the status as a Boolean value.</doc>
<status status="PASS" start="2025-02-18T14:22:44.022037" elapsed="0.031395"/>
</kw>
<return>
<value>${res}</value>
<status status="PASS" start="2025-02-18T14:22:44.053432" elapsed="0.000000"/>
</return>
<msg time="2025-02-18T14:22:44.053432" level="INFO">${res} = True</msg>
<var>${res}</var>
<arg>xpath=//tbody/tr/td[5]//div[contains(.,'${textStatus}')]</arg>
<status status="PASS" start="2025-02-18T14:22:44.021041" elapsed="0.032391"/>
</kw>
<if>
<branch type="IF" condition="${res}">
<kw name="check in project list" owner="pom_detailProject_MenungguPersetujuan">
<for flavor="IN RANGE">
<iter>
<kw name="general return status" owner="generalFunct">
<kw name="Run Keyword And Return Status" owner="BuiltIn">
<kw name="Wait Until Element Is Visible" owner="SeleniumLibrary">
<msg time="2025-02-18T14:22:49.296124" level="INFO" html="true">&lt;/td&gt;&lt;/tr&gt;&lt;tr&gt;&lt;td colspan="3"&gt;&lt;a href="selenium-screenshot-1.png"&gt;&lt;img src="selenium-screenshot-1.png" width="800px"&gt;&lt;/a&gt;</msg>
<msg time="2025-02-18T14:22:49.296124" level="FAIL">Element 'xpath=//tbody/tr[1]/td[5]//div[contains(.,'Menunggu persetujuan')]' not visible after 5 seconds.</msg>
<arg>${locator}</arg>
<arg>timeout=5s</arg>
<doc>Waits until the element ``locator`` is visible.</doc>
<status status="FAIL" start="2025-02-18T14:22:44.059418" elapsed="5.238701">Element 'xpath=//tbody/tr[1]/td[5]//div[contains(.,'Menunggu persetujuan')]' not visible after 5 seconds.</status>
</kw>
<msg time="2025-02-18T14:22:49.298119" level="INFO">${res} = False</msg>
<var>${res}</var>
<arg>Wait Until Element Is Visible</arg>
<arg>${locator}</arg>
<arg>timeout=5s</arg>
<doc>Runs the given keyword with given arguments and returns the status as a Boolean value.</doc>
<status status="PASS" start="2025-02-18T14:22:44.059418" elapsed="5.238701"/>
</kw>
<return>
<value>${res}</value>
<status status="PASS" start="2025-02-18T14:22:49.298119" elapsed="0.000998"/>
</return>
<msg time="2025-02-18T14:22:49.299619" level="INFO">${res} = False</msg>
<var>${res}</var>
<arg>xpath=//tbody/tr[${counter}]/td[5]//div[contains(.,'${textStatusProject}')]</arg>
<status status="PASS" start="2025-02-18T14:22:44.058419" elapsed="5.241200"/>
</kw>
<if>
<branch type="IF" condition="${res}">
<kw name="Get Text" owner="SeleniumLibrary">
<var>${text}</var>
<arg>xpath=//tbody/tr[${counter}]/td[1]</arg>
<doc>Returns the text value of the element identified by ``locator``.</doc>
<status status="NOT RUN" start="2025-02-18T14:22:49.299619" elapsed="0.001010"/>
</kw>
<kw name="Get Text" owner="SeleniumLibrary">
<var>${status}</var>
<arg>xpath=//tbody/tr[${counter}]/td[5]</arg>
<doc>Returns the text value of the element identified by ``locator``.</doc>
<status status="NOT RUN" start="2025-02-18T14:22:49.300959" elapsed="0.000000"/>
</kw>
<kw name="user click element" owner="generalFunct">
<arg>xpath=//tbody/tr[${counter}]/td[contains(., 'Detail')]</arg>
<status status="NOT RUN" start="2025-02-18T14:22:49.300959" elapsed="0.000000"/>
</kw>
<kw name="general Wait Until" owner="generalFunct">
<arg>xpath=//span[normalize-space()='Detail Project']</arg>
<status status="NOT RUN" start="2025-02-18T14:22:49.301957" elapsed="0.000000"/>
</kw>
<kw name="general Wait Until" owner="generalFunct">
<arg>${namaProject_onDetailPage}</arg>
<status status="NOT RUN" start="2025-02-18T14:22:49.301957" elapsed="0.000000"/>
</kw>
<kw name="Get Text" owner="SeleniumLibrary">
<var>${nameProject}</var>
<arg>${namaProject_onDetailPage}</arg>
<doc>Returns the text value of the element identified by ``locator``.</doc>
<status status="NOT RUN" start="2025-02-18T14:22:49.302954" elapsed="0.000000"/>
</kw>
<kw name="Get Text" owner="SeleniumLibrary">
<var>${status_onDetailPage}</var>
<arg>${statusProject}</arg>
<doc>Returns the text value of the element identified by ``locator``.</doc>
<status status="NOT RUN" start="2025-02-18T14:22:49.302954" elapsed="0.000000"/>
</kw>
<kw name="Log To Console" owner="BuiltIn">
<arg>Nama Project: ${nameProject}</arg>
<doc>Logs the given message to the console.</doc>
<status status="NOT RUN" start="2025-02-18T14:22:49.303953" elapsed="0.000000"/>
</kw>
<kw name="Log To Console" owner="BuiltIn">
<arg>Status Project: ${status_onDetailPage}</arg>
<doc>Logs the given message to the console.</doc>
<status status="NOT RUN" start="2025-02-18T14:22:49.304950" elapsed="0.000000"/>
</kw>
<kw name="Set Global Variable" owner="BuiltIn">
<arg>${nameProject_MenungguPersetujuan}</arg>
<arg>${nameProject}</arg>
<doc>Makes a variable available globally in all tests and suites.</doc>
<status status="NOT RUN" start="2025-02-18T14:22:49.304950" elapsed="0.000000"/>
</kw>
<kw name="Should Be Equal" owner="BuiltIn">
<arg>${nameProject}</arg>
<arg>${text}</arg>
<doc>Fails if the given objects are unequal.</doc>
<status status="NOT RUN" start="2025-02-18T14:22:49.305948" elapsed="0.000000"/>
</kw>
<kw name="Should Be Equal" owner="BuiltIn">
<arg>${status_onDetailPage}</arg>
<arg>${status}</arg>
<doc>Fails if the given objects are unequal.</doc>
<status status="NOT RUN" start="2025-02-18T14:22:49.306944" elapsed="0.000000"/>
</kw>
<kw name="Exit For Loop" owner="BuiltIn">
<doc>Stops executing the enclosing FOR loop.</doc>
<status status="NOT RUN" start="2025-02-18T14:22:49.306944" elapsed="0.000000"/>
</kw>
<status status="NOT RUN" start="2025-02-18T14:22:49.299619" elapsed="0.008324"/>
</branch>
<status status="PASS" start="2025-02-18T14:22:49.299619" elapsed="0.008324"/>
</if>
<var name="${counter}">1</var>
<status status="PASS" start="2025-02-18T14:22:44.058419" elapsed="5.249524"/>
</iter>
<iter>
<kw name="general return status" owner="generalFunct">
<kw name="Run Keyword And Return Status" owner="BuiltIn">
<kw name="Wait Until Element Is Visible" owner="SeleniumLibrary">
<msg time="2025-02-18T14:22:54.762033" level="INFO" html="true">&lt;/td&gt;&lt;/tr&gt;&lt;tr&gt;&lt;td colspan="3"&gt;&lt;a href="selenium-screenshot-2.png"&gt;&lt;img src="selenium-screenshot-2.png" width="800px"&gt;&lt;/a&gt;</msg>
<msg time="2025-02-18T14:22:54.762033" level="FAIL">Element 'xpath=//tbody/tr[2]/td[5]//div[contains(.,'Menunggu persetujuan')]' not visible after 5 seconds.</msg>
<arg>${locator}</arg>
<arg>timeout=5s</arg>
<doc>Waits until the element ``locator`` is visible.</doc>
<status status="FAIL" start="2025-02-18T14:22:49.310934" elapsed="5.453093">Element 'xpath=//tbody/tr[2]/td[5]//div[contains(.,'Menunggu persetujuan')]' not visible after 5 seconds.</status>
</kw>
<msg time="2025-02-18T14:22:54.764027" level="INFO">${res} = False</msg>
<var>${res}</var>
<arg>Wait Until Element Is Visible</arg>
<arg>${locator}</arg>
<arg>timeout=5s</arg>
<doc>Runs the given keyword with given arguments and returns the status as a Boolean value.</doc>
<status status="PASS" start="2025-02-18T14:22:49.309937" elapsed="5.454090"/>
</kw>
<return>
<value>${res}</value>
<status status="PASS" start="2025-02-18T14:22:54.764027" elapsed="0.000000"/>
</return>
<msg time="2025-02-18T14:22:54.765027" level="INFO">${res} = False</msg>
<var>${res}</var>
<arg>xpath=//tbody/tr[${counter}]/td[5]//div[contains(.,'${textStatusProject}')]</arg>
<status status="PASS" start="2025-02-18T14:22:49.308938" elapsed="5.456089"/>
</kw>
<if>
<branch type="IF" condition="${res}">
<kw name="Get Text" owner="SeleniumLibrary">
<var>${text}</var>
<arg>xpath=//tbody/tr[${counter}]/td[1]</arg>
<doc>Returns the text value of the element identified by ``locator``.</doc>
<status status="NOT RUN" start="2025-02-18T14:22:54.765027" elapsed="0.000000"/>
</kw>
<kw name="Get Text" owner="SeleniumLibrary">
<var>${status}</var>
<arg>xpath=//tbody/tr[${counter}]/td[5]</arg>
<doc>Returns the text value of the element identified by ``locator``.</doc>
<status status="NOT RUN" start="2025-02-18T14:22:54.765027" elapsed="0.000000"/>
</kw>
<kw name="user click element" owner="generalFunct">
<arg>xpath=//tbody/tr[${counter}]/td[contains(., 'Detail')]</arg>
<status status="NOT RUN" start="2025-02-18T14:22:54.766024" elapsed="0.000000"/>
</kw>
<kw name="general Wait Until" owner="generalFunct">
<arg>xpath=//span[normalize-space()='Detail Project']</arg>
<status status="NOT RUN" start="2025-02-18T14:22:54.766024" elapsed="0.000000"/>
</kw>
<kw name="general Wait Until" owner="generalFunct">
<arg>${namaProject_onDetailPage}</arg>
<status status="NOT RUN" start="2025-02-18T14:22:54.766024" elapsed="0.000000"/>
</kw>
<kw name="Get Text" owner="SeleniumLibrary">
<var>${nameProject}</var>
<arg>${namaProject_onDetailPage}</arg>
<doc>Returns the text value of the element identified by ``locator``.</doc>
<status status="NOT RUN" start="2025-02-18T14:22:54.766024" elapsed="0.000000"/>
</kw>
<kw name="Get Text" owner="SeleniumLibrary">
<var>${status_onDetailPage}</var>
<arg>${statusProject}</arg>
<doc>Returns the text value of the element identified by ``locator``.</doc>
<status status="NOT RUN" start="2025-02-18T14:22:54.766024" elapsed="0.000996"/>
</kw>
<kw name="Log To Console" owner="BuiltIn">
<arg>Nama Project: ${nameProject}</arg>
<doc>Logs the given message to the console.</doc>
<status status="NOT RUN" start="2025-02-18T14:22:54.767020" elapsed="0.000000"/>
</kw>
<kw name="Log To Console" owner="BuiltIn">
<arg>Status Project: ${status_onDetailPage}</arg>
<doc>Logs the given message to the console.</doc>
<status status="NOT RUN" start="2025-02-18T14:22:54.767020" elapsed="0.000000"/>
</kw>
<kw name="Set Global Variable" owner="BuiltIn">
<arg>${nameProject_MenungguPersetujuan}</arg>
<arg>${nameProject}</arg>
<doc>Makes a variable available globally in all tests and suites.</doc>
<status status="NOT RUN" start="2025-02-18T14:22:54.767020" elapsed="0.000000"/>
</kw>
<kw name="Should Be Equal" owner="BuiltIn">
<arg>${nameProject}</arg>
<arg>${text}</arg>
<doc>Fails if the given objects are unequal.</doc>
<status status="NOT RUN" start="2025-02-18T14:22:54.767020" elapsed="0.000998"/>
</kw>
<kw name="Should Be Equal" owner="BuiltIn">
<arg>${status_onDetailPage}</arg>
<arg>${status}</arg>
<doc>Fails if the given objects are unequal.</doc>
<status status="NOT RUN" start="2025-02-18T14:22:54.768018" elapsed="0.000000"/>
</kw>
<kw name="Exit For Loop" owner="BuiltIn">
<doc>Stops executing the enclosing FOR loop.</doc>
<status status="NOT RUN" start="2025-02-18T14:22:54.768018" elapsed="0.000000"/>
</kw>
<status status="NOT RUN" start="2025-02-18T14:22:54.765027" elapsed="0.002991"/>
</branch>
<status status="PASS" start="2025-02-18T14:22:54.765027" elapsed="0.002991"/>
</if>
<var name="${counter}">2</var>
<status status="PASS" start="2025-02-18T14:22:49.308938" elapsed="5.459080"/>
</iter>
<iter>
<kw name="general return status" owner="generalFunct">
<kw name="Run Keyword And Return Status" owner="BuiltIn">
<kw name="Wait Until Element Is Visible" owner="SeleniumLibrary">
<msg time="2025-02-18T14:23:01.327102" level="INFO" html="true">&lt;/td&gt;&lt;/tr&gt;&lt;tr&gt;&lt;td colspan="3"&gt;&lt;a href="selenium-screenshot-3.png"&gt;&lt;img src="selenium-screenshot-3.png" width="800px"&gt;&lt;/a&gt;</msg>
<msg time="2025-02-18T14:23:01.327102" level="FAIL">Element 'xpath=//tbody/tr[3]/td[5]//div[contains(.,'Menunggu persetujuan')]' not visible after 5 seconds.</msg>
<arg>${locator}</arg>
<arg>timeout=5s</arg>
<doc>Waits until the element ``locator`` is visible.</doc>
<status status="FAIL" start="2025-02-18T14:22:54.771009" elapsed="6.557091">Element 'xpath=//tbody/tr[3]/td[5]//div[contains(.,'Menunggu persetujuan')]' not visible after 5 seconds.</status>
</kw>
<msg time="2025-02-18T14:23:01.328100" level="INFO">${res} = False</msg>
<var>${res}</var>
<arg>Wait Until Element Is Visible</arg>
<arg>${locator}</arg>
<arg>timeout=5s</arg>
<doc>Runs the given keyword with given arguments and returns the status as a Boolean value.</doc>
<status status="PASS" start="2025-02-18T14:22:54.770046" elapsed="6.558054"/>
</kw>
<return>
<value>${res}</value>
<status status="PASS" start="2025-02-18T14:23:01.328100" elapsed="0.000995"/>
</return>
<msg time="2025-02-18T14:23:01.329095" level="INFO">${res} = False</msg>
<var>${res}</var>
<arg>xpath=//tbody/tr[${counter}]/td[5]//div[contains(.,'${textStatusProject}')]</arg>
<status status="PASS" start="2025-02-18T14:22:54.769012" elapsed="6.560083"/>
</kw>
<if>
<branch type="IF" condition="${res}">
<kw name="Get Text" owner="SeleniumLibrary">
<var>${text}</var>
<arg>xpath=//tbody/tr[${counter}]/td[1]</arg>
<doc>Returns the text value of the element identified by ``locator``.</doc>
<status status="NOT RUN" start="2025-02-18T14:23:01.329095" elapsed="0.000000"/>
</kw>
<kw name="Get Text" owner="SeleniumLibrary">
<var>${status}</var>
<arg>xpath=//tbody/tr[${counter}]/td[5]</arg>
<doc>Returns the text value of the element identified by ``locator``.</doc>
<status status="NOT RUN" start="2025-02-18T14:23:01.330127" elapsed="0.000000"/>
</kw>
<kw name="user click element" owner="generalFunct">
<arg>xpath=//tbody/tr[${counter}]/td[contains(., 'Detail')]</arg>
<status status="NOT RUN" start="2025-02-18T14:23:01.330127" elapsed="0.000000"/>
</kw>
<kw name="general Wait Until" owner="generalFunct">
<arg>xpath=//span[normalize-space()='Detail Project']</arg>
<status status="NOT RUN" start="2025-02-18T14:23:01.330127" elapsed="0.000000"/>
</kw>
<kw name="general Wait Until" owner="generalFunct">
<arg>${namaProject_onDetailPage}</arg>
<status status="NOT RUN" start="2025-02-18T14:23:01.330127" elapsed="0.000000"/>
</kw>
<kw name="Get Text" owner="SeleniumLibrary">
<var>${nameProject}</var>
<arg>${namaProject_onDetailPage}</arg>
<doc>Returns the text value of the element identified by ``locator``.</doc>
<status status="NOT RUN" start="2025-02-18T14:23:01.330127" elapsed="0.001001"/>
</kw>
<kw name="Get Text" owner="SeleniumLibrary">
<var>${status_onDetailPage}</var>
<arg>${statusProject}</arg>
<doc>Returns the text value of the element identified by ``locator``.</doc>
<status status="NOT RUN" start="2025-02-18T14:23:01.331128" elapsed="0.000000"/>
</kw>
<kw name="Log To Console" owner="BuiltIn">
<arg>Nama Project: ${nameProject}</arg>
<doc>Logs the given message to the console.</doc>
<status status="NOT RUN" start="2025-02-18T14:23:01.331128" elapsed="0.000000"/>
</kw>
<kw name="Log To Console" owner="BuiltIn">
<arg>Status Project: ${status_onDetailPage}</arg>
<doc>Logs the given message to the console.</doc>
<status status="NOT RUN" start="2025-02-18T14:23:01.331128" elapsed="0.000000"/>
</kw>
<kw name="Set Global Variable" owner="BuiltIn">
<arg>${nameProject_MenungguPersetujuan}</arg>
<arg>${nameProject}</arg>
<doc>Makes a variable available globally in all tests and suites.</doc>
<status status="NOT RUN" start="2025-02-18T14:23:01.331128" elapsed="0.000994"/>
</kw>
<kw name="Should Be Equal" owner="BuiltIn">
<arg>${nameProject}</arg>
<arg>${text}</arg>
<doc>Fails if the given objects are unequal.</doc>
<status status="NOT RUN" start="2025-02-18T14:23:01.332122" elapsed="0.000000"/>
</kw>
<kw name="Should Be Equal" owner="BuiltIn">
<arg>${status_onDetailPage}</arg>
<arg>${status}</arg>
<doc>Fails if the given objects are unequal.</doc>
<status status="NOT RUN" start="2025-02-18T14:23:01.332122" elapsed="0.000000"/>
</kw>
<kw name="Exit For Loop" owner="BuiltIn">
<doc>Stops executing the enclosing FOR loop.</doc>
<status status="NOT RUN" start="2025-02-18T14:23:01.332122" elapsed="0.000000"/>
</kw>
<status status="NOT RUN" start="2025-02-18T14:23:01.329095" elapsed="0.003027"/>
</branch>
<status status="PASS" start="2025-02-18T14:23:01.329095" elapsed="0.003027"/>
</if>
<var name="${counter}">3</var>
<status status="PASS" start="2025-02-18T14:22:54.768018" elapsed="6.564104"/>
</iter>
<iter>
<kw name="general return status" owner="generalFunct">
<kw name="Run Keyword And Return Status" owner="BuiltIn">
<kw name="Wait Until Element Is Visible" owner="SeleniumLibrary">
<msg time="2025-02-18T14:23:06.542322" level="INFO" html="true">&lt;/td&gt;&lt;/tr&gt;&lt;tr&gt;&lt;td colspan="3"&gt;&lt;a href="selenium-screenshot-4.png"&gt;&lt;img src="selenium-screenshot-4.png" width="800px"&gt;&lt;/a&gt;</msg>
<msg time="2025-02-18T14:23:06.542322" level="FAIL">Element 'xpath=//tbody/tr[4]/td[5]//div[contains(.,'Menunggu persetujuan')]' not visible after 5 seconds.</msg>
<arg>${locator}</arg>
<arg>timeout=5s</arg>
<doc>Waits until the element ``locator`` is visible.</doc>
<status status="FAIL" start="2025-02-18T14:23:01.334120" elapsed="5.210198">Element 'xpath=//tbody/tr[4]/td[5]//div[contains(.,'Menunggu persetujuan')]' not visible after 5 seconds.</status>
</kw>
<msg time="2025-02-18T14:23:06.544318" level="INFO">${res} = False</msg>
<var>${res}</var>
<arg>Wait Until Element Is Visible</arg>
<arg>${locator}</arg>
<arg>timeout=5s</arg>
<doc>Runs the given keyword with given arguments and returns the status as a Boolean value.</doc>
<status status="PASS" start="2025-02-18T14:23:01.333122" elapsed="5.211196"/>
</kw>
<return>
<value>${res}</value>
<status status="PASS" start="2025-02-18T14:23:06.544318" elapsed="0.000000"/>
</return>
<msg time="2025-02-18T14:23:06.545315" level="INFO">${res} = False</msg>
<var>${res}</var>
<arg>xpath=//tbody/tr[${counter}]/td[5]//div[contains(.,'${textStatusProject}')]</arg>
<status status="PASS" start="2025-02-18T14:23:01.333122" elapsed="5.212193"/>
</kw>
<if>
<branch type="IF" condition="${res}">
<kw name="Get Text" owner="SeleniumLibrary">
<var>${text}</var>
<arg>xpath=//tbody/tr[${counter}]/td[1]</arg>
<doc>Returns the text value of the element identified by ``locator``.</doc>
<status status="NOT RUN" start="2025-02-18T14:23:06.545315" elapsed="0.000000"/>
</kw>
<kw name="Get Text" owner="SeleniumLibrary">
<var>${status}</var>
<arg>xpath=//tbody/tr[${counter}]/td[5]</arg>
<doc>Returns the text value of the element identified by ``locator``.</doc>
<status status="NOT RUN" start="2025-02-18T14:23:06.546316" elapsed="0.000000"/>
</kw>
<kw name="user click element" owner="generalFunct">
<arg>xpath=//tbody/tr[${counter}]/td[contains(., 'Detail')]</arg>
<status status="NOT RUN" start="2025-02-18T14:23:06.546316" elapsed="0.000000"/>
</kw>
<kw name="general Wait Until" owner="generalFunct">
<arg>xpath=//span[normalize-space()='Detail Project']</arg>
<status status="NOT RUN" start="2025-02-18T14:23:06.546316" elapsed="0.000000"/>
</kw>
<kw name="general Wait Until" owner="generalFunct">
<arg>${namaProject_onDetailPage}</arg>
<status status="NOT RUN" start="2025-02-18T14:23:06.546316" elapsed="0.000000"/>
</kw>
<kw name="Get Text" owner="SeleniumLibrary">
<var>${nameProject}</var>
<arg>${namaProject_onDetailPage}</arg>
<doc>Returns the text value of the element identified by ``locator``.</doc>
<status status="NOT RUN" start="2025-02-18T14:23:06.547312" elapsed="0.000000"/>
</kw>
<kw name="Get Text" owner="SeleniumLibrary">
<var>${status_onDetailPage}</var>
<arg>${statusProject}</arg>
<doc>Returns the text value of the element identified by ``locator``.</doc>
<status status="NOT RUN" start="2025-02-18T14:23:06.547312" elapsed="0.000000"/>
</kw>
<kw name="Log To Console" owner="BuiltIn">
<arg>Nama Project: ${nameProject}</arg>
<doc>Logs the given message to the console.</doc>
<status status="NOT RUN" start="2025-02-18T14:23:06.547312" elapsed="0.000000"/>
</kw>
<kw name="Log To Console" owner="BuiltIn">
<arg>Status Project: ${status_onDetailPage}</arg>
<doc>Logs the given message to the console.</doc>
<status status="NOT RUN" start="2025-02-18T14:23:06.547312" elapsed="0.000000"/>
</kw>
<kw name="Set Global Variable" owner="BuiltIn">
<arg>${nameProject_MenungguPersetujuan}</arg>
<arg>${nameProject}</arg>
<doc>Makes a variable available globally in all tests and suites.</doc>
<status status="NOT RUN" start="2025-02-18T14:23:06.548309" elapsed="0.000000"/>
</kw>
<kw name="Should Be Equal" owner="BuiltIn">
<arg>${nameProject}</arg>
<arg>${text}</arg>
<doc>Fails if the given objects are unequal.</doc>
<status status="NOT RUN" start="2025-02-18T14:23:06.548309" elapsed="0.000000"/>
</kw>
<kw name="Should Be Equal" owner="BuiltIn">
<arg>${status_onDetailPage}</arg>
<arg>${status}</arg>
<doc>Fails if the given objects are unequal.</doc>
<status status="NOT RUN" start="2025-02-18T14:23:06.548309" elapsed="0.000000"/>
</kw>
<kw name="Exit For Loop" owner="BuiltIn">
<doc>Stops executing the enclosing FOR loop.</doc>
<status status="NOT RUN" start="2025-02-18T14:23:06.548309" elapsed="0.000000"/>
</kw>
<status status="NOT RUN" start="2025-02-18T14:23:06.545315" elapsed="0.002994"/>
</branch>
<status status="PASS" start="2025-02-18T14:23:06.545315" elapsed="0.002994"/>
</if>
<var name="${counter}">4</var>
<status status="PASS" start="2025-02-18T14:23:01.333122" elapsed="5.216185"/>
</iter>
<iter>
<kw name="general return status" owner="generalFunct">
<kw name="Run Keyword And Return Status" owner="BuiltIn">
<kw name="Wait Until Element Is Visible" owner="SeleniumLibrary">
<arg>${locator}</arg>
<arg>timeout=5s</arg>
<doc>Waits until the element ``locator`` is visible.</doc>
<status status="PASS" start="2025-02-18T14:23:06.550304" elapsed="0.031070"/>
</kw>
<msg time="2025-02-18T14:23:06.582372" level="INFO">${res} = True</msg>
<var>${res}</var>
<arg>Wait Until Element Is Visible</arg>
<arg>${locator}</arg>
<arg>timeout=5s</arg>
<doc>Runs the given keyword with given arguments and returns the status as a Boolean value.</doc>
<status status="PASS" start="2025-02-18T14:23:06.550304" elapsed="0.032068"/>
</kw>
<return>
<value>${res}</value>
<status status="PASS" start="2025-02-18T14:23:06.582372" elapsed="0.000000"/>
</return>
<msg time="2025-02-18T14:23:06.582372" level="INFO">${res} = True</msg>
<var>${res}</var>
<arg>xpath=//tbody/tr[${counter}]/td[5]//div[contains(.,'${textStatusProject}')]</arg>
<status status="PASS" start="2025-02-18T14:23:06.549307" elapsed="0.033065"/>
</kw>
<if>
<branch type="IF" condition="${res}">
<kw name="Get Text" owner="SeleniumLibrary">
<msg time="2025-02-18T14:23:06.610549" level="INFO">${text} = Amadas Richelieu</msg>
<var>${text}</var>
<arg>xpath=//tbody/tr[${counter}]/td[1]</arg>
<doc>Returns the text value of the element identified by ``locator``.</doc>
<status status="PASS" start="2025-02-18T14:23:06.583370" elapsed="0.027179"/>
</kw>
<kw name="Get Text" owner="SeleniumLibrary">
<msg time="2025-02-18T14:23:06.646453" level="INFO">${status} = Menunggu persetujuan</msg>
<var>${status}</var>
<arg>xpath=//tbody/tr[${counter}]/td[5]</arg>
<doc>Returns the text value of the element identified by ``locator``.</doc>
<status status="PASS" start="2025-02-18T14:23:06.611550" elapsed="0.034903"/>
</kw>
<kw name="user click element" owner="generalFunct">
<kw name="Wait Until Element Is Visible" owner="SeleniumLibrary">
<arg>${element}</arg>
<doc>Waits until the element ``locator`` is visible.</doc>
<status status="PASS" start="2025-02-18T14:23:06.647450" elapsed="0.050428"/>
</kw>
<kw name="Click Element" owner="SeleniumLibrary">
<msg time="2025-02-18T14:23:06.699873" level="INFO">Clicking element 'xpath=//tbody/tr[5]/td[contains(., 'Detail')]'.</msg>
<msg time="2025-02-18T14:23:07.987127" level="INFO">${clickElement} = None</msg>
<var>${clickElement}</var>
<arg>${element}</arg>
<doc>Click the element identified by ``locator``.</doc>
<status status="PASS" start="2025-02-18T14:23:06.698875" elapsed="1.288252"/>
</kw>
<return>
<value>${clickElement}</value>
<status status="PASS" start="2025-02-18T14:23:07.987127" elapsed="0.000000"/>
</return>
<arg>xpath=//tbody/tr[${counter}]/td[contains(., 'Detail')]</arg>
<status status="PASS" start="2025-02-18T14:23:06.647450" elapsed="1.339677"/>
</kw>
<kw name="general Wait Until" owner="generalFunct">
<kw name="Wait Until Element Is Visible" owner="SeleniumLibrary">
<arg>${locator}</arg>
<arg>timeout=5s</arg>
<doc>Waits until the element ``locator`` is visible.</doc>
<status status="PASS" start="2025-02-18T14:23:07.989122" elapsed="2.156781"/>
</kw>
<arg>xpath=//span[normalize-space()='Detail Project']</arg>
<status status="PASS" start="2025-02-18T14:23:07.988163" elapsed="2.157740"/>
</kw>
<kw name="general Wait Until" owner="generalFunct">
<kw name="Wait Until Element Is Visible" owner="SeleniumLibrary">
<arg>${locator}</arg>
<arg>timeout=5s</arg>
<doc>Waits until the element ``locator`` is visible.</doc>
<status status="PASS" start="2025-02-18T14:23:10.147898" elapsed="0.047195"/>
</kw>
<arg>${namaProject_onDetailPage}</arg>
<status status="PASS" start="2025-02-18T14:23:10.146901" elapsed="0.048192"/>
</kw>
<kw name="Get Text" owner="SeleniumLibrary">
<msg time="2025-02-18T14:23:10.215039" level="INFO">${nameProject} = Amadas Richelieu</msg>
<var>${nameProject}</var>
<arg>${namaProject_onDetailPage}</arg>
<doc>Returns the text value of the element identified by ``locator``.</doc>
<status status="PASS" start="2025-02-18T14:23:10.195093" elapsed="0.019946"/>
</kw>
<kw name="Get Text" owner="SeleniumLibrary">
<msg time="2025-02-18T14:23:10.243963" level="INFO">${status_onDetailPage} = Menunggu persetujuan</msg>
<var>${status_onDetailPage}</var>
<arg>${statusProject}</arg>
<doc>Returns the text value of the element identified by ``locator``.</doc>
<status status="PASS" start="2025-02-18T14:23:10.215039" elapsed="0.028924"/>
</kw>
<kw name="Log To Console" owner="BuiltIn">
<arg>Nama Project: ${nameProject}</arg>
<doc>Logs the given message to the console.</doc>
<status status="PASS" start="2025-02-18T14:23:10.244960" elapsed="0.000000"/>
</kw>
<kw name="Log To Console" owner="BuiltIn">
<arg>Status Project: ${status_onDetailPage}</arg>
<doc>Logs the given message to the console.</doc>
<status status="PASS" start="2025-02-18T14:23:10.245956" elapsed="0.394423"/>
</kw>
<kw name="Set Global Variable" owner="BuiltIn">
<msg time="2025-02-18T14:23:10.642376" level="INFO">${nameProject_MenungguPersetujuan} = Amadas Richelieu</msg>
<arg>${nameProject_MenungguPersetujuan}</arg>
<arg>${nameProject}</arg>
<doc>Makes a variable available globally in all tests and suites.</doc>
<status status="PASS" start="2025-02-18T14:23:10.640379" elapsed="0.001997"/>
</kw>
<kw name="Should Be Equal" owner="BuiltIn">
<arg>${nameProject}</arg>
<arg>${text}</arg>
<doc>Fails if the given objects are unequal.</doc>
<status status="PASS" start="2025-02-18T14:23:10.643374" elapsed="0.000000"/>
</kw>
<kw name="Should Be Equal" owner="BuiltIn">
<arg>${status_onDetailPage}</arg>
<arg>${status}</arg>
<doc>Fails if the given objects are unequal.</doc>
<status status="PASS" start="2025-02-18T14:23:10.643374" elapsed="0.000000"/>
</kw>
<kw name="Exit For Loop" owner="BuiltIn">
<msg time="2025-02-18T14:23:10.644370" level="INFO">Exiting for loop altogether.</msg>
<doc>Stops executing the enclosing FOR loop.</doc>
<status status="PASS" start="2025-02-18T14:23:10.644370" elapsed="0.000000"/>
</kw>
<status status="PASS" start="2025-02-18T14:23:06.582372" elapsed="4.061998"/>
</branch>
<status status="PASS" start="2025-02-18T14:23:06.582372" elapsed="4.061998"/>
</if>
<var name="${counter}">5</var>
<status status="PASS" start="2025-02-18T14:23:06.549307" elapsed="4.095063"/>
</iter>
<var>${counter}</var>
<value>1</value>
<value>10</value>
<status status="PASS" start="2025-02-18T14:22:44.056425" elapsed="26.587945"/>
</for>
<arg>${textStatus}</arg>
<status status="PASS" start="2025-02-18T14:22:44.055426" elapsed="26.588944"/>
</kw>
<kw name="Exit For Loop" owner="BuiltIn">
<msg time="2025-02-18T14:23:10.644370" level="INFO">Exiting for loop altogether.</msg>
<doc>Stops executing the enclosing FOR loop.</doc>
<status status="PASS" start="2025-02-18T14:23:10.644370" elapsed="0.000998"/>
</kw>
<status status="PASS" start="2025-02-18T14:22:44.054431" elapsed="26.590937"/>
</branch>
<branch type="ELSE">
<kw name="general return status" owner="generalFunct">
<var>${next}</var>
<arg>${nextPage}</arg>
<status status="NOT RUN" start="2025-02-18T14:23:10.645368" elapsed="0.000000"/>
</kw>
<kw name="Run Keyword If" owner="BuiltIn">
<arg>${next}</arg>
<arg>user click element</arg>
<arg>${nextPage}</arg>
<doc>Runs the given keyword with the given arguments, if ``condition`` is true.</doc>
<status status="NOT RUN" start="2025-02-18T14:23:10.645368" elapsed="0.000000"/>
</kw>
<status status="NOT RUN" start="2025-02-18T14:23:10.645368" elapsed="0.000000"/>
</branch>
<status status="PASS" start="2025-02-18T14:22:44.054431" elapsed="26.590937"/>
</if>
<var name="${counter}">1</var>
<status status="PASS" start="2025-02-18T14:22:44.021041" elapsed="26.624327"/>
</iter>
<var>${counter}</var>
<value>1</value>
<value>${len}</value>
<status status="PASS" start="2025-02-18T14:22:44.020032" elapsed="26.625336"/>
</for>
<arg>Menunggu persetujuan</arg>
<status status="PASS" start="2025-02-18T14:22:41.018389" elapsed="29.627981"/>
</kw>
<kw name="And detail information on detail page" owner="pom_detailProject_MenungguPersetujuan">
<kw name="Get Length" owner="BuiltIn">
<msg time="2025-02-18T14:23:10.646370" level="INFO">Length is 31.</msg>
<msg time="2025-02-18T14:23:10.647363" level="INFO">${len} = 31</msg>
<var>${len}</var>
<arg>xpath=//div[@class='w-100']/div</arg>
<doc>Returns and logs the length of the given item as an integer.</doc>
<status status="PASS" start="2025-02-18T14:23:10.646370" elapsed="0.000993"/>
</kw>
<for flavor="IN RANGE">
<iter>
<kw name="general return status" owner="generalFunct">
<kw name="Run Keyword And Return Status" owner="BuiltIn">
<kw name="Wait Until Element Is Visible" owner="SeleniumLibrary">
<arg>${locator}</arg>
<arg>timeout=5s</arg>
<doc>Waits until the element ``locator`` is visible.</doc>
<status status="PASS" start="2025-02-18T14:23:10.650353" elapsed="0.040728"/>
</kw>
<msg time="2025-02-18T14:23:10.691081" level="INFO">${res} = True</msg>
<var>${res}</var>
<arg>Wait Until Element Is Visible</arg>
<arg>${locator}</arg>
<arg>timeout=5s</arg>
<doc>Runs the given keyword with given arguments and returns the status as a Boolean value.</doc>
<status status="PASS" start="2025-02-18T14:23:10.649358" elapsed="0.041723"/>
</kw>
<return>
<value>${res}</value>
<status status="PASS" start="2025-02-18T14:23:10.692077" elapsed="0.000000"/>
</return>
<msg time="2025-02-18T14:23:10.692077" level="INFO">${res} = True</msg>
<var>${res}</var>
<arg>xpath=//div[@class='w-100']/div[${counter}]</arg>
<status status="PASS" start="2025-02-18T14:23:10.648362" elapsed="0.043715"/>
</kw>
<if>
<branch type="IF" condition="${res}">
<kw name="Get Text" owner="SeleniumLibrary">
<msg time="2025-02-18T14:23:10.719274" level="INFO">${text} = Admin</msg>
<var>${text}</var>
<arg>xpath=//div[@class='w-100']/div[${counter}]/div[1]/span</arg>
<doc>Returns the text value of the element identified by ``locator``.</doc>
<status status="PASS" start="2025-02-18T14:23:10.692077" elapsed="0.027197"/>
</kw>
<kw name="Get Text" owner="SeleniumLibrary">
<msg time="2025-02-18T14:23:10.743212" level="INFO">${textName} = AssQull</msg>
<var>${textName}</var>
<arg>xpath=//div[@class='w-100']/div[${counter}]/div[2]/span[2]</arg>
<doc>Returns the text value of the element identified by ``locator``.</doc>
<status status="PASS" start="2025-02-18T14:23:10.719274" elapsed="0.023938"/>
</kw>
<kw name="Log To Console" owner="BuiltIn">
<arg>${text}: ${textName}</arg>
<doc>Logs the given message to the console.</doc>
<status status="PASS" start="2025-02-18T14:23:10.744209" elapsed="0.000000"/>
</kw>
<kw name="Get Text" owner="SeleniumLibrary">
<msg time="2025-02-18T14:23:11.237401" level="INFO">${textBorder} = Tanggal project</msg>
<var>${textBorder}</var>
<arg>xpath=//div[@class="w-100 borderRight "]/div[${counter}]/div[1]/span</arg>
<doc>Returns the text value of the element identified by ``locator``.</doc>
<status status="PASS" start="2025-02-18T14:23:10.744209" elapsed="0.493192"/>
</kw>
<kw name="Get Text" owner="SeleniumLibrary">
<msg time="2025-02-18T14:23:11.264818" level="INFO">${textBorderRight} = 04 Feb 2025 - 31 Dec 2028</msg>
<var>${textBorderRight}</var>
<arg>xpath=//div[@class="w-100 borderRight "]/div[${counter}]/div[2]/span[2]</arg>
<doc>Returns the text value of the element identified by ``locator``.</doc>
<status status="PASS" start="2025-02-18T14:23:11.238398" elapsed="0.026420"/>
</kw>
<kw name="Log To Console" owner="BuiltIn">
<arg>${textBorder}: ${textBorderRight}</arg>
<doc>Logs the given message to the console.</doc>
<status status="PASS" start="2025-02-18T14:23:11.264818" elapsed="0.001407"/>
</kw>
<status status="PASS" start="2025-02-18T14:23:10.692077" elapsed="0.574148"/>
</branch>
<branch type="ELSE">
<kw name="Exit For Loop" owner="BuiltIn">
<doc>Stops executing the enclosing FOR loop.</doc>
<status status="NOT RUN" start="2025-02-18T14:23:11.266225" elapsed="0.000000"/>
</kw>
<status status="NOT RUN" start="2025-02-18T14:23:11.266225" elapsed="0.000000"/>
</branch>
<status status="PASS" start="2025-02-18T14:23:10.692077" elapsed="0.574148"/>
</if>
<var name="${counter}">1</var>
<status status="PASS" start="2025-02-18T14:23:10.648362" elapsed="0.617863"/>
</iter>
<iter>
<kw name="general return status" owner="generalFunct">
<kw name="Run Keyword And Return Status" owner="BuiltIn">
<kw name="Wait Until Element Is Visible" owner="SeleniumLibrary">
<arg>${locator}</arg>
<arg>timeout=5s</arg>
<doc>Waits until the element ``locator`` is visible.</doc>
<status status="PASS" start="2025-02-18T14:23:11.268224" elapsed="0.040733"/>
</kw>
<msg time="2025-02-18T14:23:11.308957" level="INFO">${res} = True</msg>
<var>${res}</var>
<arg>Wait Until Element Is Visible</arg>
<arg>${locator}</arg>
<arg>timeout=5s</arg>
<doc>Runs the given keyword with given arguments and returns the status as a Boolean value.</doc>
<status status="PASS" start="2025-02-18T14:23:11.267265" elapsed="0.041692"/>
</kw>
<return>
<value>${res}</value>
<status status="PASS" start="2025-02-18T14:23:11.308957" elapsed="0.000000"/>
</return>
<msg time="2025-02-18T14:23:11.309990" level="INFO">${res} = True</msg>
<var>${res}</var>
<arg>xpath=//div[@class='w-100']/div[${counter}]</arg>
<status status="PASS" start="2025-02-18T14:23:11.267265" elapsed="0.042725"/>
</kw>
<if>
<branch type="IF" condition="${res}">
<kw name="Get Text" owner="SeleniumLibrary">
<msg time="2025-02-18T14:23:11.340046" level="INFO">${text} = Manager Project</msg>
<var>${text}</var>
<arg>xpath=//div[@class='w-100']/div[${counter}]/div[1]/span</arg>
<doc>Returns the text value of the element identified by ``locator``.</doc>
<status status="PASS" start="2025-02-18T14:23:11.309990" elapsed="0.030056"/>
</kw>
<kw name="Get Text" owner="SeleniumLibrary">
<msg time="2025-02-18T14:23:11.377919" level="INFO">${textName} = Portouy</msg>
<var>${textName}</var>
<arg>xpath=//div[@class='w-100']/div[${counter}]/div[2]/span[2]</arg>
<doc>Returns the text value of the element identified by ``locator``.</doc>
<status status="PASS" start="2025-02-18T14:23:11.340046" elapsed="0.037873"/>
</kw>
<kw name="Log To Console" owner="BuiltIn">
<arg>${text}: ${textName}</arg>
<doc>Logs the given message to the console.</doc>
<status status="PASS" start="2025-02-18T14:23:11.377919" elapsed="0.000998"/>
</kw>
<kw name="Get Text" owner="SeleniumLibrary">
<msg time="2025-02-18T14:23:11.421219" level="INFO">${textBorder} = Anggaran maksimal</msg>
<var>${textBorder}</var>
<arg>xpath=//div[@class="w-100 borderRight "]/div[${counter}]/div[1]/span</arg>
<doc>Returns the text value of the element identified by ``locator``.</doc>
<status status="PASS" start="2025-02-18T14:23:11.378917" elapsed="0.042302"/>
</kw>
<kw name="Get Text" owner="SeleniumLibrary">
<msg time="2025-02-18T14:23:11.446356" level="INFO">${textBorderRight} = Rp 46,044,965</msg>
<var>${textBorderRight}</var>
<arg>xpath=//div[@class="w-100 borderRight "]/div[${counter}]/div[2]/span[2]</arg>
<doc>Returns the text value of the element identified by ``locator``.</doc>
<status status="PASS" start="2025-02-18T14:23:11.421219" elapsed="0.025137"/>
</kw>
<kw name="Log To Console" owner="BuiltIn">
<arg>${textBorder}: ${textBorderRight}</arg>
<doc>Logs the given message to the console.</doc>
<status status="PASS" start="2025-02-18T14:23:11.447352" elapsed="0.000000"/>
</kw>
<status status="PASS" start="2025-02-18T14:23:11.309990" elapsed="0.137362"/>
</branch>
<branch type="ELSE">
<kw name="Exit For Loop" owner="BuiltIn">
<doc>Stops executing the enclosing FOR loop.</doc>
<status status="NOT RUN" start="2025-02-18T14:23:11.448349" elapsed="0.000000"/>
</kw>
<status status="NOT RUN" start="2025-02-18T14:23:11.448349" elapsed="0.000000"/>
</branch>
<status status="PASS" start="2025-02-18T14:23:11.309990" elapsed="0.138359"/>
</if>
<var name="${counter}">2</var>
<status status="PASS" start="2025-02-18T14:23:11.267265" elapsed="0.181084"/>
</iter>
<iter>
<kw name="general return status" owner="generalFunct">
<kw name="Run Keyword And Return Status" owner="BuiltIn">
<kw name="Wait Until Element Is Visible" owner="SeleniumLibrary">
<arg>${locator}</arg>
<arg>timeout=5s</arg>
<doc>Waits until the element ``locator`` is visible.</doc>
<status status="PASS" start="2025-02-18T14:23:11.450345" elapsed="0.026247"/>
</kw>
<msg time="2025-02-18T14:23:11.476592" level="INFO">${res} = True</msg>
<var>${res}</var>
<arg>Wait Until Element Is Visible</arg>
<arg>${locator}</arg>
<arg>timeout=5s</arg>
<doc>Runs the given keyword with given arguments and returns the status as a Boolean value.</doc>
<status status="PASS" start="2025-02-18T14:23:11.449348" elapsed="0.027244"/>
</kw>
<return>
<value>${res}</value>
<status status="PASS" start="2025-02-18T14:23:11.476592" elapsed="0.000000"/>
</return>
<msg time="2025-02-18T14:23:11.476592" level="INFO">${res} = True</msg>
<var>${res}</var>
<arg>xpath=//div[@class='w-100']/div[${counter}]</arg>
<status status="PASS" start="2025-02-18T14:23:11.449348" elapsed="0.027244"/>
</kw>
<if>
<branch type="IF" condition="${res}">
<kw name="Get Text" owner="SeleniumLibrary">
<msg time="2025-02-18T14:23:11.505493" level="INFO">${text} = Finance</msg>
<var>${text}</var>
<arg>xpath=//div[@class='w-100']/div[${counter}]/div[1]/span</arg>
<doc>Returns the text value of the element identified by ``locator``.</doc>
<status status="PASS" start="2025-02-18T14:23:11.477589" elapsed="0.027904"/>
</kw>
<kw name="Get Text" owner="SeleniumLibrary">
<msg time="2025-02-18T14:23:11.532556" level="INFO">${textName} = Fin Ma</msg>
<var>${textName}</var>
<arg>xpath=//div[@class='w-100']/div[${counter}]/div[2]/span[2]</arg>
<doc>Returns the text value of the element identified by ``locator``.</doc>
<status status="PASS" start="2025-02-18T14:23:11.506527" elapsed="0.026029"/>
</kw>
<kw name="Log To Console" owner="BuiltIn">
<arg>${text}: ${textName}</arg>
<doc>Logs the given message to the console.</doc>
<status status="PASS" start="2025-02-18T14:23:11.533592" elapsed="0.000000"/>
</kw>
<kw name="Get Text" owner="SeleniumLibrary">
<msg time="2025-02-18T14:23:11.562476" level="INFO">${textBorder} = Total pembelian</msg>
<var>${textBorder}</var>
<arg>xpath=//div[@class="w-100 borderRight "]/div[${counter}]/div[1]/span</arg>
<doc>Returns the text value of the element identified by ``locator``.</doc>
<status status="PASS" start="2025-02-18T14:23:11.534550" elapsed="0.027926"/>
</kw>
<kw name="Get Text" owner="SeleniumLibrary">
<msg time="2025-02-18T14:23:11.593396" level="INFO">${textBorderRight} = Rp 0</msg>
<var>${textBorderRight}</var>
<arg>xpath=//div[@class="w-100 borderRight "]/div[${counter}]/div[2]/span[2]</arg>
<doc>Returns the text value of the element identified by ``locator``.</doc>
<status status="PASS" start="2025-02-18T14:23:11.563475" elapsed="0.029921"/>
</kw>
<kw name="Log To Console" owner="BuiltIn">
<arg>${textBorder}: ${textBorderRight}</arg>
<doc>Logs the given message to the console.</doc>
<status status="PASS" start="2025-02-18T14:23:11.593396" elapsed="0.009974"/>
</kw>
<status status="PASS" start="2025-02-18T14:23:11.476592" elapsed="0.127774"/>
</branch>
<branch type="ELSE">
<kw name="Exit For Loop" owner="BuiltIn">
<doc>Stops executing the enclosing FOR loop.</doc>
<status status="NOT RUN" start="2025-02-18T14:23:11.604366" elapsed="0.000000"/>
</kw>
<status status="NOT RUN" start="2025-02-18T14:23:11.604366" elapsed="0.000000"/>
</branch>
<status status="PASS" start="2025-02-18T14:23:11.476592" elapsed="0.127774"/>
</if>
<var name="${counter}">3</var>
<status status="PASS" start="2025-02-18T14:23:11.448349" elapsed="0.157014"/>
</iter>
<iter>
<kw name="general return status" owner="generalFunct">
<kw name="Run Keyword And Return Status" owner="BuiltIn">
<kw name="Wait Until Element Is Visible" owner="SeleniumLibrary">
<msg time="2025-02-18T14:23:16.789188" level="INFO" html="true">&lt;/td&gt;&lt;/tr&gt;&lt;tr&gt;&lt;td colspan="3"&gt;&lt;a href="selenium-screenshot-5.png"&gt;&lt;img src="selenium-screenshot-5.png" width="800px"&gt;&lt;/a&gt;</msg>
<msg time="2025-02-18T14:23:16.789188" level="FAIL">Element 'xpath=//div[@class='w-100']/div[4]' not visible after 5 seconds.</msg>
<arg>${locator}</arg>
<arg>timeout=5s</arg>
<doc>Waits until the element ``locator`` is visible.</doc>
<status status="FAIL" start="2025-02-18T14:23:11.607358" elapsed="5.183826">Element 'xpath=//div[@class='w-100']/div[4]' not visible after 5 seconds.</status>
</kw>
<msg time="2025-02-18T14:23:16.791184" level="INFO">${res} = False</msg>
<var>${res}</var>
<arg>Wait Until Element Is Visible</arg>
<arg>${locator}</arg>
<arg>timeout=5s</arg>
<doc>Runs the given keyword with given arguments and returns the status as a Boolean value.</doc>
<status status="PASS" start="2025-02-18T14:23:11.606362" elapsed="5.184822"/>
</kw>
<return>
<value>${res}</value>
<status status="PASS" start="2025-02-18T14:23:16.792180" elapsed="0.000000"/>
</return>
<msg time="2025-02-18T14:23:16.792180" level="INFO">${res} = False</msg>
<var>${res}</var>
<arg>xpath=//div[@class='w-100']/div[${counter}]</arg>
<status status="PASS" start="2025-02-18T14:23:11.606362" elapsed="5.185818"/>
</kw>
<if>
<branch type="IF" condition="${res}">
<kw name="Get Text" owner="SeleniumLibrary">
<var>${text}</var>
<arg>xpath=//div[@class='w-100']/div[${counter}]/div[1]/span</arg>
<doc>Returns the text value of the element identified by ``locator``.</doc>
<status status="NOT RUN" start="2025-02-18T14:23:16.794174" elapsed="0.000000"/>
</kw>
<kw name="Get Text" owner="SeleniumLibrary">
<var>${textName}</var>
<arg>xpath=//div[@class='w-100']/div[${counter}]/div[2]/span[2]</arg>
<doc>Returns the text value of the element identified by ``locator``.</doc>
<status status="NOT RUN" start="2025-02-18T14:23:16.794174" elapsed="0.000000"/>
</kw>
<kw name="Log To Console" owner="BuiltIn">
<arg>${text}: ${textName}</arg>
<doc>Logs the given message to the console.</doc>
<status status="NOT RUN" start="2025-02-18T14:23:16.795171" elapsed="0.000000"/>
</kw>
<kw name="Get Text" owner="SeleniumLibrary">
<var>${textBorder}</var>
<arg>xpath=//div[@class="w-100 borderRight "]/div[${counter}]/div[1]/span</arg>
<doc>Returns the text value of the element identified by ``locator``.</doc>
<status status="NOT RUN" start="2025-02-18T14:23:16.795171" elapsed="0.000000"/>
</kw>
<kw name="Get Text" owner="SeleniumLibrary">
<var>${textBorderRight}</var>
<arg>xpath=//div[@class="w-100 borderRight "]/div[${counter}]/div[2]/span[2]</arg>
<doc>Returns the text value of the element identified by ``locator``.</doc>
<status status="NOT RUN" start="2025-02-18T14:23:16.795171" elapsed="0.000000"/>
</kw>
<kw name="Log To Console" owner="BuiltIn">
<arg>${textBorder}: ${textBorderRight}</arg>
<doc>Logs the given message to the console.</doc>
<status status="NOT RUN" start="2025-02-18T14:23:16.795171" elapsed="0.001000"/>
</kw>
<status status="NOT RUN" start="2025-02-18T14:23:16.793178" elapsed="0.002993"/>
</branch>
<branch type="ELSE">
<kw name="Exit For Loop" owner="BuiltIn">
<msg time="2025-02-18T14:23:16.796171" level="INFO">Exiting for loop altogether.</msg>
<doc>Stops executing the enclosing FOR loop.</doc>
<status status="PASS" start="2025-02-18T14:23:16.796171" elapsed="0.000000"/>
</kw>
<status status="PASS" start="2025-02-18T14:23:16.796171" elapsed="0.000000"/>
</branch>
<status status="PASS" start="2025-02-18T14:23:16.793178" elapsed="0.002993"/>
</if>
<var name="${counter}">4</var>
<status status="PASS" start="2025-02-18T14:23:11.605363" elapsed="5.190808"/>
</iter>
<var>${counter}</var>
<value>1</value>
<value>${len}</value>
<status status="PASS" start="2025-02-18T14:23:10.647363" elapsed="6.148808"/>
</for>
<status status="PASS" start="2025-02-18T14:23:10.646370" elapsed="6.150797"/>
</kw>
<status status="PASS" start="2025-02-18T14:21:55.698848" elapsed="81.098319"/>
</kw>
<kw name="End Web Test" owner="web_eProc" type="TEARDOWN">
<kw name="Log" owner="BuiltIn">
<msg time="2025-02-18T14:23:16.798419" level="INFO">Suite teardown initiated</msg>
<arg>Suite teardown initiated</arg>
<doc>Logs the given message with the given level.</doc>
<status status="PASS" start="2025-02-18T14:23:16.798419" elapsed="0.000000"/>
</kw>
<kw name="Close Browser" owner="SeleniumLibrary">
<doc>Closes the current browser.</doc>
<status status="PASS" start="2025-02-18T14:23:16.799418" elapsed="4.384768"/>
</kw>
<doc>Closes the browser after all tests in the suite have run</doc>
<status status="PASS" start="2025-02-18T14:23:16.797167" elapsed="4.387019"/>
</kw>
<doc>This scenario test User can access detail project page</doc>
<tag>1000s</tag>
<tag>detail_project</tag>
<tag>test</tag>
<status status="PASS" start="2025-02-18T14:20:51.424968" elapsed="149.759802"/>
</test>
<test id="s1-t2" name="Tim OP can Changes Data Alamat Project" line="15">
<kw name="Begin Web Test" owner="web_eProc" type="SETUP">
<kw name="Open Browser" owner="SeleniumLibrary">
<msg time="2025-02-18T14:23:21.188169" level="INFO">Opening browser 'headlesschrome' to base url 'about:blank'.</msg>
<arg>about:blank</arg>
<arg>${BROWSER}</arg>
<doc>Opens a new browser instance to the optional ``url``.</doc>
<status status="PASS" start="2025-02-18T14:23:21.187167" elapsed="7.391443"/>
</kw>
<kw name="Execute Javascript" owner="SeleniumLibrary">
<msg time="2025-02-18T14:23:28.579607" level="INFO">Executing JavaScript:
document.body.style.transform = 'scale(0.67)'; document.body.style.transformOrigin = '0 0';
Without any arguments.</msg>
<arg>document.body.style.transform = 'scale(0.67)'; document.body.style.transformOrigin = '0 0';</arg>
<doc>Executes the given JavaScript code with possible arguments.</doc>
<status status="PASS" start="2025-02-18T14:23:28.578610" elapsed="0.017167"/>
</kw>
<kw name="Go To" owner="SeleniumLibrary">
<msg time="2025-02-18T14:23:28.595777" level="INFO">Opening url 'https://dev-proyek.1000saudara.com/Login'</msg>
<arg>${URL}</arg>
<doc>Navigates the current browser window to the provided ``url``.</doc>
<status status="PASS" start="2025-02-18T14:23:28.595777" elapsed="11.157197"/>
</kw>
<status status="PASS" start="2025-02-18T14:23:21.187167" elapsed="18.566804"/>
</kw>
<kw name="User change data alamat project" owner="detailProject_MenungguPersetujuan">
<kw name="Given User go to detail Project Page" owner="detailProject_MenungguPersetujuan">
<kw name="Given User can access Home Login 1000s" owner="login">
<kw name="Then user go to home page E-Proc1000s" owner="pom_login_eProc">
<kw name="user visit E-Proc1000s Login Page" owner="pom_login_eProc">
<kw name="Get Location" owner="SeleniumLibrary">
<msg time="2025-02-18T14:23:39.775913" level="INFO">${current_url} = https://dev-proyek.1000saudara.com/Login</msg>
<var>${current_url}</var>
<doc>Returns the current browser window URL.</doc>
<status status="PASS" start="2025-02-18T14:23:39.759955" elapsed="0.015958"/>
</kw>
<kw name="Log" owner="BuiltIn">
<msg time="2025-02-18T14:23:39.775913" level="INFO">Current Path: https://dev-proyek.1000saudara.com/Login</msg>
<arg>Current Path: ${current_url}</arg>
<doc>Logs the given message with the given level.</doc>
<status status="PASS" start="2025-02-18T14:23:39.775913" elapsed="0.000998"/>
</kw>
<kw name="general return status" owner="generalFunct">
<kw name="Run Keyword And Return Status" owner="BuiltIn">
<kw name="Wait Until Element Is Visible" owner="SeleniumLibrary">
<msg time="2025-02-18T14:23:45.078858" level="INFO" html="true">&lt;/td&gt;&lt;/tr&gt;&lt;tr&gt;&lt;td colspan="3"&gt;&lt;a href="selenium-screenshot-6.png"&gt;&lt;img src="selenium-screenshot-6.png" width="800px"&gt;&lt;/a&gt;</msg>
<msg time="2025-02-18T14:23:45.078858" level="FAIL">Element 'xpath=//p[contains(text(), 'Log')]' not visible after 5 seconds.</msg>
<arg>${locator}</arg>
<arg>timeout=5s</arg>
<doc>Waits until the element ``locator`` is visible.</doc>
<status status="FAIL" start="2025-02-18T14:23:39.778905" elapsed="5.302464">Element 'xpath=//p[contains(text(), 'Log')]' not visible after 5 seconds.</status>
</kw>
<msg time="2025-02-18T14:23:45.081369" level="INFO">${res} = False</msg>
<var>${res}</var>
<arg>Wait Until Element Is Visible</arg>
<arg>${locator}</arg>
<arg>timeout=5s</arg>
<doc>Runs the given keyword with given arguments and returns the status as a Boolean value.</doc>
<status status="PASS" start="2025-02-18T14:23:39.777909" elapsed="5.304456"/>
</kw>
<return>
<value>${res}</value>
<status status="PASS" start="2025-02-18T14:23:45.082365" elapsed="0.000000"/>
</return>
<msg time="2025-02-18T14:23:45.083362" level="INFO">${res} = False</msg>
<var>${res}</var>
<arg>${headerLogin}</arg>
<status status="PASS" start="2025-02-18T14:23:39.776911" elapsed="5.306451"/>
</kw>
<while condition="${res} == $False">
<iter>
<kw name="Reload Page" owner="SeleniumLibrary">
<doc>Simulates user reloading page.</doc>
<status status="PASS" start="2025-02-18T14:23:45.084361" elapsed="19.148095"/>
</kw>
<kw name="Sleep" owner="BuiltIn">
<msg time="2025-02-18T14:24:05.732933" level="INFO">Slept 1 second 500 milliseconds.</msg>
<arg>1.5s</arg>
<doc>Pauses the test executed for the given time.</doc>
<status status="PASS" start="2025-02-18T14:24:04.232456" elapsed="1.500477"/>
</kw>
<kw name="general return status" owner="generalFunct">
<kw name="Run Keyword And Return Status" owner="BuiltIn">
<kw name="Wait Until Element Is Visible" owner="SeleniumLibrary">
<msg time="2025-02-18T14:24:10.868892" level="INFO" html="true">&lt;/td&gt;&lt;/tr&gt;&lt;tr&gt;&lt;td colspan="3"&gt;&lt;a href="selenium-screenshot-7.png"&gt;&lt;img src="selenium-screenshot-7.png" width="800px"&gt;&lt;/a&gt;</msg>
<msg time="2025-02-18T14:24:10.869890" level="FAIL">Element 'xpath=//p[contains(text(), 'Log')]' not visible after 5 seconds.</msg>
<arg>${locator}</arg>
<arg>timeout=5s</arg>
<doc>Waits until the element ``locator`` is visible.</doc>
<status status="FAIL" start="2025-02-18T14:24:05.733936" elapsed="5.136951">Element 'xpath=//p[contains(text(), 'Log')]' not visible after 5 seconds.</status>
</kw>
<msg time="2025-02-18T14:24:10.870887" level="INFO">${res} = False</msg>
<var>${res}</var>
<arg>Wait Until Element Is Visible</arg>
<arg>${locator}</arg>
<arg>timeout=5s</arg>
<doc>Runs the given keyword with given arguments and returns the status as a Boolean value.</doc>
<status status="PASS" start="2025-02-18T14:24:05.733936" elapsed="5.136951"/>
</kw>
<return>
<value>${res}</value>
<status status="PASS" start="2025-02-18T14:24:10.871884" elapsed="0.000000"/>
</return>
<msg time="2025-02-18T14:24:10.871884" level="INFO">${res} = False</msg>
<var>${res}</var>
<arg>${headerLogin}</arg>
<status status="PASS" start="2025-02-18T14:24:05.732933" elapsed="5.138951"/>
</kw>
<status status="PASS" start="2025-02-18T14:23:45.083362" elapsed="25.788522"/>
</iter>
<iter>
<kw name="Reload Page" owner="SeleniumLibrary">
<doc>Simulates user reloading page.</doc>
<status status="PASS" start="2025-02-18T14:24:10.872885" elapsed="17.004696"/>
</kw>
<kw name="Sleep" owner="BuiltIn">
<msg time="2025-02-18T14:24:29.378754" level="INFO">Slept 1 second 500 milliseconds.</msg>
<arg>1.5s</arg>
<doc>Pauses the test executed for the given time.</doc>
<status status="PASS" start="2025-02-18T14:24:27.878575" elapsed="1.500179"/>
</kw>
<kw name="general return status" owner="generalFunct">
<kw name="Run Keyword And Return Status" owner="BuiltIn">
<kw name="Wait Until Element Is Visible" owner="SeleniumLibrary">
<msg time="2025-02-18T14:24:34.595207" level="INFO" html="true">&lt;/td&gt;&lt;/tr&gt;&lt;tr&gt;&lt;td colspan="3"&gt;&lt;a href="selenium-screenshot-8.png"&gt;&lt;img src="selenium-screenshot-8.png" width="800px"&gt;&lt;/a&gt;</msg>
<msg time="2025-02-18T14:24:34.595207" level="FAIL">Element 'xpath=//p[contains(text(), 'Log')]' not visible after 5 seconds.</msg>
<arg>${locator}</arg>
<arg>timeout=5s</arg>
<doc>Waits until the element ``locator`` is visible.</doc>
<status status="FAIL" start="2025-02-18T14:24:29.379714" elapsed="5.216489">Element 'xpath=//p[contains(text(), 'Log')]' not visible after 5 seconds.</status>
</kw>
<msg time="2025-02-18T14:24:34.596203" level="INFO">${res} = False</msg>
<var>${res}</var>
<arg>Wait Until Element Is Visible</arg>
<arg>${locator}</arg>
<arg>timeout=5s</arg>
<doc>Runs the given keyword with given arguments and returns the status as a Boolean value.</doc>
<status status="PASS" start="2025-02-18T14:24:29.379714" elapsed="5.216489"/>
</kw>
<return>
<value>${res}</value>
<status status="PASS" start="2025-02-18T14:24:34.596203" elapsed="0.000997"/>
</return>
<msg time="2025-02-18T14:24:34.597200" level="INFO">${res} = False</msg>
<var>${res}</var>
<arg>${headerLogin}</arg>
<status status="PASS" start="2025-02-18T14:24:29.378754" elapsed="5.218446"/>
</kw>
<status status="PASS" start="2025-02-18T14:24:10.871884" elapsed="23.725316"/>
</iter>
<iter>
<kw name="Reload Page" owner="SeleniumLibrary">
<doc>Simulates user reloading page.</doc>
<status status="PASS" start="2025-02-18T14:24:34.597200" elapsed="21.932833"/>
</kw>
<kw name="Sleep" owner="BuiltIn">
<msg time="2025-02-18T14:24:58.032622" level="INFO">Slept 1 second 500 milliseconds.</msg>
<arg>1.5s</arg>
<doc>Pauses the test executed for the given time.</doc>
<status status="PASS" start="2025-02-18T14:24:56.531031" elapsed="1.501591"/>
</kw>
<kw name="general return status" owner="generalFunct">
<kw name="Run Keyword And Return Status" owner="BuiltIn">
<kw name="Wait Until Element Is Visible" owner="SeleniumLibrary">
<msg time="2025-02-18T14:25:03.214643" level="INFO" html="true">&lt;/td&gt;&lt;/tr&gt;&lt;tr&gt;&lt;td colspan="3"&gt;&lt;a href="selenium-screenshot-9.png"&gt;&lt;img src="selenium-screenshot-9.png" width="800px"&gt;&lt;/a&gt;</msg>
<msg time="2025-02-18T14:25:03.214643" level="FAIL">Element 'xpath=//p[contains(text(), 'Log')]' not visible after 5 seconds.</msg>
<arg>${locator}</arg>
<arg>timeout=5s</arg>
<doc>Waits until the element ``locator`` is visible.</doc>
<status status="FAIL" start="2025-02-18T14:24:58.034662" elapsed="5.181975">Element 'xpath=//p[contains(text(), 'Log')]' not visible after 5 seconds.</status>
</kw>
<msg time="2025-02-18T14:25:03.217626" level="INFO">${res} = False</msg>
<var>${res}</var>
<arg>Wait Until Element Is Visible</arg>
<arg>${locator}</arg>
<arg>timeout=5s</arg>
<doc>Runs the given keyword with given arguments and returns the status as a Boolean value.</doc>
<status status="PASS" start="2025-02-18T14:24:58.033689" elapsed="5.184189"/>
</kw>
<return>
<value>${res}</value>
<status status="PASS" start="2025-02-18T14:25:03.217906" elapsed="0.000000"/>
</return>
<msg time="2025-02-18T14:25:03.217906" level="INFO">${res} = False</msg>
<var>${res}</var>
<arg>${headerLogin}</arg>
<status status="PASS" start="2025-02-18T14:24:58.033689" elapsed="5.185216"/>
</kw>
<status status="PASS" start="2025-02-18T14:24:34.597200" elapsed="28.621705"/>
</iter>
<iter>
<kw name="Reload Page" owner="SeleniumLibrary">
<doc>Simulates user reloading page.</doc>
<status status="PASS" start="2025-02-18T14:25:03.219903" elapsed="7.861487"/>
</kw>
<kw name="Sleep" owner="BuiltIn">
<msg time="2025-02-18T14:25:12.583819" level="INFO">Slept 1 second 500 milliseconds.</msg>
<arg>1.5s</arg>
<doc>Pauses the test executed for the given time.</doc>
<status status="PASS" start="2025-02-18T14:25:11.083383" elapsed="1.500436"/>
</kw>
<kw name="general return status" owner="generalFunct">
<kw name="Run Keyword And Return Status" owner="BuiltIn">
<kw name="Wait Until Element Is Visible" owner="SeleniumLibrary">
<msg time="2025-02-18T14:25:17.803839" level="INFO" html="true">&lt;/td&gt;&lt;/tr&gt;&lt;tr&gt;&lt;td colspan="3"&gt;&lt;a href="selenium-screenshot-10.png"&gt;&lt;img src="selenium-screenshot-10.png" width="800px"&gt;&lt;/a&gt;</msg>
<msg time="2025-02-18T14:25:17.804838" level="FAIL">Element 'xpath=//p[contains(text(), 'Log')]' not visible after 5 seconds.</msg>
<arg>${locator}</arg>
<arg>timeout=5s</arg>
<doc>Waits until the element ``locator`` is visible.</doc>
<status status="FAIL" start="2025-02-18T14:25:12.584827" elapsed="5.221008">Element 'xpath=//p[contains(text(), 'Log')]' not visible after 5 seconds.</status>
</kw>
<msg time="2025-02-18T14:25:17.806832" level="INFO">${res} = False</msg>
<var>${res}</var>
<arg>Wait Until Element Is Visible</arg>
<arg>${locator}</arg>
<arg>timeout=5s</arg>
<doc>Runs the given keyword with given arguments and returns the status as a Boolean value.</doc>
<status status="PASS" start="2025-02-18T14:25:12.584827" elapsed="5.222005"/>
</kw>
<return>
<value>${res}</value>
<status status="PASS" start="2025-02-18T14:25:17.806832" elapsed="0.000000"/>
</return>
<msg time="2025-02-18T14:25:17.806832" level="INFO">${res} = False</msg>
<var>${res}</var>
<arg>${headerLogin}</arg>
<status status="PASS" start="2025-02-18T14:25:12.583819" elapsed="5.223013"/>
</kw>
<status status="PASS" start="2025-02-18T14:25:03.218905" elapsed="14.588926"/>
</iter>
<iter>
<kw name="Reload Page" owner="SeleniumLibrary">
<doc>Simulates user reloading page.</doc>
<status status="PASS" start="2025-02-18T14:25:17.807831" elapsed="14.058882"/>
</kw>
<kw name="Sleep" owner="BuiltIn">
<msg time="2025-02-18T14:25:33.368776" level="INFO">Slept 1 second 500 milliseconds.</msg>
<arg>1.5s</arg>
<doc>Pauses the test executed for the given time.</doc>
<status status="PASS" start="2025-02-18T14:25:31.866713" elapsed="1.502063"/>
</kw>
<kw name="general return status" owner="generalFunct">
<kw name="Run Keyword And Return Status" owner="BuiltIn">
<kw name="Wait Until Element Is Visible" owner="SeleniumLibrary">
<msg time="2025-02-18T14:25:38.657381" level="INFO" html="true">&lt;/td&gt;&lt;/tr&gt;&lt;tr&gt;&lt;td colspan="3"&gt;&lt;a href="selenium-screenshot-11.png"&gt;&lt;img src="selenium-screenshot-11.png" width="800px"&gt;&lt;/a&gt;</msg>
<msg time="2025-02-18T14:25:38.658381" level="FAIL">Element 'xpath=//p[contains(text(), 'Log')]' not visible after 5 seconds.</msg>
<arg>${locator}</arg>
<arg>timeout=5s</arg>
<doc>Waits until the element ``locator`` is visible.</doc>
<status status="FAIL" start="2025-02-18T14:25:33.369773" elapsed="5.289605">Element 'xpath=//p[contains(text(), 'Log')]' not visible after 5 seconds.</status>
</kw>
<msg time="2025-02-18T14:25:38.660374" level="INFO">${res} = False</msg>
<var>${res}</var>
<arg>Wait Until Element Is Visible</arg>
<arg>${locator}</arg>
<arg>timeout=5s</arg>
<doc>Runs the given keyword with given arguments and returns the status as a Boolean value.</doc>
<status status="PASS" start="2025-02-18T14:25:33.369773" elapsed="5.290601"/>
</kw>
<return>
<value>${res}</value>
<status status="PASS" start="2025-02-18T14:25:38.660374" elapsed="0.000000"/>
</return>
<msg time="2025-02-18T14:25:38.661373" level="INFO">${res} = False</msg>
<var>${res}</var>
<arg>${headerLogin}</arg>
<status status="PASS" start="2025-02-18T14:25:33.368776" elapsed="5.292597"/>
</kw>
<status status="PASS" start="2025-02-18T14:25:17.807831" elapsed="20.853542"/>
</iter>
<iter>
<kw name="Reload Page" owner="SeleniumLibrary">
<doc>Simulates user reloading page.</doc>
<status status="PASS" start="2025-02-18T14:25:38.662369" elapsed="6.225341"/>
</kw>
<kw name="Sleep" owner="BuiltIn">
<msg time="2025-02-18T14:25:46.389329" level="INFO">Slept 1 second 500 milliseconds.</msg>
<arg>1.5s</arg>
<doc>Pauses the test executed for the given time.</doc>
<status status="PASS" start="2025-02-18T14:25:44.888707" elapsed="1.500622"/>
</kw>
<kw name="general return status" owner="generalFunct">
<kw name="Run Keyword And Return Status" owner="BuiltIn">
<kw name="Wait Until Element Is Visible" owner="SeleniumLibrary">
<msg time="2025-02-18T14:25:51.562606" level="INFO" html="true">&lt;/td&gt;&lt;/tr&gt;&lt;tr&gt;&lt;td colspan="3"&gt;&lt;a href="selenium-screenshot-12.png"&gt;&lt;img src="selenium-screenshot-12.png" width="800px"&gt;&lt;/a&gt;</msg>
<msg time="2025-02-18T14:25:51.562606" level="FAIL">Element 'xpath=//p[contains(text(), 'Log')]' not visible after 5 seconds.</msg>
<arg>${locator}</arg>
<arg>timeout=5s</arg>
<doc>Waits until the element ``locator`` is visible.</doc>
<status status="FAIL" start="2025-02-18T14:25:46.390372" elapsed="5.173231">Element 'xpath=//p[contains(text(), 'Log')]' not visible after 5 seconds.</status>
</kw>
<msg time="2025-02-18T14:25:51.564601" level="INFO">${res} = False</msg>
<var>${res}</var>
<arg>Wait Until Element Is Visible</arg>
<arg>${locator}</arg>
<arg>timeout=5s</arg>
<doc>Runs the given keyword with given arguments and returns the status as a Boolean value.</doc>
<status status="PASS" start="2025-02-18T14:25:46.390372" elapsed="5.174229"/>
</kw>
<return>
<value>${res}</value>
<status status="PASS" start="2025-02-18T14:25:51.564601" elapsed="0.000000"/>
</return>
<msg time="2025-02-18T14:25:51.565599" level="INFO">${res} = False</msg>
<var>${res}</var>
<arg>${headerLogin}</arg>
<status status="PASS" start="2025-02-18T14:25:46.389329" elapsed="5.176270"/>
</kw>
<status status="PASS" start="2025-02-18T14:25:38.661373" elapsed="12.904226"/>
</iter>
<iter>
<kw name="Reload Page" owner="SeleniumLibrary">
<doc>Simulates user reloading page.</doc>
<status status="PASS" start="2025-02-18T14:25:51.567631" elapsed="8.776736"/>
</kw>
<kw name="Sleep" owner="BuiltIn">
<msg time="2025-02-18T14:26:01.846406" level="INFO">Slept 1 second 500 milliseconds.</msg>
<arg>1.5s</arg>
<doc>Pauses the test executed for the given time.</doc>
<status status="PASS" start="2025-02-18T14:26:00.345366" elapsed="1.501040"/>
</kw>
<kw name="general return status" owner="generalFunct">
<kw name="Run Keyword And Return Status" owner="BuiltIn">
<kw name="Wait Until Element Is Visible" owner="SeleniumLibrary">
<arg>${locator}</arg>
<arg>timeout=5s</arg>
<doc>Waits until the element ``locator`` is visible.</doc>
<status status="PASS" start="2025-02-18T14:26:01.848403" elapsed="5.316167"/>
</kw>
<msg time="2025-02-18T14:26:07.164570" level="INFO">${res} = True</msg>
<var>${res}</var>
<arg>Wait Until Element Is Visible</arg>
<arg>${locator}</arg>
<arg>timeout=5s</arg>
<doc>Runs the given keyword with given arguments and returns the status as a Boolean value.</doc>
<status status="PASS" start="2025-02-18T14:26:01.848403" elapsed="5.316167"/>
</kw>
<return>
<value>${res}</value>
<status status="PASS" start="2025-02-18T14:26:07.164570" elapsed="0.000998"/>
</return>
<msg time="2025-02-18T14:26:07.165568" level="INFO">${res} = True</msg>
<var>${res}</var>
<arg>${headerLogin}</arg>
<status status="PASS" start="2025-02-18T14:26:01.847404" elapsed="5.318164"/>
</kw>
<status status="PASS" start="2025-02-18T14:25:51.565599" elapsed="15.599969"/>
</iter>
<status status="PASS" start="2025-02-18T14:23:45.083362" elapsed="142.082206"/>
</while>
<status status="PASS" start="2025-02-18T14:23:39.758958" elapsed="147.406610"/>
</kw>
<kw name="user login E-Proc1000s Page" owner="pom_login_eProc">
<kw name="Wait Until Element Is Visible" owner="SeleniumLibrary">
<arg>${inputPassword}</arg>
<doc>Waits until the element ``locator`` is visible.</doc>
<status status="PASS" start="2025-02-18T14:26:07.166565" elapsed="0.032541"/>
</kw>
<kw name="Input Text" owner="SeleniumLibrary">
<msg time="2025-02-18T14:26:07.200107" level="INFO">Typing text '085210758864' into text field 'xpath=//input[@id='TxtPhone']'.</msg>
<arg>${inputUsername}</arg>
<arg>${ROLE_ADMIN}</arg>
<doc>Types the given ``text`` into the text field identified by ``locator``.</doc>
<status status="PASS" start="2025-02-18T14:26:07.199106" elapsed="1.681473"/>
</kw>
<kw name="Input Password" owner="SeleniumLibrary">
<msg time="2025-02-18T14:26:08.881575" level="INFO">Typing password into text field 'xpath=//input[@id='pwd']'.</msg>
<msg time="2025-02-18T14:26:08.926689" level="INFO">Temporally setting log level to: NONE</msg>
<arg>${inputPassword}</arg>
<arg>${PASSWORD}</arg>
<doc>Types the given password into the text field identified by ``locator``.</doc>
<status status="PASS" start="2025-02-18T14:26:08.881575" elapsed="0.248542"/>
</kw>
<kw name="Press Key" owner="SeleniumLibrary">
<arg>${inputPassword}</arg>
<arg>\\13</arg>
<doc>Simulates user pressing key on element identified by ``locator``.</doc>
<status status="PASS" start="2025-02-18T14:26:09.131146" elapsed="0.213608"/>
</kw>
<kw name="Wait Until Element Is Visible" owner="SeleniumLibrary">
<arg>${listFilter}</arg>
<doc>Waits until the element ``locator`` is visible.</doc>
<status status="PASS" start="2025-02-18T14:26:09.345742" elapsed="9.548898"/>
</kw>
<kw name="Sleep" owner="BuiltIn">
<msg time="2025-02-18T14:26:21.895327" level="INFO">Slept 3 seconds.</msg>
<arg>3</arg>
<doc>Pauses the test executed for the given time.</doc>
<status status="PASS" start="2025-02-18T14:26:18.894640" elapsed="3.001357"/>
</kw>
<status status="PASS" start="2025-02-18T14:26:07.166565" elapsed="14.729432"/>
</kw>
<kw name="Wait Until Element Is Visible" owner="SeleniumLibrary">
<arg>${listFilter}</arg>
<doc>Waits until the element ``locator`` is visible.</doc>
<status status="PASS" start="2025-02-18T14:26:21.895997" elapsed="0.025161"/>
</kw>
<kw name="Wait Until Element Is Visible" owner="SeleniumLibrary">
<arg>${titleProject}</arg>
<doc>Waits until the element ``locator`` is visible.</doc>
<status status="PASS" start="2025-02-18T14:26:21.921158" elapsed="0.029283"/>
</kw>
<kw name="Get Text" owner="SeleniumLibrary">
<msg time="2025-02-18T14:26:22.823236" level="INFO">${title} = Manajemen Project</msg>
<var>${title}</var>
<arg>${titleProject}</arg>
<doc>Returns the text value of the element identified by ``locator``.</doc>
<status status="PASS" start="2025-02-18T14:26:21.950441" elapsed="0.872795"/>
</kw>
<kw name="Log To Console" owner="BuiltIn">
<arg>${\n}${title}</arg>
<doc>Logs the given message to the console.</doc>
<status status="PASS" start="2025-02-18T14:26:22.823236" elapsed="0.001002"/>
</kw>
<status status="PASS" start="2025-02-18T14:23:39.757966" elapsed="163.067267"/>
</kw>
<status status="PASS" start="2025-02-18T14:23:39.756964" elapsed="163.068269"/>
</kw>
<kw name="When user click Detail on Project" owner="pom_detailProject_MenungguPersetujuan">
<kw name="Get Length" owner="BuiltIn">
<msg time="2025-02-18T14:26:22.826274" level="INFO">Length is 22.</msg>
<msg time="2025-02-18T14:26:22.826274" level="INFO">${len} = 22</msg>
<var>${len}</var>
<arg>xpath=//tbody/tr/td[5]</arg>
<doc>Returns and logs the length of the given item as an integer.</doc>
<status status="PASS" start="2025-02-18T14:26:22.826274" elapsed="0.000000"/>
</kw>
<kw name="Sleep" owner="BuiltIn">
<msg time="2025-02-18T14:26:25.827542" level="INFO">Slept 3 seconds.</msg>
<arg>3</arg>
<doc>Pauses the test executed for the given time.</doc>
<status status="PASS" start="2025-02-18T14:26:22.826274" elapsed="3.001268"/>
</kw>
<for flavor="IN RANGE">
<iter>
<kw name="general return status" owner="generalFunct">
<kw name="Run Keyword And Return Status" owner="BuiltIn">
<kw name="Wait Until Element Is Visible" owner="SeleniumLibrary">
<arg>${locator}</arg>
<arg>timeout=5s</arg>
<doc>Waits until the element ``locator`` is visible.</doc>
<status status="PASS" start="2025-02-18T14:26:25.829188" elapsed="0.040658"/>
</kw>
<msg time="2025-02-18T14:26:25.869846" level="INFO">${res} = True</msg>
<var>${res}</var>
<arg>Wait Until Element Is Visible</arg>
<arg>${locator}</arg>
<arg>timeout=5s</arg>
<doc>Runs the given keyword with given arguments and returns the status as a Boolean value.</doc>
<status status="PASS" start="2025-02-18T14:26:25.829188" elapsed="0.040658"/>
</kw>
<return>
<value>${res}</value>
<status status="PASS" start="2025-02-18T14:26:25.869846" elapsed="0.000000"/>
</return>
<msg time="2025-02-18T14:26:25.870848" level="INFO">${res} = True</msg>
<var>${res}</var>
<arg>xpath=//tbody/tr/td[5]//div[contains(.,'${textStatus}')]</arg>
<status status="PASS" start="2025-02-18T14:26:25.828192" elapsed="0.042656"/>
</kw>
<if>
<branch type="IF" condition="${res}">
<kw name="check in project list" owner="pom_detailProject_MenungguPersetujuan">
<for flavor="IN RANGE">
<iter>
<kw name="general return status" owner="generalFunct">
<kw name="Run Keyword And Return Status" owner="BuiltIn">
<kw name="Wait Until Element Is Visible" owner="SeleniumLibrary">
<msg time="2025-02-18T14:26:31.082437" level="INFO" html="true">&lt;/td&gt;&lt;/tr&gt;&lt;tr&gt;&lt;td colspan="3"&gt;&lt;a href="selenium-screenshot-13.png"&gt;&lt;img src="selenium-screenshot-13.png" width="800px"&gt;&lt;/a&gt;</msg>
<msg time="2025-02-18T14:26:31.082437" level="FAIL">Element 'xpath=//tbody/tr[1]/td[5]//div[contains(.,'Menunggu persetujuan')]' not visible after 5 seconds.</msg>
<arg>${locator}</arg>
<arg>timeout=5s</arg>
<doc>Waits until the element ``locator`` is visible.</doc>
<status status="FAIL" start="2025-02-18T14:26:25.875051" elapsed="5.209380">Element 'xpath=//tbody/tr[1]/td[5]//div[contains(.,'Menunggu persetujuan')]' not visible after 5 seconds.</status>
</kw>
[...]
<msg time="2025-02-18T14:38:37.545740" level="INFO">Exiting for loop altogether.</msg>
<doc>Stops executing the enclosing FOR loop.</doc>
<status status="PASS" start="2025-02-18T14:38:37.545740" elapsed="0.000000"/>
</kw>
<status status="PASS" start="2025-02-18T14:38:35.006111" elapsed="2.539629"/>
</branch>
<status status="PASS" start="2025-02-18T14:38:35.006111" elapsed="2.539629"/>
</if>
<var name="${counter}">5</var>
<status status="PASS" start="2025-02-18T14:38:34.971861" elapsed="2.573879"/>
</iter>
<var>${counter}</var>
<value>1</value>
<value>10</value>
<status status="PASS" start="2025-02-18T14:38:14.126066" elapsed="23.419674"/>
</for>
<arg>${textStatus}</arg>
<status status="PASS" start="2025-02-18T14:38:14.126066" elapsed="23.419674"/>
</kw>
<kw name="Exit For Loop" owner="BuiltIn">
<msg time="2025-02-18T14:38:37.546831" level="INFO">Exiting for loop altogether.</msg>
<doc>Stops executing the enclosing FOR loop.</doc>
<status status="PASS" start="2025-02-18T14:38:37.545740" elapsed="0.001128"/>
</kw>
<status status="PASS" start="2025-02-18T14:38:14.125059" elapsed="23.421809"/>
</branch>
<branch type="ELSE">
<kw name="general return status" owner="generalFunct">
<var>${next}</var>
<arg>${nextPage}</arg>
<status status="NOT RUN" start="2025-02-18T14:38:37.546868" elapsed="0.000000"/>
</kw>
<kw name="Run Keyword If" owner="BuiltIn">
<arg>${next}</arg>
<arg>user click element</arg>
<arg>${nextPage}</arg>
<doc>Runs the given keyword with the given arguments, if ``condition`` is true.</doc>
<status status="NOT RUN" start="2025-02-18T14:38:37.546868" elapsed="0.000000"/>
</kw>
<status status="NOT RUN" start="2025-02-18T14:38:37.546868" elapsed="0.000000"/>
</branch>
<status status="PASS" start="2025-02-18T14:38:14.125059" elapsed="23.421809"/>
</if>
<var name="${counter}">1</var>
<status status="PASS" start="2025-02-18T14:38:14.094775" elapsed="23.453093"/>
</iter>
<var>${counter}</var>
<value>1</value>
<value>${len}</value>
<status status="PASS" start="2025-02-18T14:38:14.094133" elapsed="23.453735"/>
</for>
<arg>${StatusProject}</arg>
<status status="PASS" start="2025-02-18T14:38:11.090856" elapsed="26.457012"/>
</kw>
<kw name="user ubah project" owner="pom_detailProject_MenungguPersetujuan">
<kw name="click button ubah" owner="generalFunct">
<kw name="general Wait Until" owner="generalFunct">
<kw name="Wait Until Element Is Visible" owner="SeleniumLibrary">
<arg>${locator}</arg>
<arg>timeout=5s</arg>
<doc>Waits until the element ``locator`` is visible.</doc>
<status status="PASS" start="2025-02-18T14:38:37.549861" elapsed="0.023090"/>
</kw>
<arg>${buttonUbah}</arg>
<status status="PASS" start="2025-02-18T14:38:37.548864" elapsed="0.024087"/>
</kw>
<kw name="user click element" owner="generalFunct">
<kw name="Wait Until Element Is Visible" owner="SeleniumLibrary">
<arg>${element}</arg>
<doc>Waits until the element ``locator`` is visible.</doc>
<status status="PASS" start="2025-02-18T14:38:37.573947" elapsed="0.083799"/>
</kw>
<kw name="Click Element" owner="SeleniumLibrary">
<msg time="2025-02-18T14:38:37.658741" level="INFO">Clicking element 'xpath=//div[@class='d-flex align-items-center justify-content-end w-100']/button[2]'.</msg>
<msg time="2025-02-18T14:38:38.176381" level="INFO">${clickElement} = None</msg>
<var>${clickElement}</var>
<arg>${element}</arg>
<doc>Click the element identified by ``locator``.</doc>
<status status="PASS" start="2025-02-18T14:38:37.657746" elapsed="0.518635"/>
</kw>
<return>
<value>${clickElement}</value>
<status status="PASS" start="2025-02-18T14:38:38.176381" elapsed="0.000000"/>
</return>
<arg>${buttonUbah}</arg>
<status status="PASS" start="2025-02-18T14:38:37.573947" elapsed="0.603432"/>
</kw>
<status status="PASS" start="2025-02-18T14:38:37.547868" elapsed="0.629511"/>
</kw>
<kw name="general return status" owner="generalFunct">
<kw name="Run Keyword And Return Status" owner="BuiltIn">
<kw name="Wait Until Element Is Visible" owner="SeleniumLibrary">
<msg time="2025-02-18T14:38:43.496914" level="INFO" html="true">&lt;/td&gt;&lt;/tr&gt;&lt;tr&gt;&lt;td colspan="3"&gt;&lt;a href="selenium-screenshot-67.png"&gt;&lt;img src="selenium-screenshot-67.png" width="800px"&gt;&lt;/a&gt;</msg>
<msg time="2025-02-18T14:38:43.497912" level="FAIL">Element 'xpath=//div[@id='svgdeletecity']' not visible after 5 seconds.</msg>
<arg>${locator}</arg>
<arg>timeout=5s</arg>
<doc>Waits until the element ``locator`` is visible.</doc>
<status status="FAIL" start="2025-02-18T14:38:38.179374" elapsed="5.319536">Element 'xpath=//div[@id='svgdeletecity']' not visible after 5 seconds.</status>
</kw>
<msg time="2025-02-18T14:38:43.498910" level="INFO">${res} = False</msg>
<var>${res}</var>
<arg>Wait Until Element Is Visible</arg>
<arg>${locator}</arg>
<arg>timeout=5s</arg>
<doc>Runs the given keyword with given arguments and returns the status as a Boolean value.</doc>
<status status="PASS" start="2025-02-18T14:38:38.178375" elapsed="5.321532"/>
</kw>
<return>
<value>${res}</value>
<status status="PASS" start="2025-02-18T14:38:43.499907" elapsed="0.000000"/>
</return>
<msg time="2025-02-18T14:38:43.499907" level="INFO">${res} = False</msg>
<var>${res}</var>
<arg>${iconDeleteCity}</arg>
<status status="PASS" start="2025-02-18T14:38:38.177379" elapsed="5.322528"/>
</kw>
<if>
<branch type="IF" condition="${res}">
<kw name="Element Should Be Visible" owner="SeleniumLibrary">
<arg>${iconDeleteCity}</arg>
<doc>Verifies that the element identified by ``locator`` is visible.</doc>
<status status="NOT RUN" start="2025-02-18T14:38:43.499907" elapsed="0.000996"/>
</kw>
<status status="NOT RUN" start="2025-02-18T14:38:43.499907" elapsed="0.000996"/>
</branch>
<branch type="ELSE">
<kw name="reload_thePage" owner="pom_detailProject_MenungguPersetujuan">
<for flavor="IN RANGE">
<iter>
<kw name="general return status" owner="generalFunct">
<kw name="Run Keyword And Return Status" owner="BuiltIn">
<kw name="Wait Until Element Is Visible" owner="SeleniumLibrary">
<msg time="2025-02-18T14:38:48.716627" level="INFO" html="true">&lt;/td&gt;&lt;/tr&gt;&lt;tr&gt;&lt;td colspan="3"&gt;&lt;a href="selenium-screenshot-68.png"&gt;&lt;img src="selenium-screenshot-68.png" width="800px"&gt;&lt;/a&gt;</msg>
<msg time="2025-02-18T14:38:48.717624" level="FAIL">Element 'xpath=//div[@id='svgdeletecity']' not visible after 5 seconds.</msg>
<arg>${locator}</arg>
<arg>timeout=5s</arg>
<doc>Waits until the element ``locator`` is visible.</doc>
<status status="FAIL" start="2025-02-18T14:38:43.501900" elapsed="5.216722">Element 'xpath=//div[@id='svgdeletecity']' not visible after 5 seconds.</status>
</kw>
<msg time="2025-02-18T14:38:48.718622" level="INFO">${res} = False</msg>
<var>${res}</var>
<arg>Wait Until Element Is Visible</arg>
<arg>${locator}</arg>
<arg>timeout=5s</arg>
<doc>Runs the given keyword with given arguments and returns the status as a Boolean value.</doc>
<status status="PASS" start="2025-02-18T14:38:43.501900" elapsed="5.216722"/>
</kw>
<return>
<value>${res}</value>
<status status="PASS" start="2025-02-18T14:38:48.719621" elapsed="0.000000"/>
</return>
<msg time="2025-02-18T14:38:48.719621" level="INFO">${res} = False</msg>
<var>${res}</var>
<arg>${location}</arg>
<status status="PASS" start="2025-02-18T14:38:43.501900" elapsed="5.217721"/>
</kw>
<if>
<branch type="IF" condition="${res}">
<break>
<status status="NOT RUN" start="2025-02-18T14:38:48.719621" elapsed="0.000000"/>
</break>
<status status="NOT RUN" start="2025-02-18T14:38:48.719621" elapsed="0.000000"/>
</branch>
<branch type="ELSE">
<kw name="Reload Page" owner="SeleniumLibrary">
<doc>Simulates user reloading page.</doc>
<status status="PASS" start="2025-02-18T14:38:48.719621" elapsed="0.502002"/>
</kw>
<kw name="general return status" owner="generalFunct">
<kw name="Run Keyword And Return Status" owner="BuiltIn">
<kw name="Wait Until Element Is Visible" owner="SeleniumLibrary">
<msg time="2025-02-18T14:38:54.389463" level="INFO" html="true">&lt;/td&gt;&lt;/tr&gt;&lt;tr&gt;&lt;td colspan="3"&gt;&lt;a href="selenium-screenshot-69.png"&gt;&lt;img src="selenium-screenshot-69.png" width="800px"&gt;&lt;/a&gt;</msg>
<msg time="2025-02-18T14:38:54.389463" level="FAIL">Element 'xpath=//div[@id='svgdeletecity']' not visible after 5 seconds.</msg>
<arg>${locator}</arg>
<arg>timeout=5s</arg>
<doc>Waits until the element ``locator`` is visible.</doc>
<status status="FAIL" start="2025-02-18T14:38:49.222621" elapsed="5.168836">Element 'xpath=//div[@id='svgdeletecity']' not visible after 5 seconds.</status>
</kw>
<msg time="2025-02-18T14:38:54.391457" level="INFO">${res} = False</msg>
<var>${res}</var>
<arg>Wait Until Element Is Visible</arg>
<arg>${locator}</arg>
<arg>timeout=5s</arg>
<doc>Runs the given keyword with given arguments and returns the status as a Boolean value.</doc>
<status status="PASS" start="2025-02-18T14:38:49.222621" elapsed="5.168836"/>
</kw>
<return>
<value>${res}</value>
<status status="PASS" start="2025-02-18T14:38:54.392546" elapsed="0.000136"/>
</return>
<msg time="2025-02-18T14:38:54.392682" level="INFO">${res} = False</msg>
<var>${res}</var>
<arg>${location}</arg>
<status status="PASS" start="2025-02-18T14:38:49.222621" elapsed="5.170061"/>
</kw>
<status status="PASS" start="2025-02-18T14:38:48.719621" elapsed="5.673061"/>
</branch>
<status status="PASS" start="2025-02-18T14:38:48.719621" elapsed="5.673061"/>
</if>
<var name="${counter}">1</var>
<status status="PASS" start="2025-02-18T14:38:43.501900" elapsed="10.890782"/>
</iter>
<iter>
<kw name="general return status" owner="generalFunct">
<kw name="Run Keyword And Return Status" owner="BuiltIn">
<kw name="Wait Until Element Is Visible" owner="SeleniumLibrary">
<msg time="2025-02-18T14:38:59.567194" level="INFO" html="true">&lt;/td&gt;&lt;/tr&gt;&lt;tr&gt;&lt;td colspan="3"&gt;&lt;a href="selenium-screenshot-70.png"&gt;&lt;img src="selenium-screenshot-70.png" width="800px"&gt;&lt;/a&gt;</msg>
<msg time="2025-02-18T14:38:59.567194" level="FAIL">Element 'xpath=//div[@id='svgdeletecity']' not visible after 5 seconds.</msg>
<arg>${locator}</arg>
<arg>timeout=5s</arg>
<doc>Waits until the element ``locator`` is visible.</doc>
<status status="FAIL" start="2025-02-18T14:38:54.393719" elapsed="5.175469">Element 'xpath=//div[@id='svgdeletecity']' not visible after 5 seconds.</status>
</kw>
<msg time="2025-02-18T14:38:59.569188" level="INFO">${res} = False</msg>
<var>${res}</var>
<arg>Wait Until Element Is Visible</arg>
<arg>${locator}</arg>
<arg>timeout=5s</arg>
<doc>Runs the given keyword with given arguments and returns the status as a Boolean value.</doc>
<status status="PASS" start="2025-02-18T14:38:54.393719" elapsed="5.175469"/>
</kw>
<return>
<value>${res}</value>
<status status="PASS" start="2025-02-18T14:38:59.570195" elapsed="0.000000"/>
</return>
<msg time="2025-02-18T14:38:59.570195" level="INFO">${res} = False</msg>
<var>${res}</var>
<arg>${location}</arg>
<status status="PASS" start="2025-02-18T14:38:54.392682" elapsed="5.177513"/>
</kw>
<if>
<branch type="IF" condition="${res}">
<break>
<status status="NOT RUN" start="2025-02-18T14:38:59.570195" elapsed="0.000000"/>
</break>
<status status="NOT RUN" start="2025-02-18T14:38:59.570195" elapsed="0.000000"/>
</branch>
<branch type="ELSE">
<kw name="Reload Page" owner="SeleniumLibrary">
<doc>Simulates user reloading page.</doc>
<status status="PASS" start="2025-02-18T14:38:59.571184" elapsed="0.399500"/>
</kw>
<kw name="general return status" owner="generalFunct">
<kw name="Run Keyword And Return Status" owner="BuiltIn">
<kw name="Wait Until Element Is Visible" owner="SeleniumLibrary">
<msg time="2025-02-18T14:39:05.153339" level="INFO" html="true">&lt;/td&gt;&lt;/tr&gt;&lt;tr&gt;&lt;td colspan="3"&gt;&lt;a href="selenium-screenshot-71.png"&gt;&lt;img src="selenium-screenshot-71.png" width="800px"&gt;&lt;/a&gt;</msg>
<msg time="2025-02-18T14:39:05.153339" level="FAIL">Element 'xpath=//div[@id='svgdeletecity']' not visible after 5 seconds.</msg>
<arg>${locator}</arg>
<arg>timeout=5s</arg>
<doc>Waits until the element ``locator`` is visible.</doc>
<status status="FAIL" start="2025-02-18T14:38:59.972118" elapsed="5.183215">Element 'xpath=//div[@id='svgdeletecity']' not visible after 5 seconds.</status>
</kw>
<msg time="2025-02-18T14:39:05.155333" level="INFO">${res} = False</msg>
<var>${res}</var>
<arg>Wait Until Element Is Visible</arg>
<arg>${locator}</arg>
<arg>timeout=5s</arg>
<doc>Runs the given keyword with given arguments and returns the status as a Boolean value.</doc>
<status status="PASS" start="2025-02-18T14:38:59.971119" elapsed="5.185212"/>
</kw>
<return>
<value>${res}</value>
<status status="PASS" start="2025-02-18T14:39:05.156331" elapsed="0.000374"/>
</return>
<msg time="2025-02-18T14:39:05.157101" level="INFO">${res} = False</msg>
<var>${res}</var>
<arg>${location}</arg>
<status status="PASS" start="2025-02-18T14:38:59.971119" elapsed="5.185982"/>
</kw>
<status status="PASS" start="2025-02-18T14:38:59.571184" elapsed="5.585917"/>
</branch>
<status status="PASS" start="2025-02-18T14:38:59.570195" elapsed="5.586906"/>
</if>
<var name="${counter}">2</var>
<status status="PASS" start="2025-02-18T14:38:54.392682" elapsed="10.764419"/>
</iter>
<var>${counter}</var>
<value>1</value>
<value>3</value>
<status status="PASS" start="2025-02-18T14:38:43.500903" elapsed="21.656198"/>
</for>
<arg>${iconDeleteCity}</arg>
<status status="PASS" start="2025-02-18T14:38:43.500903" elapsed="21.656198"/>
</kw>
<kw name="Sleep" owner="BuiltIn">
<msg time="2025-02-18T14:39:08.158802" level="INFO">Slept 3 seconds.</msg>
<arg>3</arg>
<doc>Pauses the test executed for the given time.</doc>
<status status="PASS" start="2025-02-18T14:39:05.157101" elapsed="3.001701"/>
</kw>
<kw name="click button ubah" owner="generalFunct">
<kw name="general Wait Until" owner="generalFunct">
<kw name="Wait Until Element Is Visible" owner="SeleniumLibrary">
<msg time="2025-02-18T14:39:13.358951" level="INFO" html="true">&lt;/td&gt;&lt;/tr&gt;&lt;tr&gt;&lt;td colspan="3"&gt;&lt;a href="selenium-screenshot-72.png"&gt;&lt;img src="selenium-screenshot-72.png" width="800px"&gt;&lt;/a&gt;</msg>
<msg time="2025-02-18T14:39:13.359949" level="FAIL">Element 'xpath=//div[@class='d-flex align-items-center justify-content-end w-100']/button[2]' not visible after 5 seconds.</msg>
<arg>${locator}</arg>
<arg>timeout=5s</arg>
<doc>Waits until the element ``locator`` is visible.</doc>
<status status="FAIL" start="2025-02-18T14:39:08.159471" elapsed="5.201475">Element 'xpath=//div[@class='d-flex align-items-center justify-content-end w-100']/button[2]' not visible after 5 seconds.</status>
</kw>
<arg>${buttonUbah}</arg>
<status status="FAIL" start="2025-02-18T14:39:08.159471" elapsed="5.202510">Element 'xpath=//div[@class='d-flex align-items-center justify-content-end w-100']/button[2]' not visible after 5 seconds.</status>
</kw>
<kw name="user click element" owner="generalFunct">
<arg>${buttonUbah}</arg>
<status status="NOT RUN" start="2025-02-18T14:39:13.361981" elapsed="0.000000"/>
</kw>
<status status="FAIL" start="2025-02-18T14:39:08.158802" elapsed="5.204176">Element 'xpath=//div[@class='d-flex align-items-center justify-content-end w-100']/button[2]' not visible after 5 seconds.</status>
</kw>
<status status="FAIL" start="2025-02-18T14:38:43.500903" elapsed="29.862075">Element 'xpath=//div[@class='d-flex align-items-center justify-content-end w-100']/button[2]' not visible after 5 seconds.</status>
</branch>
<status status="FAIL" start="2025-02-18T14:38:43.499907" elapsed="29.863071">Element 'xpath=//div[@class='d-flex align-items-center justify-content-end w-100']/button[2]' not visible after 5 seconds.</status>
</if>
<status status="FAIL" start="2025-02-18T14:38:37.547868" elapsed="35.815110">Element 'xpath=//div[@class='d-flex align-items-center justify-content-end w-100']/button[2]' not visible after 5 seconds.</status>
</kw>
<kw name="general Wait Until" owner="generalFunct">
<arg>${inputNamaProject}</arg>
<status status="NOT RUN" start="2025-02-18T14:39:13.362978" elapsed="0.000000"/>
</kw>
<kw name="user click element" owner="generalFunct">
<arg>${inputNamaProject}</arg>
<status status="NOT RUN" start="2025-02-18T14:39:13.362978" elapsed="0.000997"/>
</kw>
<kw name="Run Keyword If" owner="BuiltIn">
<arg>'${nameProject_MenungguPersetujuan}' == '${projectName}'</arg>
<arg>Get list Project Manajemen</arg>
<doc>Runs the given keyword with the given arguments, if ``condition`` is true.</doc>
<status status="NOT RUN" start="2025-02-18T14:39:13.364118" elapsed="0.000000"/>
</kw>
<kw name="Replace String" owner="String">
<var>${nameUsed}</var>
<arg>${nameProject_MenungguPersetujuan}</arg>
<arg>${nameProject_MenungguPersetujuan}</arg>
<arg>${projectName}</arg>
<doc>Replaces ``search_for`` in the given ``string`` with ``replace_with``.</doc>
<status status="NOT RUN" start="2025-02-18T14:39:13.364118" elapsed="0.000000"/>
</kw>
<kw name="user input text" owner="generalFunct">
<arg>${inputNamaProject}</arg>
<arg>${nameUsed}</arg>
<status status="NOT RUN" start="2025-02-18T14:39:13.364118" elapsed="0.000000"/>
</kw>
<kw name="detail information on detail page" owner="pom_detailProject_MenungguPersetujuan">
<status status="NOT RUN" start="2025-02-18T14:39:13.365153" elapsed="0.000000"/>
</kw>
<arg>Menunggu persetujuan</arg>
<status status="FAIL" start="2025-02-18T14:38:08.874769" elapsed="64.490384">Element 'xpath=//div[@class='d-flex align-items-center justify-content-end w-100']/button[2]' not visible after 5 seconds.</status>
</kw>
<kw name="And user click element" owner="generalFunct">
<arg>${buttonSimpan}</arg>
<status status="NOT RUN" start="2025-02-18T14:39:13.365153" elapsed="0.000000"/>
</kw>
<kw name="Then show pop up dialog" owner="generalFunct">
<arg>${ubahProject_MenungguPersetujuan}</arg>
<status status="NOT RUN" start="2025-02-18T14:39:13.366151" elapsed="0.000000"/>
</kw>
<kw name="And button accept on dialog form ubah" owner="generalFunct">
<arg>Simpan</arg>
<status status="NOT RUN" start="2025-02-18T14:39:13.366151" elapsed="0.000000"/>
</kw>
<kw name="And show message error project" owner="generalFunct">
<status status="NOT RUN" start="2025-02-18T14:39:13.366151" elapsed="0.000000"/>
</kw>
<status status="FAIL" start="2025-02-18T14:37:34.803451" elapsed="98.562700">Element 'xpath=//div[@class='d-flex align-items-center justify-content-end w-100']/button[2]' not visible after 5 seconds.</status>
</kw>
<kw name="End Web Test" owner="web_eProc" type="TEARDOWN">
<kw name="Log" owner="BuiltIn">
<msg time="2025-02-18T14:39:13.368111" level="INFO">Suite teardown initiated</msg>
<arg>Suite teardown initiated</arg>
<doc>Logs the given message with the given level.</doc>
<status status="PASS" start="2025-02-18T14:39:13.368111" elapsed="0.000000"/>
</kw>
<kw name="Close Browser" owner="SeleniumLibrary">
<doc>Closes the current browser.</doc>
<status status="PASS" start="2025-02-18T14:39:13.368111" elapsed="3.313076"/>
</kw>
<doc>Closes the browser after all tests in the suite have run</doc>
<status status="PASS" start="2025-02-18T14:39:13.367111" elapsed="3.314076"/>
</kw>
<doc>This scenario test User can change data name project with name has been used</doc>
<tag>1000s</tag>
<tag>detail_project</tag>
<tag>test</tag>
<status status="FAIL" start="2025-02-18T14:37:17.756326" elapsed="118.925866">Element 'xpath=//div[@class='d-flex align-items-center justify-content-end w-100']/button[2]' not visible after 5 seconds.</status>
</test>
<status status="FAIL" start="2025-02-18T14:20:26.439104" elapsed="1130.476075"/>
</suite>
<statistics>
<total>
<stat pass="5" fail="1" skip="0">All Tests</stat>
</total>
<tag>
<stat pass="5" fail="1" skip="0">1000s</stat>
<stat pass="5" fail="1" skip="0">detail_project</stat>
<stat pass="5" fail="1" skip="0">test</stat>
</tag>
<suite>
<stat pass="5" fail="1" skip="0" id="s1" name="test detailProject MenungguPersetujuan">test detailProject MenungguPersetujuan</stat>
</suite>
</statistics>
<errors>
</errors>
</robot>
