<?xml version="1.0" encoding="UTF-8"?>
<robot generator="Robot 7.2.2 (Python 3.13.2 on win32)" generated="2025-03-13T16:04:41.110610" rpa="false" schemaversion="5">
<suite id="s1" name="Test Login" source="C:\Users\1000Saudara45\Documents\Automation\eProc_Web\testSuite\Tim_OP\test_login.robot">
<test id="s1-t1" name="Test Login Without fill No Handphone and Password" line="17">
<kw name="Begin Web Test" owner="web_eProc" type="SETUP">
<kw name="Open Browser" owner="SeleniumLibrary">
<msg time="2025-03-13T16:04:41.823307" level="INFO">Opening browser 'headlesschrome' to base url 'about:blank'.</msg>
<arg>about:blank</arg>
<arg>${BROWSER}</arg>
<doc>Opens a new browser instance to the optional ``url``.</doc>
<status status="PASS" start="2025-03-13T16:04:41.822943" elapsed="2.254284"/>
</kw>
<kw name="Execute Javascript" owner="SeleniumLibrary">
<msg time="2025-03-13T16:04:44.078299" level="INFO">Executing JavaScript:
document.body.style.transform = 'scale(0.67)'; document.body.style.transformOrigin = '0 0';
Without any arguments.</msg>
<arg>document.body.style.transform = 'scale(0.67)'; document.body.style.transformOrigin = '0 0';</arg>
<doc>Executes the given JavaScript code with possible arguments.</doc>
<status status="PASS" start="2025-03-13T16:04:44.077571" elapsed="0.013372"/>
</kw>
<kw name="Go To" owner="SeleniumLibrary">
<msg time="2025-03-13T16:04:44.091698" level="INFO">Opening url 'https://developer.1000saudara.com/project1000s'</msg>
<arg>${URL_DEV}</arg>
<doc>Navigates the current browser window to the provided ``url``.</doc>
<status status="PASS" start="2025-03-13T16:04:44.091359" elapsed="2.561311"/>
</kw>
<status status="PASS" start="2025-03-13T16:04:41.821647" elapsed="4.831344"/>
</kw>
<kw name="User login without fill no handphone and password" owner="login">
<kw name="Given user visit E-Proc1000s Login Page" owner="pom_login_eProc">
<kw name="Get Location" owner="SeleniumLibrary">
<msg time="2025-03-13T16:04:46.669121" level="INFO">${current_url} = https://developer.1000saudara.com/project1000s</msg>
<var>${current_url}</var>
<doc>Returns the current browser window URL.</doc>
<status status="PASS" start="2025-03-13T16:04:46.655698" elapsed="0.013523"/>
</kw>
<kw name="Log" owner="BuiltIn">
<msg time="2025-03-13T16:04:46.669978" level="INFO">Current Path: https://developer.1000saudara.com/project1000s</msg>
<arg>Current Path: ${current_url}</arg>
<doc>Logs the given message with the given level.</doc>
<status status="PASS" start="2025-03-13T16:04:46.669579" elapsed="0.000525"/>
</kw>
<kw name="general return status" owner="generalFunct">
<kw name="Run Keyword And Return Status" owner="BuiltIn">
<kw name="Wait Until Element Is Visible" owner="SeleniumLibrary">
<arg>${locator}</arg>
<arg>timeout=5s</arg>
<doc>Waits until the element ``locator`` is visible.</doc>
<status status="PASS" start="2025-03-13T16:04:46.671808" elapsed="0.037868"/>
</kw>
<msg time="2025-03-13T16:04:46.709914" level="INFO">${res} = True</msg>
<var>${res}</var>
<arg>Wait Until Element Is Visible</arg>
<arg>${locator}</arg>
<arg>timeout=5s</arg>
<doc>Runs the given keyword with given arguments and returns the status as a Boolean value.</doc>
<status status="PASS" start="2025-03-13T16:04:46.671247" elapsed="0.038760"/>
</kw>
<return>
<value>${res}</value>
<status status="PASS" start="2025-03-13T16:04:46.710183" elapsed="0.000103"/>
</return>
<msg time="2025-03-13T16:04:46.710543" level="INFO">${res} = True</msg>
<var>${res}</var>
<arg>${headerLogin}</arg>
<status status="PASS" start="2025-03-13T16:04:46.670509" elapsed="0.040086"/>
</kw>
<while condition="${res} == $False">
<iter>
<kw name="Reload Page" owner="SeleniumLibrary">
<doc>Simulates user reloading page.</doc>
<status status="NOT RUN" start="2025-03-13T16:04:46.711565" elapsed="0.000079"/>
</kw>
<kw name="Sleep" owner="BuiltIn">
<arg>2s</arg>
<doc>Pauses the test executed for the given time.</doc>
<status status="NOT RUN" start="2025-03-13T16:04:46.712112" elapsed="0.000121"/>
</kw>
<kw name="general return status" owner="generalFunct">
<var>${res}</var>
<arg>${headerLogin}</arg>
<status status="NOT RUN" start="2025-03-13T16:04:46.712587" elapsed="0.000094"/>
</kw>
<status status="NOT RUN" start="2025-03-13T16:04:46.710720" elapsed="0.002286"/>
</iter>
<status status="NOT RUN" start="2025-03-13T16:04:46.710717" elapsed="0.002430"/>
</while>
<status status="PASS" start="2025-03-13T16:04:46.654978" elapsed="0.058410"/>
</kw>
<kw name="When without fill no handphone and password" owner="pom_login_eProc">
<kw name="general Wait Until" owner="generalFunct">
<kw name="Wait Until Element Is Visible" owner="SeleniumLibrary">
<arg>${locator}</arg>
<arg>timeout=5s</arg>
<doc>Waits until the element ``locator`` is visible.</doc>
<status status="PASS" start="2025-03-13T16:04:46.715436" elapsed="0.959034"/>
</kw>
<kw name="Sleep" owner="BuiltIn">
<msg time="2025-03-13T16:04:52.676534" level="INFO">Slept 5 seconds.</msg>
<arg>5</arg>
<doc>Pauses the test executed for the given time.</doc>
<status status="PASS" start="2025-03-13T16:04:47.675188" elapsed="5.001997"/>
</kw>
<arg>${buttonMasuk}</arg>
<status status="PASS" start="2025-03-13T16:04:46.714879" elapsed="5.962763"/>
</kw>
<kw name="user click element" owner="generalFunct">
<kw name="Sleep" owner="BuiltIn">
<msg time="2025-03-13T16:04:57.691364" level="INFO">Slept 5 seconds.</msg>
<arg>5</arg>
<doc>Pauses the test executed for the given time.</doc>
<status status="PASS" start="2025-03-13T16:04:52.679843" elapsed="5.011729"/>
</kw>
<kw name="Wait Until Element Is Visible" owner="SeleniumLibrary">
<arg>${element}</arg>
<doc>Waits until the element ``locator`` is visible.</doc>
<status status="PASS" start="2025-03-13T16:04:57.691934" elapsed="0.045549"/>
</kw>
<kw name="Click Element" owner="SeleniumLibrary">
<msg time="2025-03-13T16:04:57.738455" level="INFO">Clicking element 'xpath=//button[@type='button']//span[contains(text(), 'Masuk')]//ancestor::button'.</msg>
<msg time="2025-03-13T16:04:57.861007" level="INFO">${clickElement} = None</msg>
<var>${clickElement}</var>
<arg>${element}</arg>
<doc>Click the element identified by ``locator``.</doc>
<status status="PASS" start="2025-03-13T16:04:57.737947" elapsed="0.123202"/>
</kw>
<return>
<value>${clickElement}</value>
<status status="PASS" start="2025-03-13T16:04:57.861444" elapsed="0.000154"/>
</return>
<arg>${buttonMasuk}</arg>
<status status="PASS" start="2025-03-13T16:04:52.678470" elapsed="5.183547"/>
</kw>
<kw name="general return status" owner="generalFunct">
<kw name="Run Keyword And Return Status" owner="BuiltIn">
<kw name="Wait Until Element Is Visible" owner="SeleniumLibrary">
<arg>${locator}</arg>
<arg>timeout=5s</arg>
<doc>Waits until the element ``locator`` is visible.</doc>
<status status="PASS" start="2025-03-13T16:04:57.863714" elapsed="0.049366"/>
</kw>
<msg time="2025-03-13T16:04:57.913384" level="INFO">${res} = True</msg>
<var>${res}</var>
<arg>Wait Until Element Is Visible</arg>
<arg>${locator}</arg>
<arg>timeout=5s</arg>
<doc>Runs the given keyword with given arguments and returns the status as a Boolean value.</doc>
<status status="PASS" start="2025-03-13T16:04:57.863318" elapsed="0.050152"/>
</kw>
<return>
<value>${res}</value>
<status status="PASS" start="2025-03-13T16:04:57.913682" elapsed="0.000109"/>
</return>
<msg time="2025-03-13T16:04:57.914130" level="INFO">${res} = True</msg>
<var>${res}</var>
<arg>${inputPassword}</arg>
<status status="PASS" start="2025-03-13T16:04:57.862457" elapsed="0.051754"/>
</kw>
<if>
<branch type="IF" condition="${res}">
<kw name="general Wait Until" owner="generalFunct">
<kw name="Wait Until Element Is Visible" owner="SeleniumLibrary">
<arg>${locator}</arg>
<arg>timeout=5s</arg>
<doc>Waits until the element ``locator`` is visible.</doc>
<status status="PASS" start="2025-03-13T16:04:57.915686" elapsed="0.021971"/>
</kw>
<kw name="Sleep" owner="BuiltIn">
<msg time="2025-03-13T16:05:02.938809" level="INFO">Slept 5 seconds.</msg>
<arg>5</arg>
<doc>Pauses the test executed for the given time.</doc>
<status status="PASS" start="2025-03-13T16:04:57.937903" elapsed="5.001301"/>
</kw>
<arg>${buttonMasuk}</arg>
<status status="PASS" start="2025-03-13T16:04:57.914936" elapsed="5.025200"/>
</kw>
<kw name="Sleep" owner="BuiltIn">
<msg time="2025-03-13T16:05:06.942035" level="INFO">Slept 4 seconds.</msg>
<arg>4</arg>
<doc>Pauses the test executed for the given time.</doc>
<status status="PASS" start="2025-03-13T16:05:02.940735" elapsed="4.001677"/>
</kw>
<kw name="user click element" owner="generalFunct">
<kw name="Sleep" owner="BuiltIn">
<msg time="2025-03-13T16:05:11.946502" level="INFO">Slept 5 seconds.</msg>
<arg>5</arg>
<doc>Pauses the test executed for the given time.</doc>
<status status="PASS" start="2025-03-13T16:05:06.944743" elapsed="5.002347"/>
</kw>
<kw name="Wait Until Element Is Visible" owner="SeleniumLibrary">
<arg>${element}</arg>
<doc>Waits until the element ``locator`` is visible.</doc>
<status status="PASS" start="2025-03-13T16:05:11.947787" elapsed="0.051001"/>
</kw>
<kw name="Click Element" owner="SeleniumLibrary">
<msg time="2025-03-13T16:05:11.999729" level="INFO">Clicking element 'xpath=//button[@type='button']//span[contains(text(), 'Masuk')]//ancestor::button'.</msg>
<msg time="2025-03-13T16:05:12.107573" level="INFO">${clickElement} = None</msg>
<var>${clickElement}</var>
<arg>${element}</arg>
<doc>Click the element identified by ``locator``.</doc>
<status status="PASS" start="2025-03-13T16:05:11.999235" elapsed="0.108469"/>
</kw>
<return>
<value>${clickElement}</value>
<status status="PASS" start="2025-03-13T16:05:12.107908" elapsed="0.000119"/>
</return>
<arg>${buttonMasuk}</arg>
<status status="PASS" start="2025-03-13T16:05:06.943325" elapsed="5.165065"/>
</kw>
<status status="PASS" start="2025-03-13T16:04:57.914471" elapsed="14.194059"/>
</branch>
<branch type="ELSE">
<kw name="user visit E-Proc1000s Login Page" owner="pom_login_eProc">
<status status="NOT RUN" start="2025-03-13T16:05:12.109501" elapsed="0.000147"/>
</kw>
<status status="NOT RUN" start="2025-03-13T16:05:12.108872" elapsed="0.000933"/>
</branch>
<status status="PASS" start="2025-03-13T16:04:57.914406" elapsed="14.196082"/>
</if>
<status status="PASS" start="2025-03-13T16:04:46.714151" elapsed="25.396539"/>
</kw>
<kw name="Then show message error" owner="generalFunct">
<kw name="general return status" owner="generalFunct">
<kw name="Run Keyword And Return Status" owner="BuiltIn">
<kw name="Wait Until Element Is Visible" owner="SeleniumLibrary">
<arg>${locator}</arg>
<arg>timeout=5s</arg>
<doc>Waits until the element ``locator`` is visible.</doc>
<status status="PASS" start="2025-03-13T16:05:12.112642" elapsed="0.026493"/>
</kw>
<msg time="2025-03-13T16:05:12.139339" level="INFO">${res} = True</msg>
<var>${res}</var>
<arg>Wait Until Element Is Visible</arg>
<arg>${locator}</arg>
<arg>timeout=5s</arg>
<doc>Runs the given keyword with given arguments and returns the status as a Boolean value.</doc>
<status status="PASS" start="2025-03-13T16:05:12.112394" elapsed="0.026994"/>
</kw>
<return>
<value>${res}</value>
<status status="PASS" start="2025-03-13T16:05:12.139501" elapsed="0.000073"/>
</return>
<msg time="2025-03-13T16:05:12.139793" level="INFO">${label} = True</msg>
<var>${label}</var>
<arg>xpath=//div[@class='mb-20px']//parent::div/label[contains(text(), 'Nomor')]</arg>
<status status="PASS" start="2025-03-13T16:05:12.112000" elapsed="0.027840"/>
</kw>
<if>
<branch type="IF" condition="${label}">
<kw name="general Wait Until" owner="generalFunct">
<kw name="Wait Until Element Is Visible" owner="SeleniumLibrary">
<arg>${locator}</arg>
<arg>timeout=5s</arg>
<doc>Waits until the element ``locator`` is visible.</doc>
<status status="PASS" start="2025-03-13T16:05:12.140710" elapsed="0.036821"/>
</kw>
<kw name="Sleep" owner="BuiltIn">
<msg time="2025-03-13T16:05:17.178975" level="INFO">Slept 5 seconds.</msg>
<arg>5</arg>
<doc>Pauses the test executed for the given time.</doc>
<status status="PASS" start="2025-03-13T16:05:12.177924" elapsed="5.001426"/>
</kw>
<arg>${errMessageLabel}</arg>
<status status="PASS" start="2025-03-13T16:05:12.140267" elapsed="5.039542"/>
</kw>
<kw name="Get Text" owner="SeleniumLibrary">
<msg time="2025-03-13T16:05:17.250030" level="INFO">${err} = No. Handphone harus diisi</msg>
<var>${err}</var>
<arg>${errMessageLabel}</arg>
<doc>Returns the text value of the element identified by ``locator``.</doc>
<status status="PASS" start="2025-03-13T16:05:17.180497" elapsed="0.069646"/>
</kw>
<kw name="Set Global Variable" owner="BuiltIn">
<msg time="2025-03-13T16:05:17.252889" level="INFO">${err_text} = No. Handphone harus diisi</msg>
<arg>${err_text}</arg>
<arg>${err}</arg>
<doc>Makes a variable available globally in all tests and suites.</doc>
<status status="PASS" start="2025-03-13T16:05:17.250545" elapsed="0.002490"/>
</kw>
<kw name="Log To Console" owner="BuiltIn">
<arg>${\n}Error Message : ${err}</arg>
<doc>Logs the given message to the console.</doc>
<status status="PASS" start="2025-03-13T16:05:17.253366" elapsed="0.001463"/>
</kw>
<status status="PASS" start="2025-03-13T16:05:12.139987" elapsed="5.115144"/>
</branch>
<branch type="ELSE">
<kw name="general Wait Until" owner="generalFunct">
<arg>${errMessageLabel}</arg>
<status status="NOT RUN" start="2025-03-13T16:05:17.255769" elapsed="0.000094"/>
</kw>
<kw name="Get Text" owner="SeleniumLibrary">
<var>${err}</var>
<arg>${errMessageLabel}</arg>
<doc>Returns the text value of the element identified by ``locator``.</doc>
<status status="NOT RUN" start="2025-03-13T16:05:17.256191" elapsed="0.000080"/>
</kw>
<kw name="Set Global Variable" owner="BuiltIn">
<arg>${err_text}</arg>
<arg>${err}</arg>
<doc>Makes a variable available globally in all tests and suites.</doc>
<status status="NOT RUN" start="2025-03-13T16:05:17.256588" elapsed="0.000079"/>
</kw>
<kw name="Log To Console" owner="BuiltIn">
<arg>${\n}Error Message : ${err}</arg>
<doc>Logs the given message to the console.</doc>
<status status="NOT RUN" start="2025-03-13T16:05:17.256932" elapsed="0.000073"/>
</kw>
<status status="NOT RUN" start="2025-03-13T16:05:17.255333" elapsed="0.001786"/>
</branch>
<status status="PASS" start="2025-03-13T16:05:12.139952" elapsed="5.117266"/>
</if>
<status status="PASS" start="2025-03-13T16:05:12.111344" elapsed="5.146042"/>
</kw>
<status status="PASS" start="2025-03-13T16:04:46.653899" elapsed="30.603636"/>
</kw>
<kw name="End Web Test" owner="web_eProc" type="TEARDOWN">
<kw name="Log" owner="BuiltIn">
<msg time="2025-03-13T16:05:17.259635" level="INFO">Suite teardown initiated</msg>
<arg>Suite teardown initiated</arg>
<doc>Logs the given message with the given level.</doc>
<status status="PASS" start="2025-03-13T16:05:17.259341" elapsed="0.000440"/>
</kw>
<kw name="Close Browser" owner="SeleniumLibrary">
<doc>Closes the current browser.</doc>
<status status="PASS" start="2025-03-13T16:05:17.260116" elapsed="2.229525"/>
</kw>
<doc>Closes the browser after all tests in the suite have run</doc>
<status status="PASS" start="2025-03-13T16:05:17.258622" elapsed="2.231476"/>
</kw>
<doc>This scenario test User login without fill no handphone and password</doc>
<tag>1000s</tag>
<tag>login invalid</tag>
<tag>test</tag>
<status status="PASS" start="2025-03-13T16:04:41.820144" elapsed="37.670876"/>
</test>
<status status="PASS" start="2025-03-13T16:04:41.112967" elapsed="38.383132"/>
</suite>
<statistics>
<total>
<stat pass="1" fail="0" skip="0">All Tests</stat>
</total>
<tag>
<stat pass="1" fail="0" skip="0">1000s</stat>
<stat pass="1" fail="0" skip="0">login invalid</stat>
<stat pass="1" fail="0" skip="0">test</stat>
</tag>
<suite>
<stat name="Test Login" id="s1" pass="1" fail="0" skip="0">Test Login</stat>
</suite>
</statistics>
<errors>
</errors>
</robot>
