<?xml version="1.0" encoding="UTF-8"?>
<robot generator="Robot 7.2.2 (Python 3.13.2 on win32)" generated="2025-07-11T15:51:13.333190" rpa="false" schemaversion="5">
<suite id="s1" name="test detailProject EvaluasiAnggaran" source="C:\Users\1000Saudara45\Documents\Automation\eProc_Web\testSuite\Tim_OP\test_detailProject_EvaluasiAnggaran.robot">
<test id="s1-t1" name="Tim OP can Go To Detail Project" line="10">
<kw name="Begin Web Test" owner="web_eProc" type="SETUP">
<kw name="Create Chrome Options With Scale" owner="browserUtils">
<msg time="2025-07-11T15:51:14.896446" level="INFO">${options} = &lt;selenium.webdriver.chrome.options.Options object at 0x00000218A6A37620&gt;</msg>
<var>${options}</var>
<arg>${ZOOM}</arg>
<status status="PASS" start="2025-07-11T15:51:14.896044" elapsed="0.000468"/>
</kw>
<kw name="Open Browser" owner="SeleniumLibrary">
<msg time="2025-07-11T15:51:14.897255" level="INFO">Opening browser 'headlesschrome' to base url 'https://developer.1000saudara.com/project1000s'.</msg>
<arg>${URL_DEV}</arg>
<arg>${BROWSER}</arg>
<arg>options=${options}</arg>
<doc>Opens a new browser instance to the optional ``url``.</doc>
<status status="PASS" start="2025-07-11T15:51:14.896838" elapsed="4.933376"/>
</kw>
<kw name="Maximize Browser Window" owner="SeleniumLibrary">
<doc>Maximizes current browser window.</doc>
<status status="PASS" start="2025-07-11T15:51:19.830614" elapsed="0.005538"/>
</kw>
<kw name="Wait Until Page Contains Element" owner="SeleniumLibrary">
<arg>tag:body</arg>
<doc>Waits until the element ``locator`` appears on the current page.</doc>
<status status="PASS" start="2025-07-11T15:51:19.836750" elapsed="0.020957"/>
</kw>
<kw name="Sleep" owner="BuiltIn">
<msg time="2025-07-11T15:51:21.858495" level="INFO">Slept 2 seconds.</msg>
<arg>2</arg>
<doc>Pauses the test executed for the given time.</doc>
<status status="PASS" start="2025-07-11T15:51:19.857992" elapsed="2.000654"/>
</kw>
<status status="PASS" start="2025-07-11T15:51:14.894623" elapsed="6.964200"/>
</kw>
<kw name="User go to detail Project Page" owner="detailProject_EvaluasiAnggaran">
<kw name="Given User can access Home Login 1000s" owner="login">
<kw name="Then user go to home page E-Proc1000s" owner="pom_login_eProc">
<kw name="user visit E-Proc1000s Login Page" owner="pom_login_eProc">
<kw name="Get Location" owner="SeleniumLibrary">
<msg time="2025-07-11T15:51:21.869292" level="INFO">${current_url} = https://developer.1000saudara.com/project1000s</msg>
<var>${current_url}</var>
<doc>Returns the current browser window URL.</doc>
<status status="PASS" start="2025-07-11T15:51:21.861576" elapsed="0.007783"/>
</kw>
<kw name="Log" owner="BuiltIn">
<msg time="2025-07-11T15:51:21.869900" level="INFO">Current Path: https://developer.1000saudara.com/project1000s</msg>
<arg>Current Path: ${current_url}</arg>
<doc>Logs the given message with the given level.</doc>
<status status="PASS" start="2025-07-11T15:51:21.869616" elapsed="0.000366"/>
</kw>
<kw name="general delay" owner="generalFunct">
<kw name="Run Keyword And Ignore Error" owner="BuiltIn">
<kw name="Wait Until Keyword Succeeds" owner="BuiltIn">
<kw name="Fail" owner="BuiltIn">
<msg time="2025-07-11T15:51:21.871593" level="FAIL">Delay paksa tanpa Sleep</msg>
<arg>Delay paksa tanpa Sleep</arg>
<doc>Fails the test with the given message and optionally alters its tags.</doc>
<status status="FAIL" start="2025-07-11T15:51:21.871292" elapsed="0.001147">Delay paksa tanpa Sleep</status>
</kw>
<kw name="Fail" owner="BuiltIn">
<msg time="2025-07-11T15:51:23.873584" level="FAIL">Delay paksa tanpa Sleep</msg>
<arg>Delay paksa tanpa Sleep</arg>
<doc>Fails the test with the given message and optionally alters its tags.</doc>
<status status="FAIL" start="2025-07-11T15:51:23.873224" elapsed="0.000526">Delay paksa tanpa Sleep</status>
</kw>
<msg time="2025-07-11T15:51:23.873966" level="FAIL">Keyword 'Fail' failed after retrying 2 times. The last error was: Delay paksa tanpa Sleep</msg>
<arg>2 times</arg>
<arg>${durasi}</arg>
<arg>Fail</arg>
<arg>Delay paksa tanpa Sleep</arg>
<doc>Runs the specified keyword and retries if it fails.</doc>
<status status="FAIL" start="2025-07-11T15:51:21.870938" elapsed="2.003228">Keyword 'Fail' failed after retrying 2 times. The last error was: Delay paksa tanpa Sleep</status>
</kw>
<arg>Wait Until Keyword Succeeds</arg>
<arg>2 times</arg>
<arg>${durasi}</arg>
<arg>Fail</arg>
<arg>Delay paksa tanpa Sleep</arg>
<doc>Runs the given keyword with the given arguments and ignores possible error.</doc>
<status status="PASS" start="2025-07-11T15:51:21.870633" elapsed="2.003667"/>
</kw>
<status status="PASS" start="2025-07-11T15:51:21.870211" elapsed="2.004265"/>
</kw>
<kw name="general return status" owner="generalFunct">
<kw name="Run Keyword And Return Status" owner="BuiltIn">
<kw name="Wait Until Element Is Visible" owner="SeleniumLibrary">
<arg>${locator}</arg>
<arg>${timeout}</arg>
<doc>Waits until the element ``locator`` is visible.</doc>
<status status="PASS" start="2025-07-11T15:51:23.875637" elapsed="0.039771"/>
</kw>
<msg time="2025-07-11T15:51:23.915614" level="INFO">${res} = True</msg>
<var>${res}</var>
<arg>Wait Until Element Is Visible</arg>
<arg>${locator}</arg>
<arg>${timeout}</arg>
<doc>Runs the given keyword with given arguments and returns the status as a Boolean value.</doc>
<status status="PASS" start="2025-07-11T15:51:23.875369" elapsed="0.040297"/>
</kw>
<return>
<value>${res}</value>
<status status="PASS" start="2025-07-11T15:51:23.915783" elapsed="0.000094"/>
</return>
<msg time="2025-07-11T15:51:23.916127" level="INFO">${res} = True</msg>
<var>${res}</var>
<arg>${headerLogin}</arg>
<status status="PASS" start="2025-07-11T15:51:23.874755" elapsed="0.041420"/>
</kw>
<while condition="${res} == $False">
<iter>
<kw name="Reload Page" owner="SeleniumLibrary">
<doc>Simulates user reloading page.</doc>
<status status="NOT RUN" start="2025-07-11T15:51:23.916857" elapsed="0.000051"/>
</kw>
<kw name="general delay" owner="generalFunct">
<status status="NOT RUN" start="2025-07-11T15:51:23.917117" elapsed="0.000266"/>
</kw>
<kw name="general return status" owner="generalFunct">
<var>${res}</var>
<arg>${headerLogin}</arg>
<status status="NOT RUN" start="2025-07-11T15:51:23.917736" elapsed="0.000058"/>
</kw>
<status status="NOT RUN" start="2025-07-11T15:51:23.916294" elapsed="0.001574"/>
</iter>
<status status="NOT RUN" start="2025-07-11T15:51:23.916291" elapsed="0.001640"/>
</while>
<status status="PASS" start="2025-07-11T15:51:21.861140" elapsed="2.056927"/>
</kw>
<kw name="user login E-Proc1000s Page" owner="pom_login_eProc">
<kw name="general Wait Until" owner="generalFunct">
<kw name="Set Variable" owner="BuiltIn">
<msg time="2025-07-11T15:51:23.919732" level="INFO">${interval} = 1</msg>
<var>${interval}</var>
<arg>1</arg>
<doc>Returns the given values which can then be assigned to a variables.</doc>
<status status="PASS" start="2025-07-11T15:51:23.919523" elapsed="0.000256"/>
</kw>
<kw name="Evaluate" owner="BuiltIn">
<msg time="2025-07-11T15:51:23.920422" level="INFO">${total_checks} = 3</msg>
<var>${total_checks}</var>
<arg>int(${durasi} / ${interval})</arg>
<doc>Evaluates the given expression in Python and returns the result.</doc>
<status status="PASS" start="2025-07-11T15:51:23.919996" elapsed="0.000475"/>
</kw>
<kw name="Wait Until Keyword Succeeds" owner="BuiltIn">
<kw name="Elemen Harus Stabil Terlihat" owner="generalFunct">
<kw name="Wait Until Element Is Visible" owner="SeleniumLibrary">
<arg>${locator}</arg>
<arg>timeout=5s</arg>
<doc>Waits until the element ``locator`` is visible.</doc>
<status status="PASS" start="2025-07-11T15:51:23.921727" elapsed="0.030165"/>
</kw>
<for flavor="IN RANGE">
<iter>
<kw name="Element Should Be Visible" owner="SeleniumLibrary">
<msg time="2025-07-11T15:51:23.977516" level="INFO">Element 'xpath=//input[@id='pwd']' is displayed.</msg>
<arg>${locator}</arg>
<doc>Verifies that the element identified by ``locator`` is visible.</doc>
<status status="PASS" start="2025-07-11T15:51:23.952768" elapsed="0.024890"/>
</kw>
<kw name="Wait Until Element Is Visible" owner="SeleniumLibrary">
<arg>${locator}</arg>
<arg>timeout=5s</arg>
<doc>Waits until the element ``locator`` is visible.</doc>
<status status="PASS" start="2025-07-11T15:51:23.978103" elapsed="0.023786"/>
</kw>
<var name="${i}">0</var>
<status status="PASS" start="2025-07-11T15:51:23.952475" elapsed="0.049544"/>
</iter>
<iter>
<kw name="Element Should Be Visible" owner="SeleniumLibrary">
<msg time="2025-07-11T15:51:24.026386" level="INFO">Element 'xpath=//input[@id='pwd']' is displayed.</msg>
<arg>${locator}</arg>
<doc>Verifies that the element identified by ``locator`` is visible.</doc>
<status status="PASS" start="2025-07-11T15:51:24.002464" elapsed="0.024052"/>
</kw>
<kw name="Wait Until Element Is Visible" owner="SeleniumLibrary">
<arg>${locator}</arg>
<arg>timeout=5s</arg>
<doc>Waits until the element ``locator`` is visible.</doc>
<status status="PASS" start="2025-07-11T15:51:24.026789" elapsed="0.022546"/>
</kw>
<var name="${i}">1</var>
<status status="PASS" start="2025-07-11T15:51:24.002256" elapsed="0.047201"/>
</iter>
<iter>
<kw name="Element Should Be Visible" owner="SeleniumLibrary">
<msg time="2025-07-11T15:51:24.073665" level="INFO">Element 'xpath=//input[@id='pwd']' is displayed.</msg>
<arg>${locator}</arg>
<doc>Verifies that the element identified by ``locator`` is visible.</doc>
<status status="PASS" start="2025-07-11T15:51:24.049918" elapsed="0.023872"/>
</kw>
<kw name="Wait Until Element Is Visible" owner="SeleniumLibrary">
<arg>${locator}</arg>
<arg>timeout=5s</arg>
<doc>Waits until the element ``locator`` is visible.</doc>
<status status="PASS" start="2025-07-11T15:51:24.074061" elapsed="0.023785"/>
</kw>
<var name="${i}">2</var>
<status status="PASS" start="2025-07-11T15:51:24.049686" elapsed="0.048293"/>
</iter>
<var>${i}</var>
<value>${ulang}</value>
<status status="PASS" start="2025-07-11T15:51:23.952098" elapsed="0.145982"/>
</for>
<arg>${locator}</arg>
<arg>${total_checks}</arg>
<arg>${interval}</arg>
<status status="PASS" start="2025-07-11T15:51:23.921148" elapsed="0.177100"/>
</kw>
<arg>${max_retries} times</arg>
<arg>0s</arg>
<arg>Elemen Harus Stabil Terlihat</arg>
<arg>${locator}</arg>
<arg>${total_checks}</arg>
<arg>${interval}</arg>
<doc>Runs the specified keyword and retries if it fails.</doc>
<status status="PASS" start="2025-07-11T15:51:23.920674" elapsed="0.177704"/>
</kw>
<kw name="general delay" owner="generalFunct">
<kw name="Run Keyword And Ignore Error" owner="BuiltIn">
<kw name="Wait Until Keyword Succeeds" owner="BuiltIn">
<kw name="Fail" owner="BuiltIn">
<msg time="2025-07-11T15:51:24.100179" level="FAIL">Delay paksa tanpa Sleep</msg>
<arg>Delay paksa tanpa Sleep</arg>
<doc>Fails the test with the given message and optionally alters its tags.</doc>
<status status="FAIL" start="2025-07-11T15:51:24.099916" elapsed="0.000378">Delay paksa tanpa Sleep</status>
</kw>
<kw name="Fail" owner="BuiltIn">
<msg time="2025-07-11T15:51:25.102171" level="FAIL">Delay paksa tanpa Sleep</msg>
<arg>Delay paksa tanpa Sleep</arg>
<doc>Fails the test with the given message and optionally alters its tags.</doc>
<status status="FAIL" start="2025-07-11T15:51:25.101438" elapsed="0.000912">Delay paksa tanpa Sleep</status>
</kw>
<msg time="2025-07-11T15:51:25.102850" level="FAIL">Keyword 'Fail' failed after retrying 2 times. The last error was: Delay paksa tanpa Sleep</msg>
<arg>2 times</arg>
<arg>${durasi}</arg>
<arg>Fail</arg>
<arg>Delay paksa tanpa Sleep</arg>
<doc>Runs the specified keyword and retries if it fails.</doc>
<status status="FAIL" start="2025-07-11T15:51:24.099533" elapsed="1.003831">Keyword 'Fail' failed after retrying 2 times. The last error was: Delay paksa tanpa Sleep</status>
</kw>
<arg>Wait Until Keyword Succeeds</arg>
<arg>2 times</arg>
<arg>${durasi}</arg>
<arg>Fail</arg>
<arg>Delay paksa tanpa Sleep</arg>
<doc>Runs the given keyword with the given arguments and ignores possible error.</doc>
<status status="PASS" start="2025-07-11T15:51:24.099226" elapsed="1.004376"/>
</kw>
<arg>1s</arg>
<status status="PASS" start="2025-07-11T15:51:24.098695" elapsed="1.005077"/>
</kw>
<arg>${inputPassword}</arg>
<status status="PASS" start="2025-07-11T15:51:23.918989" elapsed="1.184929"/>
</kw>
<kw name="user input text" owner="generalFunct">
<kw name="general Wait Until" owner="generalFunct">
<kw name="Set Variable" owner="BuiltIn">
<msg time="2025-07-11T15:51:25.105488" level="INFO">${interval} = 1</msg>
<var>${interval}</var>
<arg>1</arg>
<doc>Returns the given values which can then be assigned to a variables.</doc>
<status status="PASS" start="2025-07-11T15:51:25.105283" elapsed="0.000254"/>
</kw>
<kw name="Evaluate" owner="BuiltIn">
<msg time="2025-07-11T15:51:25.106121" level="INFO">${total_checks} = 3</msg>
<var>${total_checks}</var>
<arg>int(${durasi} / ${interval})</arg>
<doc>Evaluates the given expression in Python and returns the result.</doc>
<status status="PASS" start="2025-07-11T15:51:25.105733" elapsed="0.000436"/>
</kw>
<kw name="Wait Until Keyword Succeeds" owner="BuiltIn">
<kw name="Elemen Harus Stabil Terlihat" owner="generalFunct">
<kw name="Wait Until Element Is Visible" owner="SeleniumLibrary">
<arg>${locator}</arg>
<arg>timeout=5s</arg>
<doc>Waits until the element ``locator`` is visible.</doc>
<status status="PASS" start="2025-07-11T15:51:25.107302" elapsed="0.030043"/>
</kw>
<for flavor="IN RANGE">
<iter>
<kw name="Element Should Be Visible" owner="SeleniumLibrary">
<msg time="2025-07-11T15:51:25.161992" level="INFO">Element 'xpath=//input[@id='TxtPhone']' is displayed.</msg>
<arg>${locator}</arg>
<doc>Verifies that the element identified by ``locator`` is visible.</doc>
<status status="PASS" start="2025-07-11T15:51:25.137996" elapsed="0.024136"/>
</kw>
<kw name="Wait Until Element Is Visible" owner="SeleniumLibrary">
<arg>${locator}</arg>
<arg>timeout=5s</arg>
<doc>Waits until the element ``locator`` is visible.</doc>
<status status="PASS" start="2025-07-11T15:51:25.162463" elapsed="0.025091"/>
</kw>
<var name="${i}">0</var>
<status status="PASS" start="2025-07-11T15:51:25.137788" elapsed="0.049907"/>
</iter>
<iter>
<kw name="Element Should Be Visible" owner="SeleniumLibrary">
<msg time="2025-07-11T15:51:25.212595" level="INFO">Element 'xpath=//input[@id='TxtPhone']' is displayed.</msg>
<arg>${locator}</arg>
<doc>Verifies that the element identified by ``locator`` is visible.</doc>
<status status="PASS" start="2025-07-11T15:51:25.188197" elapsed="0.024525"/>
</kw>
<kw name="Wait Until Element Is Visible" owner="SeleniumLibrary">
<arg>${locator}</arg>
<arg>timeout=5s</arg>
<doc>Waits until the element ``locator`` is visible.</doc>
<status status="PASS" start="2025-07-11T15:51:25.213008" elapsed="0.024143"/>
</kw>
<var name="${i}">1</var>
<status status="PASS" start="2025-07-11T15:51:25.187943" elapsed="0.049345"/>
</iter>
<iter>
<kw name="Element Should Be Visible" owner="SeleniumLibrary">
<msg time="2025-07-11T15:51:25.277541" level="INFO">Element 'xpath=//input[@id='TxtPhone']' is displayed.</msg>
<arg>${locator}</arg>
<doc>Verifies that the element identified by ``locator`` is visible.</doc>
<status status="PASS" start="2025-07-11T15:51:25.237779" elapsed="0.040016"/>
</kw>
<kw name="Wait Until Element Is Visible" owner="SeleniumLibrary">
<arg>${locator}</arg>
<arg>timeout=5s</arg>
<doc>Waits until the element ``locator`` is visible.</doc>
<status status="PASS" start="2025-07-11T15:51:25.278372" elapsed="0.027962"/>
</kw>
<var name="${i}">2</var>
<status status="PASS" start="2025-07-11T15:51:25.237506" elapsed="0.069096"/>
</iter>
<var>${i}</var>
<value>${ulang}</value>
<status status="PASS" start="2025-07-11T15:51:25.137523" elapsed="0.169272"/>
</for>
<arg>${locator}</arg>
<arg>${total_checks}</arg>
<arg>${interval}</arg>
<status status="PASS" start="2025-07-11T15:51:25.106802" elapsed="0.200295"/>
</kw>
<arg>${max_retries} times</arg>
<arg>0s</arg>
<arg>Elemen Harus Stabil Terlihat</arg>
<arg>${locator}</arg>
<arg>${total_checks}</arg>
<arg>${interval}</arg>
<doc>Runs the specified keyword and retries if it fails.</doc>
<status status="PASS" start="2025-07-11T15:51:25.106389" elapsed="0.200938"/>
</kw>
<kw name="general delay" owner="generalFunct">
<kw name="Run Keyword And Ignore Error" owner="BuiltIn">
<kw name="Wait Until Keyword Succeeds" owner="BuiltIn">
<kw name="Fail" owner="BuiltIn">
<msg time="2025-07-11T15:51:25.311042" level="FAIL">Delay paksa tanpa Sleep</msg>
<arg>Delay paksa tanpa Sleep</arg>
<doc>Fails the test with the given message and optionally alters its tags.</doc>
<status status="FAIL" start="2025-07-11T15:51:25.310546" elapsed="0.000675">Delay paksa tanpa Sleep</status>
</kw>
<kw name="Fail" owner="BuiltIn">
<msg time="2025-07-11T15:51:26.312341" level="FAIL">Delay paksa tanpa Sleep</msg>
<arg>Delay paksa tanpa Sleep</arg>
<doc>Fails the test with the given message and optionally alters its tags.</doc>
<status status="FAIL" start="2025-07-11T15:51:26.311919" elapsed="0.000604">Delay paksa tanpa Sleep</status>
</kw>
<msg time="2025-07-11T15:51:26.312704" level="FAIL">Keyword 'Fail' failed after retrying 2 times. The last error was: Delay paksa tanpa Sleep</msg>
<arg>2 times</arg>
<arg>${durasi}</arg>
<arg>Fail</arg>
<arg>Delay paksa tanpa Sleep</arg>
<doc>Runs the specified keyword and retries if it fails.</doc>
<status status="FAIL" start="2025-07-11T15:51:25.309750" elapsed="1.003113">Keyword 'Fail' failed after retrying 2 times. The last error was: Delay paksa tanpa Sleep</status>
</kw>
<arg>Wait Until Keyword Succeeds</arg>
<arg>2 times</arg>
<arg>${durasi}</arg>
<arg>Fail</arg>
<arg>Delay paksa tanpa Sleep</arg>
<doc>Runs the given keyword with the given arguments and ignores possible error.</doc>
<status status="PASS" start="2025-07-11T15:51:25.309085" elapsed="1.003896"/>
</kw>
<arg>1s</arg>
<status status="PASS" start="2025-07-11T15:51:25.308082" elapsed="1.005037"/>
</kw>
<arg>${locator}</arg>
<status status="PASS" start="2025-07-11T15:51:25.104834" elapsed="1.208375"/>
</kw>
<kw name="Input Text" owner="SeleniumLibrary">
<msg time="2025-07-11T15:51:26.313751" level="INFO">Typing text '080123123111' into text field 'xpath=//input[@id='TxtPhone']'.</msg>
<arg>${locator}</arg>
<arg>${text}</arg>
<doc>Types the given ``text`` into the text field identified by ``locator``.</doc>
<status status="PASS" start="2025-07-11T15:51:26.313438" elapsed="0.177343"/>
</kw>
<kw name="Tunggu Sampai Kondisi Terpenuhi" owner="generalFunct">
<kw name="Wait Until Keyword Succeeds" owner="BuiltIn">
<kw name="Run Keyword" owner="BuiltIn">
<kw name="Cek Field Sudah Terisi" owner="generalFunct">
<kw name="Get Value" owner="SeleniumLibrary">
<msg time="2025-07-11T15:51:26.529299" level="INFO">${value} = 080123123111</msg>
<var>${value}</var>
<arg>${value_element}</arg>
<doc>Returns the value attribute of the element identified by ``locator``.</doc>
<status status="PASS" start="2025-07-11T15:51:26.493471" elapsed="0.035925"/>
</kw>
<kw name="Should Not Be Empty" owner="BuiltIn">
<msg time="2025-07-11T15:51:26.530206" level="INFO">Length is 12.</msg>
<arg>${value}</arg>
<doc>Verifies that the given item is not empty.</doc>
<status status="PASS" start="2025-07-11T15:51:26.529814" elapsed="0.000514"/>
</kw>
<arg>${locator}</arg>
<status status="PASS" start="2025-07-11T15:51:26.492968" elapsed="0.037553"/>
</kw>
<arg>${keyword}</arg>
<arg>${locator}</arg>
<doc>Executes the given keyword with the given arguments.</doc>
<status status="PASS" start="2025-07-11T15:51:26.492338" elapsed="0.038415"/>
</kw>
<arg>${timeout}</arg>
<arg>${interval}</arg>
<arg>Run Keyword</arg>
<arg>${keyword}</arg>
<arg>${locator}</arg>
<doc>Runs the specified keyword and retries if it fails.</doc>
<status status="PASS" start="2025-07-11T15:51:26.491834" elapsed="0.039139"/>
</kw>
<arg>Cek Field Sudah Terisi</arg>
<arg>${locator}</arg>
<status status="PASS" start="2025-07-11T15:51:26.491126" elapsed="0.040101"/>
</kw>
<arg>${inputUsername}</arg>
<arg>${MULTI_ROLE_OPSITE}</arg>
<status status="PASS" start="2025-07-11T15:51:25.104285" elapsed="1.427160"/>
</kw>
<kw name="general return status" owner="generalFunct">
<kw name="Run Keyword And Return Status" owner="BuiltIn">
<kw name="Wait Until Element Is Visible" owner="SeleniumLibrary">
<arg>${locator}</arg>
<arg>${timeout}</arg>
<doc>Waits until the element ``locator`` is visible.</doc>
<status status="PASS" start="2025-07-11T15:51:26.534081" elapsed="0.025168"/>
</kw>
<msg time="2025-07-11T15:51:26.559470" level="INFO">${res} = True</msg>
<var>${res}</var>
<arg>Wait Until Element Is Visible</arg>
<arg>${locator}</arg>
<arg>${timeout}</arg>
<doc>Runs the given keyword with given arguments and returns the status as a Boolean value.</doc>
<status status="PASS" start="2025-07-11T15:51:26.533140" elapsed="0.026388"/>
</kw>
<return>
<value>${res}</value>
<status status="PASS" start="2025-07-11T15:51:26.559666" elapsed="0.000084"/>
</return>
<msg time="2025-07-11T15:51:26.560014" level="INFO">${res} = True</msg>
<var>${res}</var>
<arg>${inputPassword}</arg>
<status status="PASS" start="2025-07-11T15:51:26.531999" elapsed="0.028068"/>
</kw>
<if>
<branch type="IF" condition="${res}">
<kw name="general delay" owner="generalFunct">
<kw name="Run Keyword And Ignore Error" owner="BuiltIn">
<kw name="Wait Until Keyword Succeeds" owner="BuiltIn">
<kw name="Fail" owner="BuiltIn">
<msg time="2025-07-11T15:51:26.562099" level="FAIL">Delay paksa tanpa Sleep</msg>
<arg>Delay paksa tanpa Sleep</arg>
<doc>Fails the test with the given message and optionally alters its tags.</doc>
<status status="FAIL" start="2025-07-11T15:51:26.561832" elapsed="0.000392">Delay paksa tanpa Sleep</status>
</kw>
<kw name="Fail" owner="BuiltIn">
<msg time="2025-07-11T15:51:28.563231" level="FAIL">Delay paksa tanpa Sleep</msg>
<arg>Delay paksa tanpa Sleep</arg>
<doc>Fails the test with the given message and optionally alters its tags.</doc>
<status status="FAIL" start="2025-07-11T15:51:28.562815" elapsed="0.000559">Delay paksa tanpa Sleep</status>
</kw>
<msg time="2025-07-11T15:51:28.563591" level="FAIL">Keyword 'Fail' failed after retrying 2 times. The last error was: Delay paksa tanpa Sleep</msg>
<arg>2 times</arg>
<arg>${durasi}</arg>
<arg>Fail</arg>
<arg>Delay paksa tanpa Sleep</arg>
<doc>Runs the specified keyword and retries if it fails.</doc>
<status status="FAIL" start="2025-07-11T15:51:26.561433" elapsed="2.002343">Keyword 'Fail' failed after retrying 2 times. The last error was: Delay paksa tanpa Sleep</status>
</kw>
<arg>Wait Until Keyword Succeeds</arg>
<arg>2 times</arg>
<arg>${durasi}</arg>
<arg>Fail</arg>
<arg>Delay paksa tanpa Sleep</arg>
<doc>Runs the given keyword with the given arguments and ignores possible error.</doc>
<status status="PASS" start="2025-07-11T15:51:26.561100" elapsed="2.002813"/>
</kw>
<status status="PASS" start="2025-07-11T15:51:26.560599" elapsed="2.003475"/>
</kw>
<kw name="user input text" owner="generalFunct">
<kw name="general Wait Until" owner="generalFunct">
<kw name="Set Variable" owner="BuiltIn">
<msg time="2025-07-11T15:51:28.565758" level="INFO">${interval} = 1</msg>
<var>${interval}</var>
<arg>1</arg>
<doc>Returns the given values which can then be assigned to a variables.</doc>
<status status="PASS" start="2025-07-11T15:51:28.565539" elapsed="0.000275"/>
</kw>
<kw name="Evaluate" owner="BuiltIn">
<msg time="2025-07-11T15:51:28.566471" level="INFO">${total_checks} = 3</msg>
<var>${total_checks}</var>
<arg>int(${durasi} / ${interval})</arg>
<doc>Evaluates the given expression in Python and returns the result.</doc>
<status status="PASS" start="2025-07-11T15:51:28.566064" elapsed="0.000534"/>
</kw>
<kw name="Wait Until Keyword Succeeds" owner="BuiltIn">
<kw name="Elemen Harus Stabil Terlihat" owner="generalFunct">
<kw name="Wait Until Element Is Visible" owner="SeleniumLibrary">
<arg>${locator}</arg>
<arg>timeout=5s</arg>
<doc>Waits until the element ``locator`` is visible.</doc>
<status status="PASS" start="2025-07-11T15:51:28.570655" elapsed="0.026877"/>
</kw>
<for flavor="IN RANGE">
<iter>
<kw name="Element Should Be Visible" owner="SeleniumLibrary">
<msg time="2025-07-11T15:51:28.622814" level="INFO">Element 'xpath=//input[@id='TxtPhone']' is displayed.</msg>
<arg>${locator}</arg>
<doc>Verifies that the element identified by ``locator`` is visible.</doc>
<status status="PASS" start="2025-07-11T15:51:28.598357" elapsed="0.024644"/>
</kw>
<kw name="Wait Until Element Is Visible" owner="SeleniumLibrary">
<arg>${locator}</arg>
<arg>timeout=5s</arg>
<doc>Waits until the element ``locator`` is visible.</doc>
<status status="PASS" start="2025-07-11T15:51:28.623283" elapsed="0.023576"/>
</kw>
<var name="${i}">0</var>
<status status="PASS" start="2025-07-11T15:51:28.598124" elapsed="0.048859"/>
</iter>
<iter>
<kw name="Element Should Be Visible" owner="SeleniumLibrary">
<msg time="2025-07-11T15:51:28.671610" level="INFO">Element 'xpath=//input[@id='TxtPhone']' is displayed.</msg>
<arg>${locator}</arg>
<doc>Verifies that the element identified by ``locator`` is visible.</doc>
<status status="PASS" start="2025-07-11T15:51:28.647417" elapsed="0.024372"/>
</kw>
<kw name="Wait Until Element Is Visible" owner="SeleniumLibrary">
<arg>${locator}</arg>
<arg>timeout=5s</arg>
<doc>Waits until the element ``locator`` is visible.</doc>
<status status="PASS" start="2025-07-11T15:51:28.672073" elapsed="0.024335"/>
</kw>
<var name="${i}">1</var>
<status status="PASS" start="2025-07-11T15:51:28.647200" elapsed="0.049339"/>
</iter>
<iter>
<kw name="Element Should Be Visible" owner="SeleniumLibrary">
<msg time="2025-07-11T15:51:28.720839" level="INFO">Element 'xpath=//input[@id='TxtPhone']' is displayed.</msg>
<arg>${locator}</arg>
<doc>Verifies that the element identified by ``locator`` is visible.</doc>
<status status="PASS" start="2025-07-11T15:51:28.697014" elapsed="0.024005"/>
</kw>
<kw name="Wait Until Element Is Visible" owner="SeleniumLibrary">
<arg>${locator}</arg>
<arg>timeout=5s</arg>
<doc>Waits until the element ``locator`` is visible.</doc>
<status status="PASS" start="2025-07-11T15:51:28.721307" elapsed="0.024518"/>
</kw>
<var name="${i}">2</var>
<status status="PASS" start="2025-07-11T15:51:28.696756" elapsed="0.049196"/>
</iter>
<var>${i}</var>
<value>${ulang}</value>
<status status="PASS" start="2025-07-11T15:51:28.597690" elapsed="0.148348"/>
</for>
<arg>${locator}</arg>
<arg>${total_checks}</arg>
<arg>${interval}</arg>
<status status="PASS" start="2025-07-11T15:51:28.568622" elapsed="0.177549"/>
</kw>
<arg>${max_retries} times</arg>
<arg>0s</arg>
<arg>Elemen Harus Stabil Terlihat</arg>
<arg>${locator}</arg>
<arg>${total_checks}</arg>
<arg>${interval}</arg>
<doc>Runs the specified keyword and retries if it fails.</doc>
<status status="PASS" start="2025-07-11T15:51:28.567089" elapsed="0.179179"/>
</kw>
<kw name="general delay" owner="generalFunct">
<kw name="Run Keyword And Ignore Error" owner="BuiltIn">
<kw name="Wait Until Keyword Succeeds" owner="BuiltIn">
<kw name="Fail" owner="BuiltIn">
<msg time="2025-07-11T15:51:28.748583" level="FAIL">Delay paksa tanpa Sleep</msg>
<arg>Delay paksa tanpa Sleep</arg>
<doc>Fails the test with the given message and optionally alters its tags.</doc>
<status status="FAIL" start="2025-07-11T15:51:28.748305" elapsed="0.000413">Delay paksa tanpa Sleep</status>
</kw>
<kw name="Fail" owner="BuiltIn">
<msg time="2025-07-11T15:51:29.752327" level="FAIL">Delay paksa tanpa Sleep</msg>
<arg>Delay paksa tanpa Sleep</arg>
<doc>Fails the test with the given message and optionally alters its tags.</doc>
<status status="FAIL" start="2025-07-11T15:51:29.751531" elapsed="0.001136">Delay paksa tanpa Sleep</status>
</kw>
<msg time="2025-07-11T15:51:29.753141" level="FAIL">Keyword 'Fail' failed after retrying 2 times. The last error was: Delay paksa tanpa Sleep</msg>
<arg>2 times</arg>
<arg>${durasi}</arg>
<arg>Fail</arg>
<arg>Delay paksa tanpa Sleep</arg>
<doc>Runs the specified keyword and retries if it fails.</doc>
<status status="FAIL" start="2025-07-11T15:51:28.747852" elapsed="1.005662">Keyword 'Fail' failed after retrying 2 times. The last error was: Delay paksa tanpa Sleep</status>
</kw>
<arg>Wait Until Keyword Succeeds</arg>
<arg>2 times</arg>
<arg>${durasi}</arg>
<arg>Fail</arg>
<arg>Delay paksa tanpa Sleep</arg>
<doc>Runs the given keyword with the given arguments and ignores possible error.</doc>
<status status="PASS" start="2025-07-11T15:51:28.747477" elapsed="1.006326"/>
</kw>
<arg>1s</arg>
<status status="PASS" start="2025-07-11T15:51:28.746605" elapsed="1.007456"/>
</kw>
<arg>${locator}</arg>
<status status="PASS" start="2025-07-11T15:51:28.564994" elapsed="1.189275"/>
</kw>
<kw name="Input Text" owner="SeleniumLibrary">
<msg time="2025-07-11T15:51:29.755387" level="INFO">Typing text '080123123111' into text field 'xpath=//input[@id='TxtPhone']'.</msg>
<arg>${locator}</arg>
<arg>${text}</arg>
<doc>Types the given ``text`` into the text field identified by ``locator``.</doc>
<status status="PASS" start="2025-07-11T15:51:29.754758" elapsed="0.182161"/>
</kw>
<kw name="Tunggu Sampai Kondisi Terpenuhi" owner="generalFunct">
<kw name="Wait Until Keyword Succeeds" owner="BuiltIn">
<kw name="Run Keyword" owner="BuiltIn">
<kw name="Cek Field Sudah Terisi" owner="generalFunct">
<kw name="Get Value" owner="SeleniumLibrary">
<msg time="2025-07-11T15:51:29.978564" level="INFO">${value} = 080123123111</msg>
<var>${value}</var>
<arg>${value_element}</arg>
<doc>Returns the value attribute of the element identified by ``locator``.</doc>
<status status="PASS" start="2025-07-11T15:51:29.940426" elapsed="0.038249"/>
</kw>
<kw name="Should Not Be Empty" owner="BuiltIn">
<msg time="2025-07-11T15:51:29.979700" level="INFO">Length is 12.</msg>
<arg>${value}</arg>
<doc>Verifies that the given item is not empty.</doc>
<status status="PASS" start="2025-07-11T15:51:29.979189" elapsed="0.000735"/>
</kw>
<arg>${locator}</arg>
<status status="PASS" start="2025-07-11T15:51:29.939689" elapsed="0.040471"/>
</kw>
<arg>${keyword}</arg>
<arg>${locator}</arg>
<doc>Executes the given keyword with the given arguments.</doc>
<status status="PASS" start="2025-07-11T15:51:29.938974" elapsed="0.041392"/>
</kw>
<arg>${timeout}</arg>
<arg>${interval}</arg>
<arg>Run Keyword</arg>
<arg>${keyword}</arg>
<arg>${locator}</arg>
<doc>Runs the specified keyword and retries if it fails.</doc>
<status status="PASS" start="2025-07-11T15:51:29.938293" elapsed="0.042234"/>
</kw>
<arg>Cek Field Sudah Terisi</arg>
<arg>${locator}</arg>
<status status="PASS" start="2025-07-11T15:51:29.937379" elapsed="0.043332"/>
</kw>
<arg>${inputUsername}</arg>
<arg>${MULTI_ROLE_OPSITE}</arg>
<status status="PASS" start="2025-07-11T15:51:28.564357" elapsed="1.416488"/>
</kw>
<kw name="Tunggu Sampai Kondisi Terpenuhi" owner="generalFunct">
<kw name="Wait Until Keyword Succeeds" owner="BuiltIn">
<kw name="Run Keyword" owner="BuiltIn">
<kw name="Cek Visible" owner="generalFunct">
<kw name="Wait Until Element Is Visible" owner="SeleniumLibrary">
<arg>${element_visible}</arg>
<arg>timeout=30s</arg>
<doc>Waits until the element ``locator`` is visible.</doc>
<status status="PASS" start="2025-07-11T15:51:29.984816" elapsed="0.027535"/>
</kw>
<arg>${locator}</arg>
<status status="PASS" start="2025-07-11T15:51:29.983694" elapsed="0.028819"/>
</kw>
<arg>${keyword}</arg>
<arg>${locator}</arg>
<doc>Executes the given keyword with the given arguments.</doc>
<status status="PASS" start="2025-07-11T15:51:29.982631" elapsed="0.029977"/>
</kw>
<arg>${timeout}</arg>
<arg>${interval}</arg>
<arg>Run Keyword</arg>
<arg>${keyword}</arg>
<arg>${locator}</arg>
<doc>Runs the specified keyword and retries if it fails.</doc>
<status status="PASS" start="2025-07-11T15:51:29.981917" elapsed="0.030791"/>
</kw>
<arg>Cek Visible</arg>
<arg>${inputPassword}</arg>
<arg>50s</arg>
<arg>3s</arg>
<status status="PASS" start="2025-07-11T15:51:29.981157" elapsed="0.031657"/>
</kw>
<kw name="user input password" owner="generalFunct">
<kw name="general Wait Until" owner="generalFunct">
<kw name="Set Variable" owner="BuiltIn">
<msg time="2025-07-11T15:51:30.014931" level="INFO">${interval} = 1</msg>
<var>${interval}</var>
<arg>1</arg>
<doc>Returns the given values which can then be assigned to a variables.</doc>
<status status="PASS" start="2025-07-11T15:51:30.014667" elapsed="0.000426"/>
</kw>
<kw name="Evaluate" owner="BuiltIn">
<msg time="2025-07-11T15:51:30.015885" level="INFO">${total_checks} = 3</msg>
<var>${total_checks}</var>
<arg>int(${durasi} / ${interval})</arg>
<doc>Evaluates the given expression in Python and returns the result.</doc>
<status status="PASS" start="2025-07-11T15:51:30.015420" elapsed="0.000518"/>
</kw>
<kw name="Wait Until Keyword Succeeds" owner="BuiltIn">
<kw name="Elemen Harus Stabil Terlihat" owner="generalFunct">
<kw name="Wait Until Element Is Visible" owner="SeleniumLibrary">
<arg>${locator}</arg>
<arg>timeout=5s</arg>
<doc>Waits until the element ``locator`` is visible.</doc>
<status status="PASS" start="2025-07-11T15:51:30.017826" elapsed="0.028928"/>
</kw>
<for flavor="IN RANGE">
<iter>
<kw name="Element Should Be Visible" owner="SeleniumLibrary">
<msg time="2025-07-11T15:51:30.076103" level="INFO">Element 'xpath=//input[@id='pwd']' is displayed.</msg>
<arg>${locator}</arg>
<doc>Verifies that the element identified by ``locator`` is visible.</doc>
<status status="PASS" start="2025-07-11T15:51:30.047407" elapsed="0.028912"/>
</kw>
<kw name="Wait Until Element Is Visible" owner="SeleniumLibrary">
<arg>${locator}</arg>
<arg>timeout=5s</arg>
<doc>Waits until the element ``locator`` is visible.</doc>
<status status="PASS" start="2025-07-11T15:51:30.076738" elapsed="0.020006"/>
</kw>
<var name="${i}">0</var>
<status status="PASS" start="2025-07-11T15:51:30.047192" elapsed="0.049704"/>
</iter>
<iter>
<kw name="Element Should Be Visible" owner="SeleniumLibrary">
<msg time="2025-07-11T15:51:30.119192" level="INFO">Element 'xpath=//input[@id='pwd']' is displayed.</msg>
<arg>${locator}</arg>
<doc>Verifies that the element identified by ``locator`` is visible.</doc>
<status status="PASS" start="2025-07-11T15:51:30.097375" elapsed="0.022000"/>
</kw>
<kw name="Wait Until Element Is Visible" owner="SeleniumLibrary">
<arg>${locator}</arg>
<arg>timeout=5s</arg>
<doc>Waits until the element ``locator`` is visible.</doc>
<status status="PASS" start="2025-07-11T15:51:30.119648" elapsed="0.019959"/>
</kw>
<var name="${i}">1</var>
<status status="PASS" start="2025-07-11T15:51:30.097119" elapsed="0.042610"/>
</iter>
<iter>
<kw name="Element Should Be Visible" owner="SeleniumLibrary">
<msg time="2025-07-11T15:51:30.159359" level="INFO">Element 'xpath=//input[@id='pwd']' is displayed.</msg>
<arg>${locator}</arg>
<doc>Verifies that the element identified by ``locator`` is visible.</doc>
<status status="PASS" start="2025-07-11T15:51:30.140151" elapsed="0.019403"/>
</kw>
<kw name="Wait Until Element Is Visible" owner="SeleniumLibrary">
<arg>${locator}</arg>
<arg>timeout=5s</arg>
<doc>Waits until the element ``locator`` is visible.</doc>
<status status="PASS" start="2025-07-11T15:51:30.159844" elapsed="0.021177"/>
</kw>
<var name="${i}">2</var>
<status status="PASS" start="2025-07-11T15:51:30.139928" elapsed="0.041219"/>
</iter>
<var>${i}</var>
<value>${ulang}</value>
<status status="PASS" start="2025-07-11T15:51:30.046935" elapsed="0.134305"/>
</for>
<arg>${locator}</arg>
<arg>${total_checks}</arg>
<arg>${interval}</arg>
<status status="PASS" start="2025-07-11T15:51:30.017246" elapsed="0.164130"/>
</kw>
<arg>${max_retries} times</arg>
<arg>0s</arg>
<arg>Elemen Harus Stabil Terlihat</arg>
<arg>${locator}</arg>
<arg>${total_checks}</arg>
<arg>${interval}</arg>
<doc>Runs the specified keyword and retries if it fails.</doc>
<status status="PASS" start="2025-07-11T15:51:30.016508" elapsed="0.164974"/>
</kw>
<kw name="general delay" owner="generalFunct">
<kw name="Run Keyword And Ignore Error" owner="BuiltIn">
<kw name="Wait Until Keyword Succeeds" owner="BuiltIn">
<kw name="Fail" owner="BuiltIn">
<msg time="2025-07-11T15:51:30.184135" level="FAIL">Delay paksa tanpa Sleep</msg>
<arg>Delay paksa tanpa Sleep</arg>
<doc>Fails the test with the given message and optionally alters its tags.</doc>
<status status="FAIL" start="2025-07-11T15:51:30.183551" elapsed="0.000878">Delay paksa tanpa Sleep</status>
</kw>
<kw name="Fail" owner="BuiltIn">
<msg time="2025-07-11T15:51:31.185562" level="FAIL">Delay paksa tanpa Sleep</msg>
<arg>Delay paksa tanpa Sleep</arg>
<doc>Fails the test with the given message and optionally alters its tags.</doc>
<status status="FAIL" start="2025-07-11T15:51:31.185086" elapsed="0.000661">Delay paksa tanpa Sleep</status>
</kw>
<msg time="2025-07-11T15:51:31.186038" level="FAIL">Keyword 'Fail' failed after retrying 2 times. The last error was: Delay paksa tanpa Sleep</msg>
<arg>2 times</arg>
<arg>${durasi}</arg>
<arg>Fail</arg>
<arg>Delay paksa tanpa Sleep</arg>
<doc>Runs the specified keyword and retries if it fails.</doc>
<status status="FAIL" start="2025-07-11T15:51:30.182866" elapsed="1.003402">Keyword 'Fail' failed after retrying 2 times. The last error was: Delay paksa tanpa Sleep</status>
</kw>
<arg>Wait Until Keyword Succeeds</arg>
<arg>2 times</arg>
<arg>${durasi}</arg>
<arg>Fail</arg>
<arg>Delay paksa tanpa Sleep</arg>
<doc>Runs the given keyword with the given arguments and ignores possible error.</doc>
<status status="PASS" start="2025-07-11T15:51:30.182479" elapsed="1.003909"/>
</kw>
<arg>1s</arg>
<status status="PASS" start="2025-07-11T15:51:30.181939" elapsed="1.004567"/>
</kw>
<arg>${locator}</arg>
<status status="PASS" start="2025-07-11T15:51:30.013824" elapsed="1.172773"/>
</kw>
<kw name="Input Password" owner="SeleniumLibrary">
<msg time="2025-07-11T15:51:31.187203" level="INFO">Typing password into text field 'xpath=//input[@id='pwd']'.</msg>
<msg time="2025-07-11T15:51:31.233513" level="INFO">Temporally setting log level to: NONE</msg>
<arg>${locator}</arg>
<arg>${text}</arg>
<doc>Types the given password into the text field identified by ``locator``.</doc>
<status status="PASS" start="2025-07-11T15:51:31.186826" elapsed="0.130051"/>
</kw>
<kw name="Tunggu Sampai Kondisi Terpenuhi" owner="generalFunct">
<kw name="Wait Until Keyword Succeeds" owner="BuiltIn">
<kw name="Run Keyword" owner="BuiltIn">
<kw name="Cek Field Sudah Terisi" owner="generalFunct">
<kw name="Get Value" owner="SeleniumLibrary">
<msg time="2025-07-11T15:51:31.346699" level="INFO">${value} = 123456</msg>
<var>${value}</var>
<arg>${value_element}</arg>
<doc>Returns the value attribute of the element identified by ``locator``.</doc>
<status status="PASS" start="2025-07-11T15:51:31.321154" elapsed="0.025644"/>
</kw>
<kw name="Should Not Be Empty" owner="BuiltIn">
<msg time="2025-07-11T15:51:31.348133" level="INFO">Length is 6.</msg>
<arg>${value}</arg>
<doc>Verifies that the given item is not empty.</doc>
<status status="PASS" start="2025-07-11T15:51:31.347191" elapsed="0.001127"/>
</kw>
<arg>${locator}</arg>
<status status="PASS" start="2025-07-11T15:51:31.320368" elapsed="0.028171"/>
</kw>
<arg>${keyword}</arg>
<arg>${locator}</arg>
<doc>Executes the given keyword with the given arguments.</doc>
<status status="PASS" start="2025-07-11T15:51:31.319413" elapsed="0.029247"/>
</kw>
<arg>${timeout}</arg>
<arg>${interval}</arg>
<arg>Run Keyword</arg>
<arg>${keyword}</arg>
<arg>${locator}</arg>
<doc>Runs the specified keyword and retries if it fails.</doc>
<status status="PASS" start="2025-07-11T15:51:31.318641" elapsed="0.030150"/>
</kw>
<arg>Cek Field Sudah Terisi</arg>
<arg>${locator}</arg>
<status status="PASS" start="2025-07-11T15:51:31.317501" elapsed="0.031434"/>
</kw>
<arg>${inputPassword}</arg>
<arg>${PASSWORD}</arg>
<status status="PASS" start="2025-07-11T15:51:30.013091" elapsed="1.336044"/>
</kw>
<kw name="Cek Field Sudah Terisi" owner="generalFunct">
<kw name="Get Value" owner="SeleniumLibrary">
<msg time="2025-07-11T15:51:31.379181" level="INFO">${value} = 123</msg>
<var>${value}</var>
<arg>${value_element}</arg>
<doc>Returns the value attribute of the element identified by ``locator``.</doc>
<status status="PASS" start="2025-07-11T15:51:31.351405" elapsed="0.027843"/>
</kw>
<kw name="Should Not Be Empty" owner="BuiltIn">
<msg time="2025-07-11T15:51:31.379846" level="INFO">Length is 3.</msg>
<arg>${value}</arg>
<doc>Verifies that the given item is not empty.</doc>
<status status="PASS" start="2025-07-11T15:51:31.379611" elapsed="0.000324"/>
</kw>
<arg>${inputPassword}</arg>
<status status="PASS" start="2025-07-11T15:51:31.350137" elapsed="0.029914"/>
</kw>
<kw name="Tunggu Sampai Kondisi Terpenuhi" owner="generalFunct">
<kw name="Wait Until Keyword Succeeds" owner="BuiltIn">
<kw name="Run Keyword" owner="BuiltIn">
<kw name="Cek Field Sudah Terisi" owner="generalFunct">
<kw name="Get Value" owner="SeleniumLibrary">
<msg time="2025-07-11T15:51:31.403083" level="INFO">${value} = 123</msg>
<var>${value}</var>
<arg>${value_element}</arg>
<doc>Returns the value attribute of the element identified by ``locator``.</doc>
<status status="PASS" start="2025-07-11T15:51:31.382129" elapsed="0.021025"/>
</kw>
<kw name="Should Not Be Empty" owner="BuiltIn">
<msg time="2025-07-11T15:51:31.403660" level="INFO">Length is 3.</msg>
<arg>${value}</arg>
<doc>Verifies that the given item is not empty.</doc>
<status status="PASS" start="2025-07-11T15:51:31.403417" elapsed="0.000319"/>
</kw>
<arg>${locator}</arg>
<status status="PASS" start="2025-07-11T15:51:31.381705" elapsed="0.022141"/>
</kw>
<arg>${keyword}</arg>
<arg>${locator}</arg>
<doc>Executes the given keyword with the given arguments.</doc>
<status status="PASS" start="2025-07-11T15:51:31.381289" elapsed="0.022641"/>
</kw>
<arg>${timeout}</arg>
<arg>${interval}</arg>
<arg>Run Keyword</arg>
<arg>${keyword}</arg>
<arg>${locator}</arg>
<doc>Runs the specified keyword and retries if it fails.</doc>
<status status="PASS" start="2025-07-11T15:51:31.380862" elapsed="0.023152"/>
</kw>
<arg>Cek Field Sudah Terisi</arg>
<arg>${inputPassword}</arg>
<arg>20s</arg>
<arg>1s</arg>
<status status="PASS" start="2025-07-11T15:51:31.380322" elapsed="0.023798"/>
</kw>
<kw name="Press Key" owner="SeleniumLibrary">
<arg>${inputPassword}</arg>
<arg>\\13</arg>
<doc>Simulates user pressing key on element identified by ``locator``.</doc>
<status status="PASS" start="2025-07-11T15:51:31.404329" elapsed="0.040106"/>
</kw>
<kw name="general delay" owner="generalFunct">
<kw name="Run Keyword And Ignore Error" owner="BuiltIn">
<kw name="Wait Until Keyword Succeeds" owner="BuiltIn">
<kw name="Fail" owner="BuiltIn">
<msg time="2025-07-11T15:51:31.446331" level="FAIL">Delay paksa tanpa Sleep</msg>
<arg>Delay paksa tanpa Sleep</arg>
<doc>Fails the test with the given message and optionally alters its tags.</doc>
<status status="FAIL" start="2025-07-11T15:51:31.446049" elapsed="0.000404">Delay paksa tanpa Sleep</status>
</kw>
<kw name="Fail" owner="BuiltIn">
<msg time="2025-07-11T15:51:34.447777" level="FAIL">Delay paksa tanpa Sleep</msg>
<arg>Delay paksa tanpa Sleep</arg>
<doc>Fails the test with the given message and optionally alters its tags.</doc>
<status status="FAIL" start="2025-07-11T15:51:34.447437" elapsed="0.000465">Delay paksa tanpa Sleep</status>
</kw>
<msg time="2025-07-11T15:51:34.448081" level="FAIL">Keyword 'Fail' failed after retrying 2 times. The last error was: Delay paksa tanpa Sleep</msg>
<arg>2 times</arg>
<arg>${durasi}</arg>
<arg>Fail</arg>
<arg>Delay paksa tanpa Sleep</arg>
<doc>Runs the specified keyword and retries if it fails.</doc>
<status status="FAIL" start="2025-07-11T15:51:31.445663" elapsed="3.002605">Keyword 'Fail' failed after retrying 2 times. The last error was: Delay paksa tanpa Sleep</status>
</kw>
<arg>Wait Until Keyword Succeeds</arg>
<arg>2 times</arg>
<arg>${durasi}</arg>
<arg>Fail</arg>
<arg>Delay paksa tanpa Sleep</arg>
<doc>Runs the given keyword with the given arguments and ignores possible error.</doc>
<status status="PASS" start="2025-07-11T15:51:31.445353" elapsed="3.003044"/>
</kw>
<arg>3s</arg>
<status status="PASS" start="2025-07-11T15:51:31.444801" elapsed="3.003712"/>
</kw>
<kw name="general return status" owner="generalFunct">
<kw name="Run Keyword And Return Status" owner="BuiltIn">
<kw name="Wait Until Element Is Visible" owner="SeleniumLibrary">
<msg time="2025-07-11T15:52:24.775777" level="INFO" html="true">&lt;/td&gt;&lt;/tr&gt;&lt;tr&gt;&lt;td colspan="3"&gt;&lt;a href="selenium-screenshot-293.png"&gt;&lt;img src="selenium-screenshot-293.png" width="800px"&gt;&lt;/a&gt;</msg>
<msg time="2025-07-11T15:52:24.776060" level="FAIL">Element 'xpath=//p[.='Manajemen Project']' not visible after 50 seconds.</msg>
<arg>${locator}</arg>
<arg>${timeout}</arg>
<doc>Waits until the element ``locator`` is visible.</doc>
<status status="FAIL" start="2025-07-11T15:51:34.449822" elapsed="50.329584">Element 'xpath=//p[.='Manajemen Project']' not visible after 50 seconds.</status>
</kw>
<msg time="2025-07-11T15:52:24.779629" level="INFO">${res} = False</msg>
<var>${res}</var>
<arg>Wait Until Element Is Visible</arg>
<arg>${locator}</arg>
<arg>${timeout}</arg>
<doc>Runs the given keyword with given arguments and returns the status as a Boolean value.</doc>
<status status="PASS" start="2025-07-11T15:51:34.449537" elapsed="50.330142"/>
</kw>
<return>
<value>${res}</value>
<status status="PASS" start="2025-07-11T15:52:24.779785" elapsed="0.000073"/>
</return>
<msg time="2025-07-11T15:52:24.780066" level="INFO">${res_list} = False</msg>
<var>${res_list}</var>
<arg>${titleProject}</arg>
<arg>timeout=50s</arg>
<status status="PASS" start="2025-07-11T15:51:34.448778" elapsed="50.331368"/>
</kw>
<while condition="${res_list} == $False">
<iter>
<kw name="Press Key" owner="SeleniumLibrary">
<arg>${inputPassword}</arg>
<arg>\\13</arg>
<doc>Simulates user pressing key on element identified by ``locator``.</doc>
<status status="PASS" start="2025-07-11T15:52:24.780869" elapsed="0.049549"/>
</kw>
<kw name="general delay" owner="generalFunct">
<kw name="Run Keyword And Ignore Error" owner="BuiltIn">
<kw name="Wait Until Keyword Succeeds" owner="BuiltIn">
<kw name="Fail" owner="BuiltIn">
<msg time="2025-07-11T15:52:24.832414" level="FAIL">Delay paksa tanpa Sleep</msg>
<arg>Delay paksa tanpa Sleep</arg>
<doc>Fails the test with the given message and optionally alters its tags.</doc>
<status status="FAIL" start="2025-07-11T15:52:24.832144" elapsed="0.000398">Delay paksa tanpa Sleep</status>
</kw>
<kw name="Fail" owner="BuiltIn">
<msg time="2025-07-11T15:52:27.834759" level="FAIL">Delay paksa tanpa Sleep</msg>
<arg>Delay paksa tanpa Sleep</arg>
<doc>Fails the test with the given message and optionally alters its tags.</doc>
<status status="FAIL" start="2025-07-11T15:52:27.834454" elapsed="0.000414">Delay paksa tanpa Sleep</status>
</kw>
<msg time="2025-07-11T15:52:27.835026" level="FAIL">Keyword 'Fail' failed after retrying 2 times. The last error was: Delay paksa tanpa Sleep</msg>
<arg>2 times</arg>
<arg>${durasi}</arg>
<arg>Fail</arg>
<arg>Delay paksa tanpa Sleep</arg>
<doc>Runs the specified keyword and retries if it fails.</doc>
<status status="FAIL" start="2025-07-11T15:52:24.831752" elapsed="3.003436">Keyword 'Fail' failed after retrying 2 times. The last error was: Delay paksa tanpa Sleep</status>
</kw>
<arg>Wait Until Keyword Succeeds</arg>
<arg>2 times</arg>
<arg>${durasi}</arg>
<arg>Fail</arg>
<arg>Delay paksa tanpa Sleep</arg>
<doc>Runs the given keyword with the given arguments and ignores possible error.</doc>
<status status="PASS" start="2025-07-11T15:52:24.831414" elapsed="3.003893"/>
</kw>
<arg>3s</arg>
<status status="PASS" start="2025-07-11T15:52:24.830796" elapsed="3.004626"/>
</kw>
<kw name="general return status" owner="generalFunct">
<kw name="Run Keyword And Return Status" owner="BuiltIn">
<kw name="Wait Until Element Is Visible" owner="SeleniumLibrary">
<arg>${locator}</arg>
<arg>${timeout}</arg>
<doc>Waits until the element ``locator`` is visible.</doc>
<status status="PASS" start="2025-07-11T15:52:27.836375" elapsed="0.030326"/>
</kw>
<msg time="2025-07-11T15:52:27.866934" level="INFO">${res} = True</msg>
<var>${res}</var>
<arg>Wait Until Element Is Visible</arg>
<arg>${locator}</arg>
<arg>${timeout}</arg>
<doc>Runs the given keyword with given arguments and returns the status as a Boolean value.</doc>
<status status="PASS" start="2025-07-11T15:52:27.836118" elapsed="0.030873"/>
</kw>
<return>
<value>${res}</value>
<status status="PASS" start="2025-07-11T15:52:27.867195" elapsed="0.000077"/>
</return>
<msg time="2025-07-11T15:52:27.867512" level="INFO">${res_err} = True</msg>
<var>${res_err}</var>
<arg>${textNomorTelpon_onLogin}</arg>
<status status="PASS" start="2025-07-11T15:52:27.835674" elapsed="0.031891"/>
</kw>
<if>
<branch type="IF" condition="${res_err}">
<kw name="user input text" owner="generalFunct">
<kw name="general Wait Until" owner="generalFunct">
<kw name="Set Variable" owner="BuiltIn">
<msg time="2025-07-11T15:52:27.869459" level="INFO">${interval} = 1</msg>
<var>${interval}</var>
<arg>1</arg>
<doc>Returns the given values which can then be assigned to a variables.</doc>
<status status="PASS" start="2025-07-11T15:52:27.869251" elapsed="0.000255"/>
</kw>
<kw name="Evaluate" owner="BuiltIn">
<msg time="2025-07-11T15:52:27.870198" level="INFO">${total_checks} = 3</msg>
<var>${total_checks}</var>
<arg>int(${durasi} / ${interval})</arg>
<doc>Evaluates the given expression in Python and returns the result.</doc>
<status status="PASS" start="2025-07-11T15:52:27.869764" elapsed="0.000490"/>
</kw>
<kw name="Wait Until Keyword Succeeds" owner="BuiltIn">
<kw name="Elemen Harus Stabil Terlihat" owner="generalFunct">
<kw name="Wait Until Element Is Visible" owner="SeleniumLibrary">
<arg>${locator}</arg>
<arg>timeout=5s</arg>
<doc>Waits until the element ``locator`` is visible.</doc>
<status status="PASS" start="2025-07-11T15:52:27.871875" elapsed="0.032464"/>
</kw>
<for flavor="IN RANGE">
<iter>
<kw name="Element Should Be Visible" owner="SeleniumLibrary">
<msg time="2025-07-11T15:52:27.930140" level="INFO">Element 'xpath=//input[@id='TxtPhone']' is displayed.</msg>
<arg>${locator}</arg>
<doc>Verifies that the element identified by ``locator`` is visible.</doc>
<status status="PASS" start="2025-07-11T15:52:27.905324" elapsed="0.025047"/>
</kw>
<kw name="Wait Until Element Is Visible" owner="SeleniumLibrary">
<arg>${locator}</arg>
<arg>timeout=5s</arg>
<doc>Waits until the element ``locator`` is visible.</doc>
<status status="PASS" start="2025-07-11T15:52:27.930988" elapsed="0.021745"/>
</kw>
<var name="${i}">0</var>
<status status="PASS" start="2025-07-11T15:52:27.904889" elapsed="0.048009"/>
</iter>
<iter>
<kw name="Element Should Be Visible" owner="SeleniumLibrary">
<msg time="2025-07-11T15:52:27.981638" level="INFO">Element 'xpath=//input[@id='TxtPhone']' is displayed.</msg>
<arg>${locator}</arg>
<doc>Verifies that the element identified by ``locator`` is visible.</doc>
<status status="PASS" start="2025-07-11T15:52:27.953603" elapsed="0.028269"/>
</kw>
<kw name="Wait Until Element Is Visible" owner="SeleniumLibrary">
<arg>${locator}</arg>
<arg>timeout=5s</arg>
<doc>Waits until the element ``locator`` is visible.</doc>
<status status="PASS" start="2025-07-11T15:52:27.982483" elapsed="0.021778"/>
</kw>
<var name="${i}">1</var>
<status status="PASS" start="2025-07-11T15:52:27.953174" elapsed="0.051262"/>
</iter>
<iter>
<kw name="Element Should Be Visible" owner="SeleniumLibrary">
<msg time="2025-07-11T15:52:28.026110" level="INFO">Element 'xpath=//input[@id='TxtPhone']' is displayed.</msg>
<arg>${locator}</arg>
<doc>Verifies that the element identified by ``locator`` is visible.</doc>
<status status="PASS" start="2025-07-11T15:52:28.005205" elapsed="0.021135"/>
</kw>
<kw name="Wait Until Element Is Visible" owner="SeleniumLibrary">
<arg>${locator}</arg>
<arg>timeout=5s</arg>
<doc>Waits until the element ``locator`` is visible.</doc>
<status status="PASS" start="2025-07-11T15:52:28.026866" elapsed="0.020399"/>
</kw>
<var name="${i}">2</var>
<status status="PASS" start="2025-07-11T15:52:28.004725" elapsed="0.042707"/>
</iter>
<var>${i}</var>
<value>${ulang}</value>
<status status="PASS" start="2025-07-11T15:52:27.904578" elapsed="0.143005"/>
</for>
<arg>${locator}</arg>
<arg>${total_checks}</arg>
<arg>${interval}</arg>
<status status="PASS" start="2025-07-11T15:52:27.871039" elapsed="0.176690"/>
</kw>
<arg>${max_retries} times</arg>
<arg>0s</arg>
<arg>Elemen Harus Stabil Terlihat</arg>
<arg>${locator}</arg>
<arg>${total_checks}</arg>
<arg>${interval}</arg>
<doc>Runs the specified keyword and retries if it fails.</doc>
<status status="PASS" start="2025-07-11T15:52:27.870519" elapsed="0.177314"/>
</kw>
<kw name="general delay" owner="generalFunct">
<kw name="Run Keyword And Ignore Error" owner="BuiltIn">
<kw name="Wait Until Keyword Succeeds" owner="BuiltIn">
<kw name="Fail" owner="BuiltIn">
<msg time="2025-07-11T15:52:28.049820" level="FAIL">Delay paksa tanpa Sleep</msg>
<arg>Delay paksa tanpa Sleep</arg>
<doc>Fails the test with the given message and optionally alters its tags.</doc>
<status status="FAIL" start="2025-07-11T15:52:28.049405" elapsed="0.000609">Delay paksa tanpa Sleep</status>
</kw>
<kw name="Fail" owner="BuiltIn">
<msg time="2025-07-11T15:52:29.051920" level="FAIL">Delay paksa tanpa Sleep</msg>
<arg>Delay paksa tanpa Sleep</arg>
<doc>Fails the test with the given message and optionally alters its tags.</doc>
<status status="FAIL" start="2025-07-11T15:52:29.051275" elapsed="0.000872">Delay paksa tanpa Sleep</status>
</kw>
<msg time="2025-07-11T15:52:29.052331" level="FAIL">Keyword 'Fail' failed after retrying 2 times. The last error was: Delay paksa tanpa Sleep</msg>
<arg>2 times</arg>
<arg>${durasi}</arg>
<arg>Fail</arg>
<arg>Delay paksa tanpa Sleep</arg>
<doc>Runs the specified keyword and retries if it fails.</doc>
<status status="FAIL" start="2025-07-11T15:52:28.048803" elapsed="1.003733">Keyword 'Fail' failed after retrying 2 times. The last error was: Delay paksa tanpa Sleep</status>
</kw>
<arg>Wait Until Keyword Succeeds</arg>
<arg>2 times</arg>
<arg>${durasi}</arg>
<arg>Fail</arg>
<arg>Delay paksa tanpa Sleep</arg>
<doc>Runs the given keyword with the given arguments and ignores possible error.</doc>
<status status="PASS" start="2025-07-11T15:52:28.048540" elapsed="1.004192"/>
</kw>
<arg>1s</arg>
<status status="PASS" start="2025-07-11T15:52:28.048094" elapsed="1.004766"/>
</kw>
<arg>${locator}</arg>
<status status="PASS" start="2025-07-11T15:52:27.868702" elapsed="1.184248"/>
</kw>
<kw name="Input Text" owner="SeleniumLibrary">
<msg time="2025-07-11T15:52:29.053504" level="INFO">Typing text '080123123111' into text field 'xpath=//input[@id='TxtPhone']'.</msg>
<arg>${locator}</arg>
<arg>${text}</arg>
<doc>Types the given ``text`` into the text field identified by ``locator``.</doc>
<status status="PASS" start="2025-07-11T15:52:29.053172" elapsed="0.141137"/>
</kw>
<kw name="Tunggu Sampai Kondisi Terpenuhi" owner="generalFunct">
<kw name="Wait Until Keyword Succeeds" owner="BuiltIn">
<kw name="Run Keyword" owner="BuiltIn">
<kw name="Cek Field Sudah Terisi" owner="generalFunct">
<kw name="Get Value" owner="SeleniumLibrary">
<msg time="2025-07-11T15:52:29.228498" level="INFO">${value} = 080123123111</msg>
<var>${value}</var>
<arg>${value_element}</arg>
<doc>Returns the value attribute of the element identified by ``locator``.</doc>
<status status="PASS" start="2025-07-11T15:52:29.198939" elapsed="0.029653"/>
</kw>
<kw name="Should Not Be Empty" owner="BuiltIn">
<msg time="2025-07-11T15:52:29.229464" level="INFO">Length is 12.</msg>
<arg>${value}</arg>
<doc>Verifies that the given item is not empty.</doc>
<status status="PASS" start="2025-07-11T15:52:29.229087" elapsed="0.000537"/>
</kw>
<arg>${locator}</arg>
<status status="PASS" start="2025-07-11T15:52:29.197554" elapsed="0.032224"/>
</kw>
<arg>${keyword}</arg>
<arg>${locator}</arg>
<doc>Executes the given keyword with the given arguments.</doc>
<status status="PASS" start="2025-07-11T15:52:29.196610" elapsed="0.033298"/>
</kw>
<arg>${timeout}</arg>
<arg>${interval}</arg>
<arg>Run Keyword</arg>
<arg>${keyword}</arg>
<arg>${locator}</arg>
<doc>Runs the specified keyword and retries if it fails.</doc>
<status status="PASS" start="2025-07-11T15:52:29.195798" elapsed="0.034196"/>
</kw>
<arg>Cek Field Sudah Terisi</arg>
<arg>${locator}</arg>
<status status="PASS" start="2025-07-11T15:52:29.194744" elapsed="0.035434"/>
</kw>
<arg>${inputUsername}</arg>
<arg>${MULTI_ROLE_OPSITE}</arg>
<status status="PASS" start="2025-07-11T15:52:27.868086" elapsed="1.362189"/>
</kw>
<kw name="user input password" owner="generalFunct">
<kw name="general Wait Until" owner="generalFunct">
<kw name="Set Variable" owner="BuiltIn">
<msg time="2025-07-11T15:52:29.231620" level="INFO">${interval} = 1</msg>
<var>${interval}</var>
<arg>1</arg>
<doc>Returns the given values which can then be assigned to a variables.</doc>
<status status="PASS" start="2025-07-11T15:52:29.231429" elapsed="0.000237"/>
</kw>
<kw name="Evaluate" owner="BuiltIn">
<msg time="2025-07-11T15:52:29.232217" level="INFO">${total_checks} = 3</msg>
<var>${total_checks}</var>
<arg>int(${durasi} / ${interval})</arg>
<doc>Evaluates the given expression in Python and returns the result.</doc>
<status status="PASS" start="2025-07-11T15:52:29.231869" elapsed="0.000406"/>
</kw>
<kw name="Wait Until Keyword Succeeds" owner="BuiltIn">
<kw name="Elemen Harus Stabil Terlihat" owner="generalFunct">
<kw name="Wait Until Element Is Visible" owner="SeleniumLibrary">
<arg>${locator}</arg>
<arg>timeout=5s</arg>
<doc>Waits until the element ``locator`` is visible.</doc>
<status status="PASS" start="2025-07-11T15:52:29.233573" elapsed="0.029821"/>
</kw>
<for flavor="IN RANGE">
<iter>
<kw name="Element Should Be Visible" owner="SeleniumLibrary">
<msg time="2025-07-11T15:52:29.286580" level="INFO">Element 'xpath=//input[@id='pwd']' is displayed.</msg>
<arg>${locator}</arg>
<doc>Verifies that the element identified by ``locator`` is visible.</doc>
<status status="PASS" start="2025-07-11T15:52:29.264525" elapsed="0.022494"/>
</kw>
<kw name="Wait Until Element Is Visible" owner="SeleniumLibrary">
<arg>${locator}</arg>
<arg>timeout=5s</arg>
<doc>Waits until the element ``locator`` is visible.</doc>
<status status="PASS" start="2025-07-11T15:52:29.287839" elapsed="0.022545"/>
</kw>
<var name="${i}">0</var>
<status status="PASS" start="2025-07-11T15:52:29.263963" elapsed="0.046605"/>
</iter>
<iter>
<kw name="Element Should Be Visible" owner="SeleniumLibrary">
<msg time="2025-07-11T15:52:29.332022" level="INFO">Element 'xpath=//input[@id='pwd']' is displayed.</msg>
<arg>${locator}</arg>
<doc>Verifies that the element identified by ``locator`` is visible.</doc>
<status status="PASS" start="2025-07-11T15:52:29.311280" elapsed="0.020960"/>
</kw>
<kw name="Wait Until Element Is Visible" owner="SeleniumLibrary">
<arg>${locator}</arg>
<arg>timeout=5s</arg>
<doc>Waits until the element ``locator`` is visible.</doc>
<status status="PASS" start="2025-07-11T15:52:29.332775" elapsed="0.021521"/>
</kw>
<var name="${i}">1</var>
<status status="PASS" start="2025-07-11T15:52:29.310835" elapsed="0.043628"/>
</iter>
<iter>
<kw name="Element Should Be Visible" owner="SeleniumLibrary">
<msg time="2025-07-11T15:52:29.375972" level="INFO">Element 'xpath=//input[@id='pwd']' is displayed.</msg>
<arg>${locator}</arg>
<doc>Verifies that the element identified by ``locator`` is visible.</doc>
<status status="PASS" start="2025-07-11T15:52:29.355170" elapsed="0.021092"/>
</kw>
<kw name="Wait Until Element Is Visible" owner="SeleniumLibrary">
<arg>${locator}</arg>
<arg>timeout=5s</arg>
<doc>Waits until the element ``locator`` is visible.</doc>
<status status="PASS" start="2025-07-11T15:52:29.376832" elapsed="0.022600"/>
</kw>
<var name="${i}">2</var>
<status status="PASS" start="2025-07-11T15:52:29.354745" elapsed="0.044877"/>
</iter>
<var>${i}</var>
<value>${ulang}</value>
<status status="PASS" start="2025-07-11T15:52:29.263652" elapsed="0.136141"/>
</for>
<arg>${locator}</arg>
<arg>${total_checks}</arg>
<arg>${interval}</arg>
<status status="PASS" start="2025-07-11T15:52:29.232902" elapsed="0.167055"/>
</kw>
<arg>${max_retries} times</arg>
<arg>0s</arg>
<arg>Elemen Harus Stabil Terlihat</arg>
<arg>${locator}</arg>
<arg>${total_checks}</arg>
<arg>${interval}</arg>
<doc>Runs the specified keyword and retries if it fails.</doc>
<status status="PASS" start="2025-07-11T15:52:29.232477" elapsed="0.167605"/>
</kw>
<kw name="general delay" owner="generalFunct">
<kw name="Run Keyword And Ignore Error" owner="BuiltIn">
<kw name="Wait Until Keyword Succeeds" owner="BuiltIn">
<kw name="Fail" owner="BuiltIn">
<msg time="2025-07-11T15:52:29.402379" level="FAIL">Delay paksa tanpa Sleep</msg>
<arg>Delay paksa tanpa Sleep</arg>
<doc>Fails the test with the given message and optionally alters its tags.</doc>
<status status="FAIL" start="2025-07-11T15:52:29.401935" elapsed="0.000661">Delay paksa tanpa Sleep</status>
</kw>
<kw name="Fail" owner="BuiltIn">
<msg time="2025-07-11T15:52:30.404323" level="FAIL">Delay paksa tanpa Sleep</msg>
<arg>Delay paksa tanpa Sleep</arg>
<doc>Fails the test with the given message and optionally alters its tags.</doc>
<status status="FAIL" start="2025-07-11T15:52:30.403770" elapsed="0.000753">Delay paksa tanpa Sleep</status>
</kw>
<msg time="2025-07-11T15:52:30.404708" level="FAIL">Keyword 'Fail' failed after retrying 2 times. The last error was: Delay paksa tanpa Sleep</msg>
<arg>2 times</arg>
<arg>${durasi}</arg>
<arg>Fail</arg>
<arg>Delay paksa tanpa Sleep</arg>
<doc>Runs the specified keyword and retries if it fails.</doc>
<status status="FAIL" start="2025-07-11T15:52:29.401257" elapsed="1.003653">Keyword 'Fail' failed after retrying 2 times. The last error was: Delay paksa tanpa Sleep</status>
</kw>
<arg>Wait Until Keyword Succeeds</arg>
<arg>2 times</arg>
<arg>${durasi}</arg>
<arg>Fail</arg>
<arg>Delay paksa tanpa Sleep</arg>
<doc>Runs the given keyword with the given arguments and ignores possible error.</doc>
<status status="PASS" start="2025-07-11T15:52:29.400942" elapsed="1.004168"/>
</kw>
<arg>1s</arg>
<status status="PASS" start="2025-07-11T15:52:29.400401" elapsed="1.004827"/>
</kw>
<arg>${locator}</arg>
<status status="PASS" start="2025-07-11T15:52:29.231002" elapsed="1.174312"/>
</kw>
<kw name="Input Password" owner="SeleniumLibrary">
<msg time="2025-07-11T15:52:30.405850" level="INFO">Typing password into text field 'xpath=//input[@id='pwd']'.</msg>
<msg time="2025-07-11T15:52:30.460755" level="INFO">Temporally setting log level to: NONE</msg>
<arg>${locator}</arg>
<arg>${text}</arg>
<doc>Types the given password into the text field identified by ``locator``.</doc>
<status status="PASS" start="2025-07-11T15:52:30.405544" elapsed="0.130008"/>
</kw>
<kw name="Tunggu Sampai Kondisi Terpenuhi" owner="generalFunct">
<kw name="Wait Until Keyword Succeeds" owner="BuiltIn">
<kw name="Run Keyword" owner="BuiltIn">
<kw name="Cek Field Sudah Terisi" owner="generalFunct">
<kw name="Get Value" owner="SeleniumLibrary">
<msg time="2025-07-11T15:52:30.569280" level="INFO">${value} = 123456</msg>
<var>${value}</var>
<arg>${value_element}</arg>
<doc>Returns the value attribute of the element identified by ``locator``.</doc>
<status status="PASS" start="2025-07-11T15:52:30.539578" elapsed="0.029806"/>
</kw>
<kw name="Should Not Be Empty" owner="BuiltIn">
<msg time="2025-07-11T15:52:30.570357" level="INFO">Length is 6.</msg>
<arg>${value}</arg>
<doc>Verifies that the given item is not empty.</doc>
<status status="PASS" start="2025-07-11T15:52:30.569964" elapsed="0.000562"/>
</kw>
<arg>${locator}</arg>
<status status="PASS" start="2025-07-11T15:52:30.538290" elapsed="0.032436"/>
</kw>
<arg>${keyword}</arg>
<arg>${locator}</arg>
<doc>Executes the given keyword with the given arguments.</doc>
<status status="PASS" start="2025-07-11T15:52:30.537448" elapsed="0.033420"/>
</kw>
<arg>${timeout}</arg>
<arg>${interval}</arg>
<arg>Run Keyword</arg>
<arg>${keyword}</arg>
<arg>${locator}</arg>
<doc>Runs the specified keyword and retries if it fails.</doc>
<status status="PASS" start="2025-07-11T15:52:30.536781" elapsed="0.034196"/>
</kw>
<arg>Cek Field Sudah Terisi</arg>
<arg>${locator}</arg>
<status status="PASS" start="2025-07-11T15:52:30.535971" elapsed="0.035146"/>
</kw>
<arg>${inputPassword}</arg>
<arg>${PASSWORD}</arg>
<status status="PASS" start="2025-07-11T15:52:29.230513" elapsed="1.340887"/>
</kw>
<kw name="user click element" owner="generalFunct">
<kw name="general Wait Until" owner="generalFunct">
<kw name="Set Variable" owner="BuiltIn">
<msg time="2025-07-11T15:52:30.573426" level="INFO">${interval} = 1</msg>
<var>${interval}</var>
<arg>1</arg>
<doc>Returns the given values which can then be assigned to a variables.</doc>
<status status="PASS" start="2025-07-11T15:52:30.572811" elapsed="0.000743"/>
</kw>
<kw name="Evaluate" owner="BuiltIn">
<msg time="2025-07-11T15:52:30.574321" level="INFO">${total_checks} = 3</msg>
<var>${total_checks}</var>
<arg>int(${durasi} / ${interval})</arg>
<doc>Evaluates the given expression in Python and returns the result.</doc>
<status status="PASS" start="2025-07-11T15:52:30.573914" elapsed="0.000462"/>
</kw>
<kw name="Wait Until Keyword Succeeds" owner="BuiltIn">
<kw name="Elemen Harus Stabil Terlihat" owner="generalFunct">
<kw name="Wait Until Element Is Visible" owner="SeleniumLibrary">
<arg>${locator}</arg>
<arg>timeout=5s</arg>
<doc>Waits until the element ``locator`` is visible.</doc>
<status status="PASS" start="2025-07-11T15:52:30.575876" elapsed="0.027282"/>
</kw>
<for flavor="IN RANGE">
<iter>
<kw name="Element Should Be Visible" owner="SeleniumLibrary">
<msg time="2025-07-11T15:52:30.626086" level="INFO">Element 'xpath=//button[@type='button']//span[contains(text(), 'Masuk')]//ancestor::button' is displayed.</msg>
<arg>${locator}</arg>
<doc>Verifies that the element identified by ``locator`` is visible.</doc>
<status status="PASS" start="2025-07-11T15:52:30.604221" elapsed="0.022083"/>
</kw>
<kw name="Wait Until Element Is Visible" owner="SeleniumLibrary">
<arg>${locator}</arg>
<arg>timeout=5s</arg>
<doc>Waits until the element ``locator`` is visible.</doc>
<status status="PASS" start="2025-07-11T15:52:30.626846" elapsed="0.021440"/>
</kw>
<var name="${i}">0</var>
<status status="PASS" start="2025-07-11T15:52:30.603743" elapsed="0.044705"/>
</iter>
<iter>
<kw name="Element Should Be Visible" owner="SeleniumLibrary">
<msg time="2025-07-11T15:52:30.669535" level="INFO">Element 'xpath=//button[@type='button']//span[contains(text(), 'Masuk')]//ancestor::button' is displayed.</msg>
<arg>${locator}</arg>
<doc>Verifies that the element identified by ``locator`` is visible.</doc>
<status status="PASS" start="2025-07-11T15:52:30.649135" elapsed="0.020629"/>
</kw>
<kw name="Wait Until Element Is Visible" owner="SeleniumLibrary">
<arg>${locator}</arg>
<arg>timeout=5s</arg>
<doc>Waits until the element ``locator`` is visible.</doc>
<status status="PASS" start="2025-07-11T15:52:30.670324" elapsed="0.020819"/>
</kw>
<var name="${i}">1</var>
<status status="PASS" start="2025-07-11T15:52:30.648710" elapsed="0.042721"/>
</iter>
<iter>
<kw name="Element Should Be Visible" owner="SeleniumLibrary">
<msg time="2025-07-11T15:52:30.712740" level="INFO">Element 'xpath=//button[@type='button']//span[contains(text(), 'Masuk')]//ancestor::button' is displayed.</msg>
<arg>${locator}</arg>
<doc>Verifies that the element identified by ``locator`` is visible.</doc>
<status status="PASS" start="2025-07-11T15:52:30.692548" elapsed="0.020417"/>
</kw>
<kw name="Wait Until Element Is Visible" owner="SeleniumLibrary">
<arg>${locator}</arg>
<arg>timeout=5s</arg>
<doc>Waits until the element ``locator`` is visible.</doc>
<status status="PASS" start="2025-07-11T15:52:30.713480" elapsed="0.021238"/>
</kw>
<var name="${i}">2</var>
<status status="PASS" start="2025-07-11T15:52:30.691885" elapsed="0.042993"/>
</iter>
<var>${i}</var>
<value>${ulang}</value>
<status status="PASS" start="2025-07-11T15:52:30.603416" elapsed="0.131610"/>
</for>
<arg>${locator}</arg>
<arg>${total_checks}</arg>
<arg>${interval}</arg>
<status status="PASS" start="2025-07-11T15:52:30.575098" elapsed="0.160069"/>
</kw>
<arg>${max_retries} times</arg>
<arg>0s</arg>
<arg>Elemen Harus Stabil Terlihat</arg>
<arg>${locator}</arg>
<arg>${total_checks}</arg>
<arg>${interval}</arg>
<doc>Runs the specified keyword and retries if it fails.</doc>
<status status="PASS" start="2025-07-11T15:52:30.574606" elapsed="0.160663"/>
</kw>
<kw name="general delay" owner="generalFunct">
<kw name="Run Keyword And Ignore Error" owner="BuiltIn">
<kw name="Wait Until Keyword Succeeds" owner="BuiltIn">
<kw name="Fail" owner="BuiltIn">
<msg time="2025-07-11T15:52:30.737413" level="FAIL">Delay paksa tanpa Sleep</msg>
<arg>Delay paksa tanpa Sleep</arg>
<doc>Fails the test with the given message and optionally alters its tags.</doc>
<status status="FAIL" start="2025-07-11T15:52:30.736994" elapsed="0.000607">Delay paksa tanpa Sleep</status>
</kw>
<kw name="Fail" owner="BuiltIn">
<msg time="2025-07-11T15:52:31.740456" level="FAIL">Delay paksa tanpa Sleep</msg>
<arg>Delay paksa tanpa Sleep</arg>
<doc>Fails the test with the given message and optionally alters its tags.</doc>
<status status="FAIL" start="2025-07-11T15:52:31.738853" elapsed="0.001826">Delay paksa tanpa Sleep</status>
</kw>
<msg time="2025-07-11T15:52:31.740865" level="FAIL">Keyword 'Fail' failed after retrying 2 times. The last error was: Delay paksa tanpa Sleep</msg>
<arg>2 times</arg>
<arg>${durasi}</arg>
<arg>Fail</arg>
<arg>Delay paksa tanpa Sleep</arg>
<doc>Runs the specified keyword and retries if it fails.</doc>
<status status="FAIL" start="2025-07-11T15:52:30.736394" elapsed="1.004692">Keyword 'Fail' failed after retrying 2 times. The last error was: Delay paksa tanpa Sleep</status>
</kw>
<arg>Wait Until Keyword Succeeds</arg>
<arg>2 times</arg>
<arg>${durasi}</arg>
<arg>Fail</arg>
<arg>Delay paksa tanpa Sleep</arg>
<doc>Runs the given keyword with the given arguments and ignores possible error.</doc>
<status status="PASS" start="2025-07-11T15:52:30.736083" elapsed="1.005202"/>
</kw>
<arg>1s</arg>
<status status="PASS" start="2025-07-11T15:52:30.735571" elapsed="1.005832"/>
</kw>
<arg>${element}</arg>
<status status="PASS" start="2025-07-11T15:52:30.572259" elapsed="1.169233"/>
</kw>
<kw name="Click When Element Ready" owner="generalFunct">
<kw name="Wait Until Keyword Succeeds" owner="BuiltIn">
<kw name="Click Element" owner="SeleniumLibrary">
<msg time="2025-07-11T15:52:31.742825" level="INFO">Clicking element 'xpath=//button[@type='button']//span[contains(text(), 'Masuk')]//ancestor::button'.</msg>
<arg>${locator}</arg>
<doc>Click the element identified by ``locator``.</doc>
<status status="PASS" start="2025-07-11T15:52:31.742491" elapsed="0.093484"/>
</kw>
<arg>30 times</arg>
<arg>3s</arg>
<arg>Click Element</arg>
<arg>${locator}</arg>
<doc>Runs the specified keyword and retries if it fails.</doc>
<status status="PASS" start="2025-07-11T15:52:31.742179" elapsed="0.094018"/>
</kw>
<arg>${element}</arg>
<status status="PASS" start="2025-07-11T15:52:31.741736" elapsed="0.094682"/>
</kw>
<arg>${buttonMasuk}</arg>
<status status="PASS" start="2025-07-11T15:52:30.571694" elapsed="1.264897"/>
</kw>
<status status="PASS" start="2025-07-11T15:52:27.867729" elapsed="3.968979"/>
</branch>
<branch type="ELSE">
<kw name="Exit For Loop" owner="BuiltIn">
<doc>Stops executing the enclosing FOR loop.</doc>
<status status="NOT RUN" start="2025-07-11T15:52:31.837197" elapsed="0.000078"/>
</kw>
<status status="NOT RUN" start="2025-07-11T15:52:31.836842" elapsed="0.000527"/>
</branch>
<status status="PASS" start="2025-07-11T15:52:27.867690" elapsed="3.969754"/>
</if>
<status status="PASS" start="2025-07-11T15:52:24.780258" elapsed="7.057246"/>
</iter>
<iter>
<kw name="Press Key" owner="SeleniumLibrary">
<arg>${inputPassword}</arg>
<arg>\\13</arg>
<doc>Simulates user pressing key on element identified by ``locator``.</doc>
<status status="PASS" start="2025-07-11T15:52:31.838238" elapsed="0.090575"/>
</kw>
<kw name="general delay" owner="generalFunct">
<kw name="Run Keyword And Ignore Error" owner="BuiltIn">
<kw name="Wait Until Keyword Succeeds" owner="BuiltIn">
<kw name="Fail" owner="BuiltIn">
<msg time="2025-07-11T15:52:31.930896" level="FAIL">Delay paksa tanpa Sleep</msg>
<arg>Delay paksa tanpa Sleep</arg>
<doc>Fails the test with the given message and optionally alters its tags.</doc>
<status status="FAIL" start="2025-07-11T15:52:31.930622" elapsed="0.000392">Delay paksa tanpa Sleep</status>
</kw>
<kw name="Fail" owner="BuiltIn">
<msg time="2025-07-11T15:52:34.931913" level="FAIL">Delay paksa tanpa Sleep</msg>
<arg>Delay paksa tanpa Sleep</arg>
<doc>Fails the test with the given message and optionally alters its tags.</doc>
<status status="FAIL" start="2025-07-11T15:52:34.931553" elapsed="0.000517">Delay paksa tanpa Sleep</status>
</kw>
<msg time="2025-07-11T15:52:34.932337" level="FAIL">Keyword 'Fail' failed after retrying 2 times. The last error was: Delay paksa tanpa Sleep</msg>
<arg>2 times</arg>
<arg>${durasi}</arg>
<arg>Fail</arg>
<arg>Delay paksa tanpa Sleep</arg>
<doc>Runs the specified keyword and retries if it fails.</doc>
<status status="FAIL" start="2025-07-11T15:52:31.930036" elapsed="3.002504">Keyword 'Fail' failed after retrying 2 times. The last error was: Delay paksa tanpa Sleep</status>
</kw>
<arg>Wait Until Keyword Succeeds</arg>
<arg>2 times</arg>
<arg>${durasi}</arg>
<arg>Fail</arg>
<arg>Delay paksa tanpa Sleep</arg>
<doc>Runs the given keyword with the given arguments and ignores possible error.</doc>
<status status="PASS" start="2025-07-11T15:52:31.929718" elapsed="3.002977"/>
</kw>
<arg>3s</arg>
<status status="PASS" start="2025-07-11T15:52:31.929172" elapsed="3.003670"/>
</kw>
<kw name="general return status" owner="generalFunct">
<kw name="Run Keyword And Return Status" owner="BuiltIn">
<kw name="Wait Until Element Is Visible" owner="SeleniumLibrary">
<msg time="2025-07-11T15:52:37.211060" level="INFO" html="true">&lt;/td&gt;&lt;/tr&gt;&lt;tr&gt;&lt;td colspan="3"&gt;&lt;a href="selenium-screenshot-294.png"&gt;&lt;img src="selenium-screenshot-294.png" width="800px"&gt;&lt;/a&gt;</msg>
<msg time="2025-07-11T15:52:37.211392" level="FAIL">Element 'xpath=//div[@class='mb-20px']//parent::div/label[contains(text(), 'Nomor')]' not visible after 2 seconds.</msg>
<arg>${locator}</arg>
<arg>${timeout}</arg>
<doc>Waits until the element ``locator`` is visible.</doc>
<status status="FAIL" start="2025-07-11T15:52:34.934052" elapsed="2.279344">Element 'xpath=//div[@class='mb-20px']//parent::div/label[contains(text(), 'Nomor')]' not visible after 2 seconds.</status>
</kw>
<msg time="2025-07-11T15:52:37.213627" level="INFO">${res} = False</msg>
<var>${res}</var>
<arg>Wait Until Element Is Visible</arg>
<arg>${locator}</arg>
<arg>${timeout}</arg>
<doc>Runs the given keyword with given arguments and returns the status as a Boolean value.</doc>
<status status="PASS" start="2025-07-11T15:52:34.933748" elapsed="2.279943"/>
</kw>
<return>
<value>${res}</value>
<status status="PASS" start="2025-07-11T15:52:37.213830" elapsed="0.000076"/>
</return>
<msg time="2025-07-11T15:52:37.214147" level="INFO">${res_err} = False</msg>
<var>${res_err}</var>
<arg>${textNomorTelpon_onLogin}</arg>
<status status="PASS" start="2025-07-11T15:52:34.933149" elapsed="2.281050"/>
</kw>
<if>
<branch type="IF" condition="${res_err}">
<kw name="user input text" owner="generalFunct">
<arg>${inputUsername}</arg>
<arg>${MULTI_ROLE_OPSITE}</arg>
<status status="NOT RUN" start="2025-07-11T15:52:37.214720" elapsed="0.000085"/>
</kw>
<kw name="user input password" owner="generalFunct">
<arg>${inputPassword}</arg>
<arg>${PASSWORD}</arg>
<status status="NOT RUN" start="2025-07-11T15:52:37.215113" elapsed="0.000058"/>
</kw>
<kw name="user click element" owner="generalFunct">
<arg>${buttonMasuk}</arg>
<status status="NOT RUN" start="2025-07-11T15:52:37.215408" elapsed="0.000064"/>
</kw>
<status status="NOT RUN" start="2025-07-11T15:52:37.214351" elapsed="0.001203"/>
</branch>
<branch type="ELSE">
<kw name="Exit For Loop" owner="BuiltIn">
<msg time="2025-07-11T15:52:37.216037" level="INFO">Exiting for loop altogether.</msg>
<doc>Stops executing the enclosing FOR loop.</doc>
<status status="PASS" start="2025-07-11T15:52:37.215871" elapsed="0.000281"/>
</kw>
<status status="PASS" start="2025-07-11T15:52:37.215635" elapsed="0.000607"/>
</branch>
<status status="PASS" start="2025-07-11T15:52:37.214317" elapsed="0.001998"/>
</if>
<status status="PASS" start="2025-07-11T15:52:31.837583" elapsed="5.378800"/>
</iter>
<status status="PASS" start="2025-07-11T15:52:24.780255" elapsed="12.436202"/>
</while>
<kw name="general Wait Until" owner="generalFunct">
<kw name="Set Variable" owner="BuiltIn">
<msg time="2025-07-11T15:52:37.217574" level="INFO">${interval} = 1</msg>
<var>${interval}</var>
<arg>1</arg>
<doc>Returns the given values which can then be assigned to a variables.</doc>
<status status="PASS" start="2025-07-11T15:52:37.217346" elapsed="0.000284"/>
</kw>
<kw name="Evaluate" owner="BuiltIn">
<msg time="2025-07-11T15:52:37.218308" level="INFO">${total_checks} = 3</msg>
<var>${total_checks}</var>
<arg>int(${durasi} / ${interval})</arg>
<doc>Evaluates the given expression in Python and returns the result.</doc>
<status status="PASS" start="2025-07-11T15:52:37.217894" elapsed="0.000469"/>
</kw>
<kw name="Wait Until Keyword Succeeds" owner="BuiltIn">
<kw name="Elemen Harus Stabil Terlihat" owner="generalFunct">
<kw name="Wait Until Element Is Visible" owner="SeleniumLibrary">
<arg>${locator}</arg>
<arg>timeout=5s</arg>
<doc>Waits until the element ``locator`` is visible.</doc>
<status status="PASS" start="2025-07-11T15:52:37.220002" elapsed="0.863690"/>
</kw>
<for flavor="IN RANGE">
<iter>
<kw name="Element Should Be Visible" owner="SeleniumLibrary">
<msg time="2025-07-11T15:52:38.108362" level="INFO">Element 'xpath=//div[@id='listFilter']' is displayed.</msg>
<arg>${locator}</arg>
<doc>Verifies that the element identified by ``locator`` is visible.</doc>
<status status="PASS" start="2025-07-11T15:52:38.084561" elapsed="0.023971"/>
</kw>
<kw name="Wait Until Element Is Visible" owner="SeleniumLibrary">
<arg>${locator}</arg>
<arg>timeout=5s</arg>
<doc>Waits until the element ``locator`` is visible.</doc>
<status status="PASS" start="2025-07-11T15:52:38.108957" elapsed="0.022194"/>
</kw>
<var name="${i}">0</var>
<status status="PASS" start="2025-07-11T15:52:38.084247" elapsed="0.047024"/>
</iter>
<iter>
<kw name="Element Should Be Visible" owner="SeleniumLibrary">
<msg time="2025-07-11T15:52:38.157650" level="INFO">Element 'xpath=//div[@id='listFilter']' is displayed.</msg>
<arg>${locator}</arg>
<doc>Verifies that the element identified by ``locator`` is visible.</doc>
<status status="PASS" start="2025-07-11T15:52:38.131691" elapsed="0.026159"/>
</kw>
<kw name="Wait Until Element Is Visible" owner="SeleniumLibrary">
<arg>${locator}</arg>
<arg>timeout=5s</arg>
<doc>Waits until the element ``locator`` is visible.</doc>
<status status="PASS" start="2025-07-11T15:52:38.158266" elapsed="0.027628"/>
</kw>
<var name="${i}">1</var>
<status status="PASS" start="2025-07-11T15:52:38.131480" elapsed="0.054633"/>
</iter>
<iter>
<kw name="Element Should Be Visible" owner="SeleniumLibrary">
<msg time="2025-07-11T15:52:38.215265" level="INFO">Element 'xpath=//div[@id='listFilter']' is displayed.</msg>
<arg>${locator}</arg>
<doc>Verifies that the element identified by ``locator`` is visible.</doc>
<status status="PASS" start="2025-07-11T15:52:38.186752" elapsed="0.028652"/>
</kw>
<kw name="Wait Until Element Is Visible" owner="SeleniumLibrary">
<arg>${locator}</arg>
<arg>timeout=5s</arg>
<doc>Waits until the element ``locator`` is visible.</doc>
<status status="PASS" start="2025-07-11T15:52:38.215690" elapsed="0.032853"/>
</kw>
[...]
</iter>
<iter>
<kw name="Element Should Be Visible" owner="SeleniumLibrary">
<msg time="2025-07-11T15:57:59.295341" level="INFO">Element 'xpath=//div[contains(@class,'UpdateNoteBudget')]//button' is displayed.</msg>
<arg>${locator}</arg>
<doc>Verifies that the element identified by ``locator`` is visible.</doc>
<status status="PASS" start="2025-07-11T15:57:59.273697" elapsed="0.021779"/>
</kw>
<kw name="Wait Until Element Is Visible" owner="SeleniumLibrary">
<arg>${locator}</arg>
<arg>timeout=5s</arg>
<doc>Waits until the element ``locator`` is visible.</doc>
<status status="PASS" start="2025-07-11T15:57:59.295757" elapsed="0.021152"/>
</kw>
<var name="${i}">2</var>
<status status="PASS" start="2025-07-11T15:57:59.273424" elapsed="0.043610"/>
</iter>
<var>${i}</var>
<value>${ulang}</value>
<status status="PASS" start="2025-07-11T15:57:59.172835" elapsed="0.144290"/>
</for>
<arg>${locator}</arg>
<arg>${total_checks}</arg>
<arg>${interval}</arg>
<status status="PASS" start="2025-07-11T15:57:59.148462" elapsed="0.168805"/>
</kw>
<arg>${max_retries} times</arg>
<arg>0s</arg>
<arg>Elemen Harus Stabil Terlihat</arg>
<arg>${locator}</arg>
<arg>${total_checks}</arg>
<arg>${interval}</arg>
<doc>Runs the specified keyword and retries if it fails.</doc>
<status status="PASS" start="2025-07-11T15:57:59.148017" elapsed="0.169366"/>
</kw>
<kw name="general delay" owner="generalFunct">
<kw name="Run Keyword And Ignore Error" owner="BuiltIn">
<kw name="Wait Until Keyword Succeeds" owner="BuiltIn">
<kw name="Fail" owner="BuiltIn">
<msg time="2025-07-11T15:57:59.318920" level="FAIL">Delay paksa tanpa Sleep</msg>
<arg>Delay paksa tanpa Sleep</arg>
<doc>Fails the test with the given message and optionally alters its tags.</doc>
<status status="FAIL" start="2025-07-11T15:57:59.318676" elapsed="0.000355">Delay paksa tanpa Sleep</status>
</kw>
<kw name="Fail" owner="BuiltIn">
<msg time="2025-07-11T15:58:00.320470" level="FAIL">Delay paksa tanpa Sleep</msg>
<arg>Delay paksa tanpa Sleep</arg>
<doc>Fails the test with the given message and optionally alters its tags.</doc>
<status status="FAIL" start="2025-07-11T15:58:00.320060" elapsed="0.000583">Delay paksa tanpa Sleep</status>
</kw>
<msg time="2025-07-11T15:58:00.320808" level="FAIL">Keyword 'Fail' failed after retrying 2 times. The last error was: Delay paksa tanpa Sleep</msg>
<arg>2 times</arg>
<arg>${durasi}</arg>
<arg>Fail</arg>
<arg>Delay paksa tanpa Sleep</arg>
<doc>Runs the specified keyword and retries if it fails.</doc>
<status status="FAIL" start="2025-07-11T15:57:59.318347" elapsed="1.002613">Keyword 'Fail' failed after retrying 2 times. The last error was: Delay paksa tanpa Sleep</status>
</kw>
<arg>Wait Until Keyword Succeeds</arg>
<arg>2 times</arg>
<arg>${durasi}</arg>
<arg>Fail</arg>
<arg>Delay paksa tanpa Sleep</arg>
<doc>Runs the given keyword with the given arguments and ignores possible error.</doc>
<status status="PASS" start="2025-07-11T15:57:59.318095" elapsed="1.002980"/>
</kw>
<arg>1s</arg>
<status status="PASS" start="2025-07-11T15:57:59.317664" elapsed="1.003529"/>
</kw>
<arg>${btn_loc}</arg>
<status status="PASS" start="2025-07-11T15:57:59.146383" elapsed="1.174901"/>
</kw>
<kw name="user click element" owner="generalFunct">
<kw name="general Wait Until" owner="generalFunct">
<kw name="Set Variable" owner="BuiltIn">
<msg time="2025-07-11T15:58:00.322898" level="INFO">${interval} = 1</msg>
<var>${interval}</var>
<arg>1</arg>
<doc>Returns the given values which can then be assigned to a variables.</doc>
<status status="PASS" start="2025-07-11T15:58:00.322689" elapsed="0.000259"/>
</kw>
<kw name="Evaluate" owner="BuiltIn">
<msg time="2025-07-11T15:58:00.323514" level="INFO">${total_checks} = 3</msg>
<var>${total_checks}</var>
<arg>int(${durasi} / ${interval})</arg>
<doc>Evaluates the given expression in Python and returns the result.</doc>
<status status="PASS" start="2025-07-11T15:58:00.323154" elapsed="0.000409"/>
</kw>
<kw name="Wait Until Keyword Succeeds" owner="BuiltIn">
<kw name="Elemen Harus Stabil Terlihat" owner="generalFunct">
<kw name="Wait Until Element Is Visible" owner="SeleniumLibrary">
<arg>${locator}</arg>
<arg>timeout=5s</arg>
<doc>Waits until the element ``locator`` is visible.</doc>
<status status="PASS" start="2025-07-11T15:58:00.324673" elapsed="0.024539"/>
</kw>
<for flavor="IN RANGE">
<iter>
<kw name="Element Should Be Visible" owner="SeleniumLibrary">
<msg time="2025-07-11T15:58:00.373134" level="INFO">Element 'xpath=//div[contains(@class,'UpdateNoteBudget')]//button' is displayed.</msg>
<arg>${locator}</arg>
<doc>Verifies that the element identified by ``locator`` is visible.</doc>
<status status="PASS" start="2025-07-11T15:58:00.349819" elapsed="0.023471"/>
</kw>
<kw name="Wait Until Element Is Visible" owner="SeleniumLibrary">
<arg>${locator}</arg>
<arg>timeout=5s</arg>
<doc>Waits until the element ``locator`` is visible.</doc>
<status status="PASS" start="2025-07-11T15:58:00.373570" elapsed="0.022980"/>
</kw>
<var name="${i}">0</var>
<status status="PASS" start="2025-07-11T15:58:00.349616" elapsed="0.047055"/>
</iter>
<iter>
<kw name="Element Should Be Visible" owner="SeleniumLibrary">
<msg time="2025-07-11T15:58:00.420617" level="INFO">Element 'xpath=//div[contains(@class,'UpdateNoteBudget')]//button' is displayed.</msg>
<arg>${locator}</arg>
<doc>Verifies that the element identified by ``locator`` is visible.</doc>
<status status="PASS" start="2025-07-11T15:58:00.397094" elapsed="0.023654"/>
</kw>
<kw name="Wait Until Element Is Visible" owner="SeleniumLibrary">
<arg>${locator}</arg>
<arg>timeout=5s</arg>
<doc>Waits until the element ``locator`` is visible.</doc>
<status status="PASS" start="2025-07-11T15:58:00.421035" elapsed="0.024113"/>
</kw>
<var name="${i}">1</var>
<status status="PASS" start="2025-07-11T15:58:00.396874" elapsed="0.048412"/>
</iter>
<iter>
<kw name="Element Should Be Visible" owner="SeleniumLibrary">
<msg time="2025-07-11T15:58:00.468076" level="INFO">Element 'xpath=//div[contains(@class,'UpdateNoteBudget')]//button' is displayed.</msg>
<arg>${locator}</arg>
<doc>Verifies that the element identified by ``locator`` is visible.</doc>
<status status="PASS" start="2025-07-11T15:58:00.445708" elapsed="0.022510"/>
</kw>
<kw name="Wait Until Element Is Visible" owner="SeleniumLibrary">
<arg>${locator}</arg>
<arg>timeout=5s</arg>
<doc>Waits until the element ``locator`` is visible.</doc>
<status status="PASS" start="2025-07-11T15:58:00.468584" elapsed="0.024412"/>
</kw>
<var name="${i}">2</var>
<status status="PASS" start="2025-07-11T15:58:00.445491" elapsed="0.047631"/>
</iter>
<var>${i}</var>
<value>${ulang}</value>
<status status="PASS" start="2025-07-11T15:58:00.349366" elapsed="0.143842"/>
</for>
<arg>${locator}</arg>
<arg>${total_checks}</arg>
<arg>${interval}</arg>
<status status="PASS" start="2025-07-11T15:58:00.324172" elapsed="0.169170"/>
</kw>
<arg>${max_retries} times</arg>
<arg>0s</arg>
<arg>Elemen Harus Stabil Terlihat</arg>
<arg>${locator}</arg>
<arg>${total_checks}</arg>
<arg>${interval}</arg>
<doc>Runs the specified keyword and retries if it fails.</doc>
<status status="PASS" start="2025-07-11T15:58:00.323767" elapsed="0.169675"/>
</kw>
<kw name="general delay" owner="generalFunct">
<kw name="Run Keyword And Ignore Error" owner="BuiltIn">
<kw name="Wait Until Keyword Succeeds" owner="BuiltIn">
<kw name="Fail" owner="BuiltIn">
<msg time="2025-07-11T15:58:00.495005" level="FAIL">Delay paksa tanpa Sleep</msg>
<arg>Delay paksa tanpa Sleep</arg>
<doc>Fails the test with the given message and optionally alters its tags.</doc>
<status status="FAIL" start="2025-07-11T15:58:00.494748" elapsed="0.000364">Delay paksa tanpa Sleep</status>
</kw>
<kw name="Fail" owner="BuiltIn">
<msg time="2025-07-11T15:58:01.496853" level="FAIL">Delay paksa tanpa Sleep</msg>
<arg>Delay paksa tanpa Sleep</arg>
<doc>Fails the test with the given message and optionally alters its tags.</doc>
<status status="FAIL" start="2025-07-11T15:58:01.496394" elapsed="0.000653">Delay paksa tanpa Sleep</status>
</kw>
<msg time="2025-07-11T15:58:01.497312" level="FAIL">Keyword 'Fail' failed after retrying 2 times. The last error was: Delay paksa tanpa Sleep</msg>
<arg>2 times</arg>
<arg>${durasi}</arg>
<arg>Fail</arg>
<arg>Delay paksa tanpa Sleep</arg>
<doc>Runs the specified keyword and retries if it fails.</doc>
<status status="FAIL" start="2025-07-11T15:58:00.494421" elapsed="1.003155">Keyword 'Fail' failed after retrying 2 times. The last error was: Delay paksa tanpa Sleep</status>
</kw>
<arg>Wait Until Keyword Succeeds</arg>
<arg>2 times</arg>
<arg>${durasi}</arg>
<arg>Fail</arg>
<arg>Delay paksa tanpa Sleep</arg>
<doc>Runs the given keyword with the given arguments and ignores possible error.</doc>
<status status="PASS" start="2025-07-11T15:58:00.494165" elapsed="1.003624"/>
</kw>
<arg>1s</arg>
<status status="PASS" start="2025-07-11T15:58:00.493717" elapsed="1.004276"/>
</kw>
<arg>${element}</arg>
<status status="PASS" start="2025-07-11T15:58:00.322209" elapsed="1.175953"/>
</kw>
<kw name="Click When Element Ready" owner="generalFunct">
<kw name="Wait Until Keyword Succeeds" owner="BuiltIn">
<kw name="Click Element" owner="SeleniumLibrary">
<msg time="2025-07-11T15:58:01.500285" level="INFO">Clicking element 'xpath=//div[contains(@class,'UpdateNoteBudget')]//button'.</msg>
<arg>${locator}</arg>
<doc>Click the element identified by ``locator``.</doc>
<status status="PASS" start="2025-07-11T15:58:01.499860" elapsed="0.096098"/>
</kw>
<arg>30 times</arg>
<arg>3s</arg>
<arg>Click Element</arg>
<arg>${locator}</arg>
<doc>Runs the specified keyword and retries if it fails.</doc>
<status status="PASS" start="2025-07-11T15:58:01.499299" elapsed="0.096822"/>
</kw>
<arg>${element}</arg>
<status status="PASS" start="2025-07-11T15:58:01.498520" elapsed="0.097752"/>
</kw>
<arg>${btn_loc}</arg>
<status status="PASS" start="2025-07-11T15:58:00.321525" elapsed="1.274864"/>
</kw>
<kw name="general Wait Until" owner="generalFunct">
<kw name="Set Variable" owner="BuiltIn">
<msg time="2025-07-11T15:58:01.598068" level="INFO">${interval} = 1</msg>
<var>${interval}</var>
<arg>1</arg>
<doc>Returns the given values which can then be assigned to a variables.</doc>
<status status="PASS" start="2025-07-11T15:58:01.597582" elapsed="0.000591"/>
</kw>
<kw name="Evaluate" owner="BuiltIn">
<msg time="2025-07-11T15:58:01.599149" level="INFO">${total_checks} = 3</msg>
<var>${total_checks}</var>
<arg>int(${durasi} / ${interval})</arg>
<doc>Evaluates the given expression in Python and returns the result.</doc>
<status status="PASS" start="2025-07-11T15:58:01.598532" elapsed="0.000694"/>
</kw>
<kw name="Wait Until Keyword Succeeds" owner="BuiltIn">
<kw name="Elemen Harus Stabil Terlihat" owner="generalFunct">
<kw name="Wait Until Element Is Visible" owner="SeleniumLibrary">
<arg>${locator}</arg>
<arg>timeout=5s</arg>
<doc>Waits until the element ``locator`` is visible.</doc>
<status status="PASS" start="2025-07-11T15:58:01.600993" elapsed="0.242460"/>
</kw>
<for flavor="IN RANGE">
<iter>
<kw name="Element Should Be Visible" owner="SeleniumLibrary">
<msg time="2025-07-11T15:58:01.867083" level="INFO">Element 'xpath=//div[@role='dialog']//div[@class='text-center']/p[1]' is displayed.</msg>
<arg>${locator}</arg>
<doc>Verifies that the element identified by ``locator`` is visible.</doc>
<status status="PASS" start="2025-07-11T15:58:01.844097" elapsed="0.023119"/>
</kw>
<kw name="Wait Until Element Is Visible" owner="SeleniumLibrary">
<arg>${locator}</arg>
<arg>timeout=5s</arg>
<doc>Waits until the element ``locator`` is visible.</doc>
<status status="PASS" start="2025-07-11T15:58:01.867506" elapsed="0.027111"/>
</kw>
<var name="${i}">0</var>
<status status="PASS" start="2025-07-11T15:58:01.843871" elapsed="0.050869"/>
</iter>
<iter>
<kw name="Element Should Be Visible" owner="SeleniumLibrary">
<msg time="2025-07-11T15:58:01.918628" level="INFO">Element 'xpath=//div[@role='dialog']//div[@class='text-center']/p[1]' is displayed.</msg>
<arg>${locator}</arg>
<doc>Verifies that the element identified by ``locator`` is visible.</doc>
<status status="PASS" start="2025-07-11T15:58:01.895172" elapsed="0.023651"/>
</kw>
<kw name="Wait Until Element Is Visible" owner="SeleniumLibrary">
<arg>${locator}</arg>
<arg>timeout=5s</arg>
<doc>Waits until the element ``locator`` is visible.</doc>
<status status="PASS" start="2025-07-11T15:58:01.919635" elapsed="0.025116"/>
</kw>
<var name="${i}">1</var>
<status status="PASS" start="2025-07-11T15:58:01.894943" elapsed="0.049930"/>
</iter>
<iter>
<kw name="Element Should Be Visible" owner="SeleniumLibrary">
<msg time="2025-07-11T15:58:01.967702" level="INFO">Element 'xpath=//div[@role='dialog']//div[@class='text-center']/p[1]' is displayed.</msg>
<arg>${locator}</arg>
<doc>Verifies that the element identified by ``locator`` is visible.</doc>
<status status="PASS" start="2025-07-11T15:58:01.945308" elapsed="0.022524"/>
</kw>
<kw name="Wait Until Element Is Visible" owner="SeleniumLibrary">
<arg>${locator}</arg>
<arg>timeout=5s</arg>
<doc>Waits until the element ``locator`` is visible.</doc>
<status status="PASS" start="2025-07-11T15:58:01.968105" elapsed="0.023660"/>
</kw>
<var name="${i}">2</var>
<status status="PASS" start="2025-07-11T15:58:01.945086" elapsed="0.046809"/>
</iter>
<var>${i}</var>
<value>${ulang}</value>
<status status="PASS" start="2025-07-11T15:58:01.843612" elapsed="0.148383"/>
</for>
<arg>${locator}</arg>
<arg>${total_checks}</arg>
<arg>${interval}</arg>
<status status="PASS" start="2025-07-11T15:58:01.600122" elapsed="0.392033"/>
</kw>
<arg>${max_retries} times</arg>
<arg>0s</arg>
<arg>Elemen Harus Stabil Terlihat</arg>
<arg>${locator}</arg>
<arg>${total_checks}</arg>
<arg>${interval}</arg>
<doc>Runs the specified keyword and retries if it fails.</doc>
<status status="PASS" start="2025-07-11T15:58:01.599495" elapsed="0.392781"/>
</kw>
<kw name="general delay" owner="generalFunct">
<kw name="Run Keyword And Ignore Error" owner="BuiltIn">
<kw name="Wait Until Keyword Succeeds" owner="BuiltIn">
<kw name="Fail" owner="BuiltIn">
<msg time="2025-07-11T15:58:01.994083" level="FAIL">Delay paksa tanpa Sleep</msg>
<arg>Delay paksa tanpa Sleep</arg>
<doc>Fails the test with the given message and optionally alters its tags.</doc>
<status status="FAIL" start="2025-07-11T15:58:01.993823" elapsed="0.000475">Delay paksa tanpa Sleep</status>
</kw>
<kw name="Fail" owner="BuiltIn">
<msg time="2025-07-11T15:58:02.995271" level="FAIL">Delay paksa tanpa Sleep</msg>
<arg>Delay paksa tanpa Sleep</arg>
<doc>Fails the test with the given message and optionally alters its tags.</doc>
<status status="FAIL" start="2025-07-11T15:58:02.994858" elapsed="0.000567">Delay paksa tanpa Sleep</status>
</kw>
<msg time="2025-07-11T15:58:02.995620" level="FAIL">Keyword 'Fail' failed after retrying 2 times. The last error was: Delay paksa tanpa Sleep</msg>
<arg>2 times</arg>
<arg>${durasi}</arg>
<arg>Fail</arg>
<arg>Delay paksa tanpa Sleep</arg>
<doc>Runs the specified keyword and retries if it fails.</doc>
<status status="FAIL" start="2025-07-11T15:58:01.993427" elapsed="1.002375">Keyword 'Fail' failed after retrying 2 times. The last error was: Delay paksa tanpa Sleep</status>
</kw>
<arg>Wait Until Keyword Succeeds</arg>
<arg>2 times</arg>
<arg>${durasi}</arg>
<arg>Fail</arg>
<arg>Delay paksa tanpa Sleep</arg>
<doc>Runs the given keyword with the given arguments and ignores possible error.</doc>
<status status="PASS" start="2025-07-11T15:58:01.993119" elapsed="1.002827"/>
</kw>
<arg>1s</arg>
<status status="PASS" start="2025-07-11T15:58:01.992595" elapsed="1.003505"/>
</kw>
<arg>${titlePopUp}</arg>
<status status="PASS" start="2025-07-11T15:58:01.596742" elapsed="1.399468"/>
</kw>
<kw name="Get Text" owner="SeleniumLibrary">
<msg time="2025-07-11T15:58:03.019716" level="INFO">${textTitlePopUp} = Batal Pengajuan Ubah Anggaran</msg>
<var>${textTitlePopUp}</var>
<arg>${titlePopUp}</arg>
<doc>Returns the text value of the element identified by ``locator``.</doc>
<status status="PASS" start="2025-07-11T15:58:02.996470" elapsed="0.023353"/>
</kw>
<kw name="Log To Console" owner="BuiltIn">
<arg>PopUp Batalkan : ${textTitlePopUp}</arg>
<doc>Logs the given message to the console.</doc>
<status status="PASS" start="2025-07-11T15:58:03.020225" elapsed="0.000603"/>
</kw>
<kw name="Should Be Equal" owner="BuiltIn">
<arg>${textTitlePopUp}</arg>
<arg>${titleText_popUp}</arg>
<doc>Fails if the given objects are unequal.</doc>
<status status="PASS" start="2025-07-11T15:58:03.021283" elapsed="0.000446"/>
</kw>
<kw name="general delay" owner="generalFunct">
<kw name="Run Keyword And Ignore Error" owner="BuiltIn">
<kw name="Wait Until Keyword Succeeds" owner="BuiltIn">
<kw name="Fail" owner="BuiltIn">
<msg time="2025-07-11T15:58:03.023460" level="FAIL">Delay paksa tanpa Sleep</msg>
<arg>Delay paksa tanpa Sleep</arg>
<doc>Fails the test with the given message and optionally alters its tags.</doc>
<status status="FAIL" start="2025-07-11T15:58:03.023205" elapsed="0.000385">Delay paksa tanpa Sleep</status>
</kw>
<kw name="Fail" owner="BuiltIn">
<msg time="2025-07-11T15:58:05.024760" level="FAIL">Delay paksa tanpa Sleep</msg>
<arg>Delay paksa tanpa Sleep</arg>
<doc>Fails the test with the given message and optionally alters its tags.</doc>
<status status="FAIL" start="2025-07-11T15:58:05.024185" elapsed="0.000781">Delay paksa tanpa Sleep</status>
</kw>
<msg time="2025-07-11T15:58:05.025287" level="FAIL">Keyword 'Fail' failed after retrying 2 times. The last error was: Delay paksa tanpa Sleep</msg>
<arg>2 times</arg>
<arg>${durasi}</arg>
<arg>Fail</arg>
<arg>Delay paksa tanpa Sleep</arg>
<doc>Runs the specified keyword and retries if it fails.</doc>
<status status="FAIL" start="2025-07-11T15:58:03.022813" elapsed="2.002778">Keyword 'Fail' failed after retrying 2 times. The last error was: Delay paksa tanpa Sleep</status>
</kw>
<arg>Wait Until Keyword Succeeds</arg>
<arg>2 times</arg>
<arg>${durasi}</arg>
<arg>Fail</arg>
<arg>Delay paksa tanpa Sleep</arg>
<doc>Runs the given keyword with the given arguments and ignores possible error.</doc>
<status status="PASS" start="2025-07-11T15:58:03.022505" elapsed="2.003317"/>
</kw>
<status status="PASS" start="2025-07-11T15:58:03.022026" elapsed="2.004024"/>
</kw>
<arg>${buttonBatalkan_onNotes}</arg>
<arg>Batal Pengajuan Ubah Anggaran</arg>
<status status="PASS" start="2025-07-11T15:57:59.145923" elapsed="5.880289"/>
</kw>
<status status="PASS" start="2025-07-11T15:56:07.879296" elapsed="117.147089"/>
</kw>
<kw name="End Web Test" owner="web_eProc" type="TEARDOWN">
<kw name="Log" owner="BuiltIn">
<msg time="2025-07-11T15:58:05.028401" level="INFO">Suite teardown initiated</msg>
<arg>Suite teardown initiated</arg>
<doc>Logs the given message with the given level.</doc>
<status status="PASS" start="2025-07-11T15:58:05.028115" elapsed="0.000449"/>
</kw>
<kw name="Close Browser" owner="SeleniumLibrary">
<doc>Closes the current browser.</doc>
<status status="PASS" start="2025-07-11T15:58:05.029046" elapsed="2.282157"/>
</kw>
<doc>Closes the browser after all tests in the suite have run</doc>
<status status="PASS" start="2025-07-11T15:58:05.027318" elapsed="2.284179"/>
</kw>
<doc>This scenario test User can click button batalkan on detail persetujuan anggaran</doc>
<tag>1000s</tag>
<tag>detail_project</tag>
<tag>test</tag>
<status status="PASS" start="2025-07-11T15:56:03.549337" elapsed="123.762599"/>
</test>
<status status="FAIL" start="2025-07-11T15:51:13.336190" elapsed="413.977730"/>
</suite>
<statistics>
<total>
<stat pass="3" fail="1" skip="0">All Tests</stat>
</total>
<tag>
<stat pass="3" fail="1" skip="0">1000s</stat>
<stat pass="3" fail="1" skip="0">detail_project</stat>
<stat pass="3" fail="1" skip="0">test</stat>
</tag>
<suite>
<stat name="test detailProject EvaluasiAnggaran" id="s1" pass="3" fail="1" skip="0">test detailProject EvaluasiAnggaran</stat>
</suite>
</statistics>
<errors>
</errors>
</robot>
