<?xml version="1.0" encoding="UTF-8"?>
<robot generator="Robot 7.2.2 (Python 3.13.2 on win32)" generated="2025-03-13T13:16:08.775284" rpa="false" schemaversion="5">
<suite id="s1" name="Test Login" source="C:\Users\1000Saudara45\Documents\Automation\eProc_Web\testSuite\Tim_OP\test_login.robot">
<test id="s1-t1" name="Test Login Success" line="12">
<kw name="Begin Web Test" owner="web_eProc" type="SETUP">
<kw name="Open Browser" owner="SeleniumLibrary">
<msg time="2025-03-13T13:16:09.505502" level="INFO">Opening browser 'headlesschrome' to base url 'about:blank'.</msg>
<arg>about:blank</arg>
<arg>${BROWSER}</arg>
<doc>Opens a new browser instance to the optional ``url``.</doc>
<status status="PASS" start="2025-03-13T13:16:09.505055" elapsed="9.250977"/>
</kw>
<kw name="Execute Javascript" owner="SeleniumLibrary">
<msg time="2025-03-13T13:16:18.758159" level="INFO">Executing JavaScript:
document.body.style.transform = 'scale(0.67)'; document.body.style.transformOrigin = '0 0';
Without any arguments.</msg>
<arg>document.body.style.transform = 'scale(0.67)'; document.body.style.transformOrigin = '0 0';</arg>
<doc>Executes the given JavaScript code with possible arguments.</doc>
<status status="PASS" start="2025-03-13T13:16:18.756902" elapsed="0.013789"/>
</kw>
<kw name="Go To" owner="SeleniumLibrary">
<msg time="2025-03-13T13:16:18.771633" level="INFO">Opening url 'https://developer.1000saudara.com/project1000s'</msg>
<arg>${URL_DEV}</arg>
<doc>Navigates the current browser window to the provided ``url``.</doc>
<status status="PASS" start="2025-03-13T13:16:18.771166" elapsed="3.405223"/>
</kw>
<status status="PASS" start="2025-03-13T13:16:09.503569" elapsed="12.673111"/>
</kw>
<kw name="User can access Home Login 1000s" owner="login">
<kw name="Then user go to home page E-Proc1000s" owner="pom_login_eProc">
<kw name="user visit E-Proc1000s Login Page" owner="pom_login_eProc">
<kw name="Get Location" owner="SeleniumLibrary">
<msg time="2025-03-13T13:16:22.188353" level="INFO">${current_url} = https://developer.1000saudara.com/project1000s</msg>
<var>${current_url}</var>
<doc>Returns the current browser window URL.</doc>
<status status="PASS" start="2025-03-13T13:16:22.179899" elapsed="0.008523"/>
</kw>
<kw name="Log" owner="BuiltIn">
<msg time="2025-03-13T13:16:22.188920" level="INFO">Current Path: https://developer.1000saudara.com/project1000s</msg>
<arg>Current Path: ${current_url}</arg>
<doc>Logs the given message with the given level.</doc>
<status status="PASS" start="2025-03-13T13:16:22.188668" elapsed="0.000390"/>
</kw>
<kw name="general return status" owner="generalFunct">
<kw name="Run Keyword And Return Status" owner="BuiltIn">
<kw name="Wait Until Element Is Visible" owner="SeleniumLibrary">
<arg>${locator}</arg>
<arg>timeout=5s</arg>
<doc>Waits until the element ``locator`` is visible.</doc>
<status status="PASS" start="2025-03-13T13:16:22.192032" elapsed="0.039617"/>
</kw>
<msg time="2025-03-13T13:16:22.231976" level="INFO">${res} = True</msg>
<var>${res}</var>
<arg>Wait Until Element Is Visible</arg>
<arg>${locator}</arg>
<arg>timeout=5s</arg>
<doc>Runs the given keyword with given arguments and returns the status as a Boolean value.</doc>
<status status="PASS" start="2025-03-13T13:16:22.191403" elapsed="0.040632"/>
</kw>
<return>
<value>${res}</value>
<status status="PASS" start="2025-03-13T13:16:22.232155" elapsed="0.000097"/>
</return>
<msg time="2025-03-13T13:16:22.232505" level="INFO">${res} = True</msg>
<var>${res}</var>
<arg>${headerLogin}</arg>
<status status="PASS" start="2025-03-13T13:16:22.189910" elapsed="0.042642"/>
</kw>
<while condition="${res} == $False">
<iter>
<kw name="Reload Page" owner="SeleniumLibrary">
<doc>Simulates user reloading page.</doc>
<status status="NOT RUN" start="2025-03-13T13:16:22.233249" elapsed="0.000053"/>
</kw>
<kw name="Sleep" owner="BuiltIn">
<arg>2s</arg>
<doc>Pauses the test executed for the given time.</doc>
<status status="NOT RUN" start="2025-03-13T13:16:22.233458" elapsed="0.000068"/>
</kw>
<kw name="general return status" owner="generalFunct">
<var>${res}</var>
<arg>${headerLogin}</arg>
<status status="NOT RUN" start="2025-03-13T13:16:22.233749" elapsed="0.000050"/>
</kw>
<status status="NOT RUN" start="2025-03-13T13:16:22.232666" elapsed="0.001198"/>
</iter>
<status status="NOT RUN" start="2025-03-13T13:16:22.232663" elapsed="0.001267"/>
</while>
<status status="PASS" start="2025-03-13T13:16:22.179220" elapsed="0.054825"/>
</kw>
<kw name="user login E-Proc1000s Page" owner="pom_login_eProc">
<kw name="general Wait Until" owner="generalFunct">
<kw name="Wait Until Element Is Visible" owner="SeleniumLibrary">
<arg>${locator}</arg>
<arg>timeout=5s</arg>
<doc>Waits until the element ``locator`` is visible.</doc>
<status status="PASS" start="2025-03-13T13:16:22.235300" elapsed="0.032834"/>
</kw>
<kw name="Sleep" owner="BuiltIn">
<msg time="2025-03-13T13:16:27.269453" level="INFO">Slept 5 seconds.</msg>
<arg>5</arg>
<doc>Pauses the test executed for the given time.</doc>
<status status="PASS" start="2025-03-13T13:16:22.268406" elapsed="5.001518"/>
</kw>
<arg>${inputPassword}</arg>
<status status="PASS" start="2025-03-13T13:16:22.234729" elapsed="5.035661"/>
</kw>
<kw name="user input text" owner="generalFunct">
<kw name="Wait Until Element Is Visible" owner="SeleniumLibrary">
<arg>${locator}</arg>
<doc>Waits until the element ``locator`` is visible.</doc>
<status status="PASS" start="2025-03-13T13:16:27.272626" elapsed="0.066129"/>
</kw>
<kw name="Input Text" owner="SeleniumLibrary">
<msg time="2025-03-13T13:16:27.339757" level="INFO">Typing text '085210758864' into text field 'xpath=//input[@id='TxtPhone']'.</msg>
<arg>${locator}</arg>
<arg>${text}</arg>
<doc>Types the given ``text`` into the text field identified by ``locator``.</doc>
<status status="PASS" start="2025-03-13T13:16:27.339198" elapsed="0.194318"/>
</kw>
<kw name="Sleep" owner="BuiltIn">
<msg time="2025-03-13T13:16:32.534758" level="INFO">Slept 5 seconds.</msg>
<arg>5</arg>
<doc>Pauses the test executed for the given time.</doc>
<status status="PASS" start="2025-03-13T13:16:27.533768" elapsed="5.001369"/>
</kw>
<arg>${inputUsername}</arg>
<arg>${ROLE_ADMIN}</arg>
<status status="PASS" start="2025-03-13T13:16:27.271075" elapsed="5.264478"/>
</kw>
<kw name="general return status" owner="generalFunct">
<kw name="Run Keyword And Return Status" owner="BuiltIn">
<kw name="Wait Until Element Is Visible" owner="SeleniumLibrary">
<arg>${locator}</arg>
<arg>timeout=5s</arg>
<doc>Waits until the element ``locator`` is visible.</doc>
<status status="PASS" start="2025-03-13T13:16:32.538363" elapsed="0.061056"/>
</kw>
<msg time="2025-03-13T13:16:32.599975" level="INFO">${res} = True</msg>
<var>${res}</var>
<arg>Wait Until Element Is Visible</arg>
<arg>${locator}</arg>
<arg>timeout=5s</arg>
<doc>Runs the given keyword with given arguments and returns the status as a Boolean value.</doc>
<status status="PASS" start="2025-03-13T13:16:32.537618" elapsed="0.062505"/>
</kw>
<return>
<value>${res}</value>
<status status="PASS" start="2025-03-13T13:16:32.600461" elapsed="0.000281"/>
</return>
<msg time="2025-03-13T13:16:32.601600" level="INFO">${res} = True</msg>
<var>${res}</var>
<arg>${inputPassword}</arg>
<status status="PASS" start="2025-03-13T13:16:32.536340" elapsed="0.065404"/>
</kw>
<if>
<branch type="IF" condition="${res}">
<kw name="Sleep" owner="BuiltIn">
<msg time="2025-03-13T13:16:36.604394" level="INFO">Slept 4 seconds.</msg>
<arg>4</arg>
<doc>Pauses the test executed for the given time.</doc>
<status status="PASS" start="2025-03-13T13:16:32.602888" elapsed="4.002540"/>
</kw>
<kw name="user input text" owner="generalFunct">
<kw name="Wait Until Element Is Visible" owner="SeleniumLibrary">
<arg>${locator}</arg>
<doc>Waits until the element ``locator`` is visible.</doc>
<status status="PASS" start="2025-03-13T13:16:36.610392" elapsed="0.045324"/>
</kw>
<kw name="Input Text" owner="SeleniumLibrary">
<msg time="2025-03-13T13:16:36.656627" level="INFO">Typing text '085210758864' into text field 'xpath=//input[@id='TxtPhone']'.</msg>
<arg>${locator}</arg>
<arg>${text}</arg>
<doc>Types the given ``text`` into the text field identified by ``locator``.</doc>
<status status="PASS" start="2025-03-13T13:16:36.656108" elapsed="0.152390"/>
</kw>
<kw name="Sleep" owner="BuiltIn">
<msg time="2025-03-13T13:16:41.809229" level="INFO">Slept 5 seconds.</msg>
<arg>5</arg>
<doc>Pauses the test executed for the given time.</doc>
<status status="PASS" start="2025-03-13T13:16:36.808760" elapsed="5.000853"/>
</kw>
<arg>${inputUsername}</arg>
<arg>${ROLE_ADMIN}</arg>
<status status="PASS" start="2025-03-13T13:16:36.607475" elapsed="5.202545"/>
</kw>
<kw name="user input password" owner="generalFunct">
<kw name="Wait Until Element Is Visible" owner="SeleniumLibrary">
<arg>${locator}</arg>
<doc>Waits until the element ``locator`` is visible.</doc>
<status status="PASS" start="2025-03-13T13:16:41.812117" elapsed="0.052276"/>
</kw>
<kw name="Input Password" owner="SeleniumLibrary">
<msg time="2025-03-13T13:16:41.865381" level="INFO">Typing password into text field 'xpath=//input[@id='pwd']'.</msg>
<msg time="2025-03-13T13:16:41.949180" level="INFO">Temporally setting log level to: NONE</msg>
<arg>${locator}</arg>
<arg>${text}</arg>
<doc>Types the given password into the text field identified by ``locator``.</doc>
<status status="PASS" start="2025-03-13T13:16:41.864817" elapsed="0.167563"/>
</kw>
<kw name="Sleep" owner="BuiltIn">
<msg time="2025-03-13T13:16:47.033874" level="INFO">Slept 5 seconds.</msg>
<arg>5</arg>
<doc>Pauses the test executed for the given time.</doc>
<status status="PASS" start="2025-03-13T13:16:42.032646" elapsed="5.001473"/>
</kw>
<arg>${inputPassword}</arg>
<arg>${PASSWORD}</arg>
<status status="PASS" start="2025-03-13T13:16:41.810752" elapsed="5.223613"/>
</kw>
<kw name="Press Key" owner="SeleniumLibrary">
<arg>${inputPassword}</arg>
<arg>\\13</arg>
<doc>Simulates user pressing key on element identified by ``locator``.</doc>
<status status="PASS" start="2025-03-13T13:16:47.034750" elapsed="0.056291"/>
</kw>
<kw name="Wait Until Element Is Visible" owner="SeleniumLibrary">
<arg>${listFilter}</arg>
<doc>Waits until the element ``locator`` is visible.</doc>
<status status="PASS" start="2025-03-13T13:16:47.091524" elapsed="4.574660"/>
</kw>
<kw name="Sleep" owner="BuiltIn">
<msg time="2025-03-13T13:16:54.667256" level="INFO">Slept 3 seconds.</msg>
<arg>3</arg>
<doc>Pauses the test executed for the given time.</doc>
<status status="PASS" start="2025-03-13T13:16:51.666473" elapsed="3.001228"/>
</kw>
<status status="PASS" start="2025-03-13T13:16:32.602182" elapsed="22.065839"/>
</branch>
<branch type="ELSE">
<kw name="Exit For Loop" owner="BuiltIn">
<doc>Stops executing the enclosing FOR loop.</doc>
<status status="NOT RUN" start="2025-03-13T13:16:54.668902" elapsed="0.000165"/>
</kw>
<status status="NOT RUN" start="2025-03-13T13:16:54.668324" elapsed="0.000936"/>
</branch>
<status status="PASS" start="2025-03-13T13:16:32.602064" elapsed="22.067365"/>
</if>
<status status="PASS" start="2025-03-13T13:16:22.234358" elapsed="32.435322"/>
</kw>
<kw name="Wait Until Element Is Visible" owner="SeleniumLibrary">
<arg>${listFilter}</arg>
<doc>Waits until the element ``locator`` is visible.</doc>
<status status="PASS" start="2025-03-13T13:16:54.670182" elapsed="0.057071"/>
</kw>
<kw name="Wait Until Element Is Visible" owner="SeleniumLibrary">
<arg>${titleProject}</arg>
<doc>Waits until the element ``locator`` is visible.</doc>
<status status="PASS" start="2025-03-13T13:16:54.728015" elapsed="0.035138"/>
</kw>
<kw name="Get Text" owner="SeleniumLibrary">
<msg time="2025-03-13T13:16:54.792602" level="INFO">${title} = Manajemen Project</msg>
<var>${title}</var>
<arg>${titleProject}</arg>
<doc>Returns the text value of the element identified by ``locator``.</doc>
<status status="PASS" start="2025-03-13T13:16:54.763420" elapsed="0.029250"/>
</kw>
<kw name="Log To Console" owner="BuiltIn">
<arg>${\n}${title}</arg>
<doc>Logs the given message to the console.</doc>
<status status="PASS" start="2025-03-13T13:16:54.792918" elapsed="0.001042"/>
</kw>
<status status="PASS" start="2025-03-13T13:16:22.178389" elapsed="32.615809"/>
</kw>
<status status="PASS" start="2025-03-13T13:16:22.177452" elapsed="32.616851"/>
</kw>
<kw name="End Web Test" owner="web_eProc" type="TEARDOWN">
<kw name="Log" owner="BuiltIn">
<msg time="2025-03-13T13:16:54.795558" level="INFO">Suite teardown initiated</msg>
<arg>Suite teardown initiated</arg>
<doc>Logs the given message with the given level.</doc>
<status status="PASS" start="2025-03-13T13:16:54.795378" elapsed="0.000263"/>
</kw>
<kw name="Close Browser" owner="SeleniumLibrary">
<doc>Closes the current browser.</doc>
<status status="PASS" start="2025-03-13T13:16:54.795820" elapsed="2.212548"/>
</kw>
<doc>Closes the browser after all tests in the suite have run</doc>
<status status="PASS" start="2025-03-13T13:16:54.794928" elapsed="2.213959"/>
</kw>
<doc>This scenario test User can access URL Home Page</doc>
<tag>1000s</tag>
<tag>home</tag>
<tag>test</tag>
<status status="PASS" start="2025-03-13T13:16:09.502065" elapsed="47.507651"/>
</test>
<test id="s1-t2" name="Test Login Without fill No Handphone and Password" line="17">
<kw name="Begin Web Test" owner="web_eProc" type="SETUP">
<kw name="Open Browser" owner="SeleniumLibrary">
<msg time="2025-03-13T13:16:57.018443" level="INFO">Opening browser 'headlesschrome' to base url 'about:blank'.</msg>
<arg>about:blank</arg>
<arg>${BROWSER}</arg>
<doc>Opens a new browser instance to the optional ``url``.</doc>
<status status="PASS" start="2025-03-13T13:16:57.017623" elapsed="2.078312"/>
</kw>
<kw name="Execute Javascript" owner="SeleniumLibrary">
<msg time="2025-03-13T13:16:59.097210" level="INFO">Executing JavaScript:
document.body.style.transform = 'scale(0.67)'; document.body.style.transformOrigin = '0 0';
Without any arguments.</msg>
<arg>document.body.style.transform = 'scale(0.67)'; document.body.style.transformOrigin = '0 0';</arg>
<doc>Executes the given JavaScript code with possible arguments.</doc>
<status status="PASS" start="2025-03-13T13:16:59.096354" elapsed="0.015225"/>
</kw>
<kw name="Go To" owner="SeleniumLibrary">
<msg time="2025-03-13T13:16:59.112447" level="INFO">Opening url 'https://developer.1000saudara.com/project1000s'</msg>
<arg>${URL_DEV}</arg>
<doc>Navigates the current browser window to the provided ``url``.</doc>
<status status="PASS" start="2025-03-13T13:16:59.112005" elapsed="3.628505"/>
</kw>
<status status="PASS" start="2025-03-13T13:16:57.016389" elapsed="5.724296"/>
</kw>
<kw name="User login without fill no handphone and password" owner="login">
<kw name="Given user visit E-Proc1000s Login Page" owner="pom_login_eProc">
<kw name="Get Location" owner="SeleniumLibrary">
<msg time="2025-03-13T13:17:02.751297" level="INFO">${current_url} = https://developer.1000saudara.com/project1000s</msg>
<var>${current_url}</var>
<doc>Returns the current browser window URL.</doc>
<status status="PASS" start="2025-03-13T13:17:02.742546" elapsed="0.008827"/>
</kw>
<kw name="Log" owner="BuiltIn">
<msg time="2025-03-13T13:17:02.751945" level="INFO">Current Path: https://developer.1000saudara.com/project1000s</msg>
<arg>Current Path: ${current_url}</arg>
<doc>Logs the given message with the given level.</doc>
<status status="PASS" start="2025-03-13T13:17:02.751641" elapsed="0.000407"/>
</kw>
<kw name="general return status" owner="generalFunct">
<kw name="Run Keyword And Return Status" owner="BuiltIn">
<kw name="Wait Until Element Is Visible" owner="SeleniumLibrary">
<arg>${locator}</arg>
<arg>timeout=5s</arg>
<doc>Waits until the element ``locator`` is visible.</doc>
<status status="PASS" start="2025-03-13T13:17:02.754155" elapsed="0.047314"/>
</kw>
<msg time="2025-03-13T13:17:02.801667" level="INFO">${res} = True</msg>
<var>${res}</var>
<arg>Wait Until Element Is Visible</arg>
<arg>${locator}</arg>
<arg>timeout=5s</arg>
<doc>Runs the given keyword with given arguments and returns the status as a Boolean value.</doc>
<status status="PASS" start="2025-03-13T13:17:02.753452" elapsed="0.048268"/>
</kw>
<return>
<value>${res}</value>
<status status="PASS" start="2025-03-13T13:17:02.802003" elapsed="0.000082"/>
</return>
<msg time="2025-03-13T13:17:02.802304" level="INFO">${res} = True</msg>
<var>${res}</var>
<arg>${headerLogin}</arg>
<status status="PASS" start="2025-03-13T13:17:02.752471" elapsed="0.049881"/>
</kw>
<while condition="${res} == $False">
<iter>
<kw name="Reload Page" owner="SeleniumLibrary">
<doc>Simulates user reloading page.</doc>
<status status="NOT RUN" start="2025-03-13T13:17:02.802963" elapsed="0.000049"/>
</kw>
<kw name="Sleep" owner="BuiltIn">
<arg>2s</arg>
<doc>Pauses the test executed for the given time.</doc>
<status status="NOT RUN" start="2025-03-13T13:17:02.803172" elapsed="0.000047"/>
</kw>
<kw name="general return status" owner="generalFunct">
<var>${res}</var>
<arg>${headerLogin}</arg>
<status status="NOT RUN" start="2025-03-13T13:17:02.803439" elapsed="0.000051"/>
</kw>
<status status="NOT RUN" start="2025-03-13T13:17:02.802456" elapsed="0.001116"/>
</iter>
<status status="NOT RUN" start="2025-03-13T13:17:02.802453" elapsed="0.001179"/>
</while>
<status status="PASS" start="2025-03-13T13:17:02.742008" elapsed="0.061733"/>
</kw>
<kw name="When without fill no handphone and password" owner="pom_login_eProc">
<kw name="general Wait Until" owner="generalFunct">
<kw name="Wait Until Element Is Visible" owner="SeleniumLibrary">
<arg>${locator}</arg>
<arg>timeout=5s</arg>
<doc>Waits until the element ``locator`` is visible.</doc>
<status status="PASS" start="2025-03-13T13:17:02.804827" elapsed="0.032419"/>
</kw>
<kw name="Sleep" owner="BuiltIn">
<msg time="2025-03-13T13:17:07.838745" level="INFO">Slept 5 seconds.</msg>
<arg>5</arg>
<doc>Pauses the test executed for the given time.</doc>
<status status="PASS" start="2025-03-13T13:17:02.837655" elapsed="5.001468"/>
</kw>
<arg>${buttonMasuk}</arg>
<status status="PASS" start="2025-03-13T13:17:02.804447" elapsed="5.035131"/>
</kw>
<kw name="user click element" owner="generalFunct">
<kw name="Sleep" owner="BuiltIn">
<msg time="2025-03-13T13:17:12.843216" level="INFO">Slept 5 seconds.</msg>
<arg>5</arg>
<doc>Pauses the test executed for the given time.</doc>
<status status="PASS" start="2025-03-13T13:17:07.841888" elapsed="5.001558"/>
</kw>
<kw name="Wait Until Element Is Visible" owner="SeleniumLibrary">
<arg>${element}</arg>
<doc>Waits until the element ``locator`` is visible.</doc>
<status status="PASS" start="2025-03-13T13:17:12.843892" elapsed="0.025952"/>
</kw>
<kw name="Click Element" owner="SeleniumLibrary">
<msg time="2025-03-13T13:17:12.870804" level="INFO">Clicking element 'xpath=//button[@type='button']//span[contains(text(), 'Masuk')]//ancestor::button'.</msg>
<msg time="2025-03-13T13:17:12.967145" level="INFO">${clickElement} = None</msg>
<var>${clickElement}</var>
<arg>${element}</arg>
<doc>Click the element identified by ``locator``.</doc>
<status status="PASS" start="2025-03-13T13:17:12.870305" elapsed="0.096952"/>
</kw>
<return>
<value>${clickElement}</value>
<status status="PASS" start="2025-03-13T13:17:12.967449" elapsed="0.000108"/>
</return>
<arg>${buttonMasuk}</arg>
<status status="PASS" start="2025-03-13T13:17:07.840428" elapsed="5.127465"/>
</kw>
<kw name="general return status" owner="generalFunct">
<kw name="Run Keyword And Return Status" owner="BuiltIn">
<kw name="Wait Until Element Is Visible" owner="SeleniumLibrary">
<arg>${locator}</arg>
<arg>timeout=5s</arg>
<doc>Waits until the element ``locator`` is visible.</doc>
<status status="PASS" start="2025-03-13T13:17:12.969215" elapsed="0.034535"/>
</kw>
<msg time="2025-03-13T13:17:13.004051" level="INFO">${res} = True</msg>
<var>${res}</var>
<arg>Wait Until Element Is Visible</arg>
<arg>${locator}</arg>
<arg>timeout=5s</arg>
<doc>Runs the given keyword with given arguments and returns the status as a Boolean value.</doc>
<status status="PASS" start="2025-03-13T13:17:12.968941" elapsed="0.035230"/>
</kw>
<return>
<value>${res}</value>
<status status="PASS" start="2025-03-13T13:17:13.004401" elapsed="0.000128"/>
</return>
<msg time="2025-03-13T13:17:13.005280" level="INFO">${res} = True</msg>
<var>${res}</var>
<arg>${inputPassword}</arg>
<status status="PASS" start="2025-03-13T13:17:12.968299" elapsed="0.037136"/>
</kw>
<if>
<branch type="IF" condition="${res}">
<kw name="general Wait Until" owner="generalFunct">
<kw name="Wait Until Element Is Visible" owner="SeleniumLibrary">
<arg>${locator}</arg>
<arg>timeout=5s</arg>
<doc>Waits until the element ``locator`` is visible.</doc>
<status status="PASS" start="2025-03-13T13:17:13.006687" elapsed="0.027456"/>
</kw>
<kw name="Sleep" owner="BuiltIn">
<msg time="2025-03-13T13:17:18.035551" level="INFO">Slept 5 seconds.</msg>
<arg>5</arg>
<doc>Pauses the test executed for the given time.</doc>
<status status="PASS" start="2025-03-13T13:17:13.034560" elapsed="5.001367"/>
</kw>
<arg>${buttonMasuk}</arg>
<status status="PASS" start="2025-03-13T13:17:13.006207" elapsed="5.030125"/>
</kw>
<kw name="Sleep" owner="BuiltIn">
<msg time="2025-03-13T13:17:22.038448" level="INFO">Slept 4 seconds.</msg>
<arg>4</arg>
<doc>Pauses the test executed for the given time.</doc>
<status status="PASS" start="2025-03-13T13:17:18.036983" elapsed="4.001842"/>
</kw>
<kw name="user click element" owner="generalFunct">
<kw name="Sleep" owner="BuiltIn">
<msg time="2025-03-13T13:17:27.041795" level="INFO">Slept 5 seconds.</msg>
<arg>5</arg>
<doc>Pauses the test executed for the given time.</doc>
<status status="PASS" start="2025-03-13T13:17:22.040928" elapsed="5.001249"/>
</kw>
<kw name="Wait Until Element Is Visible" owner="SeleniumLibrary">
<arg>${element}</arg>
<doc>Waits until the element ``locator`` is visible.</doc>
<status status="PASS" start="2025-03-13T13:17:27.042951" elapsed="0.054044"/>
</kw>
<kw name="Click Element" owner="SeleniumLibrary">
<msg time="2025-03-13T13:17:27.097926" level="INFO">Clicking element 'xpath=//button[@type='button']//span[contains(text(), 'Masuk')]//ancestor::button'.</msg>
<msg time="2025-03-13T13:17:27.199529" level="INFO">${clickElement} = None</msg>
<var>${clickElement}</var>
<arg>${element}</arg>
<doc>Click the element identified by ``locator``.</doc>
<status status="PASS" start="2025-03-13T13:17:27.097423" elapsed="0.102178"/>
</kw>
<return>
<value>${clickElement}</value>
<status status="PASS" start="2025-03-13T13:17:27.199736" elapsed="0.000082"/>
</return>
<arg>${buttonMasuk}</arg>
<status status="PASS" start="2025-03-13T13:17:22.039717" elapsed="5.160311"/>
</kw>
<status status="PASS" start="2025-03-13T13:17:13.005808" elapsed="14.194301"/>
</branch>
<branch type="ELSE">
<kw name="user visit E-Proc1000s Login Page" owner="pom_login_eProc">
<status status="NOT RUN" start="2025-03-13T13:17:27.200490" elapsed="0.000058"/>
</kw>
<status status="NOT RUN" start="2025-03-13T13:17:27.200186" elapsed="0.000422"/>
</branch>
<status status="PASS" start="2025-03-13T13:17:13.005741" elapsed="14.194926"/>
</if>
<status status="PASS" start="2025-03-13T13:17:02.804076" elapsed="24.396682"/>
</kw>
<kw name="Then show message error" owner="generalFunct">
<kw name="general return status" owner="generalFunct">
<kw name="Run Keyword And Return Status" owner="BuiltIn">
<kw name="Wait Until Element Is Visible" owner="SeleniumLibrary">
<arg>${locator}</arg>
<arg>timeout=5s</arg>
<doc>Waits until the element ``locator`` is visible.</doc>
<status status="PASS" start="2025-03-13T13:17:27.202181" elapsed="0.030353"/>
</kw>
<msg time="2025-03-13T13:17:27.232735" level="INFO">${res} = True</msg>
<var>${res}</var>
<arg>Wait Until Element Is Visible</arg>
<arg>${locator}</arg>
<arg>timeout=5s</arg>
<doc>Runs the given keyword with given arguments and returns the status as a Boolean value.</doc>
<status status="PASS" start="2025-03-13T13:17:27.201920" elapsed="0.030866"/>
</kw>
<return>
<value>${res}</value>
<status status="PASS" start="2025-03-13T13:17:27.232891" elapsed="0.000083"/>
</return>
<msg time="2025-03-13T13:17:27.233206" level="INFO">${label} = True</msg>
<var>${label}</var>
<arg>xpath=//div[@class='mb-20px']//parent::div/label[contains(text(), 'Nomor')]</arg>
<status status="PASS" start="2025-03-13T13:17:27.201510" elapsed="0.031743"/>
</kw>
<if>
<branch type="IF" condition="${label}">
<kw name="general Wait Until" owner="generalFunct">
<kw name="Wait Until Element Is Visible" owner="SeleniumLibrary">
<arg>${locator}</arg>
<arg>timeout=5s</arg>
<doc>Waits until the element ``locator`` is visible.</doc>
<status status="PASS" start="2025-03-13T13:17:27.234172" elapsed="0.038726"/>
</kw>
<kw name="Sleep" owner="BuiltIn">
<msg time="2025-03-13T13:17:32.274077" level="INFO">Slept 5 seconds.</msg>
<arg>5</arg>
<doc>Pauses the test executed for the given time.</doc>
<status status="PASS" start="2025-03-13T13:17:27.273153" elapsed="5.001300"/>
</kw>
<arg>${errMessageLabel}</arg>
<status status="PASS" start="2025-03-13T13:17:27.233757" elapsed="5.041096"/>
</kw>
<kw name="Get Text" owner="SeleniumLibrary">
<msg time="2025-03-13T13:17:32.350654" level="INFO">${err} = No. Handphone harus diisi</msg>
<var>${err}</var>
<arg>${errMessageLabel}</arg>
<doc>Returns the text value of the element identified by ``locator``.</doc>
<status status="PASS" start="2025-03-13T13:17:32.275453" elapsed="0.075303"/>
</kw>
<kw name="Set Global Variable" owner="BuiltIn">
<msg time="2025-03-13T13:17:32.353184" level="INFO">${err_text} = No. Handphone harus diisi</msg>
<arg>${err_text}</arg>
<arg>${err}</arg>
<doc>Makes a variable available globally in all tests and suites.</doc>
<status status="PASS" start="2025-03-13T13:17:32.351146" elapsed="0.002166"/>
</kw>
<kw name="Log To Console" owner="BuiltIn">
<arg>${\n}Error Message : ${err}</arg>
<doc>Logs the given message to the console.</doc>
<status status="PASS" start="2025-03-13T13:17:32.353610" elapsed="0.001393"/>
</kw>
<status status="PASS" start="2025-03-13T13:17:27.233479" elapsed="5.121831"/>
</branch>
<branch type="ELSE">
<kw name="general Wait Until" owner="generalFunct">
<arg>${errMessageLabel}</arg>
<status status="NOT RUN" start="2025-03-13T13:17:32.356004" elapsed="0.000103"/>
</kw>
<kw name="Get Text" owner="SeleniumLibrary">
<var>${err}</var>
<arg>${errMessageLabel}</arg>
<doc>Returns the text value of the element identified by ``locator``.</doc>
<status status="NOT RUN" start="2025-03-13T13:17:32.356386" elapsed="0.000068"/>
</kw>
<kw name="Set Global Variable" owner="BuiltIn">
<arg>${err_text}</arg>
<arg>${err}</arg>
<doc>Makes a variable available globally in all tests and suites.</doc>
<status status="NOT RUN" start="2025-03-13T13:17:32.356710" elapsed="0.000071"/>
</kw>
<kw name="Log To Console" owner="BuiltIn">
<arg>${\n}Error Message : ${err}</arg>
<doc>Logs the given message to the console.</doc>
<status status="NOT RUN" start="2025-03-13T13:17:32.357027" elapsed="0.000063"/>
</kw>
<status status="NOT RUN" start="2025-03-13T13:17:32.355533" elapsed="0.001650"/>
</branch>
<status status="PASS" start="2025-03-13T13:17:27.233443" elapsed="5.123827"/>
</if>
<status status="PASS" start="2025-03-13T13:17:27.201092" elapsed="5.156310"/>
</kw>
<status status="PASS" start="2025-03-13T13:17:02.741300" elapsed="29.616228"/>
</kw>
<kw name="End Web Test" owner="web_eProc" type="TEARDOWN">
<kw name="Log" owner="BuiltIn">
<msg time="2025-03-13T13:17:32.359145" level="INFO">Suite teardown initiated</msg>
<arg>Suite teardown initiated</arg>
<doc>Logs the given message with the given level.</doc>
<status status="PASS" start="2025-03-13T13:17:32.358897" elapsed="0.000383"/>
</kw>
<kw name="Close Browser" owner="SeleniumLibrary">
<doc>Closes the current browser.</doc>
<status status="PASS" start="2025-03-13T13:17:32.359546" elapsed="2.212350"/>
</kw>
<doc>Closes the browser after all tests in the suite have run</doc>
<status status="PASS" start="2025-03-13T13:17:32.358324" elapsed="2.214049"/>
</kw>
<doc>This scenario test User login without fill no handphone and password</doc>
<tag>1000s</tag>
<tag>login invalid</tag>
<tag>test</tag>
<status status="PASS" start="2025-03-13T13:16:57.013987" elapsed="37.559214"/>
</test>
<test id="s1-t3" name="Test Login Without fill Password" line="22">
<kw name="Begin Web Test" owner="web_eProc" type="SETUP">
<kw name="Open Browser" owner="SeleniumLibrary">
<msg time="2025-03-13T13:17:34.581479" level="INFO">Opening browser 'headlesschrome' to base url 'about:blank'.</msg>
<arg>about:blank</arg>
<arg>${BROWSER}</arg>
<doc>Opens a new browser instance to the optional ``url``.</doc>
<status status="PASS" start="2025-03-13T13:17:34.580709" elapsed="2.110204"/>
</kw>
<kw name="Execute Javascript" owner="SeleniumLibrary">
<msg time="2025-03-13T13:17:36.691821" level="INFO">Executing JavaScript:
document.body.style.transform = 'scale(0.67)'; document.body.style.transformOrigin = '0 0';
Without any arguments.</msg>
<arg>document.body.style.transform = 'scale(0.67)'; document.body.style.transformOrigin = '0 0';</arg>
<doc>Executes the given JavaScript code with possible arguments.</doc>
<status status="PASS" start="2025-03-13T13:17:36.691176" elapsed="0.014062"/>
</kw>
<kw name="Go To" owner="SeleniumLibrary">
<msg time="2025-03-13T13:17:36.705972" level="INFO">Opening url 'https://developer.1000saudara.com/project1000s'</msg>
<arg>${URL_DEV}</arg>
<doc>Navigates the current browser window to the provided ``url``.</doc>
<status status="PASS" start="2025-03-13T13:17:36.705640" elapsed="2.124424"/>
</kw>
<status status="PASS" start="2025-03-13T13:17:34.579507" elapsed="4.250788"/>
</kw>
<kw name="User login without fill password" owner="login">
<kw name="Given user visit E-Proc1000s Login Page" owner="pom_login_eProc">
<kw name="Get Location" owner="SeleniumLibrary">
<msg time="2025-03-13T13:17:38.866120" level="INFO">${current_url} = https://developer.1000saudara.com/project1000s</msg>
<var>${current_url}</var>
<doc>Returns the current browser window URL.</doc>
<status status="PASS" start="2025-03-13T13:17:38.832745" elapsed="0.033472"/>
</kw>
<kw name="Log" owner="BuiltIn">
<msg time="2025-03-13T13:17:38.866920" level="INFO">Current Path: https://developer.1000saudara.com/project1000s</msg>
<arg>Current Path: ${current_url}</arg>
<doc>Logs the given message with the given level.</doc>
<status status="PASS" start="2025-03-13T13:17:38.866574" elapsed="0.000474"/>
</kw>
<kw name="general return status" owner="generalFunct">
<kw name="Run Keyword And Return Status" owner="BuiltIn">
<kw name="Wait Until Element Is Visible" owner="SeleniumLibrary">
<arg>${locator}</arg>
<arg>timeout=5s</arg>
<doc>Waits until the element ``locator`` is visible.</doc>
<status status="PASS" start="2025-03-13T13:17:38.868407" elapsed="0.244509"/>
</kw>
<msg time="2025-03-13T13:17:39.113131" level="INFO">${res} = True</msg>
<var>${res}</var>
<arg>Wait Until Element Is Visible</arg>
<arg>${locator}</arg>
<arg>timeout=5s</arg>
<doc>Runs the given keyword with given arguments and returns the status as a Boolean value.</doc>
<status status="PASS" start="2025-03-13T13:17:38.868048" elapsed="0.245134"/>
</kw>
<return>
<value>${res}</value>
<status status="PASS" start="2025-03-13T13:17:39.113298" elapsed="0.000078"/>
</return>
<msg time="2025-03-13T13:17:39.113598" level="INFO">${res} = True</msg>
<var>${res}</var>
<arg>${headerLogin}</arg>
<status status="PASS" start="2025-03-13T13:17:38.867409" elapsed="0.246236"/>
</kw>
<while condition="${res} == $False">
<iter>
<kw name="Reload Page" owner="SeleniumLibrary">
<doc>Simulates user reloading page.</doc>
<status status="NOT RUN" start="2025-03-13T13:17:39.114221" elapsed="0.000047"/>
</kw>
<kw name="Sleep" owner="BuiltIn">
<arg>2s</arg>
<doc>Pauses the test executed for the given time.</doc>
<status status="NOT RUN" start="2025-03-13T13:17:39.114420" elapsed="0.000050"/>
</kw>
<kw name="general return status" owner="generalFunct">
<var>${res}</var>
<arg>${headerLogin}</arg>
<status status="NOT RUN" start="2025-03-13T13:17:39.114691" elapsed="0.000049"/>
</kw>
<status status="NOT RUN" start="2025-03-13T13:17:39.113746" elapsed="0.001058"/>
</iter>
<status status="NOT RUN" start="2025-03-13T13:17:39.113744" elapsed="0.001114"/>
</while>
<status status="PASS" start="2025-03-13T13:17:38.831960" elapsed="0.283136"/>
</kw>
<kw name="When without filling any of them" owner="pom_login_eProc">
<kw name="general Wait Until" owner="generalFunct">
<kw name="Wait Until Element Is Visible" owner="SeleniumLibrary">
<arg>${locator}</arg>
<arg>timeout=5s</arg>
<doc>Waits until the element ``locator`` is visible.</doc>
<status status="PASS" start="2025-03-13T13:17:39.116234" elapsed="0.030933"/>
</kw>
<kw name="Sleep" owner="BuiltIn">
<msg time="2025-03-13T13:17:44.148372" level="INFO">Slept 5 seconds.</msg>
<arg>5</arg>
<doc>Pauses the test executed for the given time.</doc>
<status status="PASS" start="2025-03-13T13:17:39.147427" elapsed="5.001315"/>
</kw>
<arg>${loc_text}</arg>
<status status="PASS" start="2025-03-13T13:17:39.115880" elapsed="5.033263"/>
</kw>
<kw name="Element Should Be Visible" owner="SeleniumLibrary">
<msg time="2025-03-13T13:17:44.197017" level="INFO">Element 'xpath=//input[@id='TxtPhone']' is displayed.</msg>
<arg>${loc_text}</arg>
<arg>${text}</arg>
<doc>Verifies that the element identified by ``locator`` is visible.</doc>
<status status="PASS" start="2025-03-13T13:17:44.149808" elapsed="0.047441"/>
</kw>
<kw name="general return status" owner="generalFunct">
<kw name="Run Keyword And Return Status" owner="BuiltIn">
<kw name="Wait Until Element Is Visible" owner="SeleniumLibrary">
<arg>${locator}</arg>
<arg>timeout=5s</arg>
<doc>Waits until the element ``locator`` is visible.</doc>
<status status="PASS" start="2025-03-13T13:17:44.199160" elapsed="0.044561"/>
</kw>
<msg time="2025-03-13T13:17:44.243929" level="INFO">${res} = True</msg>
<var>${res}</var>
<arg>Wait Until Element Is Visible</arg>
<arg>${locator}</arg>
<arg>timeout=5s</arg>
<doc>Runs the given keyword with given arguments and returns the status as a Boolean value.</doc>
<status status="PASS" start="2025-03-13T13:17:44.198693" elapsed="0.045286"/>
</kw>
<return>
<value>${res}</value>
<status status="PASS" start="2025-03-13T13:17:44.244091" elapsed="0.000073"/>
</return>
<msg time="2025-03-13T13:17:44.244387" level="INFO">${res} = True</msg>
<var>${res}</var>
<arg>${inputPassword}</arg>
<status status="PASS" start="2025-03-13T13:17:44.197773" elapsed="0.046661"/>
</kw>
<if>
<branch type="IF" condition="${res}">
<kw name="general Wait Until" owner="generalFunct">
<kw name="Wait Until Element Is Visible" owner="SeleniumLibrary">
<arg>${locator}</arg>
<arg>timeout=5s</arg>
<doc>Waits until the element ``locator`` is visible.</doc>
<status status="PASS" start="2025-03-13T13:17:44.245285" elapsed="0.021071"/>
</kw>
<kw name="Sleep" owner="BuiltIn">
<msg time="2025-03-13T13:17:49.267231" level="INFO">Slept 5 seconds.</msg>
<arg>5</arg>
<doc>Pauses the test executed for the given time.</doc>
<status status="PASS" start="2025-03-13T13:17:44.266627" elapsed="5.000758"/>
</kw>
<arg>${loc_text}</arg>
<status status="PASS" start="2025-03-13T13:17:44.244845" elapsed="5.022698"/>
</kw>
<kw name="Sleep" owner="BuiltIn">
<msg time="2025-03-13T13:17:53.268330" level="INFO">Slept 4 seconds.</msg>
<arg>4</arg>
<doc>Pauses the test executed for the given time.</doc>
<status status="PASS" start="2025-03-13T13:17:49.267788" elapsed="4.000694"/>
</kw>
<kw name="user input text" owner="generalFunct">
<kw name="Wait Until Element Is Visible" owner="SeleniumLibrary">
<arg>${locator}</arg>
<doc>Waits until the element ``locator`` is visible.</doc>
<status status="PASS" start="2025-03-13T13:17:53.269362" elapsed="0.028843"/>
</kw>
<kw name="Input Text" owner="SeleniumLibrary">
<msg time="2025-03-13T13:17:53.299126" level="INFO">Typing text '085210758864' into text field 'xpath=//input[@id='TxtPhone']'.</msg>
<arg>${locator}</arg>
<arg>${text}</arg>
<doc>Types the given ``text`` into the text field identified by ``locator``.</doc>
<status status="PASS" start="2025-03-13T13:17:53.298598" elapsed="0.223358"/>
</kw>
<kw name="Sleep" owner="BuiltIn">
<msg time="2025-03-13T13:17:58.523306" level="INFO">Slept 5 seconds.</msg>
<arg>5</arg>
<doc>Pauses the test executed for the given time.</doc>
<status status="PASS" start="2025-03-13T13:17:53.522333" elapsed="5.001278"/>
</kw>
<arg>${loc_text}</arg>
<arg>${text}</arg>
<status status="PASS" start="2025-03-13T13:17:53.268794" elapsed="5.255173"/>
</kw>
<kw name="user click element" owner="generalFunct">
<kw name="Sleep" owner="BuiltIn">
<msg time="2025-03-13T13:18:03.526212" level="INFO">Slept 5 seconds.</msg>
<arg>5</arg>
<doc>Pauses the test executed for the given time.</doc>
<status status="PASS" start="2025-03-13T13:17:58.525287" elapsed="5.001296"/>
</kw>
<kw name="Wait Until Element Is Visible" owner="SeleniumLibrary">
<arg>${element}</arg>
<doc>Waits until the element ``locator`` is visible.</doc>
<status status="PASS" start="2025-03-13T13:18:03.527332" elapsed="0.061419"/>
</kw>
<kw name="Click Element" owner="SeleniumLibrary">
<msg time="2025-03-13T13:18:03.589830" level="INFO">Clicking element 'xpath=//button[@type='button']//span[contains(text(), 'Masuk')]//ancestor::button'.</msg>
<msg time="2025-03-13T13:18:03.687599" level="INFO">${clickElement} = None</msg>
<var>${clickElement}</var>
<arg>${element}</arg>
<doc>Click the element identified by ``locator``.</doc>
<status status="PASS" start="2025-03-13T13:18:03.589231" elapsed="0.098510"/>
</kw>
<return>
<value>${clickElement}</value>
<status status="PASS" start="2025-03-13T13:18:03.687872" elapsed="0.000123"/>
</return>
<arg>${buttonMasuk}</arg>
<status status="PASS" start="2025-03-13T13:17:58.524569" elapsed="5.163764"/>
</kw>
<status status="PASS" start="2025-03-13T13:17:44.244569" elapsed="19.443852"/>
</branch>
<branch type="ELSE">
<kw name="user visit E-Proc1000s Login Page" owner="pom_login_eProc">
<status status="NOT RUN" start="2025-03-13T13:18:03.688807" elapsed="0.000058"/>
</kw>
<status status="NOT RUN" start="2025-03-13T13:18:03.688498" elapsed="0.000432"/>
</branch>
<status status="PASS" start="2025-03-13T13:17:44.244537" elapsed="19.444452"/>
</if>
<arg>${inputUsername}</arg>
<arg>${ROLE_ADMIN}</arg>
<status status="PASS" start="2025-03-13T13:17:39.115411" elapsed="24.573826"/>
</kw>
<kw name="Then show message error" owner="generalFunct">
<kw name="general return status" owner="generalFunct">
<kw name="Run Keyword And Return Status" owner="BuiltIn">
<kw name="Wait Until Element Is Visible" owner="SeleniumLibrary">
<arg>${locator}</arg>
<arg>timeout=5s</arg>
<doc>Waits until the element ``locator`` is visible.</doc>
<status status="PASS" start="2025-03-13T13:18:03.691467" elapsed="0.031417"/>
</kw>
<msg time="2025-03-13T13:18:03.723192" level="INFO">${res} = True</msg>
<var>${res}</var>
<arg>Wait Until Element Is Visible</arg>
<arg>${locator}</arg>
<arg>timeout=5s</arg>
<doc>Runs the given keyword with given arguments and returns the status as a Boolean value.</doc>
<status status="PASS" start="2025-03-13T13:18:03.691078" elapsed="0.032204"/>
</kw>
<return>
<value>${res}</value>
<status status="PASS" start="2025-03-13T13:18:03.723469" elapsed="0.000113"/>
</return>
<msg time="2025-03-13T13:18:03.723943" level="INFO">${label} = True</msg>
<var>${label}</var>
<arg>xpath=//div[@class='mb-20px']//parent::div/label[contains(text(), 'Nomor')]</arg>
<status status="PASS" start="2025-03-13T13:18:03.690601" elapsed="0.033427"/>
</kw>
<if>
<branch type="IF" condition="${label}">
<kw name="general Wait Until" owner="generalFunct">
<kw name="Wait Until Element Is Visible" owner="SeleniumLibrary">
<arg>${locator}</arg>
<arg>timeout=5s</arg>
<doc>Waits until the element ``locator`` is visible.</doc>
<status status="PASS" start="2025-03-13T13:18:03.725442" elapsed="0.931986"/>
</kw>
<kw name="Sleep" owner="BuiltIn">
<msg time="2025-03-13T13:18:09.659317" level="INFO">Slept 5 seconds.</msg>
<arg>5</arg>
<doc>Pauses the test executed for the given time.</doc>
<status status="PASS" start="2025-03-13T13:18:04.658078" elapsed="5.001608"/>
</kw>
<arg>${errMessageLabel}</arg>
<status status="PASS" start="2025-03-13T13:18:03.724693" elapsed="5.935398"/>
</kw>
<kw name="Get Text" owner="SeleniumLibrary">
<msg time="2025-03-13T13:18:09.741297" level="INFO">${err} = Password harus diisi</msg>
<var>${err}</var>
<arg>${errMessageLabel}</arg>
<doc>Returns the text value of the element identified by ``locator``.</doc>
<status status="PASS" start="2025-03-13T13:18:09.660967" elapsed="0.080413"/>
</kw>
<kw name="Set Global Variable" owner="BuiltIn">
<msg time="2025-03-13T13:18:09.742125" level="INFO">${err_text} = Password harus diisi</msg>
<arg>${err_text}</arg>
<arg>${err}</arg>
<doc>Makes a variable available globally in all tests and suites.</doc>
<status status="PASS" start="2025-03-13T13:18:09.741693" elapsed="0.000534"/>
</kw>
<kw name="Log To Console" owner="BuiltIn">
<arg>${\n}Error Message : ${err}</arg>
<doc>Logs the given message to the console.</doc>
<status status="PASS" start="2025-03-13T13:18:09.742462" elapsed="0.001156"/>
</kw>
<status status="PASS" start="2025-03-13T13:18:03.724256" elapsed="6.019575"/>
</branch>
<branch type="ELSE">
<kw name="general Wait Until" owner="generalFunct">
<arg>${errMessageLabel}</arg>
<status status="NOT RUN" start="2025-03-13T13:18:09.744260" elapsed="0.000092"/>
</kw>
<kw name="Get Text" owner="SeleniumLibrary">
<var>${err}</var>
<arg>${errMessageLabel}</arg>
<doc>Returns the text value of the element identified by ``locator``.</doc>
<status status="NOT RUN" start="2025-03-13T13:18:09.744582" elapsed="0.000054"/>
</kw>
<kw name="Set Global Variable" owner="BuiltIn">
<arg>${err_text}</arg>
<arg>${err}</arg>
<doc>Makes a variable available globally in all tests and suites.</doc>
<status status="NOT RUN" start="2025-03-13T13:18:09.744856" elapsed="0.000057"/>
</kw>
<kw name="Log To Console" owner="BuiltIn">
<arg>${\n}Error Message : ${err}</arg>
<doc>Logs the given message to the console.</doc>
<status status="NOT RUN" start="2025-03-13T13:18:09.745099" elapsed="0.000049"/>
</kw>
<status status="NOT RUN" start="2025-03-13T13:18:09.743939" elapsed="0.001282"/>
</branch>
<status status="PASS" start="2025-03-13T13:18:03.724204" elapsed="6.021086"/>
</if>
<status status="PASS" start="2025-03-13T13:18:03.689920" elapsed="6.055478"/>
</kw>
<kw name="And Should Be Equal" owner="BuiltIn">
<arg>${err_text}</arg>
<arg>Password harus diisi</arg>
<doc>Fails if the given objects are unequal.</doc>
<status status="PASS" start="2025-03-13T13:18:09.745625" elapsed="0.000353"/>
</kw>
<status status="PASS" start="2025-03-13T13:17:38.830959" elapsed="30.915157"/>
</kw>
<kw name="End Web Test" owner="web_eProc" type="TEARDOWN">
<kw name="Log" owner="BuiltIn">
<msg time="2025-03-13T13:18:09.747439" level="INFO">Suite teardown initiated</msg>
<arg>Suite teardown initiated</arg>
<doc>Logs the given message with the given level.</doc>
<status status="PASS" start="2025-03-13T13:18:09.747251" elapsed="0.000281"/>
</kw>
<kw name="Close Browser" owner="SeleniumLibrary">
<doc>Closes the current browser.</doc>
<status status="PASS" start="2025-03-13T13:18:09.747750" elapsed="2.579130"/>
</kw>
<doc>Closes the browser after all tests in the suite have run</doc>
<status status="PASS" start="2025-03-13T13:18:09.746770" elapsed="2.580586"/>
</kw>
<doc>This scenario test User login without fill password</doc>
<tag>1000s</tag>
<tag>login invalid</tag>
<tag>test</tag>
<status status="PASS" start="2025-03-13T13:17:34.577219" elapsed="37.750963"/>
</test>
<test id="s1-t4" name="Test Login Without fill No Handphone" line="27">
<kw name="Begin Web Test" owner="web_eProc" type="SETUP">
<kw name="Open Browser" owner="SeleniumLibrary">
<msg time="2025-03-13T13:18:12.336209" level="INFO">Opening browser 'headlesschrome' to base url 'about:blank'.</msg>
<arg>about:blank</arg>
<arg>${BROWSER}</arg>
<doc>Opens a new browser instance to the optional ``url``.</doc>
<status status="PASS" start="2025-03-13T13:18:12.335428" elapsed="1.924218"/>
</kw>
<kw name="Execute Javascript" owner="SeleniumLibrary">
<msg time="2025-03-13T13:18:14.261360" level="INFO">Executing JavaScript:
document.body.style.transform = 'scale(0.67)'; document.body.style.transformOrigin = '0 0';
Without any arguments.</msg>
<arg>document.body.style.transform = 'scale(0.67)'; document.body.style.transformOrigin = '0 0';</arg>
<doc>Executes the given JavaScript code with possible arguments.</doc>
<status status="PASS" start="2025-03-13T13:18:14.260304" elapsed="0.014152"/>
</kw>
<kw name="Go To" owner="SeleniumLibrary">
<msg time="2025-03-13T13:18:14.275437" level="INFO">Opening url 'https://developer.1000saudara.com/project1000s'</msg>
<arg>${URL_DEV}</arg>
<doc>Navigates the current browser window to the provided ``url``.</doc>
<status status="PASS" start="2025-03-13T13:18:14.274996" elapsed="3.373000"/>
</kw>
<status status="PASS" start="2025-03-13T13:18:12.334236" elapsed="5.313938"/>
</kw>
<kw name="User login without fill no handphone" owner="login">
<kw name="Given user visit E-Proc1000s Login Page" owner="pom_login_eProc">
<kw name="Get Location" owner="SeleniumLibrary">
<msg time="2025-03-13T13:18:17.660272" level="INFO">${current_url} = https://developer.1000saudara.com/project1000s</msg>
<var>${current_url}</var>
<doc>Returns the current browser window URL.</doc>
<status status="PASS" start="2025-03-13T13:18:17.650129" elapsed="0.010257"/>
</kw>
<kw name="Log" owner="BuiltIn">
<msg time="2025-03-13T13:18:17.661235" level="INFO">Current Path: https://developer.1000saudara.com/project1000s</msg>
<arg>Current Path: ${current_url}</arg>
<doc>Logs the given message with the given level.</doc>
<status status="PASS" start="2025-03-13T13:18:17.660824" elapsed="0.000577"/>
</kw>
<kw name="general return status" owner="generalFunct">
<kw name="Run Keyword And Return Status" owner="BuiltIn">
<kw name="Wait Until Element Is Visible" owner="SeleniumLibrary">
<arg>${locator}</arg>
<arg>timeout=5s</arg>
<doc>Waits until the element ``locator`` is visible.</doc>
<status status="PASS" start="2025-03-13T13:18:17.664577" elapsed="0.037841"/>
</kw>
<msg time="2025-03-13T13:18:17.702632" level="INFO">${res} = True</msg>
<var>${res}</var>
<arg>Wait Until Element Is Visible</arg>
<arg>${locator}</arg>
<arg>timeout=5s</arg>
<doc>Runs the given keyword with given arguments and returns the status as a Boolean value.</doc>
<status status="PASS" start="2025-03-13T13:18:17.662651" elapsed="0.040035"/>
</kw>
<return>
<value>${res}</value>
<status status="PASS" start="2025-03-13T13:18:17.702799" elapsed="0.000077"/>
</return>
<msg time="2025-03-13T13:18:17.703090" level="INFO">${res} = True</msg>
<var>${res}</var>
<arg>${headerLogin}</arg>
<status status="PASS" start="2025-03-13T13:18:17.661835" elapsed="0.041308"/>
</kw>
<while condition="${res} == $False">
<iter>
<kw name="Reload Page" owner="SeleniumLibrary">
<doc>Simulates user reloading page.</doc>
<status status="NOT RUN" start="2025-03-13T13:18:17.704276" elapsed="0.000146"/>
</kw>
<kw name="Sleep" owner="BuiltIn">
<arg>2s</arg>
<doc>Pauses the test executed for the given time.</doc>
<status status="NOT RUN" start="2025-03-13T13:18:17.704744" elapsed="0.000065"/>
</kw>
<kw name="general return status" owner="generalFunct">
<var>${res}</var>
<arg>${headerLogin}</arg>
<status status="NOT RUN" start="2025-03-13T13:18:17.705079" elapsed="0.000097"/>
</kw>
<status status="NOT RUN" start="2025-03-13T13:18:17.703244" elapsed="0.002132"/>
</iter>
<status status="NOT RUN" start="2025-03-13T13:18:17.703241" elapsed="0.002255"/>
</while>
<status status="PASS" start="2025-03-13T13:18:17.649440" elapsed="0.056179"/>
</kw>
<kw name="When without filling any of them" owner="pom_login_eProc">
<kw name="general Wait Until" owner="generalFunct">
<kw name="Wait Until Element Is Visible" owner="SeleniumLibrary">
<arg>${locator}</arg>
<arg>timeout=5s</arg>
<doc>Waits until the element ``locator`` is visible.</doc>
<status status="PASS" start="2025-03-13T13:18:17.706794" elapsed="0.026694"/>
</kw>
<kw name="Sleep" owner="BuiltIn">
<msg time="2025-03-13T13:18:22.734925" level="INFO">Slept 5 seconds.</msg>
<arg>5</arg>
<doc>Pauses the test executed for the given time.</doc>
<status status="PASS" start="2025-03-13T13:18:17.733884" elapsed="5.001450"/>
</kw>
<arg>${loc_text}</arg>
<status status="PASS" start="2025-03-13T13:18:17.706411" elapsed="5.029786"/>
</kw>
<kw name="Element Should Be Visible" owner="SeleniumLibrary">
<msg time="2025-03-13T13:18:22.793247" level="INFO">Element 'xpath=//input[@id='pwd']' is displayed.</msg>
<arg>${loc_text}</arg>
<arg>${text}</arg>
<doc>Verifies that the element identified by ``locator`` is visible.</doc>
<status status="PASS" start="2025-03-13T13:18:22.736854" elapsed="0.056730"/>
</kw>
<kw name="general return status" owner="generalFunct">
<kw name="Run Keyword And Return Status" owner="BuiltIn">
<kw name="Wait Until Element Is Visible" owner="SeleniumLibrary">
<arg>${locator}</arg>
<arg>timeout=5s</arg>
<doc>Waits until the element ``locator`` is visible.</doc>
<status status="PASS" start="2025-03-13T13:18:22.796458" elapsed="0.042502"/>
</kw>
<msg time="2025-03-13T13:18:22.839307" level="INFO">${res} = True</msg>
<var>${res}</var>
<arg>Wait Until Element Is Visible</arg>
<arg>${locator}</arg>
<arg>timeout=5s</arg>
<doc>Runs the given keyword with given arguments and returns the status as a Boolean value.</doc>
<status status="PASS" start="2025-03-13T13:18:22.795735" elapsed="0.043666"/>
</kw>
<return>
<value>${res}</value>
<status status="PASS" start="2025-03-13T13:18:22.839579" elapsed="0.000124"/>
</return>
<msg time="2025-03-13T13:18:22.840083" level="INFO">${res} = True</msg>
<var>${res}</var>
<arg>${inputPassword}</arg>
<status status="PASS" start="2025-03-13T13:18:22.794409" elapsed="0.045774"/>
</kw>
<if>
<branch type="IF" condition="${res}">
<kw name="general Wait Until" owner="generalFunct">
<kw name="Wait Until Element Is Visible" owner="SeleniumLibrary">
<arg>${locator}</arg>
<arg>timeout=5s</arg>
<doc>Waits until the element ``locator`` is visible.</doc>
<status status="PASS" start="2025-03-13T13:18:22.841650" elapsed="0.023221"/>
</kw>
<kw name="Sleep" owner="BuiltIn">
<msg time="2025-03-13T13:18:27.866069" level="INFO">Slept 5 seconds.</msg>
<arg>5</arg>
<doc>Pauses the test executed for the given time.</doc>
<status status="PASS" start="2025-03-13T13:18:22.865132" elapsed="5.001307"/>
</kw>
<arg>${loc_text}</arg>
<status status="PASS" start="2025-03-13T13:18:22.840926" elapsed="5.025915"/>
</kw>
<kw name="Sleep" owner="BuiltIn">
<msg time="2025-03-13T13:18:31.868434" level="INFO">Slept 4 seconds.</msg>
<arg>4</arg>
<doc>Pauses the test executed for the given time.</doc>
<status status="PASS" start="2025-03-13T13:18:27.867426" elapsed="4.001466"/>
</kw>
<kw name="user input text" owner="generalFunct">
<kw name="Wait Until Element Is Visible" owner="SeleniumLibrary">
<arg>${locator}</arg>
<doc>Waits until the element ``locator`` is visible.</doc>
<status status="PASS" start="2025-03-13T13:18:31.871475" elapsed="0.056929"/>
</kw>
<kw name="Input Text" owner="SeleniumLibrary">
<msg time="2025-03-13T13:18:31.929864" level="INFO">Typing text '123456' into text field 'xpath=//input[@id='pwd']'.</msg>
<arg>${locator}</arg>
<arg>${text}</arg>
<doc>Types the given ``text`` into the text field identified by ``locator``.</doc>
<status status="PASS" start="2025-03-13T13:18:31.929020" elapsed="0.183138"/>
</kw>
<kw name="Sleep" owner="BuiltIn">
<msg time="2025-03-13T13:18:37.113589" level="INFO">Slept 5 seconds.</msg>
<arg>5</arg>
<doc>Pauses the test executed for the given time.</doc>
<status status="PASS" start="2025-03-13T13:18:32.112545" elapsed="5.001425"/>
</kw>
<arg>${loc_text}</arg>
<arg>${text}</arg>
<status status="PASS" start="2025-03-13T13:18:31.869800" elapsed="5.244590"/>
</kw>
<kw name="user click element" owner="generalFunct">
<kw name="Sleep" owner="BuiltIn">
<msg time="2025-03-13T13:18:42.117362" level="INFO">Slept 5 seconds.</msg>
<arg>5</arg>
<doc>Pauses the test executed for the given time.</doc>
<status status="PASS" start="2025-03-13T13:18:37.116566" elapsed="5.001177"/>
</kw>
<kw name="Wait Until Element Is Visible" owner="SeleniumLibrary">
<arg>${element}</arg>
<doc>Waits until the element ``locator`` is visible.</doc>
<status status="PASS" start="2025-03-13T13:18:42.118411" elapsed="0.061234"/>
</kw>
<kw name="Click Element" owner="SeleniumLibrary">
<msg time="2025-03-13T13:18:42.180443" level="INFO">Clicking element 'xpath=//button[@type='button']//span[contains(text(), 'Masuk')]//ancestor::button'.</msg>
<msg time="2025-03-13T13:18:42.318185" level="INFO">${clickElement} = None</msg>
<var>${clickElement}</var>
<arg>${element}</arg>
<doc>Click the element identified by ``locator``.</doc>
<status status="PASS" start="2025-03-13T13:18:42.180024" elapsed="0.138278"/>
</kw>
<return>
<value>${clickElement}</value>
<status status="PASS" start="2025-03-13T13:18:42.318576" elapsed="0.000157"/>
</return>
<arg>${buttonMasuk}</arg>
<status status="PASS" start="2025-03-13T13:18:37.115169" elapsed="5.204197"/>
</kw>
<status status="PASS" start="2025-03-13T13:18:22.840469" elapsed="19.479100"/>
</branch>
<branch type="ELSE">
<kw name="user visit E-Proc1000s Login Page" owner="pom_login_eProc">
<status status="NOT RUN" start="2025-03-13T13:18:42.320392" elapsed="0.000120"/>
</kw>
<status status="NOT RUN" start="2025-03-13T13:18:42.319762" elapsed="0.000873"/>
</branch>
<status status="PASS" start="2025-03-13T13:18:22.840410" elapsed="19.480351"/>
</if>
<arg>${inputPassword}</arg>
<arg>${PASSWORD}</arg>
<status status="PASS" start="2025-03-13T13:18:17.705923" elapsed="24.615033"/>
</kw>
<kw name="Then show message error" owner="generalFunct">
<kw name="general return status" owner="generalFunct">
<kw name="Run Keyword And Return Status" owner="BuiltIn">
<kw name="Wait Until Element Is Visible" owner="SeleniumLibrary">
<arg>${locator}</arg>
<arg>timeout=5s</arg>
<doc>Waits until the element ``locator`` is visible.</doc>
<status status="PASS" start="2025-03-13T13:18:42.323910" elapsed="0.048589"/>
</kw>
<msg time="2025-03-13T13:18:42.372831" level="INFO">${res} = True</msg>
<var>${res}</var>
<arg>Wait Until Element Is Visible</arg>
<arg>${locator}</arg>
<arg>timeout=5s</arg>
<doc>Runs the given keyword with given arguments and returns the status as a Boolean value.</doc>
<status status="PASS" start="2025-03-13T13:18:42.323240" elapsed="0.049680"/>
</kw>
<return>
<value>${res}</value>
<status status="PASS" start="2025-03-13T13:18:42.373110" elapsed="0.000113"/>
</return>
<msg time="2025-03-13T13:18:42.373593" level="INFO">${label} = True</msg>
<var>${label}</var>
<arg>xpath=//div[@class='mb-20px']//parent::div/label[contains(text(), 'Nomor')]</arg>
<status status="PASS" start="2025-03-13T13:18:42.322395" elapsed="0.051259"/>
</kw>
<if>
<branch type="IF" condition="${label}">
<kw name="general Wait Until" owner="generalFunct">
<kw name="Wait Until Element Is Visible" owner="SeleniumLibrary">
<arg>${locator}</arg>
<arg>timeout=5s</arg>
<doc>Waits until the element ``locator`` is visible.</doc>
<status status="PASS" start="2025-03-13T13:18:42.374534" elapsed="0.754889"/>
</kw>
<kw name="Sleep" owner="BuiltIn">
<msg time="2025-03-13T13:18:48.130987" level="INFO">Slept 5 seconds.</msg>
<arg>5</arg>
<doc>Pauses the test executed for the given time.</doc>
<status status="PASS" start="2025-03-13T13:18:43.129841" elapsed="5.001860"/>
</kw>
<arg>${errMessageLabel}</arg>
<status status="PASS" start="2025-03-13T13:18:42.374105" elapsed="5.758587"/>
</kw>
<kw name="Get Text" owner="SeleniumLibrary">
<msg time="2025-03-13T13:18:48.207196" level="INFO">${err} = No. Handphone harus diisi</msg>
<var>${err}</var>
<arg>${errMessageLabel}</arg>
<doc>Returns the text value of the element identified by ``locator``.</doc>
<status status="PASS" start="2025-03-13T13:18:48.133768" elapsed="0.073534"/>
</kw>
<kw name="Set Global Variable" owner="BuiltIn">
<msg time="2025-03-13T13:18:48.208199" level="INFO">${err_text} = No. Handphone harus diisi</msg>
<arg>${err_text}</arg>
<arg>${err}</arg>
<doc>Makes a variable available globally in all tests and suites.</doc>
<status status="PASS" start="2025-03-13T13:18:48.207690" elapsed="0.000628"/>
</kw>
<kw name="Log To Console" owner="BuiltIn">
<arg>${\n}Error Message : ${err}</arg>
<doc>Logs the given message to the console.</doc>
<status status="PASS" start="2025-03-13T13:18:48.208859" elapsed="0.001489"/>
</kw>
<status status="PASS" start="2025-03-13T13:18:42.373829" elapsed="5.836843"/>
</branch>
<branch type="ELSE">
<kw name="general Wait Until" owner="generalFunct">
<arg>${errMessageLabel}</arg>
<status status="NOT RUN" start="2025-03-13T13:18:48.211315" elapsed="0.000087"/>
</kw>
<kw name="Get Text" owner="SeleniumLibrary">
<var>${err}</var>
<arg>${errMessageLabel}</arg>
<doc>Returns the text value of the element identified by ``locator``.</doc>
<status status="NOT RUN" start="2025-03-13T13:18:48.211703" elapsed="0.000073"/>
</kw>
<kw name="Set Global Variable" owner="BuiltIn">
<arg>${err_text}</arg>
<arg>${err}</arg>
<doc>Makes a variable available globally in all tests and suites.</doc>
<status status="NOT RUN" start="2025-03-13T13:18:48.212062" elapsed="0.000074"/>
</kw>
<kw name="Log To Console" owner="BuiltIn">
<arg>${\n}Error Message : ${err}</arg>
<doc>Logs the given message to the console.</doc>
<status status="NOT RUN" start="2025-03-13T13:18:48.212386" elapsed="0.000073"/>
</kw>
<status status="NOT RUN" start="2025-03-13T13:18:48.210900" elapsed="0.001660"/>
</branch>
<status status="PASS" start="2025-03-13T13:18:42.373791" elapsed="5.838858"/>
</if>
<status status="PASS" start="2025-03-13T13:18:42.321677" elapsed="5.891109"/>
</kw>
<kw name="And Should Be Equal" owner="BuiltIn">
<arg>${err_text}</arg>
<arg>No. Handphone harus diisi</arg>
<doc>Fails if the given objects are unequal.</doc>
<status status="PASS" start="2025-03-13T13:18:48.213086" elapsed="0.000455"/>
</kw>
<status status="PASS" start="2025-03-13T13:18:17.648751" elapsed="30.564984"/>
</kw>
<kw name="End Web Test" owner="web_eProc" type="TEARDOWN">
<kw name="Log" owner="BuiltIn">
<msg time="2025-03-13T13:18:48.215469" level="INFO">Suite teardown initiated</msg>
<arg>Suite teardown initiated</arg>
<doc>Logs the given message with the given level.</doc>
<status status="PASS" start="2025-03-13T13:18:48.215204" elapsed="0.000398"/>
</kw>
<kw name="Close Browser" owner="SeleniumLibrary">
<doc>Closes the current browser.</doc>
<status status="PASS" start="2025-03-13T13:18:48.215928" elapsed="2.239052"/>
</kw>
<doc>Closes the browser after all tests in the suite have run</doc>
<status status="PASS" start="2025-03-13T13:18:48.214556" elapsed="2.240920"/>
</kw>
<doc>This scenario test User login without fill no handphone</doc>
<tag>1000s</tag>
<tag>login invalid</tag>
<tag>test</tag>
<status status="PASS" start="2025-03-13T13:18:12.332026" elapsed="38.124332"/>
</test>
<test id="s1-t5" name="Test Login With invalid No Handphone" line="32">
<kw name="Begin Web Test" owner="web_eProc" type="SETUP">
<kw name="Open Browser" owner="SeleniumLibrary">
<msg time="2025-03-13T13:18:50.464869" level="INFO">Opening browser 'headlesschrome' to base url 'about:blank'.</msg>
<arg>about:blank</arg>
<arg>${BROWSER}</arg>
<doc>Opens a new browser instance to the optional ``url``.</doc>
<status status="PASS" start="2025-03-13T13:18:50.464115" elapsed="2.099925"/>
</kw>
<kw name="Execute Javascript" owner="SeleniumLibrary">
<msg time="2025-03-13T13:18:52.565839" level="INFO">Executing JavaScript:
document.body.style.transform = 'scale(0.67)'; document.body.style.transformOrigin = '0 0';
Without any arguments.</msg>
<arg>document.body.style.transform = 'scale(0.67)'; document.body.style.transformOrigin = '0 0';</arg>
<doc>Executes the given JavaScript code with possible arguments.</doc>
<status status="PASS" start="2025-03-13T13:18:52.564537" elapsed="0.014530"/>
</kw>
<kw name="Go To" owner="SeleniumLibrary">
<msg time="2025-03-13T13:18:52.579870" level="INFO">Opening url 'https://developer.1000saudara.com/project1000s'</msg>
<arg>${URL_DEV}</arg>
<doc>Navigates the current browser window to the provided ``url``.</doc>
<status status="PASS" start="2025-03-13T13:18:52.579470" elapsed="2.533018"/>
</kw>
<status status="PASS" start="2025-03-13T13:18:50.462911" elapsed="4.649893"/>
</kw>
<kw name="User login with invalid no handphone" owner="login">
<kw name="Given user visit E-Proc1000s Login Page" owner="pom_login_eProc">
<kw name="Get Location" owner="SeleniumLibrary">
<msg time="2025-03-13T13:18:55.128627" level="INFO">${current_url} = https://developer.1000saudara.com/project1000s</msg>
<var>${current_url}</var>
<doc>Returns the current browser window URL.</doc>
<status status="PASS" start="2025-03-13T13:18:55.115093" elapsed="0.013633"/>
</kw>
<kw name="Log" owner="BuiltIn">
<msg time="2025-03-13T13:18:55.129977" level="INFO">Current Path: https://developer.1000saudara.com/project1000s</msg>
<arg>Current Path: ${current_url}</arg>
<doc>Logs the given message with the given level.</doc>
<status status="PASS" start="2025-03-13T13:18:55.129389" elapsed="0.000760"/>
</kw>
<kw name="general return status" owner="generalFunct">
<kw name="Run Keyword And Return Status" owner="BuiltIn">
<kw name="Wait Until Element Is Visible" owner="SeleniumLibrary">
<arg>${locator}</arg>
<arg>timeout=5s</arg>
<doc>Waits until the element ``locator`` is visible.</doc>
<status status="PASS" start="2025-03-13T13:18:55.132652" elapsed="0.036945"/>
</kw>
<msg time="2025-03-13T13:18:55.169797" level="INFO">${res} = True</msg>
<var>${res}</var>
<arg>Wait Until Element Is Visible</arg>
<arg>${locator}</arg>
<arg>timeout=5s</arg>
<doc>Runs the given keyword with given arguments and returns the status as a Boolean value.</doc>
<status status="PASS" start="2025-03-13T13:18:55.132077" elapsed="0.037770"/>
</kw>
<return>
<value>${res}</value>
<status status="PASS" start="2025-03-13T13:18:55.169974" elapsed="0.000075"/>
</return>
<msg time="2025-03-13T13:18:55.170262" level="INFO">${res} = True</msg>
<var>${res}</var>
<arg>${headerLogin}</arg>
<status status="PASS" start="2025-03-13T13:18:55.131160" elapsed="0.039149"/>
</kw>
<while condition="${res} == $False">
<iter>
<kw name="Reload Page" owner="SeleniumLibrary">
<doc>Simulates user reloading page.</doc>
<status status="NOT RUN" start="2025-03-13T13:18:55.170904" elapsed="0.000056"/>
</kw>
<kw name="Sleep" owner="BuiltIn">
<arg>2s</arg>
<doc>Pauses the test executed for the given time.</doc>
<status status="NOT RUN" start="2025-03-13T13:18:55.171130" elapsed="0.000046"/>
</kw>
<kw name="general return status" owner="generalFunct">
<var>${res}</var>
<arg>${headerLogin}</arg>
<status status="NOT RUN" start="2025-03-13T13:18:55.171384" elapsed="0.000048"/>
</kw>
<status status="NOT RUN" start="2025-03-13T13:18:55.170417" elapsed="0.001091"/>
</iter>
<status status="NOT RUN" start="2025-03-13T13:18:55.170414" elapsed="0.001150"/>
</while>
<status status="PASS" start="2025-03-13T13:18:55.114321" elapsed="0.057343"/>
</kw>
<kw name="When input error no telp" owner="pom_login_eProc">
<kw name="general Wait Until" owner="generalFunct">
<kw name="Wait Until Element Is Visible" owner="SeleniumLibrary">
<arg>${locator}</arg>
<arg>timeout=5s</arg>
<doc>Waits until the element ``locator`` is visible.</doc>
<status status="PASS" start="2025-03-13T13:18:55.173243" elapsed="0.031755"/>
</kw>
<kw name="Sleep" owner="BuiltIn">
<msg time="2025-03-13T13:19:00.205897" level="INFO">Slept 5 seconds.</msg>
<arg>5</arg>
<doc>Pauses the test executed for the given time.</doc>
<status status="PASS" start="2025-03-13T13:18:55.205417" elapsed="5.000863"/>
</kw>
<arg>${id}</arg>
<status status="PASS" start="2025-03-13T13:18:55.172813" elapsed="5.033905"/>
</kw>
<kw name="Element Should Be Visible" owner="SeleniumLibrary">
<msg time="2025-03-13T13:19:00.245110" level="INFO">Element 'xpath=//input[@id='TxtPhone']' is displayed.</msg>
<arg>${id}</arg>
<arg>${text_id}</arg>
<doc>Verifies that the element identified by ``locator`` is visible.</doc>
<status status="PASS" start="2025-03-13T13:19:00.207360" elapsed="0.037904"/>
</kw>
<kw name="general return status" owner="generalFunct">
<kw name="Run Keyword And Return Status" owner="BuiltIn">
<kw name="Wait Until Element Is Visible" owner="SeleniumLibrary">
<arg>${locator}</arg>
<arg>timeout=5s</arg>
<doc>Waits until the element ``locator`` is visible.</doc>
<status status="PASS" start="2025-03-13T13:19:00.246663" elapsed="0.031475"/>
</kw>
<msg time="2025-03-13T13:19:00.278366" level="INFO">${res} = True</msg>
<var>${res}</var>
<arg>Wait Until Element Is Visible</arg>
<arg>${locator}</arg>
<arg>timeout=5s</arg>
<doc>Runs the given keyword with given arguments and returns the status as a Boolean value.</doc>
<status status="PASS" start="2025-03-13T13:19:00.246112" elapsed="0.032311"/>
</kw>
<return>
<value>${res}</value>
<status status="PASS" start="2025-03-13T13:19:00.278542" elapsed="0.000083"/>
</return>
<msg time="2025-03-13T13:19:00.278868" level="INFO">${res} = True</msg>
<var>${res}</var>
<arg>${inputPassword}</arg>
<status status="PASS" start="2025-03-13T13:19:00.245591" elapsed="0.033328"/>
</kw>
<if>
<branch type="IF" condition="${res}">
<kw name="general Wait Until" owner="generalFunct">
<kw name="Wait Until Element Is Visible" owner="SeleniumLibrary">
<arg>${locator}</arg>
<arg>timeout=5s</arg>
<doc>Waits until the element ``locator`` is visible.</doc>
<status status="PASS" start="2025-03-13T13:19:00.279835" elapsed="0.023243"/>
</kw>
<kw name="Sleep" owner="BuiltIn">
<msg time="2025-03-13T13:19:05.304259" level="INFO">Slept 5 seconds.</msg>
<arg>5</arg>
<doc>Pauses the test executed for the given time.</doc>
<status status="PASS" start="2025-03-13T13:19:00.303384" elapsed="5.001026"/>
</kw>
<arg>${id}</arg>
<status status="PASS" start="2025-03-13T13:19:00.279364" elapsed="5.025204"/>
</kw>
<kw name="Sleep" owner="BuiltIn">
<msg time="2025-03-13T13:19:09.305120" level="INFO">Slept 4 seconds.</msg>
<arg>4</arg>
<doc>Pauses the test executed for the given time.</doc>
<status status="PASS" start="2025-03-13T13:19:05.304783" elapsed="4.000492"/>
</kw>
<kw name="user input text" owner="generalFunct">
<kw name="Wait Until Element Is Visible" owner="SeleniumLibrary">
<arg>${locator}</arg>
<doc>Waits until the element ``locator`` is visible.</doc>
<status status="PASS" start="2025-03-13T13:19:09.306147" elapsed="0.019647"/>
</kw>
<kw name="Input Text" owner="SeleniumLibrary">
<msg time="2025-03-13T13:19:09.326790" level="INFO">Typing text '12345' into text field 'xpath=//input[@id='TxtPhone']'.</msg>
<arg>${locator}</arg>
<arg>${text}</arg>
<doc>Types the given ``text`` into the text field identified by ``locator``.</doc>
<status status="PASS" start="2025-03-13T13:19:09.326222" elapsed="0.172795"/>
</kw>
<kw name="Sleep" owner="BuiltIn">
<msg time="2025-03-13T13:19:14.500524" level="INFO">Slept 5 seconds.</msg>
<arg>5</arg>
<doc>Pauses the test executed for the given time.</doc>
<status status="PASS" start="2025-03-13T13:19:09.499479" elapsed="5.001418"/>
</kw>
<arg>${id}</arg>
<arg>${text_id}</arg>
<status status="PASS" start="2025-03-13T13:19:09.305582" elapsed="5.195783"/>
</kw>
<kw name="user input password" owner="generalFunct">
<kw name="Wait Until Element Is Visible" owner="SeleniumLibrary">
<arg>${locator}</arg>
<doc>Waits until the element ``locator`` is visible.</doc>
<status status="PASS" start="2025-03-13T13:19:14.503644" elapsed="0.061402"/>
</kw>
<kw name="Input Password" owner="SeleniumLibrary">
<msg time="2025-03-13T13:19:14.566667" level="INFO">Typing password into text field 'xpath=//input[@id='pwd']'.</msg>
<msg time="2025-03-13T13:19:14.648684" level="INFO">Temporally setting log level to: NONE</msg>
<arg>${locator}</arg>
<arg>${text}</arg>
<doc>Types the given password into the text field identified by ``locator``.</doc>
<status status="PASS" start="2025-03-13T13:19:14.565728" elapsed="0.186515"/>
</kw>
<kw name="Sleep" owner="BuiltIn">
<msg time="2025-03-13T13:19:19.753475" level="INFO">Slept 5 seconds.</msg>
<arg>5</arg>
<doc>Pauses the test executed for the given time.</doc>
<status status="PASS" start="2025-03-13T13:19:14.752577" elapsed="5.001273"/>
</kw>
<arg>${pass}</arg>
<arg>${text_pass}</arg>
<status status="PASS" start="2025-03-13T13:19:14.502080" elapsed="5.252245"/>
</kw>
<kw name="user click element" owner="generalFunct">
<kw name="Sleep" owner="BuiltIn">
<msg time="2025-03-13T13:19:24.757779" level="INFO">Slept 5 seconds.</msg>
<arg>5</arg>
<doc>Pauses the test executed for the given time.</doc>
<status status="PASS" start="2025-03-13T13:19:19.756564" elapsed="5.001618"/>
</kw>
<kw name="Wait Until Element Is Visible" owner="SeleniumLibrary">
<arg>${element}</arg>
<doc>Waits until the element ``locator`` is visible.</doc>
<status status="PASS" start="2025-03-13T13:19:24.758960" elapsed="0.058195"/>
</kw>
<kw name="Click Element" owner="SeleniumLibrary">
<msg time="2025-03-13T13:19:24.818024" level="INFO">Clicking element 'xpath=//button[@type='button']//span[contains(text(), 'Masuk')]//ancestor::button'.</msg>
<msg time="2025-03-13T13:19:24.930331" level="INFO">${clickElement} = None</msg>
<var>${clickElement}</var>
<arg>${element}</arg>
<doc>Click the element identified by ``locator``.</doc>
<status status="PASS" start="2025-03-13T13:19:24.817581" elapsed="0.112854"/>
</kw>
<return>
<value>${clickElement}</value>
<status status="PASS" start="2025-03-13T13:19:24.930618" elapsed="0.000104"/>
</return>
<arg>${buttonMasuk}</arg>
<status status="PASS" start="2025-03-13T13:19:19.755180" elapsed="5.175831"/>
</kw>
<status status="PASS" start="2025-03-13T13:19:00.279067" elapsed="24.652063"/>
</branch>
<branch type="ELSE">
<kw name="user visit E-Proc1000s Login Page" owner="pom_login_eProc">
<status status="NOT RUN" start="2025-03-13T13:19:24.931705" elapsed="0.000083"/>
</kw>
<status status="NOT RUN" start="2025-03-13T13:19:24.931250" elapsed="0.000632"/>
</branch>
<status status="PASS" start="2025-03-13T13:19:00.279032" elapsed="24.652941"/>
</if>
<arg>${inputUsername}</arg>
<arg>12345</arg>
<arg>${inputPassword}</arg>
<arg>${PASSWORD}</arg>
<status status="PASS" start="2025-03-13T13:18:55.171971" elapsed="29.760137"/>
</kw>
<kw name="Then show message error" owner="generalFunct">
<kw name="general return status" owner="generalFunct">
<kw name="Run Keyword And Return Status" owner="BuiltIn">
<kw name="Wait Until Element Is Visible" owner="SeleniumLibrary">
<arg>${locator}</arg>
<arg>timeout=5s</arg>
<doc>Waits until the element ``locator`` is visible.</doc>
<status status="PASS" start="2025-03-13T13:19:24.934772" elapsed="0.045292"/>
</kw>
<msg time="2025-03-13T13:19:24.980455" level="INFO">${res} = True</msg>
<var>${res}</var>
<arg>Wait Until Element Is Visible</arg>
<arg>${locator}</arg>
<arg>timeout=5s</arg>
<doc>Runs the given keyword with given arguments and returns the status as a Boolean value.</doc>
<status status="PASS" start="2025-03-13T13:19:24.934321" elapsed="0.046237"/>
</kw>
<return>
<value>${res}</value>
<status status="PASS" start="2025-03-13T13:19:24.980784" elapsed="0.000117"/>
</return>
<msg time="2025-03-13T13:19:24.981306" level="INFO">${label} = True</msg>
<var>${label}</var>
<arg>xpath=//div[@class='mb-20px']//parent::div/label[contains(text(), 'Nomor')]</arg>
<status status="PASS" start="2025-03-13T13:19:24.933524" elapsed="0.047875"/>
</kw>
<if>
<branch type="IF" condition="${label}">
<kw name="general Wait Until" owner="generalFunct">
<kw name="Wait Until Element Is Visible" owner="SeleniumLibrary">
<arg>${locator}</arg>
<arg>timeout=5s</arg>
<doc>Waits until the element ``locator`` is visible.</doc>
<status status="PASS" start="2025-03-13T13:19:24.982919" elapsed="0.036153"/>
</kw>
<kw name="Sleep" owner="BuiltIn">
<msg time="2025-03-13T13:19:30.020520" level="INFO">Slept 5 seconds.</msg>
<arg>5</arg>
<doc>Pauses the test executed for the given time.</doc>
<status status="PASS" start="2025-03-13T13:19:25.019322" elapsed="5.001423"/>
</kw>
<arg>${errMessageLabel}</arg>
<status status="PASS" start="2025-03-13T13:19:24.982145" elapsed="5.038839"/>
</kw>
<kw name="Get Text" owner="SeleniumLibrary">
<msg time="2025-03-13T13:19:30.072059" level="INFO">${err} = No. handphone harus diawali dengan 08</msg>
<var>${err}</var>
<arg>${errMessageLabel}</arg>
<doc>Returns the text value of the element identified by ``locator``.</doc>
<status status="PASS" start="2025-03-13T13:19:30.021353" elapsed="0.050950"/>
</kw>
<kw name="Set Global Variable" owner="BuiltIn">
<msg time="2025-03-13T13:19:30.073255" level="INFO">${err_text} = No. handphone harus diawali dengan 08</msg>
<arg>${err_text}</arg>
<arg>${err}</arg>
<doc>Makes a variable available globally in all tests and suites.</doc>
<status status="PASS" start="2025-03-13T13:19:30.072708" elapsed="0.000676"/>
</kw>
<kw name="Log To Console" owner="BuiltIn">
<arg>${\n}Error Message : ${err}</arg>
<doc>Logs the given message to the console.</doc>
<status status="PASS" start="2025-03-13T13:19:30.073713" elapsed="0.001587"/>
</kw>
<status status="PASS" start="2025-03-13T13:19:24.981654" elapsed="5.093936"/>
</branch>
<branch type="ELSE">
<kw name="general Wait Until" owner="generalFunct">
<arg>${errMessageLabel}</arg>
<status status="NOT RUN" start="2025-03-13T13:19:30.076255" elapsed="0.000096"/>
</kw>
<kw name="Get Text" owner="SeleniumLibrary">
<var>${err}</var>
<arg>${errMessageLabel}</arg>
<doc>Returns the text value of the element identified by ``locator``.</doc>
<status status="NOT RUN" start="2025-03-13T13:19:30.076673" elapsed="0.000080"/>
</kw>
<kw name="Set Global Variable" owner="BuiltIn">
<arg>${err_text}</arg>
<arg>${err}</arg>
<doc>Makes a variable available globally in all tests and suites.</doc>
<status status="NOT RUN" start="2025-03-13T13:19:30.077089" elapsed="0.000089"/>
</kw>
<kw name="Log To Console" owner="BuiltIn">
<arg>${\n}Error Message : ${err}</arg>
<doc>Logs the given message to the console.</doc>
<status status="NOT RUN" start="2025-03-13T13:19:30.077460" elapsed="0.000082"/>
</kw>
<status status="NOT RUN" start="2025-03-13T13:19:30.075819" elapsed="0.001909"/>
</branch>
<status status="PASS" start="2025-03-13T13:19:24.981596" elapsed="5.096270"/>
</if>
<status status="PASS" start="2025-03-13T13:19:24.932808" elapsed="5.145241"/>
</kw>
<kw name="And Should Be Equal" owner="BuiltIn">
<arg>${err_text}</arg>
<arg>No. handphone harus diawali dengan 08</arg>
<doc>Fails if the given objects are unequal.</doc>
<status status="PASS" start="2025-03-13T13:19:30.078372" elapsed="0.000566"/>
</kw>
<status status="PASS" start="2025-03-13T13:18:55.113436" elapsed="34.965708"/>
</kw>
<kw name="End Web Test" owner="web_eProc" type="TEARDOWN">
<kw name="Log" owner="BuiltIn">
<msg time="2025-03-13T13:19:30.080978" level="INFO">Suite teardown initiated</msg>
<arg>Suite teardown initiated</arg>
<doc>Logs the given message with the given level.</doc>
<status status="PASS" start="2025-03-13T13:19:30.080772" elapsed="0.000297"/>
</kw>
<kw name="Close Browser" owner="SeleniumLibrary">
<doc>Closes the current browser.</doc>
<status status="PASS" start="2025-03-13T13:19:30.081274" elapsed="2.204797"/>
</kw>
<doc>Closes the browser after all tests in the suite have run</doc>
<status status="PASS" start="2025-03-13T13:19:30.080053" elapsed="2.206479"/>
</kw>
<doc>This scenario test User login with invalid no handphone</doc>
<tag>1000s</tag>
<tag>login invalid</tag>
<tag>test</tag>
<status status="PASS" start="2025-03-13T13:18:50.460413" elapsed="41.826996"/>
</test>
<test id="s1-t6" name="Test Login With No Handphone not Listed" line="37">
<kw name="Begin Web Test" owner="web_eProc" type="SETUP">
<kw name="Open Browser" owner="SeleniumLibrary">
<msg time="2025-03-13T13:19:32.295564" level="INFO">Opening browser 'headlesschrome' to base url 'about:blank'.</msg>
<arg>about:blank</arg>
<arg>${BROWSER}</arg>
<doc>Opens a new browser instance to the optional ``url``.</doc>
<status status="PASS" start="2025-03-13T13:19:32.294818" elapsed="2.020329"/>
</kw>
<kw name="Execute Javascript" owner="SeleniumLibrary">
<msg time="2025-03-13T13:19:34.316702" level="INFO">Executing JavaScript:
document.body.style.transform = 'scale(0.67)'; document.body.style.transformOrigin = '0 0';
Without any arguments.</msg>
<arg>document.body.style.transform = 'scale(0.67)'; document.body.style.transformOrigin = '0 0';</arg>
<doc>Executes the given JavaScript code with possible arguments.</doc>
<status status="PASS" start="2025-03-13T13:19:34.315733" elapsed="0.013682"/>
</kw>
<kw name="Go To" owner="SeleniumLibrary">
<msg time="2025-03-13T13:19:34.329935" level="INFO">Opening url 'https://developer.1000saudara.com/project1000s'</msg>
<arg>${URL_DEV}</arg>
<doc>Navigates the current browser window to the provided ``url``.</doc>
<status status="PASS" start="2025-03-13T13:19:34.329687" elapsed="4.401011"/>
</kw>
<status status="PASS" start="2025-03-13T13:19:32.293636" elapsed="6.437384"/>
</kw>
<kw name="User login with no handphone not listed" owner="login">
<kw name="Given user visit E-Proc1000s Login Page" owner="pom_login_eProc">
<kw name="Get Location" owner="SeleniumLibrary">
<msg time="2025-03-13T13:19:38.745622" level="INFO">${current_url} = https://developer.1000saudara.com/project1000s</msg>
<var>${current_url}</var>
<doc>Returns the current browser window URL.</doc>
<status status="PASS" start="2025-03-13T13:19:38.733607" elapsed="0.012132"/>
</kw>
<kw name="Log" owner="BuiltIn">
<msg time="2025-03-13T13:19:38.746771" level="INFO">Current Path: https://developer.1000saudara.com/project1000s</msg>
<arg>Current Path: ${current_url}</arg>
<doc>Logs the given message with the given level.</doc>
<status status="PASS" start="2025-03-13T13:19:38.746235" elapsed="0.000704"/>
</kw>
<kw name="general return status" owner="generalFunct">
<kw name="Run Keyword And Return Status" owner="BuiltIn">
<kw name="Wait Until Element Is Visible" owner="SeleniumLibrary">
<arg>${locator}</arg>
<arg>timeout=5s</arg>
<doc>Waits until the element ``locator`` is visible.</doc>
<status status="PASS" start="2025-03-13T13:19:38.749963" elapsed="0.527398"/>
</kw>
<msg time="2025-03-13T13:19:39.277866" level="INFO">${res} = True</msg>
<var>${res}</var>
<arg>Wait Until Element Is Visible</arg>
<arg>${locator}</arg>
<arg>timeout=5s</arg>
<doc>Runs the given keyword with given arguments and returns the status as a Boolean value.</doc>
<status status="PASS" start="2025-03-13T13:19:38.749267" elapsed="0.528758"/>
</kw>
<return>
<value>${res}</value>
<status status="PASS" start="2025-03-13T13:19:39.278327" elapsed="0.000185"/>
</return>
<msg time="2025-03-13T13:19:39.279128" level="INFO">${res} = True</msg>
<var>${res}</var>
<arg>${headerLogin}</arg>
<status status="PASS" start="2025-03-13T13:19:38.748069" elapsed="0.531199"/>
</kw>
<while condition="${res} == $False">
<iter>
<kw name="Reload Page" owner="SeleniumLibrary">
<doc>Simulates user reloading page.</doc>
<status status="NOT RUN" start="2025-03-13T13:19:39.280852" elapsed="0.000270"/>
</kw>
<kw name="Sleep" owner="BuiltIn">
<arg>2s</arg>
<doc>Pauses the test executed for the given time.</doc>
<status status="NOT RUN" start="2025-03-13T13:19:39.281894" elapsed="0.000130"/>
</kw>
<kw name="general return status" owner="generalFunct">
<var>${res}</var>
<arg>${headerLogin}</arg>
<status status="NOT RUN" start="2025-03-13T13:19:39.282486" elapsed="0.000102"/>
</kw>
<status status="NOT RUN" start="2025-03-13T13:19:39.279559" elapsed="0.003168"/>
</iter>
<status status="NOT RUN" start="2025-03-13T13:19:39.279551" elapsed="0.003277"/>
</while>
<status status="PASS" start="2025-03-13T13:19:38.732799" elapsed="0.550225"/>
</kw>
<kw name="When input error no telp" owner="pom_login_eProc">
<kw name="general Wait Until" owner="generalFunct">
<kw name="Wait Until Element Is Visible" owner="SeleniumLibrary">
<arg>${locator}</arg>
<arg>timeout=5s</arg>
<doc>Waits until the element ``locator`` is visible.</doc>
<status status="PASS" start="2025-03-13T13:19:39.286396" elapsed="0.033916"/>
</kw>
<kw name="Sleep" owner="BuiltIn">
<msg time="2025-03-13T13:19:44.321417" level="INFO">Slept 5 seconds.</msg>
<arg>5</arg>
<doc>Pauses the test executed for the given time.</doc>
<status status="PASS" start="2025-03-13T13:19:39.320571" elapsed="5.001072"/>
</kw>
<arg>${id}</arg>
<status status="PASS" start="2025-03-13T13:19:39.285557" elapsed="5.036454"/>
</kw>
<kw name="Element Should Be Visible" owner="SeleniumLibrary">
<msg time="2025-03-13T13:19:44.351552" level="INFO">Element 'xpath=//input[@id='TxtPhone']' is displayed.</msg>
<arg>${id}</arg>
<arg>${text_id}</arg>
<doc>Verifies that the element identified by ``locator`` is visible.</doc>
<status status="PASS" start="2025-03-13T13:19:44.322432" elapsed="0.029321"/>
</kw>
<kw name="general return status" owner="generalFunct">
<kw name="Run Keyword And Return Status" owner="BuiltIn">
<kw name="Wait Until Element Is Visible" owner="SeleniumLibrary">
<arg>${locator}</arg>
<arg>timeout=5s</arg>
<doc>Waits until the element ``locator`` is visible.</doc>
<status status="PASS" start="2025-03-13T13:19:44.353637" elapsed="0.052058"/>
</kw>
<msg time="2025-03-13T13:19:44.406309" level="INFO">${res} = True</msg>
<var>${res}</var>
<arg>Wait Until Element Is Visible</arg>
<arg>${locator}</arg>
<arg>timeout=5s</arg>
<doc>Runs the given keyword with given arguments and returns the status as a Boolean value.</doc>
<status status="PASS" start="2025-03-13T13:19:44.353094" elapsed="0.053337"/>
</kw>
<return>
<value>${res}</value>
<status status="PASS" start="2025-03-13T13:19:44.406679" elapsed="0.000130"/>
</return>
<msg time="2025-03-13T13:19:44.407298" level="INFO">${res} = True</msg>
<var>${res}</var>
<arg>${inputPassword}</arg>
<status status="PASS" start="2025-03-13T13:19:44.352245" elapsed="0.055178"/>
</kw>
<if>
<branch type="IF" condition="${res}">
<kw name="general Wait Until" owner="generalFunct">
<kw name="Wait Until Element Is Visible" owner="SeleniumLibrary">
<arg>${locator}</arg>
<arg>timeout=5s</arg>
<doc>Waits until the element ``locator`` is visible.</doc>
<status status="PASS" start="2025-03-13T13:19:44.409539" elapsed="0.039292"/>
</kw>
<kw name="Sleep" owner="BuiltIn">
<msg time="2025-03-13T13:19:49.450426" level="INFO">Slept 5 seconds.</msg>
<arg>5</arg>
<doc>Pauses the test executed for the given time.</doc>
<status status="PASS" start="2025-03-13T13:19:44.449238" elapsed="5.001404"/>
</kw>
<arg>${id}</arg>
<status status="PASS" start="2025-03-13T13:19:44.408370" elapsed="5.042532"/>
</kw>
<kw name="Sleep" owner="BuiltIn">
<msg time="2025-03-13T13:19:53.452612" level="INFO">Slept 4 seconds.</msg>
<arg>4</arg>
<doc>Pauses the test executed for the given time.</doc>
<status status="PASS" start="2025-03-13T13:19:49.451273" elapsed="4.001506"/>
</kw>
<kw name="user input text" owner="generalFunct">
<kw name="Wait Until Element Is Visible" owner="SeleniumLibrary">
<arg>${locator}</arg>
<doc>Waits until the element ``locator`` is visible.</doc>
<status status="PASS" start="2025-03-13T13:19:53.453598" elapsed="0.027368"/>
</kw>
<kw name="Input Text" owner="SeleniumLibrary">
<msg time="2025-03-13T13:19:53.481837" level="INFO">Typing text '08983186457345' into text field 'xpath=//input[@id='TxtPhone']'.</msg>
<arg>${locator}</arg>
<arg>${text}</arg>
<doc>Types the given ``text`` into the text field identified by ``locator``.</doc>
<status status="PASS" start="2025-03-13T13:19:53.481224" elapsed="0.172249"/>
</kw>
<kw name="Sleep" owner="BuiltIn">
<msg time="2025-03-13T13:19:58.654642" level="INFO">Slept 5 seconds.</msg>
<arg>5</arg>
<doc>Pauses the test executed for the given time.</doc>
<status status="PASS" start="2025-03-13T13:19:53.653716" elapsed="5.001294"/>
</kw>
<arg>${id}</arg>
<arg>${text_id}</arg>
<status status="PASS" start="2025-03-13T13:19:53.453103" elapsed="5.202316"/>
</kw>
<kw name="user input password" owner="generalFunct">
<kw name="Wait Until Element Is Visible" owner="SeleniumLibrary">
<arg>${locator}</arg>
<doc>Waits until the element ``locator`` is visible.</doc>
<status status="PASS" start="2025-03-13T13:19:58.657640" elapsed="0.041378"/>
</kw>
<kw name="Input Password" owner="SeleniumLibrary">
<msg time="2025-03-13T13:19:58.700033" level="INFO">Typing password into text field 'xpath=//input[@id='pwd']'.</msg>
<msg time="2025-03-13T13:19:58.757911" level="INFO">Temporally setting log level to: NONE</msg>
<arg>${locator}</arg>
<arg>${text}</arg>
<doc>Types the given password into the text field identified by ``locator``.</doc>
<status status="PASS" start="2025-03-13T13:19:58.699440" elapsed="0.133585"/>
</kw>
<kw name="Sleep" owner="BuiltIn">
<msg time="2025-03-13T13:20:03.834256" level="INFO">Slept 5 seconds.</msg>
<arg>5</arg>
<doc>Pauses the test executed for the given time.</doc>
<status status="PASS" start="2025-03-13T13:19:58.833291" elapsed="5.001340"/>
</kw>
<arg>${pass}</arg>
<arg>${text_pass}</arg>
<status status="PASS" start="2025-03-13T13:19:58.656164" elapsed="5.179090"/>
</kw>
<kw name="user click element" owner="generalFunct">
<kw name="Sleep" owner="BuiltIn">
<msg time="2025-03-13T13:20:08.839120" level="INFO">Slept 5 seconds.</msg>
<arg>5</arg>
<doc>Pauses the test executed for the given time.</doc>
<status status="PASS" start="2025-03-13T13:20:03.838013" elapsed="5.001478"/>
</kw>
<kw name="Wait Until Element Is Visible" owner="SeleniumLibrary">
<arg>${element}</arg>
<doc>Waits until the element ``locator`` is visible.</doc>
<status status="PASS" start="2025-03-13T13:20:08.840234" elapsed="0.057006"/>
</kw>
<kw name="Click Element" owner="SeleniumLibrary">
<msg time="2025-03-13T13:20:08.898091" level="INFO">Clicking element 'xpath=//button[@type='button']//span[contains(text(), 'Masuk')]//ancestor::button'.</msg>
<msg time="2025-03-13T13:20:09.033418" level="INFO">${clickElement} = None</msg>
<var>${clickElement}</var>
<arg>${element}</arg>
<doc>Click the element identified by ``locator``.</doc>
<status status="PASS" start="2025-03-13T13:20:08.897633" elapsed="0.135913"/>
</kw>
<return>
<value>${clickElement}</value>
<status status="PASS" start="2025-03-13T13:20:09.033813" elapsed="0.000125"/>
</return>
<arg>${buttonMasuk}</arg>
<status status="PASS" start="2025-03-13T13:20:03.836633" elapsed="5.197687"/>
</kw>
<status status="PASS" start="2025-03-13T13:19:44.407737" elapsed="24.626738"/>
</branch>
<branch type="ELSE">
<kw name="user visit E-Proc1000s Login Page" owner="pom_login_eProc">
<status status="NOT RUN" start="2025-03-13T13:20:09.034943" elapsed="0.000060"/>
</kw>
<status status="NOT RUN" start="2025-03-13T13:20:09.034595" elapsed="0.000478"/>
</branch>
<status status="PASS" start="2025-03-13T13:19:44.407664" elapsed="24.627700"/>
</if>
<arg>${inputUsername}</arg>
<arg>08983186457345</arg>
<arg>${inputPassword}</arg>
<arg>${PASSWORD}</arg>
<status status="PASS" start="2025-03-13T13:19:39.283622" elapsed="29.751940"/>
</kw>
<kw name="Then show message error" owner="generalFunct">
<kw name="general return status" owner="generalFunct">
<kw name="Run Keyword And Return Status" owner="BuiltIn">
<kw name="Wait Until Element Is Visible" owner="SeleniumLibrary">
<arg>${locator}</arg>
<arg>timeout=5s</arg>
<doc>Waits until the element ``locator`` is visible.</doc>
<status status="PASS" start="2025-03-13T13:20:09.039413" elapsed="0.069593"/>
</kw>
<msg time="2025-03-13T13:20:09.109289" level="INFO">${res} = True</msg>
<var>${res}</var>
<arg>Wait Until Element Is Visible</arg>
<arg>${locator}</arg>
<arg>timeout=5s</arg>
<doc>Runs the given keyword with given arguments and returns the status as a Boolean value.</doc>
<status status="PASS" start="2025-03-13T13:20:09.038669" elapsed="0.070687"/>
</kw>
<return>
<value>${res}</value>
<status status="PASS" start="2025-03-13T13:20:09.109509" elapsed="0.000097"/>
</return>
<msg time="2025-03-13T13:20:09.109918" level="INFO">${label} = True</msg>
<var>${label}</var>
<arg>xpath=//div[@class='mb-20px']//parent::div/label[contains(text(), 'Nomor')]</arg>
<status status="PASS" start="2025-03-13T13:20:09.037490" elapsed="0.072483"/>
</kw>
<if>
<branch type="IF" condition="${label}">
<kw name="general Wait Until" owner="generalFunct">
<kw name="Wait Until Element Is Visible" owner="SeleniumLibrary">
<arg>${locator}</arg>
<arg>timeout=5s</arg>
<doc>Waits until the element ``locator`` is visible.</doc>
<status status="PASS" start="2025-03-13T13:20:09.111012" elapsed="0.680755"/>
</kw>
<kw name="Sleep" owner="BuiltIn">
<msg time="2025-03-13T13:20:14.793206" level="INFO">Slept 5 seconds.</msg>
<arg>5</arg>
<doc>Pauses the test executed for the given time.</doc>
<status status="PASS" start="2025-03-13T13:20:09.792100" elapsed="5.001783"/>
</kw>
<arg>${errMessageLabel}</arg>
<status status="PASS" start="2025-03-13T13:20:09.110564" elapsed="5.684130"/>
</kw>
<kw name="Get Text" owner="SeleniumLibrary">
<msg time="2025-03-13T13:20:14.847679" level="INFO">${err} = No. handphone tidak terdaftar</msg>
<var>${err}</var>
<arg>${errMessageLabel}</arg>
<doc>Returns the text value of the element identified by ``locator``.</doc>
<status status="PASS" start="2025-03-13T13:20:14.796589" elapsed="0.051208"/>
</kw>
<kw name="Set Global Variable" owner="BuiltIn">
<msg time="2025-03-13T13:20:14.848874" level="INFO">${err_text} = No. handphone tidak terdaftar</msg>
<arg>${err_text}</arg>
<arg>${err}</arg>
<doc>Makes a variable available globally in all tests and suites.</doc>
<status status="PASS" start="2025-03-13T13:20:14.848213" elapsed="0.000799"/>
</kw>
<kw name="Log To Console" owner="BuiltIn">
<arg>${\n}Error Message : ${err}</arg>
<doc>Logs the given message to the console.</doc>
<status status="PASS" start="2025-03-13T13:20:14.849303" elapsed="0.001004"/>
</kw>
<status status="PASS" start="2025-03-13T13:20:09.110202" elapsed="5.740302"/>
</branch>
<branch type="ELSE">
<kw name="general Wait Until" owner="generalFunct">
<arg>${errMessageLabel}</arg>
<status status="NOT RUN" start="2025-03-13T13:20:14.850931" elapsed="0.000064"/>
</kw>
<kw name="Get Text" owner="SeleniumLibrary">
<var>${err}</var>
<arg>${errMessageLabel}</arg>
<doc>Returns the text value of the element identified by ``locator``.</doc>
<status status="NOT RUN" start="2025-03-13T13:20:14.851214" elapsed="0.000047"/>
</kw>
<kw name="Set Global Variable" owner="BuiltIn">
<arg>${err_text}</arg>
<arg>${err}</arg>
<doc>Makes a variable available globally in all tests and suites.</doc>
<status status="NOT RUN" start="2025-03-13T13:20:14.851431" elapsed="0.000042"/>
</kw>
<kw name="Log To Console" owner="BuiltIn">
<arg>${\n}Error Message : ${err}</arg>
<doc>Logs the given message to the console.</doc>
<status status="NOT RUN" start="2025-03-13T13:20:14.851621" elapsed="0.000058"/>
</kw>
<status status="NOT RUN" start="2025-03-13T13:20:14.850627" elapsed="0.001117"/>
</branch>
<status status="PASS" start="2025-03-13T13:20:09.110151" elapsed="5.741647"/>
</if>
<status status="PASS" start="2025-03-13T13:20:09.036419" elapsed="5.815471"/>
</kw>
<kw name="And Should Be Equal" owner="BuiltIn">
<arg>${err_text}</arg>
<arg>No. handphone tidak terdaftar</arg>
<doc>Fails if the given objects are unequal.</doc>
<status status="PASS" start="2025-03-13T13:20:14.852062" elapsed="0.000282"/>
</kw>
<status status="PASS" start="2025-03-13T13:19:38.731765" elapsed="36.120690"/>
</kw>
<kw name="End Web Test" owner="web_eProc" type="TEARDOWN">
<kw name="Log" owner="BuiltIn">
<msg time="2025-03-13T13:20:14.853538" level="INFO">Suite teardown initiated</msg>
<arg>Suite teardown initiated</arg>
<doc>Logs the given message with the given level.</doc>
<status status="PASS" start="2025-03-13T13:20:14.853381" elapsed="0.000238"/>
</kw>
<kw name="Close Browser" owner="SeleniumLibrary">
<doc>Closes the current browser.</doc>
<status status="PASS" start="2025-03-13T13:20:14.853805" elapsed="2.189270"/>
</kw>
<doc>Closes the browser after all tests in the suite have run</doc>
<status status="PASS" start="2025-03-13T13:20:14.853002" elapsed="2.190573"/>
</kw>
<doc>This scenario test User login with no handphone not listed</doc>
<tag>1000s</tag>
<tag>login invalid</tag>
<tag>test</tag>
<status status="PASS" start="2025-03-13T13:19:32.291477" elapsed="44.752907"/>
</test>
<status status="PASS" start="2025-03-13T13:16:08.777756" elapsed="248.271458"/>
</suite>
<statistics>
<total>
<stat pass="6" fail="0" skip="0">All Tests</stat>
</total>
<tag>
<stat pass="6" fail="0" skip="0">1000s</stat>
<stat pass="1" fail="0" skip="0">home</stat>
<stat pass="5" fail="0" skip="0">login invalid</stat>
<stat pass="6" fail="0" skip="0">test</stat>
</tag>
<suite>
<stat name="Test Login" id="s1" pass="6" fail="0" skip="0">Test Login</stat>
</suite>
</statistics>
<errors>
</errors>
</robot>
