<?xml version="1.0" encoding="UTF-8"?>
<robot generator="Robot 7.2.2 (Python 3.13.2 on win32)" generated="2025-04-17T15:14:01.878632" rpa="false" schemaversion="5">
<suite id="s1" name="test detailProject MenungguPersetujuan" source="C:\Users\1000Saudara45\Documents\Automation\eProc_Web\testSuite\Tim_OP\test_detailProject_MenungguPersetujuan.robot">
<test id="s1-t1" name="Tim OP can Changes Data Estimasi Tanggal Mulai Project" line="20">
<kw name="Begin Web Test" owner="web_eProc" type="SETUP">
<kw name="Open Browser" owner="SeleniumLibrary">
<msg time="2025-04-17T15:14:03.490799" level="INFO">Opening browser 'chrome' to base url 'about:blank'.</msg>
<arg>about:blank</arg>
<arg>${BROWSER}</arg>
<doc>Opens a new browser instance to the optional ``url``.</doc>
<status status="PASS" start="2025-04-17T15:14:03.490441" elapsed="2.096573"/>
</kw>
<kw name="Maximize Browser Window" owner="SeleniumLibrary">
<doc>Maximizes current browser window.</doc>
<status status="PASS" start="2025-04-17T15:14:05.588130" elapsed="0.044177"/>
</kw>
<kw name="Go To" owner="SeleniumLibrary">
<msg time="2025-04-17T15:14:05.633195" level="INFO">Opening url 'https://developer.1000saudara.com/project1000s'</msg>
<arg>${URL_DEV}</arg>
<doc>Navigates the current browser window to the provided ``url``.</doc>
<status status="PASS" start="2025-04-17T15:14:05.632778" elapsed="1.159542"/>
</kw>
<status status="PASS" start="2025-04-17T15:14:03.489083" elapsed="3.303618"/>
</kw>
<kw name="User change data Start Date project" owner="detailProject_MenungguPersetujuan">
<kw name="Given User go to detail Project Page" owner="detailProject_MenungguPersetujuan">
<kw name="Given User can access Home Login 1000s" owner="login">
<kw name="Then user go to home page E-Proc1000s" owner="pom_login_eProc">
<kw name="user visit E-Proc1000s Login Page" owner="pom_login_eProc">
<kw name="Get Location" owner="SeleniumLibrary">
<msg time="2025-04-17T15:14:06.808586" level="INFO">${current_url} = https://developer.1000saudara.com/project1000s</msg>
<var>${current_url}</var>
<doc>Returns the current browser window URL.</doc>
<status status="PASS" start="2025-04-17T15:14:06.796723" elapsed="0.011963"/>
</kw>
<kw name="Log" owner="BuiltIn">
<msg time="2025-04-17T15:14:06.809332" level="INFO">Current Path: https://developer.1000saudara.com/project1000s</msg>
<arg>Current Path: ${current_url}</arg>
<doc>Logs the given message with the given level.</doc>
<status status="PASS" start="2025-04-17T15:14:06.809012" elapsed="0.000410"/>
</kw>
<kw name="general return status" owner="generalFunct">
<kw name="Run Keyword And Return Status" owner="BuiltIn">
<kw name="Wait Until Element Is Visible" owner="SeleniumLibrary">
<arg>${locator}</arg>
<arg>timeout=5s</arg>
<doc>Waits until the element ``locator`` is visible.</doc>
<status status="PASS" start="2025-04-17T15:14:06.810506" elapsed="0.038712"/>
</kw>
<msg time="2025-04-17T15:14:06.849431" level="INFO">${res} = True</msg>
<var>${res}</var>
<arg>Wait Until Element Is Visible</arg>
<arg>${locator}</arg>
<arg>timeout=5s</arg>
<doc>Runs the given keyword with given arguments and returns the status as a Boolean value.</doc>
<status status="PASS" start="2025-04-17T15:14:06.810210" elapsed="0.039272"/>
</kw>
<return>
<value>${res}</value>
<status status="PASS" start="2025-04-17T15:14:06.849595" elapsed="0.000103"/>
</return>
<msg time="2025-04-17T15:14:06.849995" level="INFO">${res} = True</msg>
<var>${res}</var>
<arg>${headerLogin}</arg>
<status status="PASS" start="2025-04-17T15:14:06.809717" elapsed="0.040325"/>
</kw>
<while condition="${res} == $False">
<iter>
<kw name="Reload Page" owner="SeleniumLibrary">
<doc>Simulates user reloading page.</doc>
<status status="NOT RUN" start="2025-04-17T15:14:06.850721" elapsed="0.000051"/>
</kw>
<kw name="Sleep" owner="BuiltIn">
<arg>2s</arg>
<doc>Pauses the test executed for the given time.</doc>
<status status="NOT RUN" start="2025-04-17T15:14:06.850938" elapsed="0.000047"/>
</kw>
<kw name="general return status" owner="generalFunct">
<var>${res}</var>
<arg>${headerLogin}</arg>
<status status="NOT RUN" start="2025-04-17T15:14:06.851206" elapsed="0.000052"/>
</kw>
<status status="NOT RUN" start="2025-04-17T15:14:06.850151" elapsed="0.001175"/>
</iter>
<status status="NOT RUN" start="2025-04-17T15:14:06.850148" elapsed="0.001238"/>
</while>
<status status="PASS" start="2025-04-17T15:14:06.796348" elapsed="0.055159"/>
</kw>
<kw name="user login E-Proc1000s Page" owner="pom_login_eProc">
<kw name="general Wait Until" owner="generalFunct">
<kw name="Wait Until Element Is Visible" owner="SeleniumLibrary">
<arg>${locator}</arg>
<arg>timeout=5s</arg>
<doc>Waits until the element ``locator`` is visible.</doc>
<status status="PASS" start="2025-04-17T15:14:06.852742" elapsed="0.030469"/>
</kw>
<kw name="Sleep" owner="BuiltIn">
<msg time="2025-04-17T15:14:11.884684" level="INFO">Slept 5 seconds.</msg>
<arg>5</arg>
<doc>Pauses the test executed for the given time.</doc>
<status status="PASS" start="2025-04-17T15:14:06.883519" elapsed="5.001549"/>
</kw>
<arg>${inputPassword}</arg>
<status status="PASS" start="2025-04-17T15:14:06.852304" elapsed="5.033172"/>
</kw>
<kw name="user input text" owner="generalFunct">
<kw name="Wait Until Element Is Visible" owner="SeleniumLibrary">
<arg>${locator}</arg>
<doc>Waits until the element ``locator`` is visible.</doc>
<status status="PASS" start="2025-04-17T15:14:11.887657" elapsed="0.044202"/>
</kw>
<kw name="Input Text" owner="SeleniumLibrary">
<msg time="2025-04-17T15:14:11.932515" level="INFO">Typing text '085210758864' into text field 'xpath=//input[@id='TxtPhone']'.</msg>
<arg>${locator}</arg>
<arg>${text}</arg>
<doc>Types the given ``text`` into the text field identified by ``locator``.</doc>
<status status="PASS" start="2025-04-17T15:14:11.932146" elapsed="0.170050"/>
</kw>
<kw name="Sleep" owner="BuiltIn">
<msg time="2025-04-17T15:14:17.103700" level="INFO">Slept 5 seconds.</msg>
<arg>5</arg>
<doc>Pauses the test executed for the given time.</doc>
<status status="PASS" start="2025-04-17T15:14:12.102756" elapsed="5.001285"/>
</kw>
<arg>${inputUsername}</arg>
<arg>${ROLE_ADMIN}</arg>
<status status="PASS" start="2025-04-17T15:14:11.886219" elapsed="5.218155"/>
</kw>
<kw name="general return status" owner="generalFunct">
<kw name="Run Keyword And Return Status" owner="BuiltIn">
<kw name="Wait Until Element Is Visible" owner="SeleniumLibrary">
<arg>${locator}</arg>
<arg>timeout=5s</arg>
<doc>Waits until the element ``locator`` is visible.</doc>
<status status="PASS" start="2025-04-17T15:14:17.107241" elapsed="0.042805"/>
</kw>
<msg time="2025-04-17T15:14:17.150264" level="INFO">${res} = True</msg>
<var>${res}</var>
<arg>Wait Until Element Is Visible</arg>
<arg>${locator}</arg>
<arg>timeout=5s</arg>
<doc>Runs the given keyword with given arguments and returns the status as a Boolean value.</doc>
<status status="PASS" start="2025-04-17T15:14:17.106334" elapsed="0.043982"/>
</kw>
<return>
<value>${res}</value>
<status status="PASS" start="2025-04-17T15:14:17.150487" elapsed="0.000092"/>
</return>
<msg time="2025-04-17T15:14:17.150825" level="INFO">${res} = True</msg>
<var>${res}</var>
<arg>${inputPassword}</arg>
<status status="PASS" start="2025-04-17T15:14:17.105047" elapsed="0.045826"/>
</kw>
<if>
<branch type="IF" condition="${res}">
<kw name="Sleep" owner="BuiltIn">
<msg time="2025-04-17T15:14:21.151660" level="INFO">Slept 4 seconds.</msg>
<arg>4</arg>
<doc>Pauses the test executed for the given time.</doc>
<status status="PASS" start="2025-04-17T15:14:17.151297" elapsed="4.000609"/>
</kw>
<kw name="user input text" owner="generalFunct">
<kw name="Wait Until Element Is Visible" owner="SeleniumLibrary">
<arg>${locator}</arg>
<doc>Waits until the element ``locator`` is visible.</doc>
<status status="PASS" start="2025-04-17T15:14:21.153282" elapsed="0.020053"/>
</kw>
<kw name="Input Text" owner="SeleniumLibrary">
<msg time="2025-04-17T15:14:21.174051" level="INFO">Typing text '085210758864' into text field 'xpath=//input[@id='TxtPhone']'.</msg>
<arg>${locator}</arg>
<arg>${text}</arg>
<doc>Types the given ``text`` into the text field identified by ``locator``.</doc>
<status status="PASS" start="2025-04-17T15:14:21.173713" elapsed="0.141459"/>
</kw>
<kw name="Sleep" owner="BuiltIn">
<msg time="2025-04-17T15:14:26.317360" level="INFO">Slept 5 seconds.</msg>
<arg>5</arg>
<doc>Pauses the test executed for the given time.</doc>
<status status="PASS" start="2025-04-17T15:14:21.315828" elapsed="5.001913"/>
</kw>
<arg>${inputUsername}</arg>
<arg>${ROLE_ADMIN}</arg>
<status status="PASS" start="2025-04-17T15:14:21.152269" elapsed="5.165866"/>
</kw>
<kw name="user input password" owner="generalFunct">
<kw name="Wait Until Element Is Visible" owner="SeleniumLibrary">
<arg>${locator}</arg>
<doc>Waits until the element ``locator`` is visible.</doc>
<status status="PASS" start="2025-04-17T15:14:26.320272" elapsed="0.040851"/>
</kw>
<kw name="Input Password" owner="SeleniumLibrary">
<msg time="2025-04-17T15:14:26.361891" level="INFO">Typing password into text field 'xpath=//input[@id='pwd']'.</msg>
<msg time="2025-04-17T15:14:26.418741" level="INFO">Temporally setting log level to: NONE</msg>
<arg>${locator}</arg>
<arg>${text}</arg>
<doc>Types the given password into the text field identified by ``locator``.</doc>
<status status="PASS" start="2025-04-17T15:14:26.361464" elapsed="0.156208"/>
</kw>
<kw name="Sleep" owner="BuiltIn">
<msg time="2025-04-17T15:14:31.520304" level="INFO">Slept 5 seconds.</msg>
<arg>5</arg>
<doc>Pauses the test executed for the given time.</doc>
<status status="PASS" start="2025-04-17T15:14:26.518167" elapsed="5.002686"/>
</kw>
<arg>${inputPassword}</arg>
<arg>${PASSWORD}</arg>
<status status="PASS" start="2025-04-17T15:14:26.318860" elapsed="5.202368"/>
</kw>
<kw name="Press Key" owner="SeleniumLibrary">
<arg>${inputPassword}</arg>
<arg>\\13</arg>
<doc>Simulates user pressing key on element identified by ``locator``.</doc>
<status status="PASS" start="2025-04-17T15:14:31.521842" elapsed="0.095823"/>
</kw>
<kw name="Sleep" owner="BuiltIn">
<msg time="2025-04-17T15:14:36.618909" level="INFO">Slept 5 seconds.</msg>
<arg>5</arg>
<doc>Pauses the test executed for the given time.</doc>
<status status="PASS" start="2025-04-17T15:14:31.618147" elapsed="5.001135"/>
</kw>
<kw name="general return status" owner="generalFunct">
<kw name="Run Keyword And Return Status" owner="BuiltIn">
<kw name="Wait Until Element Is Visible" owner="SeleniumLibrary">
<arg>${locator}</arg>
<arg>timeout=5s</arg>
<doc>Waits until the element ``locator`` is visible.</doc>
<status status="PASS" start="2025-04-17T15:14:36.622604" elapsed="0.035098"/>
</kw>
<msg time="2025-04-17T15:14:36.657926" level="INFO">${res} = True</msg>
<var>${res}</var>
<arg>Wait Until Element Is Visible</arg>
<arg>${locator}</arg>
<arg>timeout=5s</arg>
<doc>Runs the given keyword with given arguments and returns the status as a Boolean value.</doc>
<status status="PASS" start="2025-04-17T15:14:36.621758" elapsed="0.036223"/>
</kw>
<return>
<value>${res}</value>
<status status="PASS" start="2025-04-17T15:14:36.658109" elapsed="0.000081"/>
</return>
<msg time="2025-04-17T15:14:36.658417" level="INFO">${res_list} = True</msg>
<var>${res_list}</var>
<arg>${listFilter}</arg>
<status status="PASS" start="2025-04-17T15:14:36.620165" elapsed="0.038300"/>
</kw>
<while condition="${res_list} == $False">
<iter>
<kw name="Press Key" owner="SeleniumLibrary">
<arg>${inputPassword}</arg>
<arg>\\13</arg>
<doc>Simulates user pressing key on element identified by ``locator``.</doc>
<status status="NOT RUN" start="2025-04-17T15:14:36.659256" elapsed="0.000056"/>
</kw>
<kw name="Sleep" owner="BuiltIn">
<arg>5</arg>
<doc>Pauses the test executed for the given time.</doc>
<status status="NOT RUN" start="2025-04-17T15:14:36.659504" elapsed="0.000050"/>
</kw>
<kw name="general return status" owner="generalFunct">
<var>${res_err}</var>
<arg>xpath=//div[@class='mb-20px']//parent::div/label[contains(text(), 'Nomor')]</arg>
<status status="NOT RUN" start="2025-04-17T15:14:36.659797" elapsed="0.000060"/>
</kw>
<if>
<branch type="IF" condition="${res_err}">
<kw name="without filling any of them" owner="pom_login_eProc">
<arg>${inputUsername}</arg>
<arg>${ROLE_ADMIN}</arg>
<status status="NOT RUN" start="2025-04-17T15:14:36.660318" elapsed="0.000065"/>
</kw>
<status status="NOT RUN" start="2025-04-17T15:14:36.660000" elapsed="0.000460"/>
</branch>
<branch type="ELSE">
<kw name="Exit For Loop" owner="BuiltIn">
<doc>Stops executing the enclosing FOR loop.</doc>
<status status="NOT RUN" start="2025-04-17T15:14:36.660716" elapsed="0.000051"/>
</kw>
<status status="NOT RUN" start="2025-04-17T15:14:36.660538" elapsed="0.000297"/>
</branch>
<status status="NOT RUN" start="2025-04-17T15:14:36.659965" elapsed="0.000933"/>
</if>
<status status="NOT RUN" start="2025-04-17T15:14:36.658590" elapsed="0.002363"/>
</iter>
<status status="NOT RUN" start="2025-04-17T15:14:36.658587" elapsed="0.002421"/>
</while>
<kw name="Wait Until Element Is Visible" owner="SeleniumLibrary">
<arg>${listFilter}</arg>
<doc>Waits until the element ``locator`` is visible.</doc>
<status status="PASS" start="2025-04-17T15:14:36.661197" elapsed="0.020278"/>
</kw>
<status status="PASS" start="2025-04-17T15:14:17.151028" elapsed="19.530566"/>
</branch>
<branch type="ELSE">
<kw name="Exit For Loop" owner="BuiltIn">
<doc>Stops executing the enclosing FOR loop.</doc>
<status status="NOT RUN" start="2025-04-17T15:14:36.681917" elapsed="0.000055"/>
</kw>
<status status="NOT RUN" start="2025-04-17T15:14:36.681676" elapsed="0.000364"/>
</branch>
<status status="PASS" start="2025-04-17T15:14:17.150987" elapsed="19.531110"/>
</if>
<status status="PASS" start="2025-04-17T15:14:06.851927" elapsed="29.830261"/>
</kw>
<kw name="Wait Until Element Is Visible" owner="SeleniumLibrary">
<arg>${listFilter}</arg>
<doc>Waits until the element ``locator`` is visible.</doc>
<status status="PASS" start="2025-04-17T15:14:36.682386" elapsed="0.019239"/>
</kw>
<kw name="Wait Until Element Is Visible" owner="SeleniumLibrary">
<arg>${titleProject}</arg>
<doc>Waits until the element ``locator`` is visible.</doc>
<status status="PASS" start="2025-04-17T15:14:36.701898" elapsed="0.024380"/>
</kw>
<kw name="Get Text" owner="SeleniumLibrary">
<msg time="2025-04-17T15:14:36.754857" level="INFO">${title} = Manajemen Project</msg>
<var>${title}</var>
<arg>${titleProject}</arg>
<doc>Returns the text value of the element identified by ``locator``.</doc>
<status status="PASS" start="2025-04-17T15:14:36.726555" elapsed="0.028373"/>
</kw>
<kw name="Log To Console" owner="BuiltIn">
<arg>${\n}${title}</arg>
<doc>Logs the given message to the console.</doc>
<status status="PASS" start="2025-04-17T15:14:36.755187" elapsed="0.000682"/>
</kw>
<status status="PASS" start="2025-04-17T15:14:06.795499" elapsed="29.960605"/>
</kw>
<status status="PASS" start="2025-04-17T15:14:06.794719" elapsed="29.961527"/>
</kw>
<kw name="When user click Detail on Project" owner="pom_detailProject_MenungguPersetujuan">
<kw name="Get Length" owner="BuiltIn">
<msg time="2025-04-17T15:14:36.757228" level="INFO">Length is 22.</msg>
<msg time="2025-04-17T15:14:36.757344" level="INFO">${len} = 22</msg>
<var>${len}</var>
<arg>xpath=//tbody/tr/td[5]</arg>
<doc>Returns and logs the length of the given item as an integer.</doc>
<status status="PASS" start="2025-04-17T15:14:36.757065" elapsed="0.000331"/>
</kw>
<kw name="Sleep" owner="BuiltIn">
<msg time="2025-04-17T15:14:39.758474" level="INFO">Slept 3 seconds.</msg>
<arg>3</arg>
<doc>Pauses the test executed for the given time.</doc>
<status status="PASS" start="2025-04-17T15:14:36.757583" elapsed="3.001275"/>
</kw>
<for flavor="IN RANGE">
<iter>
<kw name="general return status" owner="generalFunct">
<kw name="Run Keyword And Return Status" owner="BuiltIn">
<kw name="Wait Until Element Is Visible" owner="SeleniumLibrary">
<arg>${locator}</arg>
<arg>timeout=5s</arg>
<doc>Waits until the element ``locator`` is visible.</doc>
<status status="PASS" start="2025-04-17T15:14:39.763385" elapsed="0.044668"/>
</kw>
<msg time="2025-04-17T15:14:39.808460" level="INFO">${res} = True</msg>
<var>${res}</var>
<arg>Wait Until Element Is Visible</arg>
<arg>${locator}</arg>
<arg>timeout=5s</arg>
<doc>Runs the given keyword with given arguments and returns the status as a Boolean value.</doc>
<status status="PASS" start="2025-04-17T15:14:39.762609" elapsed="0.045917"/>
</kw>
<return>
<value>${res}</value>
<status status="PASS" start="2025-04-17T15:14:39.808660" elapsed="0.000088"/>
</return>
<msg time="2025-04-17T15:14:39.809010" level="INFO">${res} = True</msg>
<var>${res}</var>
<arg>xpath=//tbody/tr/td[5]//div[contains(.,'${textStatus}')]</arg>
<status status="PASS" start="2025-04-17T15:14:39.761264" elapsed="0.047801"/>
</kw>
<if>
<branch type="IF" condition="${res}">
<kw name="check in project list" owner="pom_detailProject_MenungguPersetujuan">
<for flavor="IN RANGE">
<iter>
<kw name="general return status" owner="generalFunct">
<kw name="Run Keyword And Return Status" owner="BuiltIn">
<kw name="Wait Until Element Is Visible" owner="SeleniumLibrary">
<msg time="2025-04-17T15:14:45.169884" level="INFO" html="true">&lt;/td&gt;&lt;/tr&gt;&lt;tr&gt;&lt;td colspan="3"&gt;&lt;a href="selenium-screenshot-1.png"&gt;&lt;img src="selenium-screenshot-1.png" width="800px"&gt;&lt;/a&gt;</msg>
<msg time="2025-04-17T15:14:45.170254" level="FAIL">Element 'xpath=//tbody/tr[1]/td[5]//div[contains(.,'Menunggu persetujuan')]' not visible after 5 seconds.</msg>
<arg>${locator}</arg>
<arg>timeout=5s</arg>
<doc>Waits until the element ``locator`` is visible.</doc>
<status status="FAIL" start="2025-04-17T15:14:39.811845" elapsed="5.363302">Element 'xpath=//tbody/tr[1]/td[5]//div[contains(.,'Menunggu persetujuan')]' not visible after 5 seconds.</status>
</kw>
<msg time="2025-04-17T15:14:45.175373" level="INFO">${res} = False</msg>
<var>${res}</var>
<arg>Wait Until Element Is Visible</arg>
<arg>${locator}</arg>
<arg>timeout=5s</arg>
<doc>Runs the given keyword with given arguments and returns the status as a Boolean value.</doc>
<status status="PASS" start="2025-04-17T15:14:39.811539" elapsed="5.363883"/>
</kw>
<return>
<value>${res}</value>
<status status="PASS" start="2025-04-17T15:14:45.175531" elapsed="0.000073"/>
</return>
<msg time="2025-04-17T15:14:45.175821" level="INFO">${res} = False</msg>
<var>${res}</var>
<arg>xpath=//tbody/tr[${counter}]/td[5]//div[contains(.,'${textStatusProject}')]</arg>
<status status="PASS" start="2025-04-17T15:14:39.810963" elapsed="5.364903"/>
</kw>
<if>
<branch type="IF" condition="${res}">
<kw name="Get Text" owner="SeleniumLibrary">
<var>${text}</var>
<arg>xpath=//tbody/tr[${counter}]/td[1]</arg>
<doc>Returns the text value of the element identified by ``locator``.</doc>
<status status="NOT RUN" start="2025-04-17T15:14:45.176262" elapsed="0.000048"/>
</kw>
<kw name="Get Text" owner="SeleniumLibrary">
<var>${status}</var>
<arg>xpath=//tbody/tr[${counter}]/td[5]</arg>
<doc>Returns the text value of the element identified by ``locator``.</doc>
<status status="NOT RUN" start="2025-04-17T15:14:45.176481" elapsed="0.000041"/>
</kw>
<kw name="user click element" owner="generalFunct">
<arg>xpath=//tbody/tr[3]/td[6]/span/span</arg>
<status status="NOT RUN" start="2025-04-17T15:14:45.176757" elapsed="0.000053"/>
</kw>
<kw name="general Wait Until" owner="generalFunct">
<arg>xpath=//span[normalize-space()='Detail Project']</arg>
<status status="NOT RUN" start="2025-04-17T15:14:45.176990" elapsed="0.000047"/>
</kw>
<kw name="general return status" owner="generalFunct">
<var>${res_detail}</var>
<arg>xpath=//span[normalize-space()='Detail Project']</arg>
<status status="NOT RUN" start="2025-04-17T15:14:45.177221" elapsed="0.000053"/>
</kw>
<while condition="${res_detail} == $False">
<iter>
<kw name="user click element" owner="generalFunct">
<arg>xpath=//tbody/tr[${counter}]/td[contains(., 'Detail')]</arg>
<status status="NOT RUN" start="2025-04-17T15:14:45.177770" elapsed="0.000073"/>
</kw>
<kw name="general return status" owner="generalFunct">
<var>${res_detail}</var>
<arg>xpath=//span[normalize-space()='Detail Project']</arg>
<status status="NOT RUN" start="2025-04-17T15:14:45.178042" elapsed="0.000048"/>
</kw>
<status status="NOT RUN" start="2025-04-17T15:14:45.177378" elapsed="0.000777"/>
</iter>
<status status="NOT RUN" start="2025-04-17T15:14:45.177374" elapsed="0.000834"/>
</while>
<kw name="general Wait Until" owner="generalFunct">
<arg>${namaProject_onDetailPage}</arg>
<status status="NOT RUN" start="2025-04-17T15:14:45.178404" elapsed="0.000048"/>
</kw>
<kw name="Get Text" owner="SeleniumLibrary">
<var>${nameProject}</var>
<arg>${namaProject_onDetailPage}</arg>
<doc>Returns the text value of the element identified by ``locator``.</doc>
<status status="NOT RUN" start="2025-04-17T15:14:45.178623" elapsed="0.000043"/>
</kw>
<kw name="Get Text" owner="SeleniumLibrary">
<var>${status_onDetailPage}</var>
<arg>${statusProject}</arg>
<doc>Returns the text value of the element identified by ``locator``.</doc>
<status status="NOT RUN" start="2025-04-17T15:14:45.178826" elapsed="0.000040"/>
</kw>
<kw name="Log To Console" owner="BuiltIn">
<arg>Nama Project: ${nameProject}</arg>
<doc>Logs the given message to the console.</doc>
<status status="NOT RUN" start="2025-04-17T15:14:45.179037" elapsed="0.000044"/>
</kw>
<kw name="Log To Console" owner="BuiltIn">
<arg>Status Project: ${status_onDetailPage}</arg>
<doc>Logs the given message to the console.</doc>
<status status="NOT RUN" start="2025-04-17T15:14:45.179234" elapsed="0.000040"/>
</kw>
<kw name="Set Global Variable" owner="BuiltIn">
<arg>${nameProject_MenungguPersetujuan}</arg>
<arg>${nameProject}</arg>
<doc>Makes a variable available globally in all tests and suites.</doc>
<status status="NOT RUN" start="2025-04-17T15:14:45.179441" elapsed="0.000043"/>
</kw>
<kw name="Should Be Equal" owner="BuiltIn">
<arg>${nameProject}</arg>
<arg>${text}</arg>
<doc>Fails if the given objects are unequal.</doc>
<status status="NOT RUN" start="2025-04-17T15:14:45.179656" elapsed="0.000042"/>
</kw>
<kw name="Should Be Equal" owner="BuiltIn">
<arg>${status_onDetailPage}</arg>
<arg>${status}</arg>
<doc>Fails if the given objects are unequal.</doc>
<status status="NOT RUN" start="2025-04-17T15:14:45.179855" elapsed="0.000041"/>
</kw>
<kw name="Exit For Loop" owner="BuiltIn">
<doc>Stops executing the enclosing FOR loop.</doc>
<status status="NOT RUN" start="2025-04-17T15:14:45.180057" elapsed="0.000041"/>
</kw>
<status status="NOT RUN" start="2025-04-17T15:14:45.176004" elapsed="0.004150"/>
</branch>
<status status="PASS" start="2025-04-17T15:14:45.175973" elapsed="0.004242"/>
</if>
<var name="${counter}">1</var>
<status status="PASS" start="2025-04-17T15:14:39.810720" elapsed="5.369534"/>
</iter>
<iter>
<kw name="general return status" owner="generalFunct">
<kw name="Run Keyword And Return Status" owner="BuiltIn">
<kw name="Wait Until Element Is Visible" owner="SeleniumLibrary">
<msg time="2025-04-17T15:14:50.432408" level="INFO" html="true">&lt;/td&gt;&lt;/tr&gt;&lt;tr&gt;&lt;td colspan="3"&gt;&lt;a href="selenium-screenshot-2.png"&gt;&lt;img src="selenium-screenshot-2.png" width="800px"&gt;&lt;/a&gt;</msg>
<msg time="2025-04-17T15:14:50.432717" level="FAIL">Element 'xpath=//tbody/tr[2]/td[5]//div[contains(.,'Menunggu persetujuan')]' not visible after 5 seconds.</msg>
<arg>${locator}</arg>
<arg>timeout=5s</arg>
<doc>Waits until the element ``locator`` is visible.</doc>
<status status="FAIL" start="2025-04-17T15:14:45.181524" elapsed="5.252917">Element 'xpath=//tbody/tr[2]/td[5]//div[contains(.,'Menunggu persetujuan')]' not visible after 5 seconds.</status>
</kw>
<msg time="2025-04-17T15:14:50.434648" level="INFO">${res} = False</msg>
<var>${res}</var>
<arg>Wait Until Element Is Visible</arg>
<arg>${locator}</arg>
<arg>timeout=5s</arg>
<doc>Runs the given keyword with given arguments and returns the status as a Boolean value.</doc>
<status status="PASS" start="2025-04-17T15:14:45.181273" elapsed="5.253423"/>
</kw>
<return>
<value>${res}</value>
<status status="PASS" start="2025-04-17T15:14:50.434822" elapsed="0.000071"/>
</return>
<msg time="2025-04-17T15:14:50.435253" level="INFO">${res} = False</msg>
<var>${res}</var>
<arg>xpath=//tbody/tr[${counter}]/td[5]//div[contains(.,'${textStatusProject}')]</arg>
<status status="PASS" start="2025-04-17T15:14:45.180773" elapsed="5.254528"/>
</kw>
<if>
<branch type="IF" condition="${res}">
<kw name="Get Text" owner="SeleniumLibrary">
<var>${text}</var>
<arg>xpath=//tbody/tr[${counter}]/td[1]</arg>
<doc>Returns the text value of the element identified by ``locator``.</doc>
<status status="NOT RUN" start="2025-04-17T15:14:50.435712" elapsed="0.000050"/>
</kw>
<kw name="Get Text" owner="SeleniumLibrary">
<var>${status}</var>
<arg>xpath=//tbody/tr[${counter}]/td[5]</arg>
<doc>Returns the text value of the element identified by ``locator``.</doc>
<status status="NOT RUN" start="2025-04-17T15:14:50.435946" elapsed="0.000044"/>
</kw>
<kw name="user click element" owner="generalFunct">
<arg>xpath=//tbody/tr[3]/td[6]/span/span</arg>
<status status="NOT RUN" start="2025-04-17T15:14:50.436224" elapsed="0.000052"/>
</kw>
<kw name="general Wait Until" owner="generalFunct">
<arg>xpath=//span[normalize-space()='Detail Project']</arg>
<status status="NOT RUN" start="2025-04-17T15:14:50.436467" elapsed="0.000047"/>
</kw>
<kw name="general return status" owner="generalFunct">
<var>${res_detail}</var>
<arg>xpath=//span[normalize-space()='Detail Project']</arg>
<status status="NOT RUN" start="2025-04-17T15:14:50.436702" elapsed="0.000046"/>
</kw>
<while condition="${res_detail} == $False">
<iter>
<kw name="user click element" owner="generalFunct">
<arg>xpath=//tbody/tr[${counter}]/td[contains(., 'Detail')]</arg>
<status status="NOT RUN" start="2025-04-17T15:14:50.437103" elapsed="0.000049"/>
</kw>
<kw name="general return status" owner="generalFunct">
<var>${res_detail}</var>
<arg>xpath=//span[normalize-space()='Detail Project']</arg>
<status status="NOT RUN" start="2025-04-17T15:14:50.437341" elapsed="0.000058"/>
</kw>
<status status="NOT RUN" start="2025-04-17T15:14:50.436834" elapsed="0.000630"/>
</iter>
<status status="NOT RUN" start="2025-04-17T15:14:50.436832" elapsed="0.000692"/>
</while>
<kw name="general Wait Until" owner="generalFunct">
<arg>${namaProject_onDetailPage}</arg>
<status status="NOT RUN" start="2025-04-17T15:14:50.437704" elapsed="0.000048"/>
</kw>
<kw name="Get Text" owner="SeleniumLibrary">
<var>${nameProject}</var>
<arg>${namaProject_onDetailPage}</arg>
<doc>Returns the text value of the element identified by ``locator``.</doc>
<status status="NOT RUN" start="2025-04-17T15:14:50.437919" elapsed="0.000044"/>
</kw>
<kw name="Get Text" owner="SeleniumLibrary">
<var>${status_onDetailPage}</var>
<arg>${statusProject}</arg>
<doc>Returns the text value of the element identified by ``locator``.</doc>
<status status="NOT RUN" start="2025-04-17T15:14:50.438136" elapsed="0.000042"/>
</kw>
<kw name="Log To Console" owner="BuiltIn">
<arg>Nama Project: ${nameProject}</arg>
<doc>Logs the given message to the console.</doc>
<status status="NOT RUN" start="2025-04-17T15:14:50.438342" elapsed="0.000043"/>
</kw>
<kw name="Log To Console" owner="BuiltIn">
<arg>Status Project: ${status_onDetailPage}</arg>
<doc>Logs the given message to the console.</doc>
<status status="NOT RUN" start="2025-04-17T15:14:50.438543" elapsed="0.000042"/>
</kw>
<kw name="Set Global Variable" owner="BuiltIn">
<arg>${nameProject_MenungguPersetujuan}</arg>
<arg>${nameProject}</arg>
<doc>Makes a variable available globally in all tests and suites.</doc>
<status status="NOT RUN" start="2025-04-17T15:14:50.438748" elapsed="0.000042"/>
</kw>
<kw name="Should Be Equal" owner="BuiltIn">
<arg>${nameProject}</arg>
<arg>${text}</arg>
<doc>Fails if the given objects are unequal.</doc>
<status status="NOT RUN" start="2025-04-17T15:14:50.438951" elapsed="0.000040"/>
</kw>
<kw name="Should Be Equal" owner="BuiltIn">
<arg>${status_onDetailPage}</arg>
<arg>${status}</arg>
<doc>Fails if the given objects are unequal.</doc>
<status status="NOT RUN" start="2025-04-17T15:14:50.439163" elapsed="0.000040"/>
</kw>
<kw name="Exit For Loop" owner="BuiltIn">
<doc>Stops executing the enclosing FOR loop.</doc>
<status status="NOT RUN" start="2025-04-17T15:14:50.439354" elapsed="0.000040"/>
</kw>
<status status="NOT RUN" start="2025-04-17T15:14:50.435455" elapsed="0.003992"/>
</branch>
<status status="PASS" start="2025-04-17T15:14:50.435421" elapsed="0.004088"/>
</if>
<var name="${counter}">2</var>
<status status="PASS" start="2025-04-17T15:14:45.180584" elapsed="5.258965"/>
</iter>
<iter>
<kw name="general return status" owner="generalFunct">
<kw name="Run Keyword And Return Status" owner="BuiltIn">
<kw name="Wait Until Element Is Visible" owner="SeleniumLibrary">
<arg>${locator}</arg>
<arg>timeout=5s</arg>
<doc>Waits until the element ``locator`` is visible.</doc>
<status status="PASS" start="2025-04-17T15:14:50.440830" elapsed="0.028752"/>
</kw>
<msg time="2025-04-17T15:14:50.469862" level="INFO">${res} = True</msg>
<var>${res}</var>
<arg>Wait Until Element Is Visible</arg>
<arg>${locator}</arg>
<arg>timeout=5s</arg>
<doc>Runs the given keyword with given arguments and returns the status as a Boolean value.</doc>
<status status="PASS" start="2025-04-17T15:14:50.440566" elapsed="0.029371"/>
</kw>
<return>
<value>${res}</value>
<status status="PASS" start="2025-04-17T15:14:50.470100" elapsed="0.000096"/>
</return>
<msg time="2025-04-17T15:14:50.470505" level="INFO">${res} = True</msg>
<var>${res}</var>
<arg>xpath=//tbody/tr[${counter}]/td[5]//div[contains(.,'${textStatusProject}')]</arg>
<status status="PASS" start="2025-04-17T15:14:50.440072" elapsed="0.030500"/>
</kw>
<if>
<branch type="IF" condition="${res}">
<kw name="Get Text" owner="SeleniumLibrary">
<msg time="2025-04-17T15:14:50.499093" level="INFO">${text} = ProjectTest2 9 april</msg>
<var>${text}</var>
<arg>xpath=//tbody/tr[${counter}]/td[1]</arg>
<doc>Returns the text value of the element identified by ``locator``.</doc>
<status status="PASS" start="2025-04-17T15:14:50.471145" elapsed="0.028015"/>
</kw>
<kw name="Get Text" owner="SeleniumLibrary">
<msg time="2025-04-17T15:14:50.528377" level="INFO">${status} = Menunggu persetujuan</msg>
<var>${status}</var>
<arg>xpath=//tbody/tr[${counter}]/td[5]</arg>
<doc>Returns the text value of the element identified by ``locator``.</doc>
<status status="PASS" start="2025-04-17T15:14:50.499416" elapsed="0.029061"/>
</kw>
<kw name="user click element" owner="generalFunct">
<kw name="Sleep" owner="BuiltIn">
<msg time="2025-04-17T15:14:55.530096" level="INFO">Slept 5 seconds.</msg>
<arg>5</arg>
<doc>Pauses the test executed for the given time.</doc>
<status status="PASS" start="2025-04-17T15:14:50.529638" elapsed="5.000701"/>
</kw>
<kw name="Wait Until Element Is Visible" owner="SeleniumLibrary">
<arg>${element}</arg>
<doc>Waits until the element ``locator`` is visible.</doc>
<status status="PASS" start="2025-04-17T15:14:55.530770" elapsed="0.027644"/>
</kw>
<kw name="Click Element" owner="SeleniumLibrary">
<msg time="2025-04-17T15:14:55.559310" level="INFO">Clicking element 'xpath=//tbody/tr[3]/td[6]/span/span'.</msg>
<msg time="2025-04-17T15:14:55.659922" level="INFO">${clickElement} = None</msg>
<var>${clickElement}</var>
<arg>${element}</arg>
<doc>Click the element identified by ``locator``.</doc>
<status status="PASS" start="2025-04-17T15:14:55.558848" elapsed="0.101175"/>
</kw>
<return>
<value>${clickElement}</value>
<status status="PASS" start="2025-04-17T15:14:55.660210" elapsed="0.000110"/>
</return>
<arg>xpath=//tbody/tr[3]/td[6]/span/span</arg>
<status status="PASS" start="2025-04-17T15:14:50.528964" elapsed="5.131648"/>
</kw>
<kw name="general Wait Until" owner="generalFunct">
<kw name="Wait Until Element Is Visible" owner="SeleniumLibrary">
<arg>${locator}</arg>
<arg>timeout=5s</arg>
<doc>Waits until the element ``locator`` is visible.</doc>
<status status="PASS" start="2025-04-17T15:14:55.661716" elapsed="1.148222"/>
</kw>
<kw name="Sleep" owner="BuiltIn">
<msg time="2025-04-17T15:15:01.811464" level="INFO">Slept 5 seconds.</msg>
<arg>5</arg>
<doc>Pauses the test executed for the given time.</doc>
<status status="PASS" start="2025-04-17T15:14:56.810212" elapsed="5.001944"/>
</kw>
<arg>xpath=//span[normalize-space()='Detail Project']</arg>
<status status="PASS" start="2025-04-17T15:14:55.661003" elapsed="6.151566"/>
</kw>
<kw name="general return status" owner="generalFunct">
<kw name="Run Keyword And Return Status" owner="BuiltIn">
<kw name="Wait Until Element Is Visible" owner="SeleniumLibrary">
<arg>${locator}</arg>
<arg>timeout=5s</arg>
<doc>Waits until the element ``locator`` is visible.</doc>
<status status="PASS" start="2025-04-17T15:15:01.815351" elapsed="0.049019"/>
</kw>
<msg time="2025-04-17T15:15:01.864732" level="INFO">${res} = True</msg>
<var>${res}</var>
<arg>Wait Until Element Is Visible</arg>
<arg>${locator}</arg>
<arg>timeout=5s</arg>
<doc>Runs the given keyword with given arguments and returns the status as a Boolean value.</doc>
<status status="PASS" start="2025-04-17T15:15:01.814595" elapsed="0.050232"/>
</kw>
<return>
<value>${res}</value>
<status status="PASS" start="2025-04-17T15:15:01.865021" elapsed="0.000141"/>
</return>
<msg time="2025-04-17T15:15:01.865556" level="INFO">${res_detail} = True</msg>
<var>${res_detail}</var>
<arg>xpath=//span[normalize-space()='Detail Project']</arg>
<status status="PASS" start="2025-04-17T15:15:01.813355" elapsed="0.052285"/>
</kw>
<while condition="${res_detail} == $False">
<iter>
<kw name="user click element" owner="generalFunct">
<arg>xpath=//tbody/tr[${counter}]/td[contains(., 'Detail')]</arg>
<status status="NOT RUN" start="2025-04-17T15:15:01.866777" elapsed="0.000107"/>
</kw>
<kw name="general return status" owner="generalFunct">
<var>${res_detail}</var>
<arg>xpath=//span[normalize-space()='Detail Project']</arg>
<status status="NOT RUN" start="2025-04-17T15:15:01.867272" elapsed="0.000097"/>
</kw>
<status status="NOT RUN" start="2025-04-17T15:15:01.865825" elapsed="0.001673"/>
</iter>
<status status="NOT RUN" start="2025-04-17T15:15:01.865821" elapsed="0.001781"/>
</while>
<kw name="general Wait Until" owner="generalFunct">
<kw name="Wait Until Element Is Visible" owner="SeleniumLibrary">
<arg>${locator}</arg>
<arg>timeout=5s</arg>
<doc>Waits until the element ``locator`` is visible.</doc>
<status status="PASS" start="2025-04-17T15:15:01.868777" elapsed="0.034404"/>
</kw>
<kw name="Sleep" owner="BuiltIn">
<msg time="2025-04-17T15:15:06.904791" level="INFO">Slept 5 seconds.</msg>
<arg>5</arg>
<doc>Pauses the test executed for the given time.</doc>
<status status="PASS" start="2025-04-17T15:15:01.903449" elapsed="5.001723"/>
</kw>
<arg>${namaProject_onDetailPage}</arg>
<status status="PASS" start="2025-04-17T15:15:01.867955" elapsed="5.037623"/>
</kw>
<kw name="Get Text" owner="SeleniumLibrary">
<msg time="2025-04-17T15:15:06.962533" level="INFO">${nameProject} = ProjectTest2 9 april</msg>
<var>${nameProject}</var>
<arg>${namaProject_onDetailPage}</arg>
<doc>Returns the text value of the element identified by ``locator``.</doc>
<status status="PASS" start="2025-04-17T15:15:06.906227" elapsed="0.056492"/>
</kw>
<kw name="Get Text" owner="SeleniumLibrary">
<msg time="2025-04-17T15:15:07.013779" level="INFO">${status_onDetailPage} = Menunggu persetujuan</msg>
<var>${status_onDetailPage}</var>
<arg>${statusProject}</arg>
<doc>Returns the text value of the element identified by ``locator``.</doc>
<status status="PASS" start="2025-04-17T15:15:06.963416" elapsed="0.050429"/>
</kw>
<kw name="Log To Console" owner="BuiltIn">
<arg>Nama Project: ${nameProject}</arg>
<doc>Logs the given message to the console.</doc>
<status status="PASS" start="2025-04-17T15:15:07.014104" elapsed="0.000517"/>
</kw>
<kw name="Log To Console" owner="BuiltIn">
<arg>Status Project: ${status_onDetailPage}</arg>
<doc>Logs the given message to the console.</doc>
<status status="PASS" start="2025-04-17T15:15:07.014983" elapsed="0.000595"/>
</kw>
<kw name="Set Global Variable" owner="BuiltIn">
<msg time="2025-04-17T15:15:07.017740" level="INFO">${nameProject_MenungguPersetujuan} = ProjectTest2 9 april</msg>
<arg>${nameProject_MenungguPersetujuan}</arg>
<arg>${nameProject}</arg>
<doc>Makes a variable available globally in all tests and suites.</doc>
<status status="PASS" start="2025-04-17T15:15:07.015938" elapsed="0.001891"/>
</kw>
<kw name="Should Be Equal" owner="BuiltIn">
<arg>${nameProject}</arg>
<arg>${text}</arg>
<doc>Fails if the given objects are unequal.</doc>
<status status="PASS" start="2025-04-17T15:15:07.018048" elapsed="0.000294"/>
</kw>
<kw name="Should Be Equal" owner="BuiltIn">
<arg>${status_onDetailPage}</arg>
<arg>${status}</arg>
<doc>Fails if the given objects are unequal.</doc>
<status status="PASS" start="2025-04-17T15:15:07.018536" elapsed="0.000280"/>
</kw>
<kw name="Exit For Loop" owner="BuiltIn">
<msg time="2025-04-17T15:15:07.019139" level="INFO">Exiting for loop altogether.</msg>
<doc>Stops executing the enclosing FOR loop.</doc>
<status status="PASS" start="2025-04-17T15:15:07.019002" elapsed="0.000270"/>
</kw>
<status status="PASS" start="2025-04-17T15:14:50.470769" elapsed="16.548627"/>
</branch>
<status status="PASS" start="2025-04-17T15:14:50.470726" elapsed="16.548795"/>
</if>
<var name="${counter}">3</var>
<status status="PASS" start="2025-04-17T15:14:50.439886" elapsed="16.579722"/>
</iter>
<var>${counter}</var>
<value>1</value>
<value>10</value>
<status status="PASS" start="2025-04-17T15:14:39.810232" elapsed="27.209531"/>
</for>
<arg>${textStatus}</arg>
<status status="PASS" start="2025-04-17T15:14:39.809816" elapsed="27.210189"/>
</kw>
<kw name="Exit For Loop" owner="BuiltIn">
<msg time="2025-04-17T15:15:07.020563" level="INFO">Exiting for loop altogether.</msg>
<doc>Stops executing the enclosing FOR loop.</doc>
<status status="PASS" start="2025-04-17T15:15:07.020351" elapsed="0.000372"/>
</kw>
<status status="PASS" start="2025-04-17T15:14:39.809225" elapsed="27.211628"/>
</branch>
<branch type="ELSE">
<kw name="general return status" owner="generalFunct">
<var>${next}</var>
<arg>${nextPage}</arg>
<status status="NOT RUN" start="2025-04-17T15:15:07.021370" elapsed="0.000088"/>
</kw>
<kw name="Run Keyword If" owner="BuiltIn">
<arg>${next}</arg>
<arg>user click element</arg>
<arg>${nextPage}</arg>
<doc>Runs the given keyword with the given arguments, if ``condition`` is true.</doc>
<status status="NOT RUN" start="2025-04-17T15:15:07.021828" elapsed="0.000080"/>
</kw>
<status status="NOT RUN" start="2025-04-17T15:15:07.020975" elapsed="0.001073"/>
</branch>
<status status="PASS" start="2025-04-17T15:14:39.809188" elapsed="27.212964"/>
</if>
<var name="${counter}">1</var>
<status status="PASS" start="2025-04-17T15:14:39.760582" elapsed="27.261657"/>
</iter>
<var>${counter}</var>
<value>1</value>
<value>${len}</value>
<status status="PASS" start="2025-04-17T15:14:39.759249" elapsed="27.263099"/>
</for>
<arg>Menunggu persetujuan</arg>
<status status="PASS" start="2025-04-17T15:14:36.756639" elapsed="30.265844"/>
</kw>
<kw name="And detail information on detail page" owner="pom_detailProject_MenungguPersetujuan">
<kw name="Get Length" owner="BuiltIn">
<msg time="2025-04-17T15:15:07.023387" level="INFO">Length is 31.</msg>
<msg time="2025-04-17T15:15:07.023501" level="INFO">${len} = 31</msg>
<var>${len}</var>
<arg>xpath=//div[@class='w-100']/div</arg>
<doc>Returns and logs the length of the given item as an integer.</doc>
<status status="PASS" start="2025-04-17T15:15:07.023226" elapsed="0.000317"/>
</kw>
<for flavor="IN RANGE">
<iter>
<kw name="general return status" owner="generalFunct">
<kw name="Run Keyword And Return Status" owner="BuiltIn">
<kw name="Wait Until Element Is Visible" owner="SeleniumLibrary">
<arg>${locator}</arg>
<arg>timeout=5s</arg>
<doc>Waits until the element ``locator`` is visible.</doc>
<status status="PASS" start="2025-04-17T15:15:07.024873" elapsed="0.030835"/>
</kw>
<msg time="2025-04-17T15:15:07.055914" level="INFO">${res} = True</msg>
<var>${res}</var>
<arg>Wait Until Element Is Visible</arg>
<arg>${locator}</arg>
<arg>timeout=5s</arg>
<doc>Runs the given keyword with given arguments and returns the status as a Boolean value.</doc>
<status status="PASS" start="2025-04-17T15:15:07.024630" elapsed="0.031334"/>
</kw>
<return>
<value>${res}</value>
<status status="PASS" start="2025-04-17T15:15:07.056164" elapsed="0.000076"/>
</return>
<msg time="2025-04-17T15:15:07.056463" level="INFO">${res} = True</msg>
<var>${res}</var>
<arg>xpath=//div[@class='w-100']/div[${counter}]</arg>
<status status="PASS" start="2025-04-17T15:15:07.024198" elapsed="0.032310"/>
</kw>
<if>
<branch type="IF" condition="${res}">
<kw name="Get Text" owner="SeleniumLibrary">
<msg time="2025-04-17T15:15:07.086411" level="INFO">${text} = Admin</msg>
<var>${text}</var>
<arg>xpath=//div[@class='w-100']/div[${counter}]/div[1]/span</arg>
<doc>Returns the text value of the element identified by ``locator``.</doc>
<status status="PASS" start="2025-04-17T15:15:07.056900" elapsed="0.029579"/>
</kw>
<kw name="Get Text" owner="SeleniumLibrary">
<msg time="2025-04-17T15:15:07.115025" level="INFO">${textName} = gonsadm</msg>
<var>${textName}</var>
<arg>xpath=//div[@class='w-100']/div[${counter}]/div[2]/span[2]</arg>
<doc>Returns the text value of the element identified by ``locator``.</doc>
<status status="PASS" start="2025-04-17T15:15:07.086762" elapsed="0.028332"/>
</kw>
<kw name="Log To Console" owner="BuiltIn">
<arg>${text}: ${textName}</arg>
<doc>Logs the given message to the console.</doc>
<status status="PASS" start="2025-04-17T15:15:07.115384" elapsed="0.000523"/>
</kw>
<kw name="Get Text" owner="SeleniumLibrary">
<msg time="2025-04-17T15:15:07.145108" level="INFO">${textBorder} = Tanggal project</msg>
<var>${textBorder}</var>
<arg>xpath=//div[@class="w-100 borderRight "]/div[${counter}]/div[1]/span</arg>
<doc>Returns the text value of the element identified by ``locator``.</doc>
<status status="PASS" start="2025-04-17T15:15:07.116281" elapsed="0.028943"/>
</kw>
<kw name="Get Text" owner="SeleniumLibrary">
<msg time="2025-04-17T15:15:07.173472" level="INFO">${textBorderRight} = 09 Apr 2025 - 30 Apr 2025</msg>
<var>${textBorderRight}</var>
<arg>xpath=//div[@class="w-100 borderRight "]/div[${counter}]/div[2]/span[2]</arg>
<doc>Returns the text value of the element identified by ``locator``.</doc>
<status status="PASS" start="2025-04-17T15:15:07.145629" elapsed="0.027911"/>
</kw>
<kw name="Log To Console" owner="BuiltIn">
<arg>${textBorder}: ${textBorderRight}</arg>
<doc>Logs the given message to the console.</doc>
<status status="PASS" start="2025-04-17T15:15:07.173803" elapsed="0.000551"/>
</kw>
<status status="PASS" start="2025-04-17T15:15:07.056642" elapsed="0.117855"/>
</branch>
<branch type="ELSE">
<kw name="Exit For Loop" owner="BuiltIn">
<doc>Stops executing the enclosing FOR loop.</doc>
<status status="NOT RUN" start="2025-04-17T15:15:07.174908" elapsed="0.000057"/>
</kw>
<status status="NOT RUN" start="2025-04-17T15:15:07.174627" elapsed="0.000426"/>
</branch>
<status status="PASS" start="2025-04-17T15:15:07.056612" elapsed="0.118508"/>
</if>
<var name="${counter}">1</var>
<status status="PASS" start="2025-04-17T15:15:07.024008" elapsed="0.151158"/>
</iter>
<iter>
<kw name="general return status" owner="generalFunct">
<kw name="Run Keyword And Return Status" owner="BuiltIn">
<kw name="Wait Until Element Is Visible" owner="SeleniumLibrary">
<arg>${locator}</arg>
<arg>timeout=5s</arg>
<doc>Waits until the element ``locator`` is visible.</doc>
<status status="PASS" start="2025-04-17T15:15:07.176398" elapsed="0.026209"/>
</kw>
<msg time="2025-04-17T15:15:07.202816" level="INFO">${res} = True</msg>
<var>${res}</var>
<arg>Wait Until Element Is Visible</arg>
<arg>${locator}</arg>
<arg>timeout=5s</arg>
<doc>Runs the given keyword with given arguments and returns the status as a Boolean value.</doc>
<status status="PASS" start="2025-04-17T15:15:07.176148" elapsed="0.026720"/>
</kw>
<return>
<value>${res}</value>
<status status="PASS" start="2025-04-17T15:15:07.202991" elapsed="0.000074"/>
</return>
<msg time="2025-04-17T15:15:07.203309" level="INFO">${res} = True</msg>
<var>${res}</var>
<arg>xpath=//div[@class='w-100']/div[${counter}]</arg>
<status status="PASS" start="2025-04-17T15:15:07.175675" elapsed="0.027681"/>
</kw>
<if>
<branch type="IF" condition="${res}">
<kw name="Get Text" owner="SeleniumLibrary">
<msg time="2025-04-17T15:15:07.231371" level="INFO">${text} = Manager Project</msg>
<var>${text}</var>
<arg>xpath=//div[@class='w-100']/div[${counter}]/div[1]/span</arg>
<doc>Returns the text value of the element identified by ``locator``.</doc>
<status status="PASS" start="2025-04-17T15:15:07.203748" elapsed="0.027694"/>
</kw>
<kw name="Get Text" owner="SeleniumLibrary">
<msg time="2025-04-17T15:15:07.258987" level="INFO">${textName} = gonsapproval</msg>
<var>${textName}</var>
<arg>xpath=//div[@class='w-100']/div[${counter}]/div[2]/span[2]</arg>
<doc>Returns the text value of the element identified by ``locator``.</doc>
<status status="PASS" start="2025-04-17T15:15:07.231701" elapsed="0.027355"/>
</kw>
<kw name="Log To Console" owner="BuiltIn">
<arg>${text}: ${textName}</arg>
<doc>Logs the given message to the console.</doc>
<status status="PASS" start="2025-04-17T15:15:07.259318" elapsed="0.000535"/>
</kw>
<kw name="Get Text" owner="SeleniumLibrary">
<msg time="2025-04-17T15:15:07.288216" level="INFO">${textBorder} = Anggaran maksimal</msg>
<var>${textBorder}</var>
<arg>xpath=//div[@class="w-100 borderRight "]/div[${counter}]/div[1]/span</arg>
<doc>Returns the text value of the element identified by ``locator``.</doc>
<status status="PASS" start="2025-04-17T15:15:07.260183" elapsed="0.028102"/>
</kw>
<kw name="Get Text" owner="SeleniumLibrary">
<msg time="2025-04-17T15:15:07.325446" level="INFO">${textBorderRight} = Rp 50,000,000</msg>
<var>${textBorderRight}</var>
<arg>xpath=//div[@class="w-100 borderRight "]/div[${counter}]/div[2]/span[2]</arg>
<doc>Returns the text value of the element identified by ``locator``.</doc>
<status status="PASS" start="2025-04-17T15:15:07.288547" elapsed="0.036967"/>
</kw>
<kw name="Log To Console" owner="BuiltIn">
<arg>${textBorder}: ${textBorderRight}</arg>
<doc>Logs the given message to the console.</doc>
<status status="PASS" start="2025-04-17T15:15:07.325779" elapsed="0.000592"/>
</kw>
<status status="PASS" start="2025-04-17T15:15:07.203490" elapsed="0.123019"/>
</branch>
<branch type="ELSE">
<kw name="Exit For Loop" owner="BuiltIn">
<doc>Stops executing the enclosing FOR loop.</doc>
<status status="NOT RUN" start="2025-04-17T15:15:07.326891" elapsed="0.000060"/>
</kw>
<status status="NOT RUN" start="2025-04-17T15:15:07.326639" elapsed="0.000380"/>
</branch>
<status status="PASS" start="2025-04-17T15:15:07.203459" elapsed="0.123616"/>
</if>
<var name="${counter}">2</var>
<status status="PASS" start="2025-04-17T15:15:07.175441" elapsed="0.151679"/>
</iter>
<iter>
<kw name="general return status" owner="generalFunct">
<kw name="Run Keyword And Return Status" owner="BuiltIn">
<kw name="Wait Until Element Is Visible" owner="SeleniumLibrary">
<arg>${locator}</arg>
<arg>timeout=5s</arg>
<doc>Waits until the element ``locator`` is visible.</doc>
<status status="PASS" start="2025-04-17T15:15:07.328906" elapsed="0.026794"/>
</kw>
<msg time="2025-04-17T15:15:07.355905" level="INFO">${res} = True</msg>
<var>${res}</var>
<arg>Wait Until Element Is Visible</arg>
<arg>${locator}</arg>
<arg>timeout=5s</arg>
<doc>Runs the given keyword with given arguments and returns the status as a Boolean value.</doc>
<status status="PASS" start="2025-04-17T15:15:07.328596" elapsed="0.027362"/>
</kw>
<return>
<value>${res}</value>
<status status="PASS" start="2025-04-17T15:15:07.356078" elapsed="0.000073"/>
</return>
<msg time="2025-04-17T15:15:07.356366" level="INFO">${res} = True</msg>
<var>${res}</var>
<arg>xpath=//div[@class='w-100']/div[${counter}]</arg>
<status status="PASS" start="2025-04-17T15:15:07.328005" elapsed="0.028405"/>
</kw>
<if>
<branch type="IF" condition="${res}">
<kw name="Get Text" owner="SeleniumLibrary">
<msg time="2025-04-17T15:15:07.384921" level="INFO">${text} = Finance</msg>
<var>${text}</var>
<arg>xpath=//div[@class='w-100']/div[${counter}]/div[1]/span</arg>
<doc>Returns the text value of the element identified by ``locator``.</doc>
<status status="PASS" start="2025-04-17T15:15:07.356880" elapsed="0.028107"/>
</kw>
<kw name="Get Text" owner="SeleniumLibrary">
<msg time="2025-04-17T15:15:07.412079" level="INFO">${textName} = gonsfin</msg>
<var>${textName}</var>
<arg>xpath=//div[@class='w-100']/div[${counter}]/div[2]/span[2]</arg>
<doc>Returns the text value of the element identified by ``locator``.</doc>
<status status="PASS" start="2025-04-17T15:15:07.385277" elapsed="0.026870"/>
</kw>
<kw name="Log To Console" owner="BuiltIn">
<arg>${text}: ${textName}</arg>
<doc>Logs the given message to the console.</doc>
<status status="PASS" start="2025-04-17T15:15:07.412407" elapsed="0.000615"/>
</kw>
<kw name="Get Text" owner="SeleniumLibrary">
<msg time="2025-04-17T15:15:07.440134" level="INFO">${textBorder} = Total pembelian</msg>
<var>${textBorder}</var>
<arg>xpath=//div[@class="w-100 borderRight "]/div[${counter}]/div[1]/span</arg>
<doc>Returns the text value of the element identified by ``locator``.</doc>
<status status="PASS" start="2025-04-17T15:15:07.413386" elapsed="0.026825"/>
</kw>
<kw name="Get Text" owner="SeleniumLibrary">
<msg time="2025-04-17T15:15:07.468868" level="INFO">${textBorderRight} = Rp 0</msg>
<var>${textBorderRight}</var>
<arg>xpath=//div[@class="w-100 borderRight "]/div[${counter}]/div[2]/span[2]</arg>
<doc>Returns the text value of the element identified by ``locator``.</doc>
<status status="PASS" start="2025-04-17T15:15:07.440647" elapsed="0.028291"/>
</kw>
<kw name="Log To Console" owner="BuiltIn">
<arg>${textBorder}: ${textBorderRight}</arg>
<doc>Logs the given message to the console.</doc>
<status status="PASS" start="2025-04-17T15:15:07.469257" elapsed="0.000567"/>
</kw>
<status status="PASS" start="2025-04-17T15:15:07.356541" elapsed="0.113422"/>
</branch>
<branch type="ELSE">
<kw name="Exit For Loop" owner="BuiltIn">
<doc>Stops executing the enclosing FOR loop.</doc>
<status status="NOT RUN" start="2025-04-17T15:15:07.470373" elapsed="0.000057"/>
</kw>
<status status="NOT RUN" start="2025-04-17T15:15:07.470107" elapsed="0.000392"/>
</branch>
<status status="PASS" start="2025-04-17T15:15:07.356512" elapsed="0.114044"/>
</if>
<var name="${counter}">3</var>
<status status="PASS" start="2025-04-17T15:15:07.327705" elapsed="0.142896"/>
</iter>
<iter>
<kw name="general return status" owner="generalFunct">
<kw name="Run Keyword And Return Status" owner="BuiltIn">
<kw name="Wait Until Element Is Visible" owner="SeleniumLibrary">
<msg time="2025-04-17T15:15:12.787914" level="INFO" html="true">&lt;/td&gt;&lt;/tr&gt;&lt;tr&gt;&lt;td colspan="3"&gt;&lt;a href="selenium-screenshot-3.png"&gt;&lt;img src="selenium-screenshot-3.png" width="800px"&gt;&lt;/a&gt;</msg>
<msg time="2025-04-17T15:15:12.788248" level="FAIL">Element 'xpath=//div[@class='w-100']/div[4]' not visible after 5 seconds.</msg>
<arg>${locator}</arg>
<arg>timeout=5s</arg>
<doc>Waits until the element ``locator`` is visible.</doc>
<status status="FAIL" start="2025-04-17T15:15:07.471833" elapsed="5.318270">Element 'xpath=//div[@class='w-100']/div[4]' not visible after 5 seconds.</status>
</kw>
<msg time="2025-04-17T15:15:12.790322" level="INFO">${res} = False</msg>
<var>${res}</var>
<arg>Wait Until Element Is Visible</arg>
<arg>${locator}</arg>
<arg>timeout=5s</arg>
<doc>Runs the given keyword with given arguments and returns the status as a Boolean value.</doc>
<status status="PASS" start="2025-04-17T15:15:07.471569" elapsed="5.318802"/>
</kw>
<return>
<value>${res}</value>
<status status="PASS" start="2025-04-17T15:15:12.790477" elapsed="0.000069"/>
</return>
<msg time="2025-04-17T15:15:12.790748" level="INFO">${res} = False</msg>
<var>${res}</var>
<arg>xpath=//div[@class='w-100']/div[${counter}]</arg>
<status status="PASS" start="2025-04-17T15:15:07.471111" elapsed="5.319681"/>
</kw>
<if>
<branch type="IF" condition="${res}">
<kw name="Get Text" owner="SeleniumLibrary">
<var>${text}</var>
<arg>xpath=//div[@class='w-100']/div[${counter}]/div[1]/span</arg>
<doc>Returns the text value of the element identified by ``locator``.</doc>
<status status="NOT RUN" start="2025-04-17T15:15:12.791189" elapsed="0.000048"/>
</kw>
<kw name="Get Text" owner="SeleniumLibrary">
<var>${textName}</var>
<arg>xpath=//div[@class='w-100']/div[${counter}]/div[2]/span[2]</arg>
<doc>Returns the text value of the element identified by ``locator``.</doc>
<status status="NOT RUN" start="2025-04-17T15:15:12.791419" elapsed="0.000043"/>
</kw>
<kw name="Log To Console" owner="BuiltIn">
<arg>${text}: ${textName}</arg>
<doc>Logs the given message to the console.</doc>
<status status="NOT RUN" start="2025-04-17T15:15:12.791630" elapsed="0.000050"/>
</kw>
<kw name="Get Text" owner="SeleniumLibrary">
<var>${textBorder}</var>
<arg>xpath=//div[@class="w-100 borderRight "]/div[${counter}]/div[1]/span</arg>
<doc>Returns the text value of the element identified by ``locator``.</doc>
<status status="NOT RUN" start="2025-04-17T15:15:12.791840" elapsed="0.000054"/>
</kw>
<kw name="Get Text" owner="SeleniumLibrary">
<var>${textBorderRight}</var>
<arg>xpath=//div[@class="w-100 borderRight "]/div[${counter}]/div[2]/span[2]</arg>
<doc>Returns the text value of the element identified by ``locator``.</doc>
<status status="NOT RUN" start="2025-04-17T15:15:12.792056" elapsed="0.000041"/>
</kw>
<kw name="Log To Console" owner="BuiltIn">
<arg>${textBorder}: ${textBorderRight}</arg>
<doc>Logs the given message to the console.</doc>
<status status="NOT RUN" start="2025-04-17T15:15:12.792416" elapsed="0.000108"/>
</kw>
<status status="NOT RUN" start="2025-04-17T15:15:12.790939" elapsed="0.001652"/>
</branch>
<branch type="ELSE">
<kw name="Exit For Loop" owner="BuiltIn">
<msg time="2025-04-17T15:15:12.792978" level="INFO">Exiting for loop altogether.</msg>
<doc>Stops executing the enclosing FOR loop.</doc>
<status status="PASS" start="2025-04-17T15:15:12.792826" elapsed="0.000250"/>
</kw>
<status status="PASS" start="2025-04-17T15:15:12.792660" elapsed="0.000496"/>
</branch>
<status status="PASS" start="2025-04-17T15:15:12.790910" elapsed="0.002304"/>
</if>
<var name="${counter}">4</var>
<status status="PASS" start="2025-04-17T15:15:07.470902" elapsed="5.322362"/>
</iter>
<var>${counter}</var>
<value>1</value>
<value>${len}</value>
<status status="PASS" start="2025-04-17T15:15:07.023643" elapsed="5.769696"/>
</for>
<status status="PASS" start="2025-04-17T15:15:07.022865" elapsed="5.770601"/>
</kw>
<status status="PASS" start="2025-04-17T15:14:06.794170" elapsed="65.999382"/>
</kw>
<kw name="When user ubah project" owner="pom_detailProject_MenungguPersetujuan">
<kw name="click button ubah" owner="generalFunct">
<kw name="general Wait Until" owner="generalFunct">
<kw name="Wait Until Element Is Visible" owner="SeleniumLibrary">
<arg>${locator}</arg>
<arg>timeout=5s</arg>
<doc>Waits until the element ``locator`` is visible.</doc>
<status status="PASS" start="2025-04-17T15:15:12.794956" elapsed="0.026536"/>
</kw>
<kw name="Sleep" owner="BuiltIn">
<msg time="2025-04-17T15:15:17.822234" level="INFO">Slept 5 seconds.</msg>
<arg>5</arg>
<doc>Pauses the test executed for the given time.</doc>
<status status="PASS" start="2025-04-17T15:15:12.821773" elapsed="5.000690"/>
</kw>
<arg>${buttonUbah}</arg>
<status status="PASS" start="2025-04-17T15:15:12.794581" elapsed="5.028196"/>
</kw>
<kw name="user click element" owner="generalFunct">
<kw name="Sleep" owner="BuiltIn">
<msg time="2025-04-17T15:15:22.826786" level="INFO">Slept 5 seconds.</msg>
<arg>5</arg>
<doc>Pauses the test executed for the given time.</doc>
<status status="PASS" start="2025-04-17T15:15:17.825495" elapsed="5.001671"/>
</kw>
<kw name="Wait Until Element Is Visible" owner="SeleniumLibrary">
<arg>${element}</arg>
<doc>Waits until the element ``locator`` is visible.</doc>
<status status="PASS" start="2025-04-17T15:15:22.827892" elapsed="0.049036"/>
</kw>
<kw name="Click Element" owner="SeleniumLibrary">
<msg time="2025-04-17T15:15:22.877653" level="INFO">Clicking element 'xpath=//div[@class='d-flex align-items-center justify-content-end w-100']/button[2]'.</msg>
<msg time="2025-04-17T15:15:22.966630" level="INFO">${clickElement} = None</msg>
<var>${clickElement}</var>
<arg>${element}</arg>
<doc>Click the element identified by ``locator``.</doc>
<status status="PASS" start="2025-04-17T15:15:22.877330" elapsed="0.089425"/>
</kw>
<return>
<value>${clickElement}</value>
<status status="PASS" start="2025-04-17T15:15:22.966952" elapsed="0.000106"/>
</return>
<arg>${buttonUbah}</arg>
<status status="PASS" start="2025-04-17T15:15:17.823543" elapsed="5.143719"/>
</kw>
<status status="PASS" start="2025-04-17T15:15:12.794250" elapsed="10.173218"/>
</kw>
<kw name="general return status" owner="generalFunct">
<kw name="Run Keyword And Return Status" owner="BuiltIn">
<kw name="Wait Until Element Is Visible" owner="SeleniumLibrary">
<arg>${locator}</arg>
<arg>timeout=5s</arg>
<doc>Waits until the element ``locator`` is visible.</doc>
<status status="PASS" start="2025-04-17T15:15:22.969424" elapsed="1.251913"/>
</kw>
<msg time="2025-04-17T15:15:24.221547" level="INFO">${res} = True</msg>
<var>${res}</var>
<arg>Wait Until Element Is Visible</arg>
<arg>${locator}</arg>
<arg>timeout=5s</arg>
<doc>Runs the given keyword with given arguments and returns the status as a Boolean value.</doc>
<status status="PASS" start="2025-04-17T15:15:22.968861" elapsed="1.252751"/>
</kw>
<return>
<value>${res}</value>
<status status="PASS" start="2025-04-17T15:15:24.221740" elapsed="0.000083"/>
</return>
<msg time="2025-04-17T15:15:24.222047" level="INFO">${res} = True</msg>
<var>${res}</var>
<arg>${iconDeleteCity}</arg>
<status status="PASS" start="2025-04-17T15:15:22.967948" elapsed="1.254143"/>
</kw>
<if>
<branch type="IF" condition="${res}">
<kw name="Element Should Be Visible" owner="SeleniumLibrary">
<msg time="2025-04-17T15:15:24.245874" level="INFO">Element 'xpath=//div[@id='svgdeletecity']' is displayed.</msg>
<arg>${iconDeleteCity}</arg>
<doc>Verifies that the element identified by ``locator`` is visible.</doc>
<status status="PASS" start="2025-04-17T15:15:24.222490" elapsed="0.023507"/>
</kw>
<status status="PASS" start="2025-04-17T15:15:24.222232" elapsed="0.023861"/>
</branch>
<branch type="ELSE">
<kw name="reload_thePage" owner="pom_detailProject_MenungguPersetujuan">
<arg>${iconDeleteCity}</arg>
<status status="NOT RUN" start="2025-04-17T15:15:24.246539" elapsed="0.000057"/>
</kw>
<kw name="Sleep" owner="BuiltIn">
<arg>5</arg>
<doc>Pauses the test executed for the given time.</doc>
<status status="NOT RUN" start="2025-04-17T15:15:24.246784" elapsed="0.000049"/>
</kw>
<kw name="click button ubah" owner="generalFunct">
<status status="NOT RUN" start="2025-04-17T15:15:24.247032" elapsed="0.000049"/>
</kw>
<status status="NOT RUN" start="2025-04-17T15:15:24.246176" elapsed="0.000960"/>
</branch>
<status status="PASS" start="2025-04-17T15:15:24.222194" elapsed="0.025002"/>
</if>
<status status="PASS" start="2025-04-17T15:15:12.793879" elapsed="11.453397"/>
</kw>
<kw name="And user ubah startDate project" owner="pom_detailProject_MenungguPersetujuan">
<kw name="general Wait Until" owner="generalFunct">
<kw name="Wait Until Element Is Visible" owner="SeleniumLibrary">
<arg>${locator}</arg>
<arg>timeout=5s</arg>
<doc>Waits until the element ``locator`` is visible.</doc>
<status status="PASS" start="2025-04-17T15:15:24.249086" elapsed="0.025324"/>
</kw>
<kw name="Sleep" owner="BuiltIn">
<msg time="2025-04-17T15:15:29.275739" level="INFO">Slept 5 seconds.</msg>
<arg>5</arg>
<doc>Pauses the test executed for the given time.</doc>
<status status="PASS" start="2025-04-17T15:15:24.274973" elapsed="5.001146"/>
</kw>
<arg>${inputNamaProject}</arg>
<status status="PASS" start="2025-04-17T15:15:24.248688" elapsed="5.027876"/>
</kw>
<kw name="Scroll Element Into View" owner="SeleniumLibrary">
<arg>${fieldPICmanager}</arg>
<doc>Scrolls the element identified by ``locator`` into view.</doc>
<status status="PASS" start="2025-04-17T15:15:29.277181" elapsed="0.324972"/>
</kw>
<kw name="Get Text" owner="SeleniumLibrary">
<msg time="2025-04-17T15:15:29.656024" level="INFO">${a} = gonsapproval</msg>
<var>${a}</var>
<arg>${fieldPICmanager}</arg>
<doc>Returns the text value of the element identified by ``locator``.</doc>
<status status="PASS" start="2025-04-17T15:15:29.602875" elapsed="0.053253"/>
</kw>
<kw name="user click element" owner="generalFunct">
<kw name="Sleep" owner="BuiltIn">
<msg time="2025-04-17T15:15:34.659292" level="INFO">Slept 5 seconds.</msg>
<arg>5</arg>
<doc>Pauses the test executed for the given time.</doc>
<status status="PASS" start="2025-04-17T15:15:29.658035" elapsed="5.001663"/>
</kw>
<kw name="Wait Until Element Is Visible" owner="SeleniumLibrary">
<arg>${element}</arg>
<doc>Waits until the element ``locator`` is visible.</doc>
<status status="PASS" start="2025-04-17T15:15:34.660533" elapsed="0.039762"/>
</kw>
<kw name="Click Element" owner="SeleniumLibrary">
<msg time="2025-04-17T15:15:34.700943" level="INFO">Clicking element 'xpath=//p[contains(text(), 'Manager')]/following-sibling::div[1]/button'.</msg>
<msg time="2025-04-17T15:15:34.793167" level="INFO">${clickElement} = None</msg>
<var>${clickElement}</var>
<arg>${element}</arg>
<doc>Click the element identified by ``locator``.</doc>
<status status="PASS" start="2025-04-17T15:15:34.700625" elapsed="0.092671"/>
</kw>
<return>
<value>${clickElement}</value>
<status status="PASS" start="2025-04-17T15:15:34.793504" elapsed="0.000120"/>
</return>
<arg>${fieldPICmanager}</arg>
<status status="PASS" start="2025-04-17T15:15:29.656959" elapsed="5.137015"/>
</kw>
<kw name="Sleep" owner="BuiltIn">
<msg time="2025-04-17T15:15:36.795381" level="INFO">Slept 2 seconds.</msg>
<arg>2</arg>
<doc>Pauses the test executed for the given time.</doc>
<status status="PASS" start="2025-04-17T15:15:34.794433" elapsed="2.001326"/>
</kw>
<kw name="pilih PIC" owner="pom_detailProject_MenungguPersetujuan">
<kw name="general return status" owner="generalFunct">
<kw name="Run Keyword And Return Status" owner="BuiltIn">
<kw name="Wait Until Element Is Visible" owner="SeleniumLibrary">
<arg>${locator}</arg>
<arg>timeout=5s</arg>
<doc>Waits until the element ``locator`` is visible.</doc>
<status status="PASS" start="2025-04-17T15:15:36.803641" elapsed="0.062220"/>
</kw>
<msg time="2025-04-17T15:15:36.866091" level="INFO">${res} = True</msg>
<var>${res}</var>
<arg>Wait Until Element Is Visible</arg>
<arg>${locator}</arg>
<arg>timeout=5s</arg>
<doc>Runs the given keyword with given arguments and returns the status as a Boolean value.</doc>
<status status="PASS" start="2025-04-17T15:15:36.802318" elapsed="0.063829"/>
</kw>
<return>
<value>${res}</value>
<status status="PASS" start="2025-04-17T15:15:36.866267" elapsed="0.000080"/>
</return>
<msg time="2025-04-17T15:15:36.866580" level="INFO">${res} = True</msg>
<var>${res}</var>
<arg>xpath=//div[@class='dvContentSearch']</arg>
<status status="PASS" start="2025-04-17T15:15:36.800373" elapsed="0.066259"/>
</kw>
<if>
<branch type="IF" condition="${res}">
<kw name="user input text" owner="generalFunct">
<kw name="Wait Until Element Is Visible" owner="SeleniumLibrary">
<arg>${locator}</arg>
<doc>Waits until the element ``locator`` is visible.</doc>
<status status="PASS" start="2025-04-17T15:15:36.867621" elapsed="0.025448"/>
</kw>
<kw name="Input Text" owner="SeleniumLibrary">
<msg time="2025-04-17T15:15:36.893690" level="INFO">Typing text 'gonsapproval' into text field 'xpath=//input[@id='searchUser']'.</msg>
<arg>${locator}</arg>
<arg>${text}</arg>
<doc>Types the given ``text`` into the text field identified by ``locator``.</doc>
<status status="PASS" start="2025-04-17T15:15:36.893360" elapsed="0.134767"/>
</kw>
<kw name="Sleep" owner="BuiltIn">
<msg time="2025-04-17T15:15:42.029880" level="INFO">Slept 5 seconds.</msg>
<arg>5</arg>
<doc>Pauses the test executed for the given time.</doc>
<status status="PASS" start="2025-04-17T15:15:37.028501" elapsed="5.002189"/>
</kw>
<arg>xpath=//input[@id='searchUser']</arg>
<arg>${location}</arg>
<status status="PASS" start="2025-04-17T15:15:36.867099" elapsed="5.164005"/>
</kw>
<kw name="user click element" owner="generalFunct">
<kw name="Sleep" owner="BuiltIn">
<msg time="2025-04-17T15:15:47.034788" level="INFO">Slept 5 seconds.</msg>
<arg>5</arg>
<doc>Pauses the test executed for the given time.</doc>
<status status="PASS" start="2025-04-17T15:15:42.033162" elapsed="5.002000"/>
</kw>
<kw name="Wait Until Element Is Visible" owner="SeleniumLibrary">
<arg>${element}</arg>
<doc>Waits until the element ``locator`` is visible.</doc>
<status status="PASS" start="2025-04-17T15:15:47.035921" elapsed="0.062001"/>
</kw>
<kw name="Click Element" owner="SeleniumLibrary">
<msg time="2025-04-17T15:15:47.098752" level="INFO">Clicking element 'xpath=//p[normalize-space()='gonsapproval']'.</msg>
<msg time="2025-04-17T15:15:47.206672" level="INFO">${clickElement} = None</msg>
<var>${clickElement}</var>
<arg>${element}</arg>
<doc>Click the element identified by ``locator``.</doc>
<status status="PASS" start="2025-04-17T15:15:47.098325" elapsed="0.108438"/>
</kw>
<return>
<value>${clickElement}</value>
<status status="PASS" start="2025-04-17T15:15:47.206989" elapsed="0.000117"/>
</return>
<arg>xpath=//p[normalize-space()='${location}']</arg>
<status status="PASS" start="2025-04-17T15:15:42.031873" elapsed="5.175566"/>
</kw>
<status status="PASS" start="2025-04-17T15:15:36.866781" elapsed="10.340811"/>
</branch>
<branch type="ELSE">
<kw name="user click element" owner="generalFunct">
<arg>${fieldPICmanager}</arg>
<status status="NOT RUN" start="2025-04-17T15:15:47.208272" elapsed="0.000100"/>
</kw>
<status status="NOT RUN" start="2025-04-17T15:15:47.207735" elapsed="0.000773"/>
</branch>
<status status="PASS" start="2025-04-17T15:15:36.866749" elapsed="10.341862"/>
</if>
<arg>${a}</arg>
<status status="PASS" start="2025-04-17T15:15:36.797827" elapsed="10.410964"/>
</kw>
<kw name="Sleep" owner="BuiltIn">
<msg time="2025-04-17T15:15:49.210389" level="INFO">Slept 2 seconds.</msg>
<arg>2</arg>
<doc>Pauses the test executed for the given time.</doc>
<status status="PASS" start="2025-04-17T15:15:47.209194" elapsed="2.001575"/>
</kw>
<kw name="tanggal mulai" owner="pom_createProject">
<kw name="user click element" owner="generalFunct">
<kw name="Sleep" owner="BuiltIn">
<msg time="2025-04-17T15:15:54.215607" level="INFO">Slept 5 seconds.</msg>
<arg>5</arg>
<doc>Pauses the test executed for the given time.</doc>
<status status="PASS" start="2025-04-17T15:15:49.214130" elapsed="5.001905"/>
</kw>
<kw name="Wait Until Element Is Visible" owner="SeleniumLibrary">
<arg>${element}</arg>
<doc>Waits until the element ``locator`` is visible.</doc>
<status status="PASS" start="2025-04-17T15:15:54.216768" elapsed="0.055119"/>
</kw>
<kw name="Click Element" owner="SeleniumLibrary">
<msg time="2025-04-17T15:15:54.272762" level="INFO">Clicking element 'xpath=//p[normalize-space()='Estimasi tanggal mulai']/parent::div//input[@placeholder="-Select-"]'.</msg>
<msg time="2025-04-17T15:15:54.385932" level="INFO">${clickElement} = None</msg>
<var>${clickElement}</var>
<arg>${element}</arg>
<doc>Click the element identified by ``locator``.</doc>
<status status="PASS" start="2025-04-17T15:15:54.272315" elapsed="0.113718"/>
</kw>
<return>
<value>${clickElement}</value>
<status status="PASS" start="2025-04-17T15:15:54.386214" elapsed="0.000262"/>
</return>
<arg>${tanggalMulai_datePicker}</arg>
<status status="PASS" start="2025-04-17T15:15:49.213047" elapsed="5.173886"/>
</kw>
<for flavor="IN RANGE">
<iter>
<kw name="user click element" owner="generalFunct">
<kw name="Sleep" owner="BuiltIn">
<msg time="2025-04-17T15:15:59.390858" level="INFO">Slept 5 seconds.</msg>
<arg>5</arg>
<doc>Pauses the test executed for the given time.</doc>
<status status="PASS" start="2025-04-17T15:15:54.389376" elapsed="5.001886"/>
</kw>
<kw name="Wait Until Element Is Visible" owner="SeleniumLibrary">
<arg>${element}</arg>
<doc>Waits until the element ``locator`` is visible.</doc>
<status status="PASS" start="2025-04-17T15:15:59.391998" elapsed="0.044778"/>
</kw>
<kw name="Click Element" owner="SeleniumLibrary">
<msg time="2025-04-17T15:15:59.437684" level="INFO">Clicking element 'xpath=//div[@class='mud-picker-calendar-header-switch']/button[1]'.</msg>
<msg time="2025-04-17T15:15:59.590310" level="INFO">${clickElement} = None</msg>
<var>${clickElement}</var>
<arg>${element}</arg>
<doc>Click the element identified by ``locator``.</doc>
<status status="PASS" start="2025-04-17T15:15:59.437191" elapsed="0.153228"/>
</kw>
<return>
<value>${clickElement}</value>
<status status="PASS" start="2025-04-17T15:15:59.590634" elapsed="0.000111"/>
</return>
<arg>${changeMonth}</arg>
<status status="PASS" start="2025-04-17T15:15:54.388118" elapsed="5.202955"/>
</kw>
<kw name="Sleep" owner="BuiltIn">
<msg time="2025-04-17T15:16:02.592697" level="INFO">Slept 3 seconds.</msg>
<arg>3</arg>
<doc>Pauses the test executed for the given time.</doc>
<status status="PASS" start="2025-04-17T15:15:59.591511" elapsed="3.002695"/>
</kw>
<var name="${counter}">1</var>
<status status="PASS" start="2025-04-17T15:15:54.387682" elapsed="8.206824"/>
</iter>
<iter>
<kw name="user click element" owner="generalFunct">
<kw name="Sleep" owner="BuiltIn">
<msg time="2025-04-17T15:16:07.598420" level="INFO">Slept 5 seconds.</msg>
<arg>5</arg>
<doc>Pauses the test executed for the given time.</doc>
<status status="PASS" start="2025-04-17T15:16:02.596989" elapsed="5.001852"/>
</kw>
<kw name="Wait Until Element Is Visible" owner="SeleniumLibrary">
<arg>${element}</arg>
<doc>Waits until the element ``locator`` is visible.</doc>
<status status="PASS" start="2025-04-17T15:16:07.599564" elapsed="0.042414"/>
</kw>
<kw name="Click Element" owner="SeleniumLibrary">
<msg time="2025-04-17T15:16:07.642618" level="INFO">Clicking element 'xpath=//div[@class='mud-picker-calendar-header-switch']/button[1]'.</msg>
<msg time="2025-04-17T15:16:07.727112" level="INFO">${clickElement} = None</msg>
<var>${clickElement}</var>
<arg>${element}</arg>
<doc>Click the element identified by ``locator``.</doc>
<status status="PASS" start="2025-04-17T15:16:07.642289" elapsed="0.084927"/>
</kw>
<return>
<value>${clickElement}</value>
<status status="PASS" start="2025-04-17T15:16:07.727468" elapsed="0.000248"/>
</return>
<arg>${changeMonth}</arg>
<status status="PASS" start="2025-04-17T15:16:02.595762" elapsed="5.132293"/>
</kw>
<kw name="Sleep" owner="BuiltIn">
<msg time="2025-04-17T15:16:10.729898" level="INFO">Slept 3 seconds.</msg>
<arg>3</arg>
<doc>Pauses the test executed for the given time.</doc>
<status status="PASS" start="2025-04-17T15:16:07.728401" elapsed="3.002126"/>
</kw>
<var name="${counter}">2</var>
<status status="PASS" start="2025-04-17T15:16:02.595104" elapsed="8.135738"/>
</iter>
<iter>
<kw name="user click element" owner="generalFunct">
<kw name="Sleep" owner="BuiltIn">
<msg time="2025-04-17T15:16:15.734475" level="INFO">Slept 5 seconds.</msg>
<arg>5</arg>
<doc>Pauses the test executed for the given time.</doc>
<status status="PASS" start="2025-04-17T15:16:10.733305" elapsed="5.001559"/>
</kw>
<kw name="Wait Until Element Is Visible" owner="SeleniumLibrary">
<arg>${element}</arg>
<doc>Waits until the element ``locator`` is visible.</doc>
<status status="PASS" start="2025-04-17T15:16:15.735611" elapsed="0.060547"/>
</kw>
<kw name="Click Element" owner="SeleniumLibrary">
<msg time="2025-04-17T15:16:15.797771" level="INFO">Clicking element 'xpath=//div[@class='mud-picker-calendar-header-switch']/button[1]'.</msg>
<msg time="2025-04-17T15:16:15.961238" level="INFO">${clickElement} = None</msg>
<var>${clickElement}</var>
<arg>${element}</arg>
<doc>Click the element identified by ``locator``.</doc>
<status status="PASS" start="2025-04-17T15:16:15.796926" elapsed="0.164429"/>
</kw>
<return>
<value>${clickElement}</value>
<status status="PASS" start="2025-04-17T15:16:15.961688" elapsed="0.000161"/>
</return>
<arg>${changeMonth}</arg>
<status status="PASS" start="2025-04-17T15:16:10.732104" elapsed="5.229954"/>
</kw>
<kw name="Sleep" owner="BuiltIn">
<msg time="2025-04-17T15:16:18.963780" level="INFO">Slept 3 seconds.</msg>
<arg>3</arg>
<doc>Pauses the test executed for the given time.</doc>
<status status="PASS" start="2025-04-17T15:16:15.962281" elapsed="3.001876"/>
</kw>
<var name="${counter}">3</var>
<status status="PASS" start="2025-04-17T15:16:10.731412" elapsed="8.233031"/>
</iter>
<var>${counter}</var>
<value>1</value>
<value>4</value>
<status status="PASS" start="2025-04-17T15:15:54.387150" elapsed="24.577552"/>
</for>
<kw name="Get Random Angka" owner="generalFunct">
<kw name="Evaluate" owner="BuiltIn">
<msg time="2025-04-17T15:16:18.968179" level="INFO">${randomAngka} = 19</msg>
<var>${randomAngka}</var>
<arg>random.randint(1, ${angka} - 1)</arg>
<arg>random</arg>
<doc>Evaluates the given expression in Python and returns the result.</doc>
<status status="PASS" start="2025-04-17T15:16:18.967004" elapsed="0.001352"/>
</kw>
<if>
<branch type="IF" condition="${randomAngka} &lt; 10">
<kw name="Evaluate" owner="BuiltIn">
<var>${randomAngka}</var>
<arg>str(${randomAngka}).zfill(2)</arg>
<doc>Evaluates the given expression in Python and returns the result.</doc>
<status status="NOT RUN" start="2025-04-17T15:16:18.969608" elapsed="0.000147"/>
</kw>
<kw name="Set Global Variable" owner="BuiltIn">
<arg>${randomAngka}</arg>
<arg>${randomAngka}</arg>
<doc>Makes a variable available globally in all tests and suites.</doc>
<status status="NOT RUN" start="2025-04-17T15:16:18.970312" elapsed="0.000135"/>
</kw>
<kw name="Log" owner="BuiltIn">
<arg>${randomAngka}</arg>
<doc>Logs the given message with the given level.</doc>
<status status="NOT RUN" start="2025-04-17T15:16:18.970937" elapsed="0.000129"/>
</kw>
<status status="NOT RUN" start="2025-04-17T15:16:18.968776" elapsed="0.002477"/>
</branch>
<branch type="ELSE">
<kw name="Set Global Variable" owner="BuiltIn">
<msg time="2025-04-17T15:16:18.972933" level="INFO">${randomAngka} = 19</msg>
<arg>${randomAngka}</arg>
<arg>${randomAngka}</arg>
<doc>Makes a variable available globally in all tests and suites.</doc>
<status status="PASS" start="2025-04-17T15:16:18.971926" elapsed="0.001223"/>
</kw>
<status status="PASS" start="2025-04-17T15:16:18.971450" elapsed="0.001924"/>
</branch>
<status status="PASS" start="2025-04-17T15:16:18.968685" elapsed="0.004850"/>
</if>
<return>
<value>${randomAngka}</value>
<status status="PASS" start="2025-04-17T15:16:18.973692" elapsed="0.000171"/>
</return>
<arg>28</arg>
<status status="PASS" start="2025-04-17T15:16:18.965830" elapsed="0.008490"/>
</kw>
<kw name="Get Text" owner="SeleniumLibrary">
<msg time="2025-04-17T15:16:19.017623" level="INFO">${textHeaderCalendar} = January 2025</msg>
<var>${textHeaderCalendar}</var>
<arg>${headerCalendar}</arg>
<doc>Returns the text value of the element identified by ``locator``.</doc>
<status status="PASS" start="2025-04-17T15:16:18.974871" elapsed="0.042825"/>
</kw>
<kw name="user click element" owner="generalFunct">
<kw name="Sleep" owner="BuiltIn">
<msg time="2025-04-17T15:16:24.019894" level="INFO">Slept 5 seconds.</msg>
<arg>5</arg>
<doc>Pauses the test executed for the given time.</doc>
<status status="PASS" start="2025-04-17T15:16:19.018614" elapsed="5.001659"/>
</kw>
<kw name="Wait Until Element Is Visible" owner="SeleniumLibrary">
<arg>${element}</arg>
<doc>Waits until the element ``locator`` is visible.</doc>
<status status="PASS" start="2025-04-17T15:16:24.021071" elapsed="0.060332"/>
</kw>
<kw name="Click Element" owner="SeleniumLibrary">
<msg time="2025-04-17T15:16:24.082314" level="INFO">Clicking element 'xpath=//button[contains(@aria-label, '19 January 2025')]'.</msg>
<msg time="2025-04-17T15:16:24.178491" level="INFO">${clickElement} = None</msg>
<var>${clickElement}</var>
<arg>${element}</arg>
<doc>Click the element identified by ``locator``.</doc>
<status status="PASS" start="2025-04-17T15:16:24.081847" elapsed="0.096751"/>
</kw>
<return>
<value>${clickElement}</value>
<status status="PASS" start="2025-04-17T15:16:24.178800" elapsed="0.000106"/>
</return>
<arg>xpath=//button[contains(@aria-label, '${randomAngka} ${textHeaderCalendar}')]</arg>
<status status="PASS" start="2025-04-17T15:16:19.018039" elapsed="5.161192"/>
</kw>
<arg>${for_tanggal}</arg>
<status status="PASS" start="2025-04-17T15:15:49.211718" elapsed="34.967707"/>
</kw>
<arg>${prevMonth}</arg>
<status status="PASS" start="2025-04-17T15:15:24.247517" elapsed="59.932083"/>
</kw>
<kw name="And user click element" owner="generalFunct">
<kw name="Sleep" owner="BuiltIn">
<msg time="2025-04-17T15:16:29.181636" level="INFO">Slept 5 seconds.</msg>
<arg>5</arg>
<doc>Pauses the test executed for the given time.</doc>
<status status="PASS" start="2025-04-17T15:16:24.180438" elapsed="5.001583"/>
</kw>
<kw name="Wait Until Element Is Visible" owner="SeleniumLibrary">
<arg>${element}</arg>
<doc>Waits until the element ``locator`` is visible.</doc>
<status status="PASS" start="2025-04-17T15:16:29.182755" elapsed="0.046127"/>
</kw>
<kw name="Click Element" owner="SeleniumLibrary">
<msg time="2025-04-17T15:16:29.229457" level="INFO">Clicking element 'xpath=//span[contains(text(),'Simpan')]/parent::span/parent::button'.</msg>
<msg time="2025-04-17T15:16:29.312536" level="INFO">${clickElement} = None</msg>
<var>${clickElement}</var>
<arg>${element}</arg>
<doc>Click the element identified by ``locator``.</doc>
<status status="PASS" start="2025-04-17T15:16:29.229165" elapsed="0.083477"/>
</kw>
<return>
<value>${clickElement}</value>
<status status="PASS" start="2025-04-17T15:16:29.312868" elapsed="0.000117"/>
</return>
<arg>${buttonSimpan}</arg>
<status status="PASS" start="2025-04-17T15:16:24.180019" elapsed="5.133291"/>
</kw>
<kw name="Then show pop up dialog" owner="generalFunct">
<kw name="Wait Until Element Is Visible" owner="SeleniumLibrary">
<arg>${locator}</arg>
<arg>timeout=5s</arg>
<doc>Waits until the element ``locator`` is visible.</doc>
<status status="PASS" start="2025-04-17T15:16:29.315007" elapsed="0.261012"/>
</kw>
<kw name="Get Text" owner="SeleniumLibrary">
<msg time="2025-04-17T15:16:29.618843" level="INFO">${textDesc} = Apakah Anda yakin untuk merubah informasi project ini?</msg>
<var>${textDesc}</var>
<arg>xpath=//div[@class='text-center']/p[2]</arg>
<doc>Returns the text value of the element identified by ``locator``.</doc>
<status status="PASS" start="2025-04-17T15:16:29.576402" elapsed="0.042534"/>
</kw>
<kw name="user input text" owner="generalFunct">
<kw name="Wait Until Element Is Visible" owner="SeleniumLibrary">
<arg>${locator}</arg>
<doc>Waits until the element ``locator`` is visible.</doc>
<status status="PASS" start="2025-04-17T15:16:29.619989" elapsed="0.040593"/>
</kw>
<kw name="Input Text" owner="SeleniumLibrary">
<msg time="2025-04-17T15:16:29.661424" level="INFO">Typing text 'Ubah Data' into text field 'xpath=//div[@class='text-center']/textarea'.</msg>
<arg>${locator}</arg>
<arg>${text}</arg>
<doc>Types the given ``text`` into the text field identified by ``locator``.</doc>
<status status="PASS" start="2025-04-17T15:16:29.660955" elapsed="0.189996"/>
</kw>
<kw name="Sleep" owner="BuiltIn">
<msg time="2025-04-17T15:16:34.852618" level="INFO">Slept 5 seconds.</msg>
<arg>5</arg>
<doc>Pauses the test executed for the given time.</doc>
<status status="PASS" start="2025-04-17T15:16:29.851247" elapsed="5.001753"/>
</kw>
<arg>xpath=//div[@class='text-center']/textarea</arg>
<arg>Ubah Data</arg>
<status status="PASS" start="2025-04-17T15:16:29.619334" elapsed="5.234065"/>
</kw>
<kw name="Log To Console" owner="BuiltIn">
<arg>Desc: ${textDesc}</arg>
<doc>Logs the given message to the console.</doc>
<status status="PASS" start="2025-04-17T15:16:34.854011" elapsed="0.001476"/>
</kw>
<arg>${ubahProject_MenungguPersetujuan}</arg>
<status status="PASS" start="2025-04-17T15:16:29.313994" elapsed="5.542071"/>
</kw>
<status status="PASS" start="2025-04-17T15:14:06.793569" elapsed="148.063270"/>
</kw>
<kw name="End Web Test" owner="web_eProc" type="TEARDOWN">
<kw name="Log" owner="BuiltIn">
<msg time="2025-04-17T15:16:34.860172" level="INFO">Suite teardown initiated</msg>
<arg>Suite teardown initiated</arg>
<doc>Logs the given message with the given level.</doc>
<status status="PASS" start="2025-04-17T15:16:34.859716" elapsed="0.000688"/>
</kw>
<kw name="Close Browser" owner="SeleniumLibrary">
<doc>Closes the current browser.</doc>
<status status="PASS" start="2025-04-17T15:16:34.860949" elapsed="2.344714"/>
</kw>
<kw name="Remove file Report PNG" owner="web_eProc">
<kw name="List Directory" owner="OperatingSystem">
<msg time="2025-04-17T15:16:37.208968" level="INFO" html="true">Listing contents of directory '&lt;a href="file://C:\Users\1000Saudara45\Documents\Automation\eProc_Web\report"&gt;C:\Users\1000Saudara45\Documents\Automation\eProc_Web\report&lt;/a&gt;'.</msg>
<msg time="2025-04-17T15:16:37.210323" level="INFO">3 items:
C:\Users\1000Saudara45\Documents\Automation\eProc_Web\report\selenium-screenshot-1.png
C:\Users\1000Saudara45\Documents\Automation\eProc_Web\report\selenium-screenshot-2.png
C:\Users\1000Saudara45\Documents\Automation\eProc_Web\report\selenium-screenshot-3.png</msg>
<msg time="2025-04-17T15:16:37.210835" level="INFO">@{png_file} = [ C:\Users\1000Saudara45\Documents\Automation\eProc_Web\report\selenium-screenshot-1.png | C:\Users\1000Saudara45\Documents\Automation\eProc_Web\report\selenium-screenshot-2.png | C:\Users\1000Saudara...</msg>
<var>@{png_file}</var>
<arg>report/</arg>
<arg>*.png</arg>
<arg>absolute=${True}</arg>
<doc>Returns and logs items in a directory, optionally filtered with ``pattern``.</doc>
<status status="PASS" start="2025-04-17T15:16:37.207984" elapsed="0.003022"/>
</kw>
<kw name="Remove Files" owner="OperatingSystem">
<msg time="2025-04-17T15:16:37.213713" level="INFO" html="true">Removed file '&lt;a href="file://C:\Users\1000Saudara45\Documents\Automation\eProc_Web\report\selenium-screenshot-1.png"&gt;C:\Users\1000Saudara45\Documents\Automation\eProc_Web\report\selenium-screenshot-1.png&lt;/a&gt;'.</msg>
<msg time="2025-04-17T15:16:37.215474" level="INFO" html="true">Removed file '&lt;a href="file://C:\Users\1000Saudara45\Documents\Automation\eProc_Web\report\selenium-screenshot-2.png"&gt;C:\Users\1000Saudara45\Documents\Automation\eProc_Web\report\selenium-screenshot-2.png&lt;/a&gt;'.</msg>
<msg time="2025-04-17T15:16:37.217629" level="INFO" html="true">Removed file '&lt;a href="file://C:\Users\1000Saudara45\Documents\Automation\eProc_Web\report\selenium-screenshot-3.png"&gt;C:\Users\1000Saudara45\Documents\Automation\eProc_Web\report\selenium-screenshot-3.png&lt;/a&gt;'.</msg>
<arg>@{png_file}</arg>
<doc>Uses `Remove File` to remove multiple files one-by-one.</doc>
<status status="PASS" start="2025-04-17T15:16:37.211607" elapsed="0.006672"/>
</kw>
<status status="PASS" start="2025-04-17T15:16:37.206608" elapsed="0.012293"/>
</kw>
<doc>Closes the browser after all tests in the suite have run</doc>
<status status="PASS" start="2025-04-17T15:16:34.858520" elapsed="2.360888"/>
</kw>
<doc>This scenario test User can change data tanggal mulai project</doc>
<tag>1000s</tag>
<tag>detail_project</tag>
<tag>test</tag>
<status status="PASS" start="2025-04-17T15:14:03.487447" elapsed="153.733041"/>
</test>
<status status="PASS" start="2025-04-17T15:14:01.881216" elapsed="155.343959"/>
</suite>
<statistics>
<total>
<stat pass="1" fail="0" skip="0">All Tests</stat>
</total>
<tag>
<stat pass="1" fail="0" skip="0">1000s</stat>
<stat pass="1" fail="0" skip="0">detail_project</stat>
<stat pass="1" fail="0" skip="0">test</stat>
</tag>
<suite>
<stat name="test detailProject MenungguPersetujuan" id="s1" pass="1" fail="0" skip="0">test detailProject MenungguPersetujuan</stat>
</suite>
</statistics>
<errors>
</errors>
</robot>
