<?xml version="1.0" encoding="UTF-8"?>
<robot generator="Robot 7.2.2 (Python 3.13.2 on win32)" generated="2025-03-13T15:49:40.296272" rpa="false" schemaversion="5">
<suite id="s1" name="Test Login" source="C:\Users\1000Saudara45\Documents\Automation\eProc_Web\testSuite\Tim_OP\test_login.robot">
<test id="s1-t1" name="Test Login Success" line="12">
<kw name="Begin Web Test" owner="web_eProc" type="SETUP">
<kw name="Open Browser" owner="SeleniumLibrary">
<msg time="2025-03-13T15:49:41.030848" level="INFO">Opening browser 'headlesschrome' to base url 'about:blank'.</msg>
<arg>about:blank</arg>
<arg>${BROWSER}</arg>
<doc>Opens a new browser instance to the optional ``url``.</doc>
<status status="PASS" start="2025-03-13T15:49:41.030469" elapsed="2.211980"/>
</kw>
<kw name="Execute Javascript" owner="SeleniumLibrary">
<msg time="2025-03-13T15:49:43.244060" level="INFO">Executing JavaScript:
document.body.style.transform = 'scale(0.67)'; document.body.style.transformOrigin = '0 0';
Without any arguments.</msg>
<arg>document.body.style.transform = 'scale(0.67)'; document.body.style.transformOrigin = '0 0';</arg>
<doc>Executes the given JavaScript code with possible arguments.</doc>
<status status="PASS" start="2025-03-13T15:49:43.243068" elapsed="0.012256"/>
</kw>
<kw name="Go To" owner="SeleniumLibrary">
<msg time="2025-03-13T15:49:43.255826" level="INFO">Opening url 'https://developer.1000saudara.com/project1000s'</msg>
<arg>${URL_DEV}</arg>
<doc>Navigates the current browser window to the provided ``url``.</doc>
<status status="PASS" start="2025-03-13T15:49:43.255593" elapsed="2.305321"/>
</kw>
<status status="PASS" start="2025-03-13T15:49:41.028849" elapsed="4.532354"/>
</kw>
<kw name="User can access Home Login 1000s" owner="login">
<kw name="Then user go to home page E-Proc1000s" owner="pom_login_eProc">
<kw name="user visit E-Proc1000s Login Page" owner="pom_login_eProc">
<kw name="Get Location" owner="SeleniumLibrary">
<msg time="2025-03-13T15:49:45.584952" level="INFO">${current_url} = https://developer.1000saudara.com/project1000s</msg>
<var>${current_url}</var>
<doc>Returns the current browser window URL.</doc>
<status status="PASS" start="2025-03-13T15:49:45.571707" elapsed="0.013354"/>
</kw>
<kw name="Log" owner="BuiltIn">
<msg time="2025-03-13T15:49:45.586130" level="INFO">Current Path: https://developer.1000saudara.com/project1000s</msg>
<arg>Current Path: ${current_url}</arg>
<doc>Logs the given message with the given level.</doc>
<status status="PASS" start="2025-03-13T15:49:45.585486" elapsed="0.000830"/>
</kw>
<kw name="general return status" owner="generalFunct">
<kw name="Run Keyword And Return Status" owner="BuiltIn">
<kw name="Wait Until Element Is Visible" owner="SeleniumLibrary">
<arg>${locator}</arg>
<arg>timeout=5s</arg>
<doc>Waits until the element ``locator`` is visible.</doc>
<status status="PASS" start="2025-03-13T15:49:45.587543" elapsed="0.035817"/>
</kw>
<msg time="2025-03-13T15:49:45.623574" level="INFO">${res} = True</msg>
<var>${res}</var>
<arg>Wait Until Element Is Visible</arg>
<arg>${locator}</arg>
<arg>timeout=5s</arg>
<doc>Runs the given keyword with given arguments and returns the status as a Boolean value.</doc>
<status status="PASS" start="2025-03-13T15:49:45.587275" elapsed="0.036351"/>
</kw>
<return>
<value>${res}</value>
<status status="PASS" start="2025-03-13T15:49:45.623738" elapsed="0.000100"/>
</return>
<msg time="2025-03-13T15:49:45.624082" level="INFO">${res} = True</msg>
<var>${res}</var>
<arg>${headerLogin}</arg>
<status status="PASS" start="2025-03-13T15:49:45.586789" elapsed="0.037339"/>
</kw>
<while condition="${res} == $False">
<iter>
<kw name="Reload Page" owner="SeleniumLibrary">
<doc>Simulates user reloading page.</doc>
<status status="NOT RUN" start="2025-03-13T15:49:45.624778" elapsed="0.000049"/>
</kw>
<kw name="Sleep" owner="BuiltIn">
<arg>2s</arg>
<doc>Pauses the test executed for the given time.</doc>
<status status="NOT RUN" start="2025-03-13T15:49:45.624980" elapsed="0.000051"/>
</kw>
<kw name="general return status" owner="generalFunct">
<var>${res}</var>
<arg>${headerLogin}</arg>
<status status="NOT RUN" start="2025-03-13T15:49:45.625238" elapsed="0.000049"/>
</kw>
<status status="NOT RUN" start="2025-03-13T15:49:45.624245" elapsed="0.001107"/>
</iter>
<status status="NOT RUN" start="2025-03-13T15:49:45.624242" elapsed="0.001192"/>
</while>
<status status="PASS" start="2025-03-13T15:49:45.570211" elapsed="0.055328"/>
</kw>
<kw name="user login E-Proc1000s Page" owner="pom_login_eProc">
<kw name="general Wait Until" owner="generalFunct">
<kw name="Wait Until Element Is Visible" owner="SeleniumLibrary">
<arg>${locator}</arg>
<arg>timeout=5s</arg>
<doc>Waits until the element ``locator`` is visible.</doc>
<status status="PASS" start="2025-03-13T15:49:45.626715" elapsed="0.041110"/>
</kw>
<kw name="Sleep" owner="BuiltIn">
<msg time="2025-03-13T15:49:50.669002" level="INFO">Slept 5 seconds.</msg>
<arg>5</arg>
<doc>Pauses the test executed for the given time.</doc>
<status status="PASS" start="2025-03-13T15:49:45.668067" elapsed="5.001316"/>
</kw>
<arg>${inputPassword}</arg>
<status status="PASS" start="2025-03-13T15:49:45.626295" elapsed="5.043535"/>
</kw>
<kw name="user input text" owner="generalFunct">
<kw name="Wait Until Element Is Visible" owner="SeleniumLibrary">
<arg>${locator}</arg>
<doc>Waits until the element ``locator`` is visible.</doc>
<status status="PASS" start="2025-03-13T15:49:50.672267" elapsed="0.058051"/>
</kw>
<kw name="Input Text" owner="SeleniumLibrary">
<msg time="2025-03-13T15:49:50.731337" level="INFO">Typing text '085210758864' into text field 'xpath=//input[@id='TxtPhone']'.</msg>
<arg>${locator}</arg>
<arg>${text}</arg>
<doc>Types the given ``text`` into the text field identified by ``locator``.</doc>
<status status="PASS" start="2025-03-13T15:49:50.730746" elapsed="0.191327"/>
</kw>
<kw name="Sleep" owner="BuiltIn">
<msg time="2025-03-13T15:49:55.922860" level="INFO">Slept 5 seconds.</msg>
<arg>5</arg>
<doc>Pauses the test executed for the given time.</doc>
<status status="PASS" start="2025-03-13T15:49:50.922452" elapsed="5.000638"/>
</kw>
<arg>${inputUsername}</arg>
<arg>${ROLE_ADMIN}</arg>
<status status="PASS" start="2025-03-13T15:49:50.670596" elapsed="5.252760"/>
</kw>
<kw name="general return status" owner="generalFunct">
<kw name="Run Keyword And Return Status" owner="BuiltIn">
<kw name="Wait Until Element Is Visible" owner="SeleniumLibrary">
<arg>${locator}</arg>
<arg>timeout=5s</arg>
<doc>Waits until the element ``locator`` is visible.</doc>
<status status="PASS" start="2025-03-13T15:49:55.925191" elapsed="0.078032"/>
</kw>
<msg time="2025-03-13T15:49:56.003629" level="INFO">${res} = True</msg>
<var>${res}</var>
<arg>Wait Until Element Is Visible</arg>
<arg>${locator}</arg>
<arg>timeout=5s</arg>
<doc>Runs the given keyword with given arguments and returns the status as a Boolean value.</doc>
<status status="PASS" start="2025-03-13T15:49:55.924704" elapsed="0.079041"/>
</kw>
<return>
<value>${res}</value>
<status status="PASS" start="2025-03-13T15:49:56.004020" elapsed="0.000157"/>
</return>
<msg time="2025-03-13T15:49:56.004703" level="INFO">${res} = True</msg>
<var>${res}</var>
<arg>${inputPassword}</arg>
<status status="PASS" start="2025-03-13T15:49:55.923846" elapsed="0.080997"/>
</kw>
<if>
<branch type="IF" condition="${res}">
<kw name="Sleep" owner="BuiltIn">
<msg time="2025-03-13T15:50:00.006789" level="INFO">Slept 4 seconds.</msg>
<arg>4</arg>
<doc>Pauses the test executed for the given time.</doc>
<status status="PASS" start="2025-03-13T15:49:56.005750" elapsed="4.001978"/>
</kw>
<kw name="user input text" owner="generalFunct">
<kw name="Wait Until Element Is Visible" owner="SeleniumLibrary">
<arg>${locator}</arg>
<doc>Waits until the element ``locator`` is visible.</doc>
<status status="PASS" start="2025-03-13T15:50:00.013706" elapsed="0.043489"/>
</kw>
<kw name="Input Text" owner="SeleniumLibrary">
<msg time="2025-03-13T15:50:00.057983" level="INFO">Typing text '085210758864' into text field 'xpath=//input[@id='TxtPhone']'.</msg>
<arg>${locator}</arg>
<arg>${text}</arg>
<doc>Types the given ``text`` into the text field identified by ``locator``.</doc>
<status status="PASS" start="2025-03-13T15:50:00.057522" elapsed="0.137247"/>
</kw>
<kw name="Sleep" owner="BuiltIn">
<msg time="2025-03-13T15:50:05.195545" level="INFO">Slept 5 seconds.</msg>
<arg>5</arg>
<doc>Pauses the test executed for the given time.</doc>
<status status="PASS" start="2025-03-13T15:50:00.195015" elapsed="5.000891"/>
</kw>
<arg>${inputUsername}</arg>
<arg>${ROLE_ADMIN}</arg>
<status status="PASS" start="2025-03-13T15:50:00.009613" elapsed="5.186676"/>
</kw>
<kw name="user input password" owner="generalFunct">
<kw name="Wait Until Element Is Visible" owner="SeleniumLibrary">
<arg>${locator}</arg>
<doc>Waits until the element ``locator`` is visible.</doc>
<status status="PASS" start="2025-03-13T15:50:05.198323" elapsed="0.061568"/>
</kw>
<kw name="Input Password" owner="SeleniumLibrary">
<msg time="2025-03-13T15:50:05.260895" level="INFO">Typing password into text field 'xpath=//input[@id='pwd']'.</msg>
<msg time="2025-03-13T15:50:05.330577" level="INFO">Temporally setting log level to: NONE</msg>
<arg>${locator}</arg>
<arg>${text}</arg>
<doc>Types the given password into the text field identified by ``locator``.</doc>
<status status="PASS" start="2025-03-13T15:50:05.260320" elapsed="0.150578"/>
</kw>
<kw name="Sleep" owner="BuiltIn">
<msg time="2025-03-13T15:50:10.412109" level="INFO">Slept 5 seconds.</msg>
<arg>5</arg>
<doc>Pauses the test executed for the given time.</doc>
<status status="PASS" start="2025-03-13T15:50:05.411157" elapsed="5.001328"/>
</kw>
<arg>${inputPassword}</arg>
<arg>${PASSWORD}</arg>
<status status="PASS" start="2025-03-13T15:50:05.196992" elapsed="5.215886"/>
</kw>
<kw name="Press Key" owner="SeleniumLibrary">
<arg>${inputPassword}</arg>
<arg>\\13</arg>
<doc>Simulates user pressing key on element identified by ``locator``.</doc>
<status status="PASS" start="2025-03-13T15:50:10.413588" elapsed="0.125043"/>
</kw>
<kw name="Wait Until Element Is Visible" owner="SeleniumLibrary">
<arg>${listFilter}</arg>
<doc>Waits until the element ``locator`` is visible.</doc>
<status status="PASS" start="2025-03-13T15:50:10.539332" elapsed="5.216352"/>
</kw>
<kw name="Sleep" owner="BuiltIn">
<msg time="2025-03-13T15:50:18.757450" level="INFO">Slept 3 seconds.</msg>
<arg>3</arg>
<doc>Pauses the test executed for the given time.</doc>
<status status="PASS" start="2025-03-13T15:50:15.756185" elapsed="3.001536"/>
</kw>
<status status="PASS" start="2025-03-13T15:49:56.005205" elapsed="22.752671"/>
</branch>
<branch type="ELSE">
<kw name="Exit For Loop" owner="BuiltIn">
<doc>Stops executing the enclosing FOR loop.</doc>
<status status="NOT RUN" start="2025-03-13T15:50:18.758335" elapsed="0.000077"/>
</kw>
<status status="NOT RUN" start="2025-03-13T15:50:18.758015" elapsed="0.000496"/>
</branch>
<status status="PASS" start="2025-03-13T15:49:56.005116" elapsed="22.753598"/>
</if>
<status status="PASS" start="2025-03-13T15:49:45.625846" elapsed="33.133062"/>
</kw>
<kw name="Wait Until Element Is Visible" owner="SeleniumLibrary">
<arg>${listFilter}</arg>
<doc>Waits until the element ``locator`` is visible.</doc>
<status status="PASS" start="2025-03-13T15:50:18.759238" elapsed="0.034165"/>
</kw>
<kw name="Wait Until Element Is Visible" owner="SeleniumLibrary">
<arg>${titleProject}</arg>
<doc>Waits until the element ``locator`` is visible.</doc>
<status status="PASS" start="2025-03-13T15:50:18.793772" elapsed="0.037475"/>
</kw>
<kw name="Get Text" owner="SeleniumLibrary">
<msg time="2025-03-13T15:50:18.861967" level="INFO">${title} = Manajemen Project</msg>
<var>${title}</var>
<arg>${titleProject}</arg>
<doc>Returns the text value of the element identified by ``locator``.</doc>
<status status="PASS" start="2025-03-13T15:50:18.831506" elapsed="0.030527"/>
</kw>
<kw name="Log To Console" owner="BuiltIn">
<arg>${\n}${title}</arg>
<doc>Logs the given message to the console.</doc>
<status status="PASS" start="2025-03-13T15:50:18.862290" elapsed="0.000935"/>
</kw>
<status status="PASS" start="2025-03-13T15:49:45.569067" elapsed="33.294381"/>
</kw>
<status status="PASS" start="2025-03-13T15:49:45.568029" elapsed="33.295579"/>
</kw>
<kw name="End Web Test" owner="web_eProc" type="TEARDOWN">
<kw name="Log" owner="BuiltIn">
<msg time="2025-03-13T15:50:18.864790" level="INFO">Suite teardown initiated</msg>
<arg>Suite teardown initiated</arg>
<doc>Logs the given message with the given level.</doc>
<status status="PASS" start="2025-03-13T15:50:18.864625" elapsed="0.000250"/>
</kw>
<kw name="Close Browser" owner="SeleniumLibrary">
<doc>Closes the current browser.</doc>
<status status="PASS" start="2025-03-13T15:50:18.865043" elapsed="2.218938"/>
</kw>
<doc>Closes the browser after all tests in the suite have run</doc>
<status status="PASS" start="2025-03-13T15:50:18.864232" elapsed="2.220463"/>
</kw>
<doc>This scenario test User can access URL Home Page</doc>
<tag>1000s</tag>
<tag>home</tag>
<tag>test</tag>
<status status="PASS" start="2025-03-13T15:49:41.027374" elapsed="40.058298"/>
</test>
<test id="s1-t2" name="Test Login Without fill No Handphone and Password" line="17">
<kw name="Begin Web Test" owner="web_eProc" type="SETUP">
<kw name="Open Browser" owner="SeleniumLibrary">
<msg time="2025-03-13T15:50:21.095785" level="INFO">Opening browser 'headlesschrome' to base url 'about:blank'.</msg>
<arg>about:blank</arg>
<arg>${BROWSER}</arg>
<doc>Opens a new browser instance to the optional ``url``.</doc>
<status status="PASS" start="2025-03-13T15:50:21.095021" elapsed="2.197023"/>
</kw>
<kw name="Execute Javascript" owner="SeleniumLibrary">
<msg time="2025-03-13T15:50:23.293452" level="INFO">Executing JavaScript:
document.body.style.transform = 'scale(0.67)'; document.body.style.transformOrigin = '0 0';
Without any arguments.</msg>
<arg>document.body.style.transform = 'scale(0.67)'; document.body.style.transformOrigin = '0 0';</arg>
<doc>Executes the given JavaScript code with possible arguments.</doc>
<status status="PASS" start="2025-03-13T15:50:23.292493" elapsed="0.011572"/>
</kw>
<kw name="Go To" owner="SeleniumLibrary">
<msg time="2025-03-13T15:50:23.305344" level="INFO">Opening url 'https://developer.1000saudara.com/project1000s'</msg>
<arg>${URL_DEV}</arg>
<doc>Navigates the current browser window to the provided ``url``.</doc>
<status status="PASS" start="2025-03-13T15:50:23.304795" elapsed="2.402579"/>
</kw>
<status status="PASS" start="2025-03-13T15:50:21.093802" elapsed="4.613741"/>
</kw>
<kw name="User login without fill no handphone and password" owner="login">
<kw name="Given user visit E-Proc1000s Login Page" owner="pom_login_eProc">
<kw name="Get Location" owner="SeleniumLibrary">
<msg time="2025-03-13T15:50:25.723458" level="INFO">${current_url} = https://developer.1000saudara.com/project1000s</msg>
<var>${current_url}</var>
<doc>Returns the current browser window URL.</doc>
<status status="PASS" start="2025-03-13T15:50:25.711294" elapsed="0.012372"/>
</kw>
<kw name="Log" owner="BuiltIn">
<msg time="2025-03-13T15:50:25.724852" level="INFO">Current Path: https://developer.1000saudara.com/project1000s</msg>
<arg>Current Path: ${current_url}</arg>
<doc>Logs the given message with the given level.</doc>
<status status="PASS" start="2025-03-13T15:50:25.724321" elapsed="0.000649"/>
</kw>
<kw name="general return status" owner="generalFunct">
<kw name="Run Keyword And Return Status" owner="BuiltIn">
<kw name="Wait Until Element Is Visible" owner="SeleniumLibrary">
<arg>${locator}</arg>
<arg>timeout=5s</arg>
<doc>Waits until the element ``locator`` is visible.</doc>
<status status="PASS" start="2025-03-13T15:50:25.726298" elapsed="0.034794"/>
</kw>
<msg time="2025-03-13T15:50:25.761295" level="INFO">${res} = True</msg>
<var>${res}</var>
<arg>Wait Until Element Is Visible</arg>
<arg>${locator}</arg>
<arg>timeout=5s</arg>
<doc>Runs the given keyword with given arguments and returns the status as a Boolean value.</doc>
<status status="PASS" start="2025-03-13T15:50:25.725910" elapsed="0.035438"/>
</kw>
<return>
<value>${res}</value>
<status status="PASS" start="2025-03-13T15:50:25.761606" elapsed="0.000080"/>
</return>
<msg time="2025-03-13T15:50:25.761915" level="INFO">${res} = True</msg>
<var>${res}</var>
<arg>${headerLogin}</arg>
<status status="PASS" start="2025-03-13T15:50:25.725283" elapsed="0.036679"/>
</kw>
<while condition="${res} == $False">
<iter>
<kw name="Reload Page" owner="SeleniumLibrary">
<doc>Simulates user reloading page.</doc>
<status status="NOT RUN" start="2025-03-13T15:50:25.762584" elapsed="0.000049"/>
</kw>
<kw name="Sleep" owner="BuiltIn">
<arg>2s</arg>
<doc>Pauses the test executed for the given time.</doc>
<status status="NOT RUN" start="2025-03-13T15:50:25.762791" elapsed="0.000046"/>
</kw>
<kw name="general return status" owner="generalFunct">
<var>${res}</var>
<arg>${headerLogin}</arg>
<status status="NOT RUN" start="2025-03-13T15:50:25.763052" elapsed="0.000052"/>
</kw>
<status status="NOT RUN" start="2025-03-13T15:50:25.762069" elapsed="0.001106"/>
</iter>
<status status="NOT RUN" start="2025-03-13T15:50:25.762067" elapsed="0.001169"/>
</while>
<status status="PASS" start="2025-03-13T15:50:25.710031" elapsed="0.053314"/>
</kw>
<kw name="When without fill no handphone and password" owner="pom_login_eProc">
<kw name="general Wait Until" owner="generalFunct">
<kw name="Wait Until Element Is Visible" owner="SeleniumLibrary">
<arg>${locator}</arg>
<arg>timeout=5s</arg>
<doc>Waits until the element ``locator`` is visible.</doc>
<status status="PASS" start="2025-03-13T15:50:25.764418" elapsed="0.031309"/>
</kw>
<kw name="Sleep" owner="BuiltIn">
<msg time="2025-03-13T15:50:30.796755" level="INFO">Slept 5 seconds.</msg>
<arg>5</arg>
<doc>Pauses the test executed for the given time.</doc>
<status status="PASS" start="2025-03-13T15:50:25.796001" elapsed="5.001128"/>
</kw>
<arg>${buttonMasuk}</arg>
<status status="PASS" start="2025-03-13T15:50:25.764042" elapsed="5.033537"/>
</kw>
<kw name="user click element" owner="generalFunct">
<kw name="Sleep" owner="BuiltIn">
<msg time="2025-03-13T15:50:35.800963" level="INFO">Slept 5 seconds.</msg>
<arg>5</arg>
<doc>Pauses the test executed for the given time.</doc>
<status status="PASS" start="2025-03-13T15:50:30.799737" elapsed="5.001593"/>
</kw>
<kw name="Wait Until Element Is Visible" owner="SeleniumLibrary">
<arg>${element}</arg>
<doc>Waits until the element ``locator`` is visible.</doc>
<status status="PASS" start="2025-03-13T15:50:35.802015" elapsed="0.061689"/>
</kw>
<kw name="Click Element" owner="SeleniumLibrary">
<msg time="2025-03-13T15:50:35.864578" level="INFO">Clicking element 'xpath=//button[@type='button']//span[contains(text(), 'Masuk')]//ancestor::button'.</msg>
<msg time="2025-03-13T15:50:35.990495" level="INFO">${clickElement} = None</msg>
<var>${clickElement}</var>
<arg>${element}</arg>
<doc>Click the element identified by ``locator``.</doc>
<status status="PASS" start="2025-03-13T15:50:35.864104" elapsed="0.126472"/>
</kw>
<return>
<value>${clickElement}</value>
<status status="PASS" start="2025-03-13T15:50:35.990713" elapsed="0.000077"/>
</return>
<arg>${buttonMasuk}</arg>
<status status="PASS" start="2025-03-13T15:50:30.798420" elapsed="5.192583"/>
</kw>
<kw name="general return status" owner="generalFunct">
<kw name="Run Keyword And Return Status" owner="BuiltIn">
<kw name="Wait Until Element Is Visible" owner="SeleniumLibrary">
<arg>${locator}</arg>
<arg>timeout=5s</arg>
<doc>Waits until the element ``locator`` is visible.</doc>
<status status="PASS" start="2025-03-13T15:50:35.991938" elapsed="0.029078"/>
</kw>
<msg time="2025-03-13T15:50:36.021328" level="INFO">${res} = True</msg>
<var>${res}</var>
<arg>Wait Until Element Is Visible</arg>
<arg>${locator}</arg>
<arg>timeout=5s</arg>
<doc>Runs the given keyword with given arguments and returns the status as a Boolean value.</doc>
<status status="PASS" start="2025-03-13T15:50:35.991700" elapsed="0.029716"/>
</kw>
<return>
<value>${res}</value>
<status status="PASS" start="2025-03-13T15:50:36.021597" elapsed="0.000103"/>
</return>
<msg time="2025-03-13T15:50:36.022036" level="INFO">${res} = True</msg>
<var>${res}</var>
<arg>${inputPassword}</arg>
<status status="PASS" start="2025-03-13T15:50:35.991251" elapsed="0.030871"/>
</kw>
<if>
<branch type="IF" condition="${res}">
<kw name="general Wait Until" owner="generalFunct">
<kw name="Wait Until Element Is Visible" owner="SeleniumLibrary">
<arg>${locator}</arg>
<arg>timeout=5s</arg>
<doc>Waits until the element ``locator`` is visible.</doc>
<status status="PASS" start="2025-03-13T15:50:36.023573" elapsed="0.027353"/>
</kw>
<kw name="Sleep" owner="BuiltIn">
<msg time="2025-03-13T15:50:41.052234" level="INFO">Slept 5 seconds.</msg>
<arg>5</arg>
<doc>Pauses the test executed for the given time.</doc>
<status status="PASS" start="2025-03-13T15:50:36.051289" elapsed="5.002986"/>
</kw>
<arg>${buttonMasuk}</arg>
<status status="PASS" start="2025-03-13T15:50:36.022783" elapsed="5.032031"/>
</kw>
<kw name="Sleep" owner="BuiltIn">
<msg time="2025-03-13T15:50:45.056119" level="INFO">Slept 4 seconds.</msg>
<arg>4</arg>
<doc>Pauses the test executed for the given time.</doc>
<status status="PASS" start="2025-03-13T15:50:41.055462" elapsed="4.001071"/>
</kw>
<kw name="user click element" owner="generalFunct">
<kw name="Sleep" owner="BuiltIn">
<msg time="2025-03-13T15:50:50.060210" level="INFO">Slept 5 seconds.</msg>
<arg>5</arg>
<doc>Pauses the test executed for the given time.</doc>
<status status="PASS" start="2025-03-13T15:50:45.058617" elapsed="5.002289"/>
</kw>
<kw name="Wait Until Element Is Visible" owner="SeleniumLibrary">
<arg>${element}</arg>
<doc>Waits until the element ``locator`` is visible.</doc>
<status status="PASS" start="2025-03-13T15:50:50.061976" elapsed="0.042001"/>
</kw>
<kw name="Click Element" owner="SeleniumLibrary">
<msg time="2025-03-13T15:50:50.104846" level="INFO">Clicking element 'xpath=//button[@type='button']//span[contains(text(), 'Masuk')]//ancestor::button'.</msg>
<msg time="2025-03-13T15:50:50.251447" level="INFO">${clickElement} = None</msg>
<var>${clickElement}</var>
<arg>${element}</arg>
<doc>Click the element identified by ``locator``.</doc>
<status status="PASS" start="2025-03-13T15:50:50.104386" elapsed="0.147252"/>
</kw>
<return>
<value>${clickElement}</value>
<status status="PASS" start="2025-03-13T15:50:50.251977" elapsed="0.000232"/>
</return>
<arg>${buttonMasuk}</arg>
<status status="PASS" start="2025-03-13T15:50:45.057369" elapsed="5.195704"/>
</kw>
<status status="PASS" start="2025-03-13T15:50:36.022362" elapsed="14.230964"/>
</branch>
<branch type="ELSE">
<kw name="user visit E-Proc1000s Login Page" owner="pom_login_eProc">
<status status="NOT RUN" start="2025-03-13T15:50:50.254392" elapsed="0.000125"/>
</kw>
<status status="NOT RUN" start="2025-03-13T15:50:50.253544" elapsed="0.001101"/>
</branch>
<status status="PASS" start="2025-03-13T15:50:36.022307" elapsed="14.232515"/>
</if>
<status status="PASS" start="2025-03-13T15:50:25.763663" elapsed="24.491376"/>
</kw>
<kw name="Then show message error" owner="generalFunct">
<kw name="general return status" owner="generalFunct">
<kw name="Run Keyword And Return Status" owner="BuiltIn">
<kw name="Wait Until Element Is Visible" owner="SeleniumLibrary">
<arg>${locator}</arg>
<arg>timeout=5s</arg>
<doc>Waits until the element ``locator`` is visible.</doc>
<status status="PASS" start="2025-03-13T15:50:50.258780" elapsed="0.033135"/>
</kw>
<msg time="2025-03-13T15:50:50.292120" level="INFO">${res} = True</msg>
<var>${res}</var>
<arg>Wait Until Element Is Visible</arg>
<arg>${locator}</arg>
<arg>timeout=5s</arg>
<doc>Runs the given keyword with given arguments and returns the status as a Boolean value.</doc>
<status status="PASS" start="2025-03-13T15:50:50.257899" elapsed="0.034272"/>
</kw>
<return>
<value>${res}</value>
<status status="PASS" start="2025-03-13T15:50:50.292280" elapsed="0.000073"/>
</return>
<msg time="2025-03-13T15:50:50.292580" level="INFO">${label} = True</msg>
<var>${label}</var>
<arg>xpath=//div[@class='mb-20px']//parent::div/label[contains(text(), 'Nomor')]</arg>
<status status="PASS" start="2025-03-13T15:50:50.256666" elapsed="0.035961"/>
</kw>
<if>
<branch type="IF" condition="${label}">
<kw name="general Wait Until" owner="generalFunct">
<kw name="Wait Until Element Is Visible" owner="SeleniumLibrary">
<arg>${locator}</arg>
<arg>timeout=5s</arg>
<doc>Waits until the element ``locator`` is visible.</doc>
<status status="PASS" start="2025-03-13T15:50:50.293534" elapsed="0.031242"/>
</kw>
<kw name="Sleep" owner="BuiltIn">
<msg time="2025-03-13T15:50:55.325662" level="INFO">Slept 5 seconds.</msg>
<arg>5</arg>
<doc>Pauses the test executed for the given time.</doc>
<status status="PASS" start="2025-03-13T15:50:50.325071" elapsed="5.001101"/>
</kw>
<arg>${errMessageLabel}</arg>
<status status="PASS" start="2025-03-13T15:50:50.293119" elapsed="5.033371"/>
</kw>
<kw name="Get Text" owner="SeleniumLibrary">
<msg time="2025-03-13T15:50:55.388167" level="INFO">${err} = No. Handphone harus diisi</msg>
<var>${err}</var>
<arg>${errMessageLabel}</arg>
<doc>Returns the text value of the element identified by ``locator``.</doc>
<status status="PASS" start="2025-03-13T15:50:55.326883" elapsed="0.061428"/>
</kw>
<kw name="Set Global Variable" owner="BuiltIn">
<msg time="2025-03-13T15:50:55.391082" level="INFO">${err_text} = No. Handphone harus diisi</msg>
<arg>${err_text}</arg>
<arg>${err}</arg>
<doc>Makes a variable available globally in all tests and suites.</doc>
<status status="PASS" start="2025-03-13T15:50:55.388842" elapsed="0.002376"/>
</kw>
<kw name="Log To Console" owner="BuiltIn">
<arg>${\n}Error Message : ${err}</arg>
<doc>Logs the given message to the console.</doc>
<status status="PASS" start="2025-03-13T15:50:55.391512" elapsed="0.001141"/>
</kw>
<status status="PASS" start="2025-03-13T15:50:50.292848" elapsed="5.099971"/>
</branch>
<branch type="ELSE">
<kw name="general Wait Until" owner="generalFunct">
<arg>${errMessageLabel}</arg>
<status status="NOT RUN" start="2025-03-13T15:50:55.393300" elapsed="0.000066"/>
</kw>
<kw name="Get Text" owner="SeleniumLibrary">
<var>${err}</var>
<arg>${errMessageLabel}</arg>
<doc>Returns the text value of the element identified by ``locator``.</doc>
<status status="NOT RUN" start="2025-03-13T15:50:55.393562" elapsed="0.000048"/>
</kw>
<kw name="Set Global Variable" owner="BuiltIn">
<arg>${err_text}</arg>
<arg>${err}</arg>
<doc>Makes a variable available globally in all tests and suites.</doc>
<status status="NOT RUN" start="2025-03-13T15:50:55.393805" elapsed="0.000048"/>
</kw>
<kw name="Log To Console" owner="BuiltIn">
<arg>${\n}Error Message : ${err}</arg>
<doc>Logs the given message to the console.</doc>
<status status="NOT RUN" start="2025-03-13T15:50:55.394011" elapsed="0.000043"/>
</kw>
<status status="NOT RUN" start="2025-03-13T15:50:55.392948" elapsed="0.001168"/>
</branch>
<status status="PASS" start="2025-03-13T15:50:50.292813" elapsed="5.101365"/>
</if>
<status status="PASS" start="2025-03-13T15:50:50.255732" elapsed="5.138541"/>
</kw>
<status status="PASS" start="2025-03-13T15:50:25.708528" elapsed="29.685832"/>
</kw>
<kw name="End Web Test" owner="web_eProc" type="TEARDOWN">
<kw name="Log" owner="BuiltIn">
<msg time="2025-03-13T15:50:55.395541" level="INFO">Suite teardown initiated</msg>
<arg>Suite teardown initiated</arg>
<doc>Logs the given message with the given level.</doc>
<status status="PASS" start="2025-03-13T15:50:55.395370" elapsed="0.000262"/>
</kw>
<kw name="Close Browser" owner="SeleniumLibrary">
<doc>Closes the current browser.</doc>
<status status="PASS" start="2025-03-13T15:50:55.395831" elapsed="2.238516"/>
</kw>
<doc>Closes the browser after all tests in the suite have run</doc>
<status status="PASS" start="2025-03-13T15:50:55.394949" elapsed="2.239889"/>
</kw>
<doc>This scenario test User login without fill no handphone and password</doc>
<tag>1000s</tag>
<tag>login invalid</tag>
<tag>test</tag>
<status status="PASS" start="2025-03-13T15:50:21.090919" elapsed="36.544750"/>
</test>
<test id="s1-t3" name="Test Login Without fill Password" line="22">
<kw name="Begin Web Test" owner="web_eProc" type="SETUP">
<kw name="Open Browser" owner="SeleniumLibrary">
<msg time="2025-03-13T15:50:57.644013" level="INFO">Opening browser 'headlesschrome' to base url 'about:blank'.</msg>
<arg>about:blank</arg>
<arg>${BROWSER}</arg>
<doc>Opens a new browser instance to the optional ``url``.</doc>
<status status="PASS" start="2025-03-13T15:50:57.643071" elapsed="2.225469"/>
</kw>
<kw name="Execute Javascript" owner="SeleniumLibrary">
<msg time="2025-03-13T15:50:59.869901" level="INFO">Executing JavaScript:
document.body.style.transform = 'scale(0.67)'; document.body.style.transformOrigin = '0 0';
Without any arguments.</msg>
<arg>document.body.style.transform = 'scale(0.67)'; document.body.style.transformOrigin = '0 0';</arg>
<doc>Executes the given JavaScript code with possible arguments.</doc>
<status status="PASS" start="2025-03-13T15:50:59.868980" elapsed="0.018748"/>
</kw>
<kw name="Go To" owner="SeleniumLibrary">
<msg time="2025-03-13T15:50:59.888527" level="INFO">Opening url 'https://developer.1000saudara.com/project1000s'</msg>
<arg>${URL_DEV}</arg>
<doc>Navigates the current browser window to the provided ``url``.</doc>
<status status="PASS" start="2025-03-13T15:50:59.888139" elapsed="2.168398"/>
</kw>
<status status="PASS" start="2025-03-13T15:50:57.641937" elapsed="4.414883"/>
</kw>
<kw name="User login without fill password" owner="login">
<kw name="Given user visit E-Proc1000s Login Page" owner="pom_login_eProc">
<kw name="Get Location" owner="SeleniumLibrary">
<msg time="2025-03-13T15:51:02.068403" level="INFO">${current_url} = https://developer.1000saudara.com/project1000s</msg>
<var>${current_url}</var>
<doc>Returns the current browser window URL.</doc>
<status status="PASS" start="2025-03-13T15:51:02.058903" elapsed="0.009624"/>
</kw>
<kw name="Log" owner="BuiltIn">
<msg time="2025-03-13T15:51:02.069669" level="INFO">Current Path: https://developer.1000saudara.com/project1000s</msg>
<arg>Current Path: ${current_url}</arg>
<doc>Logs the given message with the given level.</doc>
<status status="PASS" start="2025-03-13T15:51:02.069196" elapsed="0.000631"/>
</kw>
<kw name="general return status" owner="generalFunct">
<kw name="Run Keyword And Return Status" owner="BuiltIn">
<kw name="Wait Until Element Is Visible" owner="SeleniumLibrary">
<arg>${locator}</arg>
<arg>timeout=5s</arg>
<doc>Waits until the element ``locator`` is visible.</doc>
<status status="PASS" start="2025-03-13T15:51:02.071756" elapsed="0.041396"/>
</kw>
<msg time="2025-03-13T15:51:02.113478" level="INFO">${res} = True</msg>
<var>${res}</var>
<arg>Wait Until Element Is Visible</arg>
<arg>${locator}</arg>
<arg>timeout=5s</arg>
<doc>Runs the given keyword with given arguments and returns the status as a Boolean value.</doc>
<status status="PASS" start="2025-03-13T15:51:02.071225" elapsed="0.042345"/>
</kw>
<return>
<value>${res}</value>
<status status="PASS" start="2025-03-13T15:51:02.113785" elapsed="0.000139"/>
</return>
<msg time="2025-03-13T15:51:02.114380" level="INFO">${res} = True</msg>
<var>${res}</var>
<arg>${headerLogin}</arg>
<status status="PASS" start="2025-03-13T15:51:02.070318" elapsed="0.044171"/>
</kw>
<while condition="${res} == $False">
<iter>
<kw name="Reload Page" owner="SeleniumLibrary">
<doc>Simulates user reloading page.</doc>
<status status="NOT RUN" start="2025-03-13T15:51:02.116248" elapsed="0.000111"/>
</kw>
<kw name="Sleep" owner="BuiltIn">
<arg>2s</arg>
<doc>Pauses the test executed for the given time.</doc>
<status status="NOT RUN" start="2025-03-13T15:51:02.116809" elapsed="0.000245"/>
</kw>
<kw name="general return status" owner="generalFunct">
<var>${res}</var>
<arg>${headerLogin}</arg>
<status status="NOT RUN" start="2025-03-13T15:51:02.117583" elapsed="0.000134"/>
</kw>
<status status="NOT RUN" start="2025-03-13T15:51:02.115182" elapsed="0.002743"/>
</iter>
<status status="NOT RUN" start="2025-03-13T15:51:02.115172" elapsed="0.002887"/>
</while>
<status status="PASS" start="2025-03-13T15:51:02.058494" elapsed="0.060664"/>
</kw>
<kw name="When without filling any of them" owner="pom_login_eProc">
<kw name="general Wait Until" owner="generalFunct">
<kw name="Wait Until Element Is Visible" owner="SeleniumLibrary">
<arg>${locator}</arg>
<arg>timeout=5s</arg>
<doc>Waits until the element ``locator`` is visible.</doc>
<status status="PASS" start="2025-03-13T15:51:02.122147" elapsed="0.039049"/>
</kw>
<kw name="Sleep" owner="BuiltIn">
<msg time="2025-03-13T15:51:07.162514" level="INFO">Slept 5 seconds.</msg>
<arg>5</arg>
<doc>Pauses the test executed for the given time.</doc>
<status status="PASS" start="2025-03-13T15:51:02.161644" elapsed="5.001297"/>
</kw>
<arg>${loc_text}</arg>
<status status="PASS" start="2025-03-13T15:51:02.121294" elapsed="5.042059"/>
</kw>
<kw name="Element Should Be Visible" owner="SeleniumLibrary">
<msg time="2025-03-13T15:51:07.221323" level="INFO">Element 'xpath=//input[@id='TxtPhone']' is displayed.</msg>
<arg>${loc_text}</arg>
<arg>${text}</arg>
<doc>Verifies that the element identified by ``locator`` is visible.</doc>
<status status="PASS" start="2025-03-13T15:51:07.164322" elapsed="0.057269"/>
</kw>
<kw name="general return status" owner="generalFunct">
<kw name="Run Keyword And Return Status" owner="BuiltIn">
<kw name="Wait Until Element Is Visible" owner="SeleniumLibrary">
<arg>${locator}</arg>
<arg>timeout=5s</arg>
<doc>Waits until the element ``locator`` is visible.</doc>
<status status="PASS" start="2025-03-13T15:51:07.224353" elapsed="0.035410"/>
</kw>
<msg time="2025-03-13T15:51:07.259977" level="INFO">${res} = True</msg>
<var>${res}</var>
<arg>Wait Until Element Is Visible</arg>
<arg>${locator}</arg>
<arg>timeout=5s</arg>
<doc>Runs the given keyword with given arguments and returns the status as a Boolean value.</doc>
<status status="PASS" start="2025-03-13T15:51:07.223539" elapsed="0.036492"/>
</kw>
<return>
<value>${res}</value>
<status status="PASS" start="2025-03-13T15:51:07.260143" elapsed="0.000075"/>
</return>
<msg time="2025-03-13T15:51:07.260450" level="INFO">${res} = True</msg>
<var>${res}</var>
<arg>${inputPassword}</arg>
<status status="PASS" start="2025-03-13T15:51:07.222251" elapsed="0.038246"/>
</kw>
<if>
<branch type="IF" condition="${res}">
<kw name="general Wait Until" owner="generalFunct">
<kw name="Wait Until Element Is Visible" owner="SeleniumLibrary">
<arg>${locator}</arg>
<arg>timeout=5s</arg>
<doc>Waits until the element ``locator`` is visible.</doc>
<status status="PASS" start="2025-03-13T15:51:07.261381" elapsed="0.025007"/>
</kw>
<kw name="Sleep" owner="BuiltIn">
<msg time="2025-03-13T15:51:12.287069" level="INFO">Slept 5 seconds.</msg>
<arg>5</arg>
<doc>Pauses the test executed for the given time.</doc>
<status status="PASS" start="2025-03-13T15:51:07.286650" elapsed="5.000646"/>
</kw>
<arg>${loc_text}</arg>
<status status="PASS" start="2025-03-13T15:51:07.260915" elapsed="5.026595"/>
</kw>
<kw name="Sleep" owner="BuiltIn">
<msg time="2025-03-13T15:51:16.289199" level="INFO">Slept 4 seconds.</msg>
<arg>4</arg>
<doc>Pauses the test executed for the given time.</doc>
<status status="PASS" start="2025-03-13T15:51:12.287801" elapsed="4.002060"/>
</kw>
<kw name="user input text" owner="generalFunct">
<kw name="Wait Until Element Is Visible" owner="SeleniumLibrary">
<arg>${locator}</arg>
<doc>Waits until the element ``locator`` is visible.</doc>
<status status="PASS" start="2025-03-13T15:51:16.292896" elapsed="0.038166"/>
</kw>
<kw name="Input Text" owner="SeleniumLibrary">
<msg time="2025-03-13T15:51:16.331669" level="INFO">Typing text '085210758864' into text field 'xpath=//input[@id='TxtPhone']'.</msg>
<arg>${locator}</arg>
<arg>${text}</arg>
<doc>Types the given ``text`` into the text field identified by ``locator``.</doc>
<status status="PASS" start="2025-03-13T15:51:16.331313" elapsed="0.215075"/>
</kw>
<kw name="Sleep" owner="BuiltIn">
<msg time="2025-03-13T15:51:21.548241" level="INFO">Slept 5 seconds.</msg>
<arg>5</arg>
<doc>Pauses the test executed for the given time.</doc>
<status status="PASS" start="2025-03-13T15:51:16.546805" elapsed="5.001801"/>
</kw>
<arg>${loc_text}</arg>
<arg>${text}</arg>
<status status="PASS" start="2025-03-13T15:51:16.291057" elapsed="5.257953"/>
</kw>
<kw name="Sleep" owner="BuiltIn">
<msg time="2025-03-13T15:51:25.550896" level="INFO">Slept 4 seconds.</msg>
<arg>4</arg>
<doc>Pauses the test executed for the given time.</doc>
<status status="PASS" start="2025-03-13T15:51:21.549667" elapsed="4.001600"/>
</kw>
<kw name="user click element" owner="generalFunct">
<kw name="Sleep" owner="BuiltIn">
<msg time="2025-03-13T15:51:30.554224" level="INFO">Slept 5 seconds.</msg>
<arg>5</arg>
<doc>Pauses the test executed for the given time.</doc>
<status status="PASS" start="2025-03-13T15:51:25.553351" elapsed="5.001050"/>
</kw>
<kw name="Wait Until Element Is Visible" owner="SeleniumLibrary">
<arg>${element}</arg>
<doc>Waits until the element ``locator`` is visible.</doc>
<status status="PASS" start="2025-03-13T15:51:30.554720" elapsed="0.033031"/>
</kw>
<kw name="Click Element" owner="SeleniumLibrary">
<msg time="2025-03-13T15:51:30.588351" level="INFO">Clicking element 'xpath=//button[@type='button']//span[contains(text(), 'Masuk')]//ancestor::button'.</msg>
<msg time="2025-03-13T15:51:30.686871" level="INFO">${clickElement} = None</msg>
<var>${clickElement}</var>
<arg>${element}</arg>
<doc>Click the element identified by ``locator``.</doc>
<status status="PASS" start="2025-03-13T15:51:30.588044" elapsed="0.098893"/>
</kw>
<return>
<value>${clickElement}</value>
<status status="PASS" start="2025-03-13T15:51:30.687059" elapsed="0.000088"/>
</return>
<arg>${buttonMasuk}</arg>
<status status="PASS" start="2025-03-13T15:51:25.552136" elapsed="5.135202"/>
</kw>
<status status="PASS" start="2025-03-13T15:51:07.260637" elapsed="23.426773"/>
</branch>
<branch type="ELSE">
<kw name="user visit E-Proc1000s Login Page" owner="pom_login_eProc">
<status status="NOT RUN" start="2025-03-13T15:51:30.687805" elapsed="0.000057"/>
</kw>
<status status="NOT RUN" start="2025-03-13T15:51:30.687477" elapsed="0.000441"/>
</branch>
<status status="PASS" start="2025-03-13T15:51:07.260603" elapsed="23.427371"/>
</if>
<arg>${inputUsername}</arg>
<arg>${ROLE_ADMIN}</arg>
<status status="PASS" start="2025-03-13T15:51:02.120025" elapsed="28.568029"/>
</kw>
<kw name="Then show message error" owner="generalFunct">
<kw name="general return status" owner="generalFunct">
<kw name="Run Keyword And Return Status" owner="BuiltIn">
<kw name="Wait Until Element Is Visible" owner="SeleniumLibrary">
<arg>${locator}</arg>
<arg>timeout=5s</arg>
<doc>Waits until the element ``locator`` is visible.</doc>
<status status="PASS" start="2025-03-13T15:51:30.689358" elapsed="0.036106"/>
</kw>
<msg time="2025-03-13T15:51:30.725813" level="INFO">${res} = True</msg>
<var>${res}</var>
<arg>Wait Until Element Is Visible</arg>
<arg>${locator}</arg>
<arg>timeout=5s</arg>
<doc>Runs the given keyword with given arguments and returns the status as a Boolean value.</doc>
<status status="PASS" start="2025-03-13T15:51:30.689121" elapsed="0.036774"/>
</kw>
<return>
<value>${res}</value>
<status status="PASS" start="2025-03-13T15:51:30.726167" elapsed="0.000155"/>
</return>
<msg time="2025-03-13T15:51:30.726955" level="INFO">${label} = True</msg>
<var>${label}</var>
<arg>xpath=//div[@class='mb-20px']//parent::div/label[contains(text(), 'Nomor')]</arg>
<status status="PASS" start="2025-03-13T15:51:30.688759" elapsed="0.038341"/>
</kw>
<if>
<branch type="IF" condition="${label}">
<kw name="general Wait Until" owner="generalFunct">
<kw name="Wait Until Element Is Visible" owner="SeleniumLibrary">
<arg>${locator}</arg>
<arg>timeout=5s</arg>
<doc>Waits until the element ``locator`` is visible.</doc>
<status status="PASS" start="2025-03-13T15:51:30.728773" elapsed="0.754639"/>
</kw>
<kw name="Sleep" owner="BuiltIn">
<msg time="2025-03-13T15:51:36.485640" level="INFO">Slept 5 seconds.</msg>
<arg>5</arg>
<doc>Pauses the test executed for the given time.</doc>
<status status="PASS" start="2025-03-13T15:51:31.483944" elapsed="5.001928"/>
</kw>
<arg>${errMessageLabel}</arg>
<status status="PASS" start="2025-03-13T15:51:30.727931" elapsed="5.758092"/>
</kw>
<kw name="Get Text" owner="SeleniumLibrary">
<msg time="2025-03-13T15:51:36.512161" level="INFO">${err} = Password harus diisi</msg>
<var>${err}</var>
<arg>${errMessageLabel}</arg>
<doc>Returns the text value of the element identified by ``locator``.</doc>
<status status="PASS" start="2025-03-13T15:51:36.486237" elapsed="0.025995"/>
</kw>
<kw name="Set Global Variable" owner="BuiltIn">
<msg time="2025-03-13T15:51:36.512813" level="INFO">${err_text} = Password harus diisi</msg>
<arg>${err_text}</arg>
<arg>${err}</arg>
<doc>Makes a variable available globally in all tests and suites.</doc>
<status status="PASS" start="2025-03-13T15:51:36.512486" elapsed="0.000402"/>
</kw>
<kw name="Log To Console" owner="BuiltIn">
<arg>${\n}Error Message : ${err}</arg>
<doc>Logs the given message to the console.</doc>
<status status="PASS" start="2025-03-13T15:51:36.513075" elapsed="0.000836"/>
</kw>
<status status="PASS" start="2025-03-13T15:51:30.727381" elapsed="5.786719"/>
</branch>
<branch type="ELSE">
<kw name="general Wait Until" owner="generalFunct">
<arg>${errMessageLabel}</arg>
<status status="NOT RUN" start="2025-03-13T15:51:36.514476" elapsed="0.000056"/>
</kw>
<kw name="Get Text" owner="SeleniumLibrary">
<var>${err}</var>
<arg>${errMessageLabel}</arg>
<doc>Returns the text value of the element identified by ``locator``.</doc>
<status status="NOT RUN" start="2025-03-13T15:51:36.514710" elapsed="0.000045"/>
</kw>
<kw name="Set Global Variable" owner="BuiltIn">
<arg>${err_text}</arg>
<arg>${err}</arg>
<doc>Makes a variable available globally in all tests and suites.</doc>
<status status="NOT RUN" start="2025-03-13T15:51:36.514934" elapsed="0.000044"/>
</kw>
<kw name="Log To Console" owner="BuiltIn">
<arg>${\n}Error Message : ${err}</arg>
<doc>Logs the given message to the console.</doc>
<status status="NOT RUN" start="2025-03-13T15:51:36.515128" elapsed="0.000041"/>
</kw>
<status status="NOT RUN" start="2025-03-13T15:51:36.514218" elapsed="0.001012"/>
</branch>
<status status="PASS" start="2025-03-13T15:51:30.727318" elapsed="5.787968"/>
</if>
<status status="PASS" start="2025-03-13T15:51:30.688383" elapsed="5.826994"/>
</kw>
<kw name="And Should Be Equal" owner="BuiltIn">
<arg>${err_text}</arg>
<arg>Password harus diisi</arg>
<doc>Fails if the given objects are unequal.</doc>
<status status="PASS" start="2025-03-13T15:51:36.515562" elapsed="0.000291"/>
</kw>
<status status="PASS" start="2025-03-13T15:51:02.057746" elapsed="34.458223"/>
</kw>
<kw name="End Web Test" owner="web_eProc" type="TEARDOWN">
<kw name="Log" owner="BuiltIn">
<msg time="2025-03-13T15:51:36.516976" level="INFO">Suite teardown initiated</msg>
<arg>Suite teardown initiated</arg>
<doc>Logs the given message with the given level.</doc>
<status status="PASS" start="2025-03-13T15:51:36.516811" elapsed="0.000239"/>
</kw>
<kw name="Close Browser" owner="SeleniumLibrary">
<doc>Closes the current browser.</doc>
<status status="PASS" start="2025-03-13T15:51:36.517225" elapsed="3.265202"/>
</kw>
<doc>Closes the browser after all tests in the suite have run</doc>
<status status="PASS" start="2025-03-13T15:51:36.516423" elapsed="3.266292"/>
</kw>
<doc>This scenario test User login without fill password</doc>
<tag>1000s</tag>
<tag>login invalid</tag>
<tag>test</tag>
<status status="PASS" start="2025-03-13T15:50:57.639893" elapsed="42.143209"/>
</test>
<test id="s1-t4" name="Test Login Without fill No Handphone" line="27">
<kw name="Begin Web Test" owner="web_eProc" type="SETUP">
<kw name="Open Browser" owner="SeleniumLibrary">
<msg time="2025-03-13T15:51:39.787437" level="INFO">Opening browser 'headlesschrome' to base url 'about:blank'.</msg>
<arg>about:blank</arg>
<arg>${BROWSER}</arg>
<doc>Opens a new browser instance to the optional ``url``.</doc>
<status status="PASS" start="2025-03-13T15:51:39.786944" elapsed="2.359008"/>
</kw>
<kw name="Execute Javascript" owner="SeleniumLibrary">
<msg time="2025-03-13T15:51:42.147254" level="INFO">Executing JavaScript:
document.body.style.transform = 'scale(0.67)'; document.body.style.transformOrigin = '0 0';
Without any arguments.</msg>
<arg>document.body.style.transform = 'scale(0.67)'; document.body.style.transformOrigin = '0 0';</arg>
<doc>Executes the given JavaScript code with possible arguments.</doc>
<status status="PASS" start="2025-03-13T15:51:42.146390" elapsed="0.016858"/>
</kw>
<kw name="Go To" owner="SeleniumLibrary">
<msg time="2025-03-13T15:51:42.164266" level="INFO">Opening url 'https://developer.1000saudara.com/project1000s'</msg>
<arg>${URL_DEV}</arg>
<doc>Navigates the current browser window to the provided ``url``.</doc>
<status status="PASS" start="2025-03-13T15:51:42.163785" elapsed="2.383021"/>
</kw>
<status status="PASS" start="2025-03-13T15:51:39.786139" elapsed="4.760946"/>
</kw>
<kw name="User login without fill no handphone" owner="login">
<kw name="Given user visit E-Proc1000s Login Page" owner="pom_login_eProc">
<kw name="Get Location" owner="SeleniumLibrary">
<msg time="2025-03-13T15:51:44.573294" level="INFO">${current_url} = https://developer.1000saudara.com/project1000s</msg>
<var>${current_url}</var>
<doc>Returns the current browser window URL.</doc>
<status status="PASS" start="2025-03-13T15:51:44.550058" elapsed="0.023352"/>
</kw>
<kw name="Log" owner="BuiltIn">
<msg time="2025-03-13T15:51:44.574142" level="INFO">Current Path: https://developer.1000saudara.com/project1000s</msg>
<arg>Current Path: ${current_url}</arg>
<doc>Logs the given message with the given level.</doc>
<status status="PASS" start="2025-03-13T15:51:44.573774" elapsed="0.000504"/>
</kw>
<kw name="general return status" owner="generalFunct">
<kw name="Run Keyword And Return Status" owner="BuiltIn">
<kw name="Wait Until Element Is Visible" owner="SeleniumLibrary">
<arg>${locator}</arg>
<arg>timeout=5s</arg>
<doc>Waits until the element ``locator`` is visible.</doc>
<status status="PASS" start="2025-03-13T15:51:44.579582" elapsed="0.058081"/>
</kw>
<msg time="2025-03-13T15:51:44.638027" level="INFO">${res} = True</msg>
<var>${res}</var>
<arg>Wait Until Element Is Visible</arg>
<arg>${locator}</arg>
<arg>timeout=5s</arg>
<doc>Runs the given keyword with given arguments and returns the status as a Boolean value.</doc>
<status status="PASS" start="2025-03-13T15:51:44.576552" elapsed="0.061576"/>
</kw>
<return>
<value>${res}</value>
<status status="PASS" start="2025-03-13T15:51:44.638364" elapsed="0.000133"/>
</return>
<msg time="2025-03-13T15:51:44.638905" level="INFO">${res} = True</msg>
<var>${res}</var>
<arg>${headerLogin}</arg>
<status status="PASS" start="2025-03-13T15:51:44.575239" elapsed="0.063755"/>
</kw>
<while condition="${res} == $False">
<iter>
<kw name="Reload Page" owner="SeleniumLibrary">
<doc>Simulates user reloading page.</doc>
<status status="NOT RUN" start="2025-03-13T15:51:44.640019" elapsed="0.000097"/>
</kw>
<kw name="Sleep" owner="BuiltIn">
<arg>2s</arg>
<doc>Pauses the test executed for the given time.</doc>
<status status="NOT RUN" start="2025-03-13T15:51:44.640454" elapsed="0.000078"/>
</kw>
<kw name="general return status" owner="generalFunct">
<var>${res}</var>
<arg>${headerLogin}</arg>
<status status="NOT RUN" start="2025-03-13T15:51:44.640923" elapsed="0.000231"/>
</kw>
<status status="NOT RUN" start="2025-03-13T15:51:44.639175" elapsed="0.002135"/>
</iter>
<status status="NOT RUN" start="2025-03-13T15:51:44.639170" elapsed="0.002251"/>
</while>
<status status="PASS" start="2025-03-13T15:51:44.549007" elapsed="0.092629"/>
</kw>
<kw name="When without filling any of them" owner="pom_login_eProc">
<kw name="general Wait Until" owner="generalFunct">
<kw name="Wait Until Element Is Visible" owner="SeleniumLibrary">
<arg>${locator}</arg>
<arg>timeout=5s</arg>
<doc>Waits until the element ``locator`` is visible.</doc>
<status status="PASS" start="2025-03-13T15:51:44.644306" elapsed="0.049638"/>
</kw>
<kw name="Sleep" owner="BuiltIn">
<msg time="2025-03-13T15:51:49.695743" level="INFO">Slept 5 seconds.</msg>
<arg>5</arg>
<doc>Pauses the test executed for the given time.</doc>
<status status="PASS" start="2025-03-13T15:51:44.694523" elapsed="5.001360"/>
</kw>
<arg>${loc_text}</arg>
<status status="PASS" start="2025-03-13T15:51:44.643458" elapsed="5.052572"/>
</kw>
<kw name="Element Should Be Visible" owner="SeleniumLibrary">
<msg time="2025-03-13T15:51:49.716461" level="INFO">Element 'xpath=//input[@id='pwd']' is displayed.</msg>
<arg>${loc_text}</arg>
<arg>${text}</arg>
<doc>Verifies that the element identified by ``locator`` is visible.</doc>
<status status="PASS" start="2025-03-13T15:51:49.696251" elapsed="0.020337"/>
</kw>
<kw name="general return status" owner="generalFunct">
<kw name="Run Keyword And Return Status" owner="BuiltIn">
<kw name="Wait Until Element Is Visible" owner="SeleniumLibrary">
<arg>${locator}</arg>
<arg>timeout=5s</arg>
<doc>Waits until the element ``locator`` is visible.</doc>
<status status="PASS" start="2025-03-13T15:51:49.717554" elapsed="0.020352"/>
</kw>
<msg time="2025-03-13T15:51:49.738291" level="INFO">${res} = True</msg>
<var>${res}</var>
<arg>Wait Until Element Is Visible</arg>
<arg>${locator}</arg>
<arg>timeout=5s</arg>
<doc>Runs the given keyword with given arguments and returns the status as a Boolean value.</doc>
<status status="PASS" start="2025-03-13T15:51:49.717321" elapsed="0.021076"/>
</kw>
<return>
<value>${res}</value>
<status status="PASS" start="2025-03-13T15:51:49.738633" elapsed="0.000131"/>
</return>
<msg time="2025-03-13T15:51:49.739131" level="INFO">${res} = True</msg>
<var>${res}</var>
<arg>${inputPassword}</arg>
<status status="PASS" start="2025-03-13T15:51:49.716881" elapsed="0.022324"/>
</kw>
<if>
<branch type="IF" condition="${res}">
<kw name="general Wait Until" owner="generalFunct">
<kw name="Wait Until Element Is Visible" owner="SeleniumLibrary">
<arg>${locator}</arg>
<arg>timeout=5s</arg>
<doc>Waits until the element ``locator`` is visible.</doc>
<status status="PASS" start="2025-03-13T15:51:49.740876" elapsed="0.022460"/>
</kw>
<kw name="Sleep" owner="BuiltIn">
<msg time="2025-03-13T15:51:54.764231" level="INFO">Slept 5 seconds.</msg>
<arg>5</arg>
<doc>Pauses the test executed for the given time.</doc>
<status status="PASS" start="2025-03-13T15:51:49.763778" elapsed="5.000668"/>
</kw>
<arg>${loc_text}</arg>
<status status="PASS" start="2025-03-13T15:51:49.739981" elapsed="5.024709"/>
</kw>
<kw name="Sleep" owner="BuiltIn">
<msg time="2025-03-13T15:51:58.765837" level="INFO">Slept 4 seconds.</msg>
<arg>4</arg>
<doc>Pauses the test executed for the given time.</doc>
<status status="PASS" start="2025-03-13T15:51:54.765045" elapsed="4.001000"/>
</kw>
<kw name="user input text" owner="generalFunct">
<kw name="Wait Until Element Is Visible" owner="SeleniumLibrary">
<arg>${locator}</arg>
<doc>Waits until the element ``locator`` is visible.</doc>
<status status="PASS" start="2025-03-13T15:51:58.767565" elapsed="0.186882"/>
</kw>
<kw name="Input Text" owner="SeleniumLibrary">
<msg time="2025-03-13T15:51:58.955590" level="INFO">Typing text '123456' into text field 'xpath=//input[@id='pwd']'.</msg>
<arg>${locator}</arg>
<arg>${text}</arg>
<doc>Types the given ``text`` into the text field identified by ``locator``.</doc>
<status status="PASS" start="2025-03-13T15:51:58.954891" elapsed="0.809354"/>
</kw>
<kw name="Sleep" owner="BuiltIn">
<msg time="2025-03-13T15:52:04.765226" level="INFO">Slept 5 seconds.</msg>
<arg>5</arg>
<doc>Pauses the test executed for the given time.</doc>
<status status="PASS" start="2025-03-13T15:51:59.764680" elapsed="5.000684"/>
</kw>
<arg>${loc_text}</arg>
<arg>${text}</arg>
<status status="PASS" start="2025-03-13T15:51:58.766519" elapsed="5.998984"/>
</kw>
<kw name="Sleep" owner="BuiltIn">
<msg time="2025-03-13T15:52:08.766203" level="INFO">Slept 4 seconds.</msg>
<arg>4</arg>
<doc>Pauses the test executed for the given time.</doc>
<status status="PASS" start="2025-03-13T15:52:04.765725" elapsed="4.000619"/>
</kw>
<kw name="user click element" owner="generalFunct">
<kw name="Sleep" owner="BuiltIn">
<msg time="2025-03-13T15:52:13.767520" level="INFO">Slept 5 seconds.</msg>
<arg>5</arg>
<doc>Pauses the test executed for the given time.</doc>
<status status="PASS" start="2025-03-13T15:52:08.767196" elapsed="5.000462"/>
</kw>
<kw name="Wait Until Element Is Visible" owner="SeleniumLibrary">
<arg>${element}</arg>
<doc>Waits until the element ``locator`` is visible.</doc>
<status status="PASS" start="2025-03-13T15:52:13.767924" elapsed="0.030331"/>
</kw>
<kw name="Click Element" owner="SeleniumLibrary">
<msg time="2025-03-13T15:52:13.799097" level="INFO">Clicking element 'xpath=//button[@type='button']//span[contains(text(), 'Masuk')]//ancestor::button'.</msg>
<msg time="2025-03-13T15:52:13.885028" level="INFO">${clickElement} = None</msg>
<var>${clickElement}</var>
<arg>${element}</arg>
<doc>Click the element identified by ``locator``.</doc>
<status status="PASS" start="2025-03-13T15:52:13.798658" elapsed="0.086453"/>
</kw>
<return>
<value>${clickElement}</value>
<status status="PASS" start="2025-03-13T15:52:13.885262" elapsed="0.000077"/>
</return>
<arg>${buttonMasuk}</arg>
<status status="PASS" start="2025-03-13T15:52:08.766667" elapsed="5.118873"/>
</kw>
<status status="PASS" start="2025-03-13T15:51:49.739441" elapsed="24.146174"/>
</branch>
<branch type="ELSE">
<kw name="user visit E-Proc1000s Login Page" owner="pom_login_eProc">
<status status="NOT RUN" start="2025-03-13T15:52:13.885972" elapsed="0.000053"/>
</kw>
<status status="NOT RUN" start="2025-03-13T15:52:13.885687" elapsed="0.000395"/>
</branch>
<status status="PASS" start="2025-03-13T15:51:49.739379" elapsed="24.146757"/>
</if>
<arg>${inputPassword}</arg>
<arg>${PASSWORD}</arg>
<status status="PASS" start="2025-03-13T15:51:44.642391" elapsed="29.244062"/>
</kw>
<kw name="Then show message error" owner="generalFunct">
<kw name="general return status" owner="generalFunct">
<kw name="Run Keyword And Return Status" owner="BuiltIn">
<kw name="Wait Until Element Is Visible" owner="SeleniumLibrary">
<arg>${locator}</arg>
<arg>timeout=5s</arg>
<doc>Waits until the element ``locator`` is visible.</doc>
<status status="PASS" start="2025-03-13T15:52:13.888774" elapsed="0.032309"/>
</kw>
<msg time="2025-03-13T15:52:13.921360" level="INFO">${res} = True</msg>
<var>${res}</var>
<arg>Wait Until Element Is Visible</arg>
<arg>${locator}</arg>
<arg>timeout=5s</arg>
<doc>Runs the given keyword with given arguments and returns the status as a Boolean value.</doc>
<status status="PASS" start="2025-03-13T15:52:13.888466" elapsed="0.032948"/>
</kw>
<return>
<value>${res}</value>
<status status="PASS" start="2025-03-13T15:52:13.921529" elapsed="0.000077"/>
</return>
<msg time="2025-03-13T15:52:13.921827" level="INFO">${label} = True</msg>
<var>${label}</var>
<arg>xpath=//div[@class='mb-20px']//parent::div/label[contains(text(), 'Nomor')]</arg>
<status status="PASS" start="2025-03-13T15:52:13.887855" elapsed="0.034019"/>
</kw>
<if>
<branch type="IF" condition="${label}">
<kw name="general Wait Until" owner="generalFunct">
<kw name="Wait Until Element Is Visible" owner="SeleniumLibrary">
<arg>${locator}</arg>
<arg>timeout=5s</arg>
<doc>Waits until the element ``locator`` is visible.</doc>
<status status="PASS" start="2025-03-13T15:52:13.922946" elapsed="0.684269"/>
</kw>
<kw name="Sleep" owner="BuiltIn">
<msg time="2025-03-13T15:52:19.608612" level="INFO">Slept 5 seconds.</msg>
<arg>5</arg>
<doc>Pauses the test executed for the given time.</doc>
<status status="PASS" start="2025-03-13T15:52:14.607588" elapsed="5.001424"/>
</kw>
<arg>${errMessageLabel}</arg>
<status status="PASS" start="2025-03-13T15:52:13.922292" elapsed="5.687139"/>
</kw>
<kw name="Get Text" owner="SeleniumLibrary">
<msg time="2025-03-13T15:52:19.677199" level="INFO">${err} = No. Handphone harus diisi</msg>
<var>${err}</var>
<arg>${errMessageLabel}</arg>
<doc>Returns the text value of the element identified by ``locator``.</doc>
<status status="PASS" start="2025-03-13T15:52:19.610034" elapsed="0.067539"/>
</kw>
<kw name="Set Global Variable" owner="BuiltIn">
<msg time="2025-03-13T15:52:19.678932" level="INFO">${err_text} = No. Handphone harus diisi</msg>
<arg>${err_text}</arg>
<arg>${err}</arg>
<doc>Makes a variable available globally in all tests and suites.</doc>
<status status="PASS" start="2025-03-13T15:52:19.678016" elapsed="0.001162"/>
</kw>
<kw name="Log To Console" owner="BuiltIn">
<arg>${\n}Error Message : ${err}</arg>
<doc>Logs the given message to the console.</doc>
<status status="PASS" start="2025-03-13T15:52:19.679787" elapsed="0.001788"/>
</kw>
<status status="PASS" start="2025-03-13T15:52:13.922012" elapsed="5.759836"/>
</branch>
<branch type="ELSE">
<kw name="general Wait Until" owner="generalFunct">
<arg>${errMessageLabel}</arg>
<status status="NOT RUN" start="2025-03-13T15:52:19.682525" elapsed="0.000091"/>
</kw>
<kw name="Get Text" owner="SeleniumLibrary">
<var>${err}</var>
<arg>${errMessageLabel}</arg>
<doc>Returns the text value of the element identified by ``locator``.</doc>
<status status="NOT RUN" start="2025-03-13T15:52:19.682937" elapsed="0.000095"/>
</kw>
<kw name="Set Global Variable" owner="BuiltIn">
<arg>${err_text}</arg>
<arg>${err}</arg>
<doc>Makes a variable available globally in all tests and suites.</doc>
<status status="NOT RUN" start="2025-03-13T15:52:19.683328" elapsed="0.000078"/>
</kw>
<kw name="Log To Console" owner="BuiltIn">
<arg>${\n}Error Message : ${err}</arg>
<doc>Logs the given message to the console.</doc>
<status status="NOT RUN" start="2025-03-13T15:52:19.683674" elapsed="0.000075"/>
</kw>
<status status="NOT RUN" start="2025-03-13T15:52:19.682111" elapsed="0.001756"/>
</branch>
<status status="PASS" start="2025-03-13T15:52:13.921978" elapsed="5.761999"/>
</if>
<status status="PASS" start="2025-03-13T15:52:13.887150" elapsed="5.796979"/>
</kw>
<kw name="And Should Be Equal" owner="BuiltIn">
<arg>${err_text}</arg>
<arg>No. Handphone harus diisi</arg>
<doc>Fails if the given objects are unequal.</doc>
<status status="PASS" start="2025-03-13T15:52:19.684445" elapsed="0.000508"/>
</kw>
<status status="PASS" start="2025-03-13T15:51:44.547965" elapsed="35.137186"/>
</kw>
<kw name="End Web Test" owner="web_eProc" type="TEARDOWN">
<kw name="Log" owner="BuiltIn">
<msg time="2025-03-13T15:52:19.687270" level="INFO">Suite teardown initiated</msg>
<arg>Suite teardown initiated</arg>
<doc>Logs the given message with the given level.</doc>
<status status="PASS" start="2025-03-13T15:52:19.686965" elapsed="0.000451"/>
</kw>
<kw name="Close Browser" owner="SeleniumLibrary">
<doc>Closes the current browser.</doc>
<status status="PASS" start="2025-03-13T15:52:19.687741" elapsed="2.240102"/>
</kw>
<doc>Closes the browser after all tests in the suite have run</doc>
<status status="PASS" start="2025-03-13T15:52:19.686240" elapsed="2.242032"/>
</kw>
<doc>This scenario test User login without fill no handphone</doc>
<tag>1000s</tag>
<tag>login invalid</tag>
<tag>test</tag>
<status status="PASS" start="2025-03-13T15:51:39.784841" elapsed="42.144210"/>
</test>
<test id="s1-t5" name="Test Login With invalid No Handphone" line="32">
<kw name="Begin Web Test" owner="web_eProc" type="SETUP">
<kw name="Open Browser" owner="SeleniumLibrary">
<msg time="2025-03-13T15:52:21.937263" level="INFO">Opening browser 'headlesschrome' to base url 'about:blank'.</msg>
<arg>about:blank</arg>
<arg>${BROWSER}</arg>
<doc>Opens a new browser instance to the optional ``url``.</doc>
<status status="PASS" start="2025-03-13T15:52:21.936488" elapsed="2.238031"/>
</kw>
<kw name="Execute Javascript" owner="SeleniumLibrary">
<msg time="2025-03-13T15:52:24.175941" level="INFO">Executing JavaScript:
document.body.style.transform = 'scale(0.67)'; document.body.style.transformOrigin = '0 0';
Without any arguments.</msg>
<arg>document.body.style.transform = 'scale(0.67)'; document.body.style.transformOrigin = '0 0';</arg>
<doc>Executes the given JavaScript code with possible arguments.</doc>
<status status="PASS" start="2025-03-13T15:52:24.174990" elapsed="0.015061"/>
</kw>
<kw name="Go To" owner="SeleniumLibrary">
<msg time="2025-03-13T15:52:24.190949" level="INFO">Opening url 'https://developer.1000saudara.com/project1000s'</msg>
<arg>${URL_DEV}</arg>
<doc>Navigates the current browser window to the provided ``url``.</doc>
<status status="PASS" start="2025-03-13T15:52:24.190509" elapsed="1.929834"/>
</kw>
<status status="PASS" start="2025-03-13T15:52:21.935231" elapsed="4.185465"/>
</kw>
<kw name="User login with invalid no handphone" owner="login">
<kw name="Given user visit E-Proc1000s Login Page" owner="pom_login_eProc">
<kw name="Get Location" owner="SeleniumLibrary">
<msg time="2025-03-13T15:52:26.149817" level="INFO">${current_url} = https://developer.1000saudara.com/project1000s</msg>
<var>${current_url}</var>
<doc>Returns the current browser window URL.</doc>
<status status="PASS" start="2025-03-13T15:52:26.123009" elapsed="0.026927"/>
</kw>
<kw name="Log" owner="BuiltIn">
<msg time="2025-03-13T15:52:26.150551" level="INFO">Current Path: https://developer.1000saudara.com/project1000s</msg>
<arg>Current Path: ${current_url}</arg>
<doc>Logs the given message with the given level.</doc>
<status status="PASS" start="2025-03-13T15:52:26.150287" elapsed="0.000343"/>
</kw>
<kw name="general return status" owner="generalFunct">
<kw name="Run Keyword And Return Status" owner="BuiltIn">
<kw name="Wait Until Element Is Visible" owner="SeleniumLibrary">
<arg>${locator}</arg>
<arg>timeout=5s</arg>
<doc>Waits until the element ``locator`` is visible.</doc>
<status status="PASS" start="2025-03-13T15:52:26.152871" elapsed="0.032109"/>
</kw>
<msg time="2025-03-13T15:52:26.185341" level="INFO">${res} = True</msg>
<var>${res}</var>
<arg>Wait Until Element Is Visible</arg>
<arg>${locator}</arg>
<arg>timeout=5s</arg>
<doc>Runs the given keyword with given arguments and returns the status as a Boolean value.</doc>
<status status="PASS" start="2025-03-13T15:52:26.152105" elapsed="0.033321"/>
</kw>
<return>
<value>${res}</value>
<status status="PASS" start="2025-03-13T15:52:26.185581" elapsed="0.000080"/>
</return>
<msg time="2025-03-13T15:52:26.185888" level="INFO">${res} = True</msg>
<var>${res}</var>
<arg>${headerLogin}</arg>
<status status="PASS" start="2025-03-13T15:52:26.150894" elapsed="0.035043"/>
</kw>
<while condition="${res} == $False">
<iter>
<kw name="Reload Page" owner="SeleniumLibrary">
<doc>Simulates user reloading page.</doc>
<status status="NOT RUN" start="2025-03-13T15:52:26.186587" elapsed="0.000049"/>
</kw>
<kw name="Sleep" owner="BuiltIn">
<arg>2s</arg>
<doc>Pauses the test executed for the given time.</doc>
<status status="NOT RUN" start="2025-03-13T15:52:26.186797" elapsed="0.000045"/>
</kw>
<kw name="general return status" owner="generalFunct">
<var>${res}</var>
<arg>${headerLogin}</arg>
<status status="NOT RUN" start="2025-03-13T15:52:26.187046" elapsed="0.000048"/>
</kw>
<status status="NOT RUN" start="2025-03-13T15:52:26.186042" elapsed="0.001126"/>
</iter>
<status status="NOT RUN" start="2025-03-13T15:52:26.186038" elapsed="0.001183"/>
</while>
<status status="PASS" start="2025-03-13T15:52:26.122339" elapsed="0.064981"/>
</kw>
<kw name="When input error no telp" owner="pom_login_eProc">
<kw name="general Wait Until" owner="generalFunct">
<kw name="Wait Until Element Is Visible" owner="SeleniumLibrary">
<arg>${locator}</arg>
<arg>timeout=5s</arg>
<doc>Waits until the element ``locator`` is visible.</doc>
<status status="PASS" start="2025-03-13T15:52:26.188522" elapsed="0.026602"/>
</kw>
<kw name="Sleep" owner="BuiltIn">
<msg time="2025-03-13T15:52:31.216258" level="INFO">Slept 5 seconds.</msg>
<arg>5</arg>
<doc>Pauses the test executed for the given time.</doc>
<status status="PASS" start="2025-03-13T15:52:26.215388" elapsed="5.001086"/>
</kw>
<arg>${id}</arg>
<status status="PASS" start="2025-03-13T15:52:26.188163" elapsed="5.028546"/>
</kw>
<kw name="Element Should Be Visible" owner="SeleniumLibrary">
<msg time="2025-03-13T15:52:31.248078" level="INFO">Element 'xpath=//input[@id='TxtPhone']' is displayed.</msg>
<arg>${id}</arg>
<arg>${text_id}</arg>
<doc>Verifies that the element identified by ``locator`` is visible.</doc>
<status status="PASS" start="2025-03-13T15:52:31.217862" elapsed="0.030361"/>
</kw>
<kw name="general return status" owner="generalFunct">
<kw name="Run Keyword And Return Status" owner="BuiltIn">
<kw name="Wait Until Element Is Visible" owner="SeleniumLibrary">
<arg>${locator}</arg>
<arg>timeout=5s</arg>
<doc>Waits until the element ``locator`` is visible.</doc>
<status status="PASS" start="2025-03-13T15:52:31.249316" elapsed="0.029121"/>
</kw>
<msg time="2025-03-13T15:52:31.278633" level="INFO">${res} = True</msg>
<var>${res}</var>
<arg>Wait Until Element Is Visible</arg>
<arg>${locator}</arg>
<arg>timeout=5s</arg>
<doc>Runs the given keyword with given arguments and returns the status as a Boolean value.</doc>
<status status="PASS" start="2025-03-13T15:52:31.249052" elapsed="0.029631"/>
</kw>
<return>
<value>${res}</value>
<status status="PASS" start="2025-03-13T15:52:31.278789" elapsed="0.000069"/>
</return>
<msg time="2025-03-13T15:52:31.279081" level="INFO">${res} = True</msg>
<var>${res}</var>
<arg>${inputPassword}</arg>
<status status="PASS" start="2025-03-13T15:52:31.248544" elapsed="0.030581"/>
</kw>
<if>
<branch type="IF" condition="${res}">
<kw name="general Wait Until" owner="generalFunct">
<kw name="Wait Until Element Is Visible" owner="SeleniumLibrary">
<arg>${locator}</arg>
<arg>timeout=5s</arg>
<doc>Waits until the element ``locator`` is visible.</doc>
<status status="PASS" start="2025-03-13T15:52:31.279917" elapsed="0.020405"/>
</kw>
<kw name="Sleep" owner="BuiltIn">
<msg time="2025-03-13T15:52:36.302153" level="INFO">Slept 5 seconds.</msg>
<arg>5</arg>
<doc>Pauses the test executed for the given time.</doc>
<status status="PASS" start="2025-03-13T15:52:31.300595" elapsed="5.001743"/>
</kw>
<arg>${id}</arg>
<status status="PASS" start="2025-03-13T15:52:31.279514" elapsed="5.023098"/>
</kw>
<kw name="Sleep" owner="BuiltIn">
<msg time="2025-03-13T15:52:40.303630" level="INFO">Slept 4 seconds.</msg>
<arg>4</arg>
<doc>Pauses the test executed for the given time.</doc>
<status status="PASS" start="2025-03-13T15:52:36.302935" elapsed="4.001021"/>
</kw>
<kw name="user input text" owner="generalFunct">
<kw name="Wait Until Element Is Visible" owner="SeleniumLibrary">
<arg>${locator}</arg>
<doc>Waits until the element ``locator`` is visible.</doc>
<status status="PASS" start="2025-03-13T15:52:40.305955" elapsed="0.211736"/>
</kw>
<kw name="Input Text" owner="SeleniumLibrary">
<msg time="2025-03-13T15:52:40.518591" level="INFO">Typing text '12345' into text field 'xpath=//input[@id='TxtPhone']'.</msg>
<arg>${locator}</arg>
<arg>${text}</arg>
<doc>Types the given ``text`` into the text field identified by ``locator``.</doc>
<status status="PASS" start="2025-03-13T15:52:40.518080" elapsed="0.169570"/>
</kw>
<kw name="Sleep" owner="BuiltIn">
<msg time="2025-03-13T15:52:45.688339" level="INFO">Slept 5 seconds.</msg>
<arg>5</arg>
<doc>Pauses the test executed for the given time.</doc>
<status status="PASS" start="2025-03-13T15:52:40.687893" elapsed="5.000652"/>
</kw>
<arg>${id}</arg>
<arg>${text_id}</arg>
<status status="PASS" start="2025-03-13T15:52:40.304697" elapsed="5.384050"/>
</kw>
<kw name="user input password" owner="generalFunct">
<kw name="Wait Until Element Is Visible" owner="SeleniumLibrary">
<arg>${locator}</arg>
<doc>Waits until the element ``locator`` is visible.</doc>
<status status="PASS" start="2025-03-13T15:52:45.689822" elapsed="0.064793"/>
</kw>
<kw name="Input Password" owner="SeleniumLibrary">
<msg time="2025-03-13T15:52:45.755490" level="INFO">Typing password into text field 'xpath=//input[@id='pwd']'.</msg>
<msg time="2025-03-13T15:52:45.829828" level="INFO">Temporally setting log level to: NONE</msg>
<arg>${locator}</arg>
<arg>${text}</arg>
<doc>Types the given password into the text field identified by ``locator``.</doc>
<status status="PASS" start="2025-03-13T15:52:45.754989" elapsed="0.205245"/>
</kw>
<kw name="Sleep" owner="BuiltIn">
<msg time="2025-03-13T15:52:50.961304" level="INFO">Slept 5 seconds.</msg>
<arg>5</arg>
<doc>Pauses the test executed for the given time.</doc>
<status status="PASS" start="2025-03-13T15:52:45.960654" elapsed="5.000800"/>
</kw>
<arg>${pass}</arg>
<arg>${text_pass}</arg>
<status status="PASS" start="2025-03-13T15:52:45.689112" elapsed="5.272499"/>
</kw>
<kw name="Sleep" owner="BuiltIn">
<msg time="2025-03-13T15:52:54.962641" level="INFO">Slept 4 seconds.</msg>
<arg>4</arg>
<doc>Pauses the test executed for the given time.</doc>
<status status="PASS" start="2025-03-13T15:52:50.961817" elapsed="4.001077"/>
</kw>
<kw name="user click element" owner="generalFunct">
<kw name="Sleep" owner="BuiltIn">
<msg time="2025-03-13T15:52:59.965985" level="INFO">Slept 5 seconds.</msg>
<arg>5</arg>
<doc>Pauses the test executed for the given time.</doc>
<status status="PASS" start="2025-03-13T15:52:54.964491" elapsed="5.001871"/>
</kw>
<kw name="Wait Until Element Is Visible" owner="SeleniumLibrary">
<arg>${element}</arg>
<doc>Waits until the element ``locator`` is visible.</doc>
<status status="PASS" start="2025-03-13T15:52:59.967122" elapsed="0.063913"/>
</kw>
<kw name="Click Element" owner="SeleniumLibrary">
<msg time="2025-03-13T15:53:00.031946" level="INFO">Clicking element 'xpath=//button[@type='button']//span[contains(text(), 'Masuk')]//ancestor::button'.</msg>
<msg time="2025-03-13T15:53:00.147976" level="INFO">${clickElement} = None</msg>
<var>${clickElement}</var>
<arg>${element}</arg>
<doc>Click the element identified by ``locator``.</doc>
<status status="PASS" start="2025-03-13T15:53:00.031453" elapsed="0.116608"/>
</kw>
<return>
<value>${clickElement}</value>
<status status="PASS" start="2025-03-13T15:53:00.148212" elapsed="0.000096"/>
</return>
<arg>${buttonMasuk}</arg>
<status status="PASS" start="2025-03-13T15:52:54.963681" elapsed="5.184864"/>
</kw>
<status status="PASS" start="2025-03-13T15:52:31.279261" elapsed="28.869371"/>
</branch>
<branch type="ELSE">
<kw name="user visit E-Proc1000s Login Page" owner="pom_login_eProc">
<status status="NOT RUN" start="2025-03-13T15:53:00.149020" elapsed="0.000069"/>
</kw>
<status status="NOT RUN" start="2025-03-13T15:53:00.148708" elapsed="0.000444"/>
</branch>
<status status="PASS" start="2025-03-13T15:52:31.279228" elapsed="28.869978"/>
</if>
<arg>${inputUsername}</arg>
<arg>12345</arg>
<arg>${inputPassword}</arg>
<arg>${PASSWORD}</arg>
<status status="PASS" start="2025-03-13T15:52:26.187626" elapsed="33.961669"/>
</kw>
<kw name="Then show message error" owner="generalFunct">
<kw name="general return status" owner="generalFunct">
<kw name="Run Keyword And Return Status" owner="BuiltIn">
<kw name="Wait Until Element Is Visible" owner="SeleniumLibrary">
<arg>${locator}</arg>
<arg>timeout=5s</arg>
<doc>Waits until the element ``locator`` is visible.</doc>
<status status="PASS" start="2025-03-13T15:53:00.151601" elapsed="0.030948"/>
</kw>
<msg time="2025-03-13T15:53:00.182928" level="INFO">${res} = True</msg>
<var>${res}</var>
<arg>Wait Until Element Is Visible</arg>
<arg>${locator}</arg>
<arg>timeout=5s</arg>
<doc>Runs the given keyword with given arguments and returns the status as a Boolean value.</doc>
<status status="PASS" start="2025-03-13T15:53:00.151223" elapsed="0.031765"/>
</kw>
<return>
<value>${res}</value>
<status status="PASS" start="2025-03-13T15:53:00.183131" elapsed="0.000083"/>
</return>
<msg time="2025-03-13T15:53:00.183455" level="INFO">${label} = True</msg>
<var>${label}</var>
<arg>xpath=//div[@class='mb-20px']//parent::div/label[contains(text(), 'Nomor')]</arg>
<status status="PASS" start="2025-03-13T15:53:00.150580" elapsed="0.032928"/>
</kw>
<if>
<branch type="IF" condition="${label}">
<kw name="general Wait Until" owner="generalFunct">
<kw name="Wait Until Element Is Visible" owner="SeleniumLibrary">
<arg>${locator}</arg>
<arg>timeout=5s</arg>
<doc>Waits until the element ``locator`` is visible.</doc>
<status status="PASS" start="2025-03-13T15:53:00.184492" elapsed="0.040895"/>
</kw>
<kw name="Sleep" owner="BuiltIn">
<msg time="2025-03-13T15:53:05.226494" level="INFO">Slept 5 seconds.</msg>
<arg>5</arg>
<doc>Pauses the test executed for the given time.</doc>
<status status="PASS" start="2025-03-13T15:53:00.225655" elapsed="5.001093"/>
</kw>
<arg>${errMessageLabel}</arg>
<status status="PASS" start="2025-03-13T15:53:00.184029" elapsed="5.043168"/>
</kw>
<kw name="Get Text" owner="SeleniumLibrary">
<msg time="2025-03-13T15:53:05.280892" level="INFO">${err} = No. handphone harus diawali dengan 08</msg>
<var>${err}</var>
<arg>${errMessageLabel}</arg>
<doc>Returns the text value of the element identified by ``locator``.</doc>
<status status="PASS" start="2025-03-13T15:53:05.228687" elapsed="0.052319"/>
</kw>
<kw name="Set Global Variable" owner="BuiltIn">
<msg time="2025-03-13T15:53:05.282024" level="INFO">${err_text} = No. handphone harus diawali dengan 08</msg>
<arg>${err_text}</arg>
<arg>${err}</arg>
<doc>Makes a variable available globally in all tests and suites.</doc>
<status status="PASS" start="2025-03-13T15:53:05.281432" elapsed="0.000733"/>
</kw>
<kw name="Log To Console" owner="BuiltIn">
<arg>${\n}Error Message : ${err}</arg>
<doc>Logs the given message to the console.</doc>
<status status="PASS" start="2025-03-13T15:53:05.282499" elapsed="0.001536"/>
</kw>
<status status="PASS" start="2025-03-13T15:53:00.183649" elapsed="5.100704"/>
</branch>
<branch type="ELSE">
<kw name="general Wait Until" owner="generalFunct">
<arg>${errMessageLabel}</arg>
<status status="NOT RUN" start="2025-03-13T15:53:05.284956" elapsed="0.000102"/>
</kw>
<kw name="Get Text" owner="SeleniumLibrary">
<var>${err}</var>
<arg>${errMessageLabel}</arg>
<doc>Returns the text value of the element identified by ``locator``.</doc>
<status status="NOT RUN" start="2025-03-13T15:53:05.285370" elapsed="0.000080"/>
</kw>
<kw name="Set Global Variable" owner="BuiltIn">
<arg>${err_text}</arg>
<arg>${err}</arg>
<doc>Makes a variable available globally in all tests and suites.</doc>
<status status="NOT RUN" start="2025-03-13T15:53:05.285749" elapsed="0.000078"/>
</kw>
<kw name="Log To Console" owner="BuiltIn">
<arg>${\n}Error Message : ${err}</arg>
<doc>Logs the given message to the console.</doc>
<status status="NOT RUN" start="2025-03-13T15:53:05.286106" elapsed="0.000075"/>
</kw>
<status status="NOT RUN" start="2025-03-13T15:53:05.284552" elapsed="0.001738"/>
</branch>
<status status="PASS" start="2025-03-13T15:53:00.183614" elapsed="5.102772"/>
</if>
<status status="PASS" start="2025-03-13T15:53:00.149927" elapsed="5.136609"/>
</kw>
<kw name="And Should Be Equal" owner="BuiltIn">
<arg>${err_text}</arg>
<arg>No. handphone harus diawali dengan 08</arg>
<doc>Fails if the given objects are unequal.</doc>
<status status="PASS" start="2025-03-13T15:53:05.286842" elapsed="0.000470"/>
</kw>
<status status="PASS" start="2025-03-13T15:52:26.121434" elapsed="39.166074"/>
</kw>
<kw name="End Web Test" owner="web_eProc" type="TEARDOWN">
<kw name="Log" owner="BuiltIn">
<msg time="2025-03-13T15:53:05.289240" level="INFO">Suite teardown initiated</msg>
<arg>Suite teardown initiated</arg>
<doc>Logs the given message with the given level.</doc>
<status status="PASS" start="2025-03-13T15:53:05.289078" elapsed="0.000239"/>
</kw>
<kw name="Close Browser" owner="SeleniumLibrary">
<doc>Closes the current browser.</doc>
<status status="PASS" start="2025-03-13T15:53:05.289487" elapsed="2.218900"/>
</kw>
<doc>Closes the browser after all tests in the suite have run</doc>
<status status="PASS" start="2025-03-13T15:53:05.288403" elapsed="2.220734"/>
</kw>
<doc>This scenario test User login with invalid no handphone</doc>
<tag>1000s</tag>
<tag>login invalid</tag>
<tag>test</tag>
<status status="PASS" start="2025-03-13T15:52:21.932936" elapsed="45.577349"/>
</test>
<test id="s1-t6" name="Test Login With No Handphone not Listed" line="37">
<kw name="Begin Web Test" owner="web_eProc" type="SETUP">
<kw name="Open Browser" owner="SeleniumLibrary">
<msg time="2025-03-13T15:53:07.518058" level="INFO">Opening browser 'headlesschrome' to base url 'about:blank'.</msg>
<arg>about:blank</arg>
<arg>${BROWSER}</arg>
<doc>Opens a new browser instance to the optional ``url``.</doc>
<status status="PASS" start="2025-03-13T15:53:07.517438" elapsed="2.623990"/>
</kw>
<kw name="Execute Javascript" owner="SeleniumLibrary">
<msg time="2025-03-13T15:53:10.142749" level="INFO">Executing JavaScript:
document.body.style.transform = 'scale(0.67)'; document.body.style.transformOrigin = '0 0';
Without any arguments.</msg>
<arg>document.body.style.transform = 'scale(0.67)'; document.body.style.transformOrigin = '0 0';</arg>
<doc>Executes the given JavaScript code with possible arguments.</doc>
<status status="PASS" start="2025-03-13T15:53:10.141888" elapsed="0.016811"/>
</kw>
<kw name="Go To" owner="SeleniumLibrary">
<msg time="2025-03-13T15:53:10.159450" level="INFO">Opening url 'https://developer.1000saudara.com/project1000s'</msg>
<arg>${URL_DEV}</arg>
<doc>Navigates the current browser window to the provided ``url``.</doc>
<status status="PASS" start="2025-03-13T15:53:10.159095" elapsed="1.595445"/>
</kw>
<status status="PASS" start="2025-03-13T15:53:07.516513" elapsed="4.238323"/>
</kw>
<kw name="User login with no handphone not listed" owner="login">
<kw name="Given user visit E-Proc1000s Login Page" owner="pom_login_eProc">
<kw name="Get Location" owner="SeleniumLibrary">
<msg time="2025-03-13T15:53:11.767867" level="INFO">${current_url} = https://developer.1000saudara.com/project1000s</msg>
<var>${current_url}</var>
<doc>Returns the current browser window URL.</doc>
<status status="PASS" start="2025-03-13T15:53:11.756654" elapsed="0.011317"/>
</kw>
<kw name="Log" owner="BuiltIn">
<msg time="2025-03-13T15:53:11.768698" level="INFO">Current Path: https://developer.1000saudara.com/project1000s</msg>
<arg>Current Path: ${current_url}</arg>
<doc>Logs the given message with the given level.</doc>
<status status="PASS" start="2025-03-13T15:53:11.768335" elapsed="0.000509"/>
</kw>
<kw name="general return status" owner="generalFunct">
<kw name="Run Keyword And Return Status" owner="BuiltIn">
<kw name="Wait Until Element Is Visible" owner="SeleniumLibrary">
<arg>${locator}</arg>
<arg>timeout=5s</arg>
<doc>Waits until the element ``locator`` is visible.</doc>
<status status="PASS" start="2025-03-13T15:53:11.770394" elapsed="0.046389"/>
</kw>
<msg time="2025-03-13T15:53:11.817023" level="INFO">${res} = True</msg>
<var>${res}</var>
<arg>Wait Until Element Is Visible</arg>
<arg>${locator}</arg>
<arg>timeout=5s</arg>
<doc>Runs the given keyword with given arguments and returns the status as a Boolean value.</doc>
<status status="PASS" start="2025-03-13T15:53:11.769960" elapsed="0.047115"/>
</kw>
<return>
<value>${res}</value>
<status status="PASS" start="2025-03-13T15:53:11.817192" elapsed="0.000073"/>
</return>
<msg time="2025-03-13T15:53:11.817487" level="INFO">${res} = True</msg>
<var>${res}</var>
<arg>${headerLogin}</arg>
<status status="PASS" start="2025-03-13T15:53:11.769234" elapsed="0.048299"/>
</kw>
<while condition="${res} == $False">
<iter>
<kw name="Reload Page" owner="SeleniumLibrary">
<doc>Simulates user reloading page.</doc>
<status status="NOT RUN" start="2025-03-13T15:53:11.818120" elapsed="0.000048"/>
</kw>
<kw name="Sleep" owner="BuiltIn">
<arg>2s</arg>
<doc>Pauses the test executed for the given time.</doc>
<status status="NOT RUN" start="2025-03-13T15:53:11.818323" elapsed="0.000043"/>
</kw>
<kw name="general return status" owner="generalFunct">
<var>${res}</var>
<arg>${headerLogin}</arg>
<status status="NOT RUN" start="2025-03-13T15:53:11.818578" elapsed="0.000055"/>
</kw>
<status status="NOT RUN" start="2025-03-13T15:53:11.817634" elapsed="0.001063"/>
</iter>
<status status="NOT RUN" start="2025-03-13T15:53:11.817632" elapsed="0.001192"/>
</while>
<status status="PASS" start="2025-03-13T15:53:11.756273" elapsed="0.062664"/>
</kw>
<kw name="When input error no telp" owner="pom_login_eProc">
<kw name="general Wait Until" owner="generalFunct">
<kw name="Wait Until Element Is Visible" owner="SeleniumLibrary">
<arg>${locator}</arg>
<arg>timeout=5s</arg>
<doc>Waits until the element ``locator`` is visible.</doc>
<status status="PASS" start="2025-03-13T15:53:11.820139" elapsed="0.030358"/>
</kw>
<kw name="Sleep" owner="BuiltIn">
<msg time="2025-03-13T15:53:16.851144" level="INFO">Slept 5 seconds.</msg>
<arg>5</arg>
<doc>Pauses the test executed for the given time.</doc>
<status status="PASS" start="2025-03-13T15:53:11.850752" elapsed="5.000786"/>
</kw>
<arg>${id}</arg>
<status status="PASS" start="2025-03-13T15:53:11.819771" elapsed="5.032316"/>
</kw>
<kw name="Element Should Be Visible" owner="SeleniumLibrary">
<msg time="2025-03-13T15:53:16.894100" level="INFO">Element 'xpath=//input[@id='TxtPhone']' is displayed.</msg>
<arg>${id}</arg>
<arg>${text_id}</arg>
<doc>Verifies that the element identified by ``locator`` is visible.</doc>
<status status="PASS" start="2025-03-13T15:53:16.852917" elapsed="0.041432"/>
</kw>
<kw name="general return status" owner="generalFunct">
<kw name="Run Keyword And Return Status" owner="BuiltIn">
<kw name="Wait Until Element Is Visible" owner="SeleniumLibrary">
<arg>${locator}</arg>
<arg>timeout=5s</arg>
<doc>Waits until the element ``locator`` is visible.</doc>
<status status="PASS" start="2025-03-13T15:53:16.896494" elapsed="0.041442"/>
</kw>
<msg time="2025-03-13T15:53:16.938141" level="INFO">${res} = True</msg>
<var>${res}</var>
<arg>Wait Until Element Is Visible</arg>
<arg>${locator}</arg>
<arg>timeout=5s</arg>
<doc>Runs the given keyword with given arguments and returns the status as a Boolean value.</doc>
<status status="PASS" start="2025-03-13T15:53:16.895968" elapsed="0.042222"/>
</kw>
<return>
<value>${res}</value>
<status status="PASS" start="2025-03-13T15:53:16.938296" elapsed="0.000073"/>
</return>
<msg time="2025-03-13T15:53:16.938578" level="INFO">${res} = True</msg>
<var>${res}</var>
<arg>${inputPassword}</arg>
<status status="PASS" start="2025-03-13T15:53:16.894982" elapsed="0.043639"/>
</kw>
<if>
<branch type="IF" condition="${res}">
<kw name="general Wait Until" owner="generalFunct">
<kw name="Wait Until Element Is Visible" owner="SeleniumLibrary">
<arg>${locator}</arg>
<arg>timeout=5s</arg>
<doc>Waits until the element ``locator`` is visible.</doc>
<status status="PASS" start="2025-03-13T15:53:16.940201" elapsed="0.024567"/>
</kw>
<kw name="Sleep" owner="BuiltIn">
<msg time="2025-03-13T15:53:21.966138" level="INFO">Slept 5 seconds.</msg>
<arg>5</arg>
<doc>Pauses the test executed for the given time.</doc>
<status status="PASS" start="2025-03-13T15:53:16.965082" elapsed="5.001206"/>
</kw>
<arg>${id}</arg>
<status status="PASS" start="2025-03-13T15:53:16.939129" elapsed="5.027304"/>
</kw>
<kw name="Sleep" owner="BuiltIn">
<msg time="2025-03-13T15:53:25.967443" level="INFO">Slept 4 seconds.</msg>
<arg>4</arg>
<doc>Pauses the test executed for the given time.</doc>
<status status="PASS" start="2025-03-13T15:53:21.966628" elapsed="4.000959"/>
</kw>
<kw name="user input text" owner="generalFunct">
<kw name="Wait Until Element Is Visible" owner="SeleniumLibrary">
<arg>${locator}</arg>
<doc>Waits until the element ``locator`` is visible.</doc>
<status status="PASS" start="2025-03-13T15:53:25.968430" elapsed="0.021958"/>
</kw>
<kw name="Input Text" owner="SeleniumLibrary">
<msg time="2025-03-13T15:53:25.991064" level="INFO">Typing text '08983186457345' into text field 'xpath=//input[@id='TxtPhone']'.</msg>
<arg>${locator}</arg>
<arg>${text}</arg>
<doc>Types the given ``text`` into the text field identified by ``locator``.</doc>
<status status="PASS" start="2025-03-13T15:53:25.990658" elapsed="0.187153"/>
</kw>
<kw name="Sleep" owner="BuiltIn">
<msg time="2025-03-13T15:53:31.179186" level="INFO">Slept 5 seconds.</msg>
<arg>5</arg>
<doc>Pauses the test executed for the given time.</doc>
<status status="PASS" start="2025-03-13T15:53:26.178219" elapsed="5.001318"/>
</kw>
<arg>${id}</arg>
<arg>${text_id}</arg>
<status status="PASS" start="2025-03-13T15:53:25.967887" elapsed="5.212392"/>
</kw>
<kw name="user input password" owner="generalFunct">
<kw name="Wait Until Element Is Visible" owner="SeleniumLibrary">
<arg>${locator}</arg>
<doc>Waits until the element ``locator`` is visible.</doc>
<status status="PASS" start="2025-03-13T15:53:31.182866" elapsed="0.041109"/>
</kw>
<kw name="Input Password" owner="SeleniumLibrary">
<msg time="2025-03-13T15:53:31.225190" level="INFO">Typing password into text field 'xpath=//input[@id='pwd']'.</msg>
<msg time="2025-03-13T15:53:31.286410" level="INFO">Temporally setting log level to: NONE</msg>
<arg>${locator}</arg>
<arg>${text}</arg>
<doc>Types the given password into the text field identified by ``locator``.</doc>
<status status="PASS" start="2025-03-13T15:53:31.224464" elapsed="0.156464"/>
</kw>
<kw name="Sleep" owner="BuiltIn">
<msg time="2025-03-13T15:53:36.382058" level="INFO">Slept 5 seconds.</msg>
<arg>5</arg>
<doc>Pauses the test executed for the given time.</doc>
<status status="PASS" start="2025-03-13T15:53:31.381304" elapsed="5.001008"/>
</kw>
<arg>${pass}</arg>
<arg>${text_pass}</arg>
<status status="PASS" start="2025-03-13T15:53:31.181481" elapsed="5.201116"/>
</kw>
<kw name="Sleep" owner="BuiltIn">
<msg time="2025-03-13T15:53:40.384071" level="INFO">Slept 4 seconds.</msg>
<arg>4</arg>
<doc>Pauses the test executed for the given time.</doc>
<status status="PASS" start="2025-03-13T15:53:36.383002" elapsed="4.001287"/>
</kw>
<kw name="user click element" owner="generalFunct">
<kw name="Sleep" owner="BuiltIn">
<msg time="2025-03-13T15:53:45.385815" level="INFO">Slept 5 seconds.</msg>
<arg>5</arg>
<doc>Pauses the test executed for the given time.</doc>
<status status="PASS" start="2025-03-13T15:53:40.385124" elapsed="5.000860"/>
</kw>
<kw name="Wait Until Element Is Visible" owner="SeleniumLibrary">
<arg>${element}</arg>
<doc>Waits until the element ``locator`` is visible.</doc>
<status status="PASS" start="2025-03-13T15:53:45.386270" elapsed="0.037090"/>
</kw>
<kw name="Click Element" owner="SeleniumLibrary">
<msg time="2025-03-13T15:53:45.424500" level="INFO">Clicking element 'xpath=//button[@type='button']//span[contains(text(), 'Masuk')]//ancestor::button'.</msg>
<msg time="2025-03-13T15:53:45.536783" level="INFO">${clickElement} = None</msg>
<var>${clickElement}</var>
<arg>${element}</arg>
<doc>Click the element identified by ``locator``.</doc>
<status status="PASS" start="2025-03-13T15:53:45.423860" elapsed="0.113050"/>
</kw>
<return>
<value>${clickElement}</value>
<status status="PASS" start="2025-03-13T15:53:45.537141" elapsed="0.000088"/>
</return>
<arg>${buttonMasuk}</arg>
<status status="PASS" start="2025-03-13T15:53:40.384643" elapsed="5.152817"/>
</kw>
<status status="PASS" start="2025-03-13T15:53:16.938758" elapsed="28.598791"/>
</branch>
<branch type="ELSE">
<kw name="user visit E-Proc1000s Login Page" owner="pom_login_eProc">
<status status="NOT RUN" start="2025-03-13T15:53:45.538319" elapsed="0.000131"/>
</kw>
<status status="NOT RUN" start="2025-03-13T15:53:45.537635" elapsed="0.001406"/>
</branch>
<status status="PASS" start="2025-03-13T15:53:16.938725" elapsed="28.600509"/>
</if>
<arg>${inputUsername}</arg>
<arg>08983186457345</arg>
<arg>${inputPassword}</arg>
<arg>${PASSWORD}</arg>
<status status="PASS" start="2025-03-13T15:53:11.819247" elapsed="33.720204"/>
</kw>
<kw name="Then show message error" owner="generalFunct">
<kw name="general return status" owner="generalFunct">
<kw name="Run Keyword And Return Status" owner="BuiltIn">
<kw name="Wait Until Element Is Visible" owner="SeleniumLibrary">
<arg>${locator}</arg>
<arg>timeout=5s</arg>
<doc>Waits until the element ``locator`` is visible.</doc>
<status status="PASS" start="2025-03-13T15:53:45.542835" elapsed="0.033742"/>
</kw>
<msg time="2025-03-13T15:53:45.577043" level="INFO">${res} = True</msg>
<var>${res}</var>
<arg>Wait Until Element Is Visible</arg>
<arg>${locator}</arg>
<arg>timeout=5s</arg>
<doc>Runs the given keyword with given arguments and returns the status as a Boolean value.</doc>
<status status="PASS" start="2025-03-13T15:53:45.541901" elapsed="0.035243"/>
</kw>
<return>
<value>${res}</value>
<status status="PASS" start="2025-03-13T15:53:45.577359" elapsed="0.000123"/>
</return>
<msg time="2025-03-13T15:53:45.577863" level="INFO">${label} = True</msg>
<var>${label}</var>
<arg>xpath=//div[@class='mb-20px']//parent::div/label[contains(text(), 'Nomor')]</arg>
<status status="PASS" start="2025-03-13T15:53:45.541104" elapsed="0.036825"/>
</kw>
<if>
<branch type="IF" condition="${label}">
<kw name="general Wait Until" owner="generalFunct">
<kw name="Wait Until Element Is Visible" owner="SeleniumLibrary">
<arg>${locator}</arg>
<arg>timeout=5s</arg>
<doc>Waits until the element ``locator`` is visible.</doc>
<status status="PASS" start="2025-03-13T15:53:45.580340" elapsed="0.689100"/>
</kw>
<kw name="Sleep" owner="BuiltIn">
<msg time="2025-03-13T15:53:51.270321" level="INFO">Slept 5 seconds.</msg>
<arg>5</arg>
<doc>Pauses the test executed for the given time.</doc>
<status status="PASS" start="2025-03-13T15:53:46.269723" elapsed="5.001033"/>
</kw>
<arg>${errMessageLabel}</arg>
<status status="PASS" start="2025-03-13T15:53:45.578726" elapsed="5.692459"/>
</kw>
<kw name="Get Text" owner="SeleniumLibrary">
<msg time="2025-03-13T15:53:51.328672" level="INFO">${err} = No. handphone tidak terdaftar</msg>
<var>${err}</var>
<arg>${errMessageLabel}</arg>
<doc>Returns the text value of the element identified by ``locator``.</doc>
<status status="PASS" start="2025-03-13T15:53:51.271735" elapsed="0.057018"/>
</kw>
<kw name="Set Global Variable" owner="BuiltIn">
<msg time="2025-03-13T15:53:51.329456" level="INFO">${err_text} = No. handphone tidak terdaftar</msg>
<arg>${err_text}</arg>
<arg>${err}</arg>
<doc>Makes a variable available globally in all tests and suites.</doc>
<status status="PASS" start="2025-03-13T15:53:51.329050" elapsed="0.000496"/>
</kw>
<kw name="Log To Console" owner="BuiltIn">
<arg>${\n}Error Message : ${err}</arg>
<doc>Logs the given message to the console.</doc>
<status status="PASS" start="2025-03-13T15:53:51.329767" elapsed="0.001157"/>
</kw>
<status status="PASS" start="2025-03-13T15:53:45.578145" elapsed="5.752963"/>
</branch>
<branch type="ELSE">
<kw name="general Wait Until" owner="generalFunct">
<arg>${errMessageLabel}</arg>
<status status="NOT RUN" start="2025-03-13T15:53:51.331540" elapsed="0.000066"/>
</kw>
<kw name="Get Text" owner="SeleniumLibrary">
<var>${err}</var>
<arg>${errMessageLabel}</arg>
<doc>Returns the text value of the element identified by ``locator``.</doc>
<status status="NOT RUN" start="2025-03-13T15:53:51.331814" elapsed="0.000054"/>
</kw>
<kw name="Set Global Variable" owner="BuiltIn">
<arg>${err_text}</arg>
<arg>${err}</arg>
<doc>Makes a variable available globally in all tests and suites.</doc>
<status status="NOT RUN" start="2025-03-13T15:53:51.332066" elapsed="0.000055"/>
</kw>
<kw name="Log To Console" owner="BuiltIn">
<arg>${\n}Error Message : ${err}</arg>
<doc>Logs the given message to the console.</doc>
<status status="NOT RUN" start="2025-03-13T15:53:51.332303" elapsed="0.000050"/>
</kw>
<status status="NOT RUN" start="2025-03-13T15:53:51.331250" elapsed="0.001179"/>
</branch>
<status status="PASS" start="2025-03-13T15:53:45.578100" elapsed="5.754397"/>
</if>
<status status="PASS" start="2025-03-13T15:53:45.540256" elapsed="5.792343"/>
</kw>
<kw name="And Should Be Equal" owner="BuiltIn">
<arg>${err_text}</arg>
<arg>No. handphone tidak terdaftar</arg>
<doc>Fails if the given objects are unequal.</doc>
<status status="PASS" start="2025-03-13T15:53:51.332813" elapsed="0.000317"/>
</kw>
<status status="PASS" start="2025-03-13T15:53:11.755697" elapsed="39.577567"/>
</kw>
<kw name="End Web Test" owner="web_eProc" type="TEARDOWN">
<kw name="Log" owner="BuiltIn">
<msg time="2025-03-13T15:53:51.334578" level="INFO">Suite teardown initiated</msg>
<arg>Suite teardown initiated</arg>
<doc>Logs the given message with the given level.</doc>
<status status="PASS" start="2025-03-13T15:53:51.334389" elapsed="0.000281"/>
</kw>
<kw name="Close Browser" owner="SeleniumLibrary">
<doc>Closes the current browser.</doc>
<status status="PASS" start="2025-03-13T15:53:51.334882" elapsed="2.229629"/>
</kw>
<doc>Closes the browser after all tests in the suite have run</doc>
<status status="PASS" start="2025-03-13T15:53:51.333895" elapsed="2.231249"/>
</kw>
<doc>This scenario test User login with no handphone not listed</doc>
<tag>1000s</tag>
<tag>login invalid</tag>
<tag>test</tag>
<status status="PASS" start="2025-03-13T15:53:07.514650" elapsed="46.051555"/>
</test>
<status status="PASS" start="2025-03-13T15:49:40.299547" elapsed="253.273520"/>
</suite>
<statistics>
<total>
<stat pass="6" fail="0" skip="0">All Tests</stat>
</total>
<tag>
<stat pass="6" fail="0" skip="0">1000s</stat>
<stat pass="1" fail="0" skip="0">home</stat>
<stat pass="5" fail="0" skip="0">login invalid</stat>
<stat pass="6" fail="0" skip="0">test</stat>
</tag>
<suite>
<stat name="Test Login" id="s1" pass="6" fail="0" skip="0">Test Login</stat>
</suite>
</statistics>
<errors>
</errors>
</robot>
