<?xml version="1.0" encoding="UTF-8"?>
<robot generator="Robot 7.2.2 (Python 3.13.2 on win32)" generated="2025-05-30T09:54:57.029547" rpa="false" schemaversion="5">
<suite id="s1" name="test detailProject Aktif" source="C:\Users\1000Saudara45\Documents\Automation\eProc_Web\testSuite\Tim_OP\test_detailProject_Aktif.robot">
<test id="s1-t1" name="Tim OP can Changes Data Estimasi Tanggal Berakhir Project" line="11">
<kw name="Begin Web Test" owner="web_eProc" type="SETUP">
<kw name="Open Browser" owner="SeleniumLibrary">
<msg time="2025-05-30T09:54:58.961510" level="INFO">Opening browser 'headlesschrome' to base url 'about:blank'.</msg>
<arg>about:blank</arg>
<arg>${BROWSER}</arg>
<doc>Opens a new browser instance to the optional ``url``.</doc>
<status status="PASS" start="2025-05-30T09:54:58.961140" elapsed="3.334396"/>
</kw>
<kw name="Maximize Browser Window" owner="SeleniumLibrary">
<doc>Maximizes current browser window.</doc>
<status status="PASS" start="2025-05-30T09:55:02.296157" elapsed="0.040661"/>
</kw>
<kw name="Go To" owner="SeleniumLibrary">
<msg time="2025-05-30T09:55:02.337706" level="INFO">Opening url 'https://developer.1000saudara.com/project1000s'</msg>
<arg>${URL_DEV}</arg>
<doc>Navigates the current browser window to the provided ``url``.</doc>
<status status="PASS" start="2025-05-30T09:55:02.337285" elapsed="1.041912"/>
</kw>
<status status="PASS" start="2025-05-30T09:54:58.959699" elapsed="4.419852"/>
</kw>
<kw name="User change data End Date before the start date" owner="detailProject_Aktif">
<kw name="Given User go to detail Project Page" owner="detailProject_Aktif">
<kw name="Given User can access Home Login 1000s" owner="login">
<kw name="Then user go to home page E-Proc1000s" owner="pom_login_eProc">
<kw name="user visit E-Proc1000s Login Page" owner="pom_login_eProc">
<kw name="Get Location" owner="SeleniumLibrary">
<msg time="2025-05-30T09:55:03.402168" level="INFO">${current_url} = https://developer.1000saudara.com/project1000s</msg>
<var>${current_url}</var>
<doc>Returns the current browser window URL.</doc>
<status status="PASS" start="2025-05-30T09:55:03.388615" elapsed="0.013680"/>
</kw>
<kw name="Log" owner="BuiltIn">
<msg time="2025-05-30T09:55:03.403270" level="INFO">Current Path: https://developer.1000saudara.com/project1000s</msg>
<arg>Current Path: ${current_url}</arg>
<doc>Logs the given message with the given level.</doc>
<status status="PASS" start="2025-05-30T09:55:03.402735" elapsed="0.000939"/>
</kw>
<kw name="general return status" owner="generalFunct">
<kw name="Run Keyword And Return Status" owner="BuiltIn">
<kw name="Wait Until Element Is Visible" owner="SeleniumLibrary">
<arg>${locator}</arg>
<arg>timeout=20s</arg>
<doc>Waits until the element ``locator`` is visible.</doc>
<status status="PASS" start="2025-05-30T09:55:03.406624" elapsed="0.040611"/>
</kw>
<msg time="2025-05-30T09:55:03.447619" level="INFO">${res} = True</msg>
<var>${res}</var>
<arg>Wait Until Element Is Visible</arg>
<arg>${locator}</arg>
<arg>timeout=20s</arg>
<doc>Runs the given keyword with given arguments and returns the status as a Boolean value.</doc>
<status status="PASS" start="2025-05-30T09:55:03.405461" elapsed="0.042264"/>
</kw>
<return>
<value>${res}</value>
<status status="PASS" start="2025-05-30T09:55:03.447958" elapsed="0.000159"/>
</return>
<msg time="2025-05-30T09:55:03.448409" level="INFO">${res} = True</msg>
<var>${res}</var>
<arg>${headerLogin}</arg>
<status status="PASS" start="2025-05-30T09:55:03.404237" elapsed="0.044224"/>
</kw>
<while condition="${res} == $False">
<iter>
<kw name="Reload Page" owner="SeleniumLibrary">
<doc>Simulates user reloading page.</doc>
<status status="NOT RUN" start="2025-05-30T09:55:03.449164" elapsed="0.000051"/>
</kw>
<kw name="Sleep" owner="BuiltIn">
<arg>2s</arg>
<doc>Pauses the test executed for the given time.</doc>
<status status="NOT RUN" start="2025-05-30T09:55:03.449404" elapsed="0.000049"/>
</kw>
<kw name="general return status" owner="generalFunct">
<var>${res}</var>
<arg>${headerLogin}</arg>
<status status="NOT RUN" start="2025-05-30T09:55:03.449716" elapsed="0.000060"/>
</kw>
<status status="NOT RUN" start="2025-05-30T09:55:03.448576" elapsed="0.001268"/>
</iter>
<status status="NOT RUN" start="2025-05-30T09:55:03.448573" elapsed="0.001337"/>
</while>
<status status="PASS" start="2025-05-30T09:55:03.387743" elapsed="0.062280"/>
</kw>
<kw name="user login E-Proc1000s Page" owner="pom_login_eProc">
<kw name="general Wait Until" owner="generalFunct">
<kw name="Wait Until Element Is Visible" owner="SeleniumLibrary">
<arg>${locator}</arg>
<arg>timeout=55s</arg>
<doc>Waits until the element ``locator`` is visible.</doc>
<status status="PASS" start="2025-05-30T09:55:03.451340" elapsed="0.246933"/>
</kw>
<kw name="Tunggu Sampai Kondisi Terpenuhi" owner="generalFunct">
<kw name="Wait Until Keyword Succeeds" owner="BuiltIn">
<kw name="Run Keyword" owner="BuiltIn">
<kw name="Cek Visible" owner="generalFunct">
<kw name="Wait Until Element Is Visible" owner="SeleniumLibrary">
<arg>${element_visible}</arg>
<arg>timeout=30s</arg>
<doc>Waits until the element ``locator`` is visible.</doc>
<status status="PASS" start="2025-05-30T09:55:03.702147" elapsed="0.016495"/>
</kw>
<arg>${locator}</arg>
<status status="PASS" start="2025-05-30T09:55:03.701529" elapsed="0.017360"/>
</kw>
<arg>${keyword}</arg>
<arg>${locator}</arg>
<doc>Executes the given keyword with the given arguments.</doc>
<status status="PASS" start="2025-05-30T09:55:03.700251" elapsed="0.018733"/>
</kw>
<arg>${timeout}</arg>
<arg>${interval}</arg>
<arg>Run Keyword</arg>
<arg>${keyword}</arg>
<arg>${locator}</arg>
<doc>Runs the specified keyword and retries if it fails.</doc>
<status status="PASS" start="2025-05-30T09:55:03.699468" elapsed="0.019608"/>
</kw>
<arg>Cek Visible</arg>
<arg>${locator}</arg>
<status status="PASS" start="2025-05-30T09:55:03.698610" elapsed="0.020581"/>
</kw>
<arg>${inputPassword}</arg>
<status status="PASS" start="2025-05-30T09:55:03.450843" elapsed="0.268439"/>
</kw>
<kw name="user input text" owner="generalFunct">
<kw name="Wait Until Element Is Visible" owner="SeleniumLibrary">
<arg>${locator}</arg>
<arg>52s</arg>
<doc>Waits until the element ``locator`` is visible.</doc>
<status status="PASS" start="2025-05-30T09:55:03.720059" elapsed="0.021130"/>
</kw>
<kw name="Input Text" owner="SeleniumLibrary">
<msg time="2025-05-30T09:55:03.741827" level="INFO">Typing text '085210758864' into text field 'xpath=//input[@id='TxtPhone']'.</msg>
<arg>${locator}</arg>
<arg>${text}</arg>
<doc>Types the given ``text`` into the text field identified by ``locator``.</doc>
<status status="PASS" start="2025-05-30T09:55:03.741485" elapsed="0.304188"/>
</kw>
<kw name="Tunggu Sampai Kondisi Terpenuhi" owner="generalFunct">
<kw name="Wait Until Keyword Succeeds" owner="BuiltIn">
<kw name="Run Keyword" owner="BuiltIn">
<kw name="Cek Field Sudah Terisi" owner="generalFunct">
<kw name="Get Value" owner="SeleniumLibrary">
<msg time="2025-05-30T09:55:04.087404" level="INFO">${value} = 085210758864</msg>
<var>${value}</var>
<arg>${value_element}</arg>
<doc>Returns the value attribute of the element identified by ``locator``.</doc>
<status status="PASS" start="2025-05-30T09:55:04.051077" elapsed="0.036494"/>
</kw>
<kw name="Should Not Be Empty" owner="BuiltIn">
<msg time="2025-05-30T09:55:04.088614" level="INFO">Length is 12.</msg>
<arg>${value}</arg>
<doc>Verifies that the given item is not empty.</doc>
<status status="PASS" start="2025-05-30T09:55:04.088142" elapsed="0.000623"/>
</kw>
<arg>${locator}</arg>
<status status="PASS" start="2025-05-30T09:55:04.049760" elapsed="0.039387"/>
</kw>
<arg>${keyword}</arg>
<arg>${locator}</arg>
<doc>Executes the given keyword with the given arguments.</doc>
<status status="PASS" start="2025-05-30T09:55:04.048606" elapsed="0.040738"/>
</kw>
<arg>${timeout}</arg>
<arg>${interval}</arg>
<arg>Run Keyword</arg>
<arg>${keyword}</arg>
<arg>${locator}</arg>
<doc>Runs the specified keyword and retries if it fails.</doc>
<status status="PASS" start="2025-05-30T09:55:04.047584" elapsed="0.042266"/>
</kw>
<arg>Cek Field Sudah Terisi</arg>
<arg>${locator}</arg>
<status status="PASS" start="2025-05-30T09:55:04.046249" elapsed="0.044320"/>
</kw>
<arg>${inputUsername}</arg>
<arg>${ROLE_ADMIN}</arg>
<status status="PASS" start="2025-05-30T09:55:03.719541" elapsed="0.371255"/>
</kw>
<kw name="general return status" owner="generalFunct">
<kw name="Run Keyword And Return Status" owner="BuiltIn">
<kw name="Wait Until Element Is Visible" owner="SeleniumLibrary">
<arg>${locator}</arg>
<arg>timeout=20s</arg>
<doc>Waits until the element ``locator`` is visible.</doc>
<status status="PASS" start="2025-05-30T09:55:04.094247" elapsed="0.024386"/>
</kw>
<msg time="2025-05-30T09:55:04.118832" level="INFO">${res} = True</msg>
<var>${res}</var>
<arg>Wait Until Element Is Visible</arg>
<arg>${locator}</arg>
<arg>timeout=20s</arg>
<doc>Runs the given keyword with given arguments and returns the status as a Boolean value.</doc>
<status status="PASS" start="2025-05-30T09:55:04.093645" elapsed="0.025237"/>
</kw>
<return>
<value>${res}</value>
<status status="PASS" start="2025-05-30T09:55:04.118993" elapsed="0.000085"/>
</return>
<msg time="2025-05-30T09:55:04.119291" level="INFO">${res} = True</msg>
<var>${res}</var>
<arg>${inputPassword}</arg>
<status status="PASS" start="2025-05-30T09:55:04.092384" elapsed="0.026956"/>
</kw>
<if>
<branch type="IF" condition="${res}">
<kw name="Sleep" owner="BuiltIn">
<msg time="2025-05-30T09:55:08.120618" level="INFO">Slept 4 seconds.</msg>
<arg>4</arg>
<doc>Pauses the test executed for the given time.</doc>
<status status="PASS" start="2025-05-30T09:55:04.119761" elapsed="4.001015"/>
</kw>
<kw name="user input text" owner="generalFunct">
<kw name="Wait Until Element Is Visible" owner="SeleniumLibrary">
<arg>${locator}</arg>
<arg>52s</arg>
<doc>Waits until the element ``locator`` is visible.</doc>
<status status="PASS" start="2025-05-30T09:55:08.121906" elapsed="0.021242"/>
</kw>
<kw name="Input Text" owner="SeleniumLibrary">
<msg time="2025-05-30T09:55:08.143827" level="INFO">Typing text '085210758864' into text field 'xpath=//input[@id='TxtPhone']'.</msg>
<arg>${locator}</arg>
<arg>${text}</arg>
<doc>Types the given ``text`` into the text field identified by ``locator``.</doc>
<status status="PASS" start="2025-05-30T09:55:08.143465" elapsed="0.153927"/>
</kw>
<kw name="Tunggu Sampai Kondisi Terpenuhi" owner="generalFunct">
<kw name="Wait Until Keyword Succeeds" owner="BuiltIn">
<kw name="Run Keyword" owner="BuiltIn">
<kw name="Cek Field Sudah Terisi" owner="generalFunct">
<kw name="Get Value" owner="SeleniumLibrary">
<msg time="2025-05-30T09:55:08.329258" level="INFO">${value} = 085210758864</msg>
<var>${value}</var>
<arg>${value_element}</arg>
<doc>Returns the value attribute of the element identified by ``locator``.</doc>
<status status="PASS" start="2025-05-30T09:55:08.302020" elapsed="0.027367"/>
</kw>
<kw name="Should Not Be Empty" owner="BuiltIn">
<msg time="2025-05-30T09:55:08.330444" level="INFO">Length is 12.</msg>
<arg>${value}</arg>
<doc>Verifies that the given item is not empty.</doc>
<status status="PASS" start="2025-05-30T09:55:08.330000" elapsed="0.000644"/>
</kw>
<arg>${locator}</arg>
<status status="PASS" start="2025-05-30T09:55:08.300846" elapsed="0.030027"/>
</kw>
<arg>${keyword}</arg>
<arg>${locator}</arg>
<doc>Executes the given keyword with the given arguments.</doc>
<status status="PASS" start="2025-05-30T09:55:08.299779" elapsed="0.031182"/>
</kw>
<arg>${timeout}</arg>
<arg>${interval}</arg>
<arg>Run Keyword</arg>
<arg>${keyword}</arg>
<arg>${locator}</arg>
<doc>Runs the specified keyword and retries if it fails.</doc>
<status status="PASS" start="2025-05-30T09:55:08.298768" elapsed="0.032279"/>
</kw>
<arg>Cek Field Sudah Terisi</arg>
<arg>${locator}</arg>
<status status="PASS" start="2025-05-30T09:55:08.297835" elapsed="0.033316"/>
</kw>
<arg>${inputUsername}</arg>
<arg>${ROLE_ADMIN}</arg>
<status status="PASS" start="2025-05-30T09:55:08.121133" elapsed="0.210169"/>
</kw>
<kw name="Tunggu Sampai Kondisi Terpenuhi" owner="generalFunct">
<kw name="Wait Until Keyword Succeeds" owner="BuiltIn">
<kw name="Run Keyword" owner="BuiltIn">
<kw name="Cek Visible" owner="generalFunct">
<kw name="Wait Until Element Is Visible" owner="SeleniumLibrary">
<arg>${element_visible}</arg>
<arg>timeout=30s</arg>
<doc>Waits until the element ``locator`` is visible.</doc>
<status status="PASS" start="2025-05-30T09:55:08.334050" elapsed="0.018851"/>
</kw>
<arg>${locator}</arg>
<status status="PASS" start="2025-05-30T09:55:08.333575" elapsed="0.019484"/>
</kw>
<arg>${keyword}</arg>
<arg>${locator}</arg>
<doc>Executes the given keyword with the given arguments.</doc>
<status status="PASS" start="2025-05-30T09:55:08.333152" elapsed="0.020000"/>
</kw>
<arg>${timeout}</arg>
<arg>${interval}</arg>
<arg>Run Keyword</arg>
<arg>${keyword}</arg>
<arg>${locator}</arg>
<doc>Runs the specified keyword and retries if it fails.</doc>
<status status="PASS" start="2025-05-30T09:55:08.332681" elapsed="0.020560"/>
</kw>
<arg>Cek Visible</arg>
<arg>${inputPassword}</arg>
<arg>50s</arg>
<arg>3s</arg>
<status status="PASS" start="2025-05-30T09:55:08.331761" elapsed="0.021585"/>
</kw>
<kw name="user input password" owner="generalFunct">
<kw name="Wait Until Element Is Visible" owner="SeleniumLibrary">
<arg>${locator}</arg>
<doc>Waits until the element ``locator`` is visible.</doc>
<status status="PASS" start="2025-05-30T09:55:08.354123" elapsed="0.020904"/>
</kw>
<kw name="Input Password" owner="SeleniumLibrary">
<msg time="2025-05-30T09:55:08.375969" level="INFO">Typing password into text field 'xpath=//input[@id='pwd']'.</msg>
<msg time="2025-05-30T09:55:08.420653" level="INFO">Temporally setting log level to: NONE</msg>
<arg>${locator}</arg>
<arg>${text}</arg>
<doc>Types the given password into the text field identified by ``locator``.</doc>
<status status="PASS" start="2025-05-30T09:55:08.375547" elapsed="0.140433"/>
</kw>
<kw name="Tunggu Sampai Kondisi Terpenuhi" owner="generalFunct">
<kw name="Wait Until Keyword Succeeds" owner="BuiltIn">
<kw name="Run Keyword" owner="BuiltIn">
<kw name="Cek Field Sudah Terisi" owner="generalFunct">
<kw name="Get Value" owner="SeleniumLibrary">
<msg time="2025-05-30T09:55:08.546301" level="INFO">${value} = 123456</msg>
<var>${value}</var>
<arg>${value_element}</arg>
<doc>Returns the value attribute of the element identified by ``locator``.</doc>
<status status="PASS" start="2025-05-30T09:55:08.518616" elapsed="0.027941"/>
</kw>
<kw name="Should Not Be Empty" owner="BuiltIn">
<msg time="2025-05-30T09:55:08.548161" level="INFO">Length is 6.</msg>
<arg>${value}</arg>
<doc>Verifies that the given item is not empty.</doc>
<status status="PASS" start="2025-05-30T09:55:08.547537" elapsed="0.000808"/>
</kw>
<arg>${locator}</arg>
<status status="PASS" start="2025-05-30T09:55:08.517930" elapsed="0.030632"/>
</kw>
<arg>${keyword}</arg>
<arg>${locator}</arg>
<doc>Executes the given keyword with the given arguments.</doc>
<status status="PASS" start="2025-05-30T09:55:08.517501" elapsed="0.031153"/>
</kw>
<arg>${timeout}</arg>
<arg>${interval}</arg>
<arg>Run Keyword</arg>
<arg>${keyword}</arg>
<arg>${locator}</arg>
<doc>Runs the specified keyword and retries if it fails.</doc>
<status status="PASS" start="2025-05-30T09:55:08.517075" elapsed="0.031666"/>
</kw>
<arg>Cek Field Sudah Terisi</arg>
<arg>${locator}</arg>
<status status="PASS" start="2025-05-30T09:55:08.516461" elapsed="0.032393"/>
</kw>
<arg>${inputPassword}</arg>
<arg>${PASSWORD}</arg>
<status status="PASS" start="2025-05-30T09:55:08.353631" elapsed="0.195309"/>
</kw>
<kw name="Cek Field Sudah Terisi" owner="generalFunct">
<kw name="Get Value" owner="SeleniumLibrary">
<msg time="2025-05-30T09:55:08.568053" level="INFO">${value} = 123456</msg>
<var>${value}</var>
<arg>${value_element}</arg>
<doc>Returns the value attribute of the element identified by ``locator``.</doc>
<status status="PASS" start="2025-05-30T09:55:08.549640" elapsed="0.018480"/>