<?xml version="1.0" encoding="UTF-8"?>
<robot generator="Robot 7.1 (Python 3.12.5 on win32)" generated="2025-02-14T11:10:39.573075" rpa="false" schemaversion="5">
<suite id="s1" name="test detailProject MenungguPersetujuan" source="C:\Users\admin\Documents\Automation\robotFramework\testSuite\Tim_OP\test_detailProject_MenungguPersetujuan.robot">
<test id="s1-t1" name="Tim OP can Go To Detail Project" line="10">
<kw name="Begin Web Test" owner="web_eProc" type="SETUP">
<kw name="Open Browser" owner="SeleniumLibrary">
<msg time="2025-02-14T11:10:42.284662" level="INFO">Opening browser 'chrome' to base url 'about:blank'.</msg>
<arg>about:blank</arg>
<arg>${BROWSER}</arg>
<doc>Opens a new browser instance to the optional ``url``.</doc>
<status status="PASS" start="2025-02-14T11:10:42.284662" elapsed="2.821997"/>
</kw>
<kw name="Maximize Browser Window" owner="SeleniumLibrary">
<doc>Maximizes current browser window.</doc>
<status status="PASS" start="2025-02-14T11:10:45.107656" elapsed="0.046874"/>
</kw>
<kw name="Go To" owner="SeleniumLibrary">
<msg time="2025-02-14T11:10:45.155527" level="INFO">Opening url 'https://dev-proyek.1000saudara.com/Login'</msg>
<arg>${URL}</arg>
<doc>Navigates the current browser window to the provided ``url``.</doc>
<status status="PASS" start="2025-02-14T11:10:45.154530" elapsed="6.817813"/>
</kw>
<status status="PASS" start="2025-02-14T11:10:42.282664" elapsed="9.689679"/>
</kw>
<kw name="User go to detail Project Page" owner="detailProject_MenungguPersetujuan">
<kw name="Given User can access Home Login 1000s" owner="login">
<kw name="Then user go to home page E-Proc1000s" owner="pom_login_eProc">
<kw name="user visit E-Proc1000s Login Page" owner="pom_login_eProc">
<kw name="Get Location" owner="SeleniumLibrary">
<msg time="2025-02-14T11:10:51.985311" level="INFO">${current_url} = https://dev-proyek.1000saudara.com/Login</msg>
<var>${current_url}</var>
<doc>Returns the current browser window URL.</doc>
<status status="PASS" start="2025-02-14T11:10:51.977331" elapsed="0.007980"/>
</kw>
<kw name="Log" owner="BuiltIn">
<msg time="2025-02-14T11:10:51.986309" level="INFO">Current Path: https://dev-proyek.1000saudara.com/Login</msg>
<arg>Current Path: ${current_url}</arg>
<doc>Logs the given message with the given level.</doc>
<status status="PASS" start="2025-02-14T11:10:51.985311" elapsed="0.000998"/>
</kw>
<kw name="general return status" owner="generalFunct">
<kw name="Run Keyword And Return Status" owner="BuiltIn">
<kw name="Wait Until Element Is Visible" owner="SeleniumLibrary">
<msg time="2025-02-14T11:10:57.316374" level="INFO" html="true">&lt;/td&gt;&lt;/tr&gt;&lt;tr&gt;&lt;td colspan="3"&gt;&lt;a href="selenium-screenshot-588.png"&gt;&lt;img src="selenium-screenshot-588.png" width="800px"&gt;&lt;/a&gt;</msg>
<msg time="2025-02-14T11:10:57.317371" level="FAIL">Element 'xpath=//p[contains(text(), 'Log')]' not visible after 5 seconds.</msg>
<arg>${locator}</arg>
<arg>timeout=5s</arg>
<doc>Waits until the element ``locator`` is visible.</doc>
<status status="FAIL" start="2025-02-14T11:10:51.987305" elapsed="5.333058">Element 'xpath=//p[contains(text(), 'Log')]' not visible after 5 seconds.</status>
</kw>
<msg time="2025-02-14T11:10:57.320363" level="INFO">${res} = False</msg>
<var>${res}</var>
<arg>Wait Until Element Is Visible</arg>
<arg>${locator}</arg>
<arg>timeout=5s</arg>
<doc>Runs the given keyword with given arguments and returns the status as a Boolean value.</doc>
<status status="PASS" start="2025-02-14T11:10:51.987305" elapsed="5.334055"/>
</kw>
<return>
<value>${res}</value>
<status status="PASS" start="2025-02-14T11:10:57.321360" elapsed="0.000000"/>
</return>
<msg time="2025-02-14T11:10:57.321360" level="INFO">${res} = False</msg>
<var>${res}</var>
<arg>${headerLogin}</arg>
<status status="PASS" start="2025-02-14T11:10:51.986309" elapsed="5.335051"/>
</kw>
<while condition="${res} == $False">
<iter>
<kw name="Reload Page" owner="SeleniumLibrary">
<doc>Simulates user reloading page.</doc>
<status status="PASS" start="2025-02-14T11:10:57.323357" elapsed="6.438054"/>
</kw>
<kw name="Sleep" owner="BuiltIn">
<msg time="2025-02-14T11:11:05.263024" level="INFO">Slept 1 second 500 milliseconds.</msg>
<arg>1.5s</arg>
<doc>Pauses the test executed for the given time.</doc>
<status status="PASS" start="2025-02-14T11:11:03.761411" elapsed="1.501613"/>
</kw>
<kw name="general return status" owner="generalFunct">
<kw name="Run Keyword And Return Status" owner="BuiltIn">
<kw name="Wait Until Element Is Visible" owner="SeleniumLibrary">
<arg>${locator}</arg>
<arg>timeout=5s</arg>
<doc>Waits until the element ``locator`` is visible.</doc>
<status status="PASS" start="2025-02-14T11:11:05.264049" elapsed="5.236963"/>
</kw>
<msg time="2025-02-14T11:11:10.502015" level="INFO">${res} = True</msg>
<var>${res}</var>
<arg>Wait Until Element Is Visible</arg>
<arg>${locator}</arg>
<arg>timeout=5s</arg>
<doc>Runs the given keyword with given arguments and returns the status as a Boolean value.</doc>
<status status="PASS" start="2025-02-14T11:11:05.264049" elapsed="5.237966"/>
</kw>
<return>
<value>${res}</value>
<status status="PASS" start="2025-02-14T11:11:10.502015" elapsed="0.000000"/>
</return>
<msg time="2025-02-14T11:11:10.502015" level="INFO">${res} = True</msg>
<var>${res}</var>
<arg>${headerLogin}</arg>
<status status="PASS" start="2025-02-14T11:11:05.263024" elapsed="5.238991"/>
</kw>
<status status="PASS" start="2025-02-14T11:10:57.322357" elapsed="13.179658"/>
</iter>
<status status="PASS" start="2025-02-14T11:10:57.322357" elapsed="13.180650"/>
</while>
<status status="PASS" start="2025-02-14T11:10:51.976333" elapsed="18.526674"/>
</kw>
<kw name="user login E-Proc1000s Page" owner="pom_login_eProc">
<kw name="Wait Until Element Is Visible" owner="SeleniumLibrary">
<arg>${inputPassword}</arg>
<doc>Waits until the element ``locator`` is visible.</doc>
<status status="PASS" start="2025-02-14T11:11:10.504004" elapsed="0.042101"/>
</kw>
<kw name="Input Text" owner="SeleniumLibrary">
<msg time="2025-02-14T11:11:10.546105" level="INFO">Typing text '085210758864' into text field 'xpath=//input[@id='TxtPhone']'.</msg>
<arg>${inputUsername}</arg>
<arg>${ROLE_ADMIN}</arg>
<doc>Types the given ``text`` into the text field identified by ``locator``.</doc>
<status status="PASS" start="2025-02-14T11:11:10.546105" elapsed="0.623854"/>
</kw>
<kw name="Input Password" owner="SeleniumLibrary">
<msg time="2025-02-14T11:11:11.170960" level="INFO">Typing password into text field 'xpath=//input[@id='pwd']'.</msg>
<msg time="2025-02-14T11:11:11.224107" level="INFO">Temporally setting log level to: NONE</msg>
<arg>${inputPassword}</arg>
<arg>${PASSWORD}</arg>
<doc>Types the given password into the text field identified by ``locator``.</doc>
<status status="PASS" start="2025-02-14T11:11:11.170960" elapsed="0.281134"/>
</kw>
<kw name="Press Key" owner="SeleniumLibrary">
<arg>${inputPassword}</arg>
<arg>\\13</arg>
<doc>Simulates user pressing key on element identified by ``locator``.</doc>
<status status="PASS" start="2025-02-14T11:11:11.452094" elapsed="0.254147"/>
</kw>
<kw name="Wait Until Element Is Visible" owner="SeleniumLibrary">
<arg>${listFilter}</arg>
<doc>Waits until the element ``locator`` is visible.</doc>
<status status="PASS" start="2025-02-14T11:11:11.707239" elapsed="9.102422"/>
</kw>
<kw name="Sleep" owner="BuiltIn">
<msg time="2025-02-14T11:11:23.810184" level="INFO">Slept 3 seconds.</msg>
<arg>3</arg>
<doc>Pauses the test executed for the given time.</doc>
<status status="PASS" start="2025-02-14T11:11:20.809661" elapsed="3.000523"/>
</kw>
<status status="PASS" start="2025-02-14T11:11:10.503007" elapsed="13.307177"/>
</kw>
<kw name="Wait Until Element Is Visible" owner="SeleniumLibrary">
<arg>${listFilter}</arg>
<doc>Waits until the element ``locator`` is visible.</doc>
<status status="PASS" start="2025-02-14T11:11:23.811179" elapsed="0.064650"/>
</kw>
<kw name="Wait Until Element Is Visible" owner="SeleniumLibrary">
<arg>${titleProject}</arg>
<doc>Waits until the element ``locator`` is visible.</doc>
<status status="PASS" start="2025-02-14T11:11:23.876827" elapsed="0.039090"/>
</kw>
<kw name="Get Text" owner="SeleniumLibrary">
<msg time="2025-02-14T11:11:23.962609" level="INFO">${title} = Manajemen Project</msg>
<var>${title}</var>
<arg>${titleProject}</arg>
<doc>Returns the text value of the element identified by ``locator``.</doc>
<status status="PASS" start="2025-02-14T11:11:23.916915" elapsed="0.045694"/>
</kw>
<kw name="Log To Console" owner="BuiltIn">
<arg>${\n}${title}</arg>
<doc>Logs the given message to the console.</doc>
<status status="PASS" start="2025-02-14T11:11:23.962609" elapsed="0.002854"/>
</kw>
<status status="PASS" start="2025-02-14T11:10:51.975336" elapsed="31.990127"/>
</kw>
<status status="PASS" start="2025-02-14T11:10:51.974339" elapsed="31.991124"/>
</kw>
<kw name="When user click Detail on Project" owner="pom_detailProject_MenungguPersetujuan">
<kw name="Get Length" owner="BuiltIn">
<msg time="2025-02-14T11:11:23.967458" level="INFO">Length is 22.</msg>
<msg time="2025-02-14T11:11:23.968457" level="INFO">${len} = 22</msg>
<var>${len}</var>
<arg>xpath=//tbody/tr/td[5]</arg>
<doc>Returns and logs the length of the given item as an integer.</doc>
<status status="PASS" start="2025-02-14T11:11:23.967458" elapsed="0.000999"/>
</kw>
<kw name="Sleep" owner="BuiltIn">
<msg time="2025-02-14T11:11:26.969508" level="INFO">Slept 3 seconds.</msg>
<arg>3</arg>
<doc>Pauses the test executed for the given time.</doc>
<status status="PASS" start="2025-02-14T11:11:23.968457" elapsed="3.001051"/>
</kw>
<for flavor="IN RANGE">
<iter>
<kw name="general return status" owner="generalFunct">
<kw name="Run Keyword And Return Status" owner="BuiltIn">
<kw name="Wait Until Element Is Visible" owner="SeleniumLibrary">
<arg>${locator}</arg>
<arg>timeout=5s</arg>
<doc>Waits until the element ``locator`` is visible.</doc>
<status status="PASS" start="2025-02-14T11:11:26.972500" elapsed="0.041898"/>
</kw>
<msg time="2025-02-14T11:11:27.014398" level="INFO">${res} = True</msg>
<var>${res}</var>
<arg>Wait Until Element Is Visible</arg>
<arg>${locator}</arg>
<arg>timeout=5s</arg>
<doc>Runs the given keyword with given arguments and returns the status as a Boolean value.</doc>
<status status="PASS" start="2025-02-14T11:11:26.971504" elapsed="0.042894"/>
</kw>
<return>
<value>${res}</value>
<status status="PASS" start="2025-02-14T11:11:27.015394" elapsed="0.000997"/>
</return>
<msg time="2025-02-14T11:11:27.016391" level="INFO">${res} = True</msg>
<var>${res}</var>
<arg>xpath=//tbody/tr/td[5]//div[contains(.,'${textStatus}')]</arg>
<status status="PASS" start="2025-02-14T11:11:26.970506" elapsed="0.045885"/>
</kw>
<if>
<branch type="IF" condition="${res}">
<kw name="check in project list" owner="pom_detailProject_MenungguPersetujuan">
<for flavor="IN RANGE">
<iter>
<kw name="general return status" owner="generalFunct">
<kw name="Run Keyword And Return Status" owner="BuiltIn">
<kw name="Wait Until Element Is Visible" owner="SeleniumLibrary">
<msg time="2025-02-14T11:11:32.353758" level="INFO" html="true">&lt;/td&gt;&lt;/tr&gt;&lt;tr&gt;&lt;td colspan="3"&gt;&lt;a href="selenium-screenshot-589.png"&gt;&lt;img src="selenium-screenshot-589.png" width="800px"&gt;&lt;/a&gt;</msg>
<msg time="2025-02-14T11:11:32.354752" level="FAIL">Element 'xpath=//tbody/tr[1]/td[5]//div[contains(.,'Menunggu persetujuan')]' not visible after 5 seconds.</msg>
<arg>${locator}</arg>
<arg>timeout=5s</arg>
<doc>Waits until the element ``locator`` is visible.</doc>
<status status="FAIL" start="2025-02-14T11:11:27.024370" elapsed="5.331378">Element 'xpath=//tbody/tr[1]/td[5]//div[contains(.,'Menunggu persetujuan')]' not visible after 5 seconds.</status>
</kw>
<msg time="2025-02-14T11:11:32.355748" level="INFO">${res} = False</msg>
<var>${res}</var>
<arg>Wait Until Element Is Visible</arg>
<arg>${locator}</arg>
<arg>timeout=5s</arg>
<doc>Runs the given keyword with given arguments and returns the status as a Boolean value.</doc>
<status status="PASS" start="2025-02-14T11:11:27.023371" elapsed="5.333375"/>
</kw>
<return>
<value>${res}</value>
<status status="PASS" start="2025-02-14T11:11:32.356746" elapsed="0.000000"/>
</return>
<msg time="2025-02-14T11:11:32.356746" level="INFO">${res} = False</msg>
<var>${res}</var>
<arg>xpath=//tbody/tr[${counter}]/td[5]//div[contains(.,'${textStatusProject}')]</arg>
<status status="PASS" start="2025-02-14T11:11:27.021378" elapsed="5.335368"/>
</kw>
<if>
<branch type="IF" condition="${res}">
<kw name="Get Text" owner="SeleniumLibrary">
<var>${text}</var>
<arg>xpath=//tbody/tr[${counter}]/td[1]</arg>
<doc>Returns the text value of the element identified by ``locator``.</doc>
<status status="NOT RUN" start="2025-02-14T11:11:32.357748" elapsed="0.000000"/>
</kw>
<kw name="Get Text" owner="SeleniumLibrary">
<var>${status}</var>
<arg>xpath=//tbody/tr[${counter}]/td[5]</arg>
<doc>Returns the text value of the element identified by ``locator``.</doc>
<status status="NOT RUN" start="2025-02-14T11:11:32.357748" elapsed="0.000000"/>
</kw>
<kw name="user click element" owner="generalFunct">
<arg>xpath=//tbody/tr[${counter}]/td[6]/span</arg>
<status status="NOT RUN" start="2025-02-14T11:11:32.357748" elapsed="0.000000"/>
</kw>
<kw name="general Wait Until" owner="generalFunct">
<arg>xpath=//span[normalize-space()='Detail Project']</arg>
<status status="NOT RUN" start="2025-02-14T11:11:32.357748" elapsed="0.000000"/>
</kw>
<kw name="general Wait Until" owner="generalFunct">
<arg>${namaProject_onDetailPage}</arg>
<status status="NOT RUN" start="2025-02-14T11:11:32.358743" elapsed="0.000000"/>
</kw>
<kw name="Get Text" owner="SeleniumLibrary">
<var>${nameProject}</var>
<arg>${namaProject_onDetailPage}</arg>
<doc>Returns the text value of the element identified by ``locator``.</doc>
<status status="NOT RUN" start="2025-02-14T11:11:32.358743" elapsed="0.000000"/>
</kw>
<kw name="Get Text" owner="SeleniumLibrary">
<var>${status_onDetailPage}</var>
<arg>${statusProject}</arg>
<doc>Returns the text value of the element identified by ``locator``.</doc>
<status status="NOT RUN" start="2025-02-14T11:11:32.358743" elapsed="0.000000"/>
</kw>
<kw name="Log To Console" owner="BuiltIn">
<arg>Nama Project: ${nameProject}</arg>
<doc>Logs the given message to the console.</doc>
<status status="NOT RUN" start="2025-02-14T11:11:32.358743" elapsed="0.000000"/>
</kw>
<kw name="Log To Console" owner="BuiltIn">
<arg>Status Project: ${status_onDetailPage}</arg>
<doc>Logs the given message to the console.</doc>
<status status="NOT RUN" start="2025-02-14T11:11:32.358743" elapsed="0.000000"/>
</kw>
<kw name="Set Global Variable" owner="BuiltIn">
<arg>${nameProject_MenungguPersetujuan}</arg>
<arg>${nameProject}</arg>
<doc>Makes a variable available globally in all tests and suites.</doc>
<status status="NOT RUN" start="2025-02-14T11:11:32.359740" elapsed="0.000000"/>
</kw>
<kw name="Should Be Equal" owner="BuiltIn">
<arg>${nameProject}</arg>
<arg>${text}</arg>
<doc>Fails if the given objects are unequal.</doc>
<status status="NOT RUN" start="2025-02-14T11:11:32.359740" elapsed="0.000000"/>
</kw>
<kw name="Should Be Equal" owner="BuiltIn">
<arg>${status_onDetailPage}</arg>
<arg>${status}</arg>
<doc>Fails if the given objects are unequal.</doc>
<status status="NOT RUN" start="2025-02-14T11:11:32.359740" elapsed="0.000000"/>
</kw>
<kw name="Exit For Loop" owner="BuiltIn">
<doc>Stops executing the enclosing FOR loop.</doc>
<status status="NOT RUN" start="2025-02-14T11:11:32.359740" elapsed="0.000000"/>
</kw>
<status status="NOT RUN" start="2025-02-14T11:11:32.356746" elapsed="0.002994"/>
</branch>
<status status="PASS" start="2025-02-14T11:11:32.356746" elapsed="0.002994"/>
</if>
<var name="${counter}">1</var>
<status status="PASS" start="2025-02-14T11:11:27.020381" elapsed="5.339359"/>
</iter>
<iter>
<kw name="general return status" owner="generalFunct">
<kw name="Run Keyword And Return Status" owner="BuiltIn">
<kw name="Wait Until Element Is Visible" owner="SeleniumLibrary">
<msg time="2025-02-14T11:11:37.624923" level="INFO" html="true">&lt;/td&gt;&lt;/tr&gt;&lt;tr&gt;&lt;td colspan="3"&gt;&lt;a href="selenium-screenshot-590.png"&gt;&lt;img src="selenium-screenshot-590.png" width="800px"&gt;&lt;/a&gt;</msg>
<msg time="2025-02-14T11:11:37.625922" level="FAIL">Element 'xpath=//tbody/tr[2]/td[5]//div[contains(.,'Menunggu persetujuan')]' not visible after 5 seconds.</msg>
<arg>${locator}</arg>
<arg>timeout=5s</arg>
<doc>Waits until the element ``locator`` is visible.</doc>
<status status="FAIL" start="2025-02-14T11:11:32.361735" elapsed="5.265184">Element 'xpath=//tbody/tr[2]/td[5]//div[contains(.,'Menunggu persetujuan')]' not visible after 5 seconds.</status>
</kw>
<msg time="2025-02-14T11:11:37.626919" level="INFO">${res} = False</msg>
<var>${res}</var>
<arg>Wait Until Element Is Visible</arg>
<arg>${locator}</arg>
<arg>timeout=5s</arg>
<doc>Runs the given keyword with given arguments and returns the status as a Boolean value.</doc>
<status status="PASS" start="2025-02-14T11:11:32.360739" elapsed="5.266180"/>
</kw>
<return>
<value>${res}</value>
<status status="PASS" start="2025-02-14T11:11:37.626919" elapsed="0.000997"/>
</return>
<msg time="2025-02-14T11:11:37.627916" level="INFO">${res} = False</msg>
<var>${res}</var>
<arg>xpath=//tbody/tr[${counter}]/td[5]//div[contains(.,'${textStatusProject}')]</arg>
<status status="PASS" start="2025-02-14T11:11:32.360739" elapsed="5.267177"/>
</kw>
<if>
<branch type="IF" condition="${res}">
<kw name="Get Text" owner="SeleniumLibrary">
<var>${text}</var>
<arg>xpath=//tbody/tr[${counter}]/td[1]</arg>
<doc>Returns the text value of the element identified by ``locator``.</doc>
<status status="NOT RUN" start="2025-02-14T11:11:37.627916" elapsed="0.000000"/>
</kw>
<kw name="Get Text" owner="SeleniumLibrary">
<var>${status}</var>
<arg>xpath=//tbody/tr[${counter}]/td[5]</arg>
<doc>Returns the text value of the element identified by ``locator``.</doc>
<status status="NOT RUN" start="2025-02-14T11:11:37.627916" elapsed="0.000000"/>
</kw>
<kw name="user click element" owner="generalFunct">
<arg>xpath=//tbody/tr[${counter}]/td[6]/span</arg>
<status status="NOT RUN" start="2025-02-14T11:11:37.628913" elapsed="0.000000"/>
</kw>
<kw name="general Wait Until" owner="generalFunct">
<arg>xpath=//span[normalize-space()='Detail Project']</arg>
<status status="NOT RUN" start="2025-02-14T11:11:37.628913" elapsed="0.000000"/>
</kw>
<kw name="general Wait Until" owner="generalFunct">
<arg>${namaProject_onDetailPage}</arg>
<status status="NOT RUN" start="2025-02-14T11:11:37.628913" elapsed="0.000000"/>
</kw>
<kw name="Get Text" owner="SeleniumLibrary">
<var>${nameProject}</var>
<arg>${namaProject_onDetailPage}</arg>
<doc>Returns the text value of the element identified by ``locator``.</doc>
<status status="NOT RUN" start="2025-02-14T11:11:37.628913" elapsed="0.000000"/>
</kw>
<kw name="Get Text" owner="SeleniumLibrary">
<var>${status_onDetailPage}</var>
<arg>${statusProject}</arg>
<doc>Returns the text value of the element identified by ``locator``.</doc>
<status status="NOT RUN" start="2025-02-14T11:11:37.629910" elapsed="0.000000"/>
</kw>
<kw name="Log To Console" owner="BuiltIn">
<arg>Nama Project: ${nameProject}</arg>
<doc>Logs the given message to the console.</doc>
<status status="NOT RUN" start="2025-02-14T11:11:37.629910" elapsed="0.000000"/>
</kw>
<kw name="Log To Console" owner="BuiltIn">
<arg>Status Project: ${status_onDetailPage}</arg>
<doc>Logs the given message to the console.</doc>
<status status="NOT RUN" start="2025-02-14T11:11:37.629910" elapsed="0.000000"/>
</kw>
<kw name="Set Global Variable" owner="BuiltIn">
<arg>${nameProject_MenungguPersetujuan}</arg>
<arg>${nameProject}</arg>
<doc>Makes a variable available globally in all tests and suites.</doc>
<status status="NOT RUN" start="2025-02-14T11:11:37.629910" elapsed="0.000000"/>
</kw>
<kw name="Should Be Equal" owner="BuiltIn">
<arg>${nameProject}</arg>
<arg>${text}</arg>
<doc>Fails if the given objects are unequal.</doc>
<status status="NOT RUN" start="2025-02-14T11:11:37.629910" elapsed="0.000000"/>
</kw>
<kw name="Should Be Equal" owner="BuiltIn">
<arg>${status_onDetailPage}</arg>
<arg>${status}</arg>
<doc>Fails if the given objects are unequal.</doc>
<status status="NOT RUN" start="2025-02-14T11:11:37.630907" elapsed="0.000000"/>
</kw>
<kw name="Exit For Loop" owner="BuiltIn">
<doc>Stops executing the enclosing FOR loop.</doc>
<status status="NOT RUN" start="2025-02-14T11:11:37.630907" elapsed="0.000000"/>
</kw>
<status status="NOT RUN" start="2025-02-14T11:11:37.627916" elapsed="0.002991"/>
</branch>
<status status="PASS" start="2025-02-14T11:11:37.627916" elapsed="0.002991"/>
</if>
<var name="${counter}">2</var>
<status status="PASS" start="2025-02-14T11:11:32.360739" elapsed="5.270168"/>
</iter>
<iter>
<kw name="general return status" owner="generalFunct">
<kw name="Run Keyword And Return Status" owner="BuiltIn">
<kw name="Wait Until Element Is Visible" owner="SeleniumLibrary">
<msg time="2025-02-14T11:11:42.872935" level="INFO" html="true">&lt;/td&gt;&lt;/tr&gt;&lt;tr&gt;&lt;td colspan="3"&gt;&lt;a href="selenium-screenshot-591.png"&gt;&lt;img src="selenium-screenshot-591.png" width="800px"&gt;&lt;/a&gt;</msg>
<msg time="2025-02-14T11:11:42.873932" level="FAIL">Element 'xpath=//tbody/tr[3]/td[5]//div[contains(.,'Menunggu persetujuan')]' not visible after 5 seconds.</msg>
<arg>${locator}</arg>
<arg>timeout=5s</arg>
<doc>Waits until the element ``locator`` is visible.</doc>
<status status="FAIL" start="2025-02-14T11:11:37.631904" elapsed="5.243025">Element 'xpath=//tbody/tr[3]/td[5]//div[contains(.,'Menunggu persetujuan')]' not visible after 5 seconds.</status>
</kw>
<msg time="2025-02-14T11:11:42.874929" level="INFO">${res} = False</msg>
<var>${res}</var>
<arg>Wait Until Element Is Visible</arg>
<arg>${locator}</arg>
<arg>timeout=5s</arg>
<doc>Runs the given keyword with given arguments and returns the status as a Boolean value.</doc>
<status status="PASS" start="2025-02-14T11:11:37.631904" elapsed="5.243025"/>
</kw>
<return>
<value>${res}</value>
<status status="PASS" start="2025-02-14T11:11:42.874929" elapsed="0.000000"/>
</return>
<msg time="2025-02-14T11:11:42.875927" level="INFO">${res} = False</msg>
<var>${res}</var>
<arg>xpath=//tbody/tr[${counter}]/td[5]//div[contains(.,'${textStatusProject}')]</arg>
<status status="PASS" start="2025-02-14T11:11:37.630907" elapsed="5.245020"/>
</kw>
<if>
<branch type="IF" condition="${res}">
<kw name="Get Text" owner="SeleniumLibrary">
<var>${text}</var>
<arg>xpath=//tbody/tr[${counter}]/td[1]</arg>
<doc>Returns the text value of the element identified by ``locator``.</doc>
<status status="NOT RUN" start="2025-02-14T11:11:42.876924" elapsed="0.000000"/>
</kw>
<kw name="Get Text" owner="SeleniumLibrary">
<var>${status}</var>
<arg>xpath=//tbody/tr[${counter}]/td[5]</arg>
<doc>Returns the text value of the element identified by ``locator``.</doc>
<status status="NOT RUN" start="2025-02-14T11:11:42.876924" elapsed="0.000000"/>
</kw>
<kw name="user click element" owner="generalFunct">
<arg>xpath=//tbody/tr[${counter}]/td[6]/span</arg>
<status status="NOT RUN" start="2025-02-14T11:11:42.876924" elapsed="0.000997"/>
</kw>
<kw name="general Wait Until" owner="generalFunct">
<arg>xpath=//span[normalize-space()='Detail Project']</arg>
<status status="NOT RUN" start="2025-02-14T11:11:42.877921" elapsed="0.000000"/>
</kw>
<kw name="general Wait Until" owner="generalFunct">
<arg>${namaProject_onDetailPage}</arg>
<status status="NOT RUN" start="2025-02-14T11:11:42.877921" elapsed="0.000000"/>
</kw>
<kw name="Get Text" owner="SeleniumLibrary">
<var>${nameProject}</var>
<arg>${namaProject_onDetailPage}</arg>
<doc>Returns the text value of the element identified by ``locator``.</doc>
<status status="NOT RUN" start="2025-02-14T11:11:42.878918" elapsed="0.000000"/>
</kw>
<kw name="Get Text" owner="SeleniumLibrary">
<var>${status_onDetailPage}</var>
<arg>${statusProject}</arg>
<doc>Returns the text value of the element identified by ``locator``.</doc>
<status status="NOT RUN" start="2025-02-14T11:11:42.878918" elapsed="0.000000"/>
</kw>
<kw name="Log To Console" owner="BuiltIn">
<arg>Nama Project: ${nameProject}</arg>
<doc>Logs the given message to the console.</doc>
<status status="NOT RUN" start="2025-02-14T11:11:42.879916" elapsed="0.000000"/>
</kw>
<kw name="Log To Console" owner="BuiltIn">
<arg>Status Project: ${status_onDetailPage}</arg>
<doc>Logs the given message to the console.</doc>
<status status="NOT RUN" start="2025-02-14T11:11:42.879916" elapsed="0.000000"/>
</kw>
<kw name="Set Global Variable" owner="BuiltIn">
<arg>${nameProject_MenungguPersetujuan}</arg>
<arg>${nameProject}</arg>
<doc>Makes a variable available globally in all tests and suites.</doc>
<status status="NOT RUN" start="2025-02-14T11:11:42.879916" elapsed="0.000000"/>
</kw>
<kw name="Should Be Equal" owner="BuiltIn">
<arg>${nameProject}</arg>
<arg>${text}</arg>
<doc>Fails if the given objects are unequal.</doc>
<status status="NOT RUN" start="2025-02-14T11:11:42.881146" elapsed="0.000097"/>
</kw>
<kw name="Should Be Equal" owner="BuiltIn">
<arg>${status_onDetailPage}</arg>
<arg>${status}</arg>
<doc>Fails if the given objects are unequal.</doc>
<status status="NOT RUN" start="2025-02-14T11:11:42.881243" elapsed="0.000000"/>
</kw>
<kw name="Exit For Loop" owner="BuiltIn">
<doc>Stops executing the enclosing FOR loop.</doc>
<status status="NOT RUN" start="2025-02-14T11:11:42.882241" elapsed="0.000000"/>
</kw>
<status status="NOT RUN" start="2025-02-14T11:11:42.875927" elapsed="0.006314"/>
</branch>
<status status="PASS" start="2025-02-14T11:11:42.875927" elapsed="0.006314"/>
</if>
<var name="${counter}">3</var>
<status status="PASS" start="2025-02-14T11:11:37.630907" elapsed="5.251334"/>
</iter>
<iter>
<kw name="general return status" owner="generalFunct">
<kw name="Run Keyword And Return Status" owner="BuiltIn">
<kw name="Wait Until Element Is Visible" owner="SeleniumLibrary">
<msg time="2025-02-14T11:11:48.144360" level="INFO" html="true">&lt;/td&gt;&lt;/tr&gt;&lt;tr&gt;&lt;td colspan="3"&gt;&lt;a href="selenium-screenshot-592.png"&gt;&lt;img src="selenium-screenshot-592.png" width="800px"&gt;&lt;/a&gt;</msg>
<msg time="2025-02-14T11:11:48.144360" level="FAIL">Element 'xpath=//tbody/tr[4]/td[5]//div[contains(.,'Menunggu persetujuan')]' not visible after 5 seconds.</msg>
<arg>${locator}</arg>
<arg>timeout=5s</arg>
<doc>Waits until the element ``locator`` is visible.</doc>
<status status="FAIL" start="2025-02-14T11:11:42.884272" elapsed="5.261083">Element 'xpath=//tbody/tr[4]/td[5]//div[contains(.,'Menunggu persetujuan')]' not visible after 5 seconds.</status>
</kw>
<msg time="2025-02-14T11:11:48.145355" level="INFO">${res} = False</msg>
<var>${res}</var>
<arg>Wait Until Element Is Visible</arg>
<arg>${locator}</arg>
<arg>timeout=5s</arg>
<doc>Runs the given keyword with given arguments and returns the status as a Boolean value.</doc>
<status status="PASS" start="2025-02-14T11:11:42.883239" elapsed="5.262116"/>
</kw>
<return>
<value>${res}</value>
<status status="PASS" start="2025-02-14T11:11:48.146390" elapsed="0.000000"/>
</return>
<msg time="2025-02-14T11:11:48.146390" level="INFO">${res} = False</msg>
<var>${res}</var>
<arg>xpath=//tbody/tr[${counter}]/td[5]//div[contains(.,'${textStatusProject}')]</arg>
<status status="PASS" start="2025-02-14T11:11:42.883239" elapsed="5.263151"/>
</kw>
<if>
<branch type="IF" condition="${res}">
<kw name="Get Text" owner="SeleniumLibrary">
<var>${text}</var>
<arg>xpath=//tbody/tr[${counter}]/td[1]</arg>
<doc>Returns the text value of the element identified by ``locator``.</doc>
<status status="NOT RUN" start="2025-02-14T11:11:48.147384" elapsed="0.000000"/>
</kw>
<kw name="Get Text" owner="SeleniumLibrary">
<var>${status}</var>
<arg>xpath=//tbody/tr[${counter}]/td[5]</arg>
<doc>Returns the text value of the element identified by ``locator``.</doc>
<status status="NOT RUN" start="2025-02-14T11:11:48.147384" elapsed="0.000000"/>
</kw>
<kw name="user click element" owner="generalFunct">
<arg>xpath=//tbody/tr[${counter}]/td[6]/span</arg>
<status status="NOT RUN" start="2025-02-14T11:11:48.148384" elapsed="0.000000"/>
</kw>
<kw name="general Wait Until" owner="generalFunct">
<arg>xpath=//span[normalize-space()='Detail Project']</arg>
<status status="NOT RUN" start="2025-02-14T11:11:48.148384" elapsed="0.000000"/>
</kw>
<kw name="general Wait Until" owner="generalFunct">
<arg>${namaProject_onDetailPage}</arg>
<status status="NOT RUN" start="2025-02-14T11:11:48.148384" elapsed="0.000000"/>
</kw>
<kw name="Get Text" owner="SeleniumLibrary">
<var>${nameProject}</var>
<arg>${namaProject_onDetailPage}</arg>
<doc>Returns the text value of the element identified by ``locator``.</doc>
<status status="NOT RUN" start="2025-02-14T11:11:48.149388" elapsed="0.000000"/>
</kw>
<kw name="Get Text" owner="SeleniumLibrary">
<var>${status_onDetailPage}</var>
<arg>${statusProject}</arg>
<doc>Returns the text value of the element identified by ``locator``.</doc>
<status status="NOT RUN" start="2025-02-14T11:11:48.149388" elapsed="0.000000"/>
</kw>
<kw name="Log To Console" owner="BuiltIn">
<arg>Nama Project: ${nameProject}</arg>
<doc>Logs the given message to the console.</doc>
<status status="NOT RUN" start="2025-02-14T11:11:48.150344" elapsed="0.000000"/>
</kw>
<kw name="Log To Console" owner="BuiltIn">
<arg>Status Project: ${status_onDetailPage}</arg>
<doc>Logs the given message to the console.</doc>
<status status="NOT RUN" start="2025-02-14T11:11:48.150344" elapsed="0.000000"/>
</kw>
<kw name="Set Global Variable" owner="BuiltIn">
<arg>${nameProject_MenungguPersetujuan}</arg>
<arg>${nameProject}</arg>
<doc>Makes a variable available globally in all tests and suites.</doc>
<status status="NOT RUN" start="2025-02-14T11:11:48.150344" elapsed="0.000000"/>
</kw>
<kw name="Should Be Equal" owner="BuiltIn">
<arg>${nameProject}</arg>
<arg>${text}</arg>
<doc>Fails if the given objects are unequal.</doc>
<status status="NOT RUN" start="2025-02-14T11:11:48.151423" elapsed="0.000117"/>
</kw>
<kw name="Should Be Equal" owner="BuiltIn">
<arg>${status_onDetailPage}</arg>
<arg>${status}</arg>
<doc>Fails if the given objects are unequal.</doc>
<status status="NOT RUN" start="2025-02-14T11:11:48.151540" elapsed="0.000000"/>
</kw>
<kw name="Exit For Loop" owner="BuiltIn">
<doc>Stops executing the enclosing FOR loop.</doc>
<status status="NOT RUN" start="2025-02-14T11:11:48.151540" elapsed="0.000000"/>
</kw>
<status status="NOT RUN" start="2025-02-14T11:11:48.146390" elapsed="0.005150"/>
</branch>
<status status="PASS" start="2025-02-14T11:11:48.146390" elapsed="0.006190"/>
</if>
<var name="${counter}">4</var>
<status status="PASS" start="2025-02-14T11:11:42.883239" elapsed="5.269341"/>
</iter>
<iter>
<kw name="general return status" owner="generalFunct">
<kw name="Run Keyword And Return Status" owner="BuiltIn">
<kw name="Wait Until Element Is Visible" owner="SeleniumLibrary">
<arg>${locator}</arg>
<arg>timeout=5s</arg>
<doc>Waits until the element ``locator`` is visible.</doc>
<status status="PASS" start="2025-02-14T11:11:48.154570" elapsed="0.035792"/>
</kw>
<msg time="2025-02-14T11:11:48.191403" level="INFO">${res} = True</msg>
<var>${res}</var>
<arg>Wait Until Element Is Visible</arg>
<arg>${locator}</arg>
<arg>timeout=5s</arg>
<doc>Runs the given keyword with given arguments and returns the status as a Boolean value.</doc>
<status status="PASS" start="2025-02-14T11:11:48.153577" elapsed="0.037826"/>
</kw>
<return>
<value>${res}</value>
<status status="PASS" start="2025-02-14T11:11:48.191403" elapsed="0.000000"/>
</return>
<msg time="2025-02-14T11:11:48.191403" level="INFO">${res} = True</msg>
<var>${res}</var>
<arg>xpath=//tbody/tr[${counter}]/td[5]//div[contains(.,'${textStatusProject}')]</arg>
<status status="PASS" start="2025-02-14T11:11:48.152580" elapsed="0.038823"/>
</kw>
<if>
<branch type="IF" condition="${res}">
<kw name="Get Text" owner="SeleniumLibrary">
<msg time="2025-02-14T11:11:48.222748" level="INFO">${text} = Amadas Richelieu</msg>
<var>${text}</var>
<arg>xpath=//tbody/tr[${counter}]/td[1]</arg>
<doc>Returns the text value of the element identified by ``locator``.</doc>
<status status="PASS" start="2025-02-14T11:11:48.192397" elapsed="0.030351"/>
</kw>
<kw name="Get Text" owner="SeleniumLibrary">
<msg time="2025-02-14T11:11:48.251857" level="INFO">${status} = Menunggu persetujuan</msg>
<var>${status}</var>
<arg>xpath=//tbody/tr[${counter}]/td[5]</arg>
<doc>Returns the text value of the element identified by ``locator``.</doc>
<status status="PASS" start="2025-02-14T11:11:48.222748" elapsed="0.030183"/>
</kw>
<kw name="user click element" owner="generalFunct">
<kw name="Wait Until Element Is Visible" owner="SeleniumLibrary">
<arg>${element}</arg>
<doc>Waits until the element ``locator`` is visible.</doc>
<status status="PASS" start="2025-02-14T11:11:48.253048" elapsed="0.031705"/>
</kw>
<kw name="Click Element" owner="SeleniumLibrary">
<msg time="2025-02-14T11:11:48.285755" level="INFO">Clicking element 'xpath=//tbody/tr[5]/td[6]/span'.</msg>
<msg time="2025-02-14T11:11:48.578165" level="INFO">${clickElement} = None</msg>
<var>${clickElement}</var>
<arg>${element}</arg>
<doc>Click the element identified by ``locator``.</doc>
<status status="PASS" start="2025-02-14T11:11:48.284753" elapsed="0.293412"/>
</kw>
<return>
<value>${clickElement}</value>
<status status="PASS" start="2025-02-14T11:11:48.578165" elapsed="0.000000"/>
</return>
<arg>xpath=//tbody/tr[${counter}]/td[6]/span</arg>
<status status="PASS" start="2025-02-14T11:11:48.253048" elapsed="0.326115"/>
</kw>
<kw name="general Wait Until" owner="generalFunct">
<kw name="Wait Until Element Is Visible" owner="SeleniumLibrary">
<arg>${locator}</arg>
<arg>timeout=5s</arg>
<doc>Waits until the element ``locator`` is visible.</doc>
<status status="PASS" start="2025-02-14T11:11:48.581159" elapsed="1.346144"/>
</kw>
<arg>xpath=//span[normalize-space()='Detail Project']</arg>
<status status="PASS" start="2025-02-14T11:11:48.580163" elapsed="1.348139"/>
</kw>
<kw name="general Wait Until" owner="generalFunct">
<kw name="Wait Until Element Is Visible" owner="SeleniumLibrary">
<arg>${locator}</arg>
<arg>timeout=5s</arg>
<doc>Waits until the element ``locator`` is visible.</doc>
<status status="PASS" start="2025-02-14T11:11:49.929298" elapsed="0.034000"/>
</kw>
<arg>${namaProject_onDetailPage}</arg>
<status status="PASS" start="2025-02-14T11:11:49.928302" elapsed="0.035988"/>
</kw>
<kw name="Get Text" owner="SeleniumLibrary">
<msg time="2025-02-14T11:11:50.062448" level="INFO">${nameProject} = Amadas Richelieu</msg>
<var>${nameProject}</var>
<arg>${namaProject_onDetailPage}</arg>
<doc>Returns the text value of the element identified by ``locator``.</doc>
<status status="PASS" start="2025-02-14T11:11:49.964290" elapsed="0.098158"/>
</kw>
<kw name="Get Text" owner="SeleniumLibrary">
<msg time="2025-02-14T11:11:50.087678" level="INFO">${status_onDetailPage} = Menunggu persetujuan</msg>
<var>${status_onDetailPage}</var>
<arg>${statusProject}</arg>
<doc>Returns the text value of the element identified by ``locator``.</doc>
<status status="PASS" start="2025-02-14T11:11:50.062448" elapsed="0.025230"/>
</kw>
<kw name="Log To Console" owner="BuiltIn">
<arg>Nama Project: ${nameProject}</arg>
<doc>Logs the given message to the console.</doc>
<status status="PASS" start="2025-02-14T11:11:50.088676" elapsed="0.000000"/>
</kw>
<kw name="Log To Console" owner="BuiltIn">
<arg>Status Project: ${status_onDetailPage}</arg>
<doc>Logs the given message to the console.</doc>
<status status="PASS" start="2025-02-14T11:11:50.089675" elapsed="0.000000"/>
</kw>
<kw name="Set Global Variable" owner="BuiltIn">
<msg time="2025-02-14T11:11:50.091670" level="INFO">${nameProject_MenungguPersetujuan} = Amadas Richelieu</msg>
<arg>${nameProject_MenungguPersetujuan}</arg>
<arg>${nameProject}</arg>
<doc>Makes a variable available globally in all tests and suites.</doc>
<status status="PASS" start="2025-02-14T11:11:50.089675" elapsed="0.001995"/>
</kw>
<kw name="Should Be Equal" owner="BuiltIn">
<arg>${nameProject}</arg>
<arg>${text}</arg>
<doc>Fails if the given objects are unequal.</doc>
<status status="PASS" start="2025-02-14T11:11:50.092667" elapsed="0.000000"/>
</kw>
<kw name="Should Be Equal" owner="BuiltIn">
<arg>${status_onDetailPage}</arg>
<arg>${status}</arg>
<doc>Fails if the given objects are unequal.</doc>
<status status="PASS" start="2025-02-14T11:11:50.092667" elapsed="0.000000"/>
</kw>
<kw name="Exit For Loop" owner="BuiltIn">
<msg time="2025-02-14T11:11:50.093664" level="INFO">Exiting for loop altogether.</msg>
<doc>Stops executing the enclosing FOR loop.</doc>
<status status="PASS" start="2025-02-14T11:11:50.093664" elapsed="0.000000"/>
</kw>
<status status="PASS" start="2025-02-14T11:11:48.191403" elapsed="1.902261"/>
</branch>
<status status="PASS" start="2025-02-14T11:11:48.191403" elapsed="1.902261"/>
</if>
<var name="${counter}">5</var>
<status status="PASS" start="2025-02-14T11:11:48.152580" elapsed="1.941084"/>
</iter>
<var>${counter}</var>
<value>1</value>
<value>10</value>
<status status="PASS" start="2025-02-14T11:11:27.019384" elapsed="23.074280"/>
</for>
<arg>${textStatus}</arg>
<status status="PASS" start="2025-02-14T11:11:27.018395" elapsed="23.075269"/>
</kw>
<kw name="Exit For Loop" owner="BuiltIn">
<msg time="2025-02-14T11:11:50.094661" level="INFO">Exiting for loop altogether.</msg>
<doc>Stops executing the enclosing FOR loop.</doc>
<status status="PASS" start="2025-02-14T11:11:50.093664" elapsed="0.000997"/>
</kw>
<status status="PASS" start="2025-02-14T11:11:27.017390" elapsed="23.077271"/>
</branch>
<branch type="ELSE">
<kw name="general return status" owner="generalFunct">
<var>${next}</var>
<arg>${nextPage}</arg>
<status status="NOT RUN" start="2025-02-14T11:11:50.094661" elapsed="0.000000"/>
</kw>
<kw name="Run Keyword If" owner="BuiltIn">
<arg>${next}</arg>
<arg>user click element</arg>
<arg>${nextPage}</arg>
<doc>Runs the given keyword with the given arguments, if ``condition`` is true.</doc>
<status status="NOT RUN" start="2025-02-14T11:11:50.094661" elapsed="0.000000"/>
</kw>
<status status="NOT RUN" start="2025-02-14T11:11:50.094661" elapsed="0.000000"/>
</branch>
<status status="PASS" start="2025-02-14T11:11:27.017390" elapsed="23.077271"/>
</if>
<var name="${counter}">1</var>
<status status="PASS" start="2025-02-14T11:11:26.970506" elapsed="23.125152"/>
</iter>
<var>${counter}</var>
<value>1</value>
<value>${len}</value>
<status status="PASS" start="2025-02-14T11:11:26.969508" elapsed="23.126150"/>
</for>
<arg>Menunggu persetujuan</arg>
<status status="PASS" start="2025-02-14T11:11:23.966460" elapsed="26.129198"/>
</kw>
<kw name="And detail information on detail page" owner="pom_detailProject_MenungguPersetujuan">
<kw name="Get Length" owner="BuiltIn">
<msg time="2025-02-14T11:11:50.097655" level="INFO">Length is 31.</msg>
<msg time="2025-02-14T11:11:50.097655" level="INFO">${len} = 31</msg>
<var>${len}</var>
<arg>xpath=//div[@class='w-100']/div</arg>
<doc>Returns and logs the length of the given item as an integer.</doc>
<status status="PASS" start="2025-02-14T11:11:50.096655" elapsed="0.001000"/>
</kw>
<for flavor="IN RANGE">
<iter>
<kw name="general return status" owner="generalFunct">
<kw name="Run Keyword And Return Status" owner="BuiltIn">
<kw name="Wait Until Element Is Visible" owner="SeleniumLibrary">
<arg>${locator}</arg>
<arg>timeout=5s</arg>
<doc>Waits until the element ``locator`` is visible.</doc>
<status status="PASS" start="2025-02-14T11:11:50.100645" elapsed="0.030860"/>
</kw>
<msg time="2025-02-14T11:11:50.131505" level="INFO">${res} = True</msg>
<var>${res}</var>
<arg>Wait Until Element Is Visible</arg>
<arg>${locator}</arg>
<arg>timeout=5s</arg>
<doc>Runs the given keyword with given arguments and returns the status as a Boolean value.</doc>
<status status="PASS" start="2025-02-14T11:11:50.099647" elapsed="0.031858"/>
</kw>
<return>
<value>${res}</value>
<status status="PASS" start="2025-02-14T11:11:50.131505" elapsed="0.000000"/>
</return>
<msg time="2025-02-14T11:11:50.131505" level="INFO">${res} = True</msg>
<var>${res}</var>
<arg>xpath=//div[@class='w-100']/div[${counter}]</arg>
<status status="PASS" start="2025-02-14T11:11:50.098653" elapsed="0.033849"/>
</kw>
<if>
<branch type="IF" condition="${res}">
<kw name="Get Text" owner="SeleniumLibrary">
<msg time="2025-02-14T11:11:50.163556" level="INFO">${text} = Admin</msg>
<var>${text}</var>
<arg>xpath=//div[@class='w-100']/div[${counter}]/div[1]/span</arg>
<doc>Returns the text value of the element identified by ``locator``.</doc>
<status status="PASS" start="2025-02-14T11:11:50.132502" elapsed="0.031054"/>
</kw>
<kw name="Get Text" owner="SeleniumLibrary">
<msg time="2025-02-14T11:11:50.194470" level="INFO">${textName} = AssQull</msg>
<var>${textName}</var>
<arg>xpath=//div[@class='w-100']/div[${counter}]/div[2]/span[2]</arg>
<doc>Returns the text value of the element identified by ``locator``.</doc>
<status status="PASS" start="2025-02-14T11:11:50.163556" elapsed="0.030914"/>
</kw>
<kw name="Log To Console" owner="BuiltIn">
<arg>${text}: ${textName}</arg>
<doc>Logs the given message to the console.</doc>
<status status="PASS" start="2025-02-14T11:11:50.194470" elapsed="0.001296"/>
</kw>
<kw name="Get Text" owner="SeleniumLibrary">
<msg time="2025-02-14T11:11:50.226676" level="INFO">${textBorder} = Tanggal project</msg>
<var>${textBorder}</var>
<arg>xpath=//div[@class="w-100 borderRight "]/div[${counter}]/div[1]/span</arg>
<doc>Returns the text value of the element identified by ``locator``.</doc>
<status status="PASS" start="2025-02-14T11:11:50.195766" elapsed="0.030910"/>
</kw>
<kw name="Get Text" owner="SeleniumLibrary">
<msg time="2025-02-14T11:11:50.256555" level="INFO">${textBorderRight} = 04 Feb 2025 - 31 Dec 2028</msg>
<var>${textBorderRight}</var>
<arg>xpath=//div[@class="w-100 borderRight "]/div[${counter}]/div[2]/span[2]</arg>
<doc>Returns the text value of the element identified by ``locator``.</doc>
<status status="PASS" start="2025-02-14T11:11:50.226676" elapsed="0.029879"/>
</kw>
<kw name="Log To Console" owner="BuiltIn">
<arg>${textBorder}: ${textBorderRight}</arg>
<doc>Logs the given message to the console.</doc>
<status status="PASS" start="2025-02-14T11:11:50.256555" elapsed="0.001347"/>
</kw>
<status status="PASS" start="2025-02-14T11:11:50.132502" elapsed="0.125400"/>
</branch>
<branch type="ELSE">
<kw name="Exit For Loop" owner="BuiltIn">
<doc>Stops executing the enclosing FOR loop.</doc>
<status status="NOT RUN" start="2025-02-14T11:11:50.257902" elapsed="0.000000"/>
</kw>
<status status="NOT RUN" start="2025-02-14T11:11:50.257902" elapsed="0.000000"/>
</branch>
<status status="PASS" start="2025-02-14T11:11:50.132502" elapsed="0.125400"/>
</if>
<var name="${counter}">1</var>
<status status="PASS" start="2025-02-14T11:11:50.097655" elapsed="0.160247"/>
</iter>
<iter>
<kw name="general return status" owner="generalFunct">
<kw name="Run Keyword And Return Status" owner="BuiltIn">
<kw name="Wait Until Element Is Visible" owner="SeleniumLibrary">
<arg>${locator}</arg>
<arg>timeout=5s</arg>
<doc>Waits until the element ``locator`` is visible.</doc>
<status status="PASS" start="2025-02-14T11:11:50.259942" elapsed="0.032556"/>
</kw>
<msg time="2025-02-14T11:11:50.292498" level="INFO">${res} = True</msg>
<var>${res}</var>
<arg>Wait Until Element Is Visible</arg>
<arg>${locator}</arg>
<arg>timeout=5s</arg>
<doc>Runs the given keyword with given arguments and returns the status as a Boolean value.</doc>
<status status="PASS" start="2025-02-14T11:11:50.258945" elapsed="0.033553"/>
</kw>
<return>
<value>${res}</value>
<status status="PASS" start="2025-02-14T11:11:50.292498" elapsed="0.000000"/>
</return>
<msg time="2025-02-14T11:11:50.292498" level="INFO">${res} = True</msg>
<var>${res}</var>
<arg>xpath=//div[@class='w-100']/div[${counter}]</arg>
<status status="PASS" start="2025-02-14T11:11:50.258945" elapsed="0.033553"/>
</kw>
<if>
<branch type="IF" condition="${res}">
<kw name="Get Text" owner="SeleniumLibrary">
<msg time="2025-02-14T11:11:50.324263" level="INFO">${text} = Manager Project</msg>
<var>${text}</var>
<arg>xpath=//div[@class='w-100']/div[${counter}]/div[1]/span</arg>
<doc>Returns the text value of the element identified by ``locator``.</doc>
<status status="PASS" start="2025-02-14T11:11:50.293495" elapsed="0.030768"/>
</kw>
<kw name="Get Text" owner="SeleniumLibrary">
<msg time="2025-02-14T11:11:50.354071" level="INFO">${textName} = Portouy</msg>
<var>${textName}</var>
<arg>xpath=//div[@class='w-100']/div[${counter}]/div[2]/span[2]</arg>
<doc>Returns the text value of the element identified by ``locator``.</doc>
<status status="PASS" start="2025-02-14T11:11:50.324263" elapsed="0.029808"/>
</kw>
<kw name="Log To Console" owner="BuiltIn">
<arg>${text}: ${textName}</arg>
<doc>Logs the given message to the console.</doc>
<status status="PASS" start="2025-02-14T11:11:50.354071" elapsed="0.001336"/>
</kw>
<kw name="Get Text" owner="SeleniumLibrary">
<msg time="2025-02-14T11:11:50.388054" level="INFO">${textBorder} = Anggaran maksimal</msg>
<var>${textBorder}</var>
<arg>xpath=//div[@class="w-100 borderRight "]/div[${counter}]/div[1]/span</arg>
<doc>Returns the text value of the element identified by ``locator``.</doc>
<status status="PASS" start="2025-02-14T11:11:50.355407" elapsed="0.032647"/>
</kw>
<kw name="Get Text" owner="SeleniumLibrary">
<msg time="2025-02-14T11:11:50.419164" level="INFO">${textBorderRight} = Rp 46,044,965</msg>
<var>${textBorderRight}</var>
<arg>xpath=//div[@class="w-100 borderRight "]/div[${counter}]/div[2]/span[2]</arg>
<doc>Returns the text value of the element identified by ``locator``.</doc>
<status status="PASS" start="2025-02-14T11:11:50.388054" elapsed="0.031110"/>
</kw>
<kw name="Log To Console" owner="BuiltIn">
<arg>${textBorder}: ${textBorderRight}</arg>
<doc>Logs the given message to the console.</doc>
<status status="PASS" start="2025-02-14T11:11:50.419164" elapsed="0.000955"/>
</kw>
<status status="PASS" start="2025-02-14T11:11:50.293495" elapsed="0.126624"/>
</branch>
<branch type="ELSE">
<kw name="Exit For Loop" owner="BuiltIn">
<doc>Stops executing the enclosing FOR loop.</doc>
<status status="NOT RUN" start="2025-02-14T11:11:50.421130" elapsed="0.000000"/>
</kw>
<status status="NOT RUN" start="2025-02-14T11:11:50.420119" elapsed="0.001011"/>
</branch>
<status status="PASS" start="2025-02-14T11:11:50.293495" elapsed="0.127635"/>
</if>
<var name="${counter}">2</var>
<status status="PASS" start="2025-02-14T11:11:50.258945" elapsed="0.162185"/>
</iter>
<iter>
<kw name="general return status" owner="generalFunct">
<kw name="Run Keyword And Return Status" owner="BuiltIn">
<kw name="Wait Until Element Is Visible" owner="SeleniumLibrary">
<arg>${locator}</arg>
<arg>timeout=5s</arg>
<doc>Waits until the element ``locator`` is visible.</doc>
<status status="PASS" start="2025-02-14T11:11:50.422154" elapsed="0.032826"/>
</kw>
<msg time="2025-02-14T11:11:50.454980" level="INFO">${res} = True</msg>
<var>${res}</var>
<arg>Wait Until Element Is Visible</arg>
<arg>${locator}</arg>
<arg>timeout=5s</arg>
<doc>Runs the given keyword with given arguments and returns the status as a Boolean value.</doc>
<status status="PASS" start="2025-02-14T11:11:50.422154" elapsed="0.032826"/>
</kw>
<return>
<value>${res}</value>
<status status="PASS" start="2025-02-14T11:11:50.454980" elapsed="0.000000"/>
</return>
<msg time="2025-02-14T11:11:50.456017" level="INFO">${res} = True</msg>
<var>${res}</var>
<arg>xpath=//div[@class='w-100']/div[${counter}]</arg>
<status status="PASS" start="2025-02-14T11:11:50.421130" elapsed="0.034887"/>
</kw>
<if>
<branch type="IF" condition="${res}">
<kw name="Get Text" owner="SeleniumLibrary">
<msg time="2025-02-14T11:11:50.485120" level="INFO">${text} = Finance</msg>
<var>${text}</var>
<arg>xpath=//div[@class='w-100']/div[${counter}]/div[1]/span</arg>
<doc>Returns the text value of the element identified by ``locator``.</doc>
<status status="PASS" start="2025-02-14T11:11:50.456017" elapsed="0.029103"/>
</kw>
<kw name="Get Text" owner="SeleniumLibrary">
<msg time="2025-02-14T11:11:50.514184" level="INFO">${textName} = Fin Ma</msg>
<var>${textName}</var>
<arg>xpath=//div[@class='w-100']/div[${counter}]/div[2]/span[2]</arg>
<doc>Returns the text value of the element identified by ``locator``.</doc>
<status status="PASS" start="2025-02-14T11:11:50.486156" elapsed="0.028028"/>
</kw>
<kw name="Log To Console" owner="BuiltIn">
<arg>${text}: ${textName}</arg>
<doc>Logs the given message to the console.</doc>
<status status="PASS" start="2025-02-14T11:11:50.514184" elapsed="0.001002"/>
</kw>
<kw name="Get Text" owner="SeleniumLibrary">
<msg time="2025-02-14T11:11:50.546456" level="INFO">${textBorder} = Total pembelian</msg>
<var>${textBorder}</var>
<arg>xpath=//div[@class="w-100 borderRight "]/div[${counter}]/div[1]/span</arg>
<doc>Returns the text value of the element identified by ``locator``.</doc>
<status status="PASS" start="2025-02-14T11:11:50.515186" elapsed="0.031270"/>
</kw>
<kw name="Get Text" owner="SeleniumLibrary">
<msg time="2025-02-14T11:11:50.578671" level="INFO">${textBorderRight} = Rp 0</msg>
<var>${textBorderRight}</var>
<arg>xpath=//div[@class="w-100 borderRight "]/div[${counter}]/div[2]/span[2]</arg>
<doc>Returns the text value of the element identified by ``locator``.</doc>
<status status="PASS" start="2025-02-14T11:11:50.547454" elapsed="0.031217"/>
</kw>
<kw name="Log To Console" owner="BuiltIn">
<arg>${textBorder}: ${textBorderRight}</arg>
<doc>Logs the given message to the console.</doc>
<status status="PASS" start="2025-02-14T11:11:50.578671" elapsed="0.000994"/>
</kw>
<status status="PASS" start="2025-02-14T11:11:50.456017" elapsed="0.123648"/>
</branch>
<branch type="ELSE">
<kw name="Exit For Loop" owner="BuiltIn">
<doc>Stops executing the enclosing FOR loop.</doc>
<status status="NOT RUN" start="2025-02-14T11:11:50.580665" elapsed="0.000000"/>
</kw>
<status status="NOT RUN" start="2025-02-14T11:11:50.579665" elapsed="0.001000"/>
</branch>
<status status="PASS" start="2025-02-14T11:11:50.456017" elapsed="0.124648"/>
</if>
<var name="${counter}">3</var>
<status status="PASS" start="2025-02-14T11:11:50.421130" elapsed="0.159535"/>
</iter>
<iter>
<kw name="general return status" owner="generalFunct">
<kw name="Run Keyword And Return Status" owner="BuiltIn">
<kw name="Wait Until Element Is Visible" owner="SeleniumLibrary">
<msg time="2025-02-14T11:11:55.804968" level="INFO" html="true">&lt;/td&gt;&lt;/tr&gt;&lt;tr&gt;&lt;td colspan="3"&gt;&lt;a href="selenium-screenshot-593.png"&gt;&lt;img src="selenium-screenshot-593.png" width="800px"&gt;&lt;/a&gt;</msg>
<msg time="2025-02-14T11:11:55.804968" level="FAIL">Element 'xpath=//div[@class='w-100']/div[4]' not visible after 5 seconds.</msg>
<arg>${locator}</arg>
<arg>timeout=5s</arg>
<doc>Waits until the element ``locator`` is visible.</doc>
<status status="FAIL" start="2025-02-14T11:11:50.582658" elapsed="5.224302">Element 'xpath=//div[@class='w-100']/div[4]' not visible after 5 seconds.</status>
</kw>
<msg time="2025-02-14T11:11:55.806960" level="INFO">${res} = False</msg>
<var>${res}</var>
<arg>Wait Until Element Is Visible</arg>
<arg>${locator}</arg>
<arg>timeout=5s</arg>
<doc>Runs the given keyword with given arguments and returns the status as a Boolean value.</doc>
<status status="PASS" start="2025-02-14T11:11:50.581701" elapsed="5.225259"/>
</kw>
<return>
<value>${res}</value>
<status status="PASS" start="2025-02-14T11:11:55.806960" elapsed="0.000000"/>
</return>
<msg time="2025-02-14T11:11:55.806960" level="INFO">${res} = False</msg>
<var>${res}</var>
<arg>xpath=//div[@class='w-100']/div[${counter}]</arg>
<status status="PASS" start="2025-02-14T11:11:50.580665" elapsed="5.226295"/>
</kw>
<if>
<branch type="IF" condition="${res}">
<kw name="Get Text" owner="SeleniumLibrary">
<var>${text}</var>
<arg>xpath=//div[@class='w-100']/div[${counter}]/div[1]/span</arg>
<doc>Returns the text value of the element identified by ``locator``.</doc>
<status status="NOT RUN" start="2025-02-14T11:11:55.807958" elapsed="0.000000"/>
</kw>
<kw name="Get Text" owner="SeleniumLibrary">
<var>${textName}</var>
<arg>xpath=//div[@class='w-100']/div[${counter}]/div[2]/span[2]</arg>
<doc>Returns the text value of the element identified by ``locator``.</doc>
<status status="NOT RUN" start="2025-02-14T11:11:55.807958" elapsed="0.000000"/>
</kw>
<kw name="Log To Console" owner="BuiltIn">
<arg>${text}: ${textName}</arg>
<doc>Logs the given message to the console.</doc>
<status status="NOT RUN" start="2025-02-14T11:11:55.807958" elapsed="0.000000"/>
</kw>
<kw name="Get Text" owner="SeleniumLibrary">
<var>${textBorder}</var>
<arg>xpath=//div[@class="w-100 borderRight "]/div[${counter}]/div[1]/span</arg>
<doc>Returns the text value of the element identified by ``locator``.</doc>
<status status="NOT RUN" start="2025-02-14T11:11:55.808954" elapsed="0.000000"/>
</kw>
<kw name="Get Text" owner="SeleniumLibrary">
<var>${textBorderRight}</var>
<arg>xpath=//div[@class="w-100 borderRight "]/div[${counter}]/div[2]/span[2]</arg>
<doc>Returns the text value of the element identified by ``locator``.</doc>
<status status="NOT RUN" start="2025-02-14T11:11:55.808954" elapsed="0.000000"/>
</kw>
<kw name="Log To Console" owner="BuiltIn">
<arg>${textBorder}: ${textBorderRight}</arg>
<doc>Logs the given message to the console.</doc>
<status status="NOT RUN" start="2025-02-14T11:11:55.808954" elapsed="0.000000"/>
</kw>
<status status="NOT RUN" start="2025-02-14T11:11:55.806960" elapsed="0.001994"/>
</branch>
<branch type="ELSE">
<kw name="Exit For Loop" owner="BuiltIn">
<msg time="2025-02-14T11:11:55.808954" level="INFO">Exiting for loop altogether.</msg>
<doc>Stops executing the enclosing FOR loop.</doc>
<status status="PASS" start="2025-02-14T11:11:55.808954" elapsed="0.000997"/>
</kw>
<status status="PASS" start="2025-02-14T11:11:55.808954" elapsed="0.000997"/>
</branch>
<status status="PASS" start="2025-02-14T11:11:55.806960" elapsed="0.002991"/>
</if>
<var name="${counter}">4</var>
<status status="PASS" start="2025-02-14T11:11:50.580665" elapsed="5.229286"/>
</iter>
<var>${counter}</var>
<value>1</value>
<value>${len}</value>
<status status="PASS" start="2025-02-14T11:11:50.097655" elapsed="5.712296"/>
</for>
<status status="PASS" start="2025-02-14T11:11:50.096655" elapsed="5.713296"/>
</kw>
<status status="PASS" start="2025-02-14T11:10:51.973341" elapsed="63.836610"/>
</kw>
<kw name="End Web Test" owner="web_eProc" type="TEARDOWN">
<kw name="Log" owner="BuiltIn">
<msg time="2025-02-14T11:11:55.811948" level="INFO">Suite teardown initiated</msg>
<arg>Suite teardown initiated</arg>
<doc>Logs the given message with the given level.</doc>
<status status="PASS" start="2025-02-14T11:11:55.810950" elapsed="0.000998"/>
</kw>
<kw name="Close Browser" owner="SeleniumLibrary">
<doc>Closes the current browser.</doc>
<status status="PASS" start="2025-02-14T11:11:55.811948" elapsed="3.194305"/>
</kw>
<doc>Closes the browser after all tests in the suite have run</doc>
<status status="PASS" start="2025-02-14T11:11:55.810950" elapsed="3.195303"/>
</kw>
<doc>This scenario test User can access detail project page</doc>
<tag>1000s</tag>
<tag>detail_project</tag>
<tag>test</tag>
<status status="PASS" start="2025-02-14T11:10:42.281773" elapsed="76.725218"/>
</test>
<test id="s1-t2" name="Tim OP can Changes Data Alamat Project" line="15">
<kw name="Begin Web Test" owner="web_eProc" type="SETUP">
<kw name="Open Browser" owner="SeleniumLibrary">
<msg time="2025-02-14T11:11:59.010360" level="INFO">Opening browser 'chrome' to base url 'about:blank'.</msg>
<arg>about:blank</arg>
<arg>${BROWSER}</arg>
<doc>Opens a new browser instance to the optional ``url``.</doc>
<status status="PASS" start="2025-02-14T11:11:59.009358" elapsed="4.929891"/>
</kw>
<kw name="Maximize Browser Window" owner="SeleniumLibrary">
<doc>Maximizes current browser window.</doc>
<status status="PASS" start="2025-02-14T11:12:03.940246" elapsed="0.040328"/>
</kw>
<kw name="Go To" owner="SeleniumLibrary">
<msg time="2025-02-14T11:12:03.985565" level="INFO">Opening url 'https://dev-proyek.1000saudara.com/Login'</msg>
<arg>${URL}</arg>
<doc>Navigates the current browser window to the provided ``url``.</doc>
<status status="PASS" start="2025-02-14T11:12:03.980574" elapsed="5.441236"/>
</kw>
<status status="PASS" start="2025-02-14T11:11:59.009358" elapsed="10.413452"/>
</kw>
<kw name="User change data alamat project" owner="detailProject_MenungguPersetujuan">
<kw name="Given User go to detail Project Page" owner="detailProject_MenungguPersetujuan">
<kw name="Given User can access Home Login 1000s" owner="login">
<kw name="Then user go to home page E-Proc1000s" owner="pom_login_eProc">
<kw name="user visit E-Proc1000s Login Page" owner="pom_login_eProc">
<kw name="Get Location" owner="SeleniumLibrary">
<msg time="2025-02-14T11:12:09.438946" level="INFO">${current_url} = https://dev-proyek.1000saudara.com/Login</msg>
<var>${current_url}</var>
<doc>Returns the current browser window URL.</doc>
<status status="PASS" start="2025-02-14T11:12:09.426976" elapsed="0.011970"/>
</kw>
<kw name="Log" owner="BuiltIn">
<msg time="2025-02-14T11:12:09.439966" level="INFO">Current Path: https://dev-proyek.1000saudara.com/Login</msg>
<arg>Current Path: ${current_url}</arg>
<doc>Logs the given message with the given level.</doc>
<status status="PASS" start="2025-02-14T11:12:09.438946" elapsed="0.001020"/>
</kw>
<kw name="general return status" owner="generalFunct">
<kw name="Run Keyword And Return Status" owner="BuiltIn">
<kw name="Wait Until Element Is Visible" owner="SeleniumLibrary">
<msg time="2025-02-14T11:12:14.606042" level="INFO" html="true">&lt;/td&gt;&lt;/tr&gt;&lt;tr&gt;&lt;td colspan="3"&gt;&lt;a href="selenium-screenshot-594.png"&gt;&lt;img src="selenium-screenshot-594.png" width="800px"&gt;&lt;/a&gt;</msg>
<msg time="2025-02-14T11:12:14.607039" level="FAIL">Element 'xpath=//p[contains(text(), 'Log')]' not visible after 5 seconds.</msg>
<arg>${locator}</arg>
<arg>timeout=5s</arg>
<doc>Waits until the element ``locator`` is visible.</doc>
<status status="FAIL" start="2025-02-14T11:12:09.442936" elapsed="5.165099">Element 'xpath=//p[contains(text(), 'Log')]' not visible after 5 seconds.</status>
</kw>
<msg time="2025-02-14T11:12:14.608035" level="INFO">${res} = False</msg>
<var>${res}</var>
<arg>Wait Until Element Is Visible</arg>
<arg>${locator}</arg>
<arg>timeout=5s</arg>
<doc>Runs the given keyword with given arguments and returns the status as a Boolean value.</doc>
<status status="PASS" start="2025-02-14T11:12:09.441937" elapsed="5.166098"/>
</kw>
<return>
<value>${res}</value>
<status status="PASS" start="2025-02-14T11:12:14.608035" elapsed="0.000000"/>
</return>
<msg time="2025-02-14T11:12:14.608035" level="INFO">${res} = False</msg>
<var>${res}</var>
<arg>${headerLogin}</arg>
<status status="PASS" start="2025-02-14T11:12:09.440941" elapsed="5.167094"/>
</kw>
<while condition="${res} == $False">
<iter>
<kw name="Reload Page" owner="SeleniumLibrary">
<doc>Simulates user reloading page.</doc>
<status status="PASS" start="2025-02-14T11:12:14.609068" elapsed="7.351152"/>
</kw>
<kw name="Sleep" owner="BuiltIn">
<msg time="2025-02-14T11:12:23.461795" level="INFO">Slept 1 second 500 milliseconds.</msg>
<arg>1.5s</arg>
<doc>Pauses the test executed for the given time.</doc>
<status status="PASS" start="2025-02-14T11:12:21.961223" elapsed="1.500572"/>
</kw>
<kw name="general return status" owner="generalFunct">
<kw name="Run Keyword And Return Status" owner="BuiltIn">
<kw name="Wait Until Element Is Visible" owner="SeleniumLibrary">
<msg time="2025-02-14T11:12:29.400226" level="INFO" html="true">&lt;/td&gt;&lt;/tr&gt;&lt;tr&gt;&lt;td colspan="3"&gt;&lt;a href="selenium-screenshot-595.png"&gt;&lt;img src="selenium-screenshot-595.png" width="800px"&gt;&lt;/a&gt;</msg>
<msg time="2025-02-14T11:12:29.401223" level="FAIL">Element 'xpath=//p[contains(text(), 'Log')]' not visible after 5 seconds.</msg>
<arg>${locator}</arg>
<arg>timeout=5s</arg>
<doc>Waits until the element ``locator`` is visible.</doc>
<status status="FAIL" start="2025-02-14T11:12:23.463796" elapsed="5.938424">Element 'xpath=//p[contains(text(), 'Log')]' not visible after 5 seconds.</status>
</kw>
<msg time="2025-02-14T11:12:29.402220" level="INFO">${res} = False</msg>
<var>${res}</var>
<arg>Wait Until Element Is Visible</arg>
<arg>${locator}</arg>
<arg>timeout=5s</arg>
<doc>Runs the given keyword with given arguments and returns the status as a Boolean value.</doc>
<status status="PASS" start="2025-02-14T11:12:23.463796" elapsed="5.938424"/>
</kw>
<return>
<value>${res}</value>
<status status="PASS" start="2025-02-14T11:12:29.403217" elapsed="0.000000"/>
</return>
<msg time="2025-02-14T11:12:29.403217" level="INFO">${res} = False</msg>
<var>${res}</var>
<arg>${headerLogin}</arg>
<status status="PASS" start="2025-02-14T11:12:23.462801" elapsed="5.940416"/>
</kw>
<status status="PASS" start="2025-02-14T11:12:14.609068" elapsed="14.794149"/>
</iter>
<iter>
<kw name="Reload Page" owner="SeleniumLibrary">
<doc>Simulates user reloading page.</doc>
<status status="PASS" start="2025-02-14T11:12:29.404214" elapsed="4.524295"/>
</kw>
<kw name="Sleep" owner="BuiltIn">
<msg time="2025-02-14T11:12:35.429853" level="INFO">Slept 1 second 500 milliseconds.</msg>
<arg>1.5s</arg>
<doc>Pauses the test executed for the given time.</doc>
<status status="PASS" start="2025-02-14T11:12:33.928509" elapsed="1.501344"/>
</kw>
<kw name="general return status" owner="generalFunct">
<kw name="Run Keyword And Return Status" owner="BuiltIn">
<kw name="Wait Until Element Is Visible" owner="SeleniumLibrary">
<arg>${locator}</arg>
<arg>timeout=5s</arg>
<doc>Waits until the element ``locator`` is visible.</doc>
<status status="PASS" start="2025-02-14T11:12:35.430808" elapsed="1.752786"/>
</kw>
<msg time="2025-02-14T11:12:37.183594" level="INFO">${res} = True</msg>
<var>${res}</var>
<arg>Wait Until Element Is Visible</arg>
<arg>${locator}</arg>
<arg>timeout=5s</arg>
<doc>Runs the given keyword with given arguments and returns the status as a Boolean value.</doc>
<status status="PASS" start="2025-02-14T11:12:35.430808" elapsed="1.753783"/>
</kw>
<return>
<value>${res}</value>
<status status="PASS" start="2025-02-14T11:12:37.184591" elapsed="0.000000"/>
</return>
<msg time="2025-02-14T11:12:37.185592" level="INFO">${res} = True</msg>
<var>${res}</var>
<arg>${headerLogin}</arg>
<status status="PASS" start="2025-02-14T11:12:35.429853" elapsed="1.755739"/>
</kw>
<status status="PASS" start="2025-02-14T11:12:29.403217" elapsed="7.782375"/>
</iter>
<status status="PASS" start="2025-02-14T11:12:14.609068" elapsed="22.577519"/>
</while>
<status status="PASS" start="2025-02-14T11:12:09.426976" elapsed="27.759611"/>
</kw>
<kw name="user login E-Proc1000s Page" owner="pom_login_eProc">
<kw name="Wait Until Element Is Visible" owner="SeleniumLibrary">
<arg>${inputPassword}</arg>
<doc>Waits until the element ``locator`` is visible.</doc>
<status status="PASS" start="2025-02-14T11:12:37.186587" elapsed="0.041166"/>
</kw>
<kw name="Input Text" owner="SeleniumLibrary">
<msg time="2025-02-14T11:12:37.228750" level="INFO">Typing text '085210758864' into text field 'xpath=//input[@id='TxtPhone']'.</msg>
<arg>${inputUsername}</arg>
<arg>${ROLE_ADMIN}</arg>
<doc>Types the given ``text`` into the text field identified by ``locator``.</doc>
<status status="PASS" start="2025-02-14T11:12:37.228750" elapsed="0.605255"/>
</kw>
<kw name="Input Password" owner="SeleniumLibrary">
<msg time="2025-02-14T11:12:37.835004" level="INFO">Typing password into text field 'xpath=//input[@id='pwd']'.</msg>
<msg time="2025-02-14T11:12:37.898113" level="INFO">Temporally setting log level to: NONE</msg>
<arg>${inputPassword}</arg>
<arg>${PASSWORD}</arg>
<doc>Types the given password into the text field identified by ``locator``.</doc>
<status status="PASS" start="2025-02-14T11:12:37.835004" elapsed="0.333384"/>
</kw>
<kw name="Press Key" owner="SeleniumLibrary">
<arg>${inputPassword}</arg>
<arg>\\13</arg>
<doc>Simulates user pressing key on element identified by ``locator``.</doc>
<status status="PASS" start="2025-02-14T11:12:38.169389" elapsed="0.224224"/>
</kw>
<kw name="Wait Until Element Is Visible" owner="SeleniumLibrary">
<arg>${listFilter}</arg>
<doc>Waits until the element ``locator`` is visible.</doc>
<status status="PASS" start="2025-02-14T11:12:38.394627" elapsed="10.987095"/>
</kw>
<kw name="Sleep" owner="BuiltIn">
<msg time="2025-02-14T11:12:52.383240" level="INFO">Slept 3 seconds.</msg>
<arg>3</arg>
<doc>Pauses the test executed for the given time.</doc>
<status status="PASS" start="2025-02-14T11:12:49.382719" elapsed="3.000521"/>
</kw>
<status status="PASS" start="2025-02-14T11:12:37.186587" elapsed="15.196653"/>
</kw>
<kw name="Wait Until Element Is Visible" owner="SeleniumLibrary">
<arg>${listFilter}</arg>
<doc>Waits until the element ``locator`` is visible.</doc>
<status status="PASS" start="2025-02-14T11:12:52.383240" elapsed="0.026892"/>
</kw>
<kw name="Wait Until Element Is Visible" owner="SeleniumLibrary">
<arg>${titleProject}</arg>
<doc>Waits until the element ``locator`` is visible.</doc>
<status status="PASS" start="2025-02-14T11:12:52.410132" elapsed="0.032890"/>
</kw>
<kw name="Get Text" owner="SeleniumLibrary">
<msg time="2025-02-14T11:12:52.475348" level="INFO">${title} = Manajemen Project</msg>
<var>${title}</var>
<arg>${titleProject}</arg>
<doc>Returns the text value of the element identified by ``locator``.</doc>
<status status="PASS" start="2025-02-14T11:12:52.443022" elapsed="0.032326"/>
</kw>
<kw name="Log To Console" owner="BuiltIn">
<arg>${\n}${title}</arg>
<doc>Logs the given message to the console.</doc>
<status status="PASS" start="2025-02-14T11:12:52.475348" elapsed="0.000998"/>
</kw>
<status status="PASS" start="2025-02-14T11:12:09.425894" elapsed="43.051448"/>
</kw>
<status status="PASS" start="2025-02-14T11:12:09.425028" elapsed="43.052314"/>
</kw>
<kw name="When user click Detail on Project" owner="pom_detailProject_MenungguPersetujuan">
<kw name="Get Length" owner="BuiltIn">
<msg time="2025-02-14T11:12:52.478343" level="INFO">Length is 22.</msg>
<msg time="2025-02-14T11:12:52.478343" level="INFO">${len} = 22</msg>
<var>${len}</var>
<arg>xpath=//tbody/tr/td[5]</arg>
<doc>Returns and logs the length of the given item as an integer.</doc>
<status status="PASS" start="2025-02-14T11:12:52.478343" elapsed="0.000000"/>
</kw>
<kw name="Sleep" owner="BuiltIn">
<msg time="2025-02-14T11:12:55.478507" level="INFO">Slept 3 seconds.</msg>
<arg>3</arg>
<doc>Pauses the test executed for the given time.</doc>
<status status="PASS" start="2025-02-14T11:12:52.478343" elapsed="3.000164"/>
</kw>
<for flavor="IN RANGE">
<iter>
<kw name="general return status" owner="generalFunct">
<kw name="Run Keyword And Return Status" owner="BuiltIn">
<kw name="Wait Until Element Is Visible" owner="SeleniumLibrary">
<arg>${locator}</arg>
<arg>timeout=5s</arg>
<doc>Waits until the element ``locator`` is visible.</doc>
<status status="PASS" start="2025-02-14T11:12:55.480503" elapsed="0.032798"/>
</kw>
<msg time="2025-02-14T11:12:55.513301" level="INFO">${res} = True</msg>
<var>${res}</var>
<arg>Wait Until Element Is Visible</arg>
<arg>${locator}</arg>
<arg>timeout=5s</arg>
<doc>Runs the given keyword with given arguments and returns the status as a Boolean value.</doc>
<status status="PASS" start="2025-02-14T11:12:55.480503" elapsed="0.032798"/>
</kw>
<return>
<value>${res}</value>
<status status="PASS" start="2025-02-14T11:12:55.513301" elapsed="0.000000"/>
</return>
<msg time="2025-02-14T11:12:55.514303" level="INFO">${res} = True</msg>
<var>${res}</var>
<arg>xpath=//tbody/tr/td[5]//div[contains(.,'${textStatus}')]</arg>
<status status="PASS" start="2025-02-14T11:12:55.479507" elapsed="0.034796"/>
</kw>
<if>
<branch type="IF" condition="${res}">
<kw name="check in project list" owner="pom_detailProject_MenungguPersetujuan">
<for flavor="IN RANGE">
<iter>
<kw name="general return status" owner="generalFunct">
<kw name="Run Keyword And Return Status" owner="BuiltIn">
<kw name="Wait Until Element Is Visible" owner="SeleniumLibrary">
<msg time="2025-02-14T11:13:00.756983" level="INFO" html="true">&lt;/td&gt;&lt;/tr&gt;&lt;tr&gt;&lt;td colspan="3"&gt;&lt;a href="selenium-screenshot-596.png"&gt;&lt;img src="selenium-screenshot-596.png" width="800px"&gt;&lt;/a&gt;</msg>
<msg time="2025-02-14T11:13:00.757981" level="FAIL">Element 'xpath=//tbody/tr[1]/td[5]//div[contains(.,'Menunggu persetujuan')]' not visible after 5 seconds.</msg>
<arg>${locator}</arg>
<arg>timeout=5s</arg>
<doc>Waits until the element ``locator`` is visible.</doc>
<status status="FAIL" start="2025-02-14T11:12:55.516297" elapsed="5.241684">Element 'xpath=//tbody/tr[1]/td[5]//div[contains(.,'Menunggu persetujuan')]' not visible after 5 seconds.</status>
</kw>
<msg time="2025-02-14T11:13:00.759016" level="INFO">${res} = False</msg>
<var>${res}</var>
<arg>Wait Until Element Is Visible</arg>
<arg>${locator}</arg>
<arg>timeout=5s</arg>
<doc>Runs the given keyword with given arguments and returns the status as a Boolean value.</doc>
<status status="PASS" start="2025-02-14T11:12:55.515299" elapsed="5.243717"/>
</kw>
<return>
<value>${res}</value>
<status status="PASS" start="2025-02-14T11:13:00.759016" elapsed="0.000000"/>
</return>
<msg time="2025-02-14T11:13:00.759016" level="INFO">${res} = False</msg>
<var>${res}</var>
<arg>xpath=//tbody/tr[${counter}]/td[5]//div[contains(.,'${textStatusProject}')]</arg>
<status status="PASS" start="2025-02-14T11:12:55.515299" elapsed="5.243717"/>
</kw>
<if>
<branch type="IF" condition="${res}">
<kw name="Get Text" owner="SeleniumLibrary">
<var>${text}</var>
<arg>xpath=//tbody/tr[${counter}]/td[1]</arg>
<doc>Returns the text value of the element identified by ``locator``.</doc>
<status status="NOT RUN" start="2025-02-14T11:13:00.760011" elapsed="0.000000"/>
</kw>
<kw name="Get Text" owner="SeleniumLibrary">
<var>${status}</var>
<arg>xpath=//tbody/tr[${counter}]/td[5]</arg>
<doc>Returns the text value of the element identified by ``locator``.</doc>
<status status="NOT RUN" start="2025-02-14T11:13:00.760011" elapsed="0.000000"/>
</kw>
<kw name="user click element" owner="generalFunct">
<arg>xpath=//tbody/tr[${counter}]/td[6]/span</arg>
<status status="NOT RUN" start="2025-02-14T11:13:00.760011" elapsed="0.000000"/>
</kw>
<kw name="general Wait Until" owner="generalFunct">
<arg>xpath=//span[normalize-space()='Detail Project']</arg>
<status status="NOT RUN" start="2025-02-14T11:13:00.760011" elapsed="0.000000"/>
</kw>
<kw name="general Wait Until" owner="generalFunct">
<arg>${namaProject_onDetailPage}</arg>
<status status="NOT RUN" start="2025-02-14T11:13:00.760011" elapsed="0.000000"/>
</kw>
<kw name="Get Text" owner="SeleniumLibrary">
<var>${nameProject}</var>
<arg>${namaProject_onDetailPage}</arg>
<doc>Returns the text value of the element identified by ``locator``.</doc>
<status status="NOT RUN" start="2025-02-14T11:13:00.761008" elapsed="0.000000"/>
</kw>
<kw name="Get Text" owner="SeleniumLibrary">
<var>${status_onDetailPage}</var>
<arg>${statusProject}</arg>
<doc>Returns the text value of the element identified by ``locator``.</doc>
<status status="NOT RUN" start="2025-02-14T11:13:00.761008" elapsed="0.000000"/>
</kw>
<kw name="Log To Console" owner="BuiltIn">
<arg>Nama Project: ${nameProject}</arg>
<doc>Logs the given message to the console.</doc>
<status status="NOT RUN" start="2025-02-14T11:13:00.761008" elapsed="0.000000"/>
</kw>
<kw name="Log To Console" owner="BuiltIn">
<arg>Status Project: ${status_onDetailPage}</arg>
<doc>Logs the given message to the console.</doc>
<status status="NOT RUN" start="2025-02-14T11:13:00.761008" elapsed="0.000000"/>
</kw>
<kw name="Set Global Variable" owner="BuiltIn">
<arg>${nameProject_MenungguPersetujuan}</arg>
<arg>${nameProject}</arg>
<doc>Makes a variable available globally in all tests and suites.</doc>
<status status="NOT RUN" start="2025-02-14T11:13:00.761008" elapsed="0.001001"/>
</kw>
<kw name="Should Be Equal" owner="BuiltIn">
<arg>${nameProject}</arg>
<arg>${text}</arg>
<doc>Fails if the given objects are unequal.</doc>
<status status="NOT RUN" start="2025-02-14T11:13:00.762009" elapsed="0.000000"/>
</kw>
<kw name="Should Be Equal" owner="BuiltIn">
<arg>${status_onDetailPage}</arg>
<arg>${status}</arg>
<doc>Fails if the given objects are unequal.</doc>
<status status="NOT RUN" start="2025-02-14T11:13:00.762009" elapsed="0.000000"/>
</kw>
<kw name="Exit For Loop" owner="BuiltIn">
<doc>Stops executing the enclosing FOR loop.</doc>
<status status="NOT RUN" start="2025-02-14T11:13:00.762009" elapsed="0.000000"/>
</kw>
<status status="NOT RUN" start="2025-02-14T11:13:00.759016" elapsed="0.002993"/>
</branch>
<status status="PASS" start="2025-02-14T11:13:00.759016" elapsed="0.002993"/>
</if>
<var name="${counter}">1</var>
<status status="PASS" start="2025-02-14T11:12:55.515299" elapsed="5.246710"/>
</iter>
<iter>
<kw name="general return status" owner="generalFunct">
<kw name="Run Keyword And Return Status" owner="BuiltIn">
<kw name="Wait Until Element Is Visible" owner="SeleniumLibrary">
<msg time="2025-02-14T11:13:06.005870" level="INFO" html="true">&lt;/td&gt;&lt;/tr&gt;&lt;tr&gt;&lt;td colspan="3"&gt;&lt;a href="selenium-screenshot-597.png"&gt;&lt;img src="selenium-screenshot-597.png" width="800px"&gt;&lt;/a&gt;</msg>
<msg time="2025-02-14T11:13:06.006867" level="FAIL">Element 'xpath=//tbody/tr[2]/td[5]//div[contains(.,'Menunggu persetujuan')]' not visible after 5 seconds.</msg>
<arg>${locator}</arg>
<arg>timeout=5s</arg>
<doc>Waits until the element ``locator`` is visible.</doc>
<status status="FAIL" start="2025-02-14T11:13:00.764003" elapsed="5.243859">Element 'xpath=//tbody/tr[2]/td[5]//div[contains(.,'Menunggu persetujuan')]' not visible after 5 seconds.</status>
</kw>
<msg time="2025-02-14T11:13:06.007862" level="INFO">${res} = False</msg>
<var>${res}</var>
<arg>Wait Until Element Is Visible</arg>
<arg>${locator}</arg>
<arg>timeout=5s</arg>
<doc>Runs the given keyword with given arguments and returns the status as a Boolean value.</doc>
<status status="PASS" start="2025-02-14T11:13:00.764003" elapsed="5.243859"/>
</kw>
<return>
<value>${res}</value>
<status status="PASS" start="2025-02-14T11:13:06.007862" elapsed="0.000000"/>
</return>
<msg time="2025-02-14T11:13:06.008860" level="INFO">${res} = False</msg>
<var>${res}</var>
<arg>xpath=//tbody/tr[${counter}]/td[5]//div[contains(.,'${textStatusProject}')]</arg>
<status status="PASS" start="2025-02-14T11:13:00.763004" elapsed="5.245856"/>
</kw>
<if>
<branch type="IF" condition="${res}">
<kw name="Get Text" owner="SeleniumLibrary">
<var>${text}</var>
<arg>xpath=//tbody/tr[${counter}]/td[1]</arg>
<doc>Returns the text value of the element identified by ``locator``.</doc>
<status status="NOT RUN" start="2025-02-14T11:13:06.008860" elapsed="0.000000"/>
</kw>
<kw name="Get Text" owner="SeleniumLibrary">
<var>${status}</var>
<arg>xpath=//tbody/tr[${counter}]/td[5]</arg>
<doc>Returns the text value of the element identified by ``locator``.</doc>
<status status="NOT RUN" start="2025-02-14T11:13:06.008860" elapsed="0.000000"/>
</kw>
<kw name="user click element" owner="generalFunct">
<arg>xpath=//tbody/tr[${counter}]/td[6]/span</arg>
<status status="NOT RUN" start="2025-02-14T11:13:06.008860" elapsed="0.000997"/>
</kw>
<kw name="general Wait Until" owner="generalFunct">
<arg>xpath=//span[normalize-space()='Detail Project']</arg>
<status status="NOT RUN" start="2025-02-14T11:13:06.009857" elapsed="0.000000"/>
</kw>
<kw name="general Wait Until" owner="generalFunct">
<arg>${namaProject_onDetailPage}</arg>
<status status="NOT RUN" start="2025-02-14T11:13:06.009857" elapsed="0.000000"/>
</kw>
<kw name="Get Text" owner="SeleniumLibrary">
<var>${nameProject}</var>
<arg>${namaProject_onDetailPage}</arg>
<doc>Returns the text value of the element identified by ``locator``.</doc>
<status status="NOT RUN" start="2025-02-14T11:13:06.009857" elapsed="0.000000"/>
</kw>
<kw name="Get Text" owner="SeleniumLibrary">
<var>${status_onDetailPage}</var>
<arg>${statusProject}</arg>
<doc>Returns the text value of the element identified by ``locator``.</doc>
<status status="NOT RUN" start="2025-02-14T11:13:06.009857" elapsed="0.000000"/>
</kw>
<kw name="Log To Console" owner="BuiltIn">
<arg>Nama Project: ${nameProject}</arg>
<doc>Logs the given message to the console.</doc>
<status status="NOT RUN" start="2025-02-14T11:13:06.010854" elapsed="0.000000"/>
</kw>
<kw name="Log To Console" owner="BuiltIn">
<arg>Status Project: ${status_onDetailPage}</arg>
<doc>Logs the given message to the console.</doc>
<status status="NOT RUN" start="2025-02-14T11:13:06.010854" elapsed="0.000000"/>
</kw>
<kw name="Set Global Variable" owner="BuiltIn">
<arg>${nameProject_MenungguPersetujuan}</arg>
<arg>${nameProject}</arg>
<doc>Makes a variable available globally in all tests and suites.</doc>
<status status="NOT RUN" start="2025-02-14T11:13:06.010854" elapsed="0.000000"/>
</kw>
<kw name="Should Be Equal" owner="BuiltIn">
<arg>${nameProject}</arg>
<arg>${text}</arg>
<doc>Fails if the given objects are unequal.</doc>
<status status="NOT RUN" start="2025-02-14T11:13:06.010854" elapsed="0.000000"/>
</kw>
<kw name="Should Be Equal" owner="BuiltIn">
<arg>${status_onDetailPage}</arg>
<arg>${status}</arg>
<doc>Fails if the given objects are unequal.</doc>
<status status="NOT RUN" start="2025-02-14T11:13:06.010854" elapsed="0.000000"/>
</kw>
<kw name="Exit For Loop" owner="BuiltIn">
<doc>Stops executing the enclosing FOR loop.</doc>
<status status="NOT RUN" start="2025-02-14T11:13:06.011851" elapsed="0.000000"/>
</kw>
<status status="NOT RUN" start="2025-02-14T11:13:06.008860" elapsed="0.002991"/>
</branch>
<status status="PASS" start="2025-02-14T11:13:06.008860" elapsed="0.002991"/>
</if>
<var name="${counter}">2</var>
<status status="PASS" start="2025-02-14T11:13:00.763004" elapsed="5.248847"/>
</iter>
<iter>
<kw name="general return status" owner="generalFunct">
<kw name="Run Keyword And Return Status" owner="BuiltIn">
<kw name="Wait Until Element Is Visible" owner="SeleniumLibrary">
<msg time="2025-02-14T11:13:11.276170" level="INFO" html="true">&lt;/td&gt;&lt;/tr&gt;&lt;tr&gt;&lt;td colspan="3"&gt;&lt;a href="selenium-screenshot-598.png"&gt;&lt;img src="selenium-screenshot-598.png" width="800px"&gt;&lt;/a&gt;</msg>
<msg time="2025-02-14T11:13:11.276170" level="FAIL">Element 'xpath=//tbody/tr[3]/td[5]//div[contains(.,'Menunggu persetujuan')]' not visible after 5 seconds.</msg>
<arg>${locator}</arg>
<arg>timeout=5s</arg>
<doc>Waits until the element ``locator`` is visible.</doc>
<status status="FAIL" start="2025-02-14T11:13:06.012849" elapsed="5.264314">Element 'xpath=//tbody/tr[3]/td[5]//div[contains(.,'Menunggu persetujuan')]' not visible after 5 seconds.</status>
</kw>
<msg time="2025-02-14T11:13:11.277163" level="INFO">${res} = False</msg>
<var>${res}</var>
<arg>Wait Until Element Is Visible</arg>
<arg>${locator}</arg>
<arg>timeout=5s</arg>
<doc>Runs the given keyword with given arguments and returns the status as a Boolean value.</doc>
<status status="PASS" start="2025-02-14T11:13:06.012849" elapsed="5.264314"/>
</kw>
<return>
<value>${res}</value>
<status status="PASS" start="2025-02-14T11:13:11.277163" elapsed="0.000000"/>
</return>
<msg time="2025-02-14T11:13:11.278206" level="INFO">${res} = False</msg>
<var>${res}</var>
<arg>xpath=//tbody/tr[${counter}]/td[5]//div[contains(.,'${textStatusProject}')]</arg>
<status status="PASS" start="2025-02-14T11:13:06.011851" elapsed="5.266355"/>
</kw>
<if>
<branch type="IF" condition="${res}">
<kw name="Get Text" owner="SeleniumLibrary">
<var>${text}</var>
<arg>xpath=//tbody/tr[${counter}]/td[1]</arg>
[...]
</kw>
<kw name="Log To Console" owner="BuiltIn">
<arg>${text}: ${textName}</arg>
<doc>Logs the given message to the console.</doc>
<status status="PASS" start="2025-02-14T11:21:07.779322" elapsed="0.000997"/>
</kw>
<kw name="Get Text" owner="SeleniumLibrary">
<msg time="2025-02-14T11:21:07.806599" level="INFO">${textBorder} = Anggaran maksimal</msg>
<var>${textBorder}</var>
<arg>xpath=//div[@class="w-100 borderRight "]/div[${counter}]/div[1]/span</arg>
<doc>Returns the text value of the element identified by ``locator``.</doc>
<status status="PASS" start="2025-02-14T11:21:07.780319" elapsed="0.026280"/>
</kw>
<kw name="Get Text" owner="SeleniumLibrary">
<msg time="2025-02-14T11:21:07.833528" level="INFO">${textBorderRight} = Rp 46,044,965</msg>
<var>${textBorderRight}</var>
<arg>xpath=//div[@class="w-100 borderRight "]/div[${counter}]/div[2]/span[2]</arg>
<doc>Returns the text value of the element identified by ``locator``.</doc>
<status status="PASS" start="2025-02-14T11:21:07.807597" elapsed="0.025931"/>
</kw>
<kw name="Log To Console" owner="BuiltIn">
<arg>${textBorder}: ${textBorderRight}</arg>
<doc>Logs the given message to the console.</doc>
<status status="PASS" start="2025-02-14T11:21:07.834524" elapsed="0.000000"/>
</kw>
<status status="PASS" start="2025-02-14T11:21:07.724286" elapsed="0.110238"/>
</branch>
<branch type="ELSE">
<kw name="Exit For Loop" owner="BuiltIn">
<doc>Stops executing the enclosing FOR loop.</doc>
<status status="NOT RUN" start="2025-02-14T11:21:07.835521" elapsed="0.000000"/>
</kw>
<status status="NOT RUN" start="2025-02-14T11:21:07.835521" elapsed="0.000000"/>
</branch>
<status status="PASS" start="2025-02-14T11:21:07.724286" elapsed="0.111235"/>
</if>
<var name="${counter}">2</var>
<status status="PASS" start="2025-02-14T11:21:07.697356" elapsed="0.138165"/>
</iter>
<iter>
<kw name="general return status" owner="generalFunct">
<kw name="Run Keyword And Return Status" owner="BuiltIn">
<kw name="Wait Until Element Is Visible" owner="SeleniumLibrary">
<arg>${locator}</arg>
<arg>timeout=5s</arg>
<doc>Waits until the element ``locator`` is visible.</doc>
<status status="PASS" start="2025-02-14T11:21:07.836519" elapsed="0.027963"/>
</kw>
<msg time="2025-02-14T11:21:07.864482" level="INFO">${res} = True</msg>
<var>${res}</var>
<arg>Wait Until Element Is Visible</arg>
<arg>${locator}</arg>
<arg>timeout=5s</arg>
<doc>Runs the given keyword with given arguments and returns the status as a Boolean value.</doc>
<status status="PASS" start="2025-02-14T11:21:07.836519" elapsed="0.027963"/>
</kw>
<return>
<value>${res}</value>
<status status="PASS" start="2025-02-14T11:21:07.864482" elapsed="0.000000"/>
</return>
<msg time="2025-02-14T11:21:07.864482" level="INFO">${res} = True</msg>
<var>${res}</var>
<arg>xpath=//div[@class='w-100']/div[${counter}]</arg>
<status status="PASS" start="2025-02-14T11:21:07.836519" elapsed="0.027963"/>
</kw>
<if>
<branch type="IF" condition="${res}">
<kw name="Get Text" owner="SeleniumLibrary">
<msg time="2025-02-14T11:21:07.894964" level="INFO">${text} = Finance</msg>
<var>${text}</var>
<arg>xpath=//div[@class='w-100']/div[${counter}]/div[1]/span</arg>
<doc>Returns the text value of the element identified by ``locator``.</doc>
<status status="PASS" start="2025-02-14T11:21:07.865478" elapsed="0.029486"/>
</kw>
<kw name="Get Text" owner="SeleniumLibrary">
<msg time="2025-02-14T11:21:07.922155" level="INFO">${textName} = Fin Ma</msg>
<var>${textName}</var>
<arg>xpath=//div[@class='w-100']/div[${counter}]/div[2]/span[2]</arg>
<doc>Returns the text value of the element identified by ``locator``.</doc>
<status status="PASS" start="2025-02-14T11:21:07.894964" elapsed="0.027191"/>
</kw>
<kw name="Log To Console" owner="BuiltIn">
<arg>${text}: ${textName}</arg>
<doc>Logs the given message to the console.</doc>
<status status="PASS" start="2025-02-14T11:21:07.922155" elapsed="0.001042"/>
</kw>
<kw name="Get Text" owner="SeleniumLibrary">
<msg time="2025-02-14T11:21:07.952502" level="INFO">${textBorder} = Total pembelian</msg>
<var>${textBorder}</var>
<arg>xpath=//div[@class="w-100 borderRight "]/div[${counter}]/div[1]/span</arg>
<doc>Returns the text value of the element identified by ``locator``.</doc>
<status status="PASS" start="2025-02-14T11:21:07.923197" elapsed="0.029305"/>
</kw>
<kw name="Get Text" owner="SeleniumLibrary">
<msg time="2025-02-14T11:21:07.979431" level="INFO">${textBorderRight} = Rp 0</msg>
<var>${textBorderRight}</var>
<arg>xpath=//div[@class="w-100 borderRight "]/div[${counter}]/div[2]/span[2]</arg>
<doc>Returns the text value of the element identified by ``locator``.</doc>
<status status="PASS" start="2025-02-14T11:21:07.953500" elapsed="0.025931"/>
</kw>
<kw name="Log To Console" owner="BuiltIn">
<arg>${textBorder}: ${textBorderRight}</arg>
<doc>Logs the given message to the console.</doc>
<status status="PASS" start="2025-02-14T11:21:07.980428" elapsed="0.000998"/>
</kw>
<status status="PASS" start="2025-02-14T11:21:07.865478" elapsed="0.115948"/>
</branch>
<branch type="ELSE">
<kw name="Exit For Loop" owner="BuiltIn">
<doc>Stops executing the enclosing FOR loop.</doc>
<status status="NOT RUN" start="2025-02-14T11:21:07.982425" elapsed="0.000000"/>
</kw>
<status status="NOT RUN" start="2025-02-14T11:21:07.982425" elapsed="0.000000"/>
</branch>
<status status="PASS" start="2025-02-14T11:21:07.865478" elapsed="0.116947"/>
</if>
<var name="${counter}">3</var>
<status status="PASS" start="2025-02-14T11:21:07.835521" elapsed="0.146904"/>
</iter>
<iter>
<kw name="general return status" owner="generalFunct">
<kw name="Run Keyword And Return Status" owner="BuiltIn">
<kw name="Wait Until Element Is Visible" owner="SeleniumLibrary">
<msg time="2025-02-14T11:21:13.223115" level="INFO" html="true">&lt;/td&gt;&lt;/tr&gt;&lt;tr&gt;&lt;td colspan="3"&gt;&lt;a href="selenium-screenshot-642.png"&gt;&lt;img src="selenium-screenshot-642.png" width="800px"&gt;&lt;/a&gt;</msg>
<msg time="2025-02-14T11:21:13.223115" level="FAIL">Element 'xpath=//div[@class='w-100']/div[4]' not visible after 5 seconds.</msg>
<arg>${locator}</arg>
<arg>timeout=5s</arg>
<doc>Waits until the element ``locator`` is visible.</doc>
<status status="FAIL" start="2025-02-14T11:21:07.983459" elapsed="5.241650">Element 'xpath=//div[@class='w-100']/div[4]' not visible after 5 seconds.</status>
</kw>
<msg time="2025-02-14T11:21:13.225109" level="INFO">${res} = False</msg>
<var>${res}</var>
<arg>Wait Until Element Is Visible</arg>
<arg>${locator}</arg>
<arg>timeout=5s</arg>
<doc>Runs the given keyword with given arguments and returns the status as a Boolean value.</doc>
<status status="PASS" start="2025-02-14T11:21:07.983459" elapsed="5.241650"/>
</kw>
<return>
<value>${res}</value>
<status status="PASS" start="2025-02-14T11:21:13.225109" elapsed="0.000000"/>
</return>
<msg time="2025-02-14T11:21:13.226110" level="INFO">${res} = False</msg>
<var>${res}</var>
<arg>xpath=//div[@class='w-100']/div[${counter}]</arg>
<status status="PASS" start="2025-02-14T11:21:07.982425" elapsed="5.243685"/>
</kw>
<if>
<branch type="IF" condition="${res}">
<kw name="Get Text" owner="SeleniumLibrary">
<var>${text}</var>
<arg>xpath=//div[@class='w-100']/div[${counter}]/div[1]/span</arg>
<doc>Returns the text value of the element identified by ``locator``.</doc>
<status status="NOT RUN" start="2025-02-14T11:21:13.226110" elapsed="0.000000"/>
</kw>
<kw name="Get Text" owner="SeleniumLibrary">
<var>${textName}</var>
<arg>xpath=//div[@class='w-100']/div[${counter}]/div[2]/span[2]</arg>
<doc>Returns the text value of the element identified by ``locator``.</doc>
<status status="NOT RUN" start="2025-02-14T11:21:13.226110" elapsed="0.000000"/>
</kw>
<kw name="Log To Console" owner="BuiltIn">
<arg>${text}: ${textName}</arg>
<doc>Logs the given message to the console.</doc>
<status status="NOT RUN" start="2025-02-14T11:21:13.227107" elapsed="0.000000"/>
</kw>
<kw name="Get Text" owner="SeleniumLibrary">
<var>${textBorder}</var>
<arg>xpath=//div[@class="w-100 borderRight "]/div[${counter}]/div[1]/span</arg>
<doc>Returns the text value of the element identified by ``locator``.</doc>
<status status="NOT RUN" start="2025-02-14T11:21:13.227107" elapsed="0.000000"/>
</kw>
<kw name="Get Text" owner="SeleniumLibrary">
<var>${textBorderRight}</var>
<arg>xpath=//div[@class="w-100 borderRight "]/div[${counter}]/div[2]/span[2]</arg>
<doc>Returns the text value of the element identified by ``locator``.</doc>
<status status="NOT RUN" start="2025-02-14T11:21:13.227107" elapsed="0.000000"/>
</kw>
<kw name="Log To Console" owner="BuiltIn">
<arg>${textBorder}: ${textBorderRight}</arg>
<doc>Logs the given message to the console.</doc>
<status status="NOT RUN" start="2025-02-14T11:21:13.227107" elapsed="0.000000"/>
</kw>
<status status="NOT RUN" start="2025-02-14T11:21:13.226110" elapsed="0.000997"/>
</branch>
<branch type="ELSE">
<kw name="Exit For Loop" owner="BuiltIn">
<msg time="2025-02-14T11:21:13.228104" level="INFO">Exiting for loop altogether.</msg>
<doc>Stops executing the enclosing FOR loop.</doc>
<status status="PASS" start="2025-02-14T11:21:13.227107" elapsed="0.000997"/>
</kw>
<status status="PASS" start="2025-02-14T11:21:13.227107" elapsed="0.000997"/>
</branch>
<status status="PASS" start="2025-02-14T11:21:13.226110" elapsed="0.001994"/>
</if>
<var name="${counter}">4</var>
<status status="PASS" start="2025-02-14T11:21:07.982425" elapsed="5.245679"/>
</iter>
<var>${counter}</var>
<value>1</value>
<value>${len}</value>
<status status="PASS" start="2025-02-14T11:21:07.532266" elapsed="5.695838"/>
</for>
<status status="PASS" start="2025-02-14T11:21:07.531267" elapsed="5.696837"/>
</kw>
<arg>Menunggu persetujuan</arg>
<status status="PASS" start="2025-02-14T11:20:38.939297" elapsed="34.288807"/>
</kw>
<kw name="And user click element" owner="generalFunct">
<kw name="Wait Until Element Is Visible" owner="SeleniumLibrary">
<arg>${element}</arg>
<doc>Waits until the element ``locator`` is visible.</doc>
<status status="PASS" start="2025-02-14T11:21:13.229102" elapsed="0.027923"/>
</kw>
<kw name="Click Element" owner="SeleniumLibrary">
<msg time="2025-02-14T11:21:13.258062" level="INFO">Clicking element 'xpath=//span[contains(text(),'Simpan')]/parent::span/parent::button'.</msg>
<msg time="2025-02-14T11:21:13.412881" level="INFO">${clickElement} = None</msg>
<var>${clickElement}</var>
<arg>${element}</arg>
<doc>Click the element identified by ``locator``.</doc>
<status status="PASS" start="2025-02-14T11:21:13.257025" elapsed="0.155856"/>
</kw>
<return>
<value>${clickElement}</value>
<status status="PASS" start="2025-02-14T11:21:13.412881" elapsed="0.000000"/>
</return>
<arg>${buttonSimpan}</arg>
<status status="PASS" start="2025-02-14T11:21:13.229102" elapsed="0.184776"/>
</kw>
<kw name="Then show pop up dialog" owner="generalFunct">
<kw name="Wait Until Element Is Visible" owner="SeleniumLibrary">
<arg>${locator}</arg>
<arg>timeout=5s</arg>
<doc>Waits until the element ``locator`` is visible.</doc>
<status status="PASS" start="2025-02-14T11:21:13.414880" elapsed="0.037114"/>
</kw>
<kw name="Get Text" owner="SeleniumLibrary">
<msg time="2025-02-14T11:21:13.490298" level="INFO">${textDesc} = Apakah Anda yakin untuk merubah informasi project ini?</msg>
<var>${textDesc}</var>
<arg>xpath=//div[@class='text-center']/p[2]</arg>
<doc>Returns the text value of the element identified by ``locator``.</doc>
<status status="PASS" start="2025-02-14T11:21:13.451994" elapsed="0.038304"/>
</kw>
<kw name="user input text" owner="generalFunct">
<kw name="Wait Until Element Is Visible" owner="SeleniumLibrary">
<arg>${locator}</arg>
<doc>Waits until the element ``locator`` is visible.</doc>
<status status="PASS" start="2025-02-14T11:21:13.490298" elapsed="0.032119"/>
</kw>
<kw name="Input Text" owner="SeleniumLibrary">
<msg time="2025-02-14T11:21:13.523413" level="INFO">Typing text 'Ubah Data' into text field 'xpath=//div[@class='text-center']/textarea'.</msg>
<msg time="2025-02-14T11:21:13.704293" level="INFO">${input_text} = None</msg>
<var>${input_text}</var>
<arg>${locator}</arg>
<arg>${text}</arg>
<doc>Types the given ``text`` into the text field identified by ``locator``.</doc>
<status status="PASS" start="2025-02-14T11:21:13.522417" elapsed="0.181876"/>
</kw>
<return>
<value>${input_text}</value>
<status status="PASS" start="2025-02-14T11:21:13.704293" elapsed="0.000000"/>
</return>
<arg>xpath=//div[@class='text-center']/textarea</arg>
<arg>Ubah Data</arg>
<status status="PASS" start="2025-02-14T11:21:13.490298" elapsed="0.213995"/>
</kw>
<kw name="Log To Console" owner="BuiltIn">
<arg>Desc: ${textDesc}</arg>
<doc>Logs the given message to the console.</doc>
<status status="PASS" start="2025-02-14T11:21:13.705291" elapsed="0.000000"/>
</kw>
<arg>${ubahProject_MenungguPersetujuan}</arg>
<status status="PASS" start="2025-02-14T11:21:13.413878" elapsed="0.291413"/>
</kw>
<kw name="And button accept on dialog form ubah" owner="generalFunct">
<kw name="general Wait Until" owner="generalFunct">
<kw name="Wait Until Element Is Visible" owner="SeleniumLibrary">
<arg>${locator}</arg>
<arg>timeout=5s</arg>
<doc>Waits until the element ``locator`` is visible.</doc>
<status status="PASS" start="2025-02-14T11:21:13.707285" elapsed="0.033910"/>
</kw>
<arg>xpath=//div[@class='d-flex']/button[contains(.,'${textPopUP}')]</arg>
<status status="PASS" start="2025-02-14T11:21:13.706289" elapsed="0.034906"/>
</kw>
<kw name="user click element" owner="generalFunct">
<kw name="Wait Until Element Is Visible" owner="SeleniumLibrary">
<arg>${element}</arg>
<doc>Waits until the element ``locator`` is visible.</doc>
<status status="PASS" start="2025-02-14T11:21:13.744188" elapsed="0.022836"/>
</kw>
<kw name="Click Element" owner="SeleniumLibrary">
<msg time="2025-02-14T11:21:13.767024" level="INFO">Clicking element 'xpath=//div[@class='d-flex']/button[contains(.,'Simpan')]'.</msg>
<msg time="2025-02-14T11:21:14.188197" level="INFO">${clickElement} = None</msg>
<var>${clickElement}</var>
<arg>${element}</arg>
<doc>Click the element identified by ``locator``.</doc>
<status status="PASS" start="2025-02-14T11:21:13.767024" elapsed="0.421173"/>
</kw>
<return>
<value>${clickElement}</value>
<status status="PASS" start="2025-02-14T11:21:14.189196" elapsed="0.000000"/>
</return>
<arg>xpath=//div[@class='d-flex']/button[contains(.,'${textPopUP}')]</arg>
<status status="PASS" start="2025-02-14T11:21:13.742192" elapsed="0.447004"/>
</kw>
<arg>Simpan</arg>
<status status="PASS" start="2025-02-14T11:21:13.706289" elapsed="0.482907"/>
</kw>
<kw name="And show message error project" owner="generalFunct">
<kw name="general return status" owner="generalFunct">
<kw name="Run Keyword And Return Status" owner="BuiltIn">
<kw name="Wait Until Element Is Visible" owner="SeleniumLibrary">
<msg time="2025-02-14T11:21:19.420612" level="INFO" html="true">&lt;/td&gt;&lt;/tr&gt;&lt;tr&gt;&lt;td colspan="3"&gt;&lt;a href="selenium-screenshot-643.png"&gt;&lt;img src="selenium-screenshot-643.png" width="800px"&gt;&lt;/a&gt;</msg>
<msg time="2025-02-14T11:21:19.420612" level="FAIL">Element 'xpath=//label[contains(.,'Wajib')]' not visible after 5 seconds.</msg>
<arg>${locator}</arg>
<arg>timeout=5s</arg>
<doc>Waits until the element ``locator`` is visible.</doc>
<status status="FAIL" start="2025-02-14T11:21:14.193184" elapsed="5.228425">Element 'xpath=//label[contains(.,'Wajib')]' not visible after 5 seconds.</status>
</kw>
<msg time="2025-02-14T11:21:19.421609" level="INFO">${res} = False</msg>
<var>${res}</var>
<arg>Wait Until Element Is Visible</arg>
<arg>${locator}</arg>
<arg>timeout=5s</arg>
<doc>Runs the given keyword with given arguments and returns the status as a Boolean value.</doc>
<status status="PASS" start="2025-02-14T11:21:14.191189" elapsed="5.230420"/>
</kw>
<return>
<value>${res}</value>
<status status="PASS" start="2025-02-14T11:21:19.422648" elapsed="0.000000"/>
</return>
<msg time="2025-02-14T11:21:19.422648" level="INFO">${label} = False</msg>
<var>${label}</var>
<arg>${errMessageFormProject}</arg>
<status status="PASS" start="2025-02-14T11:21:14.190191" elapsed="5.232457"/>
</kw>
<if>
<branch type="IF" condition="${label}">
<kw name="general Wait Until" owner="generalFunct">
<arg>${errMessageFormProject}</arg>
<status status="NOT RUN" start="2025-02-14T11:21:19.422648" elapsed="0.000000"/>
</kw>
<kw name="Get Text" owner="SeleniumLibrary">
<var>${err}</var>
<arg>${errMessageFormProject}</arg>
<doc>Returns the text value of the element identified by ``locator``.</doc>
<status status="NOT RUN" start="2025-02-14T11:21:19.423644" elapsed="0.000000"/>
</kw>
<kw name="Log To Console" owner="BuiltIn">
<arg>${\n}Error State: ${err}</arg>
<doc>Logs the given message to the console.</doc>
<status status="NOT RUN" start="2025-02-14T11:21:19.423644" elapsed="0.000000"/>
</kw>
<kw name="Scroll Element Into View" owner="SeleniumLibrary">
<arg>${errMessageFormProject}</arg>
<doc>Scrolls the element identified by ``locator`` into view.</doc>
<status status="NOT RUN" start="2025-02-14T11:21:19.423644" elapsed="0.000000"/>
</kw>
<status status="NOT RUN" start="2025-02-14T11:21:19.422648" elapsed="0.000996"/>
</branch>
<branch type="ELSE">
<kw name="general Wait Until" owner="generalFunct">
<kw name="Wait Until Element Is Visible" owner="SeleniumLibrary">
<arg>${locator}</arg>
<arg>timeout=5s</arg>
<doc>Waits until the element ``locator`` is visible.</doc>
<status status="PASS" start="2025-02-14T11:21:19.424640" elapsed="0.030343"/>
</kw>
<arg>${errLabel_formProject}</arg>
<status status="PASS" start="2025-02-14T11:21:19.423644" elapsed="0.031339"/>
</kw>
<kw name="Get Text" owner="SeleniumLibrary">
<msg time="2025-02-14T11:21:19.479530" level="INFO">${err} = Nama Project sudah digunakan</msg>
<var>${err}</var>
<arg>${errLabel_formProject}</arg>
<doc>Returns the text value of the element identified by ``locator``.</doc>
<status status="PASS" start="2025-02-14T11:21:19.454983" elapsed="0.024547"/>
</kw>
<kw name="Log To Console" owner="BuiltIn">
<arg>${\n}Error State: ${err}</arg>
<doc>Logs the given message to the console.</doc>
<status status="PASS" start="2025-02-14T11:21:19.479530" elapsed="0.000999"/>
</kw>
<status status="PASS" start="2025-02-14T11:21:19.423644" elapsed="0.056885"/>
</branch>
<status status="PASS" start="2025-02-14T11:21:19.422648" elapsed="0.057881"/>
</if>
<status status="PASS" start="2025-02-14T11:21:14.190191" elapsed="5.290338"/>
</kw>
<status status="PASS" start="2025-02-14T11:19:57.634410" elapsed="81.847116"/>
</kw>
<kw name="End Web Test" owner="web_eProc" type="TEARDOWN">
<kw name="Log" owner="BuiltIn">
<msg time="2025-02-14T11:21:19.481813" level="INFO">Suite teardown initiated</msg>
<arg>Suite teardown initiated</arg>
<doc>Logs the given message with the given level.</doc>
<status status="PASS" start="2025-02-14T11:21:19.481813" elapsed="0.001002"/>
</kw>
<kw name="Close Browser" owner="SeleniumLibrary">
<doc>Closes the current browser.</doc>
<status status="PASS" start="2025-02-14T11:21:19.482815" elapsed="3.611230"/>
</kw>
<doc>Closes the browser after all tests in the suite have run</doc>
<status status="PASS" start="2025-02-14T11:21:19.481813" elapsed="3.612232"/>
</kw>
<doc>This scenario test User can change data name project with name has been used</doc>
<tag>1000s</tag>
<tag>detail_project</tag>
<tag>test</tag>
<status status="PASS" start="2025-02-14T11:19:50.035242" elapsed="93.059802"/>
</test>
<status status="PASS" start="2025-02-14T11:10:39.575068" elapsed="643.521751"/>
</suite>
<statistics>
<total>
<stat pass="6" fail="0" skip="0">All Tests</stat>
</total>
<tag>
<stat pass="6" fail="0" skip="0">1000s</stat>
<stat pass="6" fail="0" skip="0">detail_project</stat>
<stat pass="6" fail="0" skip="0">test</stat>
</tag>
<suite>
<stat pass="6" fail="0" skip="0" id="s1" name="test detailProject MenungguPersetujuan">test detailProject MenungguPersetujuan</stat>
</suite>
</statistics>
<errors>
</errors>
</robot>
