<?xml version="1.0" encoding="UTF-8"?>
<robot generator="Robot 7.2.2 (Python 3.13.2 on win32)" generated="2025-04-16T16:02:32.337288" rpa="false" schemaversion="5">
<suite id="s1" name="test detailProject MenungguPersetujuan" source="C:\Users\1000Saudara45\Documents\Automation\eProc_Web\testSuite\Tim_OP\test_detailProject_MenungguPersetujuan.robot">
<test id="s1-t1" name="Tim OP can Go To Detail Project" line="10">
<kw name="Begin Web Test" owner="web_eProc" type="SETUP">
<kw name="Open Browser" owner="SeleniumLibrary">
<msg time="2025-04-16T16:02:34.152433" level="INFO">Opening browser 'headlesschrome' to base url 'about:blank'.</msg>
<arg>about:blank</arg>
<arg>${BROWSER}</arg>
<doc>Opens a new browser instance to the optional ``url``.</doc>
<status status="PASS" start="2025-04-16T16:02:34.152080" elapsed="2.039472"/>
</kw>
<kw name="Maximize Browser Window" owner="SeleniumLibrary">
<doc>Maximizes current browser window.</doc>
<status status="PASS" start="2025-04-16T16:02:36.192162" elapsed="0.035918"/>
</kw>
<kw name="Go To" owner="SeleniumLibrary">
<msg time="2025-04-16T16:02:36.228863" level="INFO">Opening url 'https://developer.1000saudara.com/project1000s'</msg>
<arg>${URL_DEV}</arg>
<doc>Navigates the current browser window to the provided ``url``.</doc>
<status status="PASS" start="2025-04-16T16:02:36.228522" elapsed="0.109987"/>
</kw>
<status status="PASS" start="2025-04-16T16:02:34.150687" elapsed="2.188099"/>
</kw>
<kw name="User go to detail Project Page" owner="detailProject_MenungguPersetujuan">
<kw name="Given User can access Home Login 1000s" owner="login">
<kw name="Then user go to home page E-Proc1000s" owner="pom_login_eProc">
<kw name="user visit E-Proc1000s Login Page" owner="pom_login_eProc">
<kw name="Get Location" owner="SeleniumLibrary">
<msg time="2025-04-16T16:02:37.210868" level="INFO">${current_url} = https://developer.1000saudara.com/project1000s</msg>
<var>${current_url}</var>
<doc>Returns the current browser window URL.</doc>
<status status="PASS" start="2025-04-16T16:02:36.348227" elapsed="0.862758"/>
</kw>
<kw name="Log" owner="BuiltIn">
<msg time="2025-04-16T16:02:37.211585" level="INFO">Current Path: https://developer.1000saudara.com/project1000s</msg>
<arg>Current Path: ${current_url}</arg>
<doc>Logs the given message with the given level.</doc>
<status status="PASS" start="2025-04-16T16:02:37.211300" elapsed="0.000399"/>
</kw>
<kw name="general return status" owner="generalFunct">
<kw name="Run Keyword And Return Status" owner="BuiltIn">
<kw name="Wait Until Element Is Visible" owner="SeleniumLibrary">
<arg>${locator}</arg>
<arg>timeout=5s</arg>
<doc>Waits until the element ``locator`` is visible.</doc>
<status status="PASS" start="2025-04-16T16:02:37.213814" elapsed="0.037643"/>
</kw>
<msg time="2025-04-16T16:02:37.251696" level="INFO">${res} = True</msg>
<var>${res}</var>
<arg>Wait Until Element Is Visible</arg>
<arg>${locator}</arg>
<arg>timeout=5s</arg>
<doc>Runs the given keyword with given arguments and returns the status as a Boolean value.</doc>
<status status="PASS" start="2025-04-16T16:02:37.213243" elapsed="0.038515"/>
</kw>
<return>
<value>${res}</value>
<status status="PASS" start="2025-04-16T16:02:37.251983" elapsed="0.000105"/>
</return>
<msg time="2025-04-16T16:02:37.252356" level="INFO">${res} = True</msg>
<var>${res}</var>
<arg>${headerLogin}</arg>
<status status="PASS" start="2025-04-16T16:02:37.212230" elapsed="0.040172"/>
</kw>
<while condition="${res} == $False">
<iter>
<kw name="Reload Page" owner="SeleniumLibrary">
<doc>Simulates user reloading page.</doc>
<status status="NOT RUN" start="2025-04-16T16:02:37.253074" elapsed="0.000051"/>
</kw>
<kw name="Sleep" owner="BuiltIn">
<arg>2s</arg>
<doc>Pauses the test executed for the given time.</doc>
<status status="NOT RUN" start="2025-04-16T16:02:37.253296" elapsed="0.000048"/>
</kw>
<kw name="general return status" owner="generalFunct">
<var>${res}</var>
<arg>${headerLogin}</arg>
<status status="NOT RUN" start="2025-04-16T16:02:37.253567" elapsed="0.000051"/>
</kw>
<status status="NOT RUN" start="2025-04-16T16:02:37.252513" elapsed="0.001171"/>
</iter>
<status status="NOT RUN" start="2025-04-16T16:02:37.252510" elapsed="0.001234"/>
</while>
<status status="PASS" start="2025-04-16T16:02:36.347194" elapsed="0.906659"/>
</kw>
<kw name="user login E-Proc1000s Page" owner="pom_login_eProc">
<kw name="general Wait Until" owner="generalFunct">
<kw name="Wait Until Element Is Visible" owner="SeleniumLibrary">
<msg time="2025-04-16T16:02:37.304039" level="INFO">Suppressing StaleElementReferenceException from Selenium.</msg>
<arg>${locator}</arg>
<arg>timeout=5s</arg>
<doc>Waits until the element ``locator`` is visible.</doc>
<status status="PASS" start="2025-04-16T16:02:37.255044" elapsed="0.292422"/>
</kw>
<kw name="Sleep" owner="BuiltIn">
<msg time="2025-04-16T16:02:42.549000" level="INFO">Slept 5 seconds.</msg>
<arg>5</arg>
<doc>Pauses the test executed for the given time.</doc>
<status status="PASS" start="2025-04-16T16:02:37.547845" elapsed="5.001300"/>
</kw>
<arg>${inputPassword}</arg>
<status status="PASS" start="2025-04-16T16:02:37.254639" elapsed="5.294647"/>
</kw>
<kw name="user input text" owner="generalFunct">
<kw name="Wait Until Element Is Visible" owner="SeleniumLibrary">
<arg>${locator}</arg>
<doc>Waits until the element ``locator`` is visible.</doc>
<status status="PASS" start="2025-04-16T16:02:42.550060" elapsed="0.030401"/>
</kw>
<kw name="Input Text" owner="SeleniumLibrary">
<msg time="2025-04-16T16:02:42.581221" level="INFO">Typing text '085210758864' into text field 'xpath=//input[@id='TxtPhone']'.</msg>
<arg>${locator}</arg>
<arg>${text}</arg>
<doc>Types the given ``text`` into the text field identified by ``locator``.</doc>
<status status="PASS" start="2025-04-16T16:02:42.580783" elapsed="0.189493"/>
</kw>
<kw name="Sleep" owner="BuiltIn">
<msg time="2025-04-16T16:02:47.771645" level="INFO">Slept 5 seconds.</msg>
<arg>5</arg>
<doc>Pauses the test executed for the given time.</doc>
<status status="PASS" start="2025-04-16T16:02:42.770605" elapsed="5.001287"/>
</kw>
<arg>${inputUsername}</arg>
<arg>${ROLE_ADMIN}</arg>
<status status="PASS" start="2025-04-16T16:02:42.549559" elapsed="5.222592"/>
</kw>
<kw name="general return status" owner="generalFunct">
<kw name="Run Keyword And Return Status" owner="BuiltIn">
<kw name="Wait Until Element Is Visible" owner="SeleniumLibrary">
<arg>${locator}</arg>
<arg>timeout=5s</arg>
<doc>Waits until the element ``locator`` is visible.</doc>
<status status="PASS" start="2025-04-16T16:02:47.773625" elapsed="0.025357"/>
</kw>
<msg time="2025-04-16T16:02:47.799340" level="INFO">${res} = True</msg>
<var>${res}</var>
<arg>Wait Until Element Is Visible</arg>
<arg>${locator}</arg>
<arg>timeout=5s</arg>
<doc>Runs the given keyword with given arguments and returns the status as a Boolean value.</doc>
<status status="PASS" start="2025-04-16T16:02:47.773179" elapsed="0.026225"/>
</kw>
<return>
<value>${res}</value>
<status status="PASS" start="2025-04-16T16:02:47.799538" elapsed="0.000091"/>
</return>
<msg time="2025-04-16T16:02:47.799863" level="INFO">${res} = True</msg>
<var>${res}</var>
<arg>${inputPassword}</arg>
<status status="PASS" start="2025-04-16T16:02:47.772655" elapsed="0.027263"/>
</kw>
<if>
<branch type="IF" condition="${res}">
<kw name="Sleep" owner="BuiltIn">
<msg time="2025-04-16T16:02:51.801777" level="INFO">Slept 4 seconds.</msg>
<arg>4</arg>
<doc>Pauses the test executed for the given time.</doc>
<status status="PASS" start="2025-04-16T16:02:47.800517" elapsed="4.001488"/>
</kw>
<kw name="user input text" owner="generalFunct">
<kw name="Wait Until Element Is Visible" owner="SeleniumLibrary">
<arg>${locator}</arg>
<doc>Waits until the element ``locator`` is visible.</doc>
<status status="PASS" start="2025-04-16T16:02:51.803336" elapsed="0.031839"/>
</kw>
<kw name="Input Text" owner="SeleniumLibrary">
<msg time="2025-04-16T16:02:51.836087" level="INFO">Typing text '085210758864' into text field 'xpath=//input[@id='TxtPhone']'.</msg>
<arg>${locator}</arg>
<arg>${text}</arg>
<doc>Types the given ``text`` into the text field identified by ``locator``.</doc>
<status status="PASS" start="2025-04-16T16:02:51.835577" elapsed="0.136766"/>
</kw>
<kw name="Sleep" owner="BuiltIn">
<msg time="2025-04-16T16:02:56.974118" level="INFO">Slept 5 seconds.</msg>
<arg>5</arg>
<doc>Pauses the test executed for the given time.</doc>
<status status="PASS" start="2025-04-16T16:02:51.972801" elapsed="5.001539"/>
</kw>
<arg>${inputUsername}</arg>
<arg>${ROLE_ADMIN}</arg>
<status status="PASS" start="2025-04-16T16:02:51.802485" elapsed="5.172083"/>
</kw>
<kw name="user input password" owner="generalFunct">
<kw name="Wait Until Element Is Visible" owner="SeleniumLibrary">
<arg>${locator}</arg>
<doc>Waits until the element ``locator`` is visible.</doc>
<status status="PASS" start="2025-04-16T16:02:56.975818" elapsed="0.029407"/>
</kw>
<kw name="Input Password" owner="SeleniumLibrary">
<msg time="2025-04-16T16:02:57.005832" level="INFO">Typing password into text field 'xpath=//input[@id='pwd']'.</msg>
<msg time="2025-04-16T16:02:57.049153" level="INFO">Temporally setting log level to: NONE</msg>
<arg>${locator}</arg>
<arg>${text}</arg>
<doc>Types the given password into the text field identified by ``locator``.</doc>
<status status="PASS" start="2025-04-16T16:02:57.005500" elapsed="0.120400"/>
</kw>
<kw name="Sleep" owner="BuiltIn">
<msg time="2025-04-16T16:03:02.127166" level="INFO">Slept 5 seconds.</msg>
<arg>5</arg>
<doc>Pauses the test executed for the given time.</doc>
<status status="PASS" start="2025-04-16T16:02:57.126336" elapsed="5.001255"/>
</kw>
<arg>${inputPassword}</arg>
<arg>${PASSWORD}</arg>
<status status="PASS" start="2025-04-16T16:02:56.975021" elapsed="5.153053"/>
</kw>
<kw name="Press Key" owner="SeleniumLibrary">
<arg>${inputPassword}</arg>
<arg>\\13</arg>
<doc>Simulates user pressing key on element identified by ``locator``.</doc>
<status status="PASS" start="2025-04-16T16:03:02.128709" elapsed="0.093164"/>
</kw>
<kw name="Sleep" owner="BuiltIn">
<msg time="2025-04-16T16:03:07.223337" level="INFO">Slept 5 seconds.</msg>
<arg>5</arg>
<doc>Pauses the test executed for the given time.</doc>
<status status="PASS" start="2025-04-16T16:03:02.222299" elapsed="5.001411"/>
</kw>
<kw name="general return status" owner="generalFunct">
<kw name="Run Keyword And Return Status" owner="BuiltIn">
<kw name="Wait Until Element Is Visible" owner="SeleniumLibrary">
<arg>${locator}</arg>
<arg>timeout=5s</arg>
<doc>Waits until the element ``locator`` is visible.</doc>
<status status="PASS" start="2025-04-16T16:03:07.226868" elapsed="0.060119"/>
</kw>
<msg time="2025-04-16T16:03:07.287353" level="INFO">${res} = True</msg>
<var>${res}</var>
<arg>Wait Until Element Is Visible</arg>
<arg>${locator}</arg>
<arg>timeout=5s</arg>
<doc>Runs the given keyword with given arguments and returns the status as a Boolean value.</doc>
<status status="PASS" start="2025-04-16T16:03:07.226095" elapsed="0.061351"/>
</kw>
<return>
<value>${res}</value>
<status status="PASS" start="2025-04-16T16:03:07.287768" elapsed="0.000149"/>
</return>
<msg time="2025-04-16T16:03:07.288322" level="INFO">${res_list} = True</msg>
<var>${res_list}</var>
<arg>${listFilter}</arg>
<status status="PASS" start="2025-04-16T16:03:07.224675" elapsed="0.063733"/>
</kw>
<while condition="${res_list} == $False">
<iter>
<kw name="Press Key" owner="SeleniumLibrary">
<arg>${inputPassword}</arg>
<arg>\\13</arg>
<doc>Simulates user pressing key on element identified by ``locator``.</doc>
<status status="NOT RUN" start="2025-04-16T16:03:07.289800" elapsed="0.000103"/>
</kw>
<kw name="Sleep" owner="BuiltIn">
<arg>5</arg>
<doc>Pauses the test executed for the given time.</doc>
<status status="NOT RUN" start="2025-04-16T16:03:07.290244" elapsed="0.000093"/>
</kw>
<kw name="general return status" owner="generalFunct">
<var>${res_err}</var>
<arg>xpath=//div[@class='mb-20px']//parent::div/label[contains(text(), 'Nomor')]</arg>
<status status="NOT RUN" start="2025-04-16T16:03:07.290817" elapsed="0.000106"/>
</kw>
<if>
<branch type="IF" condition="${res_err}">
<kw name="without filling any of them" owner="pom_login_eProc">
<arg>${inputUsername}</arg>
<arg>${ROLE_ADMIN}</arg>
<status status="NOT RUN" start="2025-04-16T16:03:07.291695" elapsed="0.000066"/>
</kw>
<status status="NOT RUN" start="2025-04-16T16:03:07.291208" elapsed="0.000641"/>
</branch>
<branch type="ELSE">
<kw name="Exit For Loop" owner="BuiltIn">
<doc>Stops executing the enclosing FOR loop.</doc>
<status status="NOT RUN" start="2025-04-16T16:03:07.292149" elapsed="0.000059"/>
</kw>
<status status="NOT RUN" start="2025-04-16T16:03:07.291937" elapsed="0.000348"/>
</branch>
<status status="NOT RUN" start="2025-04-16T16:03:07.291144" elapsed="0.001265"/>
</if>
<status status="NOT RUN" start="2025-04-16T16:03:07.288658" elapsed="0.003825"/>
</iter>
<status status="NOT RUN" start="2025-04-16T16:03:07.288650" elapsed="0.003906"/>
</while>
<kw name="Wait Until Element Is Visible" owner="SeleniumLibrary">
<arg>${listFilter}</arg>
<doc>Waits until the element ``locator`` is visible.</doc>
<status status="PASS" start="2025-04-16T16:03:07.292812" elapsed="0.022968"/>
</kw>
<status status="PASS" start="2025-04-16T16:02:47.800080" elapsed="19.515850"/>
</branch>
<branch type="ELSE">
<kw name="Exit For Loop" owner="BuiltIn">
<doc>Stops executing the enclosing FOR loop.</doc>
<status status="NOT RUN" start="2025-04-16T16:03:07.316287" elapsed="0.000064"/>
</kw>
<status status="NOT RUN" start="2025-04-16T16:03:07.316028" elapsed="0.000400"/>
</branch>
<status status="PASS" start="2025-04-16T16:02:47.800038" elapsed="19.516457"/>
</if>
<status status="PASS" start="2025-04-16T16:02:37.254266" elapsed="30.062344"/>
</kw>
<kw name="Wait Until Element Is Visible" owner="SeleniumLibrary">
<arg>${listFilter}</arg>
<doc>Waits until the element ``locator`` is visible.</doc>
<status status="PASS" start="2025-04-16T16:03:07.316822" elapsed="0.023492"/>
</kw>
<kw name="Wait Until Element Is Visible" owner="SeleniumLibrary">
<arg>${titleProject}</arg>
<doc>Waits until the element ``locator`` is visible.</doc>
<status status="PASS" start="2025-04-16T16:03:07.340624" elapsed="0.030428"/>
</kw>
<kw name="Get Text" owner="SeleniumLibrary">
<msg time="2025-04-16T16:03:07.408274" level="INFO">${title} = Manajemen Project</msg>
<var>${title}</var>
<arg>${titleProject}</arg>
<doc>Returns the text value of the element identified by ``locator``.</doc>
<status status="PASS" start="2025-04-16T16:03:07.371366" elapsed="0.037015"/>
</kw>
<kw name="Log To Console" owner="BuiltIn">
<arg>${\n}${title}</arg>
<doc>Logs the given message to the console.</doc>
<status status="PASS" start="2025-04-16T16:03:07.408840" elapsed="0.000757"/>
</kw>
<status status="PASS" start="2025-04-16T16:02:36.345450" elapsed="31.064447"/>
</kw>
<status status="PASS" start="2025-04-16T16:02:36.344498" elapsed="31.065532"/>
</kw>
<kw name="When user click Detail on Project" owner="pom_detailProject_MenungguPersetujuan">
<kw name="Get Length" owner="BuiltIn">
<msg time="2025-04-16T16:03:07.411426" level="INFO">Length is 22.</msg>
<msg time="2025-04-16T16:03:07.411588" level="INFO">${len} = 22</msg>
<var>${len}</var>
<arg>xpath=//tbody/tr/td[5]</arg>
<doc>Returns and logs the length of the given item as an integer.</doc>
<status status="PASS" start="2025-04-16T16:03:07.411211" elapsed="0.000446"/>
</kw>
<kw name="Sleep" owner="BuiltIn">
<msg time="2025-04-16T16:03:10.412573" level="INFO">Slept 3 seconds.</msg>
<arg>3</arg>
<doc>Pauses the test executed for the given time.</doc>
<status status="PASS" start="2025-04-16T16:03:07.411904" elapsed="3.000838"/>
</kw>
<for flavor="IN RANGE">
<iter>
<kw name="general return status" owner="generalFunct">
<kw name="Run Keyword And Return Status" owner="BuiltIn">
<kw name="Wait Until Element Is Visible" owner="SeleniumLibrary">
<arg>${locator}</arg>
<arg>timeout=5s</arg>
<doc>Waits until the element ``locator`` is visible.</doc>
<status status="PASS" start="2025-04-16T16:03:10.414905" elapsed="0.038965"/>
</kw>
<msg time="2025-04-16T16:03:10.454220" level="INFO">${res} = True</msg>
<var>${res}</var>
<arg>Wait Until Element Is Visible</arg>
<arg>${locator}</arg>
<arg>timeout=5s</arg>
<doc>Runs the given keyword with given arguments and returns the status as a Boolean value.</doc>
<status status="PASS" start="2025-04-16T16:03:10.414618" elapsed="0.039660"/>
</kw>
<return>
<value>${res}</value>
<status status="PASS" start="2025-04-16T16:03:10.454398" elapsed="0.000082"/>
</return>
<msg time="2025-04-16T16:03:10.454712" level="INFO">${res} = True</msg>
<var>${res}</var>
<arg>xpath=//tbody/tr/td[5]//div[contains(.,'${textStatus}')]</arg>
<status status="PASS" start="2025-04-16T16:03:10.414008" elapsed="0.040753"/>
</kw>
<if>
<branch type="IF" condition="${res}">
<kw name="check in project list" owner="pom_detailProject_MenungguPersetujuan">
<for flavor="IN RANGE">
<iter>
<kw name="general return status" owner="generalFunct">
<kw name="Run Keyword And Return Status" owner="BuiltIn">
<kw name="Wait Until Element Is Visible" owner="SeleniumLibrary">
<msg time="2025-04-16T16:03:15.794721" level="INFO" html="true">&lt;/td&gt;&lt;/tr&gt;&lt;tr&gt;&lt;td colspan="3"&gt;&lt;a href="selenium-screenshot-23.png"&gt;&lt;img src="selenium-screenshot-23.png" width="800px"&gt;&lt;/a&gt;</msg>
<msg time="2025-04-16T16:03:15.795166" level="FAIL">Element 'xpath=//tbody/tr[1]/td[5]//div[contains(.,'Menunggu persetujuan')]' not visible after 5 seconds.</msg>
<arg>${locator}</arg>
<arg>timeout=5s</arg>
<doc>Waits until the element ``locator`` is visible.</doc>
<status status="FAIL" start="2025-04-16T16:03:10.459783" elapsed="5.341146">Element 'xpath=//tbody/tr[1]/td[5]//div[contains(.,'Menunggu persetujuan')]' not visible after 5 seconds.</status>
</kw>
<msg time="2025-04-16T16:03:15.801308" level="INFO">${res} = False</msg>
<var>${res}</var>
<arg>Wait Until Element Is Visible</arg>
<arg>${locator}</arg>
<arg>timeout=5s</arg>
<doc>Runs the given keyword with given arguments and returns the status as a Boolean value.</doc>
<status status="PASS" start="2025-04-16T16:03:10.459293" elapsed="5.342088"/>
</kw>
<return>
<value>${res}</value>
<status status="PASS" start="2025-04-16T16:03:15.801588" elapsed="0.000101"/>
</return>
<msg time="2025-04-16T16:03:15.801963" level="INFO">${res} = False</msg>
<var>${res}</var>
<arg>xpath=//tbody/tr[${counter}]/td[5]//div[contains(.,'${textStatusProject}')]</arg>
<status status="PASS" start="2025-04-16T16:03:10.457347" elapsed="5.344681"/>
</kw>
<if>
<branch type="IF" condition="${res}">
<kw name="Get Text" owner="SeleniumLibrary">
<var>${text}</var>
<arg>xpath=//tbody/tr[${counter}]/td[1]</arg>
<doc>Returns the text value of the element identified by ``locator``.</doc>
<status status="NOT RUN" start="2025-04-16T16:03:15.802489" elapsed="0.000087"/>
</kw>
<kw name="Get Text" owner="SeleniumLibrary">
<var>${status}</var>
<arg>xpath=//tbody/tr[${counter}]/td[5]</arg>
<doc>Returns the text value of the element identified by ``locator``.</doc>
<status status="NOT RUN" start="2025-04-16T16:03:15.802851" elapsed="0.000051"/>
</kw>
<kw name="user click element" owner="generalFunct">
<arg>xpath=//tbody/tr[3]/td[6]/span/span</arg>
<status status="NOT RUN" start="2025-04-16T16:03:15.803148" elapsed="0.000053"/>
</kw>
<kw name="general Wait Until" owner="generalFunct">
<arg>xpath=//span[normalize-space()='Detail Project']</arg>
<status status="NOT RUN" start="2025-04-16T16:03:15.803396" elapsed="0.000053"/>
</kw>
<kw name="general return status" owner="generalFunct">
<var>${res_detail}</var>
<arg>xpath=//span[normalize-space()='Detail Project']</arg>
<status status="NOT RUN" start="2025-04-16T16:03:15.803646" elapsed="0.000049"/>
</kw>
<while condition="${res_detail} == $False">
<iter>
<kw name="user click element" owner="generalFunct">
<arg>xpath=//tbody/tr[${counter}]/td[contains(., 'Detail')]</arg>
<status status="NOT RUN" start="2025-04-16T16:03:15.804061" elapsed="0.000052"/>
</kw>
<kw name="general return status" owner="generalFunct">
<var>${res_detail}</var>
<arg>xpath=//span[normalize-space()='Detail Project']</arg>
<status status="NOT RUN" start="2025-04-16T16:03:15.804310" elapsed="0.000049"/>
</kw>
<status status="NOT RUN" start="2025-04-16T16:03:15.803789" elapsed="0.000638"/>
</iter>
<status status="NOT RUN" start="2025-04-16T16:03:15.803787" elapsed="0.000695"/>
</while>
<kw name="general Wait Until" owner="generalFunct">
<arg>${namaProject_onDetailPage}</arg>
<status status="NOT RUN" start="2025-04-16T16:03:15.804665" elapsed="0.000047"/>
</kw>
<kw name="Get Text" owner="SeleniumLibrary">
<var>${nameProject}</var>
<arg>${namaProject_onDetailPage}</arg>
<doc>Returns the text value of the element identified by ``locator``.</doc>
<status status="NOT RUN" start="2025-04-16T16:03:15.804896" elapsed="0.000043"/>
</kw>
<kw name="Get Text" owner="SeleniumLibrary">
<var>${status_onDetailPage}</var>
<arg>${statusProject}</arg>
<doc>Returns the text value of the element identified by ``locator``.</doc>
<status status="NOT RUN" start="2025-04-16T16:03:15.805103" elapsed="0.000042"/>
</kw>
<kw name="Log To Console" owner="BuiltIn">
<arg>Nama Project: ${nameProject}</arg>
<doc>Logs the given message to the console.</doc>
<status status="NOT RUN" start="2025-04-16T16:03:15.805309" elapsed="0.000058"/>
</kw>
<kw name="Log To Console" owner="BuiltIn">
<arg>Status Project: ${status_onDetailPage}</arg>
<doc>Logs the given message to the console.</doc>
<status status="NOT RUN" start="2025-04-16T16:03:15.805609" elapsed="0.000051"/>
</kw>
<kw name="Set Global Variable" owner="BuiltIn">
<arg>${nameProject_MenungguPersetujuan}</arg>
<arg>${nameProject}</arg>
<doc>Makes a variable available globally in all tests and suites.</doc>
<status status="NOT RUN" start="2025-04-16T16:03:15.805875" elapsed="0.000055"/>
</kw>
<kw name="Should Be Equal" owner="BuiltIn">
<arg>${nameProject}</arg>
<arg>${text}</arg>
<doc>Fails if the given objects are unequal.</doc>
<status status="NOT RUN" start="2025-04-16T16:03:15.806558" elapsed="0.000120"/>
</kw>
<kw name="Should Be Equal" owner="BuiltIn">
<arg>${status_onDetailPage}</arg>
<arg>${status}</arg>
<doc>Fails if the given objects are unequal.</doc>
<status status="NOT RUN" start="2025-04-16T16:03:15.807043" elapsed="0.000092"/>
</kw>
<kw name="Exit For Loop" owner="BuiltIn">
<doc>Stops executing the enclosing FOR loop.</doc>
<status status="NOT RUN" start="2025-04-16T16:03:15.807456" elapsed="0.000074"/>
</kw>
<status status="NOT RUN" start="2025-04-16T16:03:15.802193" elapsed="0.005449"/>
</branch>
<status status="PASS" start="2025-04-16T16:03:15.802148" elapsed="0.005609"/>
</if>
<var name="${counter}">1</var>
<status status="PASS" start="2025-04-16T16:03:10.456694" elapsed="5.351139"/>
</iter>
<iter>
<kw name="general return status" owner="generalFunct">
<kw name="Run Keyword And Return Status" owner="BuiltIn">
<kw name="Wait Until Element Is Visible" owner="SeleniumLibrary">
<msg time="2025-04-16T16:03:21.107482" level="INFO" html="true">&lt;/td&gt;&lt;/tr&gt;&lt;tr&gt;&lt;td colspan="3"&gt;&lt;a href="selenium-screenshot-24.png"&gt;&lt;img src="selenium-screenshot-24.png" width="800px"&gt;&lt;/a&gt;</msg>
<msg time="2025-04-16T16:03:21.107764" level="FAIL">Element 'xpath=//tbody/tr[2]/td[5]//div[contains(.,'Menunggu persetujuan')]' not visible after 5 seconds.</msg>
<arg>${locator}</arg>
<arg>timeout=5s</arg>
<doc>Waits until the element ``locator`` is visible.</doc>
<status status="FAIL" start="2025-04-16T16:03:15.810603" elapsed="5.299970">Element 'xpath=//tbody/tr[2]/td[5]//div[contains(.,'Menunggu persetujuan')]' not visible after 5 seconds.</status>
</kw>
<msg time="2025-04-16T16:03:21.110821" level="INFO">${res} = False</msg>
<var>${res}</var>
<arg>Wait Until Element Is Visible</arg>
<arg>${locator}</arg>
<arg>timeout=5s</arg>
<doc>Runs the given keyword with given arguments and returns the status as a Boolean value.</doc>
<status status="PASS" start="2025-04-16T16:03:15.810058" elapsed="5.300815"/>
</kw>
<return>
<value>${res}</value>
<status status="PASS" start="2025-04-16T16:03:21.110989" elapsed="0.000072"/>
</return>
<msg time="2025-04-16T16:03:21.111371" level="INFO">${res} = False</msg>
<var>${res}</var>
<arg>xpath=//tbody/tr[${counter}]/td[5]//div[contains(.,'${textStatusProject}')]</arg>
<status status="PASS" start="2025-04-16T16:03:15.809045" elapsed="5.302404"/>
</kw>
<if>
<branch type="IF" condition="${res}">
<kw name="Get Text" owner="SeleniumLibrary">
<var>${text}</var>
<arg>xpath=//tbody/tr[${counter}]/td[1]</arg>
<doc>Returns the text value of the element identified by ``locator``.</doc>
<status status="NOT RUN" start="2025-04-16T16:03:21.111873" elapsed="0.000051"/>
</kw>
<kw name="Get Text" owner="SeleniumLibrary">
<var>${status}</var>
<arg>xpath=//tbody/tr[${counter}]/td[5]</arg>
<doc>Returns the text value of the element identified by ``locator``.</doc>
<status status="NOT RUN" start="2025-04-16T16:03:21.112165" elapsed="0.000064"/>
</kw>
<kw name="user click element" owner="generalFunct">
<arg>xpath=//tbody/tr[3]/td[6]/span/span</arg>
<status status="NOT RUN" start="2025-04-16T16:03:21.112484" elapsed="0.000051"/>
</kw>
<kw name="general Wait Until" owner="generalFunct">
<arg>xpath=//span[normalize-space()='Detail Project']</arg>
<status status="NOT RUN" start="2025-04-16T16:03:21.112719" elapsed="0.000047"/>
</kw>
<kw name="general return status" owner="generalFunct">
<var>${res_detail}</var>
<arg>xpath=//span[normalize-space()='Detail Project']</arg>
<status status="NOT RUN" start="2025-04-16T16:03:21.112952" elapsed="0.000046"/>
</kw>
<while condition="${res_detail} == $False">
<iter>
<kw name="user click element" owner="generalFunct">
<arg>xpath=//tbody/tr[${counter}]/td[contains(., 'Detail')]</arg>
<status status="NOT RUN" start="2025-04-16T16:03:21.113355" elapsed="0.000047"/>
</kw>
<kw name="general return status" owner="generalFunct">
<var>${res_detail}</var>
<arg>xpath=//span[normalize-space()='Detail Project']</arg>
<status status="NOT RUN" start="2025-04-16T16:03:21.113587" elapsed="0.000048"/>
</kw>
<status status="NOT RUN" start="2025-04-16T16:03:21.113086" elapsed="0.000613"/>
</iter>
<status status="NOT RUN" start="2025-04-16T16:03:21.113084" elapsed="0.000668"/>
</while>
<kw name="general Wait Until" owner="generalFunct">
<arg>${namaProject_onDetailPage}</arg>
<status status="NOT RUN" start="2025-04-16T16:03:21.113940" elapsed="0.000046"/>
</kw>
<kw name="Get Text" owner="SeleniumLibrary">
<var>${nameProject}</var>
<arg>${namaProject_onDetailPage}</arg>
<doc>Returns the text value of the element identified by ``locator``.</doc>
<status status="NOT RUN" start="2025-04-16T16:03:21.114167" elapsed="0.000045"/>
</kw>
<kw name="Get Text" owner="SeleniumLibrary">
<var>${status_onDetailPage}</var>
<arg>${statusProject}</arg>
<doc>Returns the text value of the element identified by ``locator``.</doc>
<status status="NOT RUN" start="2025-04-16T16:03:21.114379" elapsed="0.000043"/>
</kw>
<kw name="Log To Console" owner="BuiltIn">
<arg>Nama Project: ${nameProject}</arg>
<doc>Logs the given message to the console.</doc>
<status status="NOT RUN" start="2025-04-16T16:03:21.114587" elapsed="0.000044"/>
</kw>
<kw name="Log To Console" owner="BuiltIn">
<arg>Status Project: ${status_onDetailPage}</arg>
<doc>Logs the given message to the console.</doc>
<status status="NOT RUN" start="2025-04-16T16:03:21.114796" elapsed="0.000042"/>
</kw>
<kw name="Set Global Variable" owner="BuiltIn">
<arg>${nameProject_MenungguPersetujuan}</arg>
<arg>${nameProject}</arg>
<doc>Makes a variable available globally in all tests and suites.</doc>
<status status="NOT RUN" start="2025-04-16T16:03:21.115005" elapsed="0.000043"/>
</kw>
<kw name="Should Be Equal" owner="BuiltIn">
<arg>${nameProject}</arg>
<arg>${text}</arg>
<doc>Fails if the given objects are unequal.</doc>
<status status="NOT RUN" start="2025-04-16T16:03:21.115224" elapsed="0.000044"/>
</kw>
<kw name="Should Be Equal" owner="BuiltIn">
<arg>${status_onDetailPage}</arg>
<arg>${status}</arg>
<doc>Fails if the given objects are unequal.</doc>
<status status="NOT RUN" start="2025-04-16T16:03:21.115428" elapsed="0.000042"/>
</kw>
<kw name="Exit For Loop" owner="BuiltIn">
<doc>Stops executing the enclosing FOR loop.</doc>
<status status="NOT RUN" start="2025-04-16T16:03:21.115623" elapsed="0.000040"/>
</kw>
<status status="NOT RUN" start="2025-04-16T16:03:21.111608" elapsed="0.004110"/>
</branch>
<status status="PASS" start="2025-04-16T16:03:21.111573" elapsed="0.004215"/>
</if>
<var name="${counter}">2</var>
<status status="PASS" start="2025-04-16T16:03:15.808592" elapsed="5.307243"/>
</iter>
<iter>
<kw name="general return status" owner="generalFunct">
<kw name="Run Keyword And Return Status" owner="BuiltIn">
<kw name="Wait Until Element Is Visible" owner="SeleniumLibrary">
<arg>${locator}</arg>
<arg>timeout=5s</arg>
<doc>Waits until the element ``locator`` is visible.</doc>
<status status="PASS" start="2025-04-16T16:03:21.117083" elapsed="0.026733"/>
</kw>
<msg time="2025-04-16T16:03:21.144022" level="INFO">${res} = True</msg>
<var>${res}</var>
<arg>Wait Until Element Is Visible</arg>
<arg>${locator}</arg>
<arg>timeout=5s</arg>
<doc>Runs the given keyword with given arguments and returns the status as a Boolean value.</doc>
<status status="PASS" start="2025-04-16T16:03:21.116842" elapsed="0.027230"/>
</kw>
<return>
<value>${res}</value>
<status status="PASS" start="2025-04-16T16:03:21.144186" elapsed="0.000081"/>
</return>
<msg time="2025-04-16T16:03:21.144473" level="INFO">${res} = True</msg>
<var>${res}</var>
<arg>xpath=//tbody/tr[${counter}]/td[5]//div[contains(.,'${textStatusProject}')]</arg>
<status status="PASS" start="2025-04-16T16:03:21.116356" elapsed="0.028162"/>
</kw>
<if>
<branch type="IF" condition="${res}">
<kw name="Get Text" owner="SeleniumLibrary">
<msg time="2025-04-16T16:03:21.173851" level="INFO">${text} = ProjectTest2 9 april</msg>
<var>${text}</var>
<arg>xpath=//tbody/tr[${counter}]/td[1]</arg>
<doc>Returns the text value of the element identified by ``locator``.</doc>
<status status="PASS" start="2025-04-16T16:03:21.144917" elapsed="0.029000"/>
</kw>
<kw name="Get Text" owner="SeleniumLibrary">
<msg time="2025-04-16T16:03:21.201944" level="INFO">${status} = Menunggu persetujuan</msg>
<var>${status}</var>
<arg>xpath=//tbody/tr[${counter}]/td[5]</arg>
<doc>Returns the text value of the element identified by ``locator``.</doc>
<status status="PASS" start="2025-04-16T16:03:21.174173" elapsed="0.027836"/>
</kw>
<kw name="user click element" owner="generalFunct">
<kw name="Sleep" owner="BuiltIn">
<msg time="2025-04-16T16:03:26.203254" level="INFO">Slept 5 seconds.</msg>
<arg>5</arg>
<doc>Pauses the test executed for the given time.</doc>
<status status="PASS" start="2025-04-16T16:03:21.202789" elapsed="5.000737"/>
</kw>
<kw name="Wait Until Element Is Visible" owner="SeleniumLibrary">
<arg>${element}</arg>
<doc>Waits until the element ``locator`` is visible.</doc>
<status status="PASS" start="2025-04-16T16:03:26.204095" elapsed="0.055424"/>
</kw>
<kw name="Click Element" owner="SeleniumLibrary">
<msg time="2025-04-16T16:03:26.260146" level="INFO">Clicking element 'xpath=//tbody/tr[3]/td[6]/span/span'.</msg>
<msg time="2025-04-16T16:03:26.377752" level="INFO">${clickElement} = None</msg>
<var>${clickElement}</var>
<arg>${element}</arg>
<doc>Click the element identified by ``locator``.</doc>
<status status="PASS" start="2025-04-16T16:03:26.259818" elapsed="0.118000"/>
</kw>
<return>
<value>${clickElement}</value>
<status status="PASS" start="2025-04-16T16:03:26.377941" elapsed="0.000071"/>
</return>
<arg>xpath=//tbody/tr[3]/td[6]/span/span</arg>
<status status="PASS" start="2025-04-16T16:03:21.202358" elapsed="5.175828"/>
</kw>
<kw name="general Wait Until" owner="generalFunct">
<kw name="Wait Until Element Is Visible" owner="SeleniumLibrary">
<arg>${locator}</arg>
<arg>timeout=5s</arg>
<doc>Waits until the element ``locator`` is visible.</doc>
<status status="PASS" start="2025-04-16T16:03:26.378916" elapsed="1.142040"/>
</kw>
<kw name="Sleep" owner="BuiltIn">
<msg time="2025-04-16T16:03:32.522520" level="INFO">Slept 5 seconds.</msg>
<arg>5</arg>
<doc>Pauses the test executed for the given time.</doc>
<status status="PASS" start="2025-04-16T16:03:27.521552" elapsed="5.001187"/>
</kw>
<arg>xpath=//span[normalize-space()='Detail Project']</arg>
<status status="PASS" start="2025-04-16T16:03:26.378478" elapsed="6.144484"/>
</kw>
<kw name="general return status" owner="generalFunct">
<kw name="Run Keyword And Return Status" owner="BuiltIn">
<kw name="Wait Until Element Is Visible" owner="SeleniumLibrary">
<arg>${locator}</arg>
<arg>timeout=5s</arg>
<doc>Waits until the element ``locator`` is visible.</doc>
<status status="PASS" start="2025-04-16T16:03:32.524241" elapsed="0.022112"/>
</kw>
<msg time="2025-04-16T16:03:32.546559" level="INFO">${res} = True</msg>
<var>${res}</var>
<arg>Wait Until Element Is Visible</arg>
<arg>${locator}</arg>
<arg>timeout=5s</arg>
<doc>Runs the given keyword with given arguments and returns the status as a Boolean value.</doc>
<status status="PASS" start="2025-04-16T16:03:32.523981" elapsed="0.022626"/>
</kw>
<return>
<value>${res}</value>
<status status="PASS" start="2025-04-16T16:03:32.546725" elapsed="0.000069"/>
</return>
<msg time="2025-04-16T16:03:32.547050" level="INFO">${res_detail} = True</msg>
<var>${res_detail}</var>
<arg>xpath=//span[normalize-space()='Detail Project']</arg>
<status status="PASS" start="2025-04-16T16:03:32.523459" elapsed="0.023643"/>
</kw>
<while condition="${res_detail} == $False">
<iter>
<kw name="user click element" owner="generalFunct">
<arg>xpath=//tbody/tr[${counter}]/td[contains(., 'Detail')]</arg>
<status status="NOT RUN" start="2025-04-16T16:03:32.547712" elapsed="0.000056"/>
</kw>
<kw name="general return status" owner="generalFunct">
<var>${res_detail}</var>
<arg>xpath=//span[normalize-space()='Detail Project']</arg>
<status status="NOT RUN" start="2025-04-16T16:03:32.547975" elapsed="0.000057"/>
</kw>
<status status="NOT RUN" start="2025-04-16T16:03:32.547205" elapsed="0.000900"/>
</iter>
<status status="NOT RUN" start="2025-04-16T16:03:32.547203" elapsed="0.000957"/>
</while>
<kw name="general Wait Until" owner="generalFunct">
<kw name="Wait Until Element Is Visible" owner="SeleniumLibrary">
<arg>${locator}</arg>
<arg>timeout=5s</arg>
<doc>Waits until the element ``locator`` is visible.</doc>
<status status="PASS" start="2025-04-16T16:03:32.548782" elapsed="0.027114"/>
</kw>
<kw name="Sleep" owner="BuiltIn">
<msg time="2025-04-16T16:03:37.577204" level="INFO">Slept 5 seconds.</msg>
<arg>5</arg>
<doc>Pauses the test executed for the given time.</doc>
<status status="PASS" start="2025-04-16T16:03:32.576161" elapsed="5.001445"/>
</kw>
<arg>${namaProject_onDetailPage}</arg>
<status status="PASS" start="2025-04-16T16:03:32.548353" elapsed="5.029747"/>
</kw>
<kw name="Get Text" owner="SeleniumLibrary">
<msg time="2025-04-16T16:03:37.631714" level="INFO">${nameProject} = ProjectTest2 9 april</msg>
<var>${nameProject}</var>
<arg>${namaProject_onDetailPage}</arg>
<doc>Returns the text value of the element identified by ``locator``.</doc>
<status status="PASS" start="2025-04-16T16:03:37.578718" elapsed="0.053151"/>
</kw>
<kw name="Get Text" owner="SeleniumLibrary">
<msg time="2025-04-16T16:03:37.667046" level="INFO">${status_onDetailPage} = Menunggu persetujuan</msg>
<var>${status_onDetailPage}</var>
<arg>${statusProject}</arg>
<doc>Returns the text value of the element identified by ``locator``.</doc>
<status status="PASS" start="2025-04-16T16:03:37.632494" elapsed="0.034622"/>
</kw>
<kw name="Log To Console" owner="BuiltIn">
<arg>Nama Project: ${nameProject}</arg>
<doc>Logs the given message to the console.</doc>
<status status="PASS" start="2025-04-16T16:03:37.667396" elapsed="0.000625"/>
</kw>
<kw name="Log To Console" owner="BuiltIn">
<arg>Status Project: ${status_onDetailPage}</arg>
<doc>Logs the given message to the console.</doc>
<status status="PASS" start="2025-04-16T16:03:37.668438" elapsed="0.000584"/>
</kw>
<kw name="Set Global Variable" owner="BuiltIn">
<msg time="2025-04-16T16:03:37.671828" level="INFO">${nameProject_MenungguPersetujuan} = ProjectTest2 9 april</msg>
<arg>${nameProject_MenungguPersetujuan}</arg>
<arg>${nameProject}</arg>
<doc>Makes a variable available globally in all tests and suites.</doc>
<status status="PASS" start="2025-04-16T16:03:37.669430" elapsed="0.002512"/>
</kw>
<kw name="Should Be Equal" owner="BuiltIn">
<arg>${nameProject}</arg>
<arg>${text}</arg>
<doc>Fails if the given objects are unequal.</doc>
<status status="PASS" start="2025-04-16T16:03:37.672208" elapsed="0.000313"/>
</kw>
<kw name="Should Be Equal" owner="BuiltIn">
<arg>${status_onDetailPage}</arg>
<arg>${status}</arg>
<doc>Fails if the given objects are unequal.</doc>
<status status="PASS" start="2025-04-16T16:03:37.672723" elapsed="0.000280"/>
</kw>
<kw name="Exit For Loop" owner="BuiltIn">
<msg time="2025-04-16T16:03:37.673316" level="INFO">Exiting for loop altogether.</msg>
<doc>Stops executing the enclosing FOR loop.</doc>
<status status="PASS" start="2025-04-16T16:03:37.673191" elapsed="0.000223"/>
</kw>
<status status="PASS" start="2025-04-16T16:03:21.144653" elapsed="16.528837"/>
</branch>
<status status="PASS" start="2025-04-16T16:03:21.144623" elapsed="16.528942"/>
</if>
<var name="${counter}">3</var>
<status status="PASS" start="2025-04-16T16:03:21.116164" elapsed="16.557448"/>
</iter>
<var>${counter}</var>
<value>1</value>
<value>10</value>
<status status="PASS" start="2025-04-16T16:03:10.456072" elapsed="27.217617"/>
</for>
<arg>${textStatus}</arg>
<status status="PASS" start="2025-04-16T16:03:10.455400" elapsed="27.218423"/>
</kw>
<kw name="Exit For Loop" owner="BuiltIn">
<msg time="2025-04-16T16:03:37.674124" level="INFO">Exiting for loop altogether.</msg>
<doc>Stops executing the enclosing FOR loop.</doc>
<status status="PASS" start="2025-04-16T16:03:37.673998" elapsed="0.000208"/>
</kw>
<status status="PASS" start="2025-04-16T16:03:10.454900" elapsed="27.219378"/>
</branch>
<branch type="ELSE">
<kw name="general return status" owner="generalFunct">
<var>${next}</var>
<arg>${nextPage}</arg>
<status status="NOT RUN" start="2025-04-16T16:03:37.674591" elapsed="0.000050"/>
</kw>
<kw name="Run Keyword If" owner="BuiltIn">
<arg>${next}</arg>
<arg>user click element</arg>
<arg>${nextPage}</arg>
<doc>Runs the given keyword with the given arguments, if ``condition`` is true.</doc>
<status status="NOT RUN" start="2025-04-16T16:03:37.674841" elapsed="0.000048"/>
</kw>
<status status="NOT RUN" start="2025-04-16T16:03:37.674344" elapsed="0.000618"/>
</branch>
<status status="PASS" start="2025-04-16T16:03:10.454868" elapsed="27.220152"/>
</if>
<var name="${counter}">1</var>
<status status="PASS" start="2025-04-16T16:03:10.413475" elapsed="27.261593"/>
</iter>
<var>${counter}</var>
<value>1</value>
<value>${len}</value>
<status status="PASS" start="2025-04-16T16:03:10.412929" elapsed="27.262211"/>
</for>
<arg>Menunggu persetujuan</arg>
<status status="PASS" start="2025-04-16T16:03:07.410486" elapsed="30.264789"/>
</kw>
<kw name="And detail information on detail page" owner="pom_detailProject_MenungguPersetujuan">
<kw name="Get Length" owner="BuiltIn">
<msg time="2025-04-16T16:03:37.676188" level="INFO">Length is 31.</msg>
<msg time="2025-04-16T16:03:37.676303" level="INFO">${len} = 31</msg>
<var>${len}</var>
<arg>xpath=//div[@class='w-100']/div</arg>
<doc>Returns and logs the length of the given item as an integer.</doc>
<status status="PASS" start="2025-04-16T16:03:37.676024" elapsed="0.000327"/>
</kw>
<for flavor="IN RANGE">
<iter>
<kw name="general return status" owner="generalFunct">
<kw name="Run Keyword And Return Status" owner="BuiltIn">
<kw name="Wait Until Element Is Visible" owner="SeleniumLibrary">
<arg>${locator}</arg>
<arg>timeout=5s</arg>
<doc>Waits until the element ``locator`` is visible.</doc>
<status status="PASS" start="2025-04-16T16:03:37.677749" elapsed="0.037668"/>
</kw>
<msg time="2025-04-16T16:03:37.715752" level="INFO">${res} = True</msg>
<var>${res}</var>
<arg>Wait Until Element Is Visible</arg>
<arg>${locator}</arg>
<arg>timeout=5s</arg>
<doc>Runs the given keyword with given arguments and returns the status as a Boolean value.</doc>
<status status="PASS" start="2025-04-16T16:03:37.677496" elapsed="0.038472"/>
</kw>
<return>
<value>${res}</value>
<status status="PASS" start="2025-04-16T16:03:37.716185" elapsed="0.000119"/>
</return>
<msg time="2025-04-16T16:03:37.716700" level="INFO">${res} = True</msg>
<var>${res}</var>
<arg>xpath=//div[@class='w-100']/div[${counter}]</arg>
<status status="PASS" start="2025-04-16T16:03:37.677017" elapsed="0.039769"/>
</kw>
<if>
<branch type="IF" condition="${res}">
<kw name="Get Text" owner="SeleniumLibrary">
<msg time="2025-04-16T16:03:37.749139" level="INFO">${text} = Admin</msg>
<var>${text}</var>
<arg>xpath=//div[@class='w-100']/div[${counter}]/div[1]/span</arg>
<doc>Returns the text value of the element identified by ``locator``.</doc>
<status status="PASS" start="2025-04-16T16:03:37.717528" elapsed="0.031686"/>
</kw>
<kw name="Get Text" owner="SeleniumLibrary">
<msg time="2025-04-16T16:03:37.780097" level="INFO">${textName} = gonsadm</msg>
<var>${textName}</var>
<arg>xpath=//div[@class='w-100']/div[${counter}]/div[2]/span[2]</arg>
<doc>Returns the text value of the element identified by ``locator``.</doc>
<status status="PASS" start="2025-04-16T16:03:37.749672" elapsed="0.030495"/>
</kw>
<kw name="Log To Console" owner="BuiltIn">
<arg>${text}: ${textName}</arg>
<doc>Logs the given message to the console.</doc>
<status status="PASS" start="2025-04-16T16:03:37.780428" elapsed="0.000551"/>
</kw>
<kw name="Get Text" owner="SeleniumLibrary">
<msg time="2025-04-16T16:03:37.807995" level="INFO">${textBorder} = Tanggal project</msg>
<var>${textBorder}</var>
<arg>xpath=//div[@class="w-100 borderRight "]/div[${counter}]/div[1]/span</arg>
<doc>Returns the text value of the element identified by ``locator``.</doc>
<status status="PASS" start="2025-04-16T16:03:37.781354" elapsed="0.026730"/>
</kw>
<kw name="Get Text" owner="SeleniumLibrary">
<msg time="2025-04-16T16:03:37.834153" level="INFO">${textBorderRight} = 09 Apr 2025 - 30 Apr 2025</msg>
<var>${textBorderRight}</var>
<arg>xpath=//div[@class="w-100 borderRight "]/div[${counter}]/div[2]/span[2]</arg>
<doc>Returns the text value of the element identified by ``locator``.</doc>
<status status="PASS" start="2025-04-16T16:03:37.808391" elapsed="0.025830"/>
</kw>
<kw name="Log To Console" owner="BuiltIn">
<arg>${textBorder}: ${textBorderRight}</arg>
<doc>Logs the given message to the console.</doc>
<status status="PASS" start="2025-04-16T16:03:37.834486" elapsed="0.000518"/>
</kw>
<status status="PASS" start="2025-04-16T16:03:37.717032" elapsed="0.118114"/>
</branch>
<branch type="ELSE">
<kw name="Exit For Loop" owner="BuiltIn">
<doc>Stops executing the enclosing FOR loop.</doc>
<status status="NOT RUN" start="2025-04-16T16:03:37.835550" elapsed="0.000061"/>
</kw>
<status status="NOT RUN" start="2025-04-16T16:03:37.835254" elapsed="0.000429"/>
</branch>
<status status="PASS" start="2025-04-16T16:03:37.716974" elapsed="0.118773"/>
</if>
<var name="${counter}">1</var>
<status status="PASS" start="2025-04-16T16:03:37.676810" elapsed="0.159048"/>
</iter>
<iter>
<kw name="general return status" owner="generalFunct">
<kw name="Run Keyword And Return Status" owner="BuiltIn">
<kw name="Wait Until Element Is Visible" owner="SeleniumLibrary">
<arg>${locator}</arg>
<arg>timeout=5s</arg>
<doc>Waits until the element ``locator`` is visible.</doc>
<status status="PASS" start="2025-04-16T16:03:37.837769" elapsed="0.032017"/>
</kw>
<msg time="2025-04-16T16:03:37.870134" level="INFO">${res} = True</msg>
<var>${res}</var>
<arg>Wait Until Element Is Visible</arg>
<arg>${locator}</arg>
<arg>timeout=5s</arg>
<doc>Runs the given keyword with given arguments and returns the status as a Boolean value.</doc>
<status status="PASS" start="2025-04-16T16:03:37.837411" elapsed="0.032819"/>
</kw>
<return>
<value>${res}</value>
<status status="PASS" start="2025-04-16T16:03:37.870567" elapsed="0.000128"/>
</return>
<msg time="2025-04-16T16:03:37.871131" level="INFO">${res} = True</msg>
<var>${res}</var>
<arg>xpath=//div[@class='w-100']/div[${counter}]</arg>
<status status="PASS" start="2025-04-16T16:03:37.836757" elapsed="0.034494"/>
</kw>
<if>
<branch type="IF" condition="${res}">
<kw name="Get Text" owner="SeleniumLibrary">
<msg time="2025-04-16T16:03:37.899251" level="INFO">${text} = Manager Project</msg>
<var>${text}</var>
<arg>xpath=//div[@class='w-100']/div[${counter}]/div[1]/span</arg>
<doc>Returns the text value of the element identified by ``locator``.</doc>
<status status="PASS" start="2025-04-16T16:03:37.872228" elapsed="0.027114"/>
</kw>
<kw name="Get Text" owner="SeleniumLibrary">
<msg time="2025-04-16T16:03:37.928953" level="INFO">${textName} = gonsapproval</msg>
<var>${textName}</var>
<arg>xpath=//div[@class='w-100']/div[${counter}]/div[2]/span[2]</arg>
<doc>Returns the text value of the element identified by ``locator``.</doc>
<status status="PASS" start="2025-04-16T16:03:37.899596" elapsed="0.029470"/>
</kw>
<kw name="Log To Console" owner="BuiltIn">
<arg>${text}: ${textName}</arg>
<doc>Logs the given message to the console.</doc>
<status status="PASS" start="2025-04-16T16:03:37.929493" elapsed="0.000787"/>
</kw>
<kw name="Get Text" owner="SeleniumLibrary">
<msg time="2025-04-16T16:03:37.958258" level="INFO">${textBorder} = Anggaran maksimal</msg>
<var>${textBorder}</var>
<arg>xpath=//div[@class="w-100 borderRight "]/div[${counter}]/div[1]/span</arg>
<doc>Returns the text value of the element identified by ``locator``.</doc>
<status status="PASS" start="2025-04-16T16:03:37.930783" elapsed="0.027544"/>
</kw>
<kw name="Get Text" owner="SeleniumLibrary">
<msg time="2025-04-16T16:03:37.984208" level="INFO">${textBorderRight} = Rp 50,000,000</msg>
<var>${textBorderRight}</var>
<arg>xpath=//div[@class="w-100 borderRight "]/div[${counter}]/div[2]/span[2]</arg>
<doc>Returns the text value of the element identified by ``locator``.</doc>
<status status="PASS" start="2025-04-16T16:03:37.958587" elapsed="0.025736"/>
</kw>
<kw name="Log To Console" owner="BuiltIn">
<arg>${textBorder}: ${textBorderRight}</arg>
<doc>Logs the given message to the console.</doc>
<status status="PASS" start="2025-04-16T16:03:37.984681" elapsed="0.000554"/>
</kw>
<status status="PASS" start="2025-04-16T16:03:37.871532" elapsed="0.113851"/>
</branch>
<branch type="ELSE">
<kw name="Exit For Loop" owner="BuiltIn">
<doc>Stops executing the enclosing FOR loop.</doc>
<status status="NOT RUN" start="2025-04-16T16:03:37.985920" elapsed="0.000165"/>
</kw>
<status status="NOT RUN" start="2025-04-16T16:03:37.985520" elapsed="0.000673"/>
</branch>
<status status="PASS" start="2025-04-16T16:03:37.871472" elapsed="0.114806"/>
</if>
<var name="${counter}">2</var>
<status status="PASS" start="2025-04-16T16:03:37.836452" elapsed="0.149878"/>
</iter>
<iter>
<kw name="general return status" owner="generalFunct">
<kw name="Run Keyword And Return Status" owner="BuiltIn">
<kw name="Wait Until Element Is Visible" owner="SeleniumLibrary">
<arg>${locator}</arg>
<arg>timeout=5s</arg>
<doc>Waits until the element ``locator`` is visible.</doc>
<status status="PASS" start="2025-04-16T16:03:37.987838" elapsed="0.026920"/>
</kw>
<msg time="2025-04-16T16:03:38.014967" level="INFO">${res} = True</msg>
<var>${res}</var>
<arg>Wait Until Element Is Visible</arg>
<arg>${locator}</arg>
<arg>timeout=5s</arg>
<doc>Runs the given keyword with given arguments and returns the status as a Boolean value.</doc>
<status status="PASS" start="2025-04-16T16:03:37.987534" elapsed="0.027484"/>
</kw>
<return>
<value>${res}</value>
<status status="PASS" start="2025-04-16T16:03:38.015132" elapsed="0.000072"/>
</return>
<msg time="2025-04-16T16:03:38.015412" level="INFO">${res} = True</msg>
<var>${res}</var>
<arg>xpath=//div[@class='w-100']/div[${counter}]</arg>
<status status="PASS" start="2025-04-16T16:03:37.987026" elapsed="0.028433"/>
</kw>
<if>
<branch type="IF" condition="${res}">
<kw name="Get Text" owner="SeleniumLibrary">
<msg time="2025-04-16T16:03:38.042156" level="INFO">${text} = Finance</msg>
<var>${text}</var>
<arg>xpath=//div[@class='w-100']/div[${counter}]/div[1]/span</arg>
<doc>Returns the text value of the element identified by ``locator``.</doc>
<status status="PASS" start="2025-04-16T16:03:38.016033" elapsed="0.026190"/>
</kw>
<kw name="Get Text" owner="SeleniumLibrary">
<msg time="2025-04-16T16:03:38.068766" level="INFO">${textName} = gonsfin</msg>
<var>${textName}</var>
<arg>xpath=//div[@class='w-100']/div[${counter}]/div[2]/span[2]</arg>
<doc>Returns the text value of the element identified by ``locator``.</doc>
<status status="PASS" start="2025-04-16T16:03:38.042495" elapsed="0.026348"/>
</kw>
<kw name="Log To Console" owner="BuiltIn">
<arg>${text}: ${textName}</arg>
<doc>Logs the given message to the console.</doc>
<status status="PASS" start="2025-04-16T16:03:38.069148" elapsed="0.000569"/>
</kw>
<kw name="Get Text" owner="SeleniumLibrary">
<msg time="2025-04-16T16:03:38.097939" level="INFO">${textBorder} = Total pembelian</msg>
<var>${textBorder}</var>
<arg>xpath=//div[@class="w-100 borderRight "]/div[${counter}]/div[1]/span</arg>
<doc>Returns the text value of the element identified by ``locator``.</doc>
<status status="PASS" start="2025-04-16T16:03:38.070206" elapsed="0.027810"/>
</kw>
<kw name="Get Text" owner="SeleniumLibrary">
<msg time="2025-04-16T16:03:38.126182" level="INFO">${textBorderRight} = Rp 0</msg>
<var>${textBorderRight}</var>
<arg>xpath=//div[@class="w-100 borderRight "]/div[${counter}]/div[2]/span[2]</arg>
<doc>Returns the text value of the element identified by ``locator``.</doc>
<status status="PASS" start="2025-04-16T16:03:38.098314" elapsed="0.027947"/>
</kw>
<kw name="Log To Console" owner="BuiltIn">
<arg>${textBorder}: ${textBorderRight}</arg>
<doc>Logs the given message to the console.</doc>
<status status="PASS" start="2025-04-16T16:03:38.126513" elapsed="0.000535"/>
</kw>
<status status="PASS" start="2025-04-16T16:03:38.015767" elapsed="0.111429"/>
</branch>
<branch type="ELSE">
<kw name="Exit For Loop" owner="BuiltIn">
<doc>Stops executing the enclosing FOR loop.</doc>
<status status="NOT RUN" start="2025-04-16T16:03:38.127643" elapsed="0.000055"/>
</kw>
<status status="NOT RUN" start="2025-04-16T16:03:38.127353" elapsed="0.000412"/>
</branch>
<status status="PASS" start="2025-04-16T16:03:38.015733" elapsed="0.112089"/>
</if>
<var name="${counter}">3</var>
<status status="PASS" start="2025-04-16T16:03:37.986712" elapsed="0.141154"/>
</iter>
<iter>
<kw name="general return status" owner="generalFunct">
<kw name="Run Keyword And Return Status" owner="BuiltIn">
<kw name="Wait Until Element Is Visible" owner="SeleniumLibrary">
<msg time="2025-04-16T16:03:43.461348" level="INFO" html="true">&lt;/td&gt;&lt;/tr&gt;&lt;tr&gt;&lt;td colspan="3"&gt;&lt;a href="selenium-screenshot-25.png"&gt;&lt;img src="selenium-screenshot-25.png" width="800px"&gt;&lt;/a&gt;</msg>
<msg time="2025-04-16T16:03:43.461580" level="FAIL">Element 'xpath=//div[@class='w-100']/div[4]' not visible after 5 seconds.</msg>
<arg>${locator}</arg>
<arg>timeout=5s</arg>
<doc>Waits until the element ``locator`` is visible.</doc>
<status status="FAIL" start="2025-04-16T16:03:38.129147" elapsed="5.333950">Element 'xpath=//div[@class='w-100']/div[4]' not visible after 5 seconds.</status>
</kw>
<msg time="2025-04-16T16:03:43.463307" level="INFO">${res} = False</msg>
<var>${res}</var>
<arg>Wait Until Element Is Visible</arg>
<arg>${locator}</arg>
<arg>timeout=5s</arg>
<doc>Runs the given keyword with given arguments and returns the status as a Boolean value.</doc>
<status status="PASS" start="2025-04-16T16:03:38.128889" elapsed="5.334467"/>
</kw>
<return>
<value>${res}</value>
<status status="PASS" start="2025-04-16T16:03:43.463463" elapsed="0.000068"/>
</return>
<msg time="2025-04-16T16:03:43.463735" level="INFO">${res} = False</msg>
<var>${res}</var>
<arg>xpath=//div[@class='w-100']/div[${counter}]</arg>
<status status="PASS" start="2025-04-16T16:03:38.128362" elapsed="5.335417"/>
</kw>
<if>
<branch type="IF" condition="${res}">
<kw name="Get Text" owner="SeleniumLibrary">
<var>${text}</var>
<arg>xpath=//div[@class='w-100']/div[${counter}]/div[1]/span</arg>
<doc>Returns the text value of the element identified by ``locator``.</doc>
<status status="NOT RUN" start="2025-04-16T16:03:43.464168" elapsed="0.000055"/>
</kw>
<kw name="Get Text" owner="SeleniumLibrary">
<var>${textName}</var>
<arg>xpath=//div[@class='w-100']/div[${counter}]/div[2]/span[2]</arg>
<doc>Returns the text value of the element identified by ``locator``.</doc>
<status status="NOT RUN" start="2025-04-16T16:03:43.464404" elapsed="0.000043"/>
</kw>
<kw name="Log To Console" owner="BuiltIn">
<arg>${text}: ${textName}</arg>
<doc>Logs the given message to the console.</doc>
<status status="NOT RUN" start="2025-04-16T16:03:43.464620" elapsed="0.000047"/>
</kw>
<kw name="Get Text" owner="SeleniumLibrary">
<var>${textBorder}</var>
<arg>xpath=//div[@class="w-100 borderRight "]/div[${counter}]/div[1]/span</arg>
<doc>Returns the text value of the element identified by ``locator``.</doc>
<status status="NOT RUN" start="2025-04-16T16:03:43.464827" elapsed="0.000046"/>
</kw>
<kw name="Get Text" owner="SeleniumLibrary">
<var>${textBorderRight}</var>
<arg>xpath=//div[@class="w-100 borderRight "]/div[${counter}]/div[2]/span[2]</arg>
<doc>Returns the text value of the element identified by ``locator``.</doc>
<status status="NOT RUN" start="2025-04-16T16:03:43.465045" elapsed="0.000039"/>
</kw>
<kw name="Log To Console" owner="BuiltIn">
<arg>${textBorder}: ${textBorderRight}</arg>
<doc>Logs the given message to the console.</doc>
<status status="NOT RUN" start="2025-04-16T16:03:43.465248" elapsed="0.000043"/>
</kw>
<status status="NOT RUN" start="2025-04-16T16:03:43.463917" elapsed="0.001434"/>
</branch>
<branch type="ELSE">
<kw name="Exit For Loop" owner="BuiltIn">
<msg time="2025-04-16T16:03:43.465718" level="INFO">Exiting for loop altogether.</msg>
<doc>Stops executing the enclosing FOR loop.</doc>
<status status="PASS" start="2025-04-16T16:03:43.465575" elapsed="0.000232"/>
</kw>
<status status="PASS" start="2025-04-16T16:03:43.465412" elapsed="0.000469"/>
</branch>
<status status="PASS" start="2025-04-16T16:03:43.463887" elapsed="0.002057"/>
</if>
<var name="${counter}">4</var>
<status status="PASS" start="2025-04-16T16:03:38.128154" elapsed="5.337842"/>
</iter>
<var>${counter}</var>
<value>1</value>
<value>${len}</value>
<status status="PASS" start="2025-04-16T16:03:37.676457" elapsed="5.789615"/>
</for>
<status status="PASS" start="2025-04-16T16:03:37.675656" elapsed="5.790535"/>
</kw>
<status status="PASS" start="2025-04-16T16:02:36.343546" elapsed="67.122738"/>
</kw>
<kw name="End Web Test" owner="web_eProc" type="TEARDOWN">
<kw name="Log" owner="BuiltIn">
<msg time="2025-04-16T16:03:43.467531" level="INFO">Suite teardown initiated</msg>
<arg>Suite teardown initiated</arg>
<doc>Logs the given message with the given level.</doc>
<status status="PASS" start="2025-04-16T16:03:43.467367" elapsed="0.000258"/>
</kw>
<kw name="Close Browser" owner="SeleniumLibrary">
<doc>Closes the current browser.</doc>
<status status="PASS" start="2025-04-16T16:03:43.467892" elapsed="2.275742"/>
</kw>
<kw name="Remove file Report PNG" owner="web_eProc">
<kw name="List Directory" owner="OperatingSystem">
<msg time="2025-04-16T16:03:45.746630" level="INFO" html="true">Listing contents of directory '&lt;a href="file://C:\Users\1000Saudara45\Documents\Automation\eProc_Web\report"&gt;C:\Users\1000Saudara45\Documents\Automation\eProc_Web\report&lt;/a&gt;'.</msg>
<msg time="2025-04-16T16:03:45.747914" level="INFO">25 items:
C:\Users\1000Saudara45\Documents\Automation\eProc_Web\report\selenium-screenshot-1.png
C:\Users\1000Saudara45\Documents\Automation\eProc_Web\report\selenium-screenshot-10.png
C:\Users\1000Saudara45\Documents\Automation\eProc_Web\report\selenium-screenshot-11.png
C:\Users\1000Saudara45\Documents\Automation\eProc_Web\report\selenium-screenshot-12.png
C:\Users\1000Saudara45\Documents\Automation\eProc_Web\report\selenium-screenshot-13.png
C:\Users\1000Saudara45\Documents\Automation\eProc_Web\report\selenium-screenshot-14.png
C:\Users\1000Saudara45\Documents\Automation\eProc_Web\report\selenium-screenshot-15.png
C:\Users\1000Saudara45\Documents\Automation\eProc_Web\report\selenium-screenshot-16.png
C:\Users\1000Saudara45\Documents\Automation\eProc_Web\report\selenium-screenshot-17.png
C:\Users\1000Saudara45\Documents\Automation\eProc_Web\report\selenium-screenshot-18.png
C:\Users\1000Saudara45\Documents\Automation\eProc_Web\report\selenium-screenshot-19.png
C:\Users\1000Saudara45\Documents\Automation\eProc_Web\report\selenium-screenshot-2.png
C:\Users\1000Saudara45\Documents\Automation\eProc_Web\report\selenium-screenshot-20.png
C:\Users\1000Saudara45\Documents\Automation\eProc_Web\report\selenium-screenshot-21.png
C:\Users\1000Saudara45\Documents\Automation\eProc_Web\report\selenium-screenshot-22.png
C:\Users\1000Saudara45\Documents\Automation\eProc_Web\report\selenium-screenshot-23.png
C:\Users\1000Saudara45\Documents\Automation\eProc_Web\report\selenium-screenshot-24.png
C:\Users\1000Saudara45\Documents\Automation\eProc_Web\report\selenium-screenshot-25.png
C:\Users\1000Saudara45\Documents\Automation\eProc_Web\report\selenium-screenshot-3.png
C:\Users\1000Saudara45\Documents\Automation\eProc_Web\report\selenium-screenshot-4.png
C:\Users\1000Saudara45\Documents\Automation\eProc_Web\report\selenium-screenshot-5.png
C:\Users\1000Saudara45\Documents\Automation\eProc_Web\report\selenium-screenshot-6.png
C:\Users\1000Saudara45\Documents\Automation\eProc_Web\report\selenium-screenshot-7.png
C:\Users\1000Saudara45\Documents\Automation\eProc_Web\report\selenium-screenshot-8.png
C:\Users\1000Saudara45\Documents\Automation\eProc_Web\report\selenium-screenshot-9.png</msg>
<msg time="2025-04-16T16:03:45.748582" level="INFO">@{png_file} = [ C:\Users\1000Saudara45\Documents\Automation\eProc_Web\report\selenium-screenshot-1.png | C:\Users\1000Saudara45\Documents\Automation\eProc_Web\report\selenium-screenshot-10.png | C:\Users\1000Saudar...</msg>
<var>@{png_file}</var>
<arg>report/</arg>
<arg>*.png</arg>
<arg>absolute=${True}</arg>
<doc>Returns and logs items in a directory, optionally filtered with ``pattern``.</doc>
<status status="PASS" start="2025-04-16T16:03:45.745739" elapsed="0.002956"/>
</kw>
<kw name="Remove Files" owner="OperatingSystem">
<msg time="2025-04-16T16:03:45.750692" level="INFO" html="true">Removed file '&lt;a href="file://C:\Users\1000Saudara45\Documents\Automation\eProc_Web\report\selenium-screenshot-1.png"&gt;C:\Users\1000Saudara45\Documents\Automation\eProc_Web\report\selenium-screenshot-1.png&lt;/a&gt;'.</msg>
<msg time="2025-04-16T16:03:45.752518" level="INFO" html="true">Removed file '&lt;a href="file://C:\Users\1000Saudara45\Documents\Automation\eProc_Web\report\selenium-screenshot-10.png"&gt;C:\Users\1000Saudara45\Documents\Automation\eProc_Web\report\selenium-screenshot-10.png&lt;/a&gt;'.</msg>
<msg time="2025-04-16T16:03:45.754365" level="INFO" html="true">Removed file '&lt;a href="file://C:\Users\1000Saudara45\Documents\Automation\eProc_Web\report\selenium-screenshot-11.png"&gt;C:\Users\1000Saudara45\Documents\Automation\eProc_Web\report\selenium-screenshot-11.png&lt;/a&gt;'.</msg>
<msg time="2025-04-16T16:03:45.755847" level="INFO" html="true">Removed file '&lt;a href="file://C:\Users\1000Saudara45\Documents\Automation\eProc_Web\report\selenium-screenshot-12.png"&gt;C:\Users\1000Saudara45\Documents\Automation\eProc_Web\report\selenium-screenshot-12.png&lt;/a&gt;'.</msg>
<msg time="2025-04-16T16:03:45.757096" level="INFO" html="true">Removed file '&lt;a href="file://C:\Users\1000Saudara45\Documents\Automation\eProc_Web\report\selenium-screenshot-13.png"&gt;C:\Users\1000Saudara45\Documents\Automation\eProc_Web\report\selenium-screenshot-13.png&lt;/a&gt;'.</msg>
<msg time="2025-04-16T16:03:45.758526" level="INFO" html="true">Removed file '&lt;a href="file://C:\Users\1000Saudara45\Documents\Automation\eProc_Web\report\selenium-screenshot-14.png"&gt;C:\Users\1000Saudara45\Documents\Automation\eProc_Web\report\selenium-screenshot-14.png&lt;/a&gt;'.</msg>
<msg time="2025-04-16T16:03:45.759873" level="INFO" html="true">Removed file '&lt;a href="file://C:\Users\1000Saudara45\Documents\Automation\eProc_Web\report\selenium-screenshot-15.png"&gt;C:\Users\1000Saudara45\Documents\Automation\eProc_Web\report\selenium-screenshot-15.png&lt;/a&gt;'.</msg>
<msg time="2025-04-16T16:03:45.761355" level="INFO" html="true">Removed file '&lt;a href="file://C:\Users\1000Saudara45\Documents\Automation\eProc_Web\report\selenium-screenshot-16.png"&gt;C:\Users\1000Saudara45\Documents\Automation\eProc_Web\report\selenium-screenshot-16.png&lt;/a&gt;'.</msg>
<msg time="2025-04-16T16:03:45.763015" level="INFO" html="true">Removed file '&lt;a href="file://C:\Users\1000Saudara45\Documents\Automation\eProc_Web\report\selenium-screenshot-17.png"&gt;C:\Users\1000Saudara45\Documents\Automation\eProc_Web\report\selenium-screenshot-17.png&lt;/a&gt;'.</msg>
<msg time="2025-04-16T16:03:45.764733" level="INFO" html="true">Removed file '&lt;a href="file://C:\Users\1000Saudara45\Documents\Automation\eProc_Web\report\selenium-screenshot-18.png"&gt;C:\Users\1000Saudara45\Documents\Automation\eProc_Web\report\selenium-screenshot-18.png&lt;/a&gt;'.</msg>
<msg time="2025-04-16T16:03:45.766177" level="INFO" html="true">Removed file '&lt;a href="file://C:\Users\1000Saudara45\Documents\Automation\eProc_Web\report\selenium-screenshot-19.png"&gt;C:\Users\1000Saudara45\Documents\Automation\eProc_Web\report\selenium-screenshot-19.png&lt;/a&gt;'.</msg>
<msg time="2025-04-16T16:03:45.767434" level="INFO" html="true">Removed file '&lt;a href="file://C:\Users\1000Saudara45\Documents\Automation\eProc_Web\report\selenium-screenshot-2.png"&gt;C:\Users\1000Saudara45\Documents\Automation\eProc_Web\report\selenium-screenshot-2.png&lt;/a&gt;'.</msg>
<msg time="2025-04-16T16:03:45.769182" level="INFO" html="true">Removed file '&lt;a href="file://C:\Users\1000Saudara45\Documents\Automation\eProc_Web\report\selenium-screenshot-20.png"&gt;C:\Users\1000Saudara45\Documents\Automation\eProc_Web\report\selenium-screenshot-20.png&lt;/a&gt;'.</msg>
<msg time="2025-04-16T16:03:45.771128" level="INFO" html="true">Removed file '&lt;a href="file://C:\Users\1000Saudara45\Documents\Automation\eProc_Web\report\selenium-screenshot-21.png"&gt;C:\Users\1000Saudara45\Documents\Automation\eProc_Web\report\selenium-screenshot-21.png&lt;/a&gt;'.</msg>
<msg time="2025-04-16T16:03:45.772631" level="INFO" html="true">Removed file '&lt;a href="file://C:\Users\1000Saudara45\Documents\Automation\eProc_Web\report\selenium-screenshot-22.png"&gt;C:\Users\1000Saudara45\Documents\Automation\eProc_Web\report\selenium-screenshot-22.png&lt;/a&gt;'.</msg>
<msg time="2025-04-16T16:03:45.774041" level="INFO" html="true">Removed file '&lt;a href="file://C:\Users\1000Saudara45\Documents\Automation\eProc_Web\report\selenium-screenshot-23.png"&gt;C:\Users\1000Saudara45\Documents\Automation\eProc_Web\report\selenium-screenshot-23.png&lt;/a&gt;'.</msg>
<msg time="2025-04-16T16:03:45.775519" level="INFO" html="true">Removed file '&lt;a href="file://C:\Users\1000Saudara45\Documents\Automation\eProc_Web\report\selenium-screenshot-24.png"&gt;C:\Users\1000Saudara45\Documents\Automation\eProc_Web\report\selenium-screenshot-24.png&lt;/a&gt;'.</msg>
<msg time="2025-04-16T16:03:45.776917" level="INFO" html="true">Removed file '&lt;a href="file://C:\Users\1000Saudara45\Documents\Automation\eProc_Web\report\selenium-screenshot-25.png"&gt;C:\Users\1000Saudara45\Documents\Automation\eProc_Web\report\selenium-screenshot-25.png&lt;/a&gt;'.</msg>
<msg time="2025-04-16T16:03:45.778234" level="INFO" html="true">Removed file '&lt;a href="file://C:\Users\1000Saudara45\Documents\Automation\eProc_Web\report\selenium-screenshot-3.png"&gt;C:\Users\1000Saudara45\Documents\Automation\eProc_Web\report\selenium-screenshot-3.png&lt;/a&gt;'.</msg>
<msg time="2025-04-16T16:03:45.779650" level="INFO" html="true">Removed file '&lt;a href="file://C:\Users\1000Saudara45\Documents\Automation\eProc_Web\report\selenium-screenshot-4.png"&gt;C:\Users\1000Saudara45\Documents\Automation\eProc_Web\report\selenium-screenshot-4.png&lt;/a&gt;'.</msg>
<msg time="2025-04-16T16:03:45.780913" level="INFO" html="true">Removed file '&lt;a href="file://C:\Users\1000Saudara45\Documents\Automation\eProc_Web\report\selenium-screenshot-5.png"&gt;C:\Users\1000Saudara45\Documents\Automation\eProc_Web\report\selenium-screenshot-5.png&lt;/a&gt;'.</msg>
<msg time="2025-04-16T16:03:45.781637" level="INFO" html="true">Removed file '&lt;a href="file://C:\Users\1000Saudara45\Documents\Automation\eProc_Web\report\selenium-screenshot-6.png"&gt;C:\Users\1000Saudara45\Documents\Automation\eProc_Web\report\selenium-screenshot-6.png&lt;/a&gt;'.</msg>
<msg time="2025-04-16T16:03:45.782285" level="INFO" html="true">Removed file '&lt;a href="file://C:\Users\1000Saudara45\Documents\Automation\eProc_Web\report\selenium-screenshot-7.png"&gt;C:\Users\1000Saudara45\Documents\Automation\eProc_Web\report\selenium-screenshot-7.png&lt;/a&gt;'.</msg>
<msg time="2025-04-16T16:03:45.782994" level="INFO" html="true">Removed file '&lt;a href="file://C:\Users\1000Saudara45\Documents\Automation\eProc_Web\report\selenium-screenshot-8.png"&gt;C:\Users\1000Saudara45\Documents\Automation\eProc_Web\report\selenium-screenshot-8.png&lt;/a&gt;'.</msg>
<msg time="2025-04-16T16:03:45.783770" level="INFO" html="true">Removed file '&lt;a href="file://C:\Users\1000Saudara45\Documents\Automation\eProc_Web\report\selenium-screenshot-9.png"&gt;C:\Users\1000Saudara45\Documents\Automation\eProc_Web\report\selenium-screenshot-9.png&lt;/a&gt;'.</msg>
<arg>@{png_file}</arg>
<doc>Uses `Remove File` to remove multiple files one-by-one.</doc>
<status status="PASS" start="2025-04-16T16:03:45.749177" elapsed="0.034812"/>
</kw>
<status status="PASS" start="2025-04-16T16:03:45.744270" elapsed="0.039899"/>
</kw>
<doc>Closes the browser after all tests in the suite have run</doc>
<status status="PASS" start="2025-04-16T16:03:43.466933" elapsed="2.317432"/>
</kw>
<doc>This scenario test User can access detail project page</doc>
<tag>1000s</tag>
<tag>detail_project</tag>
<tag>test</tag>
<status status="PASS" start="2025-04-16T16:02:34.149065" elapsed="71.636033"/>
</test>
<test id="s1-t2" name="Tim OP can Changes Data Alamat Project" line="15">
<kw name="Begin Web Test" owner="web_eProc" type="SETUP">
<kw name="Open Browser" owner="SeleniumLibrary">
<msg time="2025-04-16T16:03:45.788286" level="INFO">Opening browser 'headlesschrome' to base url 'about:blank'.</msg>
<arg>about:blank</arg>
<arg>${BROWSER}</arg>
<doc>Opens a new browser instance to the optional ``url``.</doc>
<status status="PASS" start="2025-04-16T16:03:45.787980" elapsed="2.175886"/>
</kw>
<kw name="Maximize Browser Window" owner="SeleniumLibrary">
<doc>Maximizes current browser window.</doc>
<status status="PASS" start="2025-04-16T16:03:47.964505" elapsed="0.113997"/>
</kw>
<kw name="Go To" owner="SeleniumLibrary">
<msg time="2025-04-16T16:03:48.079586" level="INFO">Opening url 'https://developer.1000saudara.com/project1000s'</msg>
<arg>${URL_DEV}</arg>
<doc>Navigates the current browser window to the provided ``url``.</doc>
<status status="PASS" start="2025-04-16T16:03:48.079019" elapsed="1.432328"/>
</kw>
<status status="PASS" start="2025-04-16T16:03:45.787437" elapsed="3.724213"/>
</kw>
<kw name="User change data alamat project" owner="detailProject_MenungguPersetujuan">
<kw name="Given User go to detail Project Page" owner="detailProject_MenungguPersetujuan">
<kw name="Given User can access Home Login 1000s" owner="login">
<kw name="Then user go to home page E-Proc1000s" owner="pom_login_eProc">
<kw name="user visit E-Proc1000s Login Page" owner="pom_login_eProc">
<kw name="Get Location" owner="SeleniumLibrary">
<msg time="2025-04-16T16:03:49.537521" level="INFO">${current_url} = https://developer.1000saudara.com/project1000s</msg>
<var>${current_url}</var>
<doc>Returns the current browser window URL.</doc>
<status status="PASS" start="2025-04-16T16:03:49.520983" elapsed="0.016651"/>
</kw>
<kw name="Log" owner="BuiltIn">
<msg time="2025-04-16T16:03:49.538506" level="INFO">Current Path: https://developer.1000saudara.com/project1000s</msg>
<arg>Current Path: ${current_url}</arg>
<doc>Logs the given message with the given level.</doc>
<status status="PASS" start="2025-04-16T16:03:49.538065" elapsed="0.000585"/>
</kw>
<kw name="general return status" owner="generalFunct">
<kw name="Run Keyword And Return Status" owner="BuiltIn">
<kw name="Wait Until Element Is Visible" owner="SeleniumLibrary">
<msg time="2025-04-16T16:03:49.623064" level="INFO">Suppressing StaleElementReferenceException from Selenium.</msg>
<arg>${locator}</arg>
<arg>timeout=5s</arg>
<doc>Waits until the element ``locator`` is visible.</doc>
<status status="PASS" start="2025-04-16T16:03:49.540512" elapsed="0.554506"/>
</kw>
<msg time="2025-04-16T16:03:50.096670" level="INFO">${res} = True</msg>
<var>${res}</var>
<arg>Wait Until Element Is Visible</arg>
<arg>${locator}</arg>
<arg>timeout=5s</arg>
<doc>Runs the given keyword with given arguments and returns the status as a Boolean value.</doc>
<status status="PASS" start="2025-04-16T16:03:49.539934" elapsed="0.556888"/>
</kw>
<return>
<value>${res}</value>
<status status="PASS" start="2025-04-16T16:03:50.097141" elapsed="0.000177"/>
</return>
<msg time="2025-04-16T16:03:50.097851" level="INFO">${res} = True</msg>
<var>${res}</var>
<arg>${headerLogin}</arg>
<status status="PASS" start="2025-04-16T16:03:49.539114" elapsed="0.558980"/>
</kw>
<while condition="${res} == $False">
<iter>
<kw name="Reload Page" owner="SeleniumLibrary">
<doc>Simulates user reloading page.</doc>
<status status="NOT RUN" start="2025-04-16T16:03:50.099802" elapsed="0.000134"/>
</kw>
<kw name="Sleep" owner="BuiltIn">
<arg>2s</arg>
<doc>Pauses the test executed for the given time.</doc>
<status status="NOT RUN" start="2025-04-16T16:03:50.102398" elapsed="0.000368"/>
</kw>
<kw name="general return status" owner="generalFunct">
<var>${res}</var>
<arg>${headerLogin}</arg>
<status status="NOT RUN" start="2025-04-16T16:03:50.103510" elapsed="0.000306"/>
</kw>
<status status="NOT RUN" start="2025-04-16T16:03:50.098404" elapsed="0.005592"/>
</iter>
<status status="NOT RUN" start="2025-04-16T16:03:50.098396" elapsed="0.005723"/>
</while>
<status status="PASS" start="2025-04-16T16:03:49.520233" elapsed="0.584123"/>
</kw>
<kw name="user login E-Proc1000s Page" owner="pom_login_eProc">
<kw name="general Wait Until" owner="generalFunct">
<kw name="Wait Until Element Is Visible" owner="SeleniumLibrary">
<arg>${locator}</arg>
<arg>timeout=5s</arg>
<doc>Waits until the element ``locator`` is visible.</doc>
<status status="PASS" start="2025-04-16T16:03:50.107277" elapsed="0.147086"/>
</kw>
<kw name="Sleep" owner="BuiltIn">
<msg time="2025-04-16T16:03:55.255686" level="INFO">Slept 5 seconds.</msg>
<arg>5</arg>
<doc>Pauses the test executed for the given time.</doc>
<status status="PASS" start="2025-04-16T16:03:50.254629" elapsed="5.001237"/>
</kw>
<arg>${inputPassword}</arg>
<status status="PASS" start="2025-04-16T16:03:50.106087" elapsed="5.149977"/>
</kw>
<kw name="user input text" owner="generalFunct">
<kw name="Wait Until Element Is Visible" owner="SeleniumLibrary">
<arg>${locator}</arg>
<doc>Waits until the element ``locator`` is visible.</doc>
<status status="PASS" start="2025-04-16T16:03:55.257866" elapsed="0.032914"/>
</kw>
<kw name="Input Text" owner="SeleniumLibrary">
<msg time="2025-04-16T16:03:55.291581" level="INFO">Typing text '085210758864' into text field 'xpath=//input[@id='TxtPhone']'.</msg>
<arg>${locator}</arg>
<arg>${text}</arg>
<doc>Types the given ``text`` into the text field identified by ``locator``.</doc>
<status status="PASS" start="2025-04-16T16:03:55.291149" elapsed="0.194792"/>
</kw>
<kw name="Sleep" owner="BuiltIn">
<msg time="2025-04-16T16:04:00.487367" level="INFO">Slept 5 seconds.</msg>
<arg>5</arg>
<doc>Pauses the test executed for the given time.</doc>
<status status="PASS" start="2025-04-16T16:03:55.486375" elapsed="5.001638"/>
</kw>
<arg>${inputUsername}</arg>
<arg>${ROLE_ADMIN}</arg>
<status status="PASS" start="2025-04-16T16:03:55.256564" elapsed="5.232030"/>
</kw>
<kw name="general return status" owner="generalFunct">
<kw name="Run Keyword And Return Status" owner="BuiltIn">
<kw name="Wait Until Element Is Visible" owner="SeleniumLibrary">
<arg>${locator}</arg>
<arg>timeout=5s</arg>
<doc>Waits until the element ``locator`` is visible.</doc>
<status status="PASS" start="2025-04-16T16:04:00.491692" elapsed="0.052629"/>
</kw>
<msg time="2025-04-16T16:04:00.544633" level="INFO">${res} = True</msg>
<var>${res}</var>
<arg>Wait Until Element Is Visible</arg>
<arg>${locator}</arg>
<arg>timeout=5s</arg>
<doc>Runs the given keyword with given arguments and returns the status as a Boolean value.</doc>
<status status="PASS" start="2025-04-16T16:04:00.491030" elapsed="0.053686"/>
</kw>
<return>
<value>${res}</value>
<status status="PASS" start="2025-04-16T16:04:00.544894" elapsed="0.000114"/>
</return>
<msg time="2025-04-16T16:04:00.545474" level="INFO">${res} = True</msg>
<var>${res}</var>
<arg>${inputPassword}</arg>
<status status="PASS" start="2025-04-16T16:04:00.489707" elapsed="0.055925"/>
</kw>
<if>
<branch type="IF" condition="${res}">
<kw name="Sleep" owner="BuiltIn">
<msg time="2025-04-16T16:04:04.547709" level="INFO">Slept 4 seconds.</msg>
<arg>4</arg>
<doc>Pauses the test executed for the given time.</doc>
<status status="PASS" start="2025-04-16T16:04:00.546534" elapsed="4.001631"/>
</kw>
<kw name="user input text" owner="generalFunct">
<kw name="Wait Until Element Is Visible" owner="SeleniumLibrary">
<arg>${locator}</arg>
<doc>Waits until the element ``locator`` is visible.</doc>
<status status="PASS" start="2025-04-16T16:04:04.551198" elapsed="0.054126"/>
</kw>
<kw name="Input Text" owner="SeleniumLibrary">
<msg time="2025-04-16T16:04:04.607156" level="INFO">Typing text '085210758864' into text field 'xpath=//input[@id='TxtPhone']'.</msg>
<arg>${locator}</arg>
<arg>${text}</arg>
<doc>Types the given ``text`` into the text field identified by ``locator``.</doc>
<status status="PASS" start="2025-04-16T16:04:04.606042" elapsed="0.186362"/>
</kw>
<kw name="Sleep" owner="BuiltIn">
<msg time="2025-04-16T16:04:09.793765" level="INFO">Slept 5 seconds.</msg>
<arg>5</arg>
<doc>Pauses the test executed for the given time.</doc>
<status status="PASS" start="2025-04-16T16:04:04.792748" elapsed="5.001396"/>
</kw>
<arg>${inputUsername}</arg>
<arg>${ROLE_ADMIN}</arg>
<status status="PASS" start="2025-04-16T16:04:04.549779" elapsed="5.244779"/>
</kw>
<kw name="user input password" owner="generalFunct">
<kw name="Wait Until Element Is Visible" owner="SeleniumLibrary">
<arg>${locator}</arg>
<doc>Waits until the element ``locator`` is visible.</doc>
<status status="PASS" start="2025-04-16T16:04:09.796704" elapsed="0.058566"/>
</kw>
<kw name="Input Password" owner="SeleniumLibrary">
<msg time="2025-04-16T16:04:09.857730" level="INFO">Typing password into text field 'xpath=//input[@id='pwd']'.</msg>
<msg time="2025-04-16T16:04:09.933154" level="INFO">Temporally setting log level to: NONE</msg>
<arg>${locator}</arg>
<arg>${text}</arg>
<doc>Types the given password into the text field identified by ``locator``.</doc>
<status status="PASS" start="2025-04-16T16:04:09.856404" elapsed="0.158514"/>
</kw>
<kw name="Sleep" owner="BuiltIn">
<msg time="2025-04-16T16:04:15.016417" level="INFO">Slept 5 seconds.</msg>
<arg>5</arg>
<doc>Pauses the test executed for the given time.</doc>
<status status="PASS" start="2025-04-16T16:04:10.015357" elapsed="5.001431"/>
</kw>
<arg>${inputPassword}</arg>
<arg>${PASSWORD}</arg>
<status status="PASS" start="2025-04-16T16:04:09.795303" elapsed="5.221939"/>
</kw>
<kw name="Press Key" owner="SeleniumLibrary">
<arg>${inputPassword}</arg>
<arg>\\13</arg>
<doc>Simulates user pressing key on element identified by ``locator``.</doc>
<status status="PASS" start="2025-04-16T16:04:15.018663" elapsed="0.088979"/>
</kw>
<kw name="Sleep" owner="BuiltIn">
<msg time="2025-04-16T16:04:20.109869" level="INFO">Slept 5 seconds.</msg>
<arg>5</arg>
<doc>Pauses the test executed for the given time.</doc>
<status status="PASS" start="2025-04-16T16:04:15.108351" elapsed="5.001823"/>
</kw>
<kw name="general return status" owner="generalFunct">
<kw name="Run Keyword And Return Status" owner="BuiltIn">
<kw name="Wait Until Element Is Visible" owner="SeleniumLibrary">
<arg>${locator}</arg>
<arg>timeout=5s</arg>
<doc>Waits until the element ``locator`` is visible.</doc>
<status status="PASS" start="2025-04-16T16:04:20.111860" elapsed="0.043716"/>
</kw>
<msg time="2025-04-16T16:04:20.155892" level="INFO">${res} = True</msg>
<var>${res}</var>
<arg>Wait Until Element Is Visible</arg>
<arg>${locator}</arg>
<arg>timeout=5s</arg>
<doc>Runs the given keyword with given arguments and returns the status as a Boolean value.</doc>
<status status="PASS" start="2025-04-16T16:04:20.111442" elapsed="0.044530"/>
</kw>
<return>
<value>${res}</value>
<status status="PASS" start="2025-04-16T16:04:20.156141" elapsed="0.000136"/>
</return>
<msg time="2025-04-16T16:04:20.156856" level="INFO">${res_list} = True</msg>
<var>${res_list}</var>
<arg>${listFilter}</arg>
<status status="PASS" start="2025-04-16T16:04:20.110689" elapsed="0.046297"/>
</kw>
<while condition="${res_list} == $False">
<iter>
<kw name="Press Key" owner="SeleniumLibrary">
<arg>${inputPassword}</arg>
<arg>\\13</arg>
<doc>Simulates user pressing key on element identified by ``locator``.</doc>
<status status="NOT RUN" start="2025-04-16T16:04:20.158195" elapsed="0.000085"/>
</kw>
<kw name="Sleep" owner="BuiltIn">
<arg>5</arg>
<doc>Pauses the test executed for the given time.</doc>
<status status="NOT RUN" start="2025-04-16T16:04:20.158734" elapsed="0.000089"/>
</kw>
<kw name="general return status" owner="generalFunct">
<var>${res_err}</var>
<arg>xpath=//div[@class='mb-20px']//parent::div/label[contains(text(), 'Nomor')]</arg>
<status status="NOT RUN" start="2025-04-16T16:04:20.159192" elapsed="0.000084"/>
</kw>
<if>
<branch type="IF" condition="${res_err}">
<kw name="without filling any of them" owner="pom_login_eProc">
<arg>${inputUsername}</arg>
<arg>${ROLE_ADMIN}</arg>
<status status="NOT RUN" start="2025-04-16T16:04:20.159977" elapsed="0.000089"/>
</kw>
<status status="NOT RUN" start="2025-04-16T16:04:20.159481" elapsed="0.000700"/>
</branch>
<branch type="ELSE">
<kw name="Exit For Loop" owner="BuiltIn">
<doc>Stops executing the enclosing FOR loop.</doc>
<status status="NOT RUN" start="2025-04-16T16:04:20.160561" elapsed="0.000118"/>
</kw>
<status status="NOT RUN" start="2025-04-16T16:04:20.160288" elapsed="0.000495"/>
</branch>
<status status="NOT RUN" start="2025-04-16T16:04:20.159431" elapsed="0.001439"/>
</if>
<status status="NOT RUN" start="2025-04-16T16:04:20.157175" elapsed="0.003764"/>
</iter>
<status status="NOT RUN" start="2025-04-16T16:04:20.157171" elapsed="0.003848"/>
</while>
<kw name="Wait Until Element Is Visible" owner="SeleniumLibrary">
<arg>${listFilter}</arg>
<doc>Waits until the element ``locator`` is visible.</doc>
<status status="PASS" start="2025-04-16T16:04:20.161299" elapsed="0.034442"/>
</kw>
<status status="PASS" start="2025-04-16T16:04:00.545989" elapsed="19.649936"/>
</branch>
<branch type="ELSE">
<kw name="Exit For Loop" owner="BuiltIn">
<doc>Stops executing the enclosing FOR loop.</doc>
[...]
<status status="PASS" start="2025-04-16T16:14:37.243728" elapsed="0.000616"/>
</kw>
<kw name="Get Text" owner="SeleniumLibrary">
<msg time="2025-04-16T16:14:37.273021" level="INFO">${textBorder} = Total pembelian</msg>
<var>${textBorder}</var>
<arg>xpath=//div[@class="w-100 borderRight "]/div[${counter}]/div[1]/span</arg>
<doc>Returns the text value of the element identified by ``locator``.</doc>
<status status="PASS" start="2025-04-16T16:14:37.244711" elapsed="0.028379"/>
</kw>
<kw name="Get Text" owner="SeleniumLibrary">
<msg time="2025-04-16T16:14:37.316670" level="INFO">${textBorderRight} = Rp 0</msg>
<var>${textBorderRight}</var>
<arg>xpath=//div[@class="w-100 borderRight "]/div[${counter}]/div[2]/span[2]</arg>
<doc>Returns the text value of the element identified by ``locator``.</doc>
<status status="PASS" start="2025-04-16T16:14:37.273355" elapsed="0.043384"/>
</kw>
<kw name="Log To Console" owner="BuiltIn">
<arg>${textBorder}: ${textBorderRight}</arg>
<doc>Logs the given message to the console.</doc>
<status status="PASS" start="2025-04-16T16:14:37.317015" elapsed="0.000555"/>
</kw>
<status status="PASS" start="2025-04-16T16:14:37.186946" elapsed="0.130772"/>
</branch>
<branch type="ELSE">
<kw name="Exit For Loop" owner="BuiltIn">
<doc>Stops executing the enclosing FOR loop.</doc>
<status status="NOT RUN" start="2025-04-16T16:14:37.318133" elapsed="0.000064"/>
</kw>
<status status="NOT RUN" start="2025-04-16T16:14:37.317873" elapsed="0.000395"/>
</branch>
<status status="PASS" start="2025-04-16T16:14:37.186916" elapsed="0.131409"/>
</if>
<var name="${counter}">3</var>
<status status="PASS" start="2025-04-16T16:14:37.158194" elapsed="0.160177"/>
</iter>
<iter>
<kw name="general return status" owner="generalFunct">
<kw name="Run Keyword And Return Status" owner="BuiltIn">
<kw name="Wait Until Element Is Visible" owner="SeleniumLibrary">
<msg time="2025-04-16T16:14:42.704334" level="INFO" html="true">&lt;/td&gt;&lt;/tr&gt;&lt;tr&gt;&lt;td colspan="3"&gt;&lt;a href="selenium-screenshot-3.png"&gt;&lt;img src="selenium-screenshot-3.png" width="800px"&gt;&lt;/a&gt;</msg>
<msg time="2025-04-16T16:14:42.704643" level="FAIL">Element 'xpath=//div[@class='w-100']/div[4]' not visible after 5 seconds.</msg>
<arg>${locator}</arg>
<arg>timeout=5s</arg>
<doc>Waits until the element ``locator`` is visible.</doc>
<status status="FAIL" start="2025-04-16T16:14:37.319606" elapsed="5.386656">Element 'xpath=//div[@class='w-100']/div[4]' not visible after 5 seconds.</status>
</kw>
<msg time="2025-04-16T16:14:42.706478" level="INFO">${res} = False</msg>
<var>${res}</var>
<arg>Wait Until Element Is Visible</arg>
<arg>${locator}</arg>
<arg>timeout=5s</arg>
<doc>Runs the given keyword with given arguments and returns the status as a Boolean value.</doc>
<status status="PASS" start="2025-04-16T16:14:37.319349" elapsed="5.387177"/>
</kw>
<return>
<value>${res}</value>
<status status="PASS" start="2025-04-16T16:14:42.706632" elapsed="0.000065"/>
</return>
<msg time="2025-04-16T16:14:42.706898" level="INFO">${res} = False</msg>
<var>${res}</var>
<arg>xpath=//div[@class='w-100']/div[${counter}]</arg>
<status status="PASS" start="2025-04-16T16:14:37.318875" elapsed="5.388073"/>
</kw>
<if>
<branch type="IF" condition="${res}">
<kw name="Get Text" owner="SeleniumLibrary">
<var>${text}</var>
<arg>xpath=//div[@class='w-100']/div[${counter}]/div[1]/span</arg>
<doc>Returns the text value of the element identified by ``locator``.</doc>
<status status="NOT RUN" start="2025-04-16T16:14:42.707330" elapsed="0.000047"/>
</kw>
<kw name="Get Text" owner="SeleniumLibrary">
<var>${textName}</var>
<arg>xpath=//div[@class='w-100']/div[${counter}]/div[2]/span[2]</arg>
<doc>Returns the text value of the element identified by ``locator``.</doc>
<status status="NOT RUN" start="2025-04-16T16:14:42.707562" elapsed="0.000044"/>
</kw>
<kw name="Log To Console" owner="BuiltIn">
<arg>${text}: ${textName}</arg>
<doc>Logs the given message to the console.</doc>
<status status="NOT RUN" start="2025-04-16T16:14:42.707774" elapsed="0.000045"/>
</kw>
<kw name="Get Text" owner="SeleniumLibrary">
<var>${textBorder}</var>
<arg>xpath=//div[@class="w-100 borderRight "]/div[${counter}]/div[1]/span</arg>
<doc>Returns the text value of the element identified by ``locator``.</doc>
<status status="NOT RUN" start="2025-04-16T16:14:42.707987" elapsed="0.000042"/>
</kw>
<kw name="Get Text" owner="SeleniumLibrary">
<var>${textBorderRight}</var>
<arg>xpath=//div[@class="w-100 borderRight "]/div[${counter}]/div[2]/span[2]</arg>
<doc>Returns the text value of the element identified by ``locator``.</doc>
<status status="NOT RUN" start="2025-04-16T16:14:42.708445" elapsed="0.000105"/>
</kw>
<kw name="Log To Console" owner="BuiltIn">
<arg>${textBorder}: ${textBorderRight}</arg>
<doc>Logs the given message to the console.</doc>
<status status="NOT RUN" start="2025-04-16T16:14:42.708824" elapsed="0.000088"/>
</kw>
<status status="NOT RUN" start="2025-04-16T16:14:42.707079" elapsed="0.001955"/>
</branch>
<branch type="ELSE">
<kw name="Exit For Loop" owner="BuiltIn">
<msg time="2025-04-16T16:14:42.709474" level="INFO">Exiting for loop altogether.</msg>
<doc>Stops executing the enclosing FOR loop.</doc>
<status status="PASS" start="2025-04-16T16:14:42.709317" elapsed="0.000257"/>
</kw>
<status status="PASS" start="2025-04-16T16:14:42.709124" elapsed="0.000522"/>
</branch>
<status status="PASS" start="2025-04-16T16:14:42.707049" elapsed="0.002657"/>
</if>
<var name="${counter}">4</var>
<status status="PASS" start="2025-04-16T16:14:37.318661" elapsed="5.391092"/>
</iter>
<var>${counter}</var>
<value>1</value>
<value>${len}</value>
<status status="PASS" start="2025-04-16T16:14:36.801615" elapsed="5.908224"/>
</for>
<status status="PASS" start="2025-04-16T16:14:36.798013" elapsed="5.911954"/>
</kw>
<arg>Menunggu persetujuan</arg>
<status status="PASS" start="2025-04-16T16:13:38.582559" elapsed="64.127493"/>
</kw>
<kw name="And user click element" owner="generalFunct">
<kw name="Sleep" owner="BuiltIn">
<msg time="2025-04-16T16:14:47.711560" level="INFO">Slept 5 seconds.</msg>
<arg>5</arg>
<doc>Pauses the test executed for the given time.</doc>
<status status="PASS" start="2025-04-16T16:14:42.710735" elapsed="5.001259"/>
</kw>
<kw name="Wait Until Element Is Visible" owner="SeleniumLibrary">
<arg>${element}</arg>
<doc>Waits until the element ``locator`` is visible.</doc>
<status status="PASS" start="2025-04-16T16:14:47.712463" elapsed="0.048680"/>
</kw>
<kw name="Click Element" owner="SeleniumLibrary">
<msg time="2025-04-16T16:14:47.761781" level="INFO">Clicking element 'xpath=//span[contains(text(),'Simpan')]/parent::span/parent::button'.</msg>
<msg time="2025-04-16T16:14:47.867892" level="INFO">${clickElement} = None</msg>
<var>${clickElement}</var>
<arg>${element}</arg>
<doc>Click the element identified by ``locator``.</doc>
<status status="PASS" start="2025-04-16T16:14:47.761482" elapsed="0.106519"/>
</kw>
<return>
<value>${clickElement}</value>
<status status="PASS" start="2025-04-16T16:14:47.868164" elapsed="0.000077"/>
</return>
<arg>${buttonSimpan}</arg>
<status status="PASS" start="2025-04-16T16:14:42.710311" elapsed="5.158149"/>
</kw>
<kw name="Then show pop up dialog" owner="generalFunct">
<kw name="Wait Until Element Is Visible" owner="SeleniumLibrary">
<arg>${locator}</arg>
<arg>timeout=5s</arg>
<doc>Waits until the element ``locator`` is visible.</doc>
<status status="PASS" start="2025-04-16T16:14:47.869396" elapsed="0.238020"/>
</kw>
<kw name="Get Text" owner="SeleniumLibrary">
<msg time="2025-04-16T16:14:48.139655" level="INFO">${textDesc} = Apakah Anda yakin untuk merubah informasi project ini?</msg>
<var>${textDesc}</var>
<arg>xpath=//div[@class='text-center']/p[2]</arg>
<doc>Returns the text value of the element identified by ``locator``.</doc>
<status status="PASS" start="2025-04-16T16:14:48.107821" elapsed="0.031901"/>
</kw>
<kw name="user input text" owner="generalFunct">
<kw name="Wait Until Element Is Visible" owner="SeleniumLibrary">
<arg>${locator}</arg>
<doc>Waits until the element ``locator`` is visible.</doc>
<status status="PASS" start="2025-04-16T16:14:48.140433" elapsed="0.028862"/>
</kw>
<kw name="Input Text" owner="SeleniumLibrary">
<msg time="2025-04-16T16:14:48.169891" level="INFO">Typing text 'Ubah Data' into text field 'xpath=//div[@class='text-center']/textarea'.</msg>
<arg>${locator}</arg>
<arg>${text}</arg>
<doc>Types the given ``text`` into the text field identified by ``locator``.</doc>
<status status="PASS" start="2025-04-16T16:14:48.169563" elapsed="0.112442"/>
</kw>
<kw name="Sleep" owner="BuiltIn">
<msg time="2025-04-16T16:14:53.282747" level="INFO">Slept 5 seconds.</msg>
<arg>5</arg>
<doc>Pauses the test executed for the given time.</doc>
<status status="PASS" start="2025-04-16T16:14:48.282274" elapsed="5.000624"/>
</kw>
<arg>xpath=//div[@class='text-center']/textarea</arg>
<arg>Ubah Data</arg>
<status status="PASS" start="2025-04-16T16:14:48.140006" elapsed="5.143042"/>
</kw>
<kw name="Log To Console" owner="BuiltIn">
<arg>Desc: ${textDesc}</arg>
<doc>Logs the given message to the console.</doc>
<status status="PASS" start="2025-04-16T16:14:53.283290" elapsed="0.000534"/>
</kw>
<arg>${ubahProject_MenungguPersetujuan}</arg>
<status status="PASS" start="2025-04-16T16:14:47.868779" elapsed="5.415253"/>
</kw>
<kw name="And button accept on dialog form ubah" owner="generalFunct">
<kw name="general Wait Until" owner="generalFunct">
<kw name="Wait Until Element Is Visible" owner="SeleniumLibrary">
<arg>${locator}</arg>
<arg>timeout=5s</arg>
<doc>Waits until the element ``locator`` is visible.</doc>
<status status="PASS" start="2025-04-16T16:14:53.285221" elapsed="0.031206"/>
</kw>
<kw name="Sleep" owner="BuiltIn">
<msg time="2025-04-16T16:14:58.317611" level="INFO">Slept 5 seconds.</msg>
<arg>5</arg>
<doc>Pauses the test executed for the given time.</doc>
<status status="PASS" start="2025-04-16T16:14:53.316860" elapsed="5.001014"/>
</kw>
<arg>xpath=//div[@class='d-flex']/button[contains(.,'${textPopUP}')]</arg>
<status status="PASS" start="2025-04-16T16:14:53.284803" elapsed="5.033325"/>
</kw>
<kw name="user click element" owner="generalFunct">
<kw name="Sleep" owner="BuiltIn">
<msg time="2025-04-16T16:15:03.320456" level="INFO">Slept 5 seconds.</msg>
<arg>5</arg>
<doc>Pauses the test executed for the given time.</doc>
<status status="PASS" start="2025-04-16T16:14:58.319483" elapsed="5.001342"/>
</kw>
<kw name="Wait Until Element Is Visible" owner="SeleniumLibrary">
<arg>${element}</arg>
<doc>Waits until the element ``locator`` is visible.</doc>
<status status="PASS" start="2025-04-16T16:15:03.321584" elapsed="0.058950"/>
</kw>
<kw name="Click Element" owner="SeleniumLibrary">
<msg time="2025-04-16T16:15:03.382147" level="INFO">Clicking element 'xpath=//div[@class='d-flex']/button[contains(.,'Simpan')]'.</msg>
<msg time="2025-04-16T16:15:03.571981" level="INFO">${clickElement} = None</msg>
<var>${clickElement}</var>
<arg>${element}</arg>
<doc>Click the element identified by ``locator``.</doc>
<status status="PASS" start="2025-04-16T16:15:03.381298" elapsed="0.190870"/>
</kw>
<return>
<value>${clickElement}</value>
<status status="PASS" start="2025-04-16T16:15:03.572465" elapsed="0.000187"/>
</return>
<arg>xpath=//div[@class='d-flex']/button[contains(.,'${textPopUP}')]</arg>
<status status="PASS" start="2025-04-16T16:14:58.318646" elapsed="5.254592"/>
</kw>
<arg>Simpan</arg>
<status status="PASS" start="2025-04-16T16:14:53.284369" elapsed="10.289179"/>
</kw>
<kw name="And show message error project" owner="generalFunct">
<kw name="general return status" owner="generalFunct">
<kw name="Run Keyword And Return Status" owner="BuiltIn">
<kw name="Wait Until Element Is Visible" owner="SeleniumLibrary">
<msg time="2025-04-16T16:15:08.924175" level="INFO" html="true">&lt;/td&gt;&lt;/tr&gt;&lt;tr&gt;&lt;td colspan="3"&gt;&lt;a href="selenium-screenshot-4.png"&gt;&lt;img src="selenium-screenshot-4.png" width="800px"&gt;&lt;/a&gt;</msg>
<msg time="2025-04-16T16:15:08.924897" level="FAIL">Element 'xpath=//label[contains(.,'Wajib')]' not visible after 5 seconds.</msg>
<arg>${locator}</arg>
<arg>timeout=5s</arg>
<doc>Waits until the element ``locator`` is visible.</doc>
<status status="FAIL" start="2025-04-16T16:15:03.576893" elapsed="5.350063">Element 'xpath=//label[contains(.,'Wajib')]' not visible after 5 seconds.</status>
</kw>
<msg time="2025-04-16T16:15:08.927183" level="INFO">${res} = False</msg>
<var>${res}</var>
<arg>Wait Until Element Is Visible</arg>
<arg>${locator}</arg>
<arg>timeout=5s</arg>
<doc>Runs the given keyword with given arguments and returns the status as a Boolean value.</doc>
<status status="PASS" start="2025-04-16T16:15:03.576521" elapsed="5.350709"/>
</kw>
<return>
<value>${res}</value>
<status status="PASS" start="2025-04-16T16:15:08.927332" elapsed="0.000068"/>
</return>
<msg time="2025-04-16T16:15:08.927608" level="INFO">${label} = False</msg>
<var>${label}</var>
<arg>${errMessageFormProject}</arg>
<status status="PASS" start="2025-04-16T16:15:03.575594" elapsed="5.352057"/>
</kw>
<if>
<branch type="IF" condition="${label}">
<kw name="general Wait Until" owner="generalFunct">
<arg>${errMessageFormProject}</arg>
<status status="NOT RUN" start="2025-04-16T16:15:08.928090" elapsed="0.000104"/>
</kw>
<kw name="Get Text" owner="SeleniumLibrary">
<var>${err}</var>
<arg>${errMessageFormProject}</arg>
<doc>Returns the text value of the element identified by ``locator``.</doc>
<status status="NOT RUN" start="2025-04-16T16:15:08.928443" elapsed="0.000052"/>
</kw>
<kw name="Log To Console" owner="BuiltIn">
<arg>${\n}Error State: ${err}</arg>
<doc>Logs the given message to the console.</doc>
<status status="NOT RUN" start="2025-04-16T16:15:08.928697" elapsed="0.000047"/>
</kw>
<kw name="Scroll Element Into View" owner="SeleniumLibrary">
<arg>${errMessageFormProject}</arg>
<doc>Scrolls the element identified by ``locator`` into view.</doc>
<status status="NOT RUN" start="2025-04-16T16:15:08.928908" elapsed="0.000042"/>
</kw>
<status status="NOT RUN" start="2025-04-16T16:15:08.927783" elapsed="0.001229"/>
</branch>
<branch type="ELSE">
<kw name="general Wait Until" owner="generalFunct">
<kw name="Wait Until Element Is Visible" owner="SeleniumLibrary">
<arg>${locator}</arg>
<arg>timeout=5s</arg>
<doc>Waits until the element ``locator`` is visible.</doc>
<status status="PASS" start="2025-04-16T16:15:08.929701" elapsed="0.028898"/>
</kw>
<kw name="Sleep" owner="BuiltIn">
<msg time="2025-04-16T16:15:13.960160" level="INFO">Slept 5 seconds.</msg>
<arg>5</arg>
<doc>Pauses the test executed for the given time.</doc>
<status status="PASS" start="2025-04-16T16:15:08.958898" elapsed="5.001633"/>
</kw>
<arg>${errLabel_formProject}</arg>
<status status="PASS" start="2025-04-16T16:15:08.929276" elapsed="5.031682"/>
</kw>
<kw name="Get Text" owner="SeleniumLibrary">
<msg time="2025-04-16T16:15:14.020854" level="INFO">${err} = Nama Project sudah digunakan</msg>
<var>${err}</var>
<arg>${errLabel_formProject}</arg>
<doc>Returns the text value of the element identified by ``locator``.</doc>
<status status="PASS" start="2025-04-16T16:15:13.961567" elapsed="0.059466"/>
</kw>
<kw name="Log To Console" owner="BuiltIn">
<arg>${\n}Error State: ${err}</arg>
<doc>Logs the given message to the console.</doc>
<status status="PASS" start="2025-04-16T16:15:14.021492" elapsed="0.000995"/>
</kw>
<status status="PASS" start="2025-04-16T16:15:08.929074" elapsed="5.093637"/>
</branch>
<status status="PASS" start="2025-04-16T16:15:08.927754" elapsed="5.095091"/>
</if>
<status status="PASS" start="2025-04-16T16:15:03.574365" elapsed="10.448858"/>
</kw>
<status status="PASS" start="2025-04-16T16:13:08.256493" elapsed="125.767281"/>
</kw>
<kw name="End Web Test" owner="web_eProc" type="TEARDOWN">
<kw name="Log" owner="BuiltIn">
<msg time="2025-04-16T16:15:14.026113" level="INFO">Suite teardown initiated</msg>
<arg>Suite teardown initiated</arg>
<doc>Logs the given message with the given level.</doc>
<status status="PASS" start="2025-04-16T16:15:14.025837" elapsed="0.000407"/>
</kw>
<kw name="Close Browser" owner="SeleniumLibrary">
<doc>Closes the current browser.</doc>
<status status="PASS" start="2025-04-16T16:15:14.026565" elapsed="2.274896"/>
</kw>
<kw name="Remove file Report PNG" owner="web_eProc">
<kw name="List Directory" owner="OperatingSystem">
<msg time="2025-04-16T16:15:16.304342" level="INFO" html="true">Listing contents of directory '&lt;a href="file://C:\Users\1000Saudara45\Documents\Automation\eProc_Web\report"&gt;C:\Users\1000Saudara45\Documents\Automation\eProc_Web\report&lt;/a&gt;'.</msg>
<msg time="2025-04-16T16:15:16.305212" level="INFO">4 items:
C:\Users\1000Saudara45\Documents\Automation\eProc_Web\report\selenium-screenshot-1.png
C:\Users\1000Saudara45\Documents\Automation\eProc_Web\report\selenium-screenshot-2.png
C:\Users\1000Saudara45\Documents\Automation\eProc_Web\report\selenium-screenshot-3.png
C:\Users\1000Saudara45\Documents\Automation\eProc_Web\report\selenium-screenshot-4.png</msg>
<msg time="2025-04-16T16:15:16.305705" level="INFO">@{png_file} = [ C:\Users\1000Saudara45\Documents\Automation\eProc_Web\report\selenium-screenshot-1.png | C:\Users\1000Saudara45\Documents\Automation\eProc_Web\report\selenium-screenshot-2.png | C:\Users\1000Saudara...</msg>
<var>@{png_file}</var>
<arg>report/</arg>
<arg>*.png</arg>
<arg>absolute=${True}</arg>
<doc>Returns and logs items in a directory, optionally filtered with ``pattern``.</doc>
<status status="PASS" start="2025-04-16T16:15:16.303489" elapsed="0.002357"/>
</kw>
<kw name="Remove Files" owner="OperatingSystem">
<msg time="2025-04-16T16:15:16.308628" level="INFO" html="true">Removed file '&lt;a href="file://C:\Users\1000Saudara45\Documents\Automation\eProc_Web\report\selenium-screenshot-1.png"&gt;C:\Users\1000Saudara45\Documents\Automation\eProc_Web\report\selenium-screenshot-1.png&lt;/a&gt;'.</msg>
<msg time="2025-04-16T16:15:16.310816" level="INFO" html="true">Removed file '&lt;a href="file://C:\Users\1000Saudara45\Documents\Automation\eProc_Web\report\selenium-screenshot-2.png"&gt;C:\Users\1000Saudara45\Documents\Automation\eProc_Web\report\selenium-screenshot-2.png&lt;/a&gt;'.</msg>
<msg time="2025-04-16T16:15:16.312819" level="INFO" html="true">Removed file '&lt;a href="file://C:\Users\1000Saudara45\Documents\Automation\eProc_Web\report\selenium-screenshot-3.png"&gt;C:\Users\1000Saudara45\Documents\Automation\eProc_Web\report\selenium-screenshot-3.png&lt;/a&gt;'.</msg>
<msg time="2025-04-16T16:15:16.314820" level="INFO" html="true">Removed file '&lt;a href="file://C:\Users\1000Saudara45\Documents\Automation\eProc_Web\report\selenium-screenshot-4.png"&gt;C:\Users\1000Saudara45\Documents\Automation\eProc_Web\report\selenium-screenshot-4.png&lt;/a&gt;'.</msg>
<arg>@{png_file}</arg>
<doc>Uses `Remove File` to remove multiple files one-by-one.</doc>
<status status="PASS" start="2025-04-16T16:15:16.306420" elapsed="0.008923"/>
</kw>
<status status="PASS" start="2025-04-16T16:15:16.302324" elapsed="0.013730"/>
</kw>
<doc>Closes the browser after all tests in the suite have run</doc>
<status status="PASS" start="2025-04-16T16:15:14.025032" elapsed="2.291529"/>
</kw>
<doc>This scenario test User can change data name project with name has been used</doc>
<tag>1000s</tag>
<tag>detail_project</tag>
<tag>test</tag>
<status status="PASS" start="2025-04-16T16:13:04.719694" elapsed="131.597759"/>
</test>
<status status="PASS" start="2025-04-16T16:02:32.339920" elapsed="763.981496"/>
</suite>
<statistics>
<total>
<stat pass="6" fail="0" skip="0">All Tests</stat>
</total>
<tag>
<stat pass="6" fail="0" skip="0">1000s</stat>
<stat pass="6" fail="0" skip="0">detail_project</stat>
<stat pass="6" fail="0" skip="0">test</stat>
</tag>
<suite>
<stat name="test detailProject MenungguPersetujuan" id="s1" pass="6" fail="0" skip="0">test detailProject MenungguPersetujuan</stat>
</suite>
</statistics>
<errors>
</errors>
</robot>
