<?xml version="1.0" encoding="UTF-8"?>
<robot generator="Robot 7.1 (Python 3.12.5 on win32)" generated="2025-02-13T13:11:08.415496" rpa="false" schemaversion="5">
<suite id="s1" name="Test Login" source="C:\Users\admin\Documents\Automation\robotFramework\testSuite\Tim_OP\test_login.robot">
<test id="s1-t1" name="Test Login Success" line="12">
<kw name="Begin Web Test" owner="web_eProc" type="SETUP">
<kw name="Open Browser" owner="SeleniumLibrary">
<msg time="2025-02-13T13:11:11.522599" level="INFO">Opening browser 'headlesschrome' to base url 'about:blank'.</msg>
<arg>about:blank</arg>
<arg>${BROWSER}</arg>
<doc>Opens a new browser instance to the optional ``url``.</doc>
<status status="PASS" start="2025-02-13T13:11:11.522599" elapsed="17.049687"/>
</kw>
<kw name="Maximize Browser Window" owner="SeleniumLibrary">
<doc>Maximizes current browser window.</doc>
<status status="PASS" start="2025-02-13T13:11:28.573282" elapsed="0.150254"/>
</kw>
<kw name="Go To" owner="SeleniumLibrary">
<msg time="2025-02-13T13:11:28.724533" level="INFO">Opening url 'https://dev-proyek.1000saudara.com/Login'</msg>
<arg>${URL}</arg>
<doc>Navigates the current browser window to the provided ``url``.</doc>
<status status="PASS" start="2025-02-13T13:11:28.723536" elapsed="8.087942"/>
</kw>
<status status="PASS" start="2025-02-13T13:11:11.520643" elapsed="25.290835"/>
</kw>
<kw name="User can access Home Login 1000s" owner="login">
<kw name="Then user go to home page E-Proc1000s" owner="pom_login_eProc">
<kw name="user visit E-Proc1000s Login Page" owner="pom_login_eProc">
<kw name="Get Location" owner="SeleniumLibrary">
<msg time="2025-02-13T13:11:36.845998" level="INFO">${current_url} = https://dev-proyek.1000saudara.com/Login</msg>
<var>${current_url}</var>
<doc>Returns the current browser window URL.</doc>
<status status="PASS" start="2025-02-13T13:11:36.815464" elapsed="0.030534"/>
</kw>
<kw name="Log" owner="BuiltIn">
<msg time="2025-02-13T13:11:36.846993" level="INFO">Current Path: https://dev-proyek.1000saudara.com/Login</msg>
<arg>Current Path: ${current_url}</arg>
<doc>Logs the given message with the given level.</doc>
<status status="PASS" start="2025-02-13T13:11:36.845998" elapsed="0.000995"/>
</kw>
<kw name="general return status" owner="generalFunct">
<kw name="Run Keyword And Return Status" owner="BuiltIn">
<kw name="Wait Until Element Is Visible" owner="SeleniumLibrary">
<msg time="2025-02-13T13:11:39.699506" level="INFO" html="true">&lt;/td&gt;&lt;/tr&gt;&lt;tr&gt;&lt;td colspan="3"&gt;&lt;a href="selenium-screenshot-1.png"&gt;&lt;img src="selenium-screenshot-1.png" width="800px"&gt;&lt;/a&gt;</msg>
<msg time="2025-02-13T13:11:39.699506" level="FAIL">Element 'xpath=//p[contains(text(), 'Log')]' not visible after 2 seconds.</msg>
<arg>${locator}</arg>
<arg>timeout=2s</arg>
<doc>Waits until the element ``locator`` is visible.</doc>
<status status="FAIL" start="2025-02-13T13:11:36.860289" elapsed="15.075022">Element 'xpath=//p[contains(text(), 'Log')]' not visible after 2 seconds.</status>
</kw>
<msg time="2025-02-13T13:11:51.935311" level="INFO">${res} = False</msg>
<var>${res}</var>
<arg>Wait Until Element Is Visible</arg>
<arg>${locator}</arg>
<arg>timeout=2s</arg>
<doc>Runs the given keyword with given arguments and returns the status as a Boolean value.</doc>
<status status="PASS" start="2025-02-13T13:11:36.859285" elapsed="15.076026"/>
</kw>
<return>
<value>${res}</value>
<status status="PASS" start="2025-02-13T13:11:51.935311" elapsed="0.001003"/>
</return>
<msg time="2025-02-13T13:11:51.936314" level="INFO">${res} = False</msg>
<var>${res}</var>
<arg>${headerLogin}</arg>
<status status="PASS" start="2025-02-13T13:11:36.859285" elapsed="15.077029"/>
</kw>
<while condition="${res} == $False">
<iter>
<kw name="Reload Page" owner="SeleniumLibrary">
<doc>Simulates user reloading page.</doc>
<status status="PASS" start="2025-02-13T13:11:51.936314" elapsed="14.604368"/>
</kw>
<kw name="Sleep" owner="BuiltIn">
<msg time="2025-02-13T13:12:08.041968" level="INFO">Slept 1 second 500 milliseconds.</msg>
<arg>1.5s</arg>
<doc>Pauses the test executed for the given time.</doc>
<status status="PASS" start="2025-02-13T13:12:06.541679" elapsed="1.500289"/>
</kw>
<kw name="general return status" owner="generalFunct">
<kw name="Run Keyword And Return Status" owner="BuiltIn">
<kw name="Wait Until Element Is Visible" owner="SeleniumLibrary">
<msg time="2025-02-13T13:12:10.390912" level="INFO" html="true">&lt;/td&gt;&lt;/tr&gt;&lt;tr&gt;&lt;td colspan="3"&gt;&lt;a href="selenium-screenshot-2.png"&gt;&lt;img src="selenium-screenshot-2.png" width="800px"&gt;&lt;/a&gt;</msg>
<msg time="2025-02-13T13:12:10.391910" level="FAIL">Element 'xpath=//p[contains(text(), 'Log')]' not visible after 2 seconds.</msg>
<arg>${locator}</arg>
<arg>timeout=2s</arg>
<doc>Waits until the element ``locator`` is visible.</doc>
<status status="FAIL" start="2025-02-13T13:12:08.043964" elapsed="2.349940">Element 'xpath=//p[contains(text(), 'Log')]' not visible after 2 seconds.</status>
</kw>
<msg time="2025-02-13T13:12:10.394902" level="INFO">${res} = False</msg>
<var>${res}</var>
<arg>Wait Until Element Is Visible</arg>
<arg>${locator}</arg>
<arg>timeout=2s</arg>
<doc>Runs the given keyword with given arguments and returns the status as a Boolean value.</doc>
<status status="PASS" start="2025-02-13T13:12:08.043964" elapsed="2.350938"/>
</kw>
<return>
<value>${res}</value>
<status status="PASS" start="2025-02-13T13:12:10.394902" elapsed="0.000000"/>
</return>
<msg time="2025-02-13T13:12:10.395899" level="INFO">${res} = False</msg>
<var>${res}</var>
<arg>${headerLogin}</arg>
<status status="PASS" start="2025-02-13T13:12:08.042967" elapsed="2.352932"/>
</kw>
<status status="PASS" start="2025-02-13T13:11:51.936314" elapsed="18.460581"/>
</iter>
<iter>
<kw name="Reload Page" owner="SeleniumLibrary">
<doc>Simulates user reloading page.</doc>
<status status="PASS" start="2025-02-13T13:12:10.397894" elapsed="1.583481"/>
</kw>
<kw name="Sleep" owner="BuiltIn">
<msg time="2025-02-13T13:12:13.483190" level="INFO">Slept 1 second 500 milliseconds.</msg>
<arg>1.5s</arg>
<doc>Pauses the test executed for the given time.</doc>
<status status="PASS" start="2025-02-13T13:12:11.982373" elapsed="1.500817"/>
</kw>
<kw name="general return status" owner="generalFunct">
<kw name="Run Keyword And Return Status" owner="BuiltIn">
<kw name="Wait Until Element Is Visible" owner="SeleniumLibrary">
<msg time="2025-02-13T13:12:17.885548" level="INFO" html="true">&lt;/td&gt;&lt;/tr&gt;&lt;tr&gt;&lt;td colspan="3"&gt;&lt;a href="selenium-screenshot-3.png"&gt;&lt;img src="selenium-screenshot-3.png" width="800px"&gt;&lt;/a&gt;</msg>
<msg time="2025-02-13T13:12:17.886545" level="FAIL">Element 'xpath=//p[contains(text(), 'Log')]' not visible after 2 seconds.</msg>
<arg>${locator}</arg>
<arg>timeout=2s</arg>
<doc>Waits until the element ``locator`` is visible.</doc>
<status status="FAIL" start="2025-02-13T13:12:13.483933" elapsed="4.403611">Element 'xpath=//p[contains(text(), 'Log')]' not visible after 2 seconds.</status>
</kw>
<msg time="2025-02-13T13:12:17.888541" level="INFO">${res} = False</msg>
<var>${res}</var>
<arg>Wait Until Element Is Visible</arg>
<arg>${locator}</arg>
<arg>timeout=2s</arg>
<doc>Runs the given keyword with given arguments and returns the status as a Boolean value.</doc>
<status status="PASS" start="2025-02-13T13:12:13.483933" elapsed="4.404608"/>
</kw>
<return>
<value>${res}</value>
<status status="PASS" start="2025-02-13T13:12:17.888541" elapsed="0.000000"/>
</return>
<msg time="2025-02-13T13:12:17.889538" level="INFO">${res} = False</msg>
<var>${res}</var>
<arg>${headerLogin}</arg>
<status status="PASS" start="2025-02-13T13:12:13.483190" elapsed="4.406348"/>
</kw>
<status status="PASS" start="2025-02-13T13:12:10.396895" elapsed="7.492643"/>
</iter>
<iter>
<kw name="Reload Page" owner="SeleniumLibrary">
<doc>Simulates user reloading page.</doc>
<status status="PASS" start="2025-02-13T13:12:17.897517" elapsed="7.368724"/>
</kw>
<kw name="Sleep" owner="BuiltIn">
<msg time="2025-02-13T13:12:26.767412" level="INFO">Slept 1 second 500 milliseconds.</msg>
<arg>1.5s</arg>
<doc>Pauses the test executed for the given time.</doc>
<status status="PASS" start="2025-02-13T13:12:25.267248" elapsed="1.500164"/>
</kw>
<kw name="general return status" owner="generalFunct">
<kw name="Run Keyword And Return Status" owner="BuiltIn">
<kw name="Wait Until Element Is Visible" owner="SeleniumLibrary">
<arg>${locator}</arg>
<arg>timeout=2s</arg>
<doc>Waits until the element ``locator`` is visible.</doc>
<status status="PASS" start="2025-02-13T13:12:26.769408" elapsed="14.833196"/>
</kw>
<msg time="2025-02-13T13:12:41.602604" level="INFO">${res} = True</msg>
<var>${res}</var>
<arg>Wait Until Element Is Visible</arg>
<arg>${locator}</arg>
<arg>timeout=2s</arg>
<doc>Runs the given keyword with given arguments and returns the status as a Boolean value.</doc>
<status status="PASS" start="2025-02-13T13:12:26.768409" elapsed="14.834195"/>
</kw>
<return>
<value>${res}</value>
<status status="PASS" start="2025-02-13T13:12:41.602604" elapsed="0.000000"/>
</return>
<msg time="2025-02-13T13:12:41.603606" level="INFO">${res} = True</msg>
<var>${res}</var>
<arg>${headerLogin}</arg>
<status status="PASS" start="2025-02-13T13:12:26.767412" elapsed="14.836194"/>
</kw>
<status status="PASS" start="2025-02-13T13:12:17.896518" elapsed="23.707088"/>
</iter>
<status status="PASS" start="2025-02-13T13:11:51.936314" elapsed="49.667292"/>
</while>
<status status="PASS" start="2025-02-13T13:11:36.814467" elapsed="64.790175"/>
</kw>
<kw name="user login E-Proc1000s Page" owner="pom_login_eProc">
<kw name="Wait Until Element Is Visible" owner="SeleniumLibrary">
<arg>${inputPassword}</arg>
<doc>Waits until the element ``locator`` is visible.</doc>
<status status="PASS" start="2025-02-13T13:12:41.604642" elapsed="0.038089"/>
</kw>
<kw name="Input Text" owner="SeleniumLibrary">
<msg time="2025-02-13T13:12:41.643733" level="INFO">Typing text '085210758864' into text field 'xpath=//input[@id='TxtPhone']'.</msg>
<arg>${inputUsername}</arg>
<arg>${ROLE_ADMIN}</arg>
<doc>Types the given ``text`` into the text field identified by ``locator``.</doc>
<status status="PASS" start="2025-02-13T13:12:41.642731" elapsed="1.536125"/>
</kw>
<kw name="Input Password" owner="SeleniumLibrary">
<msg time="2025-02-13T13:12:43.179853" level="INFO">Typing password into text field 'xpath=//input[@id='pwd']'.</msg>
<msg time="2025-02-13T13:12:43.280099" level="INFO">Temporally setting log level to: NONE</msg>
<arg>${inputPassword}</arg>
<arg>${PASSWORD}</arg>
<doc>Types the given password into the text field identified by ``locator``.</doc>
<status status="PASS" start="2025-02-13T13:12:43.179853" elapsed="0.985768"/>
</kw>
<kw name="Press Key" owner="SeleniumLibrary">
<arg>${inputPassword}</arg>
<arg>\\13</arg>
<doc>Simulates user pressing key on element identified by ``locator``.</doc>
<status status="PASS" start="2025-02-13T13:12:44.165621" elapsed="0.565602"/>
</kw>
<kw name="Wait Until Element Is Visible" owner="SeleniumLibrary">
<arg>${listFilter}</arg>
<doc>Waits until the element ``locator`` is visible.</doc>
<status status="PASS" start="2025-02-13T13:12:44.732221" elapsed="15.849923"/>
</kw>
<kw name="Sleep" owner="BuiltIn">
<msg time="2025-02-13T13:13:03.583146" level="INFO">Slept 3 seconds.</msg>
<arg>3</arg>
<doc>Pauses the test executed for the given time.</doc>
<status status="PASS" start="2025-02-13T13:13:00.582144" elapsed="3.001002"/>
</kw>
<status status="PASS" start="2025-02-13T13:12:41.604642" elapsed="21.978504"/>
</kw>
<kw name="Wait Until Element Is Visible" owner="SeleniumLibrary">
<arg>${listFilter}</arg>
<doc>Waits until the element ``locator`` is visible.</doc>
<status status="PASS" start="2025-02-13T13:13:03.584071" elapsed="0.022940"/>
</kw>
<kw name="Wait Until Element Is Visible" owner="SeleniumLibrary">
<arg>${titleProject}</arg>
<doc>Waits until the element ``locator`` is visible.</doc>
<status status="PASS" start="2025-02-13T13:13:03.607011" elapsed="0.030443"/>
</kw>
<kw name="Get Text" owner="SeleniumLibrary">
<msg time="2025-02-13T13:13:04.495677" level="INFO">${title} = Manajemen Project</msg>
<var>${title}</var>
<arg>${titleProject}</arg>
<doc>Returns the text value of the element identified by ``locator``.</doc>
<status status="PASS" start="2025-02-13T13:13:03.637454" elapsed="0.858223"/>
</kw>
<kw name="Log To Console" owner="BuiltIn">
<arg>${\n}${title}</arg>
<doc>Logs the given message to the console.</doc>
<status status="PASS" start="2025-02-13T13:13:04.495677" elapsed="0.000997"/>
</kw>
<status status="PASS" start="2025-02-13T13:11:36.813504" elapsed="87.683170"/>
</kw>
<status status="PASS" start="2025-02-13T13:11:36.812505" elapsed="87.685169"/>
</kw>
<kw name="End Web Test" owner="web_eProc" type="TEARDOWN">
<kw name="Log" owner="BuiltIn">
<msg time="2025-02-13T13:13:04.499667" level="INFO">Suite teardown initiated</msg>
<arg>Suite teardown initiated</arg>
<doc>Logs the given message with the given level.</doc>
<status status="PASS" start="2025-02-13T13:13:04.499667" elapsed="0.000000"/>
</kw>
<kw name="Close Browser" owner="SeleniumLibrary">
<doc>Closes the current browser.</doc>
<status status="PASS" start="2025-02-13T13:13:04.500673" elapsed="5.465760"/>
</kw>
<doc>Closes the browser after all tests in the suite have run</doc>
<status status="PASS" start="2025-02-13T13:13:04.498670" elapsed="5.467763"/>
</kw>
<doc>This scenario test User can access URL Home Page</doc>
<tag>1000s</tag>
<tag>home</tag>
<tag>test</tag>
<status status="PASS" start="2025-02-13T13:11:11.518615" elapsed="118.448813"/>
</test>
<test id="s1-t2" name="Test Login Without fill No Handphone and Password" line="17">
<kw name="Begin Web Test" owner="web_eProc" type="SETUP">
<kw name="Open Browser" owner="SeleniumLibrary">
<msg time="2025-02-13T13:13:09.971207" level="INFO">Opening browser 'headlesschrome' to base url 'about:blank'.</msg>
<arg>about:blank</arg>
<arg>${BROWSER}</arg>
<doc>Opens a new browser instance to the optional ``url``.</doc>
<status status="PASS" start="2025-02-13T13:13:09.970206" elapsed="10.961215"/>
</kw>
<kw name="Maximize Browser Window" owner="SeleniumLibrary">
<doc>Maximizes current browser window.</doc>
<status status="PASS" start="2025-02-13T13:13:20.932418" elapsed="0.034896"/>
</kw>
<kw name="Go To" owner="SeleniumLibrary">
<msg time="2025-02-13T13:13:20.967314" level="INFO">Opening url 'https://dev-proyek.1000saudara.com/Login'</msg>
<arg>${URL}</arg>
<doc>Navigates the current browser window to the provided ``url``.</doc>
<status status="PASS" start="2025-02-13T13:13:20.967314" elapsed="8.194167"/>
</kw>
<status status="PASS" start="2025-02-13T13:13:09.970206" elapsed="19.191275"/>
</kw>
<kw name="User login without fill no handphone and password" owner="login">
<kw name="Given user visit E-Proc1000s Login Page" owner="pom_login_eProc">
<kw name="Get Location" owner="SeleniumLibrary">
<msg time="2025-02-13T13:13:29.178436" level="INFO">${current_url} = https://dev-proyek.1000saudara.com/Login</msg>
<var>${current_url}</var>
<doc>Returns the current browser window URL.</doc>
<status status="PASS" start="2025-02-13T13:13:29.167466" elapsed="0.010970"/>
</kw>
<kw name="Log" owner="BuiltIn">
<msg time="2025-02-13T13:13:29.180431" level="INFO">Current Path: https://dev-proyek.1000saudara.com/Login</msg>
<arg>Current Path: ${current_url}</arg>
<doc>Logs the given message with the given level.</doc>
<status status="PASS" start="2025-02-13T13:13:29.179433" elapsed="0.001995"/>
</kw>
<kw name="general return status" owner="generalFunct">
<kw name="Run Keyword And Return Status" owner="BuiltIn">
<kw name="Wait Until Element Is Visible" owner="SeleniumLibrary">
<msg time="2025-02-13T13:13:31.680211" level="INFO" html="true">&lt;/td&gt;&lt;/tr&gt;&lt;tr&gt;&lt;td colspan="3"&gt;&lt;a href="selenium-screenshot-4.png"&gt;&lt;img src="selenium-screenshot-4.png" width="800px"&gt;&lt;/a&gt;</msg>
<msg time="2025-02-13T13:13:31.680211" level="FAIL">Element 'xpath=//p[contains(text(), 'Log')]' not visible after 2 seconds.</msg>
<arg>${locator}</arg>
<arg>timeout=2s</arg>
<doc>Waits until the element ``locator`` is visible.</doc>
<status status="FAIL" start="2025-02-13T13:13:29.182432" elapsed="2.499774">Element 'xpath=//p[contains(text(), 'Log')]' not visible after 2 seconds.</status>
</kw>
<msg time="2025-02-13T13:13:31.682206" level="INFO">${res} = False</msg>
<var>${res}</var>
<arg>Wait Until Element Is Visible</arg>
<arg>${locator}</arg>
<arg>timeout=2s</arg>
<doc>Runs the given keyword with given arguments and returns the status as a Boolean value.</doc>
<status status="PASS" start="2025-02-13T13:13:29.182432" elapsed="2.499774"/>
</kw>
<return>
<value>${res}</value>
<status status="PASS" start="2025-02-13T13:13:31.683201" elapsed="0.000000"/>
</return>
<msg time="2025-02-13T13:13:31.683201" level="INFO">${res} = False</msg>
<var>${res}</var>
<arg>${headerLogin}</arg>
<status status="PASS" start="2025-02-13T13:13:29.181428" elapsed="2.501773"/>
</kw>
<while condition="${res} == $False">
<iter>
<kw name="Reload Page" owner="SeleniumLibrary">
<doc>Simulates user reloading page.</doc>
<status status="PASS" start="2025-02-13T13:13:31.684855" elapsed="13.907692"/>
</kw>
<kw name="Sleep" owner="BuiltIn">
<msg time="2025-02-13T13:13:47.096538" level="INFO">Slept 1 second 500 milliseconds.</msg>
<arg>1.5s</arg>
<doc>Pauses the test executed for the given time.</doc>
<status status="PASS" start="2025-02-13T13:13:45.594543" elapsed="1.501995"/>
</kw>
<kw name="general return status" owner="generalFunct">
<kw name="Run Keyword And Return Status" owner="BuiltIn">
<kw name="Wait Until Element Is Visible" owner="SeleniumLibrary">
<msg time="2025-02-13T13:13:49.630308" level="INFO" html="true">&lt;/td&gt;&lt;/tr&gt;&lt;tr&gt;&lt;td colspan="3"&gt;&lt;a href="selenium-screenshot-5.png"&gt;&lt;img src="selenium-screenshot-5.png" width="800px"&gt;&lt;/a&gt;</msg>
<msg time="2025-02-13T13:13:49.631305" level="FAIL">Element 'xpath=//p[contains(text(), 'Log')]' not visible after 2 seconds.</msg>
<arg>${locator}</arg>
<arg>timeout=2s</arg>
<doc>Waits until the element ``locator`` is visible.</doc>
<status status="FAIL" start="2025-02-13T13:13:47.097535" elapsed="2.534769">Element 'xpath=//p[contains(text(), 'Log')]' not visible after 2 seconds.</status>
</kw>
<msg time="2025-02-13T13:13:49.632304" level="INFO">${res} = False</msg>
<var>${res}</var>
<arg>Wait Until Element Is Visible</arg>
<arg>${locator}</arg>
<arg>timeout=2s</arg>
<doc>Runs the given keyword with given arguments and returns the status as a Boolean value.</doc>
<status status="PASS" start="2025-02-13T13:13:47.097535" elapsed="2.534769"/>
</kw>
<return>
<value>${res}</value>
<status status="PASS" start="2025-02-13T13:13:49.632304" elapsed="0.000997"/>
</return>
<msg time="2025-02-13T13:13:49.633301" level="INFO">${res} = False</msg>
<var>${res}</var>
<arg>${headerLogin}</arg>
<status status="PASS" start="2025-02-13T13:13:47.096538" elapsed="2.536763"/>
</kw>
<status status="PASS" start="2025-02-13T13:13:31.684198" elapsed="17.949103"/>
</iter>
<iter>
<kw name="Reload Page" owner="SeleniumLibrary">
<doc>Simulates user reloading page.</doc>
<status status="PASS" start="2025-02-13T13:13:49.635296" elapsed="1.000371"/>
</kw>
<kw name="Sleep" owner="BuiltIn">
<msg time="2025-02-13T13:13:52.136498" level="INFO">Slept 1 second 500 milliseconds.</msg>
<arg>1.5s</arg>
<doc>Pauses the test executed for the given time.</doc>
<status status="PASS" start="2025-02-13T13:13:50.635667" elapsed="1.500831"/>
</kw>
<kw name="general return status" owner="generalFunct">
<kw name="Run Keyword And Return Status" owner="BuiltIn">
<kw name="Wait Until Element Is Visible" owner="SeleniumLibrary">
<msg time="2025-02-13T13:13:54.533895" level="INFO" html="true">&lt;/td&gt;&lt;/tr&gt;&lt;tr&gt;&lt;td colspan="3"&gt;&lt;a href="selenium-screenshot-6.png"&gt;&lt;img src="selenium-screenshot-6.png" width="800px"&gt;&lt;/a&gt;</msg>
<msg time="2025-02-13T13:13:54.534878" level="FAIL">Element 'xpath=//p[contains(text(), 'Log')]' not visible after 2 seconds.</msg>
<arg>${locator}</arg>
<arg>timeout=2s</arg>
<doc>Waits until the element ``locator`` is visible.</doc>
<status status="FAIL" start="2025-02-13T13:13:52.137346" elapsed="2.398529">Element 'xpath=//p[contains(text(), 'Log')]' not visible after 2 seconds.</status>
</kw>
<msg time="2025-02-13T13:13:54.535875" level="INFO">${res} = False</msg>
<var>${res}</var>
<arg>Wait Until Element Is Visible</arg>
<arg>${locator}</arg>
<arg>timeout=2s</arg>
<doc>Runs the given keyword with given arguments and returns the status as a Boolean value.</doc>
<status status="PASS" start="2025-02-13T13:13:52.137346" elapsed="2.398529"/>
</kw>
<return>
<value>${res}</value>
<status status="PASS" start="2025-02-13T13:13:54.535875" elapsed="0.000000"/>
</return>
<msg time="2025-02-13T13:13:54.535875" level="INFO">${res} = False</msg>
<var>${res}</var>
<arg>${headerLogin}</arg>
<status status="PASS" start="2025-02-13T13:13:52.136498" elapsed="2.399377"/>
</kw>
<status status="PASS" start="2025-02-13T13:13:49.633301" elapsed="4.902574"/>
</iter>
<iter>
<kw name="Reload Page" owner="SeleniumLibrary">
<doc>Simulates user reloading page.</doc>
<status status="PASS" start="2025-02-13T13:13:54.536871" elapsed="2.830180"/>
</kw>
<kw name="Sleep" owner="BuiltIn">
<msg time="2025-02-13T13:13:58.868671" level="INFO">Slept 1 second 500 milliseconds.</msg>
<arg>1.5s</arg>
<doc>Pauses the test executed for the given time.</doc>
<status status="PASS" start="2025-02-13T13:13:57.367051" elapsed="1.501620"/>
</kw>
<kw name="general return status" owner="generalFunct">
<kw name="Run Keyword And Return Status" owner="BuiltIn">
<kw name="Wait Until Element Is Visible" owner="SeleniumLibrary">
<msg time="2025-02-13T13:14:01.296765" level="INFO" html="true">&lt;/td&gt;&lt;/tr&gt;&lt;tr&gt;&lt;td colspan="3"&gt;&lt;a href="selenium-screenshot-7.png"&gt;&lt;img src="selenium-screenshot-7.png" width="800px"&gt;&lt;/a&gt;</msg>
<msg time="2025-02-13T13:14:01.296765" level="FAIL">Element 'xpath=//p[contains(text(), 'Log')]' not visible after 2 seconds.</msg>
<arg>${locator}</arg>
<arg>timeout=2s</arg>
<doc>Waits until the element ``locator`` is visible.</doc>
<status status="FAIL" start="2025-02-13T13:13:58.869713" elapsed="2.429047">Element 'xpath=//p[contains(text(), 'Log')]' not visible after 2 seconds.</status>
</kw>
<msg time="2025-02-13T13:14:01.298760" level="INFO">${res} = False</msg>
<var>${res}</var>
<arg>Wait Until Element Is Visible</arg>
<arg>${locator}</arg>
<arg>timeout=2s</arg>
<doc>Runs the given keyword with given arguments and returns the status as a Boolean value.</doc>
<status status="PASS" start="2025-02-13T13:13:58.869713" elapsed="2.429047"/>
</kw>
<return>
<value>${res}</value>
<status status="PASS" start="2025-02-13T13:14:01.298760" elapsed="0.000000"/>
</return>
<msg time="2025-02-13T13:14:01.299757" level="INFO">${res} = False</msg>
<var>${res}</var>
<arg>${headerLogin}</arg>
<status status="PASS" start="2025-02-13T13:13:58.868671" elapsed="2.431086"/>
</kw>
<status status="PASS" start="2025-02-13T13:13:54.536871" elapsed="6.762886"/>
</iter>
<iter>
<kw name="Reload Page" owner="SeleniumLibrary">
<doc>Simulates user reloading page.</doc>
<status status="PASS" start="2025-02-13T13:14:01.300755" elapsed="0.397435"/>
</kw>
<kw name="Sleep" owner="BuiltIn">
<msg time="2025-02-13T13:14:03.199435" level="INFO">Slept 1 second 500 milliseconds.</msg>
<arg>1.5s</arg>
<doc>Pauses the test executed for the given time.</doc>
<status status="PASS" start="2025-02-13T13:14:01.699188" elapsed="1.500247"/>
</kw>
<kw name="general return status" owner="generalFunct">
<kw name="Run Keyword And Return Status" owner="BuiltIn">
<kw name="Wait Until Element Is Visible" owner="SeleniumLibrary">
<arg>${locator}</arg>
<arg>timeout=2s</arg>
<doc>Waits until the element ``locator`` is visible.</doc>
<status status="PASS" start="2025-02-13T13:14:03.200432" elapsed="1.137688"/>
</kw>
<msg time="2025-02-13T13:14:04.338120" level="INFO">${res} = True</msg>
<var>${res}</var>
<arg>Wait Until Element Is Visible</arg>
<arg>${locator}</arg>
<arg>timeout=2s</arg>
<doc>Runs the given keyword with given arguments and returns the status as a Boolean value.</doc>
<status status="PASS" start="2025-02-13T13:14:03.200432" elapsed="1.137688"/>
</kw>
<return>
<value>${res}</value>
<status status="PASS" start="2025-02-13T13:14:04.339260" elapsed="0.000000"/>
</return>
<msg time="2025-02-13T13:14:04.339260" level="INFO">${res} = True</msg>
<var>${res}</var>
<arg>${headerLogin}</arg>
<status status="PASS" start="2025-02-13T13:14:03.199435" elapsed="1.139825"/>
</kw>
<status status="PASS" start="2025-02-13T13:14:01.299757" elapsed="3.039503"/>
</iter>
<status status="PASS" start="2025-02-13T13:13:31.684198" elapsed="32.656058"/>
</while>
<status status="PASS" start="2025-02-13T13:13:29.166469" elapsed="35.173787"/>
</kw>
<kw name="When user input text" owner="generalFunct">
<kw name="Wait Until Element Is Visible" owner="SeleniumLibrary">
<arg>${locator}</arg>
<doc>Waits until the element ``locator`` is visible.</doc>
<status status="PASS" start="2025-02-13T13:14:04.343249" elapsed="0.056162"/>
</kw>
<kw name="Input Text" owner="SeleniumLibrary">
<msg time="2025-02-13T13:14:04.400409" level="INFO">Typing text '' into text field 'xpath=//input[@id='TxtPhone']'.</msg>
<msg time="2025-02-13T13:14:04.545192" level="INFO">${input_text} = None</msg>
<var>${input_text}</var>
<arg>${locator}</arg>
<arg>${text}</arg>
<doc>Types the given ``text`` into the text field identified by ``locator``.</doc>
<status status="PASS" start="2025-02-13T13:14:04.399411" elapsed="0.145781"/>
</kw>
<return>
<value>${input_text}</value>
<status status="PASS" start="2025-02-13T13:14:04.545192" elapsed="0.000000"/>
</return>
<arg>${inputUsername}</arg>
<arg>${EMPTY}</arg>
<status status="PASS" start="2025-02-13T13:14:04.341258" elapsed="0.204931"/>
</kw>
<kw name="And user input password" owner="generalFunct">
<kw name="Wait Until Element Is Visible" owner="SeleniumLibrary">
<arg>${locator}</arg>
<doc>Waits until the element ``locator`` is visible.</doc>
<status status="PASS" start="2025-02-13T13:14:04.547186" elapsed="0.027927"/>
</kw>
<kw name="Input Password" owner="SeleniumLibrary">
<msg time="2025-02-13T13:14:04.575113" level="INFO">Typing password into text field 'xpath=//input[@id='pwd']'.</msg>
<msg time="2025-02-13T13:14:04.615005" level="INFO">Temporally setting log level to: NONE</msg>
<msg time="2025-02-13T13:14:04.672851" level="INFO">${input_password} = None</msg>
<var>${input_password}</var>
<arg>${locator}</arg>
<arg>${text}</arg>
<doc>Types the given password into the text field identified by ``locator``.</doc>
<status status="PASS" start="2025-02-13T13:14:04.575113" elapsed="0.097738"/>
</kw>
<return>
<value>${input_password}</value>
<status status="PASS" start="2025-02-13T13:14:04.672851" elapsed="0.000000"/>
</return>
<arg>${inputPassword}</arg>
<arg>${EMPTY}</arg>
<status status="PASS" start="2025-02-13T13:14:04.546189" elapsed="0.127660"/>
</kw>
<kw name="Then user click element" owner="generalFunct">
<kw name="Wait Until Element Is Visible" owner="SeleniumLibrary">
<arg>${element}</arg>
<doc>Waits until the element ``locator`` is visible.</doc>
<status status="PASS" start="2025-02-13T13:14:04.674847" elapsed="0.027066"/>
</kw>
<kw name="Click Element" owner="SeleniumLibrary">
<msg time="2025-02-13T13:14:04.702914" level="INFO">Clicking element 'xpath=//button[@type='button']//span[contains(text(), 'Masuk')]//ancestor::button'.</msg>
<msg time="2025-02-13T13:14:04.889786" level="INFO">${clickElement} = None</msg>
<var>${clickElement}</var>
<arg>${element}</arg>
<doc>Click the element identified by ``locator``.</doc>
<status status="PASS" start="2025-02-13T13:14:04.701913" elapsed="0.187873"/>
</kw>
<return>
<value>${clickElement}</value>
<status status="PASS" start="2025-02-13T13:14:04.890785" elapsed="0.000000"/>
</return>
<arg>${buttonMasuk}</arg>
<status status="PASS" start="2025-02-13T13:14:04.673849" elapsed="0.216936"/>
</kw>
<kw name="And show message error" owner="generalFunct">
<kw name="general return status" owner="generalFunct">
<kw name="Run Keyword And Return Status" owner="BuiltIn">
<kw name="Wait Until Element Is Visible" owner="SeleniumLibrary">
<arg>${locator}</arg>
<arg>timeout=2s</arg>
<doc>Waits until the element ``locator`` is visible.</doc>
<status status="PASS" start="2025-02-13T13:14:04.893776" elapsed="0.039894"/>
</kw>
<msg time="2025-02-13T13:14:04.934671" level="INFO">${res} = True</msg>
<var>${res}</var>
<arg>Wait Until Element Is Visible</arg>
<arg>${locator}</arg>
<arg>timeout=2s</arg>
<doc>Runs the given keyword with given arguments and returns the status as a Boolean value.</doc>
<status status="PASS" start="2025-02-13T13:14:04.892780" elapsed="0.041891"/>
</kw>
<return>
<value>${res}</value>
<status status="PASS" start="2025-02-13T13:14:04.934671" elapsed="0.000000"/>
</return>
<msg time="2025-02-13T13:14:04.934671" level="INFO">${label} = True</msg>
<var>${label}</var>
<arg>xpath=//div[@class='mb-20px']//parent::div/label[contains(text(), 'Nomor')]</arg>
<status status="PASS" start="2025-02-13T13:14:04.892780" elapsed="0.041891"/>
</kw>
<if>
<branch type="IF" condition="${label}">
<kw name="general Wait Until" owner="generalFunct">
<kw name="Wait Until Element Is Visible" owner="SeleniumLibrary">
<arg>${locator}</arg>
<arg>timeout=2s</arg>
<doc>Waits until the element ``locator`` is visible.</doc>
<status status="PASS" start="2025-02-13T13:14:04.936663" elapsed="0.033680"/>
</kw>
<arg>${errMessageLabel}</arg>
<status status="PASS" start="2025-02-13T13:14:04.935666" elapsed="0.034677"/>
</kw>
<kw name="Get Text" owner="SeleniumLibrary">
<msg time="2025-02-13T13:14:05.002257" level="INFO">${err} = No. Handphone harus diisi</msg>
<var>${err}</var>
<arg>${errMessageLabel}</arg>
<doc>Returns the text value of the element identified by ``locator``.</doc>
<status status="PASS" start="2025-02-13T13:14:04.970343" elapsed="0.031914"/>
</kw>
<kw name="Log To Console" owner="BuiltIn">
<arg>${\n}Error Message : ${err}</arg>
<doc>Logs the given message to the console.</doc>
<status status="PASS" start="2025-02-13T13:14:05.003257" elapsed="0.000993"/>
</kw>
<status status="PASS" start="2025-02-13T13:14:04.935666" elapsed="0.068584"/>
</branch>
<branch type="ELSE">
<kw name="general Wait Until" owner="generalFunct">
<arg>${errMessageLabel}</arg>
<status status="NOT RUN" start="2025-02-13T13:14:05.004250" elapsed="0.000000"/>
</kw>
<kw name="Get Text" owner="SeleniumLibrary">
<var>${err}</var>
<arg>${errMessageLabel}</arg>
<doc>Returns the text value of the element identified by ``locator``.</doc>
<status status="NOT RUN" start="2025-02-13T13:14:05.004250" elapsed="0.000000"/>
</kw>
<kw name="Log To Console" owner="BuiltIn">
<arg>${\n}Error Message : ${err}</arg>
<doc>Logs the given message to the console.</doc>
<status status="NOT RUN" start="2025-02-13T13:14:05.005250" elapsed="0.000000"/>
</kw>
<status status="NOT RUN" start="2025-02-13T13:14:05.004250" elapsed="0.001000"/>
</branch>
<status status="PASS" start="2025-02-13T13:14:04.935666" elapsed="0.069584"/>
</if>
<status status="PASS" start="2025-02-13T13:14:04.891782" elapsed="0.113468"/>
</kw>
<status status="PASS" start="2025-02-13T13:13:29.165471" elapsed="35.839779"/>
</kw>
<kw name="End Web Test" owner="web_eProc" type="TEARDOWN">
<kw name="Log" owner="BuiltIn">
<msg time="2025-02-13T13:14:05.007245" level="INFO">Suite teardown initiated</msg>
<arg>Suite teardown initiated</arg>
<doc>Logs the given message with the given level.</doc>
<status status="PASS" start="2025-02-13T13:14:05.007245" elapsed="0.000000"/>
</kw>
<kw name="Close Browser" owner="SeleniumLibrary">
<doc>Closes the current browser.</doc>
<status status="PASS" start="2025-02-13T13:14:05.008240" elapsed="2.839815"/>
</kw>
<doc>Closes the browser after all tests in the suite have run</doc>
<status status="PASS" start="2025-02-13T13:14:05.006249" elapsed="2.841806"/>
</kw>
<doc>This scenario test User login without fill no handphone and password</doc>
<tag>1000s</tag>
<tag>login invalid</tag>
<tag>test</tag>
<status status="PASS" start="2025-02-13T13:13:09.969423" elapsed="57.878632"/>
</test>
<test id="s1-t3" name="Test Login Without fill Password" line="22">
<kw name="Begin Web Test" owner="web_eProc" type="SETUP">
<kw name="Open Browser" owner="SeleniumLibrary">
<msg time="2025-02-13T13:14:07.852169" level="INFO">Opening browser 'headlesschrome' to base url 'about:blank'.</msg>
<arg>about:blank</arg>
<arg>${BROWSER}</arg>
<doc>Opens a new browser instance to the optional ``url``.</doc>
<status status="PASS" start="2025-02-13T13:14:07.851168" elapsed="5.774245"/>
</kw>
<kw name="Maximize Browser Window" owner="SeleniumLibrary">
<doc>Maximizes current browser window.</doc>
<status status="PASS" start="2025-02-13T13:14:13.625413" elapsed="0.038897"/>
</kw>
<kw name="Go To" owner="SeleniumLibrary">
<msg time="2025-02-13T13:14:13.664310" level="INFO">Opening url 'https://dev-proyek.1000saudara.com/Login'</msg>
<arg>${URL}</arg>
<doc>Navigates the current browser window to the provided ``url``.</doc>
<status status="PASS" start="2025-02-13T13:14:13.664310" elapsed="6.334379"/>
</kw>
<status status="PASS" start="2025-02-13T13:14:07.851168" elapsed="12.147521"/>
</kw>
<kw name="User login without fill password" owner="login">
<kw name="Given user visit E-Proc1000s Login Page" owner="pom_login_eProc">
<kw name="Get Location" owner="SeleniumLibrary">
<msg time="2025-02-13T13:14:20.012097" level="INFO">${current_url} = https://dev-proyek.1000saudara.com/Login</msg>
<var>${current_url}</var>
<doc>Returns the current browser window URL.</doc>
<status status="PASS" start="2025-02-13T13:14:20.000412" elapsed="0.012693"/>
</kw>
<kw name="Log" owner="BuiltIn">
<msg time="2025-02-13T13:14:20.014090" level="INFO">Current Path: https://dev-proyek.1000saudara.com/Login</msg>
<arg>Current Path: ${current_url}</arg>
<doc>Logs the given message with the given level.</doc>
<status status="PASS" start="2025-02-13T13:14:20.014090" elapsed="0.000000"/>
</kw>
<kw name="general return status" owner="generalFunct">
<kw name="Run Keyword And Return Status" owner="BuiltIn">
<kw name="Wait Until Element Is Visible" owner="SeleniumLibrary">
<msg time="2025-02-13T13:14:22.444956" level="INFO" html="true">&lt;/td&gt;&lt;/tr&gt;&lt;tr&gt;&lt;td colspan="3"&gt;&lt;a href="selenium-screenshot-8.png"&gt;&lt;img src="selenium-screenshot-8.png" width="800px"&gt;&lt;/a&gt;</msg>
<msg time="2025-02-13T13:14:22.445954" level="FAIL">Element 'xpath=//p[contains(text(), 'Log')]' not visible after 2 seconds.</msg>
<arg>${locator}</arg>
<arg>timeout=2s</arg>
<doc>Waits until the element ``locator`` is visible.</doc>
<status status="FAIL" start="2025-02-13T13:14:20.016086" elapsed="2.430865">Element 'xpath=//p[contains(text(), 'Log')]' not visible after 2 seconds.</status>
</kw>
<msg time="2025-02-13T13:14:22.446951" level="INFO">${res} = False</msg>
<var>${res}</var>
<arg>Wait Until Element Is Visible</arg>
<arg>${locator}</arg>
<arg>timeout=2s</arg>
<doc>Runs the given keyword with given arguments and returns the status as a Boolean value.</doc>
<status status="PASS" start="2025-02-13T13:14:20.016086" elapsed="2.430865"/>
</kw>
<return>
<value>${res}</value>
<status status="PASS" start="2025-02-13T13:14:22.446951" elapsed="0.000000"/>
</return>
<msg time="2025-02-13T13:14:22.446951" level="INFO">${res} = False</msg>
<var>${res}</var>
<arg>${headerLogin}</arg>
<status status="PASS" start="2025-02-13T13:14:20.015088" elapsed="2.431863"/>
</kw>
<while condition="${res} == $False">
<iter>
<kw name="Reload Page" owner="SeleniumLibrary">
<doc>Simulates user reloading page.</doc>
<status status="PASS" start="2025-02-13T13:14:22.447947" elapsed="6.036519"/>
</kw>
<kw name="Sleep" owner="BuiltIn">
<msg time="2025-02-13T13:14:29.986078" level="INFO">Slept 1 second 500 milliseconds.</msg>
<arg>1.5s</arg>
<doc>Pauses the test executed for the given time.</doc>
<status status="PASS" start="2025-02-13T13:14:28.484466" elapsed="1.501612"/>
</kw>
<kw name="general return status" owner="generalFunct">
<kw name="Run Keyword And Return Status" owner="BuiltIn">
<kw name="Wait Until Element Is Visible" owner="SeleniumLibrary">
<msg time="2025-02-13T13:14:32.389506" level="INFO" html="true">&lt;/td&gt;&lt;/tr&gt;&lt;tr&gt;&lt;td colspan="3"&gt;&lt;a href="selenium-screenshot-9.png"&gt;&lt;img src="selenium-screenshot-9.png" width="800px"&gt;&lt;/a&gt;</msg>
<msg time="2025-02-13T13:14:32.390504" level="FAIL">Element 'xpath=//p[contains(text(), 'Log')]' not visible after 2 seconds.</msg>
<arg>${locator}</arg>
<arg>timeout=2s</arg>
<doc>Waits until the element ``locator`` is visible.</doc>
<status status="FAIL" start="2025-02-13T13:14:29.988073" elapsed="2.403430">Element 'xpath=//p[contains(text(), 'Log')]' not visible after 2 seconds.</status>
</kw>
<msg time="2025-02-13T13:14:32.391503" level="INFO">${res} = False</msg>
<var>${res}</var>
<arg>Wait Until Element Is Visible</arg>
<arg>${locator}</arg>
<arg>timeout=2s</arg>
<doc>Runs the given keyword with given arguments and returns the status as a Boolean value.</doc>
<status status="PASS" start="2025-02-13T13:14:29.988073" elapsed="2.403430"/>
</kw>
<return>
<value>${res}</value>
<status status="PASS" start="2025-02-13T13:14:32.391503" elapsed="0.000000"/>
</return>
<msg time="2025-02-13T13:14:32.391503" level="INFO">${res} = False</msg>
<var>${res}</var>
<arg>${headerLogin}</arg>
<status status="PASS" start="2025-02-13T13:14:29.987076" elapsed="2.404427"/>
</kw>
<status status="PASS" start="2025-02-13T13:14:22.447947" elapsed="9.943556"/>
</iter>
<iter>
<kw name="Reload Page" owner="SeleniumLibrary">
<doc>Simulates user reloading page.</doc>
<status status="PASS" start="2025-02-13T13:14:32.392500" elapsed="6.038227"/>
</kw>
<kw name="Sleep" owner="BuiltIn">
<msg time="2025-02-13T13:14:39.931445" level="INFO">Slept 1 second 500 milliseconds.</msg>
<arg>1.5s</arg>
<doc>Pauses the test executed for the given time.</doc>
<status status="PASS" start="2025-02-13T13:14:38.430727" elapsed="1.500718"/>
</kw>
<kw name="general return status" owner="generalFunct">
<kw name="Run Keyword And Return Status" owner="BuiltIn">
<kw name="Wait Until Element Is Visible" owner="SeleniumLibrary">
<arg>${locator}</arg>
<arg>timeout=2s</arg>
<doc>Waits until the element ``locator`` is visible.</doc>
<status status="PASS" start="2025-02-13T13:14:39.933441" elapsed="5.833825"/>
</kw>
<msg time="2025-02-13T13:14:45.767266" level="INFO">${res} = True</msg>
<var>${res}</var>
<arg>Wait Until Element Is Visible</arg>
<arg>${locator}</arg>
<arg>timeout=2s</arg>
<doc>Runs the given keyword with given arguments and returns the status as a Boolean value.</doc>
<status status="PASS" start="2025-02-13T13:14:39.932444" elapsed="5.834822"/>
</kw>
<return>
<value>${res}</value>
<status status="PASS" start="2025-02-13T13:14:45.767266" elapsed="0.000000"/>
</return>
<msg time="2025-02-13T13:14:45.767266" level="INFO">${res} = True</msg>
<var>${res}</var>
<arg>${headerLogin}</arg>
<status status="PASS" start="2025-02-13T13:14:39.931445" elapsed="5.835821"/>
</kw>
<status status="PASS" start="2025-02-13T13:14:32.391503" elapsed="13.375763"/>
</iter>
<status status="PASS" start="2025-02-13T13:14:22.447947" elapsed="23.320353"/>
</while>
<status status="PASS" start="2025-02-13T13:14:20.000412" elapsed="25.767888"/>
</kw>
<kw name="When user input text" owner="generalFunct">
<kw name="Wait Until Element Is Visible" owner="SeleniumLibrary">
<arg>${locator}</arg>
<doc>Waits until the element ``locator`` is visible.</doc>
<status status="PASS" start="2025-02-13T13:14:45.769294" elapsed="0.035044"/>
</kw>
<kw name="Input Text" owner="SeleniumLibrary">
<msg time="2025-02-13T13:14:45.805341" level="INFO">Typing text '085210758864' into text field 'xpath=//input[@id='TxtPhone']'.</msg>
<msg time="2025-02-13T13:14:48.002172" level="INFO">${input_text} = None</msg>
<var>${input_text}</var>
<arg>${locator}</arg>
<arg>${text}</arg>
<doc>Types the given ``text`` into the text field identified by ``locator``.</doc>
<status status="PASS" start="2025-02-13T13:14:45.805341" elapsed="2.196831"/>
</kw>
<return>
<value>${input_text}</value>
<status status="PASS" start="2025-02-13T13:14:48.002172" elapsed="0.000000"/>
</return>
<arg>${inputUsername}</arg>
<arg>${ROLE_ADMIN}</arg>
<status status="PASS" start="2025-02-13T13:14:45.768300" elapsed="2.234870"/>
</kw>
<kw name="And user input password" owner="generalFunct">
<kw name="Wait Until Element Is Visible" owner="SeleniumLibrary">
<arg>${locator}</arg>
<doc>Waits until the element ``locator`` is visible.</doc>
<status status="PASS" start="2025-02-13T13:14:48.004166" elapsed="0.031968"/>
</kw>
<kw name="Input Password" owner="SeleniumLibrary">
<msg time="2025-02-13T13:14:48.038129" level="INFO">Typing password into text field 'xpath=//input[@id='pwd']'.</msg>
<msg time="2025-02-13T13:14:48.088292" level="INFO">Temporally setting log level to: NONE</msg>
<msg time="2025-02-13T13:14:48.184850" level="INFO">${input_password} = None</msg>
<var>${input_password}</var>
<arg>${locator}</arg>
<arg>${text}</arg>
<doc>Types the given password into the text field identified by ``locator``.</doc>
<status status="PASS" start="2025-02-13T13:14:48.037169" elapsed="0.147681"/>
</kw>
<return>
<value>${input_password}</value>
<status status="PASS" start="2025-02-13T13:14:48.184850" elapsed="0.000998"/>
</return>
<arg>${inputPassword}</arg>
<arg>${EMPTY}</arg>
<status status="PASS" start="2025-02-13T13:14:48.003170" elapsed="0.182678"/>
</kw>
<kw name="Then user click element" owner="generalFunct">
<kw name="Wait Until Element Is Visible" owner="SeleniumLibrary">
<arg>${element}</arg>
<doc>Waits until the element ``locator`` is visible.</doc>
<status status="PASS" start="2025-02-13T13:14:48.186844" elapsed="0.031915"/>
</kw>
<kw name="Click Element" owner="SeleniumLibrary">
<msg time="2025-02-13T13:14:48.218759" level="INFO">Clicking element 'xpath=//button[@type='button']//span[contains(text(), 'Masuk')]//ancestor::button'.</msg>
<msg time="2025-02-13T13:14:49.030712" level="INFO">${clickElement} = None</msg>
<var>${clickElement}</var>
<arg>${element}</arg>
<doc>Click the element identified by ``locator``.</doc>
<status status="PASS" start="2025-02-13T13:14:48.218759" elapsed="0.811953"/>
</kw>
<return>
<value>${clickElement}</value>
<status status="PASS" start="2025-02-13T13:14:49.030712" elapsed="0.000000"/>
</return>
<arg>${buttonMasuk}</arg>
<status status="PASS" start="2025-02-13T13:14:48.185848" elapsed="0.844864"/>
</kw>
<kw name="And show message error" owner="generalFunct">
<kw name="general return status" owner="generalFunct">
<kw name="Run Keyword And Return Status" owner="BuiltIn">
<kw name="Wait Until Element Is Visible" owner="SeleniumLibrary">
<arg>${locator}</arg>
<arg>timeout=2s</arg>
<doc>Waits until the element ``locator`` is visible.</doc>
<status status="PASS" start="2025-02-13T13:14:49.034699" elapsed="0.055948"/>
</kw>
<msg time="2025-02-13T13:14:49.090647" level="INFO">${res} = True</msg>
<var>${res}</var>
<arg>Wait Until Element Is Visible</arg>
<arg>${locator}</arg>
<arg>timeout=2s</arg>
<doc>Runs the given keyword with given arguments and returns the status as a Boolean value.</doc>
<status status="PASS" start="2025-02-13T13:14:49.033703" elapsed="0.056944"/>
</kw>
<return>
<value>${res}</value>
<status status="PASS" start="2025-02-13T13:14:49.090647" elapsed="0.000000"/>
</return>
<msg time="2025-02-13T13:14:49.091642" level="INFO">${label} = True</msg>
<var>${label}</var>
<arg>xpath=//div[@class='mb-20px']//parent::div/label[contains(text(), 'Nomor')]</arg>
<status status="PASS" start="2025-02-13T13:14:49.032705" elapsed="0.058937"/>
</kw>
<if>
<branch type="IF" condition="${label}">
<kw name="general Wait Until" owner="generalFunct">
<kw name="Wait Until Element Is Visible" owner="SeleniumLibrary">
<arg>${locator}</arg>
<arg>timeout=2s</arg>
<doc>Waits until the element ``locator`` is visible.</doc>
<status status="PASS" start="2025-02-13T13:14:49.092642" elapsed="0.046934"/>
</kw>
<arg>${errMessageLabel}</arg>
<status status="PASS" start="2025-02-13T13:14:49.091642" elapsed="0.047934"/>
</kw>
<kw name="Get Text" owner="SeleniumLibrary">
<msg time="2025-02-13T13:14:49.289901" level="INFO">${err} = Password harus diisi</msg>
<var>${err}</var>
<arg>${errMessageLabel}</arg>
<doc>Returns the text value of the element identified by ``locator``.</doc>
<status status="PASS" start="2025-02-13T13:14:49.140575" elapsed="0.149326"/>
</kw>
<kw name="Log To Console" owner="BuiltIn">
<arg>${\n}Error Message : ${err}</arg>
<doc>Logs the given message to the console.</doc>
<status status="PASS" start="2025-02-13T13:14:49.289901" elapsed="0.000997"/>
</kw>
<status status="PASS" start="2025-02-13T13:14:49.091642" elapsed="0.199256"/>
</branch>
<branch type="ELSE">
<kw name="general Wait Until" owner="generalFunct">
<arg>${errMessageLabel}</arg>
<status status="NOT RUN" start="2025-02-13T13:14:49.290898" elapsed="0.000000"/>
</kw>
<kw name="Get Text" owner="SeleniumLibrary">
<var>${err}</var>
<arg>${errMessageLabel}</arg>
<doc>Returns the text value of the element identified by ``locator``.</doc>
<status status="NOT RUN" start="2025-02-13T13:14:49.291931" elapsed="0.000000"/>
</kw>
<kw name="Log To Console" owner="BuiltIn">
<arg>${\n}Error Message : ${err}</arg>
<doc>Logs the given message to the console.</doc>
<status status="NOT RUN" start="2025-02-13T13:14:49.291931" elapsed="0.000000"/>
</kw>
<status status="NOT RUN" start="2025-02-13T13:14:49.290898" elapsed="0.001033"/>
</branch>
<status status="PASS" start="2025-02-13T13:14:49.091642" elapsed="0.200289"/>
</if>
<status status="PASS" start="2025-02-13T13:14:49.031709" elapsed="0.260222"/>
</kw>
<status status="PASS" start="2025-02-13T13:14:19.999408" elapsed="29.292523"/>
</kw>
<kw name="End Web Test" owner="web_eProc" type="TEARDOWN">
<kw name="Log" owner="BuiltIn">
<msg time="2025-02-13T13:14:49.292797" level="INFO">Suite teardown initiated</msg>
<arg>Suite teardown initiated</arg>
<doc>Logs the given message with the given level.</doc>
<status status="PASS" start="2025-02-13T13:14:49.292797" elapsed="0.000000"/>
</kw>
<kw name="Close Browser" owner="SeleniumLibrary">
<doc>Closes the current browser.</doc>
<status status="PASS" start="2025-02-13T13:14:49.293799" elapsed="4.011827"/>
</kw>
<doc>Closes the browser after all tests in the suite have run</doc>
<status status="PASS" start="2025-02-13T13:14:49.292797" elapsed="4.012829"/>
</kw>
<doc>This scenario test User login without fill password</doc>
<tag>1000s</tag>
<tag>login invalid</tag>
<tag>test</tag>
<status status="PASS" start="2025-02-13T13:14:07.849739" elapsed="45.456895"/>
</test>
<test id="s1-t4" name="Test Login Without fill No Handphone" line="27">
<kw name="Begin Web Test" owner="web_eProc" type="SETUP">
<kw name="Open Browser" owner="SeleniumLibrary">
<msg time="2025-02-13T13:14:53.310614" level="INFO">Opening browser 'headlesschrome' to base url 'about:blank'.</msg>
<arg>about:blank</arg>
<arg>${BROWSER}</arg>
<doc>Opens a new browser instance to the optional ``url``.</doc>
<status status="PASS" start="2025-02-13T13:14:53.308615" elapsed="7.393949"/>
</kw>
<kw name="Maximize Browser Window" owner="SeleniumLibrary">
<doc>Maximizes current browser window.</doc>
<status status="PASS" start="2025-02-13T13:15:00.702564" elapsed="0.036414"/>
</kw>
<kw name="Go To" owner="SeleniumLibrary">
<msg time="2025-02-13T13:15:00.738978" level="INFO">Opening url 'https://dev-proyek.1000saudara.com/Login'</msg>
<arg>${URL}</arg>
<doc>Navigates the current browser window to the provided ``url``.</doc>
<status status="PASS" start="2025-02-13T13:15:00.738978" elapsed="6.059480"/>
</kw>
<status status="PASS" start="2025-02-13T13:14:53.308615" elapsed="13.490845"/>
</kw>
<kw name="User login without fill no handphone" owner="login">
<kw name="Given user visit E-Proc1000s Login Page" owner="pom_login_eProc">
<kw name="Get Location" owner="SeleniumLibrary">
<msg time="2025-02-13T13:15:06.810949" level="INFO">${current_url} = https://dev-proyek.1000saudara.com/Login</msg>
<var>${current_url}</var>
<doc>Returns the current browser window URL.</doc>
<status status="PASS" start="2025-02-13T13:15:06.801450" elapsed="0.009499"/>
</kw>
<kw name="Log" owner="BuiltIn">
<msg time="2025-02-13T13:15:06.811951" level="INFO">Current Path: https://dev-proyek.1000saudara.com/Login</msg>
<arg>Current Path: ${current_url}</arg>
<doc>Logs the given message with the given level.</doc>
<status status="PASS" start="2025-02-13T13:15:06.810949" elapsed="0.001002"/>
</kw>
<kw name="general return status" owner="generalFunct">
<kw name="Run Keyword And Return Status" owner="BuiltIn">
<kw name="Wait Until Element Is Visible" owner="SeleniumLibrary">
<msg time="2025-02-13T13:15:09.177729" level="INFO" html="true">&lt;/td&gt;&lt;/tr&gt;&lt;tr&gt;&lt;td colspan="3"&gt;&lt;a href="selenium-screenshot-10.png"&gt;&lt;img src="selenium-screenshot-10.png" width="800px"&gt;&lt;/a&gt;</msg>
<msg time="2025-02-13T13:15:09.178725" level="FAIL">Element 'xpath=//p[contains(text(), 'Log')]' not visible after 2 seconds.</msg>
<arg>${locator}</arg>
<arg>timeout=2s</arg>
<doc>Waits until the element ``locator`` is visible.</doc>
<status status="FAIL" start="2025-02-13T13:15:06.812947" elapsed="2.366775">Element 'xpath=//p[contains(text(), 'Log')]' not visible after 2 seconds.</status>
</kw>
<msg time="2025-02-13T13:15:09.180721" level="INFO">${res} = False</msg>
<var>${res}</var>
<arg>Wait Until Element Is Visible</arg>
<arg>${locator}</arg>
<arg>timeout=2s</arg>
<doc>Runs the given keyword with given arguments and returns the status as a Boolean value.</doc>
<status status="PASS" start="2025-02-13T13:15:06.811951" elapsed="2.368770"/>
</kw>
<return>
<value>${res}</value>
<status status="PASS" start="2025-02-13T13:15:09.180721" elapsed="0.000000"/>
</return>
<msg time="2025-02-13T13:15:09.180721" level="INFO">${res} = False</msg>
<var>${res}</var>
<arg>${headerLogin}</arg>
<status status="PASS" start="2025-02-13T13:15:06.811951" elapsed="2.369767"/>
</kw>
<while condition="${res} == $False">
<iter>
<kw name="Reload Page" owner="SeleniumLibrary">
<doc>Simulates user reloading page.</doc>
<status status="PASS" start="2025-02-13T13:15:09.181718" elapsed="12.175078"/>
</kw>
<kw name="Sleep" owner="BuiltIn">
<msg time="2025-02-13T13:15:22.857379" level="INFO">Slept 1 second 500 milliseconds.</msg>
<arg>1.5s</arg>
<doc>Pauses the test executed for the given time.</doc>
<status status="PASS" start="2025-02-13T13:15:21.356796" elapsed="1.500583"/>
</kw>
<kw name="general return status" owner="generalFunct">
<kw name="Run Keyword And Return Status" owner="BuiltIn">
<kw name="Wait Until Element Is Visible" owner="SeleniumLibrary">
<msg time="2025-02-13T13:15:25.204426" level="INFO" html="true">&lt;/td&gt;&lt;/tr&gt;&lt;tr&gt;&lt;td colspan="3"&gt;&lt;a href="selenium-screenshot-11.png"&gt;&lt;img src="selenium-screenshot-11.png" width="800px"&gt;&lt;/a&gt;</msg>
<msg time="2025-02-13T13:15:25.204426" level="FAIL">Element 'xpath=//p[contains(text(), 'Log')]' not visible after 2 seconds.</msg>
<arg>${locator}</arg>
<arg>timeout=2s</arg>
<doc>Waits until the element ``locator`` is visible.</doc>
<status status="FAIL" start="2025-02-13T13:15:22.858383" elapsed="2.347042">Element 'xpath=//p[contains(text(), 'Log')]' not visible after 2 seconds.</status>
</kw>
<msg time="2025-02-13T13:15:25.205425" level="INFO">${res} = False</msg>
<var>${res}</var>
<arg>Wait Until Element Is Visible</arg>
<arg>${locator}</arg>
<arg>timeout=2s</arg>
<doc>Runs the given keyword with given arguments and returns the status as a Boolean value.</doc>
<status status="PASS" start="2025-02-13T13:15:22.858383" elapsed="2.347042"/>
</kw>
<return>
<value>${res}</value>
<status status="PASS" start="2025-02-13T13:15:25.205425" elapsed="0.000000"/>
</return>
<msg time="2025-02-13T13:15:25.206460" level="INFO">${res} = False</msg>
<var>${res}</var>
<arg>${headerLogin}</arg>
<status status="PASS" start="2025-02-13T13:15:22.857379" elapsed="2.349081"/>
</kw>
<status status="PASS" start="2025-02-13T13:15:09.181718" elapsed="16.024742"/>
</iter>
<iter>
<kw name="Reload Page" owner="SeleniumLibrary">
<doc>Simulates user reloading page.</doc>
<status status="PASS" start="2025-02-13T13:15:25.206460" elapsed="0.943984"/>
</kw>
<kw name="Sleep" owner="BuiltIn">
<msg time="2025-02-13T13:15:27.652139" level="INFO">Slept 1 second 500 milliseconds.</msg>
<arg>1.5s</arg>
<doc>Pauses the test executed for the given time.</doc>
<status status="PASS" start="2025-02-13T13:15:26.150444" elapsed="1.501695"/>
</kw>
<kw name="general return status" owner="generalFunct">
<kw name="Run Keyword And Return Status" owner="BuiltIn">
<kw name="Wait Until Element Is Visible" owner="SeleniumLibrary">
<msg time="2025-02-13T13:15:30.100670" level="INFO" html="true">&lt;/td&gt;&lt;/tr&gt;&lt;tr&gt;&lt;td colspan="3"&gt;&lt;a href="selenium-screenshot-12.png"&gt;&lt;img src="selenium-screenshot-12.png" width="800px"&gt;&lt;/a&gt;</msg>
<msg time="2025-02-13T13:15:30.100670" level="FAIL">Element 'xpath=//p[contains(text(), 'Log')]' not visible after 2 seconds.</msg>
<arg>${locator}</arg>
<arg>timeout=2s</arg>
<doc>Waits until the element ``locator`` is visible.</doc>
<status status="FAIL" start="2025-02-13T13:15:27.654132" elapsed="2.447536">Element 'xpath=//p[contains(text(), 'Log')]' not visible after 2 seconds.</status>
</kw>
<msg time="2025-02-13T13:15:30.101668" level="INFO">${res} = False</msg>
<var>${res}</var>
<arg>Wait Until Element Is Visible</arg>
<arg>${locator}</arg>
<arg>timeout=2s</arg>
<doc>Runs the given keyword with given arguments and returns the status as a Boolean value.</doc>
<status status="PASS" start="2025-02-13T13:15:27.653135" elapsed="2.448533"/>
</kw>
<return>
<value>${res}</value>
<status status="PASS" start="2025-02-13T13:15:30.101668" elapsed="0.001037"/>
</return>
<msg time="2025-02-13T13:15:30.102705" level="INFO">${res} = False</msg>
<var>${res}</var>
<arg>${headerLogin}</arg>
<status status="PASS" start="2025-02-13T13:15:27.652139" elapsed="2.450566"/>
</kw>
<status status="PASS" start="2025-02-13T13:15:25.206460" elapsed="4.896245"/>
</iter>
<iter>
<kw name="Reload Page" owner="SeleniumLibrary">
<doc>Simulates user reloading page.</doc>
<status status="PASS" start="2025-02-13T13:15:30.103663" elapsed="11.412422"/>
</kw>
<kw name="Sleep" owner="BuiltIn">
<msg time="2025-02-13T13:15:43.016899" level="INFO">Slept 1 second 500 milliseconds.</msg>
<arg>1.5s</arg>
<doc>Pauses the test executed for the given time.</doc>
<status status="PASS" start="2025-02-13T13:15:41.516085" elapsed="1.500814"/>
</kw>
<kw name="general return status" owner="generalFunct">
<kw name="Run Keyword And Return Status" owner="BuiltIn">
<kw name="Wait Until Element Is Visible" owner="SeleniumLibrary">
<arg>${locator}</arg>
<arg>timeout=2s</arg>
<doc>Waits until the element ``locator`` is visible.</doc>
<status status="PASS" start="2025-02-13T13:15:43.017903" elapsed="2.667339"/>
</kw>
<msg time="2025-02-13T13:15:45.685242" level="INFO">${res} = True</msg>
<var>${res}</var>
<arg>Wait Until Element Is Visible</arg>
<arg>${locator}</arg>
<arg>timeout=2s</arg>
<doc>Runs the given keyword with given arguments and returns the status as a Boolean value.</doc>
<status status="PASS" start="2025-02-13T13:15:43.017903" elapsed="2.667339"/>
</kw>
<return>
<value>${res}</value>
<status status="PASS" start="2025-02-13T13:15:45.685242" elapsed="0.000000"/>
</return>
<msg time="2025-02-13T13:15:45.686231" level="INFO">${res} = True</msg>
<var>${res}</var>
<arg>${headerLogin}</arg>
<status status="PASS" start="2025-02-13T13:15:43.016899" elapsed="2.669332"/>
</kw>
<status status="PASS" start="2025-02-13T13:15:30.102705" elapsed="15.583526"/>
</iter>
<status status="PASS" start="2025-02-13T13:15:09.181718" elapsed="36.504513"/>
</while>
<status status="PASS" start="2025-02-13T13:15:06.800455" elapsed="38.885776"/>
</kw>
<kw name="When user input text" owner="generalFunct">
<kw name="Wait Until Element Is Visible" owner="SeleniumLibrary">
<arg>${locator}</arg>
<doc>Waits until the element ``locator`` is visible.</doc>
<status status="PASS" start="2025-02-13T13:15:45.689224" elapsed="0.049156"/>
</kw>
<kw name="Input Text" owner="SeleniumLibrary">
<msg time="2025-02-13T13:15:45.739375" level="INFO">Typing text '' into text field 'xpath=//input[@id='TxtPhone']'.</msg>
<msg time="2025-02-13T13:15:45.909923" level="INFO">${input_text} = None</msg>
<var>${input_text}</var>
<arg>${locator}</arg>
<arg>${text}</arg>
<doc>Types the given ``text`` into the text field identified by ``locator``.</doc>
<status status="PASS" start="2025-02-13T13:15:45.738380" elapsed="0.171543"/>
</kw>
<return>
<value>${input_text}</value>
<status status="PASS" start="2025-02-13T13:15:45.909923" elapsed="0.000998"/>
</return>
<arg>${inputUsername}</arg>
<arg>${EMPTY}</arg>
<status status="PASS" start="2025-02-13T13:15:45.687228" elapsed="0.223693"/>
</kw>
<kw name="And user input password" owner="generalFunct">
<kw name="Wait Until Element Is Visible" owner="SeleniumLibrary">
<arg>${locator}</arg>
<doc>Waits until the element ``locator`` is visible.</doc>
<status status="PASS" start="2025-02-13T13:15:45.912915" elapsed="0.044881"/>
</kw>
<kw name="Input Password" owner="SeleniumLibrary">
<msg time="2025-02-13T13:15:45.958792" level="INFO">Typing password into text field 'xpath=//input[@id='pwd']'.</msg>
<msg time="2025-02-13T13:15:46.014644" level="INFO">Temporally setting log level to: NONE</msg>
<msg time="2025-02-13T13:15:46.438511" level="INFO">${input_password} = None</msg>
<var>${input_password}</var>
<arg>${locator}</arg>
<arg>${text}</arg>
<doc>Types the given password into the text field identified by ``locator``.</doc>
<status status="PASS" start="2025-02-13T13:15:45.957796" elapsed="0.480715"/>
</kw>
<return>
<value>${input_password}</value>
<status status="PASS" start="2025-02-13T13:15:46.438511" elapsed="0.000000"/>
</return>
<arg>${inputPassword}</arg>
<arg>${PASSWORD}</arg>
<status status="PASS" start="2025-02-13T13:15:45.910921" elapsed="0.528586"/>
</kw>
<kw name="Then Click Element" owner="SeleniumLibrary">
<msg time="2025-02-13T13:15:46.440504" level="INFO">Clicking element 'xpath=//button[@type='button']//span[contains(text(), 'Masuk')]//ancestor::button'.</msg>
<arg>${buttonMasuk}</arg>
<doc>Click the element identified by ``locator``.</doc>
<status status="PASS" start="2025-02-13T13:15:46.439507" elapsed="0.187592"/>
</kw>
<kw name="And show message error" owner="generalFunct">
<kw name="general return status" owner="generalFunct">
<kw name="Run Keyword And Return Status" owner="BuiltIn">
<kw name="Wait Until Element Is Visible" owner="SeleniumLibrary">
<arg>${locator}</arg>
<arg>timeout=2s</arg>
<doc>Waits until the element ``locator`` is visible.</doc>
<status status="PASS" start="2025-02-13T13:15:46.630090" elapsed="0.048292"/>
</kw>
<msg time="2025-02-13T13:15:46.678382" level="INFO">${res} = True</msg>
<var>${res}</var>
<arg>Wait Until Element Is Visible</arg>
<arg>${locator}</arg>
<arg>timeout=2s</arg>
<doc>Runs the given keyword with given arguments and returns the status as a Boolean value.</doc>
<status status="PASS" start="2025-02-13T13:15:46.629093" elapsed="0.050286"/>
</kw>
<return>
<value>${res}</value>
<status status="PASS" start="2025-02-13T13:15:46.679379" elapsed="0.000000"/>
</return>
<msg time="2025-02-13T13:15:46.679379" level="INFO">${label} = True</msg>
<var>${label}</var>
<arg>xpath=//div[@class='mb-20px']//parent::div/label[contains(text(), 'Nomor')]</arg>
<status status="PASS" start="2025-02-13T13:15:46.628098" elapsed="0.051281"/>
</kw>
<if>
<branch type="IF" condition="${label}">
<kw name="general Wait Until" owner="generalFunct">
<kw name="Wait Until Element Is Visible" owner="SeleniumLibrary">
<arg>${locator}</arg>
<arg>timeout=2s</arg>
<doc>Waits until the element ``locator`` is visible.</doc>
<status status="PASS" start="2025-02-13T13:15:46.681374" elapsed="0.029920"/>
</kw>
<arg>${errMessageLabel}</arg>
<status status="PASS" start="2025-02-13T13:15:46.680378" elapsed="0.030916"/>
</kw>
<kw name="Get Text" owner="SeleniumLibrary">
<msg time="2025-02-13T13:15:46.738221" level="INFO">${err} = No. Handphone harus diisi</msg>
<var>${err}</var>
<arg>${errMessageLabel}</arg>
<doc>Returns the text value of the element identified by ``locator``.</doc>
<status status="PASS" start="2025-02-13T13:15:46.711294" elapsed="0.027926"/>
</kw>
<kw name="Log To Console" owner="BuiltIn">
<arg>${\n}Error Message : ${err}</arg>
<doc>Logs the given message to the console.</doc>
<status status="PASS" start="2025-02-13T13:15:46.739220" elapsed="0.001994"/>
</kw>
<status status="PASS" start="2025-02-13T13:15:46.680378" elapsed="0.060836"/>
</branch>
<branch type="ELSE">
<kw name="general Wait Until" owner="generalFunct">
<arg>${errMessageLabel}</arg>
<status status="NOT RUN" start="2025-02-13T13:15:46.742217" elapsed="0.000000"/>
</kw>
<kw name="Get Text" owner="SeleniumLibrary">
<var>${err}</var>
<arg>${errMessageLabel}</arg>
<doc>Returns the text value of the element identified by ``locator``.</doc>
<status status="NOT RUN" start="2025-02-13T13:15:46.742217" elapsed="0.000000"/>
</kw>
<kw name="Log To Console" owner="BuiltIn">
<arg>${\n}Error Message : ${err}</arg>
<doc>Logs the given message to the console.</doc>
<status status="NOT RUN" start="2025-02-13T13:15:46.743211" elapsed="0.000000"/>
</kw>
<status status="NOT RUN" start="2025-02-13T13:15:46.741214" elapsed="0.001997"/>
</branch>
<status status="PASS" start="2025-02-13T13:15:46.680378" elapsed="0.062833"/>
</if>
<status status="PASS" start="2025-02-13T13:15:46.628098" elapsed="0.115113"/>
</kw>
<status status="PASS" start="2025-02-13T13:15:06.799460" elapsed="39.943751"/>
</kw>
<kw name="End Web Test" owner="web_eProc" type="TEARDOWN">
<kw name="Log" owner="BuiltIn">
<msg time="2025-02-13T13:15:46.744206" level="INFO">Suite teardown initiated</msg>
<arg>Suite teardown initiated</arg>
<doc>Logs the given message with the given level.</doc>
<status status="PASS" start="2025-02-13T13:15:46.744206" elapsed="0.000000"/>
</kw>
<kw name="Close Browser" owner="SeleniumLibrary">
<doc>Closes the current browser.</doc>
<status status="PASS" start="2025-02-13T13:15:46.745202" elapsed="6.029657"/>
</kw>
<doc>Closes the browser after all tests in the suite have run</doc>
<status status="PASS" start="2025-02-13T13:15:46.744206" elapsed="6.030653"/>
</kw>
<doc>This scenario test User login without fill no handphone</doc>
<tag>1000s</tag>
<tag>login invalid</tag>
<tag>test</tag>
<status status="PASS" start="2025-02-13T13:14:53.307338" elapsed="59.468298"/>
</test>
<test id="s1-t5" name="Test Login With invalid No Handphone" line="32">
<kw name="Begin Web Test" owner="web_eProc" type="SETUP">
<kw name="Open Browser" owner="SeleniumLibrary">
<msg time="2025-02-13T13:15:52.778920" level="INFO">Opening browser 'headlesschrome' to base url 'about:blank'.</msg>
<arg>about:blank</arg>
<arg>${BROWSER}</arg>
<doc>Opens a new browser instance to the optional ``url``.</doc>
<status status="PASS" start="2025-02-13T13:15:52.777919" elapsed="3.868139"/>
</kw>
<kw name="Maximize Browser Window" owner="SeleniumLibrary">
<doc>Maximizes current browser window.</doc>
<status status="PASS" start="2025-02-13T13:15:56.646058" elapsed="0.035370"/>
</kw>
<kw name="Go To" owner="SeleniumLibrary">
<msg time="2025-02-13T13:15:56.681428" level="INFO">Opening url 'https://dev-proyek.1000saudara.com/Login'</msg>
<arg>${URL}</arg>
<doc>Navigates the current browser window to the provided ``url``.</doc>
<status status="PASS" start="2025-02-13T13:15:56.681428" elapsed="13.051299"/>
</kw>
<status status="PASS" start="2025-02-13T13:15:52.777919" elapsed="16.954808"/>
</kw>
<kw name="User login with invalid no handphone" owner="login">
<kw name="Given user visit E-Proc1000s Login Page" owner="pom_login_eProc">
<kw name="Get Location" owner="SeleniumLibrary">
<msg time="2025-02-13T13:16:09.747239" level="INFO">${current_url} = https://dev-proyek.1000saudara.com/Login</msg>
<var>${current_url}</var>
<doc>Returns the current browser window URL.</doc>
<status status="PASS" start="2025-02-13T13:16:09.734844" elapsed="0.012395"/>
</kw>
<kw name="Log" owner="BuiltIn">
<msg time="2025-02-13T13:16:09.748236" level="INFO">Current Path: https://dev-proyek.1000saudara.com/Login</msg>
<arg>Current Path: ${current_url}</arg>
<doc>Logs the given message with the given level.</doc>
<status status="PASS" start="2025-02-13T13:16:09.748236" elapsed="0.000000"/>
</kw>
<kw name="general return status" owner="generalFunct">
<kw name="Run Keyword And Return Status" owner="BuiltIn">
<kw name="Wait Until Element Is Visible" owner="SeleniumLibrary">
<msg time="2025-02-13T13:16:12.183312" level="INFO" html="true">&lt;/td&gt;&lt;/tr&gt;&lt;tr&gt;&lt;td colspan="3"&gt;&lt;a href="selenium-screenshot-13.png"&gt;&lt;img src="selenium-screenshot-13.png" width="800px"&gt;&lt;/a&gt;</msg>
<msg time="2025-02-13T13:16:12.183312" level="FAIL">Element 'xpath=//p[contains(text(), 'Log')]' not visible after 2 seconds.</msg>
<arg>${locator}</arg>
<arg>timeout=2s</arg>
<doc>Waits until the element ``locator`` is visible.</doc>
<status status="FAIL" start="2025-02-13T13:16:09.750228" elapsed="2.435077">Element 'xpath=//p[contains(text(), 'Log')]' not visible after 2 seconds.</status>
</kw>
<msg time="2025-02-13T13:16:12.185305" level="INFO">${res} = False</msg>
<var>${res}</var>
<arg>Wait Until Element Is Visible</arg>
<arg>${locator}</arg>
<arg>timeout=2s</arg>
<doc>Runs the given keyword with given arguments and returns the status as a Boolean value.</doc>
<status status="PASS" start="2025-02-13T13:16:09.750228" elapsed="2.435077"/>
</kw>
<return>
<value>${res}</value>
<status status="PASS" start="2025-02-13T13:16:12.185305" elapsed="0.000000"/>
</return>
<msg time="2025-02-13T13:16:12.186303" level="INFO">${res} = False</msg>
<var>${res}</var>
<arg>${headerLogin}</arg>
<status status="PASS" start="2025-02-13T13:16:09.749231" elapsed="2.437072"/>
</kw>
<while condition="${res} == $False">
<iter>
<kw name="Reload Page" owner="SeleniumLibrary">
<doc>Simulates user reloading page.</doc>
<status status="PASS" start="2025-02-13T13:16:12.189296" elapsed="14.141695"/>
</kw>
<kw name="Sleep" owner="BuiltIn">
<msg time="2025-02-13T13:16:27.832390" level="INFO">Slept 1 second 500 milliseconds.</msg>
<arg>1.5s</arg>
<doc>Pauses the test executed for the given time.</doc>
<status status="PASS" start="2025-02-13T13:16:26.331988" elapsed="1.500402"/>
</kw>
<kw name="general return status" owner="generalFunct">
<kw name="Run Keyword And Return Status" owner="BuiltIn">
<kw name="Wait Until Element Is Visible" owner="SeleniumLibrary">
<msg time="2025-02-13T13:16:30.197502" level="INFO" html="true">&lt;/td&gt;&lt;/tr&gt;&lt;tr&gt;&lt;td colspan="3"&gt;&lt;a href="selenium-screenshot-14.png"&gt;&lt;img src="selenium-screenshot-14.png" width="800px"&gt;&lt;/a&gt;</msg>
<msg time="2025-02-13T13:16:30.198501" level="FAIL">Element 'xpath=//p[contains(text(), 'Log')]' not visible after 2 seconds.</msg>
<arg>${locator}</arg>
<arg>timeout=2s</arg>
<doc>Waits until the element ``locator`` is visible.</doc>
<status status="FAIL" start="2025-02-13T13:16:27.834184" elapsed="2.365313">Element 'xpath=//p[contains(text(), 'Log')]' not visible after 2 seconds.</status>
</kw>
<msg time="2025-02-13T13:16:30.199497" level="INFO">${res} = False</msg>
<var>${res}</var>
<arg>Wait Until Element Is Visible</arg>
<arg>${locator}</arg>
<arg>timeout=2s</arg>
<doc>Runs the given keyword with given arguments and returns the status as a Boolean value.</doc>
<status status="PASS" start="2025-02-13T13:16:27.833189" elapsed="2.367306"/>
</kw>
<return>
<value>${res}</value>
<status status="PASS" start="2025-02-13T13:16:30.200495" elapsed="0.000000"/>
</return>
<msg time="2025-02-13T13:16:30.201492" level="INFO">${res} = False</msg>
<var>${res}</var>
<arg>${headerLogin}</arg>
<status status="PASS" start="2025-02-13T13:16:27.832390" elapsed="2.369102"/>
</kw>
<status status="PASS" start="2025-02-13T13:16:12.186303" elapsed="18.015189"/>
</iter>
<iter>
<kw name="Reload Page" owner="SeleniumLibrary">
<doc>Simulates user reloading page.</doc>
<status status="PASS" start="2025-02-13T13:16:30.201492" elapsed="1.690132"/>
</kw>
<kw name="Sleep" owner="BuiltIn">
<msg time="2025-02-13T13:16:33.392526" level="INFO">Slept 1 second 500 milliseconds.</msg>
<arg>1.5s</arg>
<doc>Pauses the test executed for the given time.</doc>
<status status="PASS" start="2025-02-13T13:16:31.891624" elapsed="1.500902"/>
</kw>
<kw name="general return status" owner="generalFunct">
<kw name="Run Keyword And Return Status" owner="BuiltIn">
<kw name="Wait Until Element Is Visible" owner="SeleniumLibrary">
<msg time="2025-02-13T13:16:35.717642" level="INFO" html="true">&lt;/td&gt;&lt;/tr&gt;&lt;tr&gt;&lt;td colspan="3"&gt;&lt;a href="selenium-screenshot-15.png"&gt;&lt;img src="selenium-screenshot-15.png" width="800px"&gt;&lt;/a&gt;</msg>
<msg time="2025-02-13T13:16:35.717642" level="FAIL">Element 'xpath=//p[contains(text(), 'Log')]' not visible after 2 seconds.</msg>
<arg>${locator}</arg>
<arg>timeout=2s</arg>
<doc>Waits until the element ``locator`` is visible.</doc>
<status status="FAIL" start="2025-02-13T13:16:33.394407" elapsed="2.324232">Element 'xpath=//p[contains(text(), 'Log')]' not visible after 2 seconds.</status>
</kw>
<msg time="2025-02-13T13:16:35.719676" level="INFO">${res} = False</msg>
<var>${res}</var>
<arg>Wait Until Element Is Visible</arg>
<arg>${locator}</arg>
<arg>timeout=2s</arg>
<doc>Runs the given keyword with given arguments and returns the status as a Boolean value.</doc>
<status status="PASS" start="2025-02-13T13:16:33.393413" elapsed="2.326263"/>
</kw>
<return>
<value>${res}</value>
<status status="PASS" start="2025-02-13T13:16:35.719676" elapsed="0.000000"/>
</return>
<msg time="2025-02-13T13:16:35.719676" level="INFO">${res} = False</msg>
<var>${res}</var>
<arg>${headerLogin}</arg>
<status status="PASS" start="2025-02-13T13:16:33.393413" elapsed="2.326263"/>
</kw>
<status status="PASS" start="2025-02-13T13:16:30.201492" elapsed="5.518184"/>
</iter>
<iter>
<kw name="Reload Page" owner="SeleniumLibrary">
<doc>Simulates user reloading page.</doc>
<status status="PASS" start="2025-02-13T13:16:35.720670" elapsed="11.204136"/>
</kw>
<kw name="Sleep" owner="BuiltIn">
<msg time="2025-02-13T13:16:48.424901" level="INFO">Slept 1 second 500 milliseconds.</msg>
<arg>1.5s</arg>
<doc>Pauses the test executed for the given time.</doc>
<status status="PASS" start="2025-02-13T13:16:46.924806" elapsed="1.500095"/>
</kw>
<kw name="general return status" owner="generalFunct">
<kw name="Run Keyword And Return Status" owner="BuiltIn">
<kw name="Wait Until Element Is Visible" owner="SeleniumLibrary">
<msg time="2025-02-13T13:16:50.801675" level="INFO" html="true">&lt;/td&gt;&lt;/tr&gt;&lt;tr&gt;&lt;td colspan="3"&gt;&lt;a href="selenium-screenshot-16.png"&gt;&lt;img src="selenium-screenshot-16.png" width="800px"&gt;&lt;/a&gt;</msg>
<msg time="2025-02-13T13:16:50.802671" level="FAIL">Element 'xpath=//p[contains(text(), 'Log')]' not visible after 2 seconds.</msg>
<arg>${locator}</arg>
<arg>timeout=2s</arg>
<doc>Waits until the element ``locator`` is visible.</doc>
<status status="FAIL" start="2025-02-13T13:16:48.425901" elapsed="2.377769">Element 'xpath=//p[contains(text(), 'Log')]' not visible after 2 seconds.</status>
</kw>
<msg time="2025-02-13T13:16:50.804667" level="INFO">${res} = False</msg>
<var>${res}</var>
<arg>Wait Until Element Is Visible</arg>
<arg>${locator}</arg>
<arg>timeout=2s</arg>
<doc>Runs the given keyword with given arguments and returns the status as a Boolean value.</doc>
<status status="PASS" start="2025-02-13T13:16:48.425901" elapsed="2.378766"/>
</kw>
<return>
<value>${res}</value>
<status status="PASS" start="2025-02-13T13:16:50.804667" elapsed="0.000000"/>
</return>
<msg time="2025-02-13T13:16:50.804667" level="INFO">${res} = False</msg>
<var>${res}</var>
<arg>${headerLogin}</arg>
<status status="PASS" start="2025-02-13T13:16:48.424901" elapsed="2.379766"/>
</kw>
<status status="PASS" start="2025-02-13T13:16:35.719676" elapsed="15.085989"/>
</iter>
<iter>
<kw name="Reload Page" owner="SeleniumLibrary">
<doc>Simulates user reloading page.</doc>
<status status="PASS" start="2025-02-13T13:16:50.805665" elapsed="3.272467"/>
</kw>
<kw name="Sleep" owner="BuiltIn">
<msg time="2025-02-13T13:16:55.580042" level="INFO">Slept 1 second 500 milliseconds.</msg>
<arg>1.5s</arg>
<doc>Pauses the test executed for the given time.</doc>
<status status="PASS" start="2025-02-13T13:16:54.079129" elapsed="1.500913"/>
</kw>
<kw name="general return status" owner="generalFunct">
<kw name="Run Keyword And Return Status" owner="BuiltIn">
<kw name="Wait Until Element Is Visible" owner="SeleniumLibrary">
<arg>${locator}</arg>
<arg>timeout=2s</arg>
<doc>Waits until the element ``locator`` is visible.</doc>
<status status="PASS" start="2025-02-13T13:16:55.582037" elapsed="2.024014"/>
</kw>
<msg time="2025-02-13T13:16:57.606051" level="INFO">${res} = True</msg>
<var>${res}</var>
<arg>Wait Until Element Is Visible</arg>
<arg>${locator}</arg>
<arg>timeout=2s</arg>
<doc>Runs the given keyword with given arguments and returns the status as a Boolean value.</doc>
<status status="PASS" start="2025-02-13T13:16:55.581041" elapsed="2.025010"/>
</kw>
<return>
<value>${res}</value>
<status status="PASS" start="2025-02-13T13:16:57.606051" elapsed="0.000000"/>
</return>
<msg time="2025-02-13T13:16:57.607048" level="INFO">${res} = True</msg>
<var>${res}</var>
<arg>${headerLogin}</arg>
<status status="PASS" start="2025-02-13T13:16:55.581041" elapsed="2.026007"/>
</kw>
<status status="PASS" start="2025-02-13T13:16:50.805665" elapsed="6.801383"/>
</iter>
<status status="PASS" start="2025-02-13T13:16:12.186303" elapsed="45.421743"/>
</while>
<status status="PASS" start="2025-02-13T13:16:09.734844" elapsed="47.873202"/>
</kw>
<kw name="When user input text" owner="generalFunct">
<kw name="Wait Until Element Is Visible" owner="SeleniumLibrary">
<arg>${locator}</arg>
<doc>Waits until the element ``locator`` is visible.</doc>
<status status="PASS" start="2025-02-13T13:16:57.609043" elapsed="0.053060"/>
</kw>
<kw name="Input Text" owner="SeleniumLibrary">
<msg time="2025-02-13T13:16:57.663100" level="INFO">Typing text '12345' into text field 'xpath=//input[@id='TxtPhone']'.</msg>
<msg time="2025-02-13T13:16:58.113652" level="INFO">${input_text} = None</msg>
<var>${input_text}</var>
<arg>${locator}</arg>
<arg>${text}</arg>
<doc>Types the given ``text`` into the text field identified by ``locator``.</doc>
<status status="PASS" start="2025-02-13T13:16:57.663100" elapsed="0.451553"/>
</kw>
<return>
<value>${input_text}</value>
<status status="PASS" start="2025-02-13T13:16:58.114653" elapsed="0.000000"/>
</return>
<arg>${inputUsername}</arg>
<arg>12345</arg>
<status status="PASS" start="2025-02-13T13:16:57.608046" elapsed="0.506607"/>
</kw>
<kw name="And user input password" owner="generalFunct">
<kw name="Wait Until Element Is Visible" owner="SeleniumLibrary">
<arg>${locator}</arg>
<doc>Waits until the element ``locator`` is visible.</doc>
<status status="PASS" start="2025-02-13T13:16:58.115650" elapsed="0.028921"/>
</kw>
<kw name="Input Password" owner="SeleniumLibrary">
<msg time="2025-02-13T13:16:58.145569" level="INFO">Typing password into text field 'xpath=//input[@id='pwd']'.</msg>
<msg time="2025-02-13T13:16:58.193139" level="INFO">Temporally setting log level to: NONE</msg>
<msg time="2025-02-13T13:16:58.478029" level="INFO">${input_password} = None</msg>
<var>${input_password}</var>
<arg>${locator}</arg>
<arg>${text}</arg>
<doc>Types the given password into the text field identified by ``locator``.</doc>
<status status="PASS" start="2025-02-13T13:16:58.145569" elapsed="0.332460"/>
</kw>
<return>
<value>${input_password}</value>
<status status="PASS" start="2025-02-13T13:16:58.479025" elapsed="0.000000"/>
</return>
<arg>${inputPassword}</arg>
<arg>${PASSWORD}</arg>
<status status="PASS" start="2025-02-13T13:16:58.114653" elapsed="0.364372"/>
</kw>
<kw name="Then user click element" owner="generalFunct">
<kw name="Wait Until Element Is Visible" owner="SeleniumLibrary">
<arg>${element}</arg>
<doc>Waits until the element ``locator`` is visible.</doc>
<status status="PASS" start="2025-02-13T13:16:58.481023" elapsed="0.042389"/>
</kw>
<kw name="Click Element" owner="SeleniumLibrary">
<msg time="2025-02-13T13:16:58.523412" level="INFO">Clicking element 'xpath=//button[@type='button']//span[contains(text(), 'Masuk')]//ancestor::button'.</msg>
<msg time="2025-02-13T13:16:58.806618" level="INFO">${clickElement} = None</msg>
<var>${clickElement}</var>
<arg>${element}</arg>
<doc>Click the element identified by ``locator``.</doc>
<status status="PASS" start="2025-02-13T13:16:58.523412" elapsed="0.283206"/>
</kw>
<return>
<value>${clickElement}</value>
<status status="PASS" start="2025-02-13T13:16:58.806618" elapsed="0.000000"/>
</return>
<arg>${buttonMasuk}</arg>
<status status="PASS" start="2025-02-13T13:16:58.480021" elapsed="0.326597"/>
</kw>
<kw name="And show message error" owner="generalFunct">
<kw name="general return status" owner="generalFunct">
<kw name="Run Keyword And Return Status" owner="BuiltIn">
<kw name="Wait Until Element Is Visible" owner="SeleniumLibrary">
<arg>${locator}</arg>
<arg>timeout=2s</arg>
<doc>Waits until the element ``locator`` is visible.</doc>
<status status="PASS" start="2025-02-13T13:16:58.808613" elapsed="0.276121"/>
</kw>
<msg time="2025-02-13T13:16:59.084734" level="INFO">${res} = True</msg>
<var>${res}</var>
<arg>Wait Until Element Is Visible</arg>
<arg>${locator}</arg>
<arg>timeout=2s</arg>
<doc>Runs the given keyword with given arguments and returns the status as a Boolean value.</doc>
<status status="PASS" start="2025-02-13T13:16:58.808613" elapsed="0.276121"/>
</kw>
<return>
<value>${res}</value>
<status status="PASS" start="2025-02-13T13:16:59.085736" elapsed="0.000000"/>
</return>
<msg time="2025-02-13T13:16:59.085736" level="INFO">${label} = True</msg>
<var>${label}</var>
<arg>xpath=//div[@class='mb-20px']//parent::div/label[contains(text(), 'Nomor')]</arg>
<status status="PASS" start="2025-02-13T13:16:58.808613" elapsed="0.277123"/>
</kw>
<if>
<branch type="IF" condition="${label}">
<kw name="general Wait Until" owner="generalFunct">
<kw name="Wait Until Element Is Visible" owner="SeleniumLibrary">
<arg>${locator}</arg>
<arg>timeout=2s</arg>
<doc>Waits until the element ``locator`` is visible.</doc>
<status status="PASS" start="2025-02-13T13:16:59.086769" elapsed="1.314207"/>
</kw>
<arg>${errMessageLabel}</arg>
<status status="PASS" start="2025-02-13T13:16:59.085736" elapsed="1.315240"/>
</kw>
<kw name="Get Text" owner="SeleniumLibrary">
<msg time="2025-02-13T13:17:00.435527" level="INFO">${err} = No. handphone harus diawali dengan 08</msg>
<var>${err}</var>
<arg>${errMessageLabel}</arg>
<doc>Returns the text value of the element identified by ``locator``.</doc>
<status status="PASS" start="2025-02-13T13:17:00.400976" elapsed="0.034551"/>
</kw>
<kw name="Log To Console" owner="BuiltIn">
<arg>${\n}Error Message : ${err}</arg>
<doc>Logs the given message to the console.</doc>
<status status="PASS" start="2025-02-13T13:17:00.435527" elapsed="0.001174"/>
</kw>
<status status="PASS" start="2025-02-13T13:16:59.085736" elapsed="1.350965"/>
</branch>
<branch type="ELSE">
<kw name="general Wait Until" owner="generalFunct">
<arg>${errMessageLabel}</arg>
<status status="NOT RUN" start="2025-02-13T13:17:00.437703" elapsed="0.000000"/>
</kw>
<kw name="Get Text" owner="SeleniumLibrary">
<var>${err}</var>
<arg>${errMessageLabel}</arg>
<doc>Returns the text value of the element identified by ``locator``.</doc>
<status status="NOT RUN" start="2025-02-13T13:17:00.437703" elapsed="0.000000"/>
</kw>
<kw name="Log To Console" owner="BuiltIn">
<arg>${\n}Error Message : ${err}</arg>
<doc>Logs the given message to the console.</doc>
<status status="NOT RUN" start="2025-02-13T13:17:00.437703" elapsed="0.000000"/>
</kw>
<status status="NOT RUN" start="2025-02-13T13:17:00.437703" elapsed="0.000998"/>
</branch>
<status status="PASS" start="2025-02-13T13:16:59.085736" elapsed="1.352965"/>
</if>
<status status="PASS" start="2025-02-13T13:16:58.807615" elapsed="1.631086"/>
</kw>
<status status="PASS" start="2025-02-13T13:16:09.733839" elapsed="50.704862"/>
</kw>
<kw name="End Web Test" owner="web_eProc" type="TEARDOWN">
<kw name="Log" owner="BuiltIn">
<msg time="2025-02-13T13:17:00.439273" level="INFO">Suite teardown initiated</msg>
<arg>Suite teardown initiated</arg>
<doc>Logs the given message with the given level.</doc>
<status status="PASS" start="2025-02-13T13:17:00.439273" elapsed="0.001001"/>
</kw>
<kw name="Close Browser" owner="SeleniumLibrary">
<doc>Closes the current browser.</doc>
<status status="PASS" start="2025-02-13T13:17:00.440274" elapsed="6.690334"/>
</kw>
<doc>Closes the browser after all tests in the suite have run</doc>
<status status="PASS" start="2025-02-13T13:17:00.439273" elapsed="6.691335"/>
</kw>
<doc>This scenario test User login with invalid no handphone</doc>
<tag>1000s</tag>
<tag>login invalid</tag>
<tag>test</tag>
<status status="PASS" start="2025-02-13T13:15:52.776434" elapsed="74.356169"/>
</test>
<test id="s1-t6" name="Test Login With No Handphone not Listed" line="37">
<kw name="Begin Web Test" owner="web_eProc" type="SETUP">
<kw name="Open Browser" owner="SeleniumLibrary">
<msg time="2025-02-13T13:17:07.135630" level="INFO">Opening browser 'headlesschrome' to base url 'about:blank'.</msg>
<arg>about:blank</arg>
<arg>${BROWSER}</arg>
<doc>Opens a new browser instance to the optional ``url``.</doc>
<status status="PASS" start="2025-02-13T13:17:07.135630" elapsed="3.522221"/>
</kw>
<kw name="Maximize Browser Window" owner="SeleniumLibrary">
<doc>Maximizes current browser window.</doc>
<status status="PASS" start="2025-02-13T13:17:10.658848" elapsed="0.044881"/>
</kw>
<kw name="Go To" owner="SeleniumLibrary">
<msg time="2025-02-13T13:17:10.704726" level="INFO">Opening url 'https://dev-proyek.1000saudara.com/Login'</msg>
<arg>${URL}</arg>
<doc>Navigates the current browser window to the provided ``url``.</doc>
<status status="PASS" start="2025-02-13T13:17:10.704726" elapsed="8.318342"/>
</kw>
<status status="PASS" start="2025-02-13T13:17:07.134597" elapsed="11.889468"/>
</kw>
<kw name="User login with no handphone not listed" owner="login">
<kw name="Given user visit E-Proc1000s Login Page" owner="pom_login_eProc">
<kw name="Get Location" owner="SeleniumLibrary">
<msg time="2025-02-13T13:17:19.037949" level="INFO">${current_url} = https://dev-proyek.1000saudara.com/Login</msg>
<var>${current_url}</var>
<doc>Returns the current browser window URL.</doc>
<status status="PASS" start="2025-02-13T13:17:19.026060" elapsed="0.011889"/>
</kw>
<kw name="Log" owner="BuiltIn">
<msg time="2025-02-13T13:17:19.038949" level="INFO">Current Path: https://dev-proyek.1000saudara.com/Login</msg>
<arg>Current Path: ${current_url}</arg>
<doc>Logs the given message with the given level.</doc>
<status status="PASS" start="2025-02-13T13:17:19.037949" elapsed="0.001000"/>
</kw>
<kw name="general return status" owner="generalFunct">
<kw name="Run Keyword And Return Status" owner="BuiltIn">
<kw name="Wait Until Element Is Visible" owner="SeleniumLibrary">
<msg time="2025-02-13T13:17:21.335898" level="INFO" html="true">&lt;/td&gt;&lt;/tr&gt;&lt;tr&gt;&lt;td colspan="3"&gt;&lt;a href="selenium-screenshot-17.png"&gt;&lt;img src="selenium-screenshot-17.png" width="800px"&gt;&lt;/a&gt;</msg>
<msg time="2025-02-13T13:17:21.336895" level="FAIL">Element 'xpath=//p[contains(text(), 'Log')]' not visible after 2 seconds.</msg>
<arg>${locator}</arg>
<arg>timeout=2s</arg>
<doc>Waits until the element ``locator`` is visible.</doc>
<status status="FAIL" start="2025-02-13T13:17:19.039946" elapsed="2.297949">Element 'xpath=//p[contains(text(), 'Log')]' not visible after 2 seconds.</status>
</kw>
<msg time="2025-02-13T13:17:21.337895" level="INFO">${res} = False</msg>
<var>${res}</var>
<arg>Wait Until Element Is Visible</arg>
<arg>${locator}</arg>
<arg>timeout=2s</arg>
<doc>Runs the given keyword with given arguments and returns the status as a Boolean value.</doc>
<status status="PASS" start="2025-02-13T13:17:19.038949" elapsed="2.298946"/>
</kw>
<return>
<value>${res}</value>
<status status="PASS" start="2025-02-13T13:17:21.337895" elapsed="0.000000"/>
</return>
<msg time="2025-02-13T13:17:21.337895" level="INFO">${res} = False</msg>
<var>${res}</var>
<arg>${headerLogin}</arg>
<status status="PASS" start="2025-02-13T13:17:19.038949" elapsed="2.298946"/>
</kw>
<while condition="${res} == $False">
<iter>
<kw name="Reload Page" owner="SeleniumLibrary">
<doc>Simulates user reloading page.</doc>
<status status="PASS" start="2025-02-13T13:17:21.338892" elapsed="4.122352"/>
</kw>
<kw name="Sleep" owner="BuiltIn">
<msg time="2025-02-13T13:17:26.962654" level="INFO">Slept 1 second 500 milliseconds.</msg>
<arg>1.5s</arg>
<doc>Pauses the test executed for the given time.</doc>
<status status="PASS" start="2025-02-13T13:17:25.461244" elapsed="1.501410"/>
</kw>
<kw name="general return status" owner="generalFunct">
<kw name="Run Keyword And Return Status" owner="BuiltIn">
<kw name="Wait Until Element Is Visible" owner="SeleniumLibrary">
<msg time="2025-02-13T13:17:30.196849" level="INFO" html="true">&lt;/td&gt;&lt;/tr&gt;&lt;tr&gt;&lt;td colspan="3"&gt;&lt;a href="selenium-screenshot-18.png"&gt;&lt;img src="selenium-screenshot-18.png" width="800px"&gt;&lt;/a&gt;</msg>
<msg time="2025-02-13T13:17:30.196849" level="FAIL">Element 'xpath=//p[contains(text(), 'Log')]' not visible after 2 seconds.</msg>
<arg>${locator}</arg>
<arg>timeout=2s</arg>
<doc>Waits until the element ``locator`` is visible.</doc>
<status status="FAIL" start="2025-02-13T13:17:26.963652" elapsed="3.235191">Element 'xpath=//p[contains(text(), 'Log')]' not visible after 2 seconds.</status>
</kw>
<msg time="2025-02-13T13:17:30.198843" level="INFO">${res} = False</msg>
<var>${res}</var>
<arg>Wait Until Element Is Visible</arg>
<arg>${locator}</arg>
<arg>timeout=2s</arg>
<doc>Runs the given keyword with given arguments and returns the status as a Boolean value.</doc>
<status status="PASS" start="2025-02-13T13:17:26.963652" elapsed="3.235191"/>
</kw>
<return>
<value>${res}</value>
<status status="PASS" start="2025-02-13T13:17:30.199840" elapsed="0.000000"/>
</return>
<msg time="2025-02-13T13:17:30.199840" level="INFO">${res} = False</msg>
<var>${res}</var>
<arg>${headerLogin}</arg>
<status status="PASS" start="2025-02-13T13:17:26.962654" elapsed="3.237186"/>
</kw>
<status status="PASS" start="2025-02-13T13:17:21.337895" elapsed="8.861945"/>
</iter>
<iter>
<kw name="Reload Page" owner="SeleniumLibrary">
<doc>Simulates user reloading page.</doc>
<status status="PASS" start="2025-02-13T13:17:30.200839" elapsed="3.946487"/>
</kw>
<kw name="Sleep" owner="BuiltIn">
<msg time="2025-02-13T13:17:35.647864" level="INFO">Slept 1 second 500 milliseconds.</msg>
<arg>1.5s</arg>
<doc>Pauses the test executed for the given time.</doc>
<status status="PASS" start="2025-02-13T13:17:34.147326" elapsed="1.500538"/>
</kw>
<kw name="general return status" owner="generalFunct">
<kw name="Run Keyword And Return Status" owner="BuiltIn">
<kw name="Wait Until Element Is Visible" owner="SeleniumLibrary">
<msg time="2025-02-13T13:17:38.029016" level="INFO" html="true">&lt;/td&gt;&lt;/tr&gt;&lt;tr&gt;&lt;td colspan="3"&gt;&lt;a href="selenium-screenshot-19.png"&gt;&lt;img src="selenium-screenshot-19.png" width="800px"&gt;&lt;/a&gt;</msg>
<msg time="2025-02-13T13:17:38.029016" level="FAIL">Element 'xpath=//p[contains(text(), 'Log')]' not visible after 2 seconds.</msg>
<arg>${locator}</arg>
<arg>timeout=2s</arg>
<doc>Waits until the element ``locator`` is visible.</doc>
<status status="FAIL" start="2025-02-13T13:17:35.648904" elapsed="2.381108">Element 'xpath=//p[contains(text(), 'Log')]' not visible after 2 seconds.</status>
</kw>
<msg time="2025-02-13T13:17:38.030012" level="INFO">${res} = False</msg>
<var>${res}</var>
<arg>Wait Until Element Is Visible</arg>
<arg>${locator}</arg>
<arg>timeout=2s</arg>
<doc>Runs the given keyword with given arguments and returns the status as a Boolean value.</doc>
<status status="PASS" start="2025-02-13T13:17:35.648904" elapsed="2.381108"/>
</kw>
<return>
<value>${res}</value>
<status status="PASS" start="2025-02-13T13:17:38.030012" elapsed="0.000000"/>
</return>
<msg time="2025-02-13T13:17:38.031009" level="INFO">${res} = False</msg>
<var>${res}</var>
<arg>${headerLogin}</arg>
<status status="PASS" start="2025-02-13T13:17:35.647864" elapsed="2.383145"/>
</kw>
<status status="PASS" start="2025-02-13T13:17:30.199840" elapsed="7.831169"/>
</iter>
<iter>
<kw name="Reload Page" owner="SeleniumLibrary">
<doc>Simulates user reloading page.</doc>
<status status="PASS" start="2025-02-13T13:17:38.032010" elapsed="1.766139"/>
</kw>
<kw name="Sleep" owner="BuiltIn">
<msg time="2025-02-13T13:17:41.298760" level="INFO">Slept 1 second 500 milliseconds.</msg>
<arg>1.5s</arg>
<doc>Pauses the test executed for the given time.</doc>
<status status="PASS" start="2025-02-13T13:17:39.798149" elapsed="1.500611"/>
</kw>
<kw name="general return status" owner="generalFunct">
<kw name="Run Keyword And Return Status" owner="BuiltIn">
<kw name="Wait Until Element Is Visible" owner="SeleniumLibrary">
<arg>${locator}</arg>
<arg>timeout=2s</arg>
<doc>Waits until the element ``locator`` is visible.</doc>
<status status="PASS" start="2025-02-13T13:17:41.299804" elapsed="2.994173"/>
</kw>
<msg time="2025-02-13T13:17:44.293977" level="INFO">${res} = True</msg>
<var>${res}</var>
<arg>Wait Until Element Is Visible</arg>
<arg>${locator}</arg>
<arg>timeout=2s</arg>
<doc>Runs the given keyword with given arguments and returns the status as a Boolean value.</doc>
<status status="PASS" start="2025-02-13T13:17:41.299804" elapsed="2.994173"/>
</kw>
<return>
<value>${res}</value>
<status status="PASS" start="2025-02-13T13:17:44.293977" elapsed="0.000000"/>
</return>
<msg time="2025-02-13T13:17:44.294974" level="INFO">${res} = True</msg>
<var>${res}</var>
<arg>${headerLogin}</arg>
<status status="PASS" start="2025-02-13T13:17:41.298760" elapsed="2.996214"/>
</kw>
<status status="PASS" start="2025-02-13T13:17:38.031009" elapsed="6.263965"/>
</iter>
<status status="PASS" start="2025-02-13T13:17:21.337895" elapsed="22.957079"/>
</while>
<status status="PASS" start="2025-02-13T13:17:19.026060" elapsed="25.268914"/>
</kw>
<kw name="When user input text" owner="generalFunct">
<kw name="Wait Until Element Is Visible" owner="SeleniumLibrary">
<arg>${locator}</arg>
<doc>Waits until the element ``locator`` is visible.</doc>
<status status="PASS" start="2025-02-13T13:17:44.295973" elapsed="0.051679"/>
</kw>
<kw name="Input Text" owner="SeleniumLibrary">
<msg time="2025-02-13T13:17:44.347652" level="INFO">Typing text '08983186457345' into text field 'xpath=//input[@id='TxtPhone']'.</msg>
<msg time="2025-02-13T13:17:45.156630" level="INFO">${input_text} = None</msg>
<var>${input_text}</var>
<arg>${locator}</arg>
<arg>${text}</arg>
<doc>Types the given ``text`` into the text field identified by ``locator``.</doc>
<status status="PASS" start="2025-02-13T13:17:44.347652" elapsed="0.808978"/>
</kw>
<return>
<value>${input_text}</value>
<status status="PASS" start="2025-02-13T13:17:45.156630" elapsed="0.001000"/>
</return>
<arg>${inputUsername}</arg>
<arg>08983186457345</arg>
<status status="PASS" start="2025-02-13T13:17:44.295973" elapsed="0.861657"/>
</kw>
<kw name="And user input password" owner="generalFunct">
<kw name="Wait Until Element Is Visible" owner="SeleniumLibrary">
<arg>${locator}</arg>
<doc>Waits until the element ``locator`` is visible.</doc>
<status status="PASS" start="2025-02-13T13:17:45.159622" elapsed="0.069326"/>
</kw>
<kw name="Input Password" owner="SeleniumLibrary">
<msg time="2025-02-13T13:17:45.228948" level="INFO">Typing password into text field 'xpath=//input[@id='pwd']'.</msg>
<msg time="2025-02-13T13:17:45.289741" level="INFO">Temporally setting log level to: NONE</msg>
<msg time="2025-02-13T13:17:45.748825" level="INFO">${input_password} = None</msg>
<var>${input_password}</var>
<arg>${locator}</arg>
<arg>${text}</arg>
<doc>Types the given password into the text field identified by ``locator``.</doc>
<status status="PASS" start="2025-02-13T13:17:45.228948" elapsed="0.519877"/>
</kw>
<return>
<value>${input_password}</value>
<status status="PASS" start="2025-02-13T13:17:45.748825" elapsed="0.000996"/>
</return>
<arg>${inputPassword}</arg>
<arg>${PASSWORD}</arg>
<status status="PASS" start="2025-02-13T13:17:45.158626" elapsed="0.591195"/>
</kw>
<kw name="Then user click element" owner="generalFunct">
<kw name="Wait Until Element Is Visible" owner="SeleniumLibrary">
<arg>${element}</arg>
<doc>Waits until the element ``locator`` is visible.</doc>
<status status="PASS" start="2025-02-13T13:17:45.750824" elapsed="0.041882"/>
</kw>
<kw name="Click Element" owner="SeleniumLibrary">
<msg time="2025-02-13T13:17:45.793702" level="INFO">Clicking element 'xpath=//button[@type='button']//span[contains(text(), 'Masuk')]//ancestor::button'.</msg>
<msg time="2025-02-13T13:17:46.042040" level="INFO">${clickElement} = None</msg>
<var>${clickElement}</var>
<arg>${element}</arg>
<doc>Click the element identified by ``locator``.</doc>
<status status="PASS" start="2025-02-13T13:17:45.793702" elapsed="0.248338"/>
</kw>
<return>
<value>${clickElement}</value>
<status status="PASS" start="2025-02-13T13:17:46.043036" elapsed="0.000000"/>
</return>
<arg>${buttonMasuk}</arg>
<status status="PASS" start="2025-02-13T13:17:45.750824" elapsed="0.292212"/>
</kw>
<kw name="And show message error" owner="generalFunct">
<kw name="general return status" owner="generalFunct">
<kw name="Run Keyword And Return Status" owner="BuiltIn">
<kw name="Wait Until Element Is Visible" owner="SeleniumLibrary">
<arg>${locator}</arg>
<arg>timeout=2s</arg>
<doc>Waits until the element ``locator`` is visible.</doc>
<status status="PASS" start="2025-02-13T13:17:46.045030" elapsed="0.036008"/>
</kw>
<msg time="2025-02-13T13:17:46.081038" level="INFO">${res} = True</msg>
<var>${res}</var>
<arg>Wait Until Element Is Visible</arg>
<arg>${locator}</arg>
<arg>timeout=2s</arg>
<doc>Runs the given keyword with given arguments and returns the status as a Boolean value.</doc>
<status status="PASS" start="2025-02-13T13:17:46.044034" elapsed="0.038003"/>
</kw>
<return>
<value>${res}</value>
<status status="PASS" start="2025-02-13T13:17:46.082037" elapsed="0.000000"/>
</return>
<msg time="2025-02-13T13:17:46.082037" level="INFO">${label} = True</msg>
<var>${label}</var>
<arg>xpath=//div[@class='mb-20px']//parent::div/label[contains(text(), 'Nomor')]</arg>
<status status="PASS" start="2025-02-13T13:17:46.044034" elapsed="0.038003"/>
</kw>
<if>
<branch type="IF" condition="${label}">
<kw name="general Wait Until" owner="generalFunct">
<kw name="Wait Until Element Is Visible" owner="SeleniumLibrary">
<arg>${locator}</arg>
<arg>timeout=2s</arg>
<doc>Waits until the element ``locator`` is visible.</doc>
<status status="PASS" start="2025-02-13T13:17:46.084030" elapsed="1.222965"/>
</kw>
<arg>${errMessageLabel}</arg>
<status status="PASS" start="2025-02-13T13:17:46.083033" elapsed="1.224957"/>
</kw>
<kw name="Get Text" owner="SeleniumLibrary">
<msg time="2025-02-13T13:17:47.347886" level="INFO">${err} = No. handphone tidak terdaftar</msg>
<var>${err}</var>
<arg>${errMessageLabel}</arg>
<doc>Returns the text value of the element identified by ``locator``.</doc>
<status status="PASS" start="2025-02-13T13:17:47.307990" elapsed="0.039896"/>
</kw>
<kw name="Log To Console" owner="BuiltIn">
<arg>${\n}Error Message : ${err}</arg>
<doc>Logs the given message to the console.</doc>
<status status="PASS" start="2025-02-13T13:17:47.347886" elapsed="0.003987"/>
</kw>
<status status="PASS" start="2025-02-13T13:17:46.083033" elapsed="1.268840"/>
</branch>
<branch type="ELSE">
<kw name="general Wait Until" owner="generalFunct">
<arg>${errMessageLabel}</arg>
<status status="NOT RUN" start="2025-02-13T13:17:47.352869" elapsed="0.000000"/>
</kw>
<kw name="Get Text" owner="SeleniumLibrary">
<var>${err}</var>
<arg>${errMessageLabel}</arg>
<doc>Returns the text value of the element identified by ``locator``.</doc>
<status status="NOT RUN" start="2025-02-13T13:17:47.352869" elapsed="0.000000"/>
</kw>
<kw name="Log To Console" owner="BuiltIn">
<arg>${\n}Error Message : ${err}</arg>
<doc>Logs the given message to the console.</doc>
<status status="NOT RUN" start="2025-02-13T13:17:47.353867" elapsed="0.000000"/>
</kw>
<status status="NOT RUN" start="2025-02-13T13:17:47.351873" elapsed="0.001994"/>
</branch>
<status status="PASS" start="2025-02-13T13:17:46.083033" elapsed="1.271837"/>
</if>
<status status="PASS" start="2025-02-13T13:17:46.043036" elapsed="1.311834"/>
</kw>
<status status="PASS" start="2025-02-13T13:17:19.024065" elapsed="28.330805"/>
</kw>
<kw name="End Web Test" owner="web_eProc" type="TEARDOWN">
<kw name="Log" owner="BuiltIn">
<msg time="2025-02-13T13:17:47.356860" level="INFO">Suite teardown initiated</msg>
<arg>Suite teardown initiated</arg>
<doc>Logs the given message with the given level.</doc>
<status status="PASS" start="2025-02-13T13:17:47.356860" elapsed="0.000000"/>
</kw>
<kw name="Close Browser" owner="SeleniumLibrary">
<doc>Closes the current browser.</doc>
<status status="PASS" start="2025-02-13T13:17:47.357856" elapsed="9.407480"/>
</kw>
<doc>Closes the browser after all tests in the suite have run</doc>
<status status="PASS" start="2025-02-13T13:17:47.355862" elapsed="9.409474"/>
</kw>
<doc>This scenario test User login with no handphone not listed</doc>
<tag>1000s</tag>
<tag>login invalid</tag>
<tag>test</tag>
<status status="PASS" start="2025-02-13T13:17:07.133600" elapsed="49.632739"/>
</test>
<status status="PASS" start="2025-02-13T13:11:08.417491" elapsed="408.350891"/>
</suite>
<statistics>
<total>
<stat pass="6" fail="0" skip="0">All Tests</stat>
</total>
<tag>
<stat pass="6" fail="0" skip="0">1000s</stat>
<stat pass="1" fail="0" skip="0">home</stat>
<stat pass="5" fail="0" skip="0">login invalid</stat>
<stat pass="6" fail="0" skip="0">test</stat>
</tag>
<suite>
<stat pass="6" fail="0" skip="0" id="s1" name="Test Login">Test Login</stat>
</suite>
</statistics>
<errors>
</errors>
</robot>
