<?xml version="1.0" encoding="UTF-8"?>
<robot generator="Robot 7.2.2 (Python 3.13.2 on win32)" generated="2025-04-16T13:57:23.529278" rpa="false" schemaversion="5">
<suite id="s1" name="test detailProject MenungguPersetujuan" source="C:\Users\1000Saudara45\Documents\Automation\eProc_Web\testSuite\Tim_OP\test_detailProject_MenungguPersetujuan.robot">
<test id="s1-t1" name="Tim OP can Go To Detail Project" line="10">
<kw name="Begin Web Test" owner="web_eProc" type="SETUP">
<kw name="Open Browser" owner="SeleniumLibrary">
<msg time="2025-04-16T13:57:25.822531" level="INFO">Opening browser 'headlesschrome' to base url 'about:blank'.</msg>
<arg>about:blank</arg>
<arg>${BROWSER}</arg>
<doc>Opens a new browser instance to the optional ``url``.</doc>
<status status="PASS" start="2025-04-16T13:57:25.822132" elapsed="7.981573"/>
</kw>
<kw name="Execute Javascript" owner="SeleniumLibrary">
<msg time="2025-04-16T13:57:33.805470" level="INFO">Executing JavaScript:
document.body.style.transform = 'scale(0.67)'; document.body.style.transformOrigin = '0 0';
Without any arguments.</msg>
<arg>document.body.style.transform = 'scale(0.67)'; document.body.style.transformOrigin = '0 0';</arg>
<doc>Executes the given JavaScript code with possible arguments.</doc>
<status status="PASS" start="2025-04-16T13:57:33.804408" elapsed="0.013202"/>
</kw>
<kw name="Go To" owner="SeleniumLibrary">
<msg time="2025-04-16T13:57:33.818485" level="INFO">Opening url 'https://developer.1000saudara.com/project1000s'</msg>
<arg>${URL_DEV}</arg>
<doc>Navigates the current browser window to the provided ``url``.</doc>
<status status="PASS" start="2025-04-16T13:57:33.818109" elapsed="5.372455"/>
</kw>
<status status="PASS" start="2025-04-16T13:57:25.820736" elapsed="13.369992"/>
</kw>
<kw name="User go to detail Project Page" owner="detailProject_MenungguPersetujuan">
<kw name="Given User can access Home Login 1000s" owner="login">
<kw name="Then user go to home page E-Proc1000s" owner="pom_login_eProc">
<kw name="user visit E-Proc1000s Login Page" owner="pom_login_eProc">
<kw name="Get Location" owner="SeleniumLibrary">
<msg time="2025-04-16T13:57:39.203550" level="INFO">${current_url} = https://developer.1000saudara.com/project1000s</msg>
<var>${current_url}</var>
<doc>Returns the current browser window URL.</doc>
<status status="PASS" start="2025-04-16T13:57:39.195202" elapsed="0.008443"/>
</kw>
<kw name="Log" owner="BuiltIn">
<msg time="2025-04-16T13:57:39.204205" level="INFO">Current Path: https://developer.1000saudara.com/project1000s</msg>
<arg>Current Path: ${current_url}</arg>
<doc>Logs the given message with the given level.</doc>
<status status="PASS" start="2025-04-16T13:57:39.203938" elapsed="0.000348"/>
</kw>
<kw name="general return status" owner="generalFunct">
<kw name="Run Keyword And Return Status" owner="BuiltIn">
<kw name="Wait Until Element Is Visible" owner="SeleniumLibrary">
<arg>${locator}</arg>
<arg>timeout=5s</arg>
<doc>Waits until the element ``locator`` is visible.</doc>
<status status="PASS" start="2025-04-16T13:57:39.205384" elapsed="0.105843"/>
</kw>
<msg time="2025-04-16T13:57:39.311582" level="INFO">${res} = True</msg>
<var>${res}</var>
<arg>Wait Until Element Is Visible</arg>
<arg>${locator}</arg>
<arg>timeout=5s</arg>
<doc>Runs the given keyword with given arguments and returns the status as a Boolean value.</doc>
<status status="PASS" start="2025-04-16T13:57:39.205105" elapsed="0.106552"/>
</kw>
<return>
<value>${res}</value>
<status status="PASS" start="2025-04-16T13:57:39.311801" elapsed="0.000103"/>
</return>
<msg time="2025-04-16T13:57:39.312233" level="INFO">${res} = True</msg>
<var>${res}</var>
<arg>${headerLogin}</arg>
<status status="PASS" start="2025-04-16T13:57:39.204577" elapsed="0.107707"/>
</kw>
<while condition="${res} == $False">
<iter>
<kw name="Reload Page" owner="SeleniumLibrary">
<doc>Simulates user reloading page.</doc>
<status status="NOT RUN" start="2025-04-16T13:57:39.312971" elapsed="0.000053"/>
</kw>
<kw name="Sleep" owner="BuiltIn">
<arg>2s</arg>
<doc>Pauses the test executed for the given time.</doc>
<status status="NOT RUN" start="2025-04-16T13:57:39.313200" elapsed="0.000049"/>
</kw>
<kw name="general return status" owner="generalFunct">
<var>${res}</var>
<arg>${headerLogin}</arg>
<status status="NOT RUN" start="2025-04-16T13:57:39.313470" elapsed="0.000055"/>
</kw>
<status status="NOT RUN" start="2025-04-16T13:57:39.312402" elapsed="0.001199"/>
</iter>
<status status="NOT RUN" start="2025-04-16T13:57:39.312399" elapsed="0.001261"/>
</while>
<status status="PASS" start="2025-04-16T13:57:39.194307" elapsed="0.119466"/>
</kw>
<kw name="user login E-Proc1000s Page" owner="pom_login_eProc">
<kw name="general Wait Until" owner="generalFunct">
<kw name="Wait Until Element Is Visible" owner="SeleniumLibrary">
<arg>${locator}</arg>
<arg>timeout=5s</arg>
<doc>Waits until the element ``locator`` is visible.</doc>
<status status="PASS" start="2025-04-16T13:57:39.315006" elapsed="0.024953"/>
</kw>
<kw name="Sleep" owner="BuiltIn">
<msg time="2025-04-16T13:57:44.341202" level="INFO">Slept 5 seconds.</msg>
<arg>5</arg>
<doc>Pauses the test executed for the given time.</doc>
<status status="PASS" start="2025-04-16T13:57:39.340329" elapsed="5.001099"/>
</kw>
<arg>${inputPassword}</arg>
<status status="PASS" start="2025-04-16T13:57:39.314587" elapsed="5.027097"/>
</kw>
<kw name="user input text" owner="generalFunct">
<kw name="Wait Until Element Is Visible" owner="SeleniumLibrary">
<arg>${locator}</arg>
<doc>Waits until the element ``locator`` is visible.</doc>
<status status="PASS" start="2025-04-16T13:57:44.343036" elapsed="0.032923"/>
</kw>
<kw name="Input Text" owner="SeleniumLibrary">
<msg time="2025-04-16T13:57:44.377238" level="INFO">Typing text '085210758864' into text field 'xpath=//input[@id='TxtPhone']'.</msg>
<arg>${locator}</arg>
<arg>${text}</arg>
<doc>Types the given ``text`` into the text field identified by ``locator``.</doc>
<status status="PASS" start="2025-04-16T13:57:44.376608" elapsed="0.185331"/>
</kw>
<kw name="Sleep" owner="BuiltIn">
<msg time="2025-04-16T13:57:49.563444" level="INFO">Slept 5 seconds.</msg>
<arg>5</arg>
<doc>Pauses the test executed for the given time.</doc>
<status status="PASS" start="2025-04-16T13:57:44.562383" elapsed="5.001638"/>
</kw>
<arg>${inputUsername}</arg>
<arg>${ROLE_ADMIN}</arg>
<status status="PASS" start="2025-04-16T13:57:44.342139" elapsed="5.222613"/>
</kw>
<kw name="general return status" owner="generalFunct">
<kw name="Run Keyword And Return Status" owner="BuiltIn">
<kw name="Wait Until Element Is Visible" owner="SeleniumLibrary">
<arg>${locator}</arg>
<arg>timeout=5s</arg>
<doc>Waits until the element ``locator`` is visible.</doc>
<status status="PASS" start="2025-04-16T13:57:49.570024" elapsed="0.041793"/>
</kw>
<msg time="2025-04-16T13:57:49.612452" level="INFO">${res} = True</msg>
<var>${res}</var>
<arg>Wait Until Element Is Visible</arg>
<arg>${locator}</arg>
<arg>timeout=5s</arg>
<doc>Runs the given keyword with given arguments and returns the status as a Boolean value.</doc>
<status status="PASS" start="2025-04-16T13:57:49.568665" elapsed="0.044125"/>
</kw>
<return>
<value>${res}</value>
<status status="PASS" start="2025-04-16T13:57:49.613354" elapsed="0.000282"/>
</return>
<msg time="2025-04-16T13:57:49.614235" level="INFO">${res} = True</msg>
<var>${res}</var>
<arg>${inputPassword}</arg>
<status status="PASS" start="2025-04-16T13:57:49.566125" elapsed="0.048217"/>
</kw>
<if>
<branch type="IF" condition="${res}">
<kw name="Sleep" owner="BuiltIn">
<msg time="2025-04-16T13:57:53.616195" level="INFO">Slept 4 seconds.</msg>
<arg>4</arg>
<doc>Pauses the test executed for the given time.</doc>
<status status="PASS" start="2025-04-16T13:57:49.615260" elapsed="4.001092"/>
</kw>
<kw name="user input text" owner="generalFunct">
<kw name="Wait Until Element Is Visible" owner="SeleniumLibrary">
<arg>${locator}</arg>
<doc>Waits until the element ``locator`` is visible.</doc>
<status status="PASS" start="2025-04-16T13:57:53.617497" elapsed="0.020542"/>
</kw>
<kw name="Input Text" owner="SeleniumLibrary">
<msg time="2025-04-16T13:57:53.639236" level="INFO">Typing text '085210758864' into text field 'xpath=//input[@id='TxtPhone']'.</msg>
<arg>${locator}</arg>
<arg>${text}</arg>
<doc>Types the given ``text`` into the text field identified by ``locator``.</doc>
<status status="PASS" start="2025-04-16T13:57:53.638699" elapsed="0.136362"/>
</kw>
<kw name="Sleep" owner="BuiltIn">
<msg time="2025-04-16T13:57:58.776865" level="INFO">Slept 5 seconds.</msg>
<arg>5</arg>
<doc>Pauses the test executed for the given time.</doc>
<status status="PASS" start="2025-04-16T13:57:53.775664" elapsed="5.001731"/>
</kw>
<arg>${inputUsername}</arg>
<arg>${ROLE_ADMIN}</arg>
<status status="PASS" start="2025-04-16T13:57:53.616777" elapsed="5.161151"/>
</kw>
<kw name="user input password" owner="generalFunct">
<kw name="Wait Until Element Is Visible" owner="SeleniumLibrary">
<arg>${locator}</arg>
<doc>Waits until the element ``locator`` is visible.</doc>
<status status="PASS" start="2025-04-16T13:57:58.780085" elapsed="0.052445"/>
</kw>
<kw name="Input Password" owner="SeleniumLibrary">
<msg time="2025-04-16T13:57:58.833506" level="INFO">Typing password into text field 'xpath=//input[@id='pwd']'.</msg>
<msg time="2025-04-16T13:57:58.900472" level="INFO">Temporally setting log level to: NONE</msg>
<arg>${locator}</arg>
<arg>${text}</arg>
<doc>Types the given password into the text field identified by ``locator``.</doc>
<status status="PASS" start="2025-04-16T13:57:58.832966" elapsed="0.145182"/>
</kw>
<kw name="Sleep" owner="BuiltIn">
<msg time="2025-04-16T13:58:03.979373" level="INFO">Slept 5 seconds.</msg>
<arg>5</arg>
<doc>Pauses the test executed for the given time.</doc>
<status status="PASS" start="2025-04-16T13:57:58.978486" elapsed="5.001032"/>
</kw>
<arg>${inputPassword}</arg>
<arg>${PASSWORD}</arg>
<status status="PASS" start="2025-04-16T13:57:58.778692" elapsed="5.200977"/>
</kw>
<kw name="Press Key" owner="SeleniumLibrary">
<arg>${inputPassword}</arg>
<arg>\\13</arg>
<doc>Simulates user pressing key on element identified by ``locator``.</doc>
<status status="PASS" start="2025-04-16T13:58:03.979909" elapsed="0.048694"/>
</kw>
<kw name="Sleep" owner="BuiltIn">
<msg time="2025-04-16T13:58:09.030166" level="INFO">Slept 5 seconds.</msg>
<arg>5</arg>
<doc>Pauses the test executed for the given time.</doc>
<status status="PASS" start="2025-04-16T13:58:04.029109" elapsed="5.001543"/>
</kw>
<kw name="general return status" owner="generalFunct">
<kw name="Run Keyword And Return Status" owner="BuiltIn">
<kw name="Wait Until Element Is Visible" owner="SeleniumLibrary">
<arg>${locator}</arg>
<arg>timeout=5s</arg>
<doc>Waits until the element ``locator`` is visible.</doc>
<status status="PASS" start="2025-04-16T13:58:09.034097" elapsed="0.059703"/>
</kw>
<msg time="2025-04-16T13:58:09.094051" level="INFO">${res} = True</msg>
<var>${res}</var>
<arg>Wait Until Element Is Visible</arg>
<arg>${locator}</arg>
<arg>timeout=5s</arg>
<doc>Runs the given keyword with given arguments and returns the status as a Boolean value.</doc>
<status status="PASS" start="2025-04-16T13:58:09.033229" elapsed="0.060888"/>
</kw>
<return>
<value>${res}</value>
<status status="PASS" start="2025-04-16T13:58:09.094254" elapsed="0.000088"/>
</return>
<msg time="2025-04-16T13:58:09.094609" level="INFO">${res_list} = True</msg>
<var>${res_list}</var>
<arg>${listFilter}</arg>
<status status="PASS" start="2025-04-16T13:58:09.031665" elapsed="0.063000"/>
</kw>
<while condition="${res_list} == $False">
<iter>
<kw name="Press Key" owner="SeleniumLibrary">
<arg>${inputPassword}</arg>
<arg>\\13</arg>
<doc>Simulates user pressing key on element identified by ``locator``.</doc>
<status status="NOT RUN" start="2025-04-16T13:58:09.095509" elapsed="0.000064"/>
</kw>
<kw name="Sleep" owner="BuiltIn">
<arg>5</arg>
<doc>Pauses the test executed for the given time.</doc>
<status status="NOT RUN" start="2025-04-16T13:58:09.095791" elapsed="0.000060"/>
</kw>
<kw name="general return status" owner="generalFunct">
<var>${res_err}</var>
<arg>xpath=//div[@class='mb-20px']//parent::div/label[contains(text(), 'Nomor')]</arg>
<status status="NOT RUN" start="2025-04-16T13:58:09.096137" elapsed="0.000065"/>
</kw>
<if>
<branch type="IF" condition="${res_err}">
<kw name="without filling any of them" owner="pom_login_eProc">
<arg>${inputUsername}</arg>
<arg>${ROLE_ADMIN}</arg>
<status status="NOT RUN" start="2025-04-16T13:58:09.096752" elapsed="0.000067"/>
</kw>
<status status="NOT RUN" start="2025-04-16T13:58:09.096363" elapsed="0.000581"/>
</branch>
<branch type="ELSE">
<kw name="Exit For Loop" owner="BuiltIn">
<doc>Stops executing the enclosing FOR loop.</doc>
<status status="NOT RUN" start="2025-04-16T13:58:09.097251" elapsed="0.000061"/>
</kw>
<status status="NOT RUN" start="2025-04-16T13:58:09.097040" elapsed="0.000351"/>
</branch>
<status status="NOT RUN" start="2025-04-16T13:58:09.096323" elapsed="0.001151"/>
</if>
<status status="NOT RUN" start="2025-04-16T13:58:09.094796" elapsed="0.002738"/>
</iter>
<status status="NOT RUN" start="2025-04-16T13:58:09.094793" elapsed="0.002863"/>
</while>
<kw name="Wait Until Element Is Visible" owner="SeleniumLibrary">
<arg>${listFilter}</arg>
<doc>Waits until the element ``locator`` is visible.</doc>
<status status="PASS" start="2025-04-16T13:58:09.097895" elapsed="0.029052"/>
</kw>
<status status="PASS" start="2025-04-16T13:57:49.614693" elapsed="19.512403"/>
</branch>
<branch type="ELSE">
<kw name="Exit For Loop" owner="BuiltIn">
<doc>Stops executing the enclosing FOR loop.</doc>
<status status="NOT RUN" start="2025-04-16T13:58:09.127493" elapsed="0.000068"/>
</kw>
<status status="NOT RUN" start="2025-04-16T13:58:09.127202" elapsed="0.000446"/>
</branch>
<status status="PASS" start="2025-04-16T13:57:49.614607" elapsed="19.513164"/>
</if>
<status status="PASS" start="2025-04-16T13:57:39.314195" elapsed="29.813709"/>
</kw>
<kw name="Wait Until Element Is Visible" owner="SeleniumLibrary">
<arg>${listFilter}</arg>
<doc>Waits until the element ``locator`` is visible.</doc>
<status status="PASS" start="2025-04-16T13:58:09.128151" elapsed="0.025326"/>
</kw>
<kw name="Wait Until Element Is Visible" owner="SeleniumLibrary">
<arg>${titleProject}</arg>
<doc>Waits until the element ``locator`` is visible.</doc>
<status status="PASS" start="2025-04-16T13:58:09.153904" elapsed="0.033563"/>
</kw>
<kw name="Get Text" owner="SeleniumLibrary">
<msg time="2025-04-16T13:58:09.227518" level="INFO">${title} = Manajemen Project</msg>
<var>${title}</var>
<arg>${titleProject}</arg>
<doc>Returns the text value of the element identified by ``locator``.</doc>
<status status="PASS" start="2025-04-16T13:58:09.187941" elapsed="0.039663"/>
</kw>
<kw name="Log To Console" owner="BuiltIn">
<arg>${\n}${title}</arg>
<doc>Logs the given message to the console.</doc>
<status status="PASS" start="2025-04-16T13:58:09.227983" elapsed="0.000769"/>
</kw>
<status status="PASS" start="2025-04-16T13:57:39.193246" elapsed="30.035817"/>
</kw>
<status status="PASS" start="2025-04-16T13:57:39.192318" elapsed="30.036938"/>
</kw>
<kw name="When user click Detail on Project" owner="pom_detailProject_MenungguPersetujuan">
<kw name="Get Length" owner="BuiltIn">
<msg time="2025-04-16T13:58:09.230687" level="INFO">Length is 22.</msg>
<msg time="2025-04-16T13:58:09.230833" level="INFO">${len} = 22</msg>
<var>${len}</var>
<arg>xpath=//tbody/tr/td[5]</arg>
<doc>Returns and logs the length of the given item as an integer.</doc>
<status status="PASS" start="2025-04-16T13:58:09.230456" elapsed="0.000430"/>
</kw>
<kw name="Sleep" owner="BuiltIn">
<msg time="2025-04-16T13:58:12.231631" level="INFO">Slept 3 seconds.</msg>
<arg>3</arg>
<doc>Pauses the test executed for the given time.</doc>
<status status="PASS" start="2025-04-16T13:58:09.231134" elapsed="3.000864"/>
</kw>
<for flavor="IN RANGE">
<iter>
<kw name="general return status" owner="generalFunct">
<kw name="Run Keyword And Return Status" owner="BuiltIn">
<kw name="Wait Until Element Is Visible" owner="SeleniumLibrary">
<arg>${locator}</arg>
<arg>timeout=5s</arg>
<doc>Waits until the element ``locator`` is visible.</doc>
<status status="PASS" start="2025-04-16T13:58:12.238161" elapsed="0.051388"/>
</kw>
<msg time="2025-04-16T13:58:12.289830" level="INFO">${res} = True</msg>
<var>${res}</var>
<arg>Wait Until Element Is Visible</arg>
<arg>${locator}</arg>
<arg>timeout=5s</arg>
<doc>Runs the given keyword with given arguments and returns the status as a Boolean value.</doc>
<status status="PASS" start="2025-04-16T13:58:12.236636" elapsed="0.053266"/>
</kw>
<return>
<value>${res}</value>
<status status="PASS" start="2025-04-16T13:58:12.290054" elapsed="0.000093"/>
</return>
<msg time="2025-04-16T13:58:12.290479" level="INFO">${res} = True</msg>
<var>${res}</var>
<arg>xpath=//tbody/tr/td[5]//div[contains(.,'${textStatus}')]</arg>
<status status="PASS" start="2025-04-16T13:58:12.234619" elapsed="0.055928"/>
</kw>
<if>
<branch type="IF" condition="${res}">
<kw name="check in project list" owner="pom_detailProject_MenungguPersetujuan">
<for flavor="IN RANGE">
<iter>
<kw name="general return status" owner="generalFunct">
<kw name="Run Keyword And Return Status" owner="BuiltIn">
<kw name="Wait Until Element Is Visible" owner="SeleniumLibrary">
<msg time="2025-04-16T13:58:17.727881" level="INFO" html="true">&lt;/td&gt;&lt;/tr&gt;&lt;tr&gt;&lt;td colspan="3"&gt;&lt;a href="selenium-screenshot-1568.png"&gt;&lt;img src="selenium-screenshot-1568.png" width="800px"&gt;&lt;/a&gt;</msg>
<msg time="2025-04-16T13:58:17.728332" level="FAIL">Element 'xpath=//tbody/tr[1]/td[5]//div[contains(.,'Menunggu persetujuan')]' not visible after 5 seconds.</msg>
<arg>${locator}</arg>
<arg>timeout=5s</arg>
<doc>Waits until the element ``locator`` is visible.</doc>
<status status="FAIL" start="2025-04-16T13:58:12.293555" elapsed="5.496749">Element 'xpath=//tbody/tr[1]/td[5]//div[contains(.,'Menunggu persetujuan')]' not visible after 5 seconds.</status>
</kw>
<msg time="2025-04-16T13:58:17.790584" level="INFO">${res} = False</msg>
<var>${res}</var>
<arg>Wait Until Element Is Visible</arg>
<arg>${locator}</arg>
<arg>timeout=5s</arg>
<doc>Runs the given keyword with given arguments and returns the status as a Boolean value.</doc>
<status status="PASS" start="2025-04-16T13:58:12.293225" elapsed="5.497639"/>
</kw>
<return>
<value>${res}</value>
<status status="PASS" start="2025-04-16T13:58:17.791025" elapsed="0.000097"/>
</return>
<msg time="2025-04-16T13:58:17.791481" level="INFO">${res} = False</msg>
<var>${res}</var>
<arg>xpath=//tbody/tr[${counter}]/td[5]//div[contains(.,'${textStatusProject}')]</arg>
<status status="PASS" start="2025-04-16T13:58:12.292584" elapsed="5.498955"/>
</kw>
<if>
<branch type="IF" condition="${res}">
<kw name="Get Text" owner="SeleniumLibrary">
<var>${text}</var>
<arg>xpath=//tbody/tr[${counter}]/td[1]</arg>
<doc>Returns the text value of the element identified by ``locator``.</doc>
<status status="NOT RUN" start="2025-04-16T13:58:17.791960" elapsed="0.000052"/>
</kw>
<kw name="Get Text" owner="SeleniumLibrary">
<var>${status}</var>
<arg>xpath=//tbody/tr[${counter}]/td[5]</arg>
<doc>Returns the text value of the element identified by ``locator``.</doc>
<status status="NOT RUN" start="2025-04-16T13:58:17.792196" elapsed="0.000045"/>
</kw>
<kw name="user click element" owner="generalFunct">
<arg>xpath=//tbody/tr[${counter}]/td[contains(., 'Detail')]</arg>
<status status="NOT RUN" start="2025-04-16T13:58:17.792478" elapsed="0.000052"/>
</kw>
<kw name="general Wait Until" owner="generalFunct">
<arg>xpath=//span[normalize-space()='Detail Project']</arg>
<status status="NOT RUN" start="2025-04-16T13:58:17.792721" elapsed="0.000047"/>
</kw>
<kw name="general return status" owner="generalFunct">
<var>${res_detail}</var>
<arg>xpath=//span[normalize-space()='Detail Project']</arg>
<status status="NOT RUN" start="2025-04-16T13:58:17.792955" elapsed="0.000047"/>
</kw>
<while condition="${res_detail} == $False">
<iter>
<kw name="user click element" owner="generalFunct">
<arg>xpath=//tbody/tr[${counter}]/td[contains(., 'Detail')]</arg>
<status status="NOT RUN" start="2025-04-16T13:58:17.793523" elapsed="0.000053"/>
</kw>
<kw name="general return status" owner="generalFunct">
<var>${res_detail}</var>
<arg>xpath=//span[normalize-space()='Detail Project']</arg>
<status status="NOT RUN" start="2025-04-16T13:58:17.793766" elapsed="0.000048"/>
</kw>
<status status="NOT RUN" start="2025-04-16T13:58:17.793225" elapsed="0.000662"/>
</iter>
<status status="NOT RUN" start="2025-04-16T13:58:17.793222" elapsed="0.000720"/>
</while>
<kw name="general Wait Until" owner="generalFunct">
<arg>${namaProject_onDetailPage}</arg>
<status status="NOT RUN" start="2025-04-16T13:58:17.794122" elapsed="0.000047"/>
</kw>
<kw name="Get Text" owner="SeleniumLibrary">
<var>${nameProject}</var>
<arg>${namaProject_onDetailPage}</arg>
<doc>Returns the text value of the element identified by ``locator``.</doc>
<status status="NOT RUN" start="2025-04-16T13:58:17.794333" elapsed="0.000043"/>
</kw>
<kw name="Get Text" owner="SeleniumLibrary">
<var>${status_onDetailPage}</var>
<arg>${statusProject}</arg>
<doc>Returns the text value of the element identified by ``locator``.</doc>
<status status="NOT RUN" start="2025-04-16T13:58:17.794741" elapsed="0.000054"/>
</kw>
<kw name="Log To Console" owner="BuiltIn">
<arg>Nama Project: ${nameProject}</arg>
<doc>Logs the given message to the console.</doc>
<status status="NOT RUN" start="2025-04-16T13:58:17.794977" elapsed="0.000047"/>
</kw>
<kw name="Log To Console" owner="BuiltIn">
<arg>Status Project: ${status_onDetailPage}</arg>
<doc>Logs the given message to the console.</doc>
<status status="NOT RUN" start="2025-04-16T13:58:17.795191" elapsed="0.000043"/>
</kw>
<kw name="Set Global Variable" owner="BuiltIn">
<arg>${nameProject_MenungguPersetujuan}</arg>
<arg>${nameProject}</arg>
<doc>Makes a variable available globally in all tests and suites.</doc>
<status status="NOT RUN" start="2025-04-16T13:58:17.795403" elapsed="0.000045"/>
</kw>
<kw name="Should Be Equal" owner="BuiltIn">
<arg>${nameProject}</arg>
<arg>${text}</arg>
<doc>Fails if the given objects are unequal.</doc>
<status status="NOT RUN" start="2025-04-16T13:58:17.795637" elapsed="0.000043"/>
</kw>
<kw name="Should Be Equal" owner="BuiltIn">
<arg>${status_onDetailPage}</arg>
<arg>${status}</arg>
<doc>Fails if the given objects are unequal.</doc>
<status status="NOT RUN" start="2025-04-16T13:58:17.795843" elapsed="0.000042"/>
</kw>
<kw name="Exit For Loop" owner="BuiltIn">
<doc>Stops executing the enclosing FOR loop.</doc>
<status status="NOT RUN" start="2025-04-16T13:58:17.796046" elapsed="0.000041"/>
</kw>
<status status="NOT RUN" start="2025-04-16T13:58:17.791702" elapsed="0.004447"/>
</branch>
<status status="PASS" start="2025-04-16T13:58:17.791667" elapsed="0.004548"/>
</if>
<var name="${counter}">1</var>
<status status="PASS" start="2025-04-16T13:58:12.292315" elapsed="5.503943"/>
</iter>
<iter>
<kw name="general return status" owner="generalFunct">
<kw name="Run Keyword And Return Status" owner="BuiltIn">
<kw name="Wait Until Element Is Visible" owner="SeleniumLibrary">
<msg time="2025-04-16T13:58:22.984066" level="INFO" html="true">&lt;/td&gt;&lt;/tr&gt;&lt;tr&gt;&lt;td colspan="3"&gt;&lt;a href="selenium-screenshot-1569.png"&gt;&lt;img src="selenium-screenshot-1569.png" width="800px"&gt;&lt;/a&gt;</msg>
<msg time="2025-04-16T13:58:22.984389" level="FAIL">Element 'xpath=//tbody/tr[2]/td[5]//div[contains(.,'Menunggu persetujuan')]' not visible after 5 seconds.</msg>
<arg>${locator}</arg>
<arg>timeout=5s</arg>
<doc>Waits until the element ``locator`` is visible.</doc>
<status status="FAIL" start="2025-04-16T13:58:17.797538" elapsed="5.188870">Element 'xpath=//tbody/tr[2]/td[5]//div[contains(.,'Menunggu persetujuan')]' not visible after 5 seconds.</status>
</kw>
<msg time="2025-04-16T13:58:22.986633" level="INFO">${res} = False</msg>
<var>${res}</var>
<arg>Wait Until Element Is Visible</arg>
<arg>${locator}</arg>
<arg>timeout=5s</arg>
<doc>Runs the given keyword with given arguments and returns the status as a Boolean value.</doc>
<status status="PASS" start="2025-04-16T13:58:17.797284" elapsed="5.189399"/>
</kw>
<return>
<value>${res}</value>
<status status="PASS" start="2025-04-16T13:58:22.986881" elapsed="0.000074"/>
</return>
<msg time="2025-04-16T13:58:22.987192" level="INFO">${res} = False</msg>
<var>${res}</var>
<arg>xpath=//tbody/tr[${counter}]/td[5]//div[contains(.,'${textStatusProject}')]</arg>
<status status="PASS" start="2025-04-16T13:58:17.796789" elapsed="5.190448"/>
</kw>
<if>
<branch type="IF" condition="${res}">
<kw name="Get Text" owner="SeleniumLibrary">
<var>${text}</var>
<arg>xpath=//tbody/tr[${counter}]/td[1]</arg>
<doc>Returns the text value of the element identified by ``locator``.</doc>
<status status="NOT RUN" start="2025-04-16T13:58:22.987622" elapsed="0.000056"/>
</kw>
<kw name="Get Text" owner="SeleniumLibrary">
<var>${status}</var>
<arg>xpath=//tbody/tr[${counter}]/td[5]</arg>
<doc>Returns the text value of the element identified by ``locator``.</doc>
<status status="NOT RUN" start="2025-04-16T13:58:22.987876" elapsed="0.000058"/>
</kw>
<kw name="user click element" owner="generalFunct">
<arg>xpath=//tbody/tr[${counter}]/td[contains(., 'Detail')]</arg>
<status status="NOT RUN" start="2025-04-16T13:58:22.988236" elapsed="0.000054"/>
</kw>
<kw name="general Wait Until" owner="generalFunct">
<arg>xpath=//span[normalize-space()='Detail Project']</arg>
<status status="NOT RUN" start="2025-04-16T13:58:22.988478" elapsed="0.000046"/>
</kw>
<kw name="general return status" owner="generalFunct">
<var>${res_detail}</var>
<arg>xpath=//span[normalize-space()='Detail Project']</arg>
<status status="NOT RUN" start="2025-04-16T13:58:22.988710" elapsed="0.000054"/>
</kw>
<while condition="${res_detail} == $False">
<iter>
<kw name="user click element" owner="generalFunct">
<arg>xpath=//tbody/tr[${counter}]/td[contains(., 'Detail')]</arg>
<status status="NOT RUN" start="2025-04-16T13:58:22.989186" elapsed="0.000054"/>
</kw>
<kw name="general return status" owner="generalFunct">
<var>${res_detail}</var>
<arg>xpath=//span[normalize-space()='Detail Project']</arg>
<status status="NOT RUN" start="2025-04-16T13:58:22.989440" elapsed="0.000048"/>
</kw>
<status status="NOT RUN" start="2025-04-16T13:58:22.988871" elapsed="0.000682"/>
</iter>
<status status="NOT RUN" start="2025-04-16T13:58:22.988869" elapsed="0.000738"/>
</while>
<kw name="general Wait Until" owner="generalFunct">
<arg>${namaProject_onDetailPage}</arg>
<status status="NOT RUN" start="2025-04-16T13:58:22.989796" elapsed="0.000055"/>
</kw>
<kw name="Get Text" owner="SeleniumLibrary">
<var>${nameProject}</var>
<arg>${namaProject_onDetailPage}</arg>
<doc>Returns the text value of the element identified by ``locator``.</doc>
<status status="NOT RUN" start="2025-04-16T13:58:22.990060" elapsed="0.000049"/>
</kw>
<kw name="Get Text" owner="SeleniumLibrary">
<var>${status_onDetailPage}</var>
<arg>${statusProject}</arg>
<doc>Returns the text value of the element identified by ``locator``.</doc>
<status status="NOT RUN" start="2025-04-16T13:58:22.990328" elapsed="0.000044"/>
</kw>
<kw name="Log To Console" owner="BuiltIn">
<arg>Nama Project: ${nameProject}</arg>
<doc>Logs the given message to the console.</doc>
<status status="NOT RUN" start="2025-04-16T13:58:22.990538" elapsed="0.000047"/>
</kw>
<kw name="Log To Console" owner="BuiltIn">
<arg>Status Project: ${status_onDetailPage}</arg>
<doc>Logs the given message to the console.</doc>
<status status="NOT RUN" start="2025-04-16T13:58:22.990741" elapsed="0.000043"/>
</kw>
<kw name="Set Global Variable" owner="BuiltIn">
<arg>${nameProject_MenungguPersetujuan}</arg>
<arg>${nameProject}</arg>
<doc>Makes a variable available globally in all tests and suites.</doc>
<status status="NOT RUN" start="2025-04-16T13:58:22.990974" elapsed="0.000044"/>
</kw>
<kw name="Should Be Equal" owner="BuiltIn">
<arg>${nameProject}</arg>
<arg>${text}</arg>
<doc>Fails if the given objects are unequal.</doc>
<status status="NOT RUN" start="2025-04-16T13:58:22.991184" elapsed="0.000043"/>
</kw>
<kw name="Should Be Equal" owner="BuiltIn">
<arg>${status_onDetailPage}</arg>
<arg>${status}</arg>
<doc>Fails if the given objects are unequal.</doc>
<status status="NOT RUN" start="2025-04-16T13:58:22.991393" elapsed="0.000043"/>
</kw>
<kw name="Exit For Loop" owner="BuiltIn">
<doc>Stops executing the enclosing FOR loop.</doc>
<status status="NOT RUN" start="2025-04-16T13:58:22.991593" elapsed="0.000042"/>
</kw>
<status status="NOT RUN" start="2025-04-16T13:58:22.987375" elapsed="0.004315"/>
</branch>
<status status="PASS" start="2025-04-16T13:58:22.987344" elapsed="0.004415"/>
</if>
<var name="${counter}">2</var>
<status status="PASS" start="2025-04-16T13:58:17.796592" elapsed="5.195241"/>
</iter>
<iter>
<kw name="general return status" owner="generalFunct">
<kw name="Run Keyword And Return Status" owner="BuiltIn">
<kw name="Wait Until Element Is Visible" owner="SeleniumLibrary">
<arg>${locator}</arg>
<arg>timeout=5s</arg>
<doc>Waits until the element ``locator`` is visible.</doc>
<status status="PASS" start="2025-04-16T13:58:22.993526" elapsed="0.027052"/>
</kw>
<msg time="2025-04-16T13:58:23.020779" level="INFO">${res} = True</msg>
<var>${res}</var>
<arg>Wait Until Element Is Visible</arg>
<arg>${locator}</arg>
<arg>timeout=5s</arg>
<doc>Runs the given keyword with given arguments and returns the status as a Boolean value.</doc>
<status status="PASS" start="2025-04-16T13:58:22.993260" elapsed="0.027576"/>
</kw>
<return>
<value>${res}</value>
<status status="PASS" start="2025-04-16T13:58:23.020943" elapsed="0.000069"/>
</return>
<msg time="2025-04-16T13:58:23.021218" level="INFO">${res} = True</msg>
<var>${res}</var>
<arg>xpath=//tbody/tr[${counter}]/td[5]//div[contains(.,'${textStatusProject}')]</arg>
<status status="PASS" start="2025-04-16T13:58:22.992581" elapsed="0.028680"/>
</kw>
<if>
<branch type="IF" condition="${res}">
<kw name="Get Text" owner="SeleniumLibrary">
<msg time="2025-04-16T13:58:23.049226" level="INFO">${text} = ProjectTest2 9 april</msg>
<var>${text}</var>
<arg>xpath=//tbody/tr[${counter}]/td[1]</arg>
<doc>Returns the text value of the element identified by ``locator``.</doc>
<status status="PASS" start="2025-04-16T13:58:23.021649" elapsed="0.027655"/>
</kw>
<kw name="Get Text" owner="SeleniumLibrary">
<msg time="2025-04-16T13:58:23.077776" level="INFO">${status} = Menunggu persetujuan</msg>
<var>${status}</var>
<arg>xpath=//tbody/tr[${counter}]/td[5]</arg>
<doc>Returns the text value of the element identified by ``locator``.</doc>
<status status="PASS" start="2025-04-16T13:58:23.049653" elapsed="0.028191"/>
</kw>
<kw name="user click element" owner="generalFunct">
<kw name="Sleep" owner="BuiltIn">
<msg time="2025-04-16T13:58:28.079779" level="INFO">Slept 5 seconds.</msg>
<arg>5</arg>
<doc>Pauses the test executed for the given time.</doc>
<status status="PASS" start="2025-04-16T13:58:23.078716" elapsed="5.001748"/>
</kw>
<kw name="Wait Until Element Is Visible" owner="SeleniumLibrary">
<arg>${element}</arg>
<doc>Waits until the element ``locator`` is visible.</doc>
<status status="PASS" start="2025-04-16T13:58:28.081227" elapsed="0.053907"/>
</kw>
<kw name="Click Element" owner="SeleniumLibrary">
<msg time="2025-04-16T13:58:28.136025" level="INFO">Clicking element 'xpath=//tbody/tr[3]/td[contains(., 'Detail')]'.</msg>
<msg time="2025-04-16T13:58:28.247120" level="INFO">${clickElement} = None</msg>
<var>${clickElement}</var>
<arg>${element}</arg>
<doc>Click the element identified by ``locator``.</doc>
<status status="PASS" start="2025-04-16T13:58:28.135536" elapsed="0.111650"/>
</kw>
<return>
<value>${clickElement}</value>
<status status="PASS" start="2025-04-16T13:58:28.247309" elapsed="0.000072"/>
</return>
<arg>xpath=//tbody/tr[${counter}]/td[contains(., 'Detail')]</arg>
<status status="PASS" start="2025-04-16T13:58:23.078163" elapsed="5.169402"/>
</kw>
<kw name="general Wait Until" owner="generalFunct">
<kw name="Wait Until Element Is Visible" owner="SeleniumLibrary">
<arg>${locator}</arg>
<arg>timeout=5s</arg>
<doc>Waits until the element ``locator`` is visible.</doc>
<status status="PASS" start="2025-04-16T13:58:28.248386" elapsed="1.141566"/>
</kw>
<kw name="Sleep" owner="BuiltIn">
<msg time="2025-04-16T13:58:34.391411" level="INFO">Slept 5 seconds.</msg>
<arg>5</arg>
<doc>Pauses the test executed for the given time.</doc>
<status status="PASS" start="2025-04-16T13:58:29.390262" elapsed="5.001311"/>
</kw>
<arg>xpath=//span[normalize-space()='Detail Project']</arg>
<status status="PASS" start="2025-04-16T13:58:28.247970" elapsed="6.143771"/>
</kw>
<kw name="general return status" owner="generalFunct">
<kw name="Run Keyword And Return Status" owner="BuiltIn">
<kw name="Wait Until Element Is Visible" owner="SeleniumLibrary">
<arg>${locator}</arg>
<arg>timeout=5s</arg>
<doc>Waits until the element ``locator`` is visible.</doc>
<status status="PASS" start="2025-04-16T13:58:34.392969" elapsed="0.024854"/>
</kw>
<msg time="2025-04-16T13:58:34.418044" level="INFO">${res} = True</msg>
<var>${res}</var>
<arg>Wait Until Element Is Visible</arg>
<arg>${locator}</arg>
<arg>timeout=5s</arg>
<doc>Runs the given keyword with given arguments and returns the status as a Boolean value.</doc>
<status status="PASS" start="2025-04-16T13:58:34.392679" elapsed="0.025419"/>
</kw>
<return>
<value>${res}</value>
<status status="PASS" start="2025-04-16T13:58:34.418222" elapsed="0.000107"/>
</return>
<msg time="2025-04-16T13:58:34.418591" level="INFO">${res_detail} = True</msg>
<var>${res_detail}</var>
<arg>xpath=//span[normalize-space()='Detail Project']</arg>
<status status="PASS" start="2025-04-16T13:58:34.392077" elapsed="0.026562"/>
</kw>
<while condition="${res_detail} == $False">
<iter>
<kw name="user click element" owner="generalFunct">
<arg>xpath=//tbody/tr[${counter}]/td[contains(., 'Detail')]</arg>
<status status="NOT RUN" start="2025-04-16T13:58:34.419289" elapsed="0.000061"/>
</kw>
<kw name="general return status" owner="generalFunct">
<var>${res_detail}</var>
<arg>xpath=//span[normalize-space()='Detail Project']</arg>
<status status="NOT RUN" start="2025-04-16T13:58:34.419569" elapsed="0.000054"/>
</kw>
<status status="NOT RUN" start="2025-04-16T13:58:34.418745" elapsed="0.000953"/>
</iter>
<status status="NOT RUN" start="2025-04-16T13:58:34.418742" elapsed="0.001014"/>
</while>
<kw name="general Wait Until" owner="generalFunct">
<kw name="Wait Until Element Is Visible" owner="SeleniumLibrary">
<arg>${locator}</arg>
<arg>timeout=5s</arg>
<doc>Waits until the element ``locator`` is visible.</doc>
<status status="PASS" start="2025-04-16T13:58:34.420630" elapsed="0.028455"/>
</kw>
<kw name="Sleep" owner="BuiltIn">
<msg time="2025-04-16T13:58:39.451057" level="INFO">Slept 5 seconds.</msg>
<arg>5</arg>
<doc>Pauses the test executed for the given time.</doc>
<status status="PASS" start="2025-04-16T13:58:34.449368" elapsed="5.002058"/>
</kw>
<arg>${namaProject_onDetailPage}</arg>
<status status="PASS" start="2025-04-16T13:58:34.419990" elapsed="5.031842"/>
</kw>
<kw name="Get Text" owner="SeleniumLibrary">
<msg time="2025-04-16T13:58:39.503228" level="INFO">${nameProject} = ProjectTest2 9 april</msg>
<var>${nameProject}</var>
<arg>${namaProject_onDetailPage}</arg>
<doc>Returns the text value of the element identified by ``locator``.</doc>
<status status="PASS" start="2025-04-16T13:58:39.452485" elapsed="0.050850"/>
</kw>
<kw name="Get Text" owner="SeleniumLibrary">
<msg time="2025-04-16T13:58:39.551287" level="INFO">${status_onDetailPage} = Menunggu persetujuan</msg>
<var>${status_onDetailPage}</var>
<arg>${statusProject}</arg>
<doc>Returns the text value of the element identified by ``locator``.</doc>
<status status="PASS" start="2025-04-16T13:58:39.503964" elapsed="0.047537"/>
</kw>
<kw name="Log To Console" owner="BuiltIn">
<arg>Nama Project: ${nameProject}</arg>
<doc>Logs the given message to the console.</doc>
<status status="PASS" start="2025-04-16T13:58:39.551911" elapsed="0.000835"/>
</kw>
<kw name="Log To Console" owner="BuiltIn">
<arg>Status Project: ${status_onDetailPage}</arg>
<doc>Logs the given message to the console.</doc>
<status status="PASS" start="2025-04-16T13:58:39.553428" elapsed="0.001165"/>
</kw>
<kw name="Set Global Variable" owner="BuiltIn">
<msg time="2025-04-16T13:58:39.559790" level="INFO">${nameProject_MenungguPersetujuan} = ProjectTest2 9 april</msg>
<arg>${nameProject_MenungguPersetujuan}</arg>
<arg>${nameProject}</arg>
<doc>Makes a variable available globally in all tests and suites.</doc>
<status status="PASS" start="2025-04-16T13:58:39.555083" elapsed="0.004959"/>
</kw>
<kw name="Should Be Equal" owner="BuiltIn">
<arg>${nameProject}</arg>
<arg>${text}</arg>
<doc>Fails if the given objects are unequal.</doc>
<status status="PASS" start="2025-04-16T13:58:39.560625" elapsed="0.000658"/>
</kw>
<kw name="Should Be Equal" owner="BuiltIn">
<arg>${status_onDetailPage}</arg>
<arg>${status}</arg>
<doc>Fails if the given objects are unequal.</doc>
<status status="PASS" start="2025-04-16T13:58:39.561842" elapsed="0.000812"/>
</kw>
<kw name="Exit For Loop" owner="BuiltIn">
<msg time="2025-04-16T13:58:39.563497" level="INFO">Exiting for loop altogether.</msg>
<doc>Stops executing the enclosing FOR loop.</doc>
<status status="PASS" start="2025-04-16T13:58:39.563202" elapsed="0.000559"/>
</kw>
<status status="PASS" start="2025-04-16T13:58:23.021400" elapsed="16.542545"/>
</branch>
<status status="PASS" start="2025-04-16T13:58:23.021371" elapsed="16.542703"/>
</if>
<var name="${counter}">3</var>
<status status="PASS" start="2025-04-16T13:58:22.992288" elapsed="16.571879"/>
</iter>
<var>${counter}</var>
<value>1</value>
<value>10</value>
<status status="PASS" start="2025-04-16T13:58:12.291787" elapsed="27.272537"/>
</for>
<arg>${textStatus}</arg>
<status status="PASS" start="2025-04-16T13:58:12.291343" elapsed="27.273496"/>
</kw>
<kw name="Exit For Loop" owner="BuiltIn">
<msg time="2025-04-16T13:58:39.565967" level="INFO">Exiting for loop altogether.</msg>
<doc>Stops executing the enclosing FOR loop.</doc>
<status status="PASS" start="2025-04-16T13:58:39.565464" elapsed="0.000806"/>
</kw>
<status status="PASS" start="2025-04-16T13:58:12.290743" elapsed="27.275947"/>
</branch>
<branch type="ELSE">
<kw name="general return status" owner="generalFunct">
<var>${next}</var>
<arg>${nextPage}</arg>
<status status="NOT RUN" start="2025-04-16T13:58:39.567613" elapsed="0.000192"/>
</kw>
<kw name="Run Keyword If" owner="BuiltIn">
<arg>${next}</arg>
<arg>user click element</arg>
<arg>${nextPage}</arg>
<doc>Runs the given keyword with the given arguments, if ``condition`` is true.</doc>
<status status="NOT RUN" start="2025-04-16T13:58:39.568554" elapsed="0.000173"/>
</kw>
<status status="NOT RUN" start="2025-04-16T13:58:39.566890" elapsed="0.002117"/>
</branch>
<status status="PASS" start="2025-04-16T13:58:12.290700" elapsed="27.278549"/>
</if>
<var name="${counter}">1</var>
<status status="PASS" start="2025-04-16T13:58:12.233615" elapsed="27.335813"/>
</iter>
<var>${counter}</var>
<value>1</value>
<value>${len}</value>
<status status="PASS" start="2025-04-16T13:58:12.232380" elapsed="27.337306"/>
</for>
<arg>Menunggu persetujuan</arg>
<status status="PASS" start="2025-04-16T13:58:09.229815" elapsed="30.340270"/>
</kw>
<kw name="And detail information on detail page" owner="pom_detailProject_MenungguPersetujuan">
<kw name="Get Length" owner="BuiltIn">
<msg time="2025-04-16T13:58:39.571355" level="INFO">Length is 31.</msg>
<msg time="2025-04-16T13:58:39.571495" level="INFO">${len} = 31</msg>
<var>${len}</var>
<arg>xpath=//div[@class='w-100']/div</arg>
<doc>Returns and logs the length of the given item as an integer.</doc>
<status status="PASS" start="2025-04-16T13:58:39.571168" elapsed="0.000372"/>
</kw>
<for flavor="IN RANGE">
<iter>
<kw name="general return status" owner="generalFunct">
<kw name="Run Keyword And Return Status" owner="BuiltIn">
<kw name="Wait Until Element Is Visible" owner="SeleniumLibrary">
<arg>${locator}</arg>
<arg>timeout=5s</arg>
<doc>Waits until the element ``locator`` is visible.</doc>
<status status="PASS" start="2025-04-16T13:58:39.573155" elapsed="0.034186"/>
</kw>
<msg time="2025-04-16T13:58:39.607546" level="INFO">${res} = True</msg>
<var>${res}</var>
<arg>Wait Until Element Is Visible</arg>
<arg>${locator}</arg>
<arg>timeout=5s</arg>
<doc>Runs the given keyword with given arguments and returns the status as a Boolean value.</doc>
<status status="PASS" start="2025-04-16T13:58:39.572796" elapsed="0.034801"/>
</kw>
<return>
<value>${res}</value>
<status status="PASS" start="2025-04-16T13:58:39.607708" elapsed="0.000090"/>
</return>
<msg time="2025-04-16T13:58:39.608042" level="INFO">${res} = True</msg>
<var>${res}</var>
<arg>xpath=//div[@class='w-100']/div[${counter}]</arg>
<status status="PASS" start="2025-04-16T13:58:39.572317" elapsed="0.035769"/>
</kw>
<if>
<branch type="IF" condition="${res}">
<kw name="Get Text" owner="SeleniumLibrary">
<msg time="2025-04-16T13:58:39.637788" level="INFO">${text} = Admin</msg>
<var>${text}</var>
<arg>xpath=//div[@class='w-100']/div[${counter}]/div[1]/span</arg>
<doc>Returns the text value of the element identified by ``locator``.</doc>
<status status="PASS" start="2025-04-16T13:58:39.608471" elapsed="0.029397"/>
</kw>
<kw name="Get Text" owner="SeleniumLibrary">
<msg time="2025-04-16T13:58:39.666326" level="INFO">${textName} = gonsadm</msg>
<var>${textName}</var>
<arg>xpath=//div[@class='w-100']/div[${counter}]/div[2]/span[2]</arg>
<doc>Returns the text value of the element identified by ``locator``.</doc>
<status status="PASS" start="2025-04-16T13:58:39.638184" elapsed="0.028207"/>
</kw>
<kw name="Log To Console" owner="BuiltIn">
<arg>${text}: ${textName}</arg>
<doc>Logs the given message to the console.</doc>
<status status="PASS" start="2025-04-16T13:58:39.666642" elapsed="0.000798"/>
</kw>
<kw name="Get Text" owner="SeleniumLibrary">
<msg time="2025-04-16T13:58:39.698500" level="INFO">${textBorder} = Tanggal project</msg>
<var>${textBorder}</var>
<arg>xpath=//div[@class="w-100 borderRight "]/div[${counter}]/div[1]/span</arg>
<doc>Returns the text value of the element identified by ``locator``.</doc>
<status status="PASS" start="2025-04-16T13:58:39.667886" elapsed="0.030679"/>
</kw>
<kw name="Get Text" owner="SeleniumLibrary">
<msg time="2025-04-16T13:58:39.725935" level="INFO">${textBorderRight} = 09 Apr 2025 - 30 Apr 2025</msg>
<var>${textBorderRight}</var>
<arg>xpath=//div[@class="w-100 borderRight "]/div[${counter}]/div[2]/span[2]</arg>
<doc>Returns the text value of the element identified by ``locator``.</doc>
<status status="PASS" start="2025-04-16T13:58:39.698888" elapsed="0.027117"/>
</kw>
<kw name="Log To Console" owner="BuiltIn">
<arg>${textBorder}: ${textBorderRight}</arg>
<doc>Logs the given message to the console.</doc>
<status status="PASS" start="2025-04-16T13:58:39.726397" elapsed="0.000589"/>
</kw>
<status status="PASS" start="2025-04-16T13:58:39.608221" elapsed="0.118923"/>
</branch>
<branch type="ELSE">
<kw name="Exit For Loop" owner="BuiltIn">
<doc>Stops executing the enclosing FOR loop.</doc>
<status status="NOT RUN" start="2025-04-16T13:58:39.727609" elapsed="0.000110"/>
</kw>
<status status="NOT RUN" start="2025-04-16T13:58:39.727246" elapsed="0.000564"/>
</branch>
<status status="PASS" start="2025-04-16T13:58:39.608191" elapsed="0.119679"/>
</if>
<var name="${counter}">1</var>
<status status="PASS" start="2025-04-16T13:58:39.572088" elapsed="0.155832"/>
</iter>
<iter>
<kw name="general return status" owner="generalFunct">
<kw name="Run Keyword And Return Status" owner="BuiltIn">
<kw name="Wait Until Element Is Visible" owner="SeleniumLibrary">
<arg>${locator}</arg>
<arg>timeout=5s</arg>
<doc>Waits until the element ``locator`` is visible.</doc>
<status status="PASS" start="2025-04-16T13:58:39.729578" elapsed="0.026977"/>
</kw>
<msg time="2025-04-16T13:58:39.756764" level="INFO">${res} = True</msg>
<var>${res}</var>
<arg>Wait Until Element Is Visible</arg>
<arg>${locator}</arg>
<arg>timeout=5s</arg>
<doc>Runs the given keyword with given arguments and returns the status as a Boolean value.</doc>
<status status="PASS" start="2025-04-16T13:58:39.729020" elapsed="0.027795"/>
</kw>
<return>
<value>${res}</value>
<status status="PASS" start="2025-04-16T13:58:39.756925" elapsed="0.000070"/>
</return>
<msg time="2025-04-16T13:58:39.757208" level="INFO">${res} = True</msg>
<var>${res}</var>
<arg>xpath=//div[@class='w-100']/div[${counter}]</arg>
<status status="PASS" start="2025-04-16T13:58:39.728527" elapsed="0.028727"/>
</kw>
<if>
<branch type="IF" condition="${res}">
<kw name="Get Text" owner="SeleniumLibrary">
<msg time="2025-04-16T13:58:39.785648" level="INFO">${text} = Manager Project</msg>
<var>${text}</var>
<arg>xpath=//div[@class='w-100']/div[${counter}]/div[1]/span</arg>
<doc>Returns the text value of the element identified by ``locator``.</doc>
<status status="PASS" start="2025-04-16T13:58:39.757650" elapsed="0.028064"/>
</kw>
<kw name="Get Text" owner="SeleniumLibrary">
<msg time="2025-04-16T13:58:39.811664" level="INFO">${textName} = gonsapproval</msg>
<var>${textName}</var>
<arg>xpath=//div[@class='w-100']/div[${counter}]/div[2]/span[2]</arg>
<doc>Returns the text value of the element identified by ``locator``.</doc>
<status status="PASS" start="2025-04-16T13:58:39.785963" elapsed="0.025769"/>
</kw>
<kw name="Log To Console" owner="BuiltIn">
<arg>${text}: ${textName}</arg>
<doc>Logs the given message to the console.</doc>
<status status="PASS" start="2025-04-16T13:58:39.811992" elapsed="0.000554"/>
</kw>
<kw name="Get Text" owner="SeleniumLibrary">
<msg time="2025-04-16T13:58:39.841475" level="INFO">${textBorder} = Anggaran maksimal</msg>
<var>${textBorder}</var>
<arg>xpath=//div[@class="w-100 borderRight "]/div[${counter}]/div[1]/span</arg>
<doc>Returns the text value of the element identified by ``locator``.</doc>
<status status="PASS" start="2025-04-16T13:58:39.813155" elapsed="0.028389"/>
</kw>
<kw name="Get Text" owner="SeleniumLibrary">
<msg time="2025-04-16T13:58:39.870320" level="INFO">${textBorderRight} = Rp 50,000,000</msg>
<var>${textBorderRight}</var>
<arg>xpath=//div[@class="w-100 borderRight "]/div[${counter}]/div[2]/span[2]</arg>
<doc>Returns the text value of the element identified by ``locator``.</doc>
<status status="PASS" start="2025-04-16T13:58:39.841805" elapsed="0.028582"/>
</kw>
<kw name="Log To Console" owner="BuiltIn">
<arg>${textBorder}: ${textBorderRight}</arg>
<doc>Logs the given message to the console.</doc>
<status status="PASS" start="2025-04-16T13:58:39.870641" elapsed="0.000559"/>
</kw>
<status status="PASS" start="2025-04-16T13:58:39.757391" elapsed="0.113957"/>
</branch>
<branch type="ELSE">
<kw name="Exit For Loop" owner="BuiltIn">
<doc>Stops executing the enclosing FOR loop.</doc>
<status status="NOT RUN" start="2025-04-16T13:58:39.871869" elapsed="0.000107"/>
</kw>
<status status="NOT RUN" start="2025-04-16T13:58:39.871494" elapsed="0.000578"/>
</branch>
<status status="PASS" start="2025-04-16T13:58:39.757360" elapsed="0.114774"/>
</if>
<var name="${counter}">2</var>
<status status="PASS" start="2025-04-16T13:58:39.728305" elapsed="0.143877"/>
</iter>
<iter>
<kw name="general return status" owner="generalFunct">
<kw name="Run Keyword And Return Status" owner="BuiltIn">
<kw name="Wait Until Element Is Visible" owner="SeleniumLibrary">
<arg>${locator}</arg>
<arg>timeout=5s</arg>
<doc>Waits until the element ``locator`` is visible.</doc>
<status status="PASS" start="2025-04-16T13:58:39.873437" elapsed="0.025198"/>
</kw>
<msg time="2025-04-16T13:58:39.898885" level="INFO">${res} = True</msg>
<var>${res}</var>
<arg>Wait Until Element Is Visible</arg>
<arg>${locator}</arg>
<arg>timeout=5s</arg>
<doc>Runs the given keyword with given arguments and returns the status as a Boolean value.</doc>
<status status="PASS" start="2025-04-16T13:58:39.873181" elapsed="0.025895"/>
</kw>
<return>
<value>${res}</value>
<status status="PASS" start="2025-04-16T13:58:39.899313" elapsed="0.000284"/>
</return>
<msg time="2025-04-16T13:58:39.899994" level="INFO">${res} = True</msg>
<var>${res}</var>
<arg>xpath=//div[@class='w-100']/div[${counter}]</arg>
<status status="PASS" start="2025-04-16T13:58:39.872703" elapsed="0.027400"/>
</kw>
<if>
<branch type="IF" condition="${res}">
<kw name="Get Text" owner="SeleniumLibrary">
<msg time="2025-04-16T13:58:39.927313" level="INFO">${text} = Finance</msg>
<var>${text}</var>
<arg>xpath=//div[@class='w-100']/div[${counter}]/div[1]/span</arg>
<doc>Returns the text value of the element identified by ``locator``.</doc>
<status status="PASS" start="2025-04-16T13:58:39.900995" elapsed="0.026386"/>
</kw>
<kw name="Get Text" owner="SeleniumLibrary">
<msg time="2025-04-16T13:58:39.952533" level="INFO">${textName} = gonsfin</msg>
<var>${textName}</var>
<arg>xpath=//div[@class='w-100']/div[${counter}]/div[2]/span[2]</arg>
<doc>Returns the text value of the element identified by ``locator``.</doc>
<status status="PASS" start="2025-04-16T13:58:39.927643" elapsed="0.024959"/>
</kw>
<kw name="Log To Console" owner="BuiltIn">
<arg>${text}: ${textName}</arg>
<doc>Logs the given message to the console.</doc>
<status status="PASS" start="2025-04-16T13:58:39.952876" elapsed="0.000554"/>
</kw>
<kw name="Get Text" owner="SeleniumLibrary">
<msg time="2025-04-16T13:58:39.981330" level="INFO">${textBorder} = Total pembelian</msg>
<var>${textBorder}</var>
<arg>xpath=//div[@class="w-100 borderRight "]/div[${counter}]/div[1]/span</arg>
<doc>Returns the text value of the element identified by ``locator``.</doc>
<status status="PASS" start="2025-04-16T13:58:39.953804" elapsed="0.027644"/>
</kw>
<kw name="Get Text" owner="SeleniumLibrary">
<msg time="2025-04-16T13:58:40.009484" level="INFO">${textBorderRight} = Rp 0</msg>
<var>${textBorderRight}</var>
<arg>xpath=//div[@class="w-100 borderRight "]/div[${counter}]/div[2]/span[2]</arg>
<doc>Returns the text value of the element identified by ``locator``.</doc>
<status status="PASS" start="2025-04-16T13:58:39.981772" elapsed="0.027783"/>
</kw>
<kw name="Log To Console" owner="BuiltIn">
<arg>${textBorder}: ${textBorderRight}</arg>
<doc>Logs the given message to the console.</doc>
<status status="PASS" start="2025-04-16T13:58:40.009806" elapsed="0.000539"/>
</kw>
<status status="PASS" start="2025-04-16T13:58:39.900387" elapsed="0.110101"/>
</branch>
<branch type="ELSE">
<kw name="Exit For Loop" owner="BuiltIn">
<doc>Stops executing the enclosing FOR loop.</doc>
<status status="NOT RUN" start="2025-04-16T13:58:40.010924" elapsed="0.000057"/>
</kw>
<status status="NOT RUN" start="2025-04-16T13:58:40.010634" elapsed="0.000417"/>
</branch>
<status status="PASS" start="2025-04-16T13:58:39.900321" elapsed="0.110786"/>
</if>
<var name="${counter}">3</var>
<status status="PASS" start="2025-04-16T13:58:39.872485" elapsed="0.138667"/>
</iter>
<iter>
<kw name="general return status" owner="generalFunct">
<kw name="Run Keyword And Return Status" owner="BuiltIn">
<kw name="Wait Until Element Is Visible" owner="SeleniumLibrary">
<msg time="2025-04-16T13:58:45.373677" level="INFO" html="true">&lt;/td&gt;&lt;/tr&gt;&lt;tr&gt;&lt;td colspan="3"&gt;&lt;a href="selenium-screenshot-1570.png"&gt;&lt;img src="selenium-screenshot-1570.png" width="800px"&gt;&lt;/a&gt;</msg>
<msg time="2025-04-16T13:58:45.374159" level="FAIL">Element 'xpath=//div[@class='w-100']/div[4]' not visible after 5 seconds.</msg>
<arg>${locator}</arg>
<arg>timeout=5s</arg>
<doc>Waits until the element ``locator`` is visible.</doc>
<status status="FAIL" start="2025-04-16T13:58:40.012408" elapsed="5.363591">Element 'xpath=//div[@class='w-100']/div[4]' not visible after 5 seconds.</status>
</kw>
<msg time="2025-04-16T13:58:45.376206" level="INFO">${res} = False</msg>
<var>${res}</var>
<arg>Wait Until Element Is Visible</arg>
<arg>${locator}</arg>
<arg>timeout=5s</arg>
<doc>Runs the given keyword with given arguments and returns the status as a Boolean value.</doc>
<status status="PASS" start="2025-04-16T13:58:40.012162" elapsed="5.364093"/>
</kw>
<return>
<value>${res}</value>
<status status="PASS" start="2025-04-16T13:58:45.376367" elapsed="0.000067"/>
</return>
<msg time="2025-04-16T13:58:45.376717" level="INFO">${res} = False</msg>
<var>${res}</var>
<arg>xpath=//div[@class='w-100']/div[${counter}]</arg>
<status status="PASS" start="2025-04-16T13:58:40.011648" elapsed="5.365114"/>
</kw>
<if>
<branch type="IF" condition="${res}">
<kw name="Get Text" owner="SeleniumLibrary">
<var>${text}</var>
<arg>xpath=//div[@class='w-100']/div[${counter}]/div[1]/span</arg>
<doc>Returns the text value of the element identified by ``locator``.</doc>
<status status="NOT RUN" start="2025-04-16T13:58:45.377154" elapsed="0.000049"/>
</kw>
<kw name="Get Text" owner="SeleniumLibrary">
<var>${textName}</var>
<arg>xpath=//div[@class='w-100']/div[${counter}]/div[2]/span[2]</arg>
<doc>Returns the text value of the element identified by ``locator``.</doc>
<status status="NOT RUN" start="2025-04-16T13:58:45.377374" elapsed="0.000042"/>
</kw>
<kw name="Log To Console" owner="BuiltIn">
<arg>${text}: ${textName}</arg>
<doc>Logs the given message to the console.</doc>
<status status="NOT RUN" start="2025-04-16T13:58:45.377698" elapsed="0.000083"/>
</kw>
<kw name="Get Text" owner="SeleniumLibrary">
<var>${textBorder}</var>
<arg>xpath=//div[@class="w-100 borderRight "]/div[${counter}]/div[1]/span</arg>
<doc>Returns the text value of the element identified by ``locator``.</doc>
<status status="NOT RUN" start="2025-04-16T13:58:45.378298" elapsed="0.000098"/>
</kw>
<kw name="Get Text" owner="SeleniumLibrary">
<var>${textBorderRight}</var>
<arg>xpath=//div[@class="w-100 borderRight "]/div[${counter}]/div[2]/span[2]</arg>
<doc>Returns the text value of the element identified by ``locator``.</doc>
<status status="NOT RUN" start="2025-04-16T13:58:45.378727" elapsed="0.000066"/>
</kw>
<kw name="Log To Console" owner="BuiltIn">
<arg>${textBorder}: ${textBorderRight}</arg>
<doc>Logs the given message to the console.</doc>
<status status="NOT RUN" start="2025-04-16T13:58:45.378983" elapsed="0.000047"/>
</kw>
<status status="NOT RUN" start="2025-04-16T13:58:45.376899" elapsed="0.002195"/>
</branch>
<branch type="ELSE">
<kw name="Exit For Loop" owner="BuiltIn">
<msg time="2025-04-16T13:58:45.379578" level="INFO">Exiting for loop altogether.</msg>
<doc>Stops executing the enclosing FOR loop.</doc>
<status status="PASS" start="2025-04-16T13:58:45.379325" elapsed="0.000351"/>
</kw>
<status status="PASS" start="2025-04-16T13:58:45.379160" elapsed="0.000592"/>
</branch>
<status status="PASS" start="2025-04-16T13:58:45.376867" elapsed="0.002948"/>
</if>
<var name="${counter}">4</var>
<status status="PASS" start="2025-04-16T13:58:40.011438" elapsed="5.368427"/>
</iter>
<var>${counter}</var>
<value>1</value>
<value>${len}</value>
<status status="PASS" start="2025-04-16T13:58:39.571660" elapsed="5.808296"/>
</for>
<status status="PASS" start="2025-04-16T13:58:39.570697" elapsed="5.809389"/>
</kw>
<status status="PASS" start="2025-04-16T13:57:39.191407" elapsed="66.188768"/>
</kw>
<kw name="End Web Test" owner="web_eProc" type="TEARDOWN">
<kw name="Log" owner="BuiltIn">
<msg time="2025-04-16T13:58:45.382157" level="INFO">Suite teardown initiated</msg>
<arg>Suite teardown initiated</arg>
<doc>Logs the given message with the given level.</doc>
<status status="PASS" start="2025-04-16T13:58:45.381969" elapsed="0.000281"/>
</kw>
<kw name="Close Browser" owner="SeleniumLibrary">
<doc>Closes the current browser.</doc>
<status status="PASS" start="2025-04-16T13:58:45.382459" elapsed="2.222417"/>
</kw>
<doc>Closes the browser after all tests in the suite have run</doc>
<status status="PASS" start="2025-04-16T13:58:45.381214" elapsed="2.223840"/>
</kw>
<doc>This scenario test User can access detail project page</doc>
<tag>1000s</tag>
<tag>detail_project</tag>
<tag>test</tag>
<status status="PASS" start="2025-04-16T13:57:25.818535" elapsed="81.786910"/>
</test>
<test id="s1-t2" name="Tim OP can Changes Data Alamat Project" line="15">
<kw name="Begin Web Test" owner="web_eProc" type="SETUP">
<kw name="Open Browser" owner="SeleniumLibrary">
<msg time="2025-04-16T13:58:47.608413" level="INFO">Opening browser 'headlesschrome' to base url 'about:blank'.</msg>
<arg>about:blank</arg>
<arg>${BROWSER}</arg>
<doc>Opens a new browser instance to the optional ``url``.</doc>
<status status="PASS" start="2025-04-16T13:58:47.608119" elapsed="2.016017"/>
</kw>
<kw name="Execute Javascript" owner="SeleniumLibrary">
<msg time="2025-04-16T13:58:49.625715" level="INFO">Executing JavaScript:
document.body.style.transform = 'scale(0.67)'; document.body.style.transformOrigin = '0 0';
Without any arguments.</msg>
<arg>document.body.style.transform = 'scale(0.67)'; document.body.style.transformOrigin = '0 0';</arg>
<doc>Executes the given JavaScript code with possible arguments.</doc>
<status status="PASS" start="2025-04-16T13:58:49.624719" elapsed="0.014180"/>
</kw>
<kw name="Go To" owner="SeleniumLibrary">
<msg time="2025-04-16T13:58:49.639923" level="INFO">Opening url 'https://developer.1000saudara.com/project1000s'</msg>
<arg>${URL_DEV}</arg>
<doc>Navigates the current browser window to the provided ``url``.</doc>
<status status="PASS" start="2025-04-16T13:58:49.639519" elapsed="0.074832"/>
</kw>
<status status="PASS" start="2025-04-16T13:58:47.607631" elapsed="2.107007"/>
</kw>
<kw name="User change data alamat project" owner="detailProject_MenungguPersetujuan">
<kw name="Given User go to detail Project Page" owner="detailProject_MenungguPersetujuan">
<kw name="Given User can access Home Login 1000s" owner="login">
<kw name="Then user go to home page E-Proc1000s" owner="pom_login_eProc">
<kw name="user visit E-Proc1000s Login Page" owner="pom_login_eProc">
<kw name="Get Location" owner="SeleniumLibrary">
<msg time="2025-04-16T13:58:50.609822" level="INFO">${current_url} = https://developer.1000saudara.com/project1000s</msg>
<var>${current_url}</var>
<doc>Returns the current browser window URL.</doc>
<status status="PASS" start="2025-04-16T13:58:49.731622" elapsed="0.878282"/>
</kw>
<kw name="Log" owner="BuiltIn">
<msg time="2025-04-16T13:58:50.610507" level="INFO">Current Path: https://developer.1000saudara.com/project1000s</msg>
<arg>Current Path: ${current_url}</arg>
<doc>Logs the given message with the given level.</doc>
<status status="PASS" start="2025-04-16T13:58:50.610185" elapsed="0.000412"/>
</kw>
<kw name="general return status" owner="generalFunct">
<kw name="Run Keyword And Return Status" owner="BuiltIn">
<kw name="Wait Until Element Is Visible" owner="SeleniumLibrary">
<arg>${locator}</arg>
<arg>timeout=5s</arg>
<doc>Waits until the element ``locator`` is visible.</doc>
<status status="PASS" start="2025-04-16T13:58:50.611802" elapsed="0.041364"/>
</kw>
<msg time="2025-04-16T13:58:50.653378" level="INFO">${res} = True</msg>
<var>${res}</var>
<arg>Wait Until Element Is Visible</arg>
<arg>${locator}</arg>
<arg>timeout=5s</arg>
<doc>Runs the given keyword with given arguments and returns the status as a Boolean value.</doc>
<status status="PASS" start="2025-04-16T13:58:50.611437" elapsed="0.041993"/>
</kw>
<return>
<value>${res}</value>
<status status="PASS" start="2025-04-16T13:58:50.653542" elapsed="0.000073"/>
</return>
<msg time="2025-04-16T13:58:50.653817" level="INFO">${res} = True</msg>
<var>${res}</var>
<arg>${headerLogin}</arg>
<status status="PASS" start="2025-04-16T13:58:50.610878" elapsed="0.042983"/>
</kw>
<while condition="${res} == $False">
<iter>
<kw name="Reload Page" owner="SeleniumLibrary">
<doc>Simulates user reloading page.</doc>
<status status="NOT RUN" start="2025-04-16T13:58:50.654420" elapsed="0.000048"/>
</kw>
<kw name="Sleep" owner="BuiltIn">
<arg>2s</arg>
<doc>Pauses the test executed for the given time.</doc>
<status status="NOT RUN" start="2025-04-16T13:58:50.654629" elapsed="0.000045"/>
</kw>
<kw name="general return status" owner="generalFunct">
<var>${res}</var>
<arg>${headerLogin}</arg>
<status status="NOT RUN" start="2025-04-16T13:58:50.654966" elapsed="0.000052"/>
</kw>
<status status="NOT RUN" start="2025-04-16T13:58:50.653957" elapsed="0.001129"/>
</iter>
<status status="NOT RUN" start="2025-04-16T13:58:50.653955" elapsed="0.001185"/>
</while>
<status status="PASS" start="2025-04-16T13:58:49.730392" elapsed="0.924843"/>
</kw>
<kw name="user login E-Proc1000s Page" owner="pom_login_eProc">
<kw name="general Wait Until" owner="generalFunct">
<kw name="Wait Until Element Is Visible" owner="SeleniumLibrary">
<msg time="2025-04-16T13:58:50.697343" level="INFO">Suppressing StaleElementReferenceException from Selenium.</msg>
<arg>${locator}</arg>
<arg>timeout=5s</arg>
<doc>Waits until the element ``locator`` is visible.</doc>
<status status="PASS" start="2025-04-16T13:58:50.656378" elapsed="0.266428"/>
</kw>
<kw name="Sleep" owner="BuiltIn">
<msg time="2025-04-16T13:58:55.924025" level="INFO">Slept 5 seconds.</msg>
<arg>5</arg>
<doc>Pauses the test executed for the given time.</doc>
<status status="PASS" start="2025-04-16T13:58:50.923099" elapsed="5.001289"/>
</kw>
<arg>${inputPassword}</arg>
<status status="PASS" start="2025-04-16T13:58:50.655986" elapsed="5.268807"/>
</kw>
<kw name="user input text" owner="generalFunct">
<kw name="Wait Until Element Is Visible" owner="SeleniumLibrary">
<arg>${locator}</arg>
<doc>Waits until the element ``locator`` is visible.</doc>
<status status="PASS" start="2025-04-16T13:58:55.927261" elapsed="0.054442"/>
</kw>
<kw name="Input Text" owner="SeleniumLibrary">
<msg time="2025-04-16T13:58:55.982633" level="INFO">Typing text '085210758864' into text field 'xpath=//input[@id='TxtPhone']'.</msg>
<arg>${locator}</arg>
<arg>${text}</arg>
<doc>Types the given ``text`` into the text field identified by ``locator``.</doc>
<status status="PASS" start="2025-04-16T13:58:55.982011" elapsed="0.182490"/>
</kw>
<kw name="Sleep" owner="BuiltIn">
<msg time="2025-04-16T13:59:01.165706" level="INFO">Slept 5 seconds.</msg>
<arg>5</arg>
<doc>Pauses the test executed for the given time.</doc>
<status status="PASS" start="2025-04-16T13:58:56.164787" elapsed="5.001067"/>
</kw>
<arg>${inputUsername}</arg>
<arg>${ROLE_ADMIN}</arg>
<status status="PASS" start="2025-04-16T13:58:55.925880" elapsed="5.240142"/>
</kw>
<kw name="general return status" owner="generalFunct">
<kw name="Run Keyword And Return Status" owner="BuiltIn">
<kw name="Wait Until Element Is Visible" owner="SeleniumLibrary">
<arg>${locator}</arg>
<arg>timeout=5s</arg>
<doc>Waits until the element ``locator`` is visible.</doc>
<status status="PASS" start="2025-04-16T13:59:01.167530" elapsed="0.022343"/>
</kw>
<msg time="2025-04-16T13:59:01.190089" level="INFO">${res} = True</msg>
<var>${res}</var>
<arg>Wait Until Element Is Visible</arg>
<arg>${locator}</arg>
<arg>timeout=5s</arg>
<doc>Runs the given keyword with given arguments and returns the status as a Boolean value.</doc>
<status status="PASS" start="2025-04-16T13:59:01.167072" elapsed="0.023067"/>
</kw>
<return>
<value>${res}</value>
<status status="PASS" start="2025-04-16T13:59:01.190295" elapsed="0.000312"/>
</return>
<msg time="2025-04-16T13:59:01.190859" level="INFO">${res} = True</msg>
<var>${res}</var>
<arg>${inputPassword}</arg>
<status status="PASS" start="2025-04-16T13:59:01.166332" elapsed="0.024571"/>
</kw>
<if>
<branch type="IF" condition="${res}">
<kw name="Sleep" owner="BuiltIn">
<msg time="2025-04-16T13:59:05.191956" level="INFO">Slept 4 seconds.</msg>
<arg>4</arg>
<doc>Pauses the test executed for the given time.</doc>
<status status="PASS" start="2025-04-16T13:59:01.191317" elapsed="4.000844"/>
</kw>
<kw name="user input text" owner="generalFunct">
<kw name="Wait Until Element Is Visible" owner="SeleniumLibrary">
<arg>${locator}</arg>
<doc>Waits until the element ``locator`` is visible.</doc>
<status status="PASS" start="2025-04-16T13:59:05.193569" elapsed="0.025219"/>
</kw>
<kw name="Input Text" owner="SeleniumLibrary">
<msg time="2025-04-16T13:59:05.219753" level="INFO">Typing text '085210758864' into text field 'xpath=//input[@id='TxtPhone']'.</msg>
<arg>${locator}</arg>
<arg>${text}</arg>
<doc>Types the given ``text`` into the text field identified by ``locator``.</doc>
<status status="PASS" start="2025-04-16T13:59:05.219226" elapsed="0.196503"/>
</kw>
<kw name="Sleep" owner="BuiltIn">
<msg time="2025-04-16T13:59:10.416685" level="INFO">Slept 5 seconds.</msg>
<arg>5</arg>
<doc>Pauses the test executed for the given time.</doc>
<status status="PASS" start="2025-04-16T13:59:05.416175" elapsed="5.000657"/>
</kw>
<arg>${inputUsername}</arg>
<arg>${ROLE_ADMIN}</arg>
<status status="PASS" start="2025-04-16T13:59:05.192643" elapsed="5.224347"/>
</kw>
<kw name="user input password" owner="generalFunct">
<kw name="Wait Until Element Is Visible" owner="SeleniumLibrary">
<arg>${locator}</arg>
<doc>Waits until the element ``locator`` is visible.</doc>
<status status="PASS" start="2025-04-16T13:59:10.418144" elapsed="0.021067"/>
</kw>
<kw name="Input Password" owner="SeleniumLibrary">
<msg time="2025-04-16T13:59:10.440261" level="INFO">Typing password into text field 'xpath=//input[@id='pwd']'.</msg>
<msg time="2025-04-16T13:59:10.486818" level="INFO">Temporally setting log level to: NONE</msg>
<arg>${locator}</arg>
<arg>${text}</arg>
<doc>Types the given password into the text field identified by ``locator``.</doc>
<status status="PASS" start="2025-04-16T13:59:10.439695" elapsed="0.121588"/>
</kw>
<kw name="Sleep" owner="BuiltIn">
<msg time="2025-04-16T13:59:15.562475" level="INFO">Slept 5 seconds.</msg>
<arg>5</arg>
<doc>Pauses the test executed for the given time.</doc>
<status status="PASS" start="2025-04-16T13:59:10.561605" elapsed="5.001244"/>
</kw>
<arg>${inputPassword}</arg>
<arg>${PASSWORD}</arg>
<status status="PASS" start="2025-04-16T13:59:10.417278" elapsed="5.146003"/>
</kw>
<kw name="Press Key" owner="SeleniumLibrary">
<arg>${inputPassword}</arg>
<arg>\\13</arg>
<doc>Simulates user pressing key on element identified by ``locator``.</doc>
<status status="PASS" start="2025-04-16T13:59:15.564039" elapsed="0.089356"/>
</kw>
<kw name="Sleep" owner="BuiltIn">
<msg time="2025-04-16T13:59:20.655065" level="INFO">Slept 5 seconds.</msg>
<arg>5</arg>
<doc>Pauses the test executed for the given time.</doc>
<status status="PASS" start="2025-04-16T13:59:15.653852" elapsed="5.001362"/>
</kw>
<kw name="general return status" owner="generalFunct">
<kw name="Run Keyword And Return Status" owner="BuiltIn">
<kw name="Wait Until Element Is Visible" owner="SeleniumLibrary">
<arg>${locator}</arg>
<arg>timeout=5s</arg>
<doc>Waits until the element ``locator`` is visible.</doc>
<status status="PASS" start="2025-04-16T13:59:20.656295" elapsed="0.026740"/>
</kw>
<msg time="2025-04-16T13:59:20.683248" level="INFO">${res} = True</msg>
<var>${res}</var>
<arg>Wait Until Element Is Visible</arg>
<arg>${locator}</arg>
<arg>timeout=5s</arg>
<doc>Runs the given keyword with given arguments and returns the status as a Boolean value.</doc>
<status status="PASS" start="2025-04-16T13:59:20.656038" elapsed="0.027261"/>
</kw>
<return>
<value>${res}</value>
<status status="PASS" start="2025-04-16T13:59:20.683411" elapsed="0.000075"/>
</return>
<msg time="2025-04-16T13:59:20.683700" level="INFO">${res_list} = True</msg>
<var>${res_list}</var>
<arg>${listFilter}</arg>
<status status="PASS" start="2025-04-16T13:59:20.655542" elapsed="0.028202"/>
</kw>
<while condition="${res_list} == $False">
<iter>
<kw name="Press Key" owner="SeleniumLibrary">
<arg>${inputPassword}</arg>
<arg>\\13</arg>
<doc>Simulates user pressing key on element identified by ``locator``.</doc>
<status status="NOT RUN" start="2025-04-16T13:59:20.684810" elapsed="0.000120"/>
</kw>
<kw name="Sleep" owner="BuiltIn">
<arg>5</arg>
<doc>Pauses the test executed for the given time.</doc>
<status status="NOT RUN" start="2025-04-16T13:59:20.685360" elapsed="0.000106"/>
</kw>
<kw name="general return status" owner="generalFunct">
<var>${res_err}</var>
<arg>xpath=//div[@class='mb-20px']//parent::div/label[contains(text(), 'Nomor')]</arg>
<status status="NOT RUN" start="2025-04-16T13:59:20.685895" elapsed="0.000106"/>
</kw>
<if>
<branch type="IF" condition="${res_err}">
<kw name="without filling any of them" owner="pom_login_eProc">
<arg>${inputUsername}</arg>
<arg>${ROLE_ADMIN}</arg>
<status status="NOT RUN" start="2025-04-16T13:59:20.686987" elapsed="0.000124"/>
</kw>
<status status="NOT RUN" start="2025-04-16T13:59:20.686275" elapsed="0.000969"/>
</branch>
<branch type="ELSE">
<kw name="Exit For Loop" owner="BuiltIn">
<doc>Stops executing the enclosing FOR loop.</doc>
<status status="NOT RUN" start="2025-04-16T13:59:20.687733" elapsed="0.000108"/>
</kw>
<status status="NOT RUN" start="2025-04-16T13:59:20.687370" elapsed="0.000619"/>
</branch>
<status status="NOT RUN" start="2025-04-16T13:59:20.686213" elapsed="0.001897"/>
</if>
<status status="NOT RUN" start="2025-04-16T13:59:20.683845" elapsed="0.004345"/>
</iter>
<status status="NOT RUN" start="2025-04-16T13:59:20.683843" elapsed="0.004453"/>
</while>
<kw name="Wait Until Element Is Visible" owner="SeleniumLibrary">
<arg>${listFilter}</arg>
<doc>Waits until the element ``locator`` is visible.</doc>
<status status="PASS" start="2025-04-16T13:59:20.688685" elapsed="0.026080"/>
</kw>
<status status="PASS" start="2025-04-16T13:59:01.191057" elapsed="19.523900"/>
</branch>
<branch type="ELSE">
<kw name="Exit For Loop" owner="BuiltIn">
<doc>Stops executing the enclosing FOR loop.</doc>
<status status="NOT RUN" start="2025-04-16T13:59:20.715501" elapsed="0.000099"/>
</kw>
<status status="NOT RUN" start="2025-04-16T13:59:20.715098" elapsed="0.000635"/>
</branch>
<status status="PASS" start="2025-04-16T13:59:01.191022" elapsed="19.524829"/>
</if>
<status status="PASS" start="2025-04-16T13:58:50.655621" elapsed="30.060408"/>
</kw>
<kw name="Wait Until Element Is Visible" owner="SeleniumLibrary">
<arg>${listFilter}</arg>
<doc>Waits until the element ``locator`` is visible.</doc>
<status status="PASS" start="2025-04-16T13:59:20.716452" elapsed="0.018654"/>
</kw>
<kw name="Wait Until Element Is Visible" owner="SeleniumLibrary">
<arg>${titleProject}</arg>
<doc>Waits until the element ``locator`` is visible.</doc>
<status status="PASS" start="2025-04-16T13:59:20.735512" elapsed="0.024678"/>
</kw>
<kw name="Get Text" owner="SeleniumLibrary">
<msg time="2025-04-16T13:59:20.787100" level="INFO">${title} = Manajemen Project</msg>
<var>${title}</var>
<arg>${titleProject}</arg>
<doc>Returns the text value of the element identified by ``locator``.</doc>
<status status="PASS" start="2025-04-16T13:59:20.760476" elapsed="0.026692"/>
</kw>
<kw name="Log To Console" owner="BuiltIn">
<arg>${\n}${title}</arg>
<doc>Logs the given message to the console.</doc>
<status status="PASS" start="2025-04-16T13:59:20.787420" elapsed="0.000615"/>
</kw>
<status status="PASS" start="2025-04-16T13:58:49.729317" elapsed="31.058950"/>
</kw>
<status status="PASS" start="2025-04-16T13:58:49.727088" elapsed="31.061381"/>
</kw>
<kw name="When user click Detail on Project" owner="pom_detailProject_MenungguPersetujuan">
<kw name="Get Length" owner="BuiltIn">
<msg time="2025-04-16T13:59:20.790309" level="INFO">Length is 22.</msg>
<msg time="2025-04-16T13:59:20.790523" level="INFO">${len} = 22</msg>
<var>${len}</var>
<arg>xpath=//tbody/tr/td[5]</arg>
<doc>Returns and logs the length of the given item as an integer.</doc>
<status status="PASS" start="2025-04-16T13:59:20.790028" elapsed="0.000609"/>
</kw>
<kw name="Sleep" owner="BuiltIn">
<msg time="2025-04-16T13:59:23.792131" level="INFO">Slept 3 seconds.</msg>
<arg>3</arg>
<doc>Pauses the test executed for the given time.</doc>
<status status="PASS" start="2025-04-16T13:59:20.790996" elapsed="3.001564"/>
</kw>
<for flavor="IN RANGE">
<iter>
<kw name="general return status" owner="generalFunct">
<kw name="Run Keyword And Return Status" owner="BuiltIn">
<kw name="Wait Until Element Is Visible" owner="SeleniumLibrary">
<arg>${locator}</arg>
<arg>timeout=5s</arg>
<doc>Waits until the element ``locator`` is visible.</doc>
<status status="PASS" start="2025-04-16T13:59:23.797097" elapsed="0.052797"/>
</kw>
<msg time="2025-04-16T13:59:23.850369" level="INFO">${res} = True</msg>
<var>${res}</var>
<arg>Wait Until Element Is Visible</arg>
<arg>${locator}</arg>
<arg>timeout=5s</arg>
<doc>Runs the given keyword with given arguments and returns the status as a Boolean value.</doc>
<status status="PASS" start="2025-04-16T13:59:23.796363" elapsed="0.054065"/>
</kw>
<return>
<value>${res}</value>
<status status="PASS" start="2025-04-16T13:59:23.850553" elapsed="0.000081"/>
</return>
<msg time="2025-04-16T13:59:23.850866" level="INFO">${res} = True</msg>
<var>${res}</var>
<arg>xpath=//tbody/tr/td[5]//div[contains(.,'${textStatus}')]</arg>
<status status="PASS" start="2025-04-16T13:59:23.794981" elapsed="0.055936"/>
</kw>
<if>
<branch type="IF" condition="${res}">
<kw name="check in project list" owner="pom_detailProject_MenungguPersetujuan">
<for flavor="IN RANGE">
<iter>
<kw name="general return status" owner="generalFunct">
<kw name="Run Keyword And Return Status" owner="BuiltIn">
<kw name="Wait Until Element Is Visible" owner="SeleniumLibrary">
<msg time="2025-04-16T13:59:29.133418" level="INFO" html="true">&lt;/td&gt;&lt;/tr&gt;&lt;tr&gt;&lt;td colspan="3"&gt;&lt;a href="selenium-screenshot-1571.png"&gt;&lt;img src="selenium-screenshot-1571.png" width="800px"&gt;&lt;/a&gt;</msg>
<msg time="2025-04-16T13:59:29.133732" level="FAIL">Element 'xpath=//tbody/tr[1]/td[5]//div[contains(.,'Menunggu persetujuan')]' not visible after 5 seconds.</msg>
<arg>${locator}</arg>
<arg>timeout=5s</arg>
<doc>Waits until the element ``locator`` is visible.</doc>
<status status="FAIL" start="2025-04-16T13:59:23.853409" elapsed="5.281855">Element 'xpath=//tbody/tr[1]/td[5]//div[contains(.,'Menunggu persetujuan')]' not visible after 5 seconds.</status>
</kw>
<msg time="2025-04-16T13:59:29.135490" level="INFO">${res} = False</msg>
<var>${res}</var>
<arg>Wait Until Element Is Visible</arg>
<arg>${locator}</arg>
<arg>timeout=5s</arg>
<doc>Runs the given keyword with given arguments and returns the status as a Boolean value.</doc>
<status status="PASS" start="2025-04-16T13:59:23.853126" elapsed="5.282454"/>
</kw>
<return>
<value>${res}</value>
<status status="PASS" start="2025-04-16T13:59:29.135756" elapsed="0.000090"/>
</return>
<msg time="2025-04-16T13:59:29.136185" level="INFO">${res} = False</msg>
<var>${res}</var>
<arg>xpath=//tbody/tr[${counter}]/td[5]//div[contains(.,'${textStatusProject}')]</arg>
<status status="PASS" start="2025-04-16T13:59:23.852600" elapsed="5.283635"/>
</kw>
<if>
<branch type="IF" condition="${res}">
<kw name="Get Text" owner="SeleniumLibrary">
<var>${text}</var>
<arg>xpath=//tbody/tr[${counter}]/td[1]</arg>
<doc>Returns the text value of the element identified by ``locator``.</doc>
<status status="NOT RUN" start="2025-04-16T13:59:29.136642" elapsed="0.000050"/>
</kw>
<kw name="Get Text" owner="SeleniumLibrary">
<var>${status}</var>
<arg>xpath=//tbody/tr[${counter}]/td[5]</arg>
<doc>Returns the text value of the element identified by ``locator``.</doc>
<status status="NOT RUN" start="2025-04-16T13:59:29.136874" elapsed="0.000044"/>
</kw>
<kw name="user click element" owner="generalFunct">
<arg>xpath=//tbody/tr[${counter}]/td[contains(., 'Detail')]</arg>
<status status="NOT RUN" start="2025-04-16T13:59:29.137158" elapsed="0.000053"/>
</kw>
<kw name="general Wait Until" owner="generalFunct">
<arg>xpath=//span[normalize-space()='Detail Project']</arg>
<status status="NOT RUN" start="2025-04-16T13:59:29.137401" elapsed="0.000047"/>
</kw>
<kw name="general return status" owner="generalFunct">
<var>${res_detail}</var>
<arg>xpath=//span[normalize-space()='Detail Project']</arg>
<status status="NOT RUN" start="2025-04-16T13:59:29.137630" elapsed="0.000046"/>
</kw>
<while condition="${res_detail} == $False">
<iter>
<kw name="user click element" owner="generalFunct">
<arg>xpath=//tbody/tr[${counter}]/td[contains(., 'Detail')]</arg>
<status status="NOT RUN" start="2025-04-16T13:59:29.138028" elapsed="0.000047"/>
</kw>
<kw name="general return status" owner="generalFunct">
<var>${res_detail}</var>
<arg>xpath=//span[normalize-space()='Detail Project']</arg>
<status status="NOT RUN" start="2025-04-16T13:59:29.138312" elapsed="0.000051"/>
</kw>
<status status="NOT RUN" start="2025-04-16T13:59:29.137762" elapsed="0.000668"/>
</iter>
<status status="NOT RUN" start="2025-04-16T13:59:29.137760" elapsed="0.000723"/>
</while>
<kw name="general Wait Until" owner="generalFunct">
<arg>${namaProject_onDetailPage}</arg>
<status status="NOT RUN" start="2025-04-16T13:59:29.138666" elapsed="0.000053"/>
</kw>
<kw name="Get Text" owner="SeleniumLibrary">
<var>${nameProject}</var>
<arg>${namaProject_onDetailPage}</arg>
<doc>Returns the text value of the element identified by ``locator``.</doc>
<status status="NOT RUN" start="2025-04-16T13:59:29.138894" elapsed="0.000045"/>
</kw>
<kw name="Get Text" owner="SeleniumLibrary">
<var>${status_onDetailPage}</var>
<arg>${statusProject}</arg>
<doc>Returns the text value of the element identified by ``locator``.</doc>
<status status="NOT RUN" start="2025-04-16T13:59:29.139113" elapsed="0.000043"/>
</kw>
<kw name="Log To Console" owner="BuiltIn">
<arg>Nama Project: ${nameProject}</arg>
<doc>Logs the given message to the console.</doc>
<status status="NOT RUN" start="2025-04-16T13:59:29.139337" elapsed="0.000095"/>
</kw>
<kw name="Log To Console" owner="BuiltIn">
<arg>Status Project: ${status_onDetailPage}</arg>
<doc>Logs the given message to the console.</doc>
<status status="NOT RUN" start="2025-04-16T13:59:29.139673" elapsed="0.000075"/>
</kw>
<kw name="Set Global Variable" owner="BuiltIn">
<arg>${nameProject_MenungguPersetujuan}</arg>
<arg>${nameProject}</arg>
<doc>Makes a variable available globally in all tests and suites.</doc>
<status status="NOT RUN" start="2025-04-16T13:59:29.140026" elapsed="0.000058"/>
</kw>
<kw name="Should Be Equal" owner="BuiltIn">
<arg>${nameProject}</arg>
<arg>${text}</arg>
<doc>Fails if the given objects are unequal.</doc>
<status status="NOT RUN" start="2025-04-16T13:59:29.140258" elapsed="0.000044"/>
</kw>
<kw name="Should Be Equal" owner="BuiltIn">
<arg>${status_onDetailPage}</arg>
<arg>${status}</arg>
<doc>Fails if the given objects are unequal.</doc>
<status status="NOT RUN" start="2025-04-16T13:59:29.140466" elapsed="0.000043"/>
</kw>
<kw name="Exit For Loop" owner="BuiltIn">
<doc>Stops executing the enclosing FOR loop.</doc>
<status status="NOT RUN" start="2025-04-16T13:59:29.140663" elapsed="0.000049"/>
</kw>
<status status="NOT RUN" start="2025-04-16T13:59:29.136386" elapsed="0.004386"/>
</branch>
<status status="PASS" start="2025-04-16T13:59:29.136352" elapsed="0.004535"/>
</if>
<var name="${counter}">1</var>
<status status="PASS" start="2025-04-16T13:59:23.852372" elapsed="5.288565"/>
</iter>
<iter>
<kw name="general return status" owner="generalFunct">
<kw name="Run Keyword And Return Status" owner="BuiltIn">
<kw name="Wait Until Element Is Visible" owner="SeleniumLibrary">
<msg time="2025-04-16T13:59:34.551519" level="INFO" html="true">&lt;/td&gt;&lt;/tr&gt;&lt;tr&gt;&lt;td colspan="3"&gt;&lt;a href="selenium-screenshot-1572.png"&gt;&lt;img src="selenium-screenshot-1572.png" width="800px"&gt;&lt;/a&gt;</msg>
<msg time="2025-04-16T13:59:34.551775" level="FAIL">Element 'xpath=//tbody/tr[2]/td[5]//div[contains(.,'Menunggu persetujuan')]' not visible after 5 seconds.</msg>
<arg>${locator}</arg>
<arg>timeout=5s</arg>
<doc>Waits until the element ``locator`` is visible.</doc>
[...]
<kw name="Log To Console" owner="BuiltIn">
<arg>${textBorder}: ${textBorderRight}</arg>
<doc>Logs the given message to the console.</doc>
<status status="PASS" start="2025-04-16T14:13:48.421776" elapsed="0.001015"/>
</kw>
<status status="PASS" start="2025-04-16T14:13:48.245316" elapsed="0.177690"/>
</branch>
<branch type="ELSE">
<kw name="Exit For Loop" owner="BuiltIn">
<doc>Stops executing the enclosing FOR loop.</doc>
<status status="NOT RUN" start="2025-04-16T14:13:48.423963" elapsed="0.000119"/>
</kw>
<status status="NOT RUN" start="2025-04-16T14:13:48.423522" elapsed="0.000699"/>
</branch>
<status status="PASS" start="2025-04-16T14:13:48.245267" elapsed="0.179077"/>
</if>
<var name="${counter}">2</var>
<status status="PASS" start="2025-04-16T14:13:48.197381" elapsed="0.227049"/>
</iter>
<iter>
<kw name="general return status" owner="generalFunct">
<kw name="Run Keyword And Return Status" owner="BuiltIn">
<kw name="Wait Until Element Is Visible" owner="SeleniumLibrary">
<arg>${locator}</arg>
<arg>timeout=5s</arg>
<doc>Waits until the element ``locator`` is visible.</doc>
<status status="PASS" start="2025-04-16T14:13:48.427355" elapsed="0.046325"/>
</kw>
<msg time="2025-04-16T14:13:48.474020" level="INFO">${res} = True</msg>
<var>${res}</var>
<arg>Wait Until Element Is Visible</arg>
<arg>${locator}</arg>
<arg>timeout=5s</arg>
<doc>Runs the given keyword with given arguments and returns the status as a Boolean value.</doc>
<status status="PASS" start="2025-04-16T14:13:48.426888" elapsed="0.047228"/>
</kw>
<return>
<value>${res}</value>
<status status="PASS" start="2025-04-16T14:13:48.474338" elapsed="0.000125"/>
</return>
<msg time="2025-04-16T14:13:48.474848" level="INFO">${res} = True</msg>
<var>${res}</var>
<arg>xpath=//div[@class='w-100']/div[${counter}]</arg>
<status status="PASS" start="2025-04-16T14:13:48.425944" elapsed="0.049001"/>
</kw>
<if>
<branch type="IF" condition="${res}">
<kw name="Get Text" owner="SeleniumLibrary">
<msg time="2025-04-16T14:13:48.513696" level="INFO">${text} = Finance</msg>
<var>${text}</var>
<arg>xpath=//div[@class='w-100']/div[${counter}]/div[1]/span</arg>
<doc>Returns the text value of the element identified by ``locator``.</doc>
<status status="PASS" start="2025-04-16T14:13:48.475771" elapsed="0.038040"/>
</kw>
<kw name="Get Text" owner="SeleniumLibrary">
<msg time="2025-04-16T14:13:48.551069" level="INFO">${textName} = gonsfin</msg>
<var>${textName}</var>
<arg>xpath=//div[@class='w-100']/div[${counter}]/div[2]/span[2]</arg>
<doc>Returns the text value of the element identified by ``locator``.</doc>
<status status="PASS" start="2025-04-16T14:13:48.514303" elapsed="0.036863"/>
</kw>
<kw name="Log To Console" owner="BuiltIn">
<arg>${text}: ${textName}</arg>
<doc>Logs the given message to the console.</doc>
<status status="PASS" start="2025-04-16T14:13:48.551588" elapsed="0.000762"/>
</kw>
<kw name="Get Text" owner="SeleniumLibrary">
<msg time="2025-04-16T14:13:48.594191" level="INFO">${textBorder} = Total pembelian</msg>
<var>${textBorder}</var>
<arg>xpath=//div[@class="w-100 borderRight "]/div[${counter}]/div[1]/span</arg>
<doc>Returns the text value of the element identified by ``locator``.</doc>
<status status="PASS" start="2025-04-16T14:13:48.552958" elapsed="0.041348"/>
</kw>
<kw name="Get Text" owner="SeleniumLibrary">
<msg time="2025-04-16T14:13:48.661602" level="INFO">${textBorderRight} = Rp 0</msg>
<var>${textBorderRight}</var>
<arg>xpath=//div[@class="w-100 borderRight "]/div[${counter}]/div[2]/span[2]</arg>
<doc>Returns the text value of the element identified by ``locator``.</doc>
<status status="PASS" start="2025-04-16T14:13:48.594792" elapsed="0.066922"/>
</kw>
<kw name="Log To Console" owner="BuiltIn">
<arg>${textBorder}: ${textBorderRight}</arg>
<doc>Logs the given message to the console.</doc>
<status status="PASS" start="2025-04-16T14:13:48.662195" elapsed="0.000951"/>
</kw>
<status status="PASS" start="2025-04-16T14:13:48.475215" elapsed="0.188130"/>
</branch>
<branch type="ELSE">
<kw name="Exit For Loop" owner="BuiltIn">
<doc>Stops executing the enclosing FOR loop.</doc>
<status status="NOT RUN" start="2025-04-16T14:13:48.663910" elapsed="0.000109"/>
</kw>
<status status="NOT RUN" start="2025-04-16T14:13:48.663504" elapsed="0.000656"/>
</branch>
<status status="PASS" start="2025-04-16T14:13:48.475151" elapsed="0.189138"/>
</if>
<var name="${counter}">3</var>
<status status="PASS" start="2025-04-16T14:13:48.425272" elapsed="0.239106"/>
</iter>
<iter>
<kw name="general return status" owner="generalFunct">
<kw name="Run Keyword And Return Status" owner="BuiltIn">
<kw name="Wait Until Element Is Visible" owner="SeleniumLibrary">
<msg time="2025-04-16T14:13:54.030377" level="INFO" html="true">&lt;/td&gt;&lt;/tr&gt;&lt;tr&gt;&lt;td colspan="3"&gt;&lt;a href="selenium-screenshot-1584.png"&gt;&lt;img src="selenium-screenshot-1584.png" width="800px"&gt;&lt;/a&gt;</msg>
<msg time="2025-04-16T14:13:54.030687" level="FAIL">Element 'xpath=//div[@class='w-100']/div[4]' not visible after 5 seconds.</msg>
<arg>${locator}</arg>
<arg>timeout=5s</arg>
<doc>Waits until the element ``locator`` is visible.</doc>
<status status="FAIL" start="2025-04-16T14:13:48.666786" elapsed="5.366359">Element 'xpath=//div[@class='w-100']/div[4]' not visible after 5 seconds.</status>
</kw>
<msg time="2025-04-16T14:13:54.033471" level="INFO">${res} = False</msg>
<var>${res}</var>
<arg>Wait Until Element Is Visible</arg>
<arg>${locator}</arg>
<arg>timeout=5s</arg>
<doc>Runs the given keyword with given arguments and returns the status as a Boolean value.</doc>
<status status="PASS" start="2025-04-16T14:13:48.666257" elapsed="5.367308"/>
</kw>
<return>
<value>${res}</value>
<status status="PASS" start="2025-04-16T14:13:54.033773" elapsed="0.000102"/>
</return>
<msg time="2025-04-16T14:13:54.034304" level="INFO">${res} = False</msg>
<var>${res}</var>
<arg>xpath=//div[@class='w-100']/div[${counter}]</arg>
<status status="PASS" start="2025-04-16T14:13:48.665352" elapsed="5.369034"/>
</kw>
<if>
<branch type="IF" condition="${res}">
<kw name="Get Text" owner="SeleniumLibrary">
<var>${text}</var>
<arg>xpath=//div[@class='w-100']/div[${counter}]/div[1]/span</arg>
<doc>Returns the text value of the element identified by ``locator``.</doc>
<status status="NOT RUN" start="2025-04-16T14:13:54.035412" elapsed="0.000184"/>
</kw>
<kw name="Get Text" owner="SeleniumLibrary">
<var>${textName}</var>
<arg>xpath=//div[@class='w-100']/div[${counter}]/div[2]/span[2]</arg>
<doc>Returns the text value of the element identified by ``locator``.</doc>
<status status="NOT RUN" start="2025-04-16T14:13:54.036111" elapsed="0.000175"/>
</kw>
<kw name="Log To Console" owner="BuiltIn">
<arg>${text}: ${textName}</arg>
<doc>Logs the given message to the console.</doc>
<status status="NOT RUN" start="2025-04-16T14:13:54.036710" elapsed="0.000090"/>
</kw>
<kw name="Get Text" owner="SeleniumLibrary">
<var>${textBorder}</var>
<arg>xpath=//div[@class="w-100 borderRight "]/div[${counter}]/div[1]/span</arg>
<doc>Returns the text value of the element identified by ``locator``.</doc>
<status status="NOT RUN" start="2025-04-16T14:13:54.037147" elapsed="0.000073"/>
</kw>
<kw name="Get Text" owner="SeleniumLibrary">
<var>${textBorderRight}</var>
<arg>xpath=//div[@class="w-100 borderRight "]/div[${counter}]/div[2]/span[2]</arg>
<doc>Returns the text value of the element identified by ``locator``.</doc>
<status status="NOT RUN" start="2025-04-16T14:13:54.037549" elapsed="0.000083"/>
</kw>
<kw name="Log To Console" owner="BuiltIn">
<arg>${textBorder}: ${textBorderRight}</arg>
<doc>Logs the given message to the console.</doc>
<status status="NOT RUN" start="2025-04-16T14:13:54.037971" elapsed="0.000082"/>
</kw>
<status status="NOT RUN" start="2025-04-16T14:13:54.034601" elapsed="0.003603"/>
</branch>
<branch type="ELSE">
<kw name="Exit For Loop" owner="BuiltIn">
<msg time="2025-04-16T14:13:54.038988" level="INFO">Exiting for loop altogether.</msg>
<doc>Stops executing the enclosing FOR loop.</doc>
<status status="PASS" start="2025-04-16T14:13:54.038718" elapsed="0.000446"/>
</kw>
<status status="PASS" start="2025-04-16T14:13:54.038364" elapsed="0.001007"/>
</branch>
<status status="PASS" start="2025-04-16T14:13:54.034556" elapsed="0.005042"/>
</if>
<var name="${counter}">4</var>
<status status="PASS" start="2025-04-16T14:13:48.664934" elapsed="5.374817"/>
</iter>
<var>${counter}</var>
<value>1</value>
<value>${len}</value>
<status status="PASS" start="2025-04-16T14:13:47.967003" elapsed="6.072929"/>
</for>
<status status="PASS" start="2025-04-16T14:13:47.965723" elapsed="6.074489"/>
</kw>
<arg>Menunggu persetujuan</arg>
<status status="PASS" start="2025-04-16T14:12:50.083858" elapsed="63.956560"/>
</kw>
<kw name="And user click element" owner="generalFunct">
<kw name="Sleep" owner="BuiltIn">
<msg time="2025-04-16T14:13:59.043292" level="INFO">Slept 5 seconds.</msg>
<arg>5</arg>
<doc>Pauses the test executed for the given time.</doc>
<status status="PASS" start="2025-04-16T14:13:54.041825" elapsed="5.001642"/>
</kw>
<kw name="Wait Until Element Is Visible" owner="SeleniumLibrary">
<arg>${element}</arg>
<doc>Waits until the element ``locator`` is visible.</doc>
<status status="PASS" start="2025-04-16T14:13:59.043743" elapsed="0.033352"/>
</kw>
<kw name="Click Element" owner="SeleniumLibrary">
<msg time="2025-04-16T14:13:59.077829" level="INFO">Clicking element 'xpath=//span[contains(text(),'Simpan')]/parent::span/parent::button'.</msg>
<msg time="2025-04-16T14:13:59.229698" level="INFO">${clickElement} = None</msg>
<var>${clickElement}</var>
<arg>${element}</arg>
<doc>Click the element identified by ``locator``.</doc>
<status status="PASS" start="2025-04-16T14:13:59.077456" elapsed="0.152451"/>
</kw>
<return>
<value>${clickElement}</value>
<status status="PASS" start="2025-04-16T14:13:59.230231" elapsed="0.000129"/>
</return>
<arg>${buttonSimpan}</arg>
<status status="PASS" start="2025-04-16T14:13:54.040945" elapsed="5.190128"/>
</kw>
<kw name="Then show pop up dialog" owner="generalFunct">
<kw name="Wait Until Element Is Visible" owner="SeleniumLibrary">
<arg>${locator}</arg>
<arg>timeout=5s</arg>
<doc>Waits until the element ``locator`` is visible.</doc>
<status status="PASS" start="2025-04-16T14:13:59.232883" elapsed="0.092936"/>
</kw>
<kw name="Get Text" owner="SeleniumLibrary">
<msg time="2025-04-16T14:13:59.395353" level="INFO">${textDesc} = Apakah Anda yakin untuk merubah informasi project ini?</msg>
<var>${textDesc}</var>
<arg>xpath=//div[@class='text-center']/p[2]</arg>
<doc>Returns the text value of the element identified by ``locator``.</doc>
<status status="PASS" start="2025-04-16T14:13:59.326104" elapsed="0.069361"/>
</kw>
<kw name="user input text" owner="generalFunct">
<kw name="Wait Until Element Is Visible" owner="SeleniumLibrary">
<arg>${locator}</arg>
<doc>Waits until the element ``locator`` is visible.</doc>
<status status="PASS" start="2025-04-16T14:13:59.396942" elapsed="0.045208"/>
</kw>
<kw name="Input Text" owner="SeleniumLibrary">
<msg time="2025-04-16T14:13:59.443242" level="INFO">Typing text 'Ubah Data' into text field 'xpath=//div[@class='text-center']/textarea'.</msg>
<arg>${locator}</arg>
<arg>${text}</arg>
<doc>Types the given ``text`` into the text field identified by ``locator``.</doc>
<status status="PASS" start="2025-04-16T14:13:59.442617" elapsed="0.134060"/>
</kw>
<kw name="Sleep" owner="BuiltIn">
<msg time="2025-04-16T14:14:04.578368" level="INFO">Slept 5 seconds.</msg>
<arg>5</arg>
<doc>Pauses the test executed for the given time.</doc>
<status status="PASS" start="2025-04-16T14:13:59.577167" elapsed="5.001359"/>
</kw>
<arg>xpath=//div[@class='text-center']/textarea</arg>
<arg>Ubah Data</arg>
<status status="PASS" start="2025-04-16T14:13:59.396006" elapsed="5.182698"/>
</kw>
<kw name="Log To Console" owner="BuiltIn">
<arg>Desc: ${textDesc}</arg>
<doc>Logs the given message to the console.</doc>
<status status="PASS" start="2025-04-16T14:14:04.578947" elapsed="0.000611"/>
</kw>
<arg>${ubahProject_MenungguPersetujuan}</arg>
<status status="PASS" start="2025-04-16T14:13:59.231852" elapsed="5.347932"/>
</kw>
<kw name="And button accept on dialog form ubah" owner="generalFunct">
<kw name="general Wait Until" owner="generalFunct">
<kw name="Wait Until Element Is Visible" owner="SeleniumLibrary">
<arg>${locator}</arg>
<arg>timeout=5s</arg>
<doc>Waits until the element ``locator`` is visible.</doc>
<status status="PASS" start="2025-04-16T14:14:04.581665" elapsed="0.040582"/>
</kw>
<kw name="Sleep" owner="BuiltIn">
<msg time="2025-04-16T14:14:09.624151" level="INFO">Slept 5 seconds.</msg>
<arg>5</arg>
<doc>Pauses the test executed for the given time.</doc>
<status status="PASS" start="2025-04-16T14:14:04.622778" elapsed="5.001525"/>
</kw>
<arg>xpath=//div[@class='d-flex']/button[contains(.,'${textPopUP}')]</arg>
<status status="PASS" start="2025-04-16T14:14:04.581178" elapsed="5.043276"/>
</kw>
<kw name="user click element" owner="generalFunct">
<kw name="Sleep" owner="BuiltIn">
<msg time="2025-04-16T14:14:14.627011" level="INFO">Slept 5 seconds.</msg>
<arg>5</arg>
<doc>Pauses the test executed for the given time.</doc>
<status status="PASS" start="2025-04-16T14:14:09.625648" elapsed="5.001532"/>
</kw>
<kw name="Wait Until Element Is Visible" owner="SeleniumLibrary">
<arg>${element}</arg>
<doc>Waits until the element ``locator`` is visible.</doc>
<status status="PASS" start="2025-04-16T14:14:14.627458" elapsed="0.024409"/>
</kw>
<kw name="Click Element" owner="SeleniumLibrary">
<msg time="2025-04-16T14:14:14.652444" level="INFO">Clicking element 'xpath=//div[@class='d-flex']/button[contains(.,'Simpan')]'.</msg>
<msg time="2025-04-16T14:14:14.763452" level="INFO">${clickElement} = None</msg>
<var>${clickElement}</var>
<arg>${element}</arg>
<doc>Click the element identified by ``locator``.</doc>
<status status="PASS" start="2025-04-16T14:14:14.652147" elapsed="0.111431"/>
</kw>
<return>
<value>${clickElement}</value>
<status status="PASS" start="2025-04-16T14:14:14.763918" elapsed="0.000127"/>
</return>
<arg>xpath=//div[@class='d-flex']/button[contains(.,'${textPopUP}')]</arg>
<status status="PASS" start="2025-04-16T14:14:09.624802" elapsed="5.139621"/>
</kw>
<arg>Simpan</arg>
<status status="PASS" start="2025-04-16T14:14:04.580435" elapsed="10.184224"/>
</kw>
<kw name="And show message error project" owner="generalFunct">
<kw name="general return status" owner="generalFunct">
<kw name="Run Keyword And Return Status" owner="BuiltIn">
<kw name="Wait Until Element Is Visible" owner="SeleniumLibrary">
<msg time="2025-04-16T14:14:20.175045" level="INFO" html="true">&lt;/td&gt;&lt;/tr&gt;&lt;tr&gt;&lt;td colspan="3"&gt;&lt;a href="selenium-screenshot-1585.png"&gt;&lt;img src="selenium-screenshot-1585.png" width="800px"&gt;&lt;/a&gt;</msg>
<msg time="2025-04-16T14:14:20.175352" level="FAIL">Element 'xpath=//label[contains(.,'Wajib')]' not visible after 5 seconds.</msg>
<arg>${locator}</arg>
<arg>timeout=5s</arg>
<doc>Waits until the element ``locator`` is visible.</doc>
<status status="FAIL" start="2025-04-16T14:14:14.768916" elapsed="5.409360">Element 'xpath=//label[contains(.,'Wajib')]' not visible after 5 seconds.</status>
</kw>
<msg time="2025-04-16T14:14:20.178637" level="INFO">${res} = False</msg>
<var>${res}</var>
<arg>Wait Until Element Is Visible</arg>
<arg>${locator}</arg>
<arg>timeout=5s</arg>
<doc>Runs the given keyword with given arguments and returns the status as a Boolean value.</doc>
<status status="PASS" start="2025-04-16T14:14:14.768311" elapsed="5.410411"/>
</kw>
<return>
<value>${res}</value>
<status status="PASS" start="2025-04-16T14:14:20.178911" elapsed="0.000095"/>
</return>
<msg time="2025-04-16T14:14:20.179346" level="INFO">${label} = False</msg>
<var>${label}</var>
<arg>${errMessageFormProject}</arg>
<status status="PASS" start="2025-04-16T14:14:14.767344" elapsed="5.412079"/>
</kw>
<if>
<branch type="IF" condition="${label}">
<kw name="general Wait Until" owner="generalFunct">
<arg>${errMessageFormProject}</arg>
<status status="NOT RUN" start="2025-04-16T14:14:20.180072" elapsed="0.000087"/>
</kw>
<kw name="Get Text" owner="SeleniumLibrary">
<var>${err}</var>
<arg>${errMessageFormProject}</arg>
<doc>Returns the text value of the element identified by ``locator``.</doc>
<status status="NOT RUN" start="2025-04-16T14:14:20.180472" elapsed="0.000074"/>
</kw>
<kw name="Log To Console" owner="BuiltIn">
<arg>${\n}Error State: ${err}</arg>
<doc>Logs the given message to the console.</doc>
<status status="NOT RUN" start="2025-04-16T14:14:20.181209" elapsed="0.000126"/>
</kw>
<kw name="Scroll Element Into View" owner="SeleniumLibrary">
<arg>${errMessageFormProject}</arg>
<doc>Scrolls the element identified by ``locator`` into view.</doc>
<status status="NOT RUN" start="2025-04-16T14:14:20.182253" elapsed="0.000154"/>
</kw>
<status status="NOT RUN" start="2025-04-16T14:14:20.179661" elapsed="0.002910"/>
</branch>
<branch type="ELSE">
<kw name="general Wait Until" owner="generalFunct">
<kw name="Wait Until Element Is Visible" owner="SeleniumLibrary">
<arg>${locator}</arg>
<arg>timeout=5s</arg>
<doc>Waits until the element ``locator`` is visible.</doc>
<status status="PASS" start="2025-04-16T14:14:20.183969" elapsed="0.035667"/>
</kw>
<kw name="Sleep" owner="BuiltIn">
<msg time="2025-04-16T14:14:25.220553" level="INFO">Slept 5 seconds.</msg>
<arg>5</arg>
<doc>Pauses the test executed for the given time.</doc>
<status status="PASS" start="2025-04-16T14:14:20.220108" elapsed="5.000593"/>
</kw>
<arg>${errLabel_formProject}</arg>
<status status="PASS" start="2025-04-16T14:14:20.183134" elapsed="5.037723"/>
</kw>
<kw name="Get Text" owner="SeleniumLibrary">
<msg time="2025-04-16T14:14:25.251121" level="INFO">${err} = Nama Project sudah digunakan</msg>
<var>${err}</var>
<arg>${errLabel_formProject}</arg>
<doc>Returns the text value of the element identified by ``locator``.</doc>
<status status="PASS" start="2025-04-16T14:14:25.221283" elapsed="0.029955"/>
</kw>
<kw name="Log To Console" owner="BuiltIn">
<arg>${\n}Error State: ${err}</arg>
<doc>Logs the given message to the console.</doc>
<status status="PASS" start="2025-04-16T14:14:25.251748" elapsed="0.002434"/>
</kw>
<status status="PASS" start="2025-04-16T14:14:20.182712" elapsed="5.071682"/>
</branch>
<status status="PASS" start="2025-04-16T14:14:20.179609" elapsed="5.074928"/>
</if>
<status status="PASS" start="2025-04-16T14:14:14.766461" elapsed="10.488262"/>
</kw>
<status status="PASS" start="2025-04-16T14:12:19.736408" elapsed="125.518507"/>
</kw>
<kw name="End Web Test" owner="web_eProc" type="TEARDOWN">
<kw name="Log" owner="BuiltIn">
<msg time="2025-04-16T14:14:25.257184" level="INFO">Suite teardown initiated</msg>
<arg>Suite teardown initiated</arg>
<doc>Logs the given message with the given level.</doc>
<status status="PASS" start="2025-04-16T14:14:25.256816" elapsed="0.000483"/>
</kw>
<kw name="Close Browser" owner="SeleniumLibrary">
<doc>Closes the current browser.</doc>
<status status="PASS" start="2025-04-16T14:14:25.257575" elapsed="2.545784"/>
</kw>
<doc>Closes the browser after all tests in the suite have run</doc>
<status status="PASS" start="2025-04-16T14:14:25.255850" elapsed="2.547690"/>
</kw>
<doc>This scenario test User can change data name project with name has been used</doc>
<tag>1000s</tag>
<tag>detail_project</tag>
<tag>test</tag>
<status status="PASS" start="2025-04-16T14:12:16.336512" elapsed="131.467365"/>
</test>
<status status="FAIL" start="2025-04-16T13:57:23.533497" elapsed="1024.272419"/>
</suite>
<statistics>
<total>
<stat pass="5" fail="1" skip="0">All Tests</stat>
</total>
<tag>
<stat pass="5" fail="1" skip="0">1000s</stat>
<stat pass="5" fail="1" skip="0">detail_project</stat>
<stat pass="5" fail="1" skip="0">test</stat>
</tag>
<suite>
<stat name="test detailProject MenungguPersetujuan" id="s1" pass="5" fail="1" skip="0">test detailProject MenungguPersetujuan</stat>
</suite>
</statistics>
<errors>
</errors>
</robot>
