<?xml version="1.0" encoding="UTF-8"?>
<robot generator="Robot 7.2.2 (Python 3.13.2 on win32)" generated="2025-05-02T15:22:31.197728" rpa="false" schemaversion="5">
<suite id="s1" name="test createProject" source="c:\Users\1000Saudara45\Documents\Automation\eProc_Web\testSuite\Tim_OP\test_createProject.robot">
<test id="s1-t1" name="Tim OP can create Project" line="10">
<kw name="Begin Web Test" owner="web_eProc" type="SETUP">
<kw name="Open Browser" owner="SeleniumLibrary">
<msg time="2025-05-02T15:22:34.907322" level="INFO">Opening browser 'chrome' to base url 'about:blank'.</msg>
<arg>about:blank</arg>
<arg>${BROWSER}</arg>
<doc>Opens a new browser instance to the optional ``url``.</doc>
<status status="PASS" start="2025-05-02T15:22:34.897916" elapsed="2.341159"/>
</kw>
<kw name="Maximize Browser Window" owner="SeleniumLibrary">
<doc>Maximizes current browser window.</doc>
<status status="PASS" start="2025-05-02T15:22:37.243393" elapsed="0.052709"/>
</kw>
<kw name="Go To" owner="SeleniumLibrary">
<msg time="2025-05-02T15:22:37.308687" level="INFO">Opening url 'https://developer.1000saudara.com/project1000s'</msg>
<arg>${URL_DEV}</arg>
<doc>Navigates the current browser window to the provided ``url``.</doc>
<status status="PASS" start="2025-05-02T15:22:37.298859" elapsed="1.423516"/>
</kw>
<status status="PASS" start="2025-05-02T15:22:34.880792" elapsed="3.842523"/>
</kw>
<kw name="User click Buat Project" owner="createProject">
<kw name="Given User can access Home Login 1000s" owner="login">
<kw name="Then user go to home page E-Proc1000s" owner="pom_login_eProc">
<kw name="user visit E-Proc1000s Login Page" owner="pom_login_eProc">
<kw name="Get Location" owner="SeleniumLibrary">
<msg time="2025-05-02T15:23:01.408300" level="INFO">${current_url} = https://developer.1000saudara.com/project1000s</msg>
<var>${current_url}</var>
<doc>Returns the current browser window URL.</doc>
<status status="PASS" start="2025-05-02T15:23:01.390716" elapsed="0.019150"/>
</kw>
<kw name="Log" owner="BuiltIn">
<msg time="2025-05-02T15:23:01.416430" level="INFO">Current Path: https://developer.1000saudara.com/project1000s</msg>
<arg>Current Path: ${current_url}</arg>
<doc>Logs the given message with the given level.</doc>
<status status="PASS" start="2025-05-02T15:23:01.412531" elapsed="0.004901"/>
</kw>
<kw name="general return status" owner="generalFunct">
<kw name="Run Keyword And Return Status" owner="BuiltIn">
<kw name="Wait Until Element Is Visible" owner="SeleniumLibrary">
<arg>${locator}</arg>
<arg>timeout=5s</arg>
<doc>Waits until the element ``locator`` is visible.</doc>
<status status="PASS" start="2025-05-02T15:23:01.425563" elapsed="0.054966"/>
</kw>
<msg time="2025-05-02T15:23:01.482712" level="INFO">${res} = True</msg>
<var>${res}</var>
<arg>Wait Until Element Is Visible</arg>
<arg>${locator}</arg>
<arg>timeout=5s</arg>
<doc>Runs the given keyword with given arguments and returns the status as a Boolean value.</doc>
<status status="PASS" start="2025-05-02T15:23:01.421811" elapsed="0.062097"/>
</kw>
<return>
<value>${res}</value>
<status status="PASS" start="2025-05-02T15:23:01.485739" elapsed="0.001741"/>
</return>
<msg time="2025-05-02T15:23:01.490766" level="INFO">${res} = True</msg>
<var>${res}</var>
<arg>${headerLogin}</arg>
<status status="PASS" start="2025-05-02T15:23:01.418825" elapsed="0.073198"/>
</kw>
<while condition="${res} == $False">
<iter>
<kw name="Reload Page" owner="SeleniumLibrary">
<doc>Simulates user reloading page.</doc>
<status status="NOT RUN" start="2025-05-02T15:23:01.501380" elapsed="0.002891"/>
</kw>
<kw name="Sleep" owner="BuiltIn">
<arg>2s</arg>
<doc>Pauses the test executed for the given time.</doc>
<status status="NOT RUN" start="2025-05-02T15:23:01.508492" elapsed="0.001959"/>
</kw>
<kw name="general return status" owner="generalFunct">
<var>${res}</var>
<arg>${headerLogin}</arg>
<status status="NOT RUN" start="2025-05-02T15:23:01.514446" elapsed="0.001754"/>
</kw>
<status status="NOT RUN" start="2025-05-02T15:23:01.493967" elapsed="0.023841"/>
</iter>
<status status="NOT RUN" start="2025-05-02T15:23:01.493945" elapsed="0.025041"/>
</while>
<status status="PASS" start="2025-05-02T15:23:01.384003" elapsed="0.136729"/>
</kw>
<kw name="user login E-Proc1000s Page" owner="pom_login_eProc">
<kw name="general Wait Until" owner="generalFunct">
<kw name="Wait Until Element Is Visible" owner="SeleniumLibrary">
<arg>${locator}</arg>
<arg>timeout=5s</arg>
<doc>Waits until the element ``locator`` is visible.</doc>
<status status="PASS" start="2025-05-02T15:23:01.531937" elapsed="0.046017"/>
</kw>
<kw name="Sleep" owner="BuiltIn">
<msg time="2025-05-02T15:23:04.582711" level="INFO">Slept 3 seconds.</msg>
<arg>3</arg>
<doc>Pauses the test executed for the given time.</doc>
<status status="PASS" start="2025-05-02T15:23:01.581013" elapsed="3.005464"/>
</kw>
<arg>${inputPassword}</arg>
<status status="PASS" start="2025-05-02T15:23:01.527282" elapsed="3.062627"/>
</kw>
<kw name="user input text" owner="generalFunct">
<kw name="Wait Until Element Is Visible" owner="SeleniumLibrary">
<arg>${locator}</arg>
<doc>Waits until the element ``locator`` is visible.</doc>
<status status="PASS" start="2025-05-02T15:23:04.609027" elapsed="0.040540"/>
</kw>
<kw name="Input Text" owner="SeleniumLibrary">
<msg time="2025-05-02T15:23:04.652674" level="INFO">Typing text '085210758864' into text field 'xpath=//input[@id='TxtPhone']'.</msg>
<arg>${locator}</arg>
<arg>${text}</arg>
<doc>Types the given ``text`` into the text field identified by ``locator``.</doc>
<status status="PASS" start="2025-05-02T15:23:04.650823" elapsed="0.191274"/>
</kw>
<kw name="Sleep" owner="BuiltIn">
<msg time="2025-05-02T15:23:09.848813" level="INFO">Slept 5 seconds.</msg>
<arg>5</arg>
<doc>Pauses the test executed for the given time.</doc>
<status status="PASS" start="2025-05-02T15:23:04.843690" elapsed="5.007687"/>
</kw>
<arg>${inputUsername}</arg>
<arg>${ROLE_ADMIN}</arg>
<status status="PASS" start="2025-05-02T15:23:04.595830" elapsed="5.257676"/>
</kw>
<kw name="general return status" owner="generalFunct">
<kw name="Run Keyword And Return Status" owner="BuiltIn">
<kw name="Wait Until Element Is Visible" owner="SeleniumLibrary">
<arg>${locator}</arg>
<arg>timeout=5s</arg>
<doc>Waits until the element ``locator`` is visible.</doc>
<status status="PASS" start="2025-05-02T15:23:09.880893" elapsed="0.051545"/>
</kw>
<msg time="2025-05-02T15:23:09.933447" level="INFO">${res} = True</msg>
<var>${res}</var>
<arg>Wait Until Element Is Visible</arg>
<arg>${locator}</arg>
<arg>timeout=5s</arg>
<doc>Runs the given keyword with given arguments and returns the status as a Boolean value.</doc>
<status status="PASS" start="2025-05-02T15:23:09.869638" elapsed="0.064307"/>
</kw>
<return>
<value>${res}</value>
<status status="PASS" start="2025-05-02T15:23:09.934661" elapsed="0.000585"/>
</return>
<msg time="2025-05-02T15:23:09.936366" level="INFO">${res} = True</msg>
<var>${res}</var>
<arg>${inputPassword}</arg>
<status status="PASS" start="2025-05-02T15:23:09.858934" elapsed="0.077965"/>
</kw>
<if>
<branch type="IF" condition="${res}">
<kw name="Sleep" owner="BuiltIn">
<msg time="2025-05-02T15:23:13.941446" level="INFO">Slept 4 seconds.</msg>
<arg>4</arg>
<doc>Pauses the test executed for the given time.</doc>
<status status="PASS" start="2025-05-02T15:23:09.939249" elapsed="4.007314"/>
</kw>
<kw name="user input text" owner="generalFunct">
<kw name="Wait Until Element Is Visible" owner="SeleniumLibrary">
<arg>${locator}</arg>
<doc>Waits until the element ``locator`` is visible.</doc>
<status status="PASS" start="2025-05-02T15:23:13.962678" elapsed="0.040105"/>
</kw>
<kw name="Input Text" owner="SeleniumLibrary">
<msg time="2025-05-02T15:23:14.006230" level="INFO">Typing text '085210758864' into text field 'xpath=//input[@id='TxtPhone']'.</msg>
<arg>${locator}</arg>
<arg>${text}</arg>
<doc>Types the given ``text`` into the text field identified by ``locator``.</doc>
<status status="PASS" start="2025-05-02T15:23:14.004541" elapsed="0.148937"/>
</kw>
<kw name="Sleep" owner="BuiltIn">
<msg time="2025-05-02T15:23:19.159916" level="INFO">Slept 5 seconds.</msg>
<arg>5</arg>
<doc>Pauses the test executed for the given time.</doc>
<status status="PASS" start="2025-05-02T15:23:14.156950" elapsed="5.004555"/>
</kw>
<arg>${inputUsername}</arg>
<arg>${ROLE_ADMIN}</arg>
<status status="PASS" start="2025-05-02T15:23:13.950960" elapsed="5.212409"/>
</kw>
<kw name="user input password" owner="generalFunct">
<kw name="Wait Until Element Is Visible" owner="SeleniumLibrary">
<arg>${locator}</arg>
<doc>Waits until the element ``locator`` is visible.</doc>
<status status="PASS" start="2025-05-02T15:23:19.168280" elapsed="0.038559"/>
</kw>
<kw name="Input Password" owner="SeleniumLibrary">
<msg time="2025-05-02T15:23:19.211295" level="INFO">Typing password into text field 'xpath=//input[@id='pwd']'.</msg>
<msg time="2025-05-02T15:23:19.257723" level="INFO">Temporally setting log level to: NONE</msg>
<arg>${locator}</arg>
<arg>${text}</arg>
<doc>Types the given password into the text field identified by ``locator``.</doc>
<status status="PASS" start="2025-05-02T15:23:19.208002" elapsed="0.131766"/>
</kw>
<kw name="Sleep" owner="BuiltIn">
<msg time="2025-05-02T15:23:24.348446" level="INFO">Slept 5 seconds.</msg>
<arg>5</arg>
<doc>Pauses the test executed for the given time.</doc>
<status status="PASS" start="2025-05-02T15:23:19.343458" elapsed="5.007545"/>
</kw>
<arg>${inputPassword}</arg>
<arg>${PASSWORD}</arg>
<status status="PASS" start="2025-05-02T15:23:19.165408" elapsed="5.188015"/>
</kw>
<kw name="Press Key" owner="SeleniumLibrary">
<arg>${inputPassword}</arg>
<arg>\\13</arg>
<doc>Simulates user pressing key on element identified by ``locator``.</doc>
<status status="PASS" start="2025-05-02T15:23:24.356759" elapsed="0.075571"/>
</kw>
<kw name="Sleep" owner="BuiltIn">
<msg time="2025-05-02T15:23:29.436626" level="INFO">Slept 5 seconds.</msg>
<arg>5</arg>
<doc>Pauses the test executed for the given time.</doc>
<status status="PASS" start="2025-05-02T15:23:24.434046" elapsed="5.006069"/>
</kw>
<kw name="general return status" owner="generalFunct">
<kw name="Run Keyword And Return Status" owner="BuiltIn">
<kw name="Wait Until Element Is Visible" owner="SeleniumLibrary">
<arg>${locator}</arg>
<arg>timeout=5s</arg>
<doc>Waits until the element ``locator`` is visible.</doc>
<status status="PASS" start="2025-05-02T15:23:29.466735" elapsed="0.050070"/>
</kw>
<msg time="2025-05-02T15:23:29.517758" level="INFO">${res} = True</msg>
<var>${res}</var>
<arg>Wait Until Element Is Visible</arg>
<arg>${locator}</arg>
<arg>timeout=5s</arg>
<doc>Runs the given keyword with given arguments and returns the status as a Boolean value.</doc>
<status status="PASS" start="2025-05-02T15:23:29.460736" elapsed="0.057487"/>
</kw>
<return>
<value>${res}</value>
<status status="PASS" start="2025-05-02T15:23:29.518863" elapsed="0.000563"/>
</return>
<msg time="2025-05-02T15:23:29.520495" level="INFO">${res_list} = True</msg>
<var>${res_list}</var>
<arg>${listFilter}</arg>
<status status="PASS" start="2025-05-02T15:23:29.452783" elapsed="0.068308"/>
</kw>
<while condition="${res_list} == $False">
<iter>
<kw name="Press Key" owner="SeleniumLibrary">
<arg>${inputPassword}</arg>
<arg>\\13</arg>
<doc>Simulates user pressing key on element identified by ``locator``.</doc>
<status status="NOT RUN" start="2025-05-02T15:23:29.524370" elapsed="0.000688"/>
</kw>
<kw name="Sleep" owner="BuiltIn">
<arg>5</arg>
<doc>Pauses the test executed for the given time.</doc>
<status status="NOT RUN" start="2025-05-02T15:23:29.526665" elapsed="0.001111"/>
</kw>
<kw name="general return status" owner="generalFunct">
<var>${res_err}</var>
<arg>xpath=//div[@class='mb-20px']//parent::div/label[contains(text(), 'Nomor')]</arg>
<status status="NOT RUN" start="2025-05-02T15:23:29.529216" elapsed="0.000896"/>
</kw>
<if>
<branch type="IF" condition="${res_err}">
<kw name="without filling any of them" owner="pom_login_eProc">
<arg>${inputUsername}</arg>
<arg>${ROLE_ADMIN}</arg>
<status status="NOT RUN" start="2025-05-02T15:23:29.532866" elapsed="0.000749"/>
</kw>
<status status="NOT RUN" start="2025-05-02T15:23:29.531092" elapsed="0.003101"/>
</branch>
<branch type="ELSE">
<kw name="Exit For Loop" owner="BuiltIn">
<doc>Stops executing the enclosing FOR loop.</doc>
<status status="NOT RUN" start="2025-05-02T15:23:29.535936" elapsed="0.000729"/>
</kw>
<status status="NOT RUN" start="2025-05-02T15:23:29.534777" elapsed="0.002478"/>
</branch>
<status status="NOT RUN" start="2025-05-02T15:23:29.530955" elapsed="0.006950"/>
</if>
<status status="NOT RUN" start="2025-05-02T15:23:29.521718" elapsed="0.017109"/>
</iter>
<status status="NOT RUN" start="2025-05-02T15:23:29.521710" elapsed="0.017577"/>
</while>
<kw name="Wait Until Element Is Visible" owner="SeleniumLibrary">
<arg>${listFilter}</arg>
<doc>Waits until the element ``locator`` is visible.</doc>
<status status="PASS" start="2025-05-02T15:23:29.540434" elapsed="0.036227"/>
</kw>
<status status="PASS" start="2025-05-02T15:23:09.937825" elapsed="19.639480"/>
</branch>
<branch type="ELSE">
<kw name="Exit For Loop" owner="BuiltIn">
<doc>Stops executing the enclosing FOR loop.</doc>
<status status="NOT RUN" start="2025-05-02T15:23:29.578810" elapsed="0.000511"/>
</kw>
<status status="NOT RUN" start="2025-05-02T15:23:29.577785" elapsed="0.002179"/>
</branch>
<status status="PASS" start="2025-05-02T15:23:09.937625" elapsed="19.642789"/>
</if>
<status status="PASS" start="2025-05-02T15:23:01.525190" elapsed="28.055619"/>
</kw>
<kw name="Wait Until Element Is Visible" owner="SeleniumLibrary">
<arg>${listFilter}</arg>
<doc>Waits until the element ``locator`` is visible.</doc>
<status status="PASS" start="2025-05-02T15:23:29.581792" elapsed="0.027173"/>
</kw>
<kw name="Wait Until Element Is Visible" owner="SeleniumLibrary">
<arg>${titleProject}</arg>
<doc>Waits until the element ``locator`` is visible.</doc>
<status status="PASS" start="2025-05-02T15:23:29.610249" elapsed="0.029869"/>
</kw>
<kw name="Get Text" owner="SeleniumLibrary">
<msg time="2025-05-02T15:23:29.675056" level="INFO">${title} = Manajemen Project</msg>
<var>${title}</var>
<arg>${titleProject}</arg>
<doc>Returns the text value of the element identified by ``locator``.</doc>
<status status="PASS" start="2025-05-02T15:23:29.641576" elapsed="0.034159"/>
</kw>
<kw name="Log To Console" owner="BuiltIn">
<arg>${\n}${title}</arg>
<doc>Logs the given message to the console.</doc>
<status status="PASS" start="2025-05-02T15:23:29.677206" elapsed="0.002531"/>
</kw>
<status status="PASS" start="2025-05-02T15:23:01.375651" elapsed="28.305513"/>
</kw>
<status status="PASS" start="2025-05-02T15:23:01.368764" elapsed="28.313796"/>
</kw>
<kw name="When user click element" owner="generalFunct">
<kw name="Sleep" owner="BuiltIn">
<msg time="2025-05-02T15:23:32.688664" level="INFO">Slept 3 seconds.</msg>
<arg>3</arg>
<doc>Pauses the test executed for the given time.</doc>
<status status="PASS" start="2025-05-02T15:23:29.686719" elapsed="3.004537"/>
</kw>
<kw name="Wait Until Element Is Visible" owner="SeleniumLibrary">
<arg>${element}</arg>
<doc>Waits until the element ``locator`` is visible.</doc>
<status status="PASS" start="2025-05-02T15:23:32.694426" elapsed="0.060892"/>
</kw>
<kw name="Click Element" owner="SeleniumLibrary">
<msg time="2025-05-02T15:23:32.760117" level="INFO">Clicking element 'xpath=//span[contains(text(), 'Buat Project')]//ancestor::button'.</msg>
<msg time="2025-05-02T15:23:32.882381" level="INFO">${clickElement} = None</msg>
<var>${clickElement}</var>
<arg>${element}</arg>
<doc>Click the element identified by ``locator``.</doc>
<status status="PASS" start="2025-05-02T15:23:32.757374" elapsed="0.126604"/>
</kw>
<return>
<value>${clickElement}</value>
<status status="PASS" start="2025-05-02T15:23:32.885650" elapsed="0.001170"/>
</return>
<arg>${buttonBuatProject}</arg>
<status status="PASS" start="2025-05-02T15:23:29.684502" elapsed="3.204628"/>
</kw>
<kw name="And user input nama project" owner="pom_createProject">
<kw name="Generate Random Comp" owner="generalFunct">
<kw name="Evaluate" owner="BuiltIn">
<msg time="2025-05-02T15:23:32.911070" level="INFO">${name_part1} = HJNAL</msg>
<var>${name_part1}</var>
<arg>''.join(chr(random.randint(65, 90)) for _ in range(5))</arg>
<arg>modules=random</arg>
<doc>Evaluates the given expression in Python and returns the result.</doc>
<status status="PASS" start="2025-05-02T15:23:32.905537" elapsed="0.006973"/>
</kw>
<kw name="Evaluate" owner="BuiltIn">
<msg time="2025-05-02T15:23:32.921030" level="INFO">${name_part2} = UAN Corp</msg>
<var>${name_part2}</var>
<arg>''.join(chr(random.randint(65, 90)) for _ in range(3)) + ' Corp'</arg>
<arg>modules=random</arg>
<doc>Evaluates the given expression in Python and returns the result.</doc>
<status status="PASS" start="2025-05-02T15:23:32.915170" elapsed="0.007021"/>
</kw>
<kw name="Set Variable" owner="BuiltIn">
<msg time="2025-05-02T15:23:32.929487" level="INFO">${company_name} = HJNAL UAN Corp</msg>
<var>${company_name}</var>
<arg>${name_part1} ${name_part2}</arg>
<doc>Returns the given values which can then be assigned to a variables.</doc>
<status status="PASS" start="2025-05-02T15:23:32.924851" elapsed="0.006306"/>
</kw>
<kw name="Log" owner="BuiltIn">
<msg time="2025-05-02T15:23:32.933840" level="INFO">Random Company Name: HJNAL UAN Corp</msg>
<arg>Random Company Name: ${company_name}</arg>
<doc>Logs the given message with the given level.</doc>
<status status="PASS" start="2025-05-02T15:23:32.932415" elapsed="0.002277"/>
</kw>
<kw name="Set Global Variable" owner="BuiltIn">
<msg time="2025-05-02T15:23:32.937880" level="INFO">${company_name} = HJNAL UAN Corp</msg>
<arg>${company_name}</arg>
<arg>${company_name}</arg>
<doc>Makes a variable available globally in all tests and suites.</doc>
<status status="PASS" start="2025-05-02T15:23:32.935781" elapsed="0.002842"/>
</kw>
<kw name="Random angka" owner="generalFunct">
<kw name="Evaluate" owner="BuiltIn">
<msg time="2025-05-02T15:23:32.949129" level="INFO">${angka_acak} = 1152992</msg>
<var>${angka_acak}</var>
<arg>random.randint(1000000, 5000000)</arg>
<arg>modules=random</arg>
<doc>Evaluates the given expression in Python and returns the result.</doc>
<status status="PASS" start="2025-05-02T15:23:32.945825" elapsed="0.004133"/>
</kw>
<kw name="Log To Console" owner="BuiltIn">
<arg>Random Angka: ${angka_acak}</arg>
<doc>Logs the given message to the console.</doc>
<status status="PASS" start="2025-05-02T15:23:32.951115" elapsed="0.017888"/>
</kw>
<kw name="Set Global Variable" owner="BuiltIn">
<msg time="2025-05-02T15:23:32.980425" level="INFO">${angka_acak} = 1152992</msg>
<arg>${angka_acak}</arg>
<arg>${angka_acak}</arg>
<doc>Makes a variable available globally in all tests and suites.</doc>
<status status="PASS" start="2025-05-02T15:23:32.971897" elapsed="0.010737"/>
</kw>
<status status="PASS" start="2025-05-02T15:23:32.941131" elapsed="0.045334"/>
</kw>
<return>
<value>${company_name}</value>
<status status="PASS" start="2025-05-02T15:23:32.989868" elapsed="0.002695"/>
</return>
<status status="PASS" start="2025-05-02T15:23:32.899566" elapsed="0.098233"/>
</kw>
<kw name="user input text" owner="generalFunct">
<kw name="Wait Until Element Is Visible" owner="SeleniumLibrary">
<arg>${locator}</arg>
<doc>Waits until the element ``locator`` is visible.</doc>
<status status="PASS" start="2025-05-02T15:23:33.036879" elapsed="0.373494"/>
</kw>
<kw name="Input Text" owner="SeleniumLibrary">
<msg time="2025-05-02T15:23:33.413202" level="INFO">Typing text 'HJNAL UAN Corp' into text field 'xpath=//input[@id='projectName']'.</msg>
<arg>${locator}</arg>
<arg>${text}</arg>
<doc>Types the given ``text`` into the text field identified by ``locator``.</doc>
<status status="PASS" start="2025-05-02T15:23:33.411562" elapsed="0.173360"/>
</kw>
<kw name="Sleep" owner="BuiltIn">
<msg time="2025-05-02T15:23:38.588034" level="INFO">Slept 5 seconds.</msg>
<arg>5</arg>
<doc>Pauses the test executed for the given time.</doc>
<status status="PASS" start="2025-05-02T15:23:33.586061" elapsed="5.004439"/>
</kw>
<arg>${inputNamaProject}</arg>
<arg>${company_name}</arg>
<status status="PASS" start="2025-05-02T15:23:33.000979" elapsed="5.591909"/>
</kw>
<kw name="Log To Console" owner="BuiltIn">
<arg>Name Project: ${company_name}</arg>
<doc>Logs the given message to the console.</doc>
<status status="PASS" start="2025-05-02T15:23:38.602425" elapsed="0.024217"/>
</kw>
<status status="PASS" start="2025-05-02T15:23:32.892688" elapsed="5.736491"/>
</kw>
<kw name="And user choose kecamatan list" owner="pom_createProject">
<kw name="Get list city" owner="API_listKecamatan">
<kw name="Get User Login" owner="API_listKecamatan">
<kw name="Get Token" owner="API_listKecamatan">
<kw name="Disable Ssl Warnings" owner="ssl_helper">
<status status="PASS" start="2025-05-02T15:23:38.659719" elapsed="0.001511"/>
</kw>
<kw name="Create Session" owner="RequestsLibrary">
<msg time="2025-05-02T15:23:38.664553" level="INFO">Creating Session using : alias=api, url=https://dev-apiv1.1000saudara.com/auth/access, headers={'X-MSSAPI-KEY': 'DPEqC6x0Rh8eU5QhtjS1'},                     cookies={}, auth=None, timeout=None, proxies=None, verify=False,                     debug=0 </msg>
<arg>api</arg>
<arg>${authURL}</arg>
<arg>headers={"X-MSSAPI-KEY": "${KEY}"}</arg>
<doc>Create Session: create a HTTP session to a server</doc>
<status status="PASS" start="2025-05-02T15:23:38.662254" elapsed="0.003790"/>
</kw>
<kw name="POST On Session" owner="RequestsLibrary">
<msg time="2025-05-02T15:23:38.790081" level="INFO">POST Request : url=https://dev-apiv1.1000saudara.com/auth/access 
 path_url=/auth/access 
 headers={'User-Agent': 'python-requests/2.32.3', 'Accept-Encoding': 'gzip, deflate', 'Accept': '*/*', 'Connection': 'keep-alive', 'X-MSSAPI-KEY': 'DPEqC6x0Rh8eU5QhtjS1', 'Content-Length': '0'} 
 body=None 
 </msg>
<msg time="2025-05-02T15:23:38.791760" level="INFO">POST Response : url=https://dev-apiv1.1000saudara.com/auth/access 
 status=200, reason=OK 
 headers={'Content-Length': '440', 'Content-Type': 'application/json; charset=utf-8', 'X-Powered-By': 'ASP.NET', 'Date': 'Fri, 02 May 2025 08:22:42 GMT'} 
 body={"token":"eyJhbGciOiJodHRwOi8vd3d3LnczLm9yZy8yMDAxLzA0L3htbGRzaWctbW9yZSNobWFjLXNoYTI1NiIsInR5cCI6IkpXVCJ9.eyJodHRwOi8vc2NoZW1hcy54bWxzb2FwLm9yZy93cy8yMDA1LzA1L2lkZW50aXR5L2NsYWltcy9uYW1lIjoiYWNjZXNzIiwianRpIjoiOWMwMzAwZDYtNzFlMy00ZWQyLWI2MjItNWJjODhlMmYyZWM0IiwiZXhwIjoxNzQ2MTc3NzYyLCJpc3MiOiJhY2Nlc3NJc3N1ZXIiLCJhdWQiOiJhY2Nlc3NBdWRpZW5jZSJ9.QPjVXhxA6kChecbAxM3zhC68rOkQ3E-we40uDKo8jj8","expirationDate":"2025-05-02T16:22:42.75869+07:00"} 
 </msg>
<msg time="2025-05-02T15:23:38.794124" level="INFO">${response} = &lt;Response [200]&gt;</msg>
<var>${response}</var>
<arg>api</arg>
<arg>url=${authURL}</arg>
<doc>Sends a POST request on a previously created HTTP Session.</doc>
<status status="PASS" start="2025-05-02T15:23:38.667108" elapsed="0.128436"/>
</kw>
<kw name="Should Be Equal As Strings" owner="BuiltIn">
<msg time="2025-05-02T15:23:38.810082" level="INFO">Argument types are:
&lt;class 'int'&gt;
&lt;class 'str'&gt;</msg>
<arg>${response.status_code}</arg>
<arg>200</arg>
<doc>Fails if objects are unequal after converting them to strings.</doc>
<status status="PASS" start="2025-05-02T15:23:38.798078" elapsed="0.014277"/>
</kw>
<kw name="Evaluate" owner="BuiltIn">
<msg time="2025-05-02T15:23:38.824217" level="INFO">${json} = {'token': 'eyJhbGciOiJodHRwOi8vd3d3LnczLm9yZy8yMDAxLzA0L3htbGRzaWctbW9yZSNobWFjLXNoYTI1NiIsInR5cCI6IkpXVCJ9.eyJodHRwOi8vc2NoZW1hcy54bWxzb2FwLm9yZy93cy8yMDA1LzA1L2lkZW50aXR5L2NsYWltcy9uYW1lIjoiYWNjZXNz...</msg>
<var>${json}</var>
<arg>json.loads('${response.content.decode("utf-8")}')</arg>
<doc>Evaluates the given expression in Python and returns the result.</doc>
<status status="PASS" start="2025-05-02T15:23:38.814560" elapsed="0.011249"/>
</kw>
<kw name="Set Variable" owner="BuiltIn">
<msg time="2025-05-02T15:23:38.839146" level="INFO">${token} = eyJhbGciOiJodHRwOi8vd3d3LnczLm9yZy8yMDAxLzA0L3htbGRzaWctbW9yZSNobWFjLXNoYTI1NiIsInR5cCI6IkpXVCJ9.eyJodHRwOi8vc2NoZW1hcy54bWxzb2FwLm9yZy93cy8yMDA1LzA1L2lkZW50aXR5L2NsYWltcy9uYW1lIjoiYWNjZXNzIiwianRpIjo...</msg>
<var>${token}</var>
<arg>${json['token']}</arg>
<doc>Returns the given values which can then be assigned to a variables.</doc>
<status status="PASS" start="2025-05-02T15:23:38.828490" elapsed="0.011831"/>
</kw>
<kw name="Set Global Variable" owner="BuiltIn">
<msg time="2025-05-02T15:23:38.844738" level="INFO">${token} = eyJhbGciOiJodHRwOi8vd3d3LnczLm9yZy8yMDAxLzA0L3htbGRzaWctbW9yZSNobWFjLXNoYTI1NiIsInR5cCI6IkpXVCJ9.eyJodHRwOi8vc2NoZW1hcy54bWxzb2FwLm9yZy93cy8yMDA1LzA1L2lkZW50aXR5L2NsYWltcy9uYW1lIjoiYWNjZXNzIiwianRpIjo...</msg>
<arg>${token}</arg>
<arg>${token}</arg>
<doc>Makes a variable available globally in all tests and suites.</doc>
<status status="PASS" start="2025-05-02T15:23:38.842599" elapsed="0.002859"/>
</kw>
<kw name="Log" owner="BuiltIn">
<msg time="2025-05-02T15:23:38.847763" level="INFO">token : eyJhbGciOiJodHRwOi8vd3d3LnczLm9yZy8yMDAxLzA0L3htbGRzaWctbW9yZSNobWFjLXNoYTI1NiIsInR5cCI6IkpXVCJ9.eyJodHRwOi8vc2NoZW1hcy54bWxzb2FwLm9yZy93cy8yMDA1LzA1L2lkZW50aXR5L2NsYWltcy9uYW1lIjoiYWNjZXNzIiwianRpIjoiOWMwMzAwZDYtNzFlMy00ZWQyLWI2MjItNWJjODhlMmYyZWM0IiwiZXhwIjoxNzQ2MTc3NzYyLCJpc3MiOiJhY2Nlc3NJc3N1ZXIiLCJhdWQiOiJhY2Nlc3NBdWRpZW5jZSJ9.QPjVXhxA6kChecbAxM3zhC68rOkQ3E-we40uDKo8jj8</msg>
<arg>token : ${token}</arg>
<doc>Logs the given message with the given level.</doc>
<status status="PASS" start="2025-05-02T15:23:38.846501" elapsed="0.002027"/>
</kw>
<doc>Mengambil Token Bearer</doc>
<status status="PASS" start="2025-05-02T15:23:38.656312" elapsed="0.192929"/>
</kw>
<kw name="Disable Ssl Warnings" owner="ssl_helper">
<status status="PASS" start="2025-05-02T15:23:38.850183" elapsed="0.001101"/>
</kw>
<kw name="Create Session" owner="RequestsLibrary">
<msg time="2025-05-02T15:23:38.854284" level="INFO">Creating Session using : alias=api, url=https://dev-apiv1.1000saudara.com/apiproyek/wb, headers={'Authorization': 'Bearer eyJhbGciOiJodHRwOi8vd3d3LnczLm9yZy8yMDAxLzA0L3htbGRzaWctbW9yZSNobWFjLXNoYTI1NiIsInR5cCI6IkpXVCJ9.eyJodHRwOi8vc2NoZW1hcy54bWxzb2FwLm9yZy93cy8yMDA1LzA1L2lkZW50aXR5L2NsYWltcy9uYW1lIjoiYWNjZXNzIiwianRpIjoiOWMwMzAwZDYtNzFlMy00ZWQyLWI2MjItNWJjODhlMmYyZWM0IiwiZXhwIjoxNzQ2MTc3NzYyLCJpc3MiOiJhY2Nlc3NJc3N1ZXIiLCJhdWQiOiJhY2Nlc3NBdWRpZW5jZSJ9.QPjVXhxA6kChecbAxM3zhC68rOkQ3E-we40uDKo8jj8'},                     cookies={}, auth=None, timeout=None, proxies=None, verify=False,                     debug=0 </msg>
<arg>api</arg>
<arg>${BASE_URL}</arg>
<arg>headers={"Authorization": "Bearer ${token}"}</arg>
<doc>Create Session: create a HTTP session to a server</doc>
<status status="PASS" start="2025-05-02T15:23:38.852331" elapsed="0.003223"/>
</kw>
<kw name="Create Dictionary" owner="BuiltIn">
<msg time="2025-05-02T15:23:38.861250" level="INFO">${origins} = {'Source': 'app_mitra', 'Version': ''}</msg>
<var>${origins}</var>
<arg>Source=app_mitra</arg>
<arg>Version=</arg>
<doc>Creates and returns a dictionary based on the given ``items``.</doc>
<status status="PASS" start="2025-05-02T15:23:38.856701" elapsed="0.005215"/>
</kw>
<kw name="Create Dictionary" owner="BuiltIn">
<msg time="2025-05-02T15:23:38.865325" level="INFO">${value} = {'Username': '085210758864', 'Password': '123456'}</msg>
<var>${value}</var>
<arg>Username=${ROLE_ADMIN}</arg>
<arg>Password=${PASSWORD}</arg>
<doc>Creates and returns a dictionary based on the given ``items``.</doc>
<status status="PASS" start="2025-05-02T15:23:38.863036" elapsed="0.002887"/>
</kw>
<kw name="Create Dictionary" owner="BuiltIn">
<msg time="2025-05-02T15:23:38.869489" level="INFO">${body} = {'Token': '', 'UserCode': '', 'Origins': {'Source': 'app_mitra', 'Version': ''}, 'Value': {'Username': '085210758864', 'Password': '123456'}}</msg>
<var>${body}</var>
<arg>Token=</arg>
<arg>UserCode=</arg>
<arg>Origins=${origins}</arg>
<arg>Value=${value}</arg>
<doc>Creates and returns a dictionary based on the given ``items``.</doc>
<status status="PASS" start="2025-05-02T15:23:38.867007" elapsed="0.003108"/>
</kw>
<kw name="POST On Session" owner="RequestsLibrary">
<msg time="2025-05-02T15:23:39.143418" level="INFO">POST Request : url=https://dev-apiv1.1000saudara.com/apiproyek/wb/User/login 
 path_url=/apiproyek/wb/User/login 
 headers={'User-Agent': 'python-requests/2.32.3', 'Accept-Encoding': 'gzip, deflate', 'Accept': '*/*', 'Connection': 'keep-alive', 'Authorization': 'Bearer eyJhbGciOiJodHRwOi8vd3d3LnczLm9yZy8yMDAxLzA0L3htbGRzaWctbW9yZSNobWFjLXNoYTI1NiIsInR5cCI6IkpXVCJ9.eyJodHRwOi8vc2NoZW1hcy54bWxzb2FwLm9yZy93cy8yMDA1LzA1L2lkZW50aXR5L2NsYWltcy9uYW1lIjoiYWNjZXNzIiwianRpIjoiOWMwMzAwZDYtNzFlMy00ZWQyLWI2MjItNWJjODhlMmYyZWM0IiwiZXhwIjoxNzQ2MTc3NzYyLCJpc3MiOiJhY2Nlc3NJc3N1ZXIiLCJhdWQiOiJhY2Nlc3NBdWRpZW5jZSJ9.QPjVXhxA6kChecbAxM3zhC68rOkQ3E-we40uDKo8jj8', 'Content-Length': '141', 'Content-Type': 'application/json'} 
 body=b'{"Token": "", "UserCode": "", "Origins": {"Source": "app_mitra", "Version": ""}, "Value": {"Username": "085210758864", "Password": "123456"}}' 
 </msg>
<msg time="2025-05-02T15:23:39.148788" level="INFO">POST Response : url=https://dev-apiv1.1000saudara.com/apiproyek/wb/User/login 
 status=200, reason=OK 
 headers={'Content-Length': '350', 'Content-Type': 'application/json; charset=utf-8', 'X-Powered-By': 'ASP.NET, ASP.NET', 'Date': 'Fri, 02 May 2025 08:22:42 GMT'} 
 body={"errorCode":0,"errorStatus":false,"errorMessage":"","value":{"userCode":"5JIVrNNIwhM=","userName":"WIKA Operator","companyId":"2","isValidLogin":true,"ticket":"5b7a1b8c58cda63641fbcd80528f8d782a33ccd61670b57747cc6f9a2a00d09f","projectId":null,"photo":"","userRole":"Operation","userRoleCode":"administrator","userRoleSite":"","userRoleSiteCode":""}} 
 </msg>
<msg time="2025-05-02T15:23:39.155307" level="INFO">${response} = &lt;Response [200]&gt;</msg>
<var>${response}</var>
<arg>api</arg>
<arg>/User/login</arg>
<arg>json=${body}</arg>
<doc>Sends a POST request on a previously created HTTP Session.</doc>
<status status="PASS" start="2025-05-02T15:23:38.871215" elapsed="0.288810"/>
</kw>
<kw name="Should Be Equal As Strings" owner="BuiltIn">
<msg time="2025-05-02T15:23:39.184720" level="INFO">Argument types are:
&lt;class 'int'&gt;
&lt;class 'str'&gt;</msg>
<arg>${response.status_code}</arg>
<arg>200</arg>
<doc>Fails if objects are unequal after converting them to strings.</doc>
<status status="PASS" start="2025-05-02T15:23:39.172254" elapsed="0.014448"/>
</kw>
<kw name="Log" owner="BuiltIn">
<msg time="2025-05-02T15:23:39.204445" level="INFO">Response: {"errorCode":0,"errorStatus":false,"errorMessage":"","value":{"userCode":"5JIVrNNIwhM=","userName":"WIKA Operator","companyId":"2","isValidLogin":true,"ticket":"5b7a1b8c58cda63641fbcd80528f8d782a33ccd61670b57747cc6f9a2a00d09f","projectId":null,"photo":"","userRole":"Operation","userRoleCode":"administrator","userRoleSite":"","userRoleSiteCode":""}}</msg>
<arg>Response: ${response.content}</arg>
<doc>Logs the given message with the given level.</doc>
<status status="PASS" start="2025-05-02T15:23:39.189640" elapsed="0.055890"/>
</kw>
<kw name="Set Variable" owner="BuiltIn">
<msg time="2025-05-02T15:23:39.260059" level="INFO">${json} = {'errorCode': 0, 'errorStatus': False, 'errorMessage': '', 'value': {'userCode': '5JIVrNNIwhM=', 'userName': 'WIKA Operator', 'companyId': '2', 'isValidLogin': True, 'ticket': '5b7a1b8c58cda63641fbcd8...</msg>
<var>${json}</var>
<arg>${response.json()}</arg>
<doc>Returns the given values which can then be assigned to a variables.</doc>
<status status="PASS" start="2025-05-02T15:23:39.248174" elapsed="0.013309"/>
</kw>
<kw name="Get From Dictionary" owner="Collections">
<msg time="2025-05-02T15:23:39.304407" level="INFO">${user_code} = 5JIVrNNIwhM=</msg>
<var>${user_code}</var>
<arg>${json['value']}</arg>
<arg>userCode</arg>
<doc>Returns a value from the given ``dictionary`` based on the given ``key``.</doc>
<status status="PASS" start="2025-05-02T15:23:39.280146" elapsed="0.028831"/>
</kw>
<kw name="Set Global Variable" owner="BuiltIn">
<msg time="2025-05-02T15:23:39.317497" level="INFO">${user_code} = 5JIVrNNIwhM=</msg>
<arg>${user_code}</arg>
<arg>${user_code}</arg>
<doc>Makes a variable available globally in all tests and suites.</doc>
<status status="PASS" start="2025-05-02T15:23:39.312597" elapsed="0.006555"/>
</kw>
<kw name="Log" owner="BuiltIn">
<msg time="2025-05-02T15:23:39.325788" level="INFO">token : 5JIVrNNIwhM=</msg>
<arg>token : ${user_code}</arg>
<doc>Logs the given message with the given level.</doc>
<status status="PASS" start="2025-05-02T15:23:39.322028" elapsed="0.005778"/>
</kw>
<doc>Menguji POST request pada API</doc>
<status status="PASS" start="2025-05-02T15:23:38.648745" elapsed="0.680957"/>
</kw>
<kw name="Disable Ssl Warnings" owner="ssl_helper">
<status status="PASS" start="2025-05-02T15:23:39.332082" elapsed="0.002476"/>
</kw>
<kw name="Create Session" owner="RequestsLibrary">
<msg time="2025-05-02T15:23:39.347352" level="INFO">Creating Session using : alias=api, url=https://dev-apiv1.1000saudara.com/apiproyek/wb, headers={'Authorization': 'Bearer eyJhbGciOiJodHRwOi8vd3d3LnczLm9yZy8yMDAxLzA0L3htbGRzaWctbW9yZSNobWFjLXNoYTI1NiIsInR5cCI6IkpXVCJ9.eyJodHRwOi8vc2NoZW1hcy54bWxzb2FwLm9yZy93cy8yMDA1LzA1L2lkZW50aXR5L2NsYWltcy9uYW1lIjoiYWNjZXNzIiwianRpIjoiOWMwMzAwZDYtNzFlMy00ZWQyLWI2MjItNWJjODhlMmYyZWM0IiwiZXhwIjoxNzQ2MTc3NzYyLCJpc3MiOiJhY2Nlc3NJc3N1ZXIiLCJhdWQiOiJhY2Nlc3NBdWRpZW5jZSJ9.QPjVXhxA6kChecbAxM3zhC68rOkQ3E-we40uDKo8jj8'},                     cookies={}, auth=None, timeout=None, proxies=None, verify=False,                     debug=0 </msg>
<arg>api</arg>
<arg>${BASE_URL}</arg>
<arg>headers={"Authorization": "Bearer ${token}"}</arg>
<doc>Create Session: create a HTTP session to a server</doc>
<status status="PASS" start="2025-05-02T15:23:39.336907" elapsed="0.013683"/>
</kw>
<kw name="Evaluate" owner="BuiltIn">
<msg time="2025-05-02T15:23:39.354658" level="INFO">${random_letter} = s</msg>
<var>${random_letter}</var>
<arg>chr(random.randint(97, 122))</arg>
<arg>random</arg>
<doc>Evaluates the given expression in Python and returns the result.</doc>
<status status="PASS" start="2025-05-02T15:23:39.352532" elapsed="0.003799"/>
</kw>
<kw name="Log" owner="BuiltIn">
<msg time="2025-05-02T15:23:39.362738" level="INFO">Random Letter: s</msg>
<arg>Random Letter: ${random_letter}</arg>
<doc>Logs the given message with the given level.</doc>
<status status="PASS" start="2025-05-02T15:23:39.359397" elapsed="0.009609"/>
</kw>
<kw name="Create Dictionary" owner="BuiltIn">
<msg time="2025-05-02T15:23:39.383182" level="INFO">${origins} = {'Source': 'app_mitra', 'Version': ''}</msg>
<var>${origins}</var>
<arg>Source=app_mitra</arg>
<arg>Version=</arg>
<doc>Creates and returns a dictionary based on the given ``items``.</doc>
<status status="PASS" start="2025-05-02T15:23:39.377349" elapsed="0.007248"/>
</kw>
<kw name="Create Dictionary" owner="BuiltIn">
<msg time="2025-05-02T15:23:39.397902" level="INFO">${value} = {'Kecamatan': 's'}</msg>
<var>${value}</var>
<arg>Kecamatan=${random_letter}</arg>
<doc>Creates and returns a dictionary based on the given ``items``.</doc>
<status status="PASS" start="2025-05-02T15:23:39.389437" elapsed="0.009845"/>
</kw>
<kw name="Create Dictionary" owner="BuiltIn">
<msg time="2025-05-02T15:23:39.410679" level="INFO">${body} = {'Token': '', 'UserCode': '5JIVrNNIwhM=', 'Origins': {'Source': 'app_mitra', 'Version': ''}, 'Value': {'Kecamatan': 's'}}</msg>
<var>${body}</var>
<arg>Token=</arg>
<arg>UserCode=${user_code}</arg>
<arg>Origins=${origins}</arg>
<arg>Value=${value}</arg>
<doc>Creates and returns a dictionary based on the given ``items``.</doc>
<status status="PASS" start="2025-05-02T15:23:39.401916" elapsed="0.010472"/>
</kw>
<kw name="POST On Session" owner="RequestsLibrary">
<msg time="2025-05-02T15:23:39.661389" level="INFO">POST Request : url=https://dev-apiv1.1000saudara.com/apiproyek/wb/Administrator/GetListCityVendorForAdmin 
 path_url=/apiproyek/wb/Administrator/GetListCityVendorForAdmin 
 headers={'User-Agent': 'python-requests/2.32.3', 'Accept-Encoding': 'gzip, deflate', 'Accept': '*/*', 'Connection': 'keep-alive', 'Authorization': 'Bearer eyJhbGciOiJodHRwOi8vd3d3LnczLm9yZy8yMDAxLzA0L3htbGRzaWctbW9yZSNobWFjLXNoYTI1NiIsInR5cCI6IkpXVCJ9.eyJodHRwOi8vc2NoZW1hcy54bWxzb2FwLm9yZy93cy8yMDA1LzA1L2lkZW50aXR5L2NsYWltcy9uYW1lIjoiYWNjZXNzIiwianRpIjoiOWMwMzAwZDYtNzFlMy00ZWQyLWI2MjItNWJjODhlMmYyZWM0IiwiZXhwIjoxNzQ2MTc3NzYyLCJpc3MiOiJhY2Nlc3NJc3N1ZXIiLCJhdWQiOiJhY2Nlc3NBdWRpZW5jZSJ9.QPjVXhxA6kChecbAxM3zhC68rOkQ3E-we40uDKo8jj8', 'Content-Length': '121', 'Content-Type': 'application/json'} 
 body=b'{"Token": "", "UserCode": "5JIVrNNIwhM=", "Origins": {"Source": "app_mitra", "Version": ""}, "Value": {"Kecamatan": "s"}}' 
 </msg>
<msg time="2025-05-02T15:23:39.663389" level="INFO">POST Response : url=https://dev-apiv1.1000saudara.com/apiproyek/wb/Administrator/GetListCityVendorForAdmin 
 status=200, reason=OK 
 headers={'Content-Length': '393831', 'Content-Type': 'application/json; charset=utf-8', 'X-Powered-By': 'ASP.NET, ASP.NET', 'Date': 'Fri, 02 May 2025 08:22:42 GMT'} 
 body={"errorCode":0,"errorStatus":false,"errorMessage":"","value":[{"kecamatanId":"NSkbSWjtg+s=","kecamatanName":"TEUPAH SELATAN","kabKotaId":"qmyNpqG456c=","kabKotaName":"KABUPATEN SIMEULUE","provinsiId":"9xs8yWofOao=","provinsiName":"ACEH"},{"kecamatanId":"AGUQh5hMj9g=","kecamatanName":"SIMEULUE TIMUR","kabKotaId":"qmyNpqG456c=","kabKotaName":"KABUPATEN SIMEULUE","provinsiId":"9xs8yWofOao=","provinsiName":"ACEH"},{"kecamatanId":"+RsHsRcSfA8=","kecamatanName":"SIMEULUE TENGAH","kabKotaId":"qmyNpqG456c=","kabKotaName":"KABUPATEN SIMEULUE","provinsiId":"9xs8yWofOao=","provinsiName":"ACEH"},{"kecamatanId":"Sbm8NmApkYg=","kecamatanName":"SIMEULUE CUT","kabKotaId":"qmyNpqG456c=","kabKotaName":"KABUPATEN SIMEULUE","provinsiId":"9xs8yWofOao=","provinsiName":"ACEH"},{"kecamatanId":"f0L+xnYzQNw=","kecamatanName":"SALANG","kabKotaId":"qmyNpqG456c=","kabKotaName":"KABUPATEN SIMEULUE","provinsiId":"9xs8yWofOao=","provinsiName":"ACEH"},{"kecamatanId":"KjXcGHUQymw=","kecamatanName":"SIMEULUE BARAT","kabKotaId":"qmyNpqG456c=","kabKotaName":"KABUPATEN SIMEULUE","provinsiId":"9xs8yWofOao=","provinsiName":"ACEH"},{"kecamatanId":"mZhsFoQdBgo=","kecamatanName":"SINGKIL","kabKotaId":"TNATXWm8quI=","kabKotaName":"KABUPATEN ACEH SINGKIL","provinsiId":"9xs8yWofOao=","provinsiName":"ACEH"},{"kecamatanId":"tzSiM+RVnJ0=","kecamatanName":"SINGKIL UTARA","kabKotaId":"TNATXWm8quI=","kabKotaName":"KABUPATEN ACEH SINGKIL","provinsiId":"9xs8yWofOao=","provinsiName":"ACEH"},{"kecamatanId":"gd93GO5pq9M=","kecamatanName":"SIMPANG KANAN","kabKotaId":"TNATXWm8quI=","kabKotaName":"KABUPATEN ACEH SINGKIL","provinsiId":"9xs8yWofOao=","provinsiName":"ACEH"},{"kecamatanId":"I/7rUwVnlAU=","kecamatanName":"DANAU PARIS","kabKotaId":"TNATXWm8quI=","kabKotaName":"KABUPATEN ACEH SINGKIL","provinsiId":"9xs8yWofOao=","provinsiName":"ACEH"},{"kecamatanId":"H/bXV6KJ+e0=","kecamatanName":"SURO","kabKotaId":"TNATXWm8quI=","kabKotaName":"KABUPATEN ACEH SINGKIL","provinsiId":"9xs8yWofOao=","provinsiName":"ACEH"},{"kecamatanId":"YpNBxI04SG8=","kecamatanName":"SINGKOHOR","kabKotaId":"TNATXWm8quI=","kabKotaName":"KABUPATEN ACEH SINGKIL","provinsiId":"9xs8yWofOao=","provinsiName":"ACEH"},{"kecamatanId":"3u5RP5Nv/tM=","kecamatanName":"KLUET SELATAN","kabKotaId":"W+YlagqGAFw=","kabKotaName":"KABUPATEN ACEH SELATAN","provinsiId":"9xs8yWofOao=","provinsiName":"ACEH"},{"kecamatanId":"w001llqKVoY=","kecamatanName":"PASIE RAJA","kabKotaId":"W+YlagqGAFw=","kabKotaName":"KABUPATEN ACEH SELATAN","provinsiId":"9xs8yWofOao=","provinsiName":"ACEH"},{"kecamatanId":"KYrWzJJ43Ao=","kecamatanName":"SAMA DUA","kabKotaId":"W+YlagqGAFw=","kabKotaName":"KABUPATEN ACEH SELATAN","provinsiId":"9xs8yWofOao=","provinsiName":"ACEH"},{"kecamatanId":"gtzzTKXvkmQ=","kecamatanName":"SAWANG","kabKotaId":"W+YlagqGAFw=","kabKotaName":"KABUPATEN ACEH SELATAN","provinsiId":"9xs8yWofOao=","provinsiName":"ACEH"},{"kecamatanId":"IWTCdPqm3q4=","kecamatanName":"LAWE ALAS","kabKotaId":"bPfXZ1fPCfU=","kabKotaName":"KABUPATEN ACEH TENGGARA","provinsiId":"9xs8yWofOao=","provinsiName":"ACEH"},{"kecamatanId":"yA5yBqYwjd8=","kecamatanName":"TANOH ALAS","kabKotaId":"bPfXZ1fPCfU=","kabKotaName":"KABUPATEN ACEH TENGGARA","provinsiId":"9xs8yWofOao=","provinsiName":"ACEH"},{"kecamatanId":"bGTadVnVbg4=","kecamatanName":"LAWE SIGALA-GALA","kabKotaId":"bPfXZ1fPCfU=","kabKotaName":"KABUPATEN ACEH TENGGARA","provinsiId":"9xs8yWofOao=","provinsiName":"ACEH"},{"kecamatanId":"1R0gN3QeTcc=","kecamatanName":"SEMADAM","kabKotaId":"bPfXZ1fPCfU=","kabKotaName":"KABUPATEN ACEH TENGGARA","provinsiId":"9xs8yWofOao=","provinsiName":"ACEH"},{"kecamatanId":"3JApHvbo5pI=","kecamatanName":"LAUSER","kabKotaId":"bPfXZ1fPCfU=","kabKotaName":"KABUPATEN ACEH TENGGARA","provinsiId":"9xs8yWofOao=","provinsiName":"ACEH"},{"kecamatanId":"CaZZK1RXwas=","kecamatanName":"BUKIT TUSAM","kabKotaId":"bPfXZ1fPCfU=","kabKotaName":"KABUPATEN ACEH TENGGARA","provinsiId":"9xs8yWofOao=","provinsiName":"ACEH"},{"kecamatanId":"yVqxAOqQu6M=","kecamatanName":"LAWE SUMUR","kabKotaId":"bPfXZ1fPCfU=","kabKotaName":"KABUPATEN ACEH TENGGARA","provinsiId":"9xs8yWofOao=","provinsiName":"ACEH"},{"kecamatanId":"D4gkclCliwc=","kecamatanName":"BABUSSALAM","kabKotaId":"bPfXZ1fPCfU=","kabKotaName":"KABUPATEN ACEH TENGGARA","provinsiId":"9xs8yWofOao=","provinsiName":"ACEH"},{"kecamatanId":"sOIqkwBp1JY=","kecamatanName":"DARUL HASANAH","kabKotaId":"bPfXZ1fPCfU=","kabKotaName":"KABUPATEN ACEH TENGGARA","provinsiId":"9xs8yWofOao=","provinsiName":"ACEH"},{"kecamatanId":"gLHpS2YbcIU=","kecamatanName":"DELENG POKHKISEN","kabKotaId":"bPfXZ1fPCfU=","kabKotaName":"KABUPATEN ACEH TENGGARA","provinsiId":"9xs8yWofOao=","provinsiName":"ACEH"},{"kecamatanId":"sibXvEcaXW8=","kecamatanName":"SERBA JADI","kabKotaId":"3DdCGU8emeo=","kabKotaName":"KABUPATEN ACEH TIMUR","provinsiId":"9xs8yWofOao=","provinsiName":"ACEH"},{"kecamatanId":"SpfjfTxBhbY=","kecamatanName":"SIMPANG JERNIH","kabKotaId":"3DdCGU8emeo=","kabKotaName":"KABUPATEN ACEH TIMUR","provinsiId":"9xs8yWofOao=","provinsiName":"ACEH"},{"kecamatanId":"DMivARIS14A=","kecamatanName":"RANTAU SELAMAT","kabKotaId":"3DdCGU8emeo=","kabKotaName":"KABUPATEN ACEH TIMUR","provinsiId":"9xs8yWofOao=","provinsiName":"ACEH"},{"kecamatanId":"U3XiZV3Ju6k=","kecamatanName":"SUNGAI RAYA","kabKotaId":"3DdCGU8emeo=","kabKotaName":"KABUPATEN ACEH TIMUR","provinsiId":"9xs8yWofOao=","provinsiName":"ACEH"},{"kecamatanId":"R6MrKZ+BqqA=","kecamatanName":"DARUL IHSAN","kabKotaId":"3DdCGU8emeo=","kabKotaName":"KABUPATEN ACEH TIMUR","provinsiId":"9xs8yWofOao=","provinsiName":"ACEH"},{"kecamatanId":"Fv/y27FygvY=","kecamatanName":"NURUSSALAM","kabKotaId":"3DdCGU8emeo=","kabKotaName":"KABUPATEN ACEH TIMUR","provinsiId":"9xs8yWofOao=","provinsiName":"ACEH"},{"kecamatanId":"1czv3gFQNDI=","kecamatanName":"SIMPANG ULIM","kabKotaId":"3DdCGU8emeo=","kabKotaName":"KABUPATEN ACEH TIMUR","provinsiId":"9xs8yWofOao=","provinsiName":"ACEH"},{"kecamatanId":"TJl7PrIVp8E=","kecamatanName":"PEGASING","kabKotaId":"7HkCqIGsvWA=","kabKotaName":"KABUPATEN ACEH TENGAH","provinsiId":"9xs8yWofOao=","provinsiName":"ACEH"},{"kecamatanId":"LdDUlPcB6ug=","kecamatanName":"BIES","kabKotaId":"7HkCqIGsvWA=","kabKotaName":"KABUPATEN ACEH TENGAH","provinsiId":"9xs8yWofOao=","provinsiName":"ACEH"},{"kecamatanId":"0F6fpPLC774=","kecamatanName":"BEBESEN","kabKotaId":"7HkCqIGsvWA=","kabKotaName":"KABUPATEN ACEH TENGAH","provinsiId":"9xs8yWofOao=","provinsiName":"ACEH"},{"kecamatanId":"PtGRGdETWKs=","kecamatanName":"SILIH NARA","kabKotaId":"7HkCqIGsvWA=","kabKotaName":"KABUPATEN ACEH TENGAH","provinsiId":"9xs8yWofOao=","provinsiName":"ACEH"},{"kecamatanId":"AWJCIQkpyYc=","kecamatanName":"RUSIP ANTARA","kabKotaId":"7HkCqIGsvWA=","kabKotaName":"KABUPATEN ACEH TENGAH","provinsiId":"9xs8yWofOao=","provinsiName":"ACEH"},{"kecamatanId":"2GfLNZ253VY=","kecamatanName":"SAMATIGA","kabKotaId":"xWP+4GPIJKQ=","kabKotaName":"KABUPATEN ACEH BARAT","provinsiId":"9xs8yWofOao=","provinsiName":"ACEH"},{"kecamatanId":"RPz8lUdHB6I=","kecamatanName":"SUNGAI MAS","kabKotaId":"xWP+4GPIJKQ=","kabKotaName":"KABUPATEN ACEH BARAT","provinsiId":"9xs8yWofOao=","provinsiName":"ACEH"},{"kecamatanId":"eystAYTATag=","kecamatanName":"SEULIMEUM","kabKotaId":"nokGONHMkTo=","kabKotaName":"KABUPATEN ACEH BESAR","provinsiId":"9xs8yWofOao=","provinsiName":"ACEH"},{"kecamatanId":"n8BW0U2FQAA=","kecamatanName":"LEMBAH SEULAWAH","kabKotaId":"nokGONHMkTo=","kabKotaName":"KABUPATEN ACEH BESAR","provinsiId":"9xs8yWofOao=","provinsiName":"ACEH"},{"kecamatanId":"drzSuX7ZlQM=","kecamatanName":"MESJID RAYA","kabKotaId":"nokGONHMkTo=","kabKotaName":"KABUPATEN ACEH BESAR","provinsiId":"9xs8yWofOao=","provinsiName":"ACEH"},{"kecamatanId":"tJNASIgqmNk=","kecamatanName":"DARUSSALAM","kabKotaId":"nokGONHMkTo=","kabKotaName":"KABUPATEN ACEH BESAR","provinsiId":"9xs8yWofOao=","provinsiName":"ACEH"},{"kecamatanId":"cW6EfNCts1o=","kecamatanName":"BAITUSSALAM","kabKotaId":"nokGONHMkTo=","kabKotaName":"KABUPATEN ACEH BESAR","provinsiId":"9xs8yWofOao=","provinsiName":"ACEH"},{"kecamatanId":"qzMVp0NjM0U=","kecamatanName":"MONTASIK","kabKotaId":"nokGONHMkTo=","kabKotaName":"KABUPATEN ACEH BESAR","provinsiId":"9xs8yWofOao=","provinsiName":"ACEH"},{"kecamatanId":"OL4zF0RCdZY=","kecamatanName":"SUKA MAKMUR","kabKotaId":"nokGONHMkTo=","kabKotaName":"KABUPATEN ACEH BESAR","provinsiId":"9xs8yWofOao=","provinsiName":"ACEH"},{"kecamatanId":"PIgFQeQ37ug=","kecamatanName":"SIMPANG TIGA","kabKotaId":"nokGONHMkTo=","kabKotaName":"KABUPATEN ACEH BESAR","provinsiId":"9xs8yWofOao=","provinsiName":"ACEH"},{"kecamatanId":"9KSYisAYof0=","kecamatanName":"TIRO/TRUSEB","kabKotaId":"HxbTcZvtIEw=","kabKotaName":"KABUPATEN PIDIE","provinsiId":"9xs8yWofOao=","provinsiName":"ACEH"},{"kecamatanId":"RQv8sSZflWY=","kecamatanName":"TANGSE","kabKotaId":"HxbTcZvtIEw=","kabKotaName":"KABUPATEN PIDIE","provinsiId":"9xs8yWofOao=","provinsiName":"ACEH"},{"kecamatanId":"xiga+Pgr4Rc=","kecamatanName":"SAKTI","kabKotaId":"HxbTcZvtIEw=","kabKotaName":"KABUPATEN PIDIE","provinsiId":"9xs8yWofOao=","provinsiName":"ACEH"},{"kecamatanId":"ogLIRQXxdII=","kecamatanName":"SIMPANG TIGA","kabKotaId":"HxbTcZvtIEw=","kabKotaName":"KABUPATEN PIDIE","provinsiId":"9xs8yWofOao=","provinsiName":"ACEH"},{"kecamatanId":"vjtUHqzf8Lw=","kecamatanName":"KOTA SIGLI","kabKotaId":"HxbTcZvtIEw=","kabKotaName":"KABUPATEN PIDIE","provinsiId":"9xs8yWofOao=","provinsiName":"ACEH"},{"kecamatanId":"vqbZEwM10v4=","kecamatanName":"SAMALANGA","kabKotaId":"Ap2fKwJA2Z0=","kabKotaName":"KABUPATEN BIREUEN","provinsiId":"9xs8yWofOao=","provinsiName":"ACEH"},{"kecamatanId":"7nD7UWIK9i4=","kecamatanName":"SIMPANG MAMPLAM","kabKotaId":"Ap2fKwJA2Z0=","kabKotaName":"KABUPATEN BIREUEN","provinsiId":"9xs8yWofOao=","provinsiName":"ACEH"},{"kecamatanId":"nXfPs3HGLEM=","kecamatanName":"PEUSANGAN","kabKotaId":"Ap2fKwJA2Z0=","kabKotaName":"KABUPATEN BIREUEN","provinsiId":"9xs8yWofOao=","provinsiName":"ACEH"},{"kecamatanId":"4v3QMNb+rFc=","kecamatanName":"PEUSANGAN SELATAN","kabKotaId":"Ap2fKwJA2Z0=","kabKotaName":"KABUPATEN BIREUEN","provinsiId":"9xs8yWofOao=","provins... (set the log level to DEBUG or TRACE to see the full content) 
 </msg>
<msg time="2025-05-02T15:23:39.666049" level="INFO">${response} = &lt;Response [200]&gt;</msg>
<var>${response}</var>
<arg>api</arg>
<arg>/Administrator/GetListCityVendorForAdmin</arg>
<arg>json=${body}</arg>
<doc>Sends a POST request on a previously created HTTP Session.</doc>
<status status="PASS" start="2025-05-02T15:23:39.415463" elapsed="0.252603"/>
</kw>
<kw name="Should Be Equal As Strings" owner="BuiltIn">
<msg time="2025-05-02T15:23:39.682133" level="INFO">Argument types are:
&lt;class 'int'&gt;
&lt;class 'str'&gt;</msg>
<arg>${response.status_code}</arg>
<arg>200</arg>
<doc>Fails if objects are unequal after converting them to strings.</doc>
<status status="PASS" start="2025-05-02T15:23:39.670095" elapsed="0.013561"/>
</kw>
<kw name="Set Variable" owner="BuiltIn">
<msg time="2025-05-02T15:23:39.714588" level="INFO">${json} = {'errorCode': 0, 'errorStatus': False, 'errorMessage': '', 'value': [{'kecamatanId': 'NSkbSWjtg+s=', 'kecamatanName': 'TEUPAH SELATAN', 'kabKotaId': 'qmyNpqG456c=', 'kabKotaName': 'KABUPATEN SIMEULUE'...</msg>
<var>${json}</var>
<arg>${response.json()}</arg>
<doc>Returns the given values which can then be assigned to a variables.</doc>
<status status="PASS" start="2025-05-02T15:23:39.685661" elapsed="0.029847"/>
</kw>
<kw name="Log" owner="BuiltIn">
<msg time="2025-05-02T15:23:39.726031" level="INFO">Response: {'errorCode': 0, 'errorStatus': False, 'errorMessage': '', 'value': [{'kecamatanId': 'NSkbSWjtg+s=', 'kecamatanName': 'TEUPAH SELATAN', 'kabKotaId': 'qmyNpqG456c=', 'kabKotaName': 'KABUPATEN SIMEULUE', 'provinsiId': '9xs8yWofOao=', 'provinsiName': 'ACEH'}, {'kecamatanId': 'AGUQh5hMj9g=', 'kecamatanName': 'SIMEULUE TIMUR', 'kabKotaId': 'qmyNpqG456c=', 'kabKotaName': 'KABUPATEN SIMEULUE', 'provinsiId': '9xs8yWofOao=', 'provinsiName': 'ACEH'}, {'kecamatanId': '+RsHsRcSfA8=', 'kecamatanName': 'SIMEULUE TENGAH', 'kabKotaId': 'qmyNpqG456c=', 'kabKotaName': 'KABUPATEN SIMEULUE', 'provinsiId': '9xs8yWofOao=', 'provinsiName': 'ACEH'}, {'kecamatanId': 'Sbm8NmApkYg=', 'kecamatanName': 'SIMEULUE CUT', 'kabKotaId': 'qmyNpqG456c=', 'kabKotaName': 'KABUPATEN SIMEULUE', 'provinsiId': '9xs8yWofOao=', 'provinsiName': 'ACEH'}, {'kecamatanId': 'f0L+xnYzQNw=', 'kecamatanName': 'SALANG', 'kabKotaId': 'qmyNpqG456c=', 'kabKotaName': 'KABUPATEN SIMEULUE', 'provinsiId': '9xs8yWofOao=', 'provinsiName': 'ACEH'}, {'kecamatanId': 'KjXcGHUQymw=', 'kecamatanName': 'SIMEULUE BARAT', 'kabKotaId': 'qmyNpqG456c=', 'kabKotaName': 'KABUPATEN SIMEULUE', 'provinsiId': '9xs8yWofOao=', 'provinsiName': 'ACEH'}, {'kecamatanId': 'mZhsFoQdBgo=', 'kecamatanName': 'SINGKIL', 'kabKotaId': 'TNATXWm8quI=', 'kabKotaName': 'KABUPATEN ACEH SINGKIL', 'provinsiId': '9xs8yWofOao=', 'provinsiName': 'ACEH'}, {'kecamatanId': 'tzSiM+RVnJ0=', 'kecamatanName': 'SINGKIL UTARA', 'kabKotaId': 'TNATXWm8quI=', 'kabKotaName': 'KABUPATEN ACEH SINGKIL', 'provinsiId': '9xs8yWofOao=', 'provinsiName': 'ACEH'}, {'kecamatanId': 'gd93GO5pq9M=', 'kecamatanName': 'SIMPANG KANAN', 'kabKotaId': 'TNATXWm8quI=', 'kabKotaName': 'KABUPATEN ACEH SINGKIL', 'provinsiId': '9xs8yWofOao=', 'provinsiName': 'ACEH'}, {'kecamatanId': 'I/7rUwVnlAU=', 'kecamatanName': 'DANAU PARIS', 'kabKotaId': 'TNATXWm8quI=', 'kabKotaName': 'KABUPATEN ACEH SINGKIL', 'provinsiId': '9xs8yWofOao=', 'provinsiName': 'ACEH'}, {'kecamatanId': 'H/bXV6KJ+e0=', 'kecamatanName': 'SURO', 'kabKotaId': 'TNATXWm8quI=', 'kabKotaName': 'KABUPATEN ACEH SINGKIL', 'provinsiId': '9xs8yWofOao=', 'provinsiName': 'ACEH'}, {'kecamatanId': 'YpNBxI04SG8=', 'kecamatanName': 'SINGKOHOR', 'kabKotaId': 'TNATXWm8quI=', 'kabKotaName': 'KABUPATEN ACEH SINGKIL', 'provinsiId': '9xs8yWofOao=', 'provinsiName': 'ACEH'}, {'kecamatanId': '3u5RP5Nv/tM=', 'kecamatanName': 'KLUET SELATAN', 'kabKotaId': 'W+YlagqGAFw=', 'kabKotaName': 'KABUPATEN ACEH SELATAN', 'provinsiId': '9xs8yWofOao=', 'provinsiName': 'ACEH'}, {'kecamatanId': 'w001llqKVoY=', 'kecamatanName': 'PASIE RAJA', 'kabKotaId': 'W+YlagqGAFw=', 'kabKotaName': 'KABUPATEN ACEH SELATAN', 'provinsiId': '9xs8yWofOao=', 'provinsiName': 'ACEH'}, {'kecamatanId': 'KYrWzJJ43Ao=', 'kecamatanName': 'SAMA DUA', 'kabKotaId': 'W+YlagqGAFw=', 'kabKotaName': 'KABUPATEN ACEH SELATAN', 'provinsiId': '9xs8yWofOao=', 'provinsiName': 'ACEH'}, {'kecamatanId': 'gtzzTKXvkmQ=', 'kecamatanName': 'SAWANG', 'kabKotaId': 'W+YlagqGAFw=', 'kabKotaName': 'KABUPATEN ACEH SELATAN', 'provinsiId': '9xs8yWofOao=', 'provinsiName': 'ACEH'}, {'kecamatanId': 'IWTCdPqm3q4=', 'kecamatanName': 'LAWE ALAS', 'kabKotaId': 'bPfXZ1fPCfU=', 'kabKotaName': 'KABUPATEN ACEH TENGGARA', 'provinsiId': '9xs8yWofOao=', 'provinsiName': 'ACEH'}, {'kecamatanId': 'yA5yBqYwjd8=', 'kecamatanName': 'TANOH ALAS', 'kabKotaId': 'bPfXZ1fPCfU=', 'kabKotaName': 'KABUPATEN ACEH TENGGARA', 'provinsiId': '9xs8yWofOao=', 'provinsiName': 'ACEH'}, {'kecamatanId': 'bGTadVnVbg4=', 'kecamatanName': 'LAWE SIGALA-GALA', 'kabKotaId': 'bPfXZ1fPCfU=', 'kabKotaName': 'KABUPATEN ACEH TENGGARA', 'provinsiId': '9xs8yWofOao=', 'provinsiName': 'ACEH'}, {'kecamatanId': '1R0gN3QeTcc=', 'kecamatanName': 'SEMADAM', 'kabKotaId': 'bPfXZ1fPCfU=', 'kabKotaName': 'KABUPATEN ACEH TENGGARA', 'provinsiId': '9xs8yWofOao=', 'provinsiName': 'ACEH'}, {'kecamatanId': '3JApHvbo5pI=', 'kecamatanName': 'LAUSER', 'kabKotaId': 'bPfXZ1fPCfU=', 'kabKotaName': 'KABUPATEN ACEH TENGGARA', 'provinsiId': '9xs8yWofOao=', 'provinsiName': 'ACEH'}, {'kecamatanId': 'CaZZK1RXwas=', 'kecamatanName': 'BUKIT TUSAM', 'kabKotaId': 'bPfXZ1fPCfU=', 'kabKotaName': 'KABUPATEN ACEH TENGGARA', 'provinsiId': '9xs8yWofOao=', 'provinsiName': 'ACEH'}, {'kecamatanId': 'yVqxAOqQu6M=', 'kecamatanName': 'LAWE SUMUR', 'kabKotaId': 'bPfXZ1fPCfU=', 'kabKotaName': 'KABUPATEN ACEH TENGGARA', 'provinsiId': '9xs8yWofOao=', 'provinsiName': 'ACEH'}, {'kecamatanId': 'D4gkclCliwc=', 'kecamatanName': 'BABUSSALAM', 'kabKotaId': 'bPfXZ1fPCfU=', 'kabKotaName': 'KABUPATEN ACEH TENGGARA', 'provinsiId': '9xs8yWofOao=', 'provinsiName': 'ACEH'}, {'kecamatanId': 'sOIqkwBp1JY=', 'kecamatanName': 'DARUL HASANAH', 'kabKotaId': 'bPfXZ1fPCfU=', 'kabKotaName': 'KABUPATEN ACEH TENGGARA', 'provinsiId': '9xs8yWofOao=', 'provinsiName': 'ACEH'}, {'kecamatanId': 'gLHpS2YbcIU=', 'kecamatanName': 'DELENG POKHKISEN', 'kabKotaId': 'bPfXZ1fPCfU=', 'kabKotaName': 'KABUPATEN ACEH TENGGARA', 'provinsiId': '9xs8yWofOao=', 'provinsiName': 'ACEH'}, {'kecamatanId': 'sibXvEcaXW8=', 'kecamatanName': 'SERBA JADI', 'kabKotaId': '3DdCGU8emeo=', 'kabKotaName': 'KABUPATEN ACEH TIMUR', 'provinsiId': '9xs8yWofOao=', 'provinsiName': 'ACEH'}, {'kecamatanId': 'SpfjfTxBhbY=', 'kecamatanName': 'SIMPANG JERNIH', 'kabKotaId': '3DdCGU8emeo=', 'kabKotaName': 'KABUPATEN ACEH TIMUR', 'provinsiId': '9xs8yWofOao=', 'provinsiName': 'ACEH'}, {'kecamatanId': 'DMivARIS14A=', 'kecamatanName': 'RANTAU SELAMAT', 'kabKotaId': '3DdCGU8emeo=', 'kabKotaName': 'KABUPATEN ACEH TIMUR', 'provinsiId': '9xs8yWofOao=', 'provinsiName': 'ACEH'}, {'kecamatanId': 'U3XiZV3Ju6k=', 'kecamatanName': 'SUNGAI RAYA', 'kabKotaId': '3DdCGU8emeo=', 'kabKotaName': 'KABUPATEN ACEH TIMUR', 'provinsiId': '9xs8yWofOao=', 'provinsiName': 'ACEH'}, {'kecamatanId': 'R6MrKZ+BqqA=', 'kecamatanName': 'DARUL IHSAN', 'kabKotaId': '3DdCGU8emeo=', 'kabKotaName': 'KABUPATEN ACEH TIMUR', 'provinsiId': '9xs8yWofOao=', 'provinsiName': 'ACEH'}, {'kecamatanId': 'Fv/y27FygvY=', 'kecamatanName': 'NURUSSALAM', 'kabKotaId': '3DdCGU8emeo=', 'kabKotaName': 'KABUPATEN ACEH TIMUR', 'provinsiId': '9xs8yWofOao=', 'provinsiName': 'ACEH'}, {'kecamatanId': '1czv3gFQNDI=', 'kecamatanName': 'SIMPANG ULIM', 'kabKotaId': '3DdCGU8emeo=', 'kabKotaName': 'KABUPATEN ACEH TIMUR', 'provinsiId': '9xs8yWofOao=', 'provinsiName': 'ACEH'}, {'kecamatanId': 'TJl7PrIVp8E=', 'kecamatanName': 'PEGASING', 'kabKotaId': '7HkCqIGsvWA=', 'kabKotaName': 'KABUPATEN ACEH TENGAH', 'provinsiId': '9xs8yWofOao=', 'provinsiName': 'ACEH'}, {'kecamatanId': 'LdDUlPcB6ug=', 'kecamatanName': 'BIES', 'kabKotaId': '7HkCqIGsvWA=', 'kabKotaName': 'KABUPATEN ACEH TENGAH', 'provinsiId': '9xs8yWofOao=', 'provinsiName': 'ACEH'}, {'kecamatanId': '0F6fpPLC774=', 'kecamatanName': 'BEBESEN', 'kabKotaId': '7HkCqIGsvWA=', 'kabKotaName': 'KABUPATEN ACEH TENGAH', 'provinsiId': '9xs8yWofOao=', 'provinsiName': 'ACEH'}, {'kecamatanId': 'PtGRGdETWKs=', 'kecamatanName': 'SILIH NARA', 'kabKotaId': '7HkCqIGsvWA=', 'kabKotaName': 'KABUPATEN ACEH TENGAH', 'provinsiId': '9xs8yWofOao=', 'provinsiName': 'ACEH'}, {'kecamatanId': 'AWJCIQkpyYc=', 'kecamatanName': 'RUSIP ANTARA', 'kabKotaId': '7HkCqIGsvWA=', 'kabKotaName': 'KABUPATEN ACEH TENGAH', 'provinsiId': '9xs8yWofOao=', 'provinsiName': 'ACEH'}, {'kecamatanId': '2GfLNZ253VY=', 'kecamatanName': 'SAMATIGA', 'kabKotaId': 'xWP+4GPIJKQ=', 'kabKotaName': 'KABUPATEN ACEH BARAT', 'provinsiId': '9xs8yWofOao=', 'provinsiName': 'ACEH'}, {'kecamatanId': 'RPz8lUdHB6I=', 'kecamatanName': 'SUNGAI MAS', 'kabKotaId': 'xWP+4GPIJKQ=', 'kabKotaName': 'KABUPATEN ACEH BARAT', 'provinsiId': '9xs8yWofOao=', 'provinsiName': 'ACEH'}, {'kecamatanId': 'eystAYTATag=', 'kecamatanName': 'SEULIMEUM', 'kabKotaId': 'nokGONHMkTo=', 'kabKotaName': 'KABUPATEN ACEH BESAR', 'provinsiId': '9xs8yWofOao=', 'provinsiName': 'ACEH'}, {'kecamatanId': 'n8BW0U2FQAA=', 'kecamatanName': 'LEMBAH SEULAWAH', 'kabKotaId': 'nokGONHMkTo=', 'kabKotaName': 'KABUPATEN ACEH BESAR', 'provinsiId': '9xs8yWofOao=', 'provinsiName': 'ACEH'}, {'kecamatanId': 'drzSuX7ZlQM=', 'kecamatanName': 'MESJID RAYA', 'kabKotaId': 'nokGONHMkTo=', 'kabKotaName': 'KABUPATEN ACEH BESAR', 'provinsiId': '9xs8yWofOao=', 'provinsiName': 'ACEH'}, {'kecamatanId': 'tJNASIgqmNk=', 'kecamatanName': 'DARUSSALAM', 'kabKotaId': 'nokGONHMkTo=', 'kabKotaName': 'KABUPATEN ACEH BESAR', 'provinsiId': '9xs8yWofOao=', 'provinsiName': 'ACEH'}, {'kecamatanId': 'cW6EfNCts1o=', 'kecamatanName': 'BAITUSSALAM', 'kabKotaId': 'nokGONHMkTo=', 'kabKotaName': 'KABUPATEN ACEH BESAR', 'provinsiId': '9xs8yWofOao=', 'provinsiName': 'ACEH'}, {'kecamatanId': 'qzMVp0NjM0U=', 'kecamatanName': 'MONTASIK', 'kabKotaId': 'nokGONHMkTo=', 'kabKotaName': 'KABUPATEN ACEH BESAR', 'provinsiId': '9xs8yWofOao=', 'provinsiName': 'ACEH'}, {'kecamatanId': 'OL4zF0RCdZY=', 'kecamatanName': 'SUKA MAKMUR', 'kabKotaId': 'nokGONHMkTo=', 'kabKotaName': 'KABUPATEN ACEH BESAR', 'provinsiId': '9xs8yWofOao=', 'provinsiName': 'ACEH'}, {'kecamatanId': 'PIgFQeQ37ug=', 'kecamatanName': 'SIMPANG TIGA', 'kabKotaId': 'nokGONHMkTo=', 'kabKotaName': 'KABUPATEN ACEH BESAR', 'provinsiId': '9xs8yWofOao=', 'provinsiName': 'ACEH'}, {'kecamatanId': '9KSYisAYof0=', 'kecamatanName': 'TIRO/TRUSEB', 'kabKotaId': 'HxbTcZvtIEw=', 'kabKotaName': 'KABUPATEN PIDIE', 'provinsiId': '9xs8yWofOao=', 'provinsiName': 'ACEH'}, {'kecamatanId': 'RQv8sSZflWY=', 'kecamatanName': 'TANGSE', 'kabKotaId': 'HxbTcZvtIEw=', 'kabKotaName': 'KABUPATEN PIDIE', 'provinsiId': '9xs8yWofOao=', 'provinsiName': 'ACEH'}, {'kecamatanId': 'xiga+Pgr4Rc=', 'kecamatanName': 'SAKTI', 'kabKotaId': 'HxbTcZvtIEw=', 'kabKotaName': 'KABUPATEN PIDIE', 'provinsiId': '9xs8yWofOao=', 'provinsiName': 'ACEH'}, {'kecamatanId': 'ogLIRQXxdII=', 'kecamatanName': 'SIMPANG TIGA', 'kabKotaId': 'HxbTcZvtIEw=', 'kabKotaName': 'KABUPATEN PIDIE', 'provinsiId': '9xs8yWofOao=', 'provinsiName': 'ACEH'}, {'kecamatanId': 'vjtUHqzf8Lw=', 'kecamatanName': 'KOTA SIGLI', 'kabKotaId': 'HxbTcZvtIEw=', 'kabKotaName': 'KABUPATEN PIDIE', 'provinsiId': '9xs8yWofOao=', 'provinsiName': 'ACEH'}, {'kecamatanId': 'vqbZEwM10v4=', 'kecamatanName': 'SAMALANGA', 'kabKotaId': 'Ap2fKwJA2Z0=', 'kabKotaName': 'KABUPATEN BIREUEN', 'provinsiId': '9xs8yWofOao=', 'provinsiName': 'ACEH'}, {'kecamatanId': '7nD7UWIK9i4=', 'kecamatanName': 'SIMPANG MAMPLAM', 'kabKotaId': 'Ap2fKwJA2Z0=', 'kabKotaName': 'KABUPATEN BIREUEN', 'provinsiId': '9xs8yWofOao=', 'provinsiName': 'ACEH'}, {'kecamatanId': 'nXfPs3HGLEM=', 'kecamatanName': 'PEUSANGAN', 'kabKotaId': 'Ap2fKwJA2Z0=', 'kabKotaName': 'KABUPATEN BIREUEN', 'provinsiId': '9xs8yWofOao=', 'provinsiName': 'ACEH'}, {'kecamatanId': '4v3QMNb+rFc=', 'kecamatanName': 'PEUSANGAN SELATAN', 'kabKotaId': 'Ap2fKwJA2Z0=', 'kabKotaName': 'KABUPATEN BIREUEN', 'provinsiId': '9xs8yWofOao=', 'provinsiName': 'ACEH'}, {'kecamatanId': 'JjgoZvmjL/M=', 'kecamatanName': 'PEUSANGAN SIBLAH KRUENG', 'kabKotaId': 'Ap2fKwJA2Z0=', 'kabKotaName': 'KABUPATEN BIREUEN', 'provinsiId': '9xs8yWofOao=', 'provinsiName': 'ACEH'}, {'kecamatanId': '5/tR1mfgsA8=', 'kecamatanName': 'SAWANG', 'kabKotaId': 'G43u+OT5DS8=', 'kabKotaName': 'KABUPATEN ACEH UTARA', 'provinsiId': '9xs8yWofOao=', 'provinsiName': 'ACEH'}, {'kecamatanId': 'pWs61JayvM0=', 'kecamatanName': 'NISAM', 'kabKotaId': 'G43u+OT5DS8=', 'kabKotaName': 'KABUPATEN ACEH UTARA', 'provinsiId': '9xs8yWofOao=', 'provinsiName': 'ACEH'}, {'kecamatanId': 'JfUkE6RBLG0=', 'kecamatanName': 'NISAM ANTARA', 'kabKotaId': 'G43u+OT5DS8=', 'kabKotaName': 'KABUPATEN ACEH UTARA', 'provinsiId': '9xs8yWofOao=', 'provinsiName': 'ACEH'}, {'kecamatanId': 'Evrw/4AeNLA=', 'kecamatanName': 'SIMPANG KERAMAT', 'kabKotaId': 'G43u+OT5DS8=', 'kabKotaName': 'KABUPATEN ACEH UTARA', 'provinsiId': '9xs8yWofOao=', 'provinsiName': 'ACEH'}, {'kecamatanId': 'dApspLBYVyU=', 'kecamatanName': 'SYAMTALIRA BAYU', 'kabKotaId': 'G43u+OT5DS8=', 'kabKotaName': 'KABUPATEN ACEH UTARA', 'provinsiId': '9xs8yWofOao=', 'provinsiName': 'ACEH'}, {'kecamatanId': 'tpOaRYcaB5c=', 'kecamatanName': 'GEUREUDONG PASE', 'kabKotaId': 'G43u+OT5DS8=', 'kabKotaName': 'KABUPATEN ACEH UTARA', 'provinsiId': '9xs8yWofOao=', 'provinsiName': 'ACEH'}, {'kecamatanId': 'Z0x2cpCWPIg=', 'kecamatanName': 'SEUNUDDON', 'kabKotaId': 'G43u+OT5DS8=', 'kabKotaName': 'KABUPATEN ACEH UTARA', 'provinsiId': '9xs8yWofOao=', 'provinsiName': 'ACEH'}, {'kecamatanId': 'mb8i+Ov3Kdg=', 'kecamatanName': 'LHOKSUKON', 'kabKotaId': 'G43u+OT5DS8=', 'kabKotaName': 'KABUPATEN ACEH UTARA', 'provinsiId': '9xs8yWofOao=', 'provinsiName': 'ACEH'}, {'kecamatanId': 'u0kUizYl1/8=', 'kecamatanName': 'TANAH LUAS', 'kabKotaId': 'G43u+OT5DS8=', 'kabKotaName': 'KABUPATEN ACEH UTARA', 'provinsiId': '9xs8yWofOao=', 'provinsiName': 'ACEH'}, {'kecamatanId': 'DRAZBfsT1ZU=', 'kecamatanName': 'SAMUDERA', 'kabKotaId': 'G43u+OT5DS8=', 'kabKotaName': 'KABUPATEN ACEH UTARA', 'provinsiId': '9xs8yWofOao=', 'provinsiName': 'ACEH'}, {'kecamatanId': 'hO7PMCGxAoc=', 'kecamatanName': 'SYAMTALIRA ARON', 'kabKotaId': 'G43u+OT5DS8=', 'kabKotaName': 'KABUPATEN ACEH UTARA', 'provinsiId': '9xs8yWofOao=', 'provinsiName': 'ACEH'}, {'kecamatanId': 'xvadM9Xax5U=', 'kecamatanName': 'TANAH PASIR', 'kabKotaId': 'G43u+OT5DS8=', 'kabKotaName': 'KABUPATEN ACEH UTARA', 'provinsiId': '9xs8yWofOao=', 'provinsiName': 'ACEH'}, {'kecamatanId': 'HoprZhaumwY=', 'kecamatanName': 'LEMBAH SABIL', 'kabKotaId': 'gvWohZHVqqg=', 'kabKotaName': 'KABUPATEN ACEH BARAT DAYA', 'provinsiId': '9xs8yWofOao=', 'provinsiName': 'ACEH'}, {'kecamatanId': 'jTkfcVP4+Xk=', 'kecamatanName': 'SETIA', 'kabKotaId': 'gvWohZHVqqg=', 'kabKotaName': 'KABUPATEN ACEH BARAT DAYA', 'provinsiId': '9xs8yWofOao=', 'provinsiName': 'ACEH'}, {'kecamatanId': 'dgNNGTPmoOg=', 'kecamatanName': 'SUSOH', 'kabKotaId': 'gvWohZHVqqg=', 'kabKotaName': 'KABUPATEN ACEH BARAT DAYA', 'provinsiId': '9xs8yWofOao=', 'provinsiName': 'ACEH'}, {'kecamatanId': 'LxS9YIpB0y8=', 'kecamatanName': 'BANDAR PUSAKA', 'kabKotaId': 'MvF7s2W0sCw=', 'kabKotaName': 'KABUPATEN ACEH TAMIANG', 'provinsiId': '9xs8yWofOao=', 'provinsiName': 'ACEH'}, {'kecamatanId': '879YrKAtP8w=', 'kecamatanName': 'KOTA KUALA SIMPANG', 'kabKotaId': 'MvF7s2W0sCw=', 'kabKotaName': 'KABUPATEN ACEH TAMIANG', 'provinsiId': '9xs8yWofOao=', 'provinsiName': 'ACEH'}, {'kecamatanId': 'KhefSZ0+VQc=', 'kecamatanName': 'SERUWAY', 'kabKotaId': 'MvF7s2W0sCw=', 'kabKotaName': 'KABUPATEN ACEH TAMIANG', 'provinsiId': '9xs8yWofOao=', 'provinsiName': 'ACEH'}, {'kecamatanId': 'TfeIfKoWdTo=', 'kecamatanName': 'SEKERAK', 'kabKotaId': 'MvF7s2W0sCw=', 'kabKotaName': 'KABUPATEN ACEH TAMIANG', 'provinsiId': '9xs8yWofOao=', 'provinsiName': 'ACEH'}, {'kecamatanId': 'ghBzALpJ5EE=', 'kecamatanName': 'KUALA PESISIR', 'kabKotaId': 'ooTNfXbOcww=', 'kabKotaName': 'KABUPATEN NAGAN RAYA', 'provinsiId': '9xs8yWofOao=', 'provinsiName': 'ACEH'}, {'kecamatanId': '2oQx8gqOenw=', 'kecamatanName': 'SEUNAGAN', 'kabKotaId': 'ooTNfXbOcww=', 'kabKotaName': 'KABUPATEN NAGAN RAYA', 'provinsiId': '9xs8yWofOao=', 'provinsiName': 'ACEH'}, {'kecamatanId': 'gi09hwEj7S4=', 'kecamatanName': 'SUKA MAKMUE', 'kabKotaId': 'ooTNfXbOcww=', 'kabKotaName': 'KABUPATEN NAGAN RAYA', 'provinsiId': '9xs8yWofOao=', 'provinsiName': 'ACEH'}, {'kecamatanId': '9l1rq075Fa4=', 'kecamatanName': 'SEUNAGAN TIMUR', 'kabKotaId': 'ooTNfXbOcww=', 'kabKotaName': 'KABUPATEN NAGAN RAYA', 'provinsiId': '9xs8yWofOao=', 'provinsiName': 'ACEH'}, {'kecamatanId': 'hQ9xCJhTOvU=', 'kecamatanName': 'PASIE RAYA', 'kabKotaId': 'qqe97QR5W1k=', 'kabKotaName': 'KABUPATEN ACEH JAYA', 'provinsiId': '9xs8yWofOao=', 'provinsiName': 'ACEH'}, {'kecamatanId': 'syrO1tHcCIE=', 'kecamatanName': 'KRUENG SABEE', 'kabKotaId': 'qqe97QR5W1k=', 'kabKotaName': 'KABUPATEN ACEH JAYA', 'provinsiId': '9xs8yWofOao=', 'provinsiName': 'ACEH'}, {'kecamatanId': 'OF73c8mBBgU=', 'kecamatanName': 'SETIA BAKTI', 'kabKotaId': 'qqe97QR5W1k=', 'kabKotaName': 'KABUPATEN ACEH JAYA', 'provinsiId': '9xs8yWofOao=', 'provinsiName': 'ACEH'}, {'kecamatanId': '/0dmUO+3uO0=', 'kecamatanName': 'SAMPOINIET', 'kabKotaId': 'qqe97QR5W1k=', 'kabKotaName': 'KABUPATEN ACEH JAYA', 'provinsiId': '9xs8yWofOao=', 'provinsiName': 'ACEH'}, {'kecamatanId': 'lNNwzr7MiNU=', 'kecamatanName': 'WIH PESAM', 'kabKotaId': 'ARu56ZrN3kQ=', 'kabKotaName': 'KABUPATEN BENER MERIAH', 'provinsiId': '9xs8yWofOao=', 'provinsiName': 'ACEH'}, {'kecamatanId': 'P48CJ+vGOYM=', 'kecamatanName': 'SYIAH UTAMA', 'kabKotaId': 'ARu56ZrN3kQ=', 'kabKotaName': 'KABUPATEN BENER MERIAH', 'provinsiId': '9xs8yWofOao=', 'provinsiName': 'ACEH'}, {'kecamatanId': '7dbbqMon5Jk=', 'kecamatanName': 'MESIDAH', 'kabKotaId': 'ARu56ZrN3kQ=', 'kabKotaName': 'KABUPATEN BENER MERIAH', 'provinsiId': '9xs8yWofOao=', 'provinsiName': 'ACEH'}, {'kecamatanId': '7TyvVyMH4io=', 'kecamatanName': 'SYIAH KUALA', 'kabKotaId': '+5OCgetFZDQ=', 'kabKotaName': 'KOTA BANDA ACEH', 'provinsiId': '9xs8yWofOao=', 'provinsiName': 'ACEH'}, {'kecamatanId': '0w+Ig+N51UU=', 'kecamatanName': 'SUKAJAYA', 'kabKotaId': 'xdrNaBBeZhY=', 'kabKotaName': 'KOTA SABANG', 'provinsiId': '9xs8yWofOao=', 'provinsiName': 'ACEH'}, {'kecamatanId': 'nlk6umaNPRs=', 'kecamatanName': 'SUKAKARYA', 'kabKotaId': 'xdrNaBBeZhY=', 'kabKotaName': 'KOTA SABANG', 'provinsiId': '9xs8yWofOao=', 'provinsiName': 'ACEH'}, {'kecamatanId': '2Pg3r+zoo+E=', 'kecamatanName': 'LANGSA TIMUR', 'kabKotaId': 'yuAMLA2zrDg=', 'kabKotaName': 'KOTA LANGSA', 'provinsiId': '9xs8yWofOao=', 'provinsiName': 'ACEH'}, {'kecamatanId': 'dTZ0TIwE8Mo=', 'kecamatanName': 'LANGSA LAMA', 'kabKotaId': 'yuAMLA2zrDg=', 'kabKotaName': 'KOTA LANGSA', 'provinsiId': '9xs8yWofOao=', 'provinsiName': 'ACEH'}, {'kecamatanId': '3eqvi1bTqQ8=', 'kecamatanName': 'LANGSA BARAT', 'kabKotaId': 'yuAMLA2zrDg=', 'kabKotaName': 'KOTA LANGSA', 'provinsiId': '9xs8yWofOao=', 'provinsiName': 'ACEH'}, {'kecamatanId': 'JQ78cMdug8w=', 'kecamatanName': 'LANGSA BARO', 'kabKotaId': 'yuAMLA2zrDg=', 'kabKotaName': 'KOTA LANGSA', 'provinsiId': '9xs8yWofOao=', 'provinsiName': 'ACEH'}, {'kecamatanId': 'BkmdFDT80nY=', 'kecamatanName': 'LANGSA KOTA', 'kabKotaId': 'yuAMLA2zrDg=', 'kabKotaName': 'KOTA LANGSA', 'provinsiId': '9xs8yWofOao=', 'provinsiName': 'ACEH'}, {'kecamatanId': 'sWa8h0yqR7I=', 'kecamatanName': 'MUARA SATU', 'kabKotaId': 'fFoNj3XcWac=', 'kabKotaName': 'KOTA LHOKSEUMAWE', 'provinsiId': '9xs8yWofOao=', 'provinsiName': 'ACEH'}, {'kecamatanId': 'k6SWrSSIBfk=', 'kecamatanName': 'BANDA SAKTI', 'kabKotaId': 'fFoNj3XcWac=', 'kabKotaName': 'KOTA LHOKSEUMAWE', 'provinsiId': '9xs8yWofOao=', 'provinsiName': 'ACEH'}, {'kecamatanId': 'dflsu3WUoqQ=', 'kecamatanName': 'SIMPANG KIRI', 'kabKotaId': 'nOmmcLPkqvY=', 'kabKotaName': 'KOTA SUBULUSSALAM', 'provinsiId': '9xs8yWofOao=', 'provinsiName': 'ACEH'}, {'kecamatanId': 'Vy51s7gUIpY=', 'kecamatanName': 'SULTAN DAULAT', 'kabKotaId': 'nOmmcLPkqvY=', 'kabKotaName': 'KOTA SUBULUSSALAM', 'provinsiId': '9xs8yWofOao=', 'provinsiName': 'ACEH'}, {'kecamatanId': 'dEFlCoWiUKg=', 'kecamatanName': 'SOGAEADU', 'kabKotaId': 'dlt+gKmn+mA=', 'kabKotaName': 'KABUPATEN NIAS', 'provinsiId': 'G6yZuPlzBN0=', 'provinsiName': 'SUMATERA UTARA'}, {'kecamatanId': 'sGFlUe23K3M=', 'kecamatanName': 'SOMOLO - MOLO', 'kabKotaId': 'dlt+gKmn+mA=', 'kabKotaName': 'KABUPATEN NIAS', 'provinsiId': 'G6yZuPlzBN0=', 'provinsiName': 'SUMATERA UTARA'}, {'kecamatanId': 'JPvWL5ICSVQ=', 'kecamatanName': 'HILI SERANGKAI', 'kabKotaId': 'dlt+gKmn+mA=', 'kabKotaName': 'KABUPATEN NIAS', 'provinsiId': 'G6yZuPlzBN0=', 'provinsiName': 'SUMATERA UTARA'}, {'kecamatanId': '9+RkHdHMOpk=', 'kecamatanName': 'SINUNUKAN', 'kabKotaId': 'GXSuf9MSxJM=', 'kabKotaName': 'KABUPATEN MANDAILING NATAL', 'provinsiId': 'G6yZuPlzBN0=', 'provinsiName': 'SUMATERA UTARA'}, {'kecamatanId': 'beJKQzFwSvY=', 'kecamatanName': 'LEMBAH SORIK MARAPI', 'kabKotaId': 'GXSuf9MSxJM=', 'kabKotaName': 'KABUPATEN MANDAILING NATAL', 'provinsiId': 'G6yZuPlzBN0=', 'provinsiName': 'SUMATERA UTARA'}, {'kecamatanId': 'DS97XmvCuik=', 'kecamatanName': 'PUNCAK SORIK MARAPI', 'kabKotaId': 'GXSuf9MSxJM=', 'kabKotaName': 'KABUPATEN MANDAILING NATAL', 'provinsiId': 'G6yZuPlzBN0=', 'provinsiName': 'SUMATERA UTARA'}, {'kecamatanId': 'Dz/4qF2SdLM=', 'kecamatanName': 'MUARA SIPONGI', 'kabKotaId': 'GXSuf9MSxJM=', 'kabKotaName': 'KABUPATEN MANDAILING NATAL', 'provinsiId': 'G6yZuPlzBN0=', 'provinsiName': 'SUMATERA UTARA'}, {'kecamatanId': '/CTRA+RKTg4=', 'kecamatanName': 'PANYABUNGAN SELATAN', 'kabKotaId': 'GXSuf9MSxJM=', 'kabKotaName': 'KABUPATEN MANDAILING NATAL', 'provinsiId': 'G6yZuPlzBN0=', 'provinsiName': 'SUMATERA UTARA'}, {'kecamatanId': 'lw/Aiyp0fh8=', 'kecamatanName': 'MUARA BATANG GADIS', 'kabKotaId': 'GXSuf9MSxJM=', 'kabKotaName': 'KABUPATEN MANDAILING NATAL', 'provinsiId': 'G6yZuPlzBN0=', 'provinsiName': 'SUMATERA UTARA'}, {'kecamatanId': 'WN4WfrQ/IZg=', 'kecamatanName': 'SIABU', 'kabKotaId': 'GXSuf9MSxJM=', 'kabKotaName': 'KABUPATEN MANDAILING NATAL', 'provinsiId': 'G6yZuPlzBN0=', 'provinsiName': 'SUMATERA UTARA'}, {'kecamatanId': 'ANuHFgRtDwI=', 'kecamatanName': 'SAYUR MATINGGI', 'kabKotaId': 'CFKFAXy3wKU=', 'kabKotaName': 'KABUPATEN TAPANULI SELATAN', 'provinsiId': 'G6yZuPlzBN0=', 'provinsiName': 'SUMATERA UTARA'}, {'kecamatanId': 'vq78mzFT6M4=', 'kecamatanName': 'ANGKOLA SELATAN', 'kabKotaId': 'CFKFAXy3wKU=', 'kabKotaName': 'KABUPATEN TAPANULI SELATAN', 'provinsiId': 'G6yZuPlzBN0=', 'provinsiName': 'SUMATERA UTARA'}, {'kecamatanId': '8TWHiDC1swI=', 'kecamatanName': 'ANGKOLA SANGKUNUR', 'kabKotaId': 'CFKFAXy3wKU=', 'kabKotaName': 'KABUPATEN TAPANULI SELATAN', 'provinsiId': 'G6yZuPlzBN0=', 'provinsiName': 'SUMATERA UTARA'}, {'kecamatanId': 'zG3UFHaBxxE=', 'kecamatanName': 'SIPIROK', 'kabKotaId': 'CFKFAXy3wKU=', 'kabKotaName': 'KABUPATEN TAPANULI SELATAN', 'provinsiId': 'G6yZuPlzBN0=', 'provinsiName': 'SUMATERA UTARA'}, {'kecamatanId': 'ggkb8JRKSN8=', 'kecamatanName': 'ARSE', 'kabKotaId': 'CFKFAXy3wKU=', 'kabKotaName': 'KABUPATEN TAPANULI SELATAN', 'provinsiId': 'G6yZuPlzBN0=', 'provinsiName': 'SUMATERA UTARA'}, {'kecamatanId': '3/UX5MDWjGI=', 'kecamatanName': 'SAIPAR DOLOK HOLE', 'kabKotaId': 'CFKFAXy3wKU=', 'kabKotaName': 'KABUPATEN TAPANULI SELATAN', 'provinsiId': 'G6yZuPlzBN0=', 'provinsiName': 'SUMATERA UTARA'}, {'kecamatanId': 'sN7gRDaNFl4=', 'kecamatanName': 'PINANG SORI', 'kabKotaId': 'DzfHk2JXpUo=', 'kabKotaName': 'KABUPATEN TAPANULI TENGAH', 'provinsiId': 'G6yZuPlzBN0=', 'provinsiName': 'SUMATERA UTARA'}, {'kecamatanId': '6qtxxzbBY3g=', 'kecamatanName': 'SIBABANGUN', 'kabKotaId': 'DzfHk2JXpUo=', 'kabKotaName': 'KABUPATEN TAPANULI TENGAH', 'provinsiId': 'G6yZuPlzBN0=', 'provinsiName': 'SUMATERA UTARA'}, {'kecamatanId': '90vUy30OuG0=', 'kecamatanName': 'SUKABANGUN', 'kabKotaId': 'DzfHk2JXpUo=', 'kabKotaName': 'KABUPATEN TAPANULI TENGAH', 'provinsiId': 'G6yZuPlzBN0=', 'provinsiName': 'SUMATERA UTARA'}, {'kecamatanId': 'cUjTIFbHqRE=', 'kecamatanName': 'SARUDIK', 'kabKotaId': 'DzfHk2JXpUo=', 'kabKotaName': 'KABUPATEN TAPANULI TENGAH', 'provinsiId': 'G6yZuPlzBN0=', 'provinsiName': 'SUMATERA UTARA'}, {'kecamatanId': '/OmYKru4uRQ=', 'kecamatanName': 'SITAHUIS', 'kabKotaId': 'DzfHk2JXpUo=', 'kabKotaName': 'KABUPATEN TAPANULI TENGAH', 'provinsiId': 'G6yZuPlzBN0=', 'provinsiName': 'SUMATERA UTARA'}, {'kecamatanId': 'nZRTpb4ROg8=', 'kecamatanName': 'SORKAM', 'kabKotaId': 'DzfHk2JXpUo=', 'kabKotaName': 'KABUPATEN TAPANULI TENGAH', 'provinsiId': 'G6yZuPlzBN0=', 'provinsiName': 'SUMATERA UTARA'}, {'kecamatanId': '+HdSioD/p5A=', 'kecamatanName': 'SORKAM BARAT', 'kabKotaId': 'DzfHk2JXpUo=', 'kabKotaName': 'KABUPATEN TAPANULI TENGAH', 'provinsiId': 'G6yZuPlzBN0=', 'provinsiName': 'SUMATERA UTARA'}, {'kecamatanId': 'Re9wJMfnh4A=', 'kecamatanName': 'PASARIBU TOBING', 'kabKotaId': 'DzfHk2JXpUo=', 'kabKotaName': 'KABUPATEN TAPANULI TENGAH', 'provinsiId': 'G6yZuPlzBN0=', 'provinsiName': 'SUMATERA UTARA'}, {'kecamatanId': 'r9V1MXIZlzs=', 'kecamatanName': 'BARUS', 'kabKotaId': 'DzfHk2JXpUo=', 'kabKotaName': 'KABUPATEN TAPANULI TENGAH', 'provinsiId': 'G6yZuPlzBN0=', 'provinsiName': 'SUMATERA UTARA'}, {'kecamatanId': 'dcvbeAacf/Y=', 'kecamatanName': 'SOSOR GADONG', 'kabKotaId': 'DzfHk2JXpUo=', 'kabKotaName': 'KABUPATEN TAPANULI TENGAH', 'provinsiId': 'G6yZuPlzBN0=', 'provinsiName': 'SUMATERA UTARA'}, {'kecamatanId': 'Sh1vIdBTtOo=', 'kecamatanName': 'BARUS UTARA', 'kabKotaId': 'DzfHk2JXpUo=', 'kabKotaName': 'KABUPATEN TAPANULI TENGAH', 'provinsiId': 'G6yZuPlzBN0=', 'provinsiName': 'SUMATERA UTARA'}, {'kecamatanId': 'ac7Eenj3pBs=', 'kecamatanName': 'MANDUAMAS', 'kabKotaId': 'DzfHk2JXpUo=', 'kabKotaName': 'KABUPATEN TAPANULI TENGAH', 'provinsiId': 'G6yZuPlzBN0=', 'provinsiName': 'SUMATERA UTARA'}, {'kecamatanId': 'DyDcKthCKNo=', 'kecamatanName': 'SIRANDORUNG', 'kabKotaId': 'DzfHk2JXpUo=', 'kabKotaName': 'KABUPATEN TAPANULI TENGAH', 'provinsiId': 'G6yZuPlzBN0=', 'provinsiName': 'SUMATERA UTARA'}, {'kecamatanId': '8JchXd/MgEU=', 'kecamatanName': 'SIPOHOLON', 'kabKotaId': 'nxliVPXeboc=', 'kabKotaName': 'KABUPATEN TAPANULI UTARA', 'provinsiId': 'G6yZuPlzBN0=', 'provinsiName': 'SUMATERA UTARA'}, {'kecamatanId': 'N1HJ88iC/7I=', 'kecamatanName': 'SIATAS BARITA', 'kabKotaId': 'nxliVPXeboc=', 'kabKotaName': 'KABUPATEN TAPANULI UTARA', 'provinsiId': 'G6yZuPlzBN0=', 'provinsiName': 'SUMATERA UTARA'}, {'kecamatanId': 'AeWDNyWgppE=', 'kecamatanName': 'SIMANGUMBAN', 'kabKotaId': 'nxliVPXeboc=', 'kabKotaName': 'KABUPATEN TAPANULI UTARA', 'provinsiId': 'G6yZuPlzBN0=', 'provinsiName': 'SUMATERA UTARA'}, {'kecamatanId': 'zQSgHgM26RM=', 'kecamatanName': 'SIPAHUTAR', 'kabKotaId': 'nxliVPXeboc=', 'kabKotaName': 'KABUPATEN TAPANULI UTARA', 'provinsiId': 'G6yZuPlzBN0=', 'provinsiName': 'SUMATERA UTARA'}, {'kecamatanId': 'zSMVp+Y3YdI=', 'kecamatanName': 'SIBORONG-BORONG', 'kabKotaId': 'nxliVPXeboc=', 'kabKotaName': 'KABUPATEN TAPANULI UTARA', 'provinsiId': 'G6yZuPlzBN0=', 'provinsiName': 'SUMATERA UTARA'}, {'kecamatanId': 'Gx8GhjjZRiQ=', 'kecamatanName': 'HABINSARAN', 'kabKotaId': 'n8yUarhBhp8=', 'kabKotaName': 'KABUPATEN TOBA SAMOSIR', 'provinsiId': 'G6yZuPlzBN0=', 'provinsiName': 'SUMATERA UTARA'}, {'kecamatanId': 'Aw/6O6T03jk=', 'kecamatanName': 'NASSAU', 'kabKotaId': 'n8yUarhBhp8=', 'kabKotaName': 'KABUPATEN TOBA SAMOSIR', 'provinsiId': 'G6yZuPlzBN0=', 'provinsiName': 'SUMATERA UTARA'}, {'kecamatanId': 'JkNyRTNGCUI=', 'kecamatanName': 'SILAEN', 'kabKotaId': 'n8yUarhBhp8=', 'kabKotaName': 'KABUPATEN TOBA SAMOSIR', 'provinsiId': 'G6yZuPlzBN0=', 'provinsiName': 'SUMATERA UTARA'}, {'kecamatanId': 'j7uiqv71Gvs=', 'kecamatanName': 'SIGUMPAR', 'kabKotaId': 'n8yUarhBhp8=', 'kabKotaName': 'KABUPATEN TOBA SAMOSIR', 'provinsiId': 'G6yZuPlzBN0=', 'provinsiName': 'SUMATERA UTARA'}, {'kecamatanId': 'k4soXDn5L78=', 'kecamatanName': 'PORSEA', 'kabKotaId': 'n8yUarhBhp8=', 'kabKotaName': 'KABUPATEN TOBA SAMOSIR', 'provinsiId': 'G6yZuPlzBN0=', 'provinsiName': 'SUMATERA UTARA'}, {'kecamatanId': 'XTdsZOC4M6A=', 'kecamatanName': 'SIANTAR NARUMONDA', 'kabKotaId': 'n8yUarhBhp8=', 'kabKotaName': 'KABUPATEN TOBA SAMOSIR', 'provinsiId': 'G6yZuPlzBN0=', 'provinsiName': 'SUMATERA UTARA'}, {'kecamatanId': 'MBALoBHTwUc=', 'kecamatanName': 'PARMAKSIAN', 'kabKotaId': 'n8yUarhBhp8=', 'kabKotaName': 'KABUPATEN TOBA SAMOSIR', 'provinsiId': 'G6yZuPlzBN0=', 'provinsiName': 'SUMATERA UTARA'}, {'kecamatanId': 'SkTooq75HUM=', 'kecamatanName': 'BONATUA LUNASI', 'kabKotaId': 'n8yUarhBhp8=', 'kabKotaName': 'KABUPATEN TOBA SAMOSIR', 'provinsiId': 'G6yZuPlzBN0=', 'provinsiName': 'SUMATERA UTARA'}, {'kecamatanId': 'gO5UbRmYelQ=', 'kecamatanName': 'RANTAU SELATAN', 'kabKotaId': 'Jw0039rQsAA=', 'kabKotaName': 'KABUPATEN LABUHAN BATU', 'provinsiId': 'G6yZuPlzBN0=', 'provinsiName': 'SUMATERA UTARA'}, {'kecamatanId': 'obUMQwUCyMw=', 'kecamatanName': 'BANDAR PASIR MANDOGE', 'kabKotaId': 'y7fvtXMioyo=', 'kabKotaName': 'KABUPATEN ASAHAN', 'provinsiId': 'G6yZuPlzBN0=', 'provinsiName': 'SUMATERA UTARA'}, {'kecamatanId': 'XFgzwbWbRNo=', 'kecamatanName': 'AEK SONGSONGAN', 'kabKotaId': 'y7fvtXMioyo=', 'kabKotaName': 'KABUPATEN ASAHAN', 'provinsiId': 'G6yZuPlzBN0=', 'provinsiName': 'SUMATERA UTARA'}, {'kecamatanId': 'rvRpVopu470=', 'kecamatanName': 'AEK KUASAN', 'kabKotaId': 'y7fvtXMioyo=', 'kabKotaName': 'KABUPATEN ASAHAN', 'provinsiId': 'G6yZuPlzBN0=', 'provinsiName': 'SUMATERA UTARA'}, {'kecamatanId': 'SY2/pm1/9Mw=', 'kecamatanName': 'SEI KEPAYANG', 'kabKotaId': 'y7fvtXMioyo=', 'kabKotaName': 'KABUPATEN ASAHAN', 'provinsiId': 'G6yZuPlzBN0=', 'provinsiName': 'SUMATERA UTARA'}, {'kecamatanId': 'lK73MMwbTbQ=', 'kecamatanName': 'SEI KEPAYANG BARAT', 'kabKotaId': 'y7fvtXMioyo=', 'kabKotaName': 'KABUPATEN ASAHAN', 'provinsiId': 'G6yZuPlzBN0=', 'provinsiName': 'SUMATERA UTARA'}, {'kecamatanId': 'CgIAB4q2pc4=', 'kecamatanName': 'SEI KEPAYANG TIMUR', 'kabKotaId': 'y7fvtXMioyo=', 'kabKotaName': 'KABUPATEN ASAHAN', 'provinsiId': 'G6yZuPlzBN0=', 'provinsiName': 'SUMATERA UTARA'}, {'kecamatanId': 'CqGbK8MRzyo=', 'kecamatanName': 'SIMPANG EMPAT', 'kabKotaId': 'y7fvtXMioyo=', 'kabKotaName': 'KABUPATEN ASAHAN', 'provinsiId': 'G6yZuPlzBN0=', 'provinsiName': 'SUMATERA UTARA'}, {'kecamatanId': 'Vy2lkDNayaA=', 'kecamatanName': 'SEI DADAP', 'kabKotaId': 'y7fvtXMioyo=', 'kabKotaName': 'KABUPATEN ASAHAN', 'provinsiId': 'G6yZuPlzBN0=', 'provinsiName': 'SUMATERA UTARA'}, {'kecamatanId': 'zLDVqWFuokA=', 'kecamatanName': 'SETIA JANJI', 'kabKotaId': 'y7fvtXMioyo=', 'kabKotaName': 'KABUPATEN ASAHAN', 'provinsiId': 'G6yZuPlzBN0=', 'provinsiName': 'SUMATERA UTARA'}, {'kecamatanId': 'nvDXLA3YrGc=', 'kecamatanName': 'SILAU LAUT', 'kabKotaId': 'y7fvtXMioyo=', 'kabKotaName': 'KABUPATEN ASAHAN', 'provinsiId': 'G6yZuPlzBN0=', 'provinsiName': 'SUMATERA UTARA'}, {'kecamatanId': 'nilN1r9DB9c=', 'kecamatanName': 'KISARAN BARAT', 'kabKotaId': 'y7fvtXMioyo=', 'kabKotaName': 'KABUPATEN ASAHAN', 'provinsiId': 'G6yZuPlzBN0=', 'provinsiName': 'SUMATERA UTARA'}, {'kecamatanId': '0H7ZPxj+8/Q=', 'kecamatanName': 'KISARAN TIMUR', 'kabKotaId': 'y7fvtXMioyo=', 'kabKotaName': 'KABUPATEN ASAHAN', 'provinsiId': 'G6yZuPlzBN0=', 'provinsiName': 'SUMATERA UTARA'}, {'kecamatanId': 'vqHPiWuNq4k=', 'kecamatanName': 'SILIMAKUTA', 'kabKotaId': 'O4Fvk2UEWvo=', 'kabKotaName': 'KABUPATEN SIMALUNGUN', 'provinsiId': 'G6yZuPlzBN0=', 'provinsiName': 'SUMATERA UTARA'}, {'kecamatanId': 'MWppaSLGRHw=', 'kecamatanName': 'PEMATANG SILIMAHUTA', 'kabKotaId': 'O4Fvk2UEWvo=', 'kabKotaName': 'KABUPATEN SIMALUNGUN', 'provinsiId': 'G6yZuPlzBN0=', 'provinsiName': 'SUMATERA UTARA'}, {'kecamatanId': 'F6xrqJ+qQ6U=', 'kecamatanName': 'HARANGGAOL HORISON', 'kabKotaId': 'O4Fvk2UEWvo=', 'kabKotaName': 'KABUPATEN SIMALUNGUN', 'provinsiId': 'G6yZuPlzBN0=', 'provinsiName': 'SUMATERA UTARA'}, {'kecamatanId': '5AN8+rgJo1A=', 'kecamatanName': 'SIDAMANIK', 'kabKotaId': 'O4Fvk2UEWvo=', 'kabKotaName': 'KABUPATEN SIMALUNGUN', 'provinsiId': 'G6yZuPlzBN0=', 'provinsiName': 'SUMATERA UTARA'}, {'kecamatanId': 'WdrTRSXPDf0=', 'kecamatanName': 'PEMATANG SIDAMANIK', 'kabKotaId': 'O4Fvk2UEWvo=', 'kabKotaName': 'KABUPATEN SIMALUNGUN', 'provinsiId': 'G6yZuPlzBN0=', 'provinsiName': 'SUMATERA UTARA'}, {'kecamatanId': 'Ldk/LYdVrbM=', 'kecamatanName': 'GIRSANG SIPANGAN BOLON', 'kabKotaId': 'O4Fvk2UEWvo=', 'kabKotaName': 'KABUPATEN SIMALUNGUN', 'provinsiId': 'G6yZuPlzBN0=', 'provinsiName': 'SUMATERA UTARA'}, {'kecamatanId': 'bINEFtobazY=', 'kecamatanName': 'DOLOK SILAU', 'kabKotaId': 'O4Fvk2UEWvo=', 'kabKotaName': 'KABUPATEN SIMALUNGUN', 'provinsiId': 'G6yZuPlzBN0=', 'provinsiName': 'SUMATERA UTARA'}, {'kecamatanId': 'U1d2TiPXG9g=', 'kecamatanName': 'SILAU KAHEAN', 'kabKotaId': 'O4Fvk2UEWvo=', 'kabKotaName': 'KABUPATEN SIMALUNGUN', 'provinsiId': 'G6yZuPlzBN0=', 'provinsiName': 'SUMATERA UTARA'}, {'kecamatanId': 'irnHyqK/dvM=',
[...]
<status status="PASS" start="2025-05-02T15:30:40.449745" elapsed="3.413058"/>
</kw>
<status status="PASS" start="2025-05-02T15:28:53.183534" elapsed="110.681304"/>
</branch>
<branch type="ELSE IF" condition="'${counter}' == '3'">
<kw name="user click element" owner="generalFunct">
<arg>${fieldPICfinance}</arg>
<status status="NOT RUN" start="2025-05-02T15:30:43.873964" elapsed="0.001709"/>
</kw>
<kw name="Random Number" owner="generalFunct">
<arg>${totalUser}</arg>
<status status="NOT RUN" start="2025-05-02T15:30:43.877785" elapsed="0.000837"/>
</kw>
<kw name="general return status" owner="generalFunct">
<var>${res}</var>
<arg>xpath=//div[@class='dvContentSearch'][${randomAngka}]/p[@style='color:#4C4DDC']</arg>
<status status="NOT RUN" start="2025-05-02T15:30:43.880183" elapsed="0.001947"/>
</kw>
<if>
<branch type="IF" condition="${res}">
<kw name="Random Number" owner="generalFunct">
<arg>${totalUser}</arg>
<status status="NOT RUN" start="2025-05-02T15:30:43.892220" elapsed="0.001688"/>
</kw>
<kw name="general return status" owner="generalFunct">
<var>${res}</var>
<arg>xpath=//div[@class='dvContentSearch'][${randomAngka}]/p[@style='color:#4C4DDC']</arg>
<status status="NOT RUN" start="2025-05-02T15:30:43.896737" elapsed="0.000813"/>
</kw>
<kw name="func PIC" owner="pom_createProject">
<arg>${res}</arg>
<status status="NOT RUN" start="2025-05-02T15:30:43.901120" elapsed="0.000886"/>
</kw>
<kw name="varif func PIC" owner="pom_createProject">
<arg>${counter}</arg>
<status status="NOT RUN" start="2025-05-02T15:30:43.910205" elapsed="0.001621"/>
</kw>
<kw name="Log To Console" owner="BuiltIn">
<arg>PIC Finance : ${namePICtext}</arg>
<doc>Logs the given message to the console.</doc>
<status status="NOT RUN" start="2025-05-02T15:30:43.912925" elapsed="0.000611"/>
</kw>
<status status="NOT RUN" start="2025-05-02T15:30:43.885074" elapsed="0.029150"/>
</branch>
<branch type="ELSE">
<kw name="Scroll Element Into View" owner="SeleniumLibrary">
<arg>xpath=//div[@class='dvContentSearch'][${randomAngka}]</arg>
<doc>Scrolls the element identified by ``locator`` into view.</doc>
<status status="NOT RUN" start="2025-05-02T15:30:43.917356" elapsed="0.000842"/>
</kw>
<kw name="Get Text" owner="SeleniumLibrary">
<var>${namePICtext}</var>
<arg>xpath=//div[@class='dvContentSearch'][${randomAngka}]/p[contains(@class,'txtLgMedium')]</arg>
<doc>Returns the text value of the element identified by ``locator``.</doc>
<status status="NOT RUN" start="2025-05-02T15:30:43.921997" elapsed="0.001833"/>
</kw>
<kw name="Set Global Variable" owner="BuiltIn">
<arg>${namePICtext}</arg>
<arg>${namePICtext}</arg>
<doc>Makes a variable available globally in all tests and suites.</doc>
<status status="NOT RUN" start="2025-05-02T15:30:43.925059" elapsed="0.000690"/>
</kw>
<kw name="user click element" owner="generalFunct">
<arg>xpath=//div[@class='dvContentSearch'][${randomAngka}]</arg>
<status status="NOT RUN" start="2025-05-02T15:30:43.927648" elapsed="0.000857"/>
</kw>
<kw name="varif func PIC" owner="pom_createProject">
<arg>${counter}</arg>
<status status="NOT RUN" start="2025-05-02T15:30:43.930747" elapsed="0.000834"/>
</kw>
<kw name="Log To Console" owner="BuiltIn">
<arg>PIC Finance : ${namePICtext}</arg>
<doc>Logs the given message to the console.</doc>
<status status="NOT RUN" start="2025-05-02T15:30:43.932808" elapsed="0.000704"/>
</kw>
<status status="NOT RUN" start="2025-05-02T15:30:43.915255" elapsed="0.018993"/>
</branch>
<status status="NOT RUN" start="2025-05-02T15:30:43.884692" elapsed="0.050308"/>
</if>
<status status="NOT RUN" start="2025-05-02T15:30:43.867040" elapsed="0.068669"/>
</branch>
<status status="PASS" start="2025-05-02T15:28:53.165260" elapsed="110.773153"/>
</if>
<var name="${counter}">2</var>
<status status="PASS" start="2025-05-02T15:28:53.044787" elapsed="110.894192"/>
</iter>
<iter>
<if>
<branch type="IF" condition="'${counter}' == '1'">
<kw name="user click element" owner="generalFunct">
<arg>${fieldPICadmin}</arg>
<status status="NOT RUN" start="2025-05-02T15:30:48.277392" elapsed="0.001757"/>
</kw>
<kw name="Random Number" owner="generalFunct">
<arg>${totalUser}</arg>
<status status="NOT RUN" start="2025-05-02T15:30:48.282568" elapsed="0.001746"/>
</kw>
<kw name="func PIC" owner="pom_createProject">
<arg>${False}</arg>
<status status="NOT RUN" start="2025-05-02T15:30:48.296646" elapsed="0.003711"/>
</kw>
<kw name="varif func PIC" owner="pom_createProject">
<arg>${counter}</arg>
<status status="NOT RUN" start="2025-05-02T15:30:48.306844" elapsed="0.002320"/>
</kw>
<kw name="Log To Console" owner="BuiltIn">
<arg>PIC Admim : ${namePICtext}</arg>
<doc>Logs the given message to the console.</doc>
<status status="NOT RUN" start="2025-05-02T15:30:48.313021" elapsed="0.002236"/>
</kw>
<status status="NOT RUN" start="2025-05-02T15:30:48.272026" elapsed="0.045430"/>
</branch>
<branch type="ELSE IF" condition="'${counter}' == '2'">
<kw name="Scroll Element Into View" owner="SeleniumLibrary">
<arg>${fieldPICfinance}</arg>
<doc>Scrolls the element identified by ``locator`` into view.</doc>
<status status="NOT RUN" start="2025-05-02T15:30:48.330783" elapsed="0.002891"/>
</kw>
<kw name="user click element" owner="generalFunct">
<arg>${fieldPICmanager}</arg>
<status status="NOT RUN" start="2025-05-02T15:30:48.340558" elapsed="0.001709"/>
</kw>
<kw name="Random Number" owner="generalFunct">
<arg>${totalUser}</arg>
<status status="NOT RUN" start="2025-05-02T15:30:48.348353" elapsed="0.001821"/>
</kw>
<kw name="general return status" owner="generalFunct">
<var>${res}</var>
<arg>xpath=//div[@class='dvContentSearch'][${randomAngka}]/p[@style='color:#4C4DDC']</arg>
<status status="NOT RUN" start="2025-05-02T15:30:48.355729" elapsed="0.001819"/>
</kw>
<kw name="func PIC" owner="pom_createProject">
<arg>${res}</arg>
<status status="NOT RUN" start="2025-05-02T15:30:48.359759" elapsed="0.000674"/>
</kw>
<kw name="varif func PIC" owner="pom_createProject">
<arg>${counter}</arg>
<status status="NOT RUN" start="2025-05-02T15:30:48.362241" elapsed="0.000893"/>
</kw>
<kw name="Log To Console" owner="BuiltIn">
<arg>PIC Manager : ${namePICtext}</arg>
<doc>Logs the given message to the console.</doc>
<status status="NOT RUN" start="2025-05-02T15:30:48.364377" elapsed="0.000699"/>
</kw>
<status status="NOT RUN" start="2025-05-02T15:30:48.320020" elapsed="0.045708"/>
</branch>
<branch type="ELSE IF" condition="'${counter}' == '3'">
<kw name="user click element" owner="generalFunct">
<kw name="Sleep" owner="BuiltIn">
<msg time="2025-05-02T15:30:56.719329" level="INFO">Slept 3 seconds.</msg>
<arg>3</arg>
<doc>Pauses the test executed for the given time.</doc>
<status status="PASS" start="2025-05-02T15:30:51.325759" elapsed="5.398686"/>
</kw>
<kw name="Wait Until Element Is Visible" owner="SeleniumLibrary">
<arg>${element}</arg>
<doc>Waits until the element ``locator`` is visible.</doc>
<status status="PASS" start="2025-05-02T15:30:56.732497" elapsed="3.172289"/>
</kw>
<kw name="Click Element" owner="SeleniumLibrary">
<msg time="2025-05-02T15:31:00.543568" level="INFO">Clicking element 'xpath=//p[contains(text(), 'Finance')]/following-sibling::div[1]/button'.</msg>
<msg time="2025-05-02T15:31:00.669378" level="INFO">${clickElement} = None</msg>
<var>${clickElement}</var>
<arg>${element}</arg>
<doc>Click the element identified by ``locator``.</doc>
<status status="PASS" start="2025-05-02T15:30:59.906032" elapsed="0.764928"/>
</kw>
<return>
<value>${clickElement}</value>
<status status="PASS" start="2025-05-02T15:31:00.673172" elapsed="0.623704"/>
</return>
<arg>${fieldPICfinance}</arg>
<status status="PASS" start="2025-05-02T15:30:50.483193" elapsed="10.814782"/>
</kw>
<kw name="Random Number" owner="generalFunct">
<kw name="Evaluate" owner="BuiltIn">
<msg time="2025-05-02T15:31:02.739173" level="INFO">${randomAngka} = 5</msg>
<var>${randomAngka}</var>
<arg>random.randint(1, ${angka} - 1)</arg>
<arg>random</arg>
<doc>Evaluates the given expression in Python and returns the result.</doc>
<status status="PASS" start="2025-05-02T15:31:02.002914" elapsed="0.737605"/>
</kw>
<kw name="Set Global Variable" owner="BuiltIn">
<msg time="2025-05-02T15:31:03.293264" level="INFO">${randomAngka} = 5</msg>
<arg>${randomAngka}</arg>
<arg>${randomAngka}</arg>
<doc>Makes a variable available globally in all tests and suites.</doc>
<status status="PASS" start="2025-05-02T15:31:02.742788" elapsed="0.552089"/>
</kw>
<arg>${totalUser}</arg>
<status status="PASS" start="2025-05-02T15:31:01.299183" elapsed="1.997228"/>
</kw>
<kw name="general return status" owner="generalFunct">
<kw name="Run Keyword And Return Status" owner="BuiltIn">
<kw name="Wait Until Element Is Visible" owner="SeleniumLibrary">
<msg time="2025-05-02T15:31:20.989485" level="INFO" html="true">&lt;/td&gt;&lt;/tr&gt;&lt;tr&gt;&lt;td colspan="3"&gt;&lt;a href="selenium-screenshot-2.png"&gt;&lt;img src="selenium-screenshot-2.png" width="800px"&gt;&lt;/a&gt;</msg>
<msg time="2025-05-02T15:31:20.990415" level="FAIL">Element 'xpath=//div[@class='dvContentSearch'][5]/p[@style='color:#4C4DDC']' not visible after 5 seconds.</msg>
<arg>${locator}</arg>
<arg>timeout=5s</arg>
<doc>Waits until the element ``locator`` is visible.</doc>
<status status="FAIL" start="2025-05-02T15:31:09.910793" elapsed="11.085536">Element 'xpath=//div[@class='dvContentSearch'][5]/p[@style='color:#4C4DDC']' not visible after 5 seconds.</status>
</kw>
<msg time="2025-05-02T15:31:20.998559" level="INFO">${res} = False</msg>
<var>${res}</var>
<arg>Wait Until Element Is Visible</arg>
<arg>${locator}</arg>
<arg>timeout=5s</arg>
<doc>Runs the given keyword with given arguments and returns the status as a Boolean value.</doc>
<status status="PASS" start="2025-05-02T15:31:08.217366" elapsed="12.781705"/>
</kw>
<return>
<value>${res}</value>
<status status="PASS" start="2025-05-02T15:31:20.999744" elapsed="7.940583"/>
</return>
<msg time="2025-05-02T15:31:28.943520" level="INFO">${res} = False</msg>
<var>${res}</var>
<arg>xpath=//div[@class='dvContentSearch'][${randomAngka}]/p[@style='color:#4C4DDC']</arg>
<status status="PASS" start="2025-05-02T15:31:03.302328" elapsed="25.642790"/>
</kw>
<if>
<branch type="IF" condition="${res}">
<kw name="Random Number" owner="generalFunct">
<arg>${totalUser}</arg>
<status status="NOT RUN" start="2025-05-02T15:31:28.956000" elapsed="0.001588"/>
</kw>
<kw name="general return status" owner="generalFunct">
<var>${res}</var>
<arg>xpath=//div[@class='dvContentSearch'][${randomAngka}]/p[@style='color:#4C4DDC']</arg>
<status status="NOT RUN" start="2025-05-02T15:31:28.960408" elapsed="0.001310"/>
</kw>
<kw name="func PIC" owner="pom_createProject">
<arg>${res}</arg>
<status status="NOT RUN" start="2025-05-02T15:31:28.969475" elapsed="0.001553"/>
</kw>
<kw name="varif func PIC" owner="pom_createProject">
<arg>${counter}</arg>
<status status="NOT RUN" start="2025-05-02T15:31:28.974195" elapsed="0.001163"/>
</kw>
<kw name="Log To Console" owner="BuiltIn">
<arg>PIC Finance : ${namePICtext}</arg>
<doc>Logs the given message to the console.</doc>
<status status="NOT RUN" start="2025-05-02T15:31:28.977188" elapsed="0.002767"/>
</kw>
<status status="NOT RUN" start="2025-05-02T15:31:28.950725" elapsed="0.031382"/>
</branch>
<branch type="ELSE">
<kw name="Scroll Element Into View" owner="SeleniumLibrary">
<arg>xpath=//div[@class='dvContentSearch'][${randomAngka}]</arg>
<doc>Scrolls the element identified by ``locator`` into view.</doc>
<status status="PASS" start="2025-05-02T15:31:31.207654" elapsed="1.202595"/>
</kw>
<kw name="Get Text" owner="SeleniumLibrary">
<msg time="2025-05-02T15:31:33.505566" level="INFO">${namePICtext} = AssQull</msg>
<var>${namePICtext}</var>
<arg>xpath=//div[@class='dvContentSearch'][${randomAngka}]/p[contains(@class,'txtLgMedium')]</arg>
<doc>Returns the text value of the element identified by ``locator``.</doc>
<status status="PASS" start="2025-05-02T15:31:32.411469" elapsed="1.095624"/>
</kw>
<kw name="Set Global Variable" owner="BuiltIn">
<msg time="2025-05-02T15:31:39.420750" level="INFO">${namePICtext} = AssQull</msg>
<arg>${namePICtext}</arg>
<arg>${namePICtext}</arg>
<doc>Makes a variable available globally in all tests and suites.</doc>
<status status="PASS" start="2025-05-02T15:31:33.509883" elapsed="5.912076"/>
</kw>
<kw name="user click element" owner="generalFunct">
<kw name="Sleep" owner="BuiltIn">
<msg time="2025-05-02T15:31:43.430011" level="INFO">Slept 3 seconds.</msg>
<arg>3</arg>
<doc>Pauses the test executed for the given time.</doc>
<status status="PASS" start="2025-05-02T15:31:40.035667" elapsed="3.396714"/>
</kw>
<kw name="Wait Until Element Is Visible" owner="SeleniumLibrary">
<arg>${element}</arg>
<doc>Waits until the element ``locator`` is visible.</doc>
<status status="PASS" start="2025-05-02T15:31:43.435479" elapsed="0.623072"/>
</kw>
<kw name="Click Element" owner="SeleniumLibrary">
<msg time="2025-05-02T15:31:44.534236" level="INFO">Clicking element 'xpath=//div[@class='dvContentSearch'][5]'.</msg>
<msg time="2025-05-02T15:31:44.656978" level="INFO">${clickElement} = None</msg>
<var>${clickElement}</var>
<arg>${element}</arg>
<doc>Click the element identified by ``locator``.</doc>
<status status="PASS" start="2025-05-02T15:31:44.060091" elapsed="0.597585"/>
</kw>
<return>
<value>${clickElement}</value>
<status status="PASS" start="2025-05-02T15:31:44.658369" elapsed="0.376088"/>
</return>
<arg>xpath=//div[@class='dvContentSearch'][${randomAngka}]</arg>
<status status="PASS" start="2025-05-02T15:31:39.424043" elapsed="5.612121"/>
</kw>
<kw name="varif func PIC" owner="pom_createProject">
<if>
<branch type="IF" condition="'${counter}' == '1'">
<kw name="Get Text" owner="SeleniumLibrary">
<var>${textPICadmin}</var>
<arg>xpath=//p[contains(text(), 'Admin')]/following-sibling::div[${counter}]/button/span//span</arg>
<doc>Returns the text value of the element identified by ``locator``.</doc>
<status status="NOT RUN" start="2025-05-02T15:31:45.632255" elapsed="0.001445"/>
</kw>
<kw name="Should Be Equal" owner="BuiltIn">
<arg>${namePICtext}</arg>
<arg>${textPICadmin}</arg>
<doc>Fails if the given objects are unequal.</doc>
<status status="NOT RUN" start="2025-05-02T15:31:45.636451" elapsed="0.001000"/>
</kw>
<status status="NOT RUN" start="2025-05-02T15:31:45.629105" elapsed="0.009375"/>
</branch>
<branch type="ELSE IF" condition="'${counter}' == '2'">
<kw name="Get Text" owner="SeleniumLibrary">
<var>${textPICmanager}</var>
<arg>xpath=//p[contains(text(), 'Admin')]/following-sibling::div[${counter}]/button/span//span</arg>
<doc>Returns the text value of the element identified by ``locator``.</doc>
<status status="NOT RUN" start="2025-05-02T15:31:45.647147" elapsed="0.001607"/>
</kw>
<kw name="Should Be Equal" owner="BuiltIn">
<arg>${namePICtext}</arg>
<arg>${textPICmanager}</arg>
<doc>Fails if the given objects are unequal.</doc>
<status status="NOT RUN" start="2025-05-02T15:31:45.651508" elapsed="0.002507"/>
</kw>
<status status="NOT RUN" start="2025-05-02T15:31:45.639614" elapsed="0.016763"/>
</branch>
<branch type="ELSE IF" condition="'${counter}' == '3'">
<kw name="Get Text" owner="SeleniumLibrary">
<msg time="2025-05-02T15:31:46.796035" level="INFO">${textPICfinance} = AssQull</msg>
<var>${textPICfinance}</var>
<arg>xpath=//p[contains(text(), 'Admin')]/following-sibling::div[${counter}]/button/span//span</arg>
<doc>Returns the text value of the element identified by ``locator``.</doc>
<status status="PASS" start="2025-05-02T15:31:46.365793" elapsed="0.431502"/>
</kw>
<kw name="Should Be Equal" owner="BuiltIn">
<arg>${namePICtext}</arg>
<arg>${textPICfinance}</arg>
<doc>Fails if the given objects are unequal.</doc>
<status status="PASS" start="2025-05-02T15:31:46.798418" elapsed="2.500355"/>
</kw>
<status status="PASS" start="2025-05-02T15:31:45.661658" elapsed="3.638999"/>
</branch>
<status status="PASS" start="2025-05-02T15:31:45.628730" elapsed="3.675250"/>
</if>
<arg>${counter}</arg>
<status status="PASS" start="2025-05-02T15:31:45.038896" elapsed="4.268325"/>
</kw>
<kw name="Log To Console" owner="BuiltIn">
<arg>PIC Finance : ${namePICtext}</arg>
<doc>Logs the given message to the console.</doc>
<status status="PASS" start="2025-05-02T15:31:49.314958" elapsed="0.622084"/>
</kw>
<status status="PASS" start="2025-05-02T15:31:28.985022" elapsed="20.953167"/>
</branch>
<status status="PASS" start="2025-05-02T15:31:28.950116" elapsed="20.988997"/>
</if>
<status status="PASS" start="2025-05-02T15:30:48.366254" elapsed="61.573114"/>
</branch>
<status status="PASS" start="2025-05-02T15:30:48.271612" elapsed="61.668281"/>
</if>
<var name="${counter}">3</var>
<status status="PASS" start="2025-05-02T15:30:43.945282" elapsed="65.994833"/>
</iter>
<var>${counter}</var>
<value>1</value>
<value>4</value>
<status status="PASS" start="2025-05-02T15:26:54.930875" elapsed="295.009905"/>
</for>
<status status="PASS" start="2025-05-02T15:26:22.311960" elapsed="327.629684"/>
</kw>
<status status="PASS" start="2025-05-02T15:24:42.576855" elapsed="427.366583"/>
</kw>
<status status="PASS" start="2025-05-02T15:22:38.727065" elapsed="551.217482"/>
</kw>
<kw name="End Web Test" owner="web_eProc" type="TEARDOWN">
<kw name="Log" owner="BuiltIn">
<msg time="2025-05-02T15:31:51.785982" level="INFO">Suite teardown initiated</msg>
<arg>Suite teardown initiated</arg>
<doc>Logs the given message with the given level.</doc>
<status status="PASS" start="2025-05-02T15:31:50.788005" elapsed="1.001610"/>
</kw>
<kw name="Close Browser" owner="SeleniumLibrary">
<doc>Closes the current browser.</doc>
<status status="PASS" start="2025-05-02T15:31:51.799885" elapsed="2.923541"/>
</kw>
<doc>Closes the browser after all tests in the suite have run</doc>
<status status="PASS" start="2025-05-02T15:31:49.950924" elapsed="4.775431"/>
</kw>
<doc>This scenario test User can access form buat project</doc>
<tag>1000s</tag>
<tag>buat_project</tag>
<tag>test</tag>
<status status="PASS" start="2025-05-02T15:22:34.868744" elapsed="559.862989"/>
</test>
<test id="s1-t2" name="Tim OP create project without fill field Nama Project" line="15">
<kw name="Begin Web Test" owner="web_eProc" type="SETUP">
<kw name="Open Browser" owner="SeleniumLibrary">
<msg time="2025-05-02T15:31:58.246977" level="INFO">Opening browser 'chrome' to base url 'about:blank'.</msg>
<arg>about:blank</arg>
<arg>${BROWSER}</arg>
<doc>Opens a new browser instance to the optional ``url``.</doc>
<status status="PASS" start="2025-05-02T15:31:57.071328" elapsed="3.393834"/>
</kw>
<kw name="Maximize Browser Window" owner="SeleniumLibrary">
<doc>Maximizes current browser window.</doc>
<status status="PASS" start="2025-05-02T15:32:00.468186" elapsed="0.552554"/>
</kw>
<kw name="Go To" owner="SeleniumLibrary">
<msg time="2025-05-02T15:32:01.035750" level="INFO">Opening url 'https://developer.1000saudara.com/project1000s'</msg>
<arg>${URL_DEV}</arg>
<doc>Navigates the current browser window to the provided ``url``.</doc>
<status status="PASS" start="2025-05-02T15:32:01.023281" elapsed="1.329734"/>
</kw>
<status status="PASS" start="2025-05-02T15:31:54.777711" elapsed="7.576902"/>
</kw>
<kw name="User create project without fill Name Project" owner="createProject">
<kw name="Given User can access Home Login 1000s" owner="login">
<kw name="Then user go to home page E-Proc1000s" owner="pom_login_eProc">
<kw name="user visit E-Proc1000s Login Page" owner="pom_login_eProc">
<kw name="Get Location" owner="SeleniumLibrary">
<msg time="2025-05-02T15:32:02.545334" level="INFO">${current_url} = https://developer.1000saudara.com/project1000s</msg>
<var>${current_url}</var>
<doc>Returns the current browser window URL.</doc>
<status status="PASS" start="2025-05-02T15:32:02.518817" elapsed="0.027941"/>
</kw>
<kw name="Log" owner="BuiltIn">
<msg time="2025-05-02T15:32:02.552709" level="INFO">Current Path: https://developer.1000saudara.com/project1000s</msg>
<arg>Current Path: ${current_url}</arg>
<doc>Logs the given message with the given level.